Cog2000 log file Wed Feb 03 10:09:35 2021
gprim v1.33 Compiled:Aug 12 2015 (GLib DirectDraw v7 DX10.0 Compiled:Aug 12 2015)
Display:1024x768x32 60.02Hz
Attaching E:\Sahar Rajabi\Final MBMF+Drug Task\Cogent2000v1.33\Toolbox\CogInput.mexw64
CogInput v1.05 Compiled: May 20 2010
5	[5]	:	COGENT START
26187	[26182]	:	Key	98	DOWN	at	26186   
26267	[80]	:	Key	98	UP	at	26249   
26706	[439]	:	Key	97	DOWN	at	26706   
26817	[111]	:	Key	97	UP	at	26817   
43882	[17065]	:	Key	97	DOWN	at	43882   
43994	[112]	:	Key	97	UP	at	43953   
70545	[26551]	:	Key	97	DOWN	at	70545   
71545	[1000]	:	Key	97	UP	at	70626   
93387	[21842]	:	Key	71	DOWN	at	93387   
93495	[108]	:	Key	71	UP	at	93465   
97225	[3730]	:	Key	71	DOWN	at	97225   
100537	[3312]	:	Key	71	UP	at	97297   
107738	[7201]	:	Key	71	DOWN	at	107738  
111036	[3298]	:	Key	71	UP	at	107835  
119041	[8005]	:	Key	71	DOWN	at	119041  
122308	[3267]	:	Key	71	UP	at	119129  
126349	[4041]	:	Key	71	DOWN	at	126349  
129615	[3266]	:	Key	71	UP	at	126369  
132105	[2490]	:	Key	71	DOWN	at	132105  
135373	[3268]	:	Key	71	UP	at	132201  
141156	[5783]	:	Key	71	DOWN	at	141156  
144425	[3269]	:	Key	71	UP	at	141176  
146617	[2192]	:	Key	71	DOWN	at	146617  
149885	[3268]	:	Key	71	UP	at	146729  
161082	[11197]	:	Key	71	DOWN	at	161082  
164375	[3293]	:	Key	71	UP	at	161155  
165202	[827]	:	Key	71	DOWN	at	165202  
168482	[3280]	:	Key	71	UP	at	165291  
169017	[535]	:	Key	71	DOWN	at	169017  
172306	[3289]	:	Key	71	UP	at	169121  
172308	[2]	:	Key	71	DOWN	at	171687  
172309	[1]	:	Key	71	UP	at	171689  
173594	[1285]	:	Key	71	DOWN	at	173594  
176896	[3302]	:	Key	71	UP	at	173714  
176898	[2]	:	Key	71	DOWN	at	176026  
176899	[1]	:	Key	71	UP	at	176130  
177554	[655]	:	Key	71	DOWN	at	177554  
180853	[3299]	:	Key	71	UP	at	177667  
181530	[677]	:	Key	71	DOWN	at	181530  
184813	[3283]	:	Key	71	UP	at	181611  
185378	[565]	:	Key	71	DOWN	at	185378  
188667	[3289]	:	Key	71	UP	at	185483  
188669	[2]	:	Key	71	DOWN	at	188658  
188738	[69]	:	Key	71	UP	at	188738  
192393	[3655]	:	Key	71	DOWN	at	192393  
195693	[3300]	:	Key	71	UP	at	192482  
196298	[605]	:	Key	71	DOWN	at	196298  
199593	[3295]	:	Key	71	UP	at	196363  
199593	[0]	:	Key	71	DOWN	at	199083  
199594	[1]	:	Key	71	UP	at	199163  
203033	[3439]	:	Key	71	DOWN	at	203033  
206321	[3288]	:	Key	71	UP	at	203097  
210297	[3976]	:	Key	71	DOWN	at	210297  
213594	[3297]	:	Key	71	UP	at	210378  
213594	[0]	:	Key	71	DOWN	at	212811  
213595	[1]	:	Key	71	UP	at	212891  
216189	[2594]	:	Key	71	DOWN	at	216189  
219487	[3298]	:	Key	71	UP	at	216209  
222226	[2739]	:	Key	71	DOWN	at	222226  
225530	[3304]	:	Key	71	UP	at	222314  
225532	[2]	:	Key	71	DOWN	at	224930  
225533	[1]	:	Key	71	UP	at	225026  
229034	[3501]	:	Key	71	DOWN	at	229034  
232333	[3299]	:	Key	71	UP	at	229130  
233162	[829]	:	Key	71	DOWN	at	233162  
236464	[3302]	:	Key	71	UP	at	233259  
237242	[778]	:	Key	71	DOWN	at	237242  
240531	[3289]	:	Key	71	UP	at	237339  
241354	[823]	:	Key	71	DOWN	at	241354  
244652	[3298]	:	Key	71	UP	at	241434  
246317	[1665]	:	Key	71	DOWN	at	246317  
249618	[3301]	:	Key	71	UP	at	246337  
250074	[456]	:	Key	71	DOWN	at	250074  
253375	[3301]	:	Key	71	UP	at	250171  
256586	[3211]	:	Key	71	DOWN	at	256586  
259889	[3303]	:	Key	71	UP	at	256673  
259891	[2]	:	Key	71	DOWN	at	259098  
259892	[1]	:	Key	71	UP	at	259194  
261028	[1136]	:	Key	71	DOWN	at	261028  
264331	[3303]	:	Key	71	UP	at	261048  
264333	[2]	:	Key	71	DOWN	at	263394  
264334	[1]	:	Key	71	UP	at	263522  
266754	[2420]	:	Key	71	DOWN	at	266754  
270057	[3303]	:	Key	71	UP	at	266891  
270059	[2]	:	Key	71	DOWN	at	269154  
270060	[1]	:	Key	71	UP	at	269235  
271025	[965]	:	Key	71	DOWN	at	271025  
274326	[3301]	:	Key	71	UP	at	271113  
274328	[2]	:	Key	71	DOWN	at	273531  
274329	[1]	:	Key	71	UP	at	273643  
275337	[1008]	:	Key	71	DOWN	at	275337  
278634	[3297]	:	Key	71	UP	at	275474  
278636	[2]	:	Key	71	DOWN	at	277666  
278637	[1]	:	Key	71	UP	at	277730  
279753	[1116]	:	Key	71	DOWN	at	279753  
283050	[3297]	:	Key	71	UP	at	279834  
284690	[1640]	:	Key	71	DOWN	at	284690  
287991	[3301]	:	Key	71	UP	at	284795  
291421	[3430]	:	Key	71	DOWN	at	291421  
294725	[3304]	:	Key	71	UP	at	291441  
294727	[2]	:	Key	71	DOWN	at	294042  
294728	[1]	:	Key	71	UP	at	294137  
295504	[776]	:	Key	71	DOWN	at	295504  
298806	[3302]	:	Key	71	UP	at	295600  
300449	[1643]	:	Key	71	DOWN	at	300449  
303751	[3302]	:	Key	71	UP	at	300545  
303753	[2]	:	Key	71	DOWN	at	303409  
303754	[1]	:	Key	71	UP	at	303537  
304825	[1071]	:	Key	71	DOWN	at	304825  
308127	[3302]	:	Key	71	UP	at	304945  
308129	[2]	:	Key	71	DOWN	at	307697  
308130	[1]	:	Key	71	UP	at	307825  
308769	[639]	:	Key	71	DOWN	at	308769  
312063	[3294]	:	Key	71	UP	at	308857  
312065	[2]	:	Key	71	DOWN	at	311641  
312066	[1]	:	Key	71	UP	at	311777  
312848	[782]	:	Key	71	DOWN	at	312848  
316149	[3301]	:	Key	71	UP	at	312992  
319089	[2940]	:	Key	71	DOWN	at	319089  
322390	[3301]	:	Key	71	UP	at	319161  
323193	[803]	:	Key	71	DOWN	at	323193  
326495	[3302]	:	Key	71	UP	at	323281  
326497	[2]	:	Key	71	DOWN	at	326441  
326517	[20]	:	Key	71	UP	at	326513  
328008	[1491]	:	Key	71	DOWN	at	328008  
331308	[3300]	:	Key	71	UP	at	328161  
332816	[1508]	:	Key	71	DOWN	at	332816  
336104	[3288]	:	Key	71	UP	at	332912  
336617	[513]	:	Key	71	DOWN	at	336617  
339908	[3291]	:	Key	71	UP	at	336665  
339910	[2]	:	Key	71	DOWN	at	339513  
339911	[1]	:	Key	71	UP	at	339585  
340905	[994]	:	Key	71	DOWN	at	340905  
344203	[3298]	:	Key	71	UP	at	340985  
344745	[542]	:	Key	71	DOWN	at	344745  
348044	[3299]	:	Key	71	UP	at	344817  
348656	[612]	:	Key	71	DOWN	at	348656  
351942	[3286]	:	Key	71	UP	at	348712  
353921	[1979]	:	Key	71	DOWN	at	353921  
357923	[4002]	:	Key	71	UP	at	353993  
357923	[0]	:	Key	71	DOWN	at	357001  
357924	[1]	:	Key	71	UP	at	357073  
406001	[48077]	:	Key	71	DOWN	at	406001  
407051	[1050]	:	Key	71	UP	at	406081  
409089	[2038]	:	Key	97	DOWN	at	409089  
410245	[1156]	:	Key	97	UP	at	409161  
411657	[1412]	:	Key	98	DOWN	at	411657  
412789	[1132]	:	Key	98	UP	at	411729  
413929	[1140]	:	Key	97	DOWN	at	413929  
415052	[1123]	:	Key	97	UP	at	414001  
416696	[1644]	:	Key	97	DOWN	at	416696  
417828	[1132]	:	Key	97	UP	at	416768  
419504	[1676]	:	Key	97	DOWN	at	419504  
420628	[1124]	:	Key	97	UP	at	419560  
421593	[965]	:	Key	97	DOWN	at	421593  
422719	[1126]	:	Key	97	UP	at	421673  
424009	[1290]	:	Key	98	DOWN	at	424009  
425125	[1116]	:	Key	98	UP	at	424089  
426105	[980]	:	Key	97	DOWN	at	426105  
427856	[1751]	:	Key	97	UP	at	426169  
440673	[12817]	:	Key	71	DOWN	at	440673  
441716	[1043]	:	Key	71	UP	at	440737  
442881	[1165]	:	Key	97	DOWN	at	442881  
443997	[1116]	:	Key	97	UP	at	442945  
445481	[1484]	:	Key	97	DOWN	at	445481  
446624	[1143]	:	Key	97	UP	at	445553  
448385	[1761]	:	Key	97	DOWN	at	448385  
449595	[1210]	:	Key	97	UP	at	448441  
451393	[1798]	:	Key	98	DOWN	at	451393  
452517	[1124]	:	Key	98	UP	at	451481  
454488	[1971]	:	Key	97	DOWN	at	454488  
455620	[1132]	:	Key	97	UP	at	454552  
457873	[2253]	:	Key	97	DOWN	at	457873  
458997	[1124]	:	Key	97	UP	at	457953  
460601	[1604]	:	Key	97	DOWN	at	460601  
461729	[1128]	:	Key	97	UP	at	460673  
462721	[992]	:	Key	97	DOWN	at	462721  
463948	[1227]	:	Key	97	UP	at	462785  
470384	[6436]	:	Key	71	DOWN	at	470384  
470762	[378]	:	Key	71	UP	at	470481  
478321	[7559]	:	Key	71	DOWN	at	478321  
478505	[184]	:	Key	71	UP	at	478505  
479297	[792]	:	Key	71	DOWN	at	479297  
482607	[3310]	:	Key	71	UP	at	479665  
482607	[0]	:	Key	71	DOWN	at	479745  
482607	[0]	:	Key	71	UP	at	479825  
482608	[1]	:	Key	71	DOWN	at	479913  
482608	[0]	:	Key	71	UP	at	480017  
482608	[0]	:	Key	71	DOWN	at	480113  
482609	[1]	:	Key	71	UP	at	480233  
482609	[0]	:	Key	71	DOWN	at	480313  
482609	[0]	:	Key	71	UP	at	480441  
482609	[0]	:	Key	71	DOWN	at	480521  
482610	[1]	:	Key	71	UP	at	480641  
482610	[0]	:	Key	71	DOWN	at	480721  
482610	[0]	:	Key	71	UP	at	480865  
482611	[1]	:	Key	71	DOWN	at	481121  
482611	[0]	:	Key	71	UP	at	481241  
482611	[0]	:	Key	71	DOWN	at	481329  
482611	[0]	:	Key	71	UP	at	481449  
482612	[1]	:	Key	71	DOWN	at	481561  
482612	[0]	:	Key	71	UP	at	481681  
482612	[0]	:	Key	71	DOWN	at	481793  
482613	[1]	:	Key	71	UP	at	481921  
482613	[0]	:	Key	71	DOWN	at	482065  
482613	[0]	:	Key	71	UP	at	482177  
482614	[1]	:	Key	71	DOWN	at	482353  
482614	[0]	:	Key	71	UP	at	482545  
482913	[299]	:	Key	71	DOWN	at	482913  
486218	[3305]	:	Key	71	UP	at	483017  
486220	[2]	:	Key	71	DOWN	at	483121  
486221	[1]	:	Key	71	UP	at	483489  
486222	[1]	:	Key	71	DOWN	at	483865  
486223	[1]	:	Key	71	UP	at	483977  
486224	[1]	:	Key	71	DOWN	at	484401  
486225	[1]	:	Key	71	UP	at	484497  
486657	[432]	:	Key	71	DOWN	at	486657  
489950	[3293]	:	Key	71	UP	at	486745  
489952	[2]	:	Key	71	DOWN	at	488873  
489953	[1]	:	Key	71	UP	at	488985  
489954	[1]	:	Key	71	DOWN	at	489120  
489955	[1]	:	Key	71	UP	at	489489  
489956	[1]	:	Key	71	DOWN	at	489688  
489957	[1]	:	Key	71	UP	at	489816  
490120	[163]	:	Key	71	DOWN	at	490120  
493422	[3302]	:	Key	71	UP	at	490224  
493422	[0]	:	Key	71	DOWN	at	490512  
493424	[2]	:	Key	71	UP	at	490648  
493425	[1]	:	Key	71	DOWN	at	490904  
493426	[1]	:	Key	71	UP	at	491008  
493427	[1]	:	Key	71	DOWN	at	491369  
493428	[1]	:	Key	71	UP	at	491505  
493429	[1]	:	Key	71	DOWN	at	491937  
493430	[1]	:	Key	71	UP	at	492081  
493431	[1]	:	Key	71	DOWN	at	492329  
493433	[2]	:	Key	71	UP	at	492497  
493481	[48]	:	Key	71	DOWN	at	493481  
496783	[3302]	:	Key	71	UP	at	493633  
496785	[2]	:	Key	71	DOWN	at	494393  
496786	[1]	:	Key	71	UP	at	494569  
496787	[1]	:	Key	71	DOWN	at	495081  
496788	[1]	:	Key	71	UP	at	495233  
496789	[1]	:	Key	71	DOWN	at	495633  
496790	[1]	:	Key	71	UP	at	495825  
496791	[1]	:	Key	71	DOWN	at	496193  
496793	[2]	:	Key	71	UP	at	496361  
496794	[1]	:	Key	71	DOWN	at	496729  
496881	[87]	:	Key	71	UP	at	496881  
497217	[336]	:	Key	71	DOWN	at	497217  
500510	[3293]	:	Key	71	UP	at	497401  
500512	[2]	:	Key	71	DOWN	at	497889  
500513	[1]	:	Key	71	UP	at	498065  
500514	[1]	:	Key	71	DOWN	at	498481  
500515	[1]	:	Key	71	UP	at	498649  
500516	[1]	:	Key	71	DOWN	at	499033  
500517	[1]	:	Key	71	UP	at	499225  
500518	[1]	:	Key	71	DOWN	at	499521  
500520	[2]	:	Key	71	UP	at	499705  
500857	[337]	:	Key	71	DOWN	at	500857  
504141	[3284]	:	Key	71	UP	at	501025  
504141	[0]	:	Key	71	DOWN	at	501481  
504141	[0]	:	Key	71	UP	at	501633  
504142	[1]	:	Key	71	DOWN	at	502129  
504142	[0]	:	Key	71	UP	at	502297  
504142	[0]	:	Key	71	DOWN	at	502417  
504143	[1]	:	Key	71	UP	at	502561  
504143	[0]	:	Key	71	DOWN	at	502689  
504143	[0]	:	Key	71	UP	at	502817  
504143	[0]	:	Key	71	DOWN	at	502985  
504144	[1]	:	Key	71	UP	at	503121  
504144	[0]	:	Key	71	DOWN	at	503217  
504145	[1]	:	Key	71	UP	at	503329  
504145	[0]	:	Key	71	DOWN	at	503505  
504145	[0]	:	Key	71	UP	at	503601  
504146	[1]	:	Key	71	DOWN	at	503753  
504146	[0]	:	Key	71	UP	at	503889  
504146	[0]	:	Key	71	DOWN	at	504024  
504185	[39]	:	Key	71	UP	at	504185  
504352	[167]	:	Key	71	DOWN	at	504352  
507659	[3307]	:	Key	71	UP	at	504488  
507661	[2]	:	Key	71	DOWN	at	504673  
507662	[1]	:	Key	71	UP	at	504825  
507663	[1]	:	Key	71	DOWN	at	504961  
507664	[1]	:	Key	71	UP	at	505105  
507665	[1]	:	Key	71	DOWN	at	505225  
507666	[1]	:	Key	71	UP	at	505369  
507667	[1]	:	Key	71	DOWN	at	505609  
507669	[2]	:	Key	71	UP	at	505753  
507670	[1]	:	Key	71	DOWN	at	506673  
507671	[1]	:	Key	71	UP	at	506825  
507672	[1]	:	Key	71	DOWN	at	507352  
507673	[1]	:	Key	71	UP	at	507456  
508288	[615]	:	Key	71	DOWN	at	508288  
511592	[3304]	:	Key	71	UP	at	508360  
511594	[2]	:	Key	71	DOWN	at	509057  
511595	[1]	:	Key	71	UP	at	509145  
511596	[1]	:	Key	71	DOWN	at	510817  
511597	[1]	:	Key	71	UP	at	510905  
511598	[1]	:	Key	71	DOWN	at	511161  
511599	[1]	:	Key	71	UP	at	511289  
511601	[2]	:	Key	71	DOWN	at	511401  
511602	[1]	:	Key	71	UP	at	511513  
511625	[23]	:	Key	71	DOWN	at	511625  
514937	[3312]	:	Key	71	UP	at	511729  
514938	[1]	:	Key	71	DOWN	at	511897  
514940	[2]	:	Key	71	UP	at	511977  
514941	[1]	:	Key	71	DOWN	at	512097  
514942	[1]	:	Key	71	UP	at	512225  
514943	[1]	:	Key	71	DOWN	at	512345  
514943	[0]	:	Key	71	UP	at	512465  
514946	[3]	:	Key	71	DOWN	at	512577  
514947	[1]	:	Key	71	UP	at	512705  
514948	[1]	:	Key	71	DOWN	at	512817  
514948	[0]	:	Key	71	UP	at	512937  
514950	[2]	:	Key	71	DOWN	at	513049  
514951	[1]	:	Key	71	UP	at	513184  
514952	[1]	:	Key	71	DOWN	at	513321  
514953	[1]	:	Key	71	UP	at	513409  
514953	[0]	:	Key	71	DOWN	at	513529  
514956	[3]	:	Key	71	UP	at	513633  
514957	[1]	:	Key	71	DOWN	at	513736  
514958	[1]	:	Key	71	UP	at	513857  
514960	[2]	:	Key	71	DOWN	at	513985  
514961	[1]	:	Key	71	UP	at	514105  
514962	[1]	:	Key	71	DOWN	at	514241  
514962	[0]	:	Key	71	UP	at	514337  
514962	[0]	:	Key	71	DOWN	at	514472  
514964	[2]	:	Key	71	UP	at	514609  
514964	[0]	:	Key	71	DOWN	at	514729  
514965	[1]	:	Key	71	UP	at	514841  
514976	[11]	:	Key	71	DOWN	at	514969  
515081	[105]	:	Key	71	UP	at	515081  
515201	[120]	:	Key	71	DOWN	at	515201  
518510	[3309]	:	Key	71	UP	at	515321  
518510	[0]	:	Key	71	DOWN	at	515457  
518510	[0]	:	Key	71	UP	at	515537  
518510	[0]	:	Key	71	DOWN	at	515664  
518510	[0]	:	Key	71	UP	at	515784  
518510	[0]	:	Key	71	DOWN	at	515881  
518511	[1]	:	Key	71	UP	at	516017  
518511	[0]	:	Key	71	DOWN	at	516121  
518511	[0]	:	Key	71	UP	at	516352  
518511	[0]	:	Key	71	DOWN	at	516673  
518513	[2]	:	Key	71	UP	at	516721  
518513	[0]	:	Key	71	DOWN	at	516857  
518514	[1]	:	Key	71	UP	at	516993  
518514	[0]	:	Key	71	DOWN	at	517136  
518514	[0]	:	Key	71	UP	at	517241  
518514	[0]	:	Key	71	DOWN	at	517361  
518515	[1]	:	Key	71	UP	at	517472  
518515	[0]	:	Key	71	DOWN	at	517601  
518515	[0]	:	Key	71	UP	at	517712  
518515	[0]	:	Key	71	DOWN	at	517817  
518515	[0]	:	Key	71	UP	at	517929  
518515	[0]	:	Key	71	DOWN	at	518049  
518517	[2]	:	Key	71	UP	at	518145  
518517	[0]	:	Key	71	DOWN	at	518297  
518517	[0]	:	Key	71	UP	at	518393  
518537	[20]	:	Key	71	DOWN	at	518537  
521846	[3309]	:	Key	71	UP	at	518616  
521847	[1]	:	Key	71	DOWN	at	518769  
521849	[2]	:	Key	71	UP	at	518849  
521850	[1]	:	Key	71	DOWN	at	518953  
521851	[1]	:	Key	71	UP	at	519073  
521852	[1]	:	Key	71	DOWN	at	519193  
521852	[0]	:	Key	71	UP	at	519297  
521854	[2]	:	Key	71	DOWN	at	519424  
521856	[2]	:	Key	71	UP	at	519537  
521857	[1]	:	Key	71	DOWN	at	519649  
521859	[2]	:	Key	71	UP	at	519753  
521860	[1]	:	Key	71	DOWN	at	519849  
521861	[1]	:	Key	71	UP	at	519945  
521861	[0]	:	Key	71	DOWN	at	520065  
521863	[2]	:	Key	71	UP	at	520153  
521864	[1]	:	Key	71	DOWN	at	520280  
521865	[1]	:	Key	71	UP	at	520376  
521866	[1]	:	Key	71	DOWN	at	520481  
521866	[0]	:	Key	71	UP	at	520577  
521868	[2]	:	Key	71	DOWN	at	520688  
521869	[1]	:	Key	71	UP	at	520777  
521870	[1]	:	Key	71	DOWN	at	520873  
521871	[1]	:	Key	71	UP	at	520961  
521871	[0]	:	Key	71	DOWN	at	521065  
521873	[2]	:	Key	71	UP	at	521169  
521874	[1]	:	Key	71	DOWN	at	521256  
521875	[1]	:	Key	71	UP	at	521369  
521876	[1]	:	Key	71	DOWN	at	521457  
521876	[0]	:	Key	71	UP	at	521561  
521878	[2]	:	Key	71	DOWN	at	521664  
521878	[0]	:	Key	71	UP	at	521753  
521879	[1]	:	Key	71	DOWN	at	521841  
521943	[64]	:	Key	71	UP	at	521943  
522073	[130]	:	Key	71	DOWN	at	522073  
525379	[3306]	:	Key	71	UP	at	522200  
525381	[2]	:	Key	71	DOWN	at	522320  
525382	[1]	:	Key	71	UP	at	522424  
525383	[1]	:	Key	71	DOWN	at	524729  
525384	[1]	:	Key	71	UP	at	524833  
525936	[552]	:	Key	71	DOWN	at	525936  
529225	[3289]	:	Key	71	UP	at	526065  
529225	[0]	:	Key	71	DOWN	at	528153  
529225	[0]	:	Key	71	UP	at	528321  
529673	[448]	:	Key	71	DOWN	at	529673  
532964	[3291]	:	Key	71	UP	at	529825  
532966	[2]	:	Key	71	DOWN	at	532185  
532967	[1]	:	Key	71	UP	at	532257  
533529	[562]	:	Key	71	DOWN	at	533529  
537429	[3900]	:	Key	71	UP	at	533641  
537430	[1]	:	Key	71	DOWN	at	536057  
537430	[0]	:	Key	71	UP	at	536137  
537625	[195]	:	Key	71	DOWN	at	537625  
538665	[1040]	:	Key	71	UP	at	537737  
540257	[1592]	:	Key	97	DOWN	at	540257  
541379	[1122]	:	Key	97	UP	at	540320  
543248	[1869]	:	Key	98	DOWN	at	543248  
544377	[1129]	:	Key	98	UP	at	543320  
545217	[840]	:	Key	97	DOWN	at	545217  
546349	[1132]	:	Key	97	UP	at	545281  
547289	[940]	:	Key	97	DOWN	at	547289  
548420	[1131]	:	Key	97	UP	at	547345  
551961	[3541]	:	Key	98	DOWN	at	551961  
553088	[1127]	:	Key	98	UP	at	552033  
555073	[1985]	:	Key	97	DOWN	at	555073  
556206	[1133]	:	Key	97	UP	at	555129  
557256	[1050]	:	Key	97	DOWN	at	557256  
558377	[1121]	:	Key	97	UP	at	557321  
559952	[1575]	:	Key	97	DOWN	at	559952  
561654	[1702]	:	Key	97	UP	at	560016  
592033	[30379]	:	Key	71	DOWN	at	592033  
593067	[1034]	:	Key	71	UP	at	592097  
595328	[2261]	:	Key	98	DOWN	at	595328  
596449	[1121]	:	Key	98	UP	at	595392  
598329	[1880]	:	Key	98	DOWN	at	598329  
599455	[1126]	:	Key	98	UP	at	598385  
601921	[2466]	:	Key	97	DOWN	at	601921  
603050	[1129]	:	Key	97	UP	at	601977  
604409	[1359]	:	Key	98	DOWN	at	604409  
605548	[1139]	:	Key	98	UP	at	604473  
606513	[965]	:	Key	98	DOWN	at	606513  
607654	[1141]	:	Key	98	UP	at	606585  
608529	[875]	:	Key	97	DOWN	at	608529  
609654	[1125]	:	Key	97	UP	at	608585  
611065	[1411]	:	Key	98	DOWN	at	611065  
612197	[1132]	:	Key	98	UP	at	611144  
614537	[2340]	:	Key	98	DOWN	at	614537  
615732	[1195]	:	Key	98	UP	at	614601  
626433	[10701]	:	Key	71	DOWN	at	626433  
626765	[332]	:	Key	22	DOWN	at	626457  
626765	[0]	:	Key	22	UP	at	626473  
626765	[0]	:	Key	71	UP	at	626529  
628241	[1476]	:	Key	71	DOWN	at	628241  
628465	[224]	:	Key	71	UP	at	628465  
628793	[328]	:	Key	71	DOWN	at	628793  
632097	[3304]	:	Key	71	UP	at	628968  
632099	[2]	:	Key	71	DOWN	at	629161  
632100	[1]	:	Key	71	UP	at	629336  
632101	[1]	:	Key	71	DOWN	at	629625  
632102	[1]	:	Key	71	UP	at	629809  
632103	[1]	:	Key	71	DOWN	at	630185  
632104	[1]	:	Key	71	UP	at	630320  
632106	[2]	:	Key	71	DOWN	at	630729  
632107	[1]	:	Key	71	UP	at	630840  
632108	[1]	:	Key	71	DOWN	at	631290  
632109	[1]	:	Key	71	UP	at	631481  
632110	[1]	:	Key	71	DOWN	at	631689  
632111	[1]	:	Key	71	UP	at	631850  
632137	[26]	:	Key	71	DOWN	at	632137  
635434	[3297]	:	Key	71	UP	at	632305  
635436	[2]	:	Key	71	DOWN	at	632553  
635437	[1]	:	Key	71	UP	at	632713  
635438	[1]	:	Key	71	DOWN	at	632929  
635439	[1]	:	Key	71	UP	at	633081  
635440	[1]	:	Key	71	DOWN	at	633321  
635441	[1]	:	Key	71	UP	at	633473  
635443	[2]	:	Key	71	DOWN	at	633705  
635443	[0]	:	Key	71	UP	at	633857  
635444	[1]	:	Key	71	DOWN	at	634089  
635445	[1]	:	Key	71	UP	at	634217  
635446	[1]	:	Key	71	DOWN	at	634401  
635447	[1]	:	Key	71	UP	at	634505  
635448	[1]	:	Key	71	DOWN	at	634625  
635449	[1]	:	Key	71	UP	at	634761  
635449	[0]	:	Key	71	DOWN	at	634881  
635450	[1]	:	Key	71	UP	at	635001  
635451	[1]	:	Key	71	DOWN	at	635137  
635452	[1]	:	Key	71	UP	at	635273  
635453	[1]	:	Key	71	DOWN	at	635377  
635513	[60]	:	Key	71	UP	at	635513  
635649	[136]	:	Key	71	DOWN	at	635649  
638959	[3310]	:	Key	71	UP	at	635769  
638961	[2]	:	Key	71	DOWN	at	635897  
638962	[1]	:	Key	71	UP	at	635993  
638963	[1]	:	Key	71	DOWN	at	636137  
638964	[1]	:	Key	71	UP	at	636233  
638965	[1]	:	Key	71	DOWN	at	636369  
638966	[1]	:	Key	71	UP	at	636473  
638968	[2]	:	Key	71	DOWN	at	636609  
638969	[1]	:	Key	71	UP	at	636713  
638970	[1]	:	Key	71	DOWN	at	636849  
638971	[1]	:	Key	71	UP	at	636945  
638972	[1]	:	Key	71	DOWN	at	637089  
638973	[1]	:	Key	71	UP	at	637193  
638975	[2]	:	Key	71	DOWN	at	637313  
638976	[1]	:	Key	71	UP	at	637425  
638977	[1]	:	Key	71	DOWN	at	637561  
638978	[1]	:	Key	71	UP	at	637673  
638979	[1]	:	Key	71	DOWN	at	637801  
638980	[1]	:	Key	71	UP	at	637921  
638981	[1]	:	Key	71	DOWN	at	638001  
638982	[1]	:	Key	71	UP	at	638145  
638983	[1]	:	Key	71	DOWN	at	638241  
638983	[0]	:	Key	71	UP	at	638393  
638984	[1]	:	Key	71	DOWN	at	638513  
638984	[0]	:	Key	71	UP	at	638625  
638985	[1]	:	Key	71	DOWN	at	638737  
638986	[1]	:	Key	71	UP	at	638873  
638996	[10]	:	Key	71	DOWN	at	638977  
639073	[77]	:	Key	71	UP	at	639073  
639193	[120]	:	Key	71	DOWN	at	639193  
642501	[3308]	:	Key	71	UP	at	639297  
642501	[0]	:	Key	71	DOWN	at	639401  
642501	[0]	:	Key	71	UP	at	639529  
642502	[1]	:	Key	71	DOWN	at	639649  
642502	[0]	:	Key	71	UP	at	639777  
642502	[0]	:	Key	71	DOWN	at	639913  
642503	[1]	:	Key	71	UP	at	640041  
642503	[0]	:	Key	71	DOWN	at	640177  
642503	[0]	:	Key	71	UP	at	640297  
642504	[1]	:	Key	71	DOWN	at	640449  
642504	[0]	:	Key	71	UP	at	640585  
642504	[0]	:	Key	71	DOWN	at	640841  
642505	[1]	:	Key	71	UP	at	640881  
642505	[0]	:	Key	71	DOWN	at	641161  
642505	[0]	:	Key	71	UP	at	641305  
642505	[0]	:	Key	71	DOWN	at	641593  
642506	[1]	:	Key	71	UP	at	641729  
642506	[0]	:	Key	71	DOWN	at	642049  
642506	[0]	:	Key	71	UP	at	642169  
642507	[1]	:	Key	71	DOWN	at	642449  
642569	[62]	:	Key	71	UP	at	642569  
643089	[520]	:	Key	71	DOWN	at	643089  
646395	[3306]	:	Key	71	UP	at	643217  
646397	[2]	:	Key	71	DOWN	at	643553  
646398	[1]	:	Key	71	UP	at	643689  
646399	[1]	:	Key	71	DOWN	at	644065  
646400	[1]	:	Key	71	UP	at	644177  
646402	[2]	:	Key	71	DOWN	at	645689  
646403	[1]	:	Key	71	UP	at	645833  
646404	[1]	:	Key	71	DOWN	at	646121  
646405	[1]	:	Key	71	UP	at	646289  
646489	[84]	:	Key	71	DOWN	at	646489  
649789	[3300]	:	Key	71	UP	at	646649  
649789	[0]	:	Key	71	DOWN	at	646905  
649789	[0]	:	Key	71	UP	at	647049  
650417	[628]	:	Key	71	DOWN	at	650417  
653716	[3299]	:	Key	71	UP	at	650593  
653718	[2]	:	Key	71	DOWN	at	653137  
653719	[1]	:	Key	71	UP	at	653257  
662041	[8322]	:	Key	71	DOWN	at	662041  
665957	[3916]	:	Key	71	UP	at	662137  
665957	[0]	:	Key	71	DOWN	at	662873  
665958	[1]	:	Key	71	UP	at	662961  
672825	[6867]	:	Key	71	DOWN	at	672825  
673877	[1052]	:	Key	71	UP	at	672889  
676425	[2548]	:	Key	97	DOWN	at	676425  
677549	[1124]	:	Key	97	UP	at	676473  
678553	[1004]	:	Key	98	DOWN	at	678553  
679671	[1118]	:	Key	98	UP	at	678641  
680697	[1026]	:	Key	98	DOWN	at	680697  
681822	[1125]	:	Key	98	UP	at	680777  
683248	[1426]	:	Key	97	DOWN	at	683248  
684383	[1135]	:	Key	97	UP	at	683312  
685289	[906]	:	Key	98	DOWN	at	685289  
686410	[1121]	:	Key	98	UP	at	685369  
688145	[1735]	:	Key	97	DOWN	at	688145  
689262	[1117]	:	Key	97	UP	at	688217  
690177	[915]	:	Key	97	DOWN	at	690177  
691304	[1127]	:	Key	97	UP	at	690249  
693201	[1897]	:	Key	98	DOWN	at	693201  
694889	[1688]	:	Key	98	UP	at	693281  
696497	[1608]	:	Key	71	DOWN	at	696497  
697544	[1047]	:	Key	71	UP	at	696577  
698945	[1401]	:	Key	98	DOWN	at	698945  
700062	[1117]	:	Key	98	UP	at	699017  
701649	[1587]	:	Key	97	DOWN	at	701649  
702770	[1121]	:	Key	97	UP	at	701713  
705217	[2447]	:	Key	97	DOWN	at	705217  
706340	[1123]	:	Key	97	UP	at	705281  
708057	[1717]	:	Key	98	DOWN	at	708057  
709158	[1101]	:	Key	98	UP	at	708153  
711009	[1851]	:	Key	98	DOWN	at	711009  
712114	[1105]	:	Key	98	UP	at	711089  
716001	[3887]	:	Key	98	DOWN	at	716001  
717095	[1094]	:	Key	98	UP	at	716057  
718681	[1586]	:	Key	98	DOWN	at	718681  
719773	[1092]	:	Key	98	UP	at	718737  
721031	[1258]	:	Key	97	DOWN	at	721031  
722184	[1153]	:	Key	97	UP	at	721087  
725511	[3327]	:	Key	71	DOWN	at	725511  
725792	[281]	:	Key	71	UP	at	725599  
726591	[799]	:	Key	71	DOWN	at	726591  
726663	[72]	:	Key	71	UP	at	726663  
727111	[448]	:	Key	71	DOWN	at	727111  
730422	[3311]	:	Key	71	UP	at	727215  
730424	[2]	:	Key	71	DOWN	at	727527  
730425	[1]	:	Key	71	UP	at	727639  
730426	[1]	:	Key	71	DOWN	at	727847  
730427	[1]	:	Key	71	UP	at	727959  
730428	[1]	:	Key	71	DOWN	at	728231  
730429	[1]	:	Key	71	UP	at	728343  
730431	[2]	:	Key	71	DOWN	at	728487  
730432	[1]	:	Key	71	UP	at	728591  
730433	[1]	:	Key	71	DOWN	at	728727  
730434	[1]	:	Key	71	UP	at	728815  
730435	[1]	:	Key	71	DOWN	at	728943  
730436	[1]	:	Key	71	UP	at	729023  
730437	[1]	:	Key	71	DOWN	at	729175  
730438	[1]	:	Key	71	UP	at	729295  
730440	[2]	:	Key	71	DOWN	at	729447  
730441	[1]	:	Key	71	UP	at	729567  
730442	[1]	:	Key	71	DOWN	at	729703  
730443	[1]	:	Key	71	UP	at	729807  
730444	[1]	:	Key	71	DOWN	at	729951  
730445	[1]	:	Key	71	UP	at	730047  
730446	[1]	:	Key	71	DOWN	at	730183  
730447	[1]	:	Key	71	UP	at	730271  
730448	[1]	:	Key	71	DOWN	at	730391  
730479	[31]	:	Key	71	UP	at	730479  
730591	[112]	:	Key	71	DOWN	at	730591  
733903	[3312]	:	Key	71	UP	at	730679  
733905	[2]	:	Key	71	DOWN	at	730775  
733906	[1]	:	Key	71	UP	at	730863  
733907	[1]	:	Key	71	DOWN	at	730983  
733908	[1]	:	Key	71	UP	at	731087  
733909	[1]	:	Key	71	DOWN	at	731207  
733910	[1]	:	Key	71	UP	at	731351  
733912	[2]	:	Key	71	DOWN	at	731455  
733913	[1]	:	Key	71	UP	at	731591  
733914	[1]	:	Key	71	DOWN	at	731679  
733915	[1]	:	Key	71	UP	at	731799  
733916	[1]	:	Key	71	DOWN	at	731895  
733917	[1]	:	Key	71	UP	at	731999  
733918	[1]	:	Key	71	DOWN	at	732111  
733919	[1]	:	Key	71	UP	at	732215  
733920	[1]	:	Key	71	DOWN	at	732327  
733921	[1]	:	Key	71	UP	at	732447  
733923	[2]	:	Key	71	DOWN	at	732567  
733924	[1]	:	Key	71	UP	at	732711  
733925	[1]	:	Key	71	DOWN	at	732855  
733927	[2]	:	Key	71	UP	at	732967  
733928	[1]	:	Key	71	DOWN	at	733127  
733929	[1]	:	Key	71	UP	at	733255  
733930	[1]	:	Key	71	DOWN	at	733407  
733931	[1]	:	Key	71	UP	at	733519  
733932	[1]	:	Key	71	DOWN	at	733671  
733933	[1]	:	Key	71	UP	at	733799  
733934	[1]	:	Key	71	DOWN	at	733903  
734023	[89]	:	Key	71	UP	at	734023  
734167	[144]	:	Key	71	DOWN	at	734167  
737472	[3305]	:	Key	71	UP	at	734287  
737474	[2]	:	Key	71	DOWN	at	734407  
737475	[1]	:	Key	71	UP	at	734543  
737476	[1]	:	Key	71	DOWN	at	734655  
737477	[1]	:	Key	71	UP	at	734774  
737478	[1]	:	Key	71	DOWN	at	734886  
737480	[2]	:	Key	71	UP	at	735007  
737481	[1]	:	Key	71	DOWN	at	735167  
737482	[1]	:	Key	71	UP	at	735311  
737483	[1]	:	Key	71	DOWN	at	735463  
737484	[1]	:	Key	71	UP	at	735599  
737485	[1]	:	Key	71	DOWN	at	735759  
737486	[1]	:	Key	71	UP	at	735896  
737488	[2]	:	Key	71	DOWN	at	736767  
737489	[1]	:	Key	71	UP	at	736903  
737490	[1]	:	Key	71	DOWN	at	737424  
737559	[69]	:	Key	71	UP	at	737559  
737975	[416]	:	Key	71	DOWN	at	737975  
741274	[3299]	:	Key	71	UP	at	738079  
741276	[2]	:	Key	71	DOWN	at	738399  
741277	[1]	:	Key	71	UP	at	738503  
741278	[1]	:	Key	71	DOWN	at	738647  
741279	[1]	:	Key	71	UP	at	738743  
741280	[1]	:	Key	71	DOWN	at	738895  
741282	[2]	:	Key	71	UP	at	739007  
741283	[1]	:	Key	71	DOWN	at	739167  
741284	[1]	:	Key	71	UP	at	739279  
741285	[1]	:	Key	71	DOWN	at	739439  
741286	[1]	:	Key	71	UP	at	739543  
741287	[1]	:	Key	71	DOWN	at	739687  
741287	[0]	:	Key	71	UP	at	739783  
741288	[1]	:	Key	71	DOWN	at	739927  
741289	[1]	:	Key	71	UP	at	740039  
741290	[1]	:	Key	71	DOWN	at	740199  
741291	[1]	:	Key	71	UP	at	740303  
741292	[1]	:	Key	71	DOWN	at	740455  
741293	[1]	:	Key	71	UP	at	740551  
741294	[1]	:	Key	71	DOWN	at	740719  
741295	[1]	:	Key	71	UP	at	740823  
741296	[1]	:	Key	71	DOWN	at	740959  
741297	[1]	:	Key	71	UP	at	741055  
741298	[1]	:	Key	71	DOWN	at	741231  
741335	[37]	:	Key	71	UP	at	741335  
741823	[488]	:	Key	71	DOWN	at	741823  
745118	[3295]	:	Key	71	UP	at	741927  
745120	[2]	:	Key	71	DOWN	at	742055  
745121	[1]	:	Key	71	UP	at	742175  
745122	[1]	:	Key	71	DOWN	at	742311  
745123	[1]	:	Key	71	UP	at	742423  
745124	[1]	:	Key	71	DOWN	at	742567  
745126	[2]	:	Key	71	UP	at	742655  
745127	[1]	:	Key	71	DOWN	at	742823  
745128	[1]	:	Key	71	UP	at	742959  
745129	[1]	:	Key	71	DOWN	at	743079  
745130	[1]	:	Key	71	UP	at	743183  
745131	[1]	:	Key	71	DOWN	at	743359  
745132	[1]	:	Key	71	UP	at	743495  
745134	[2]	:	Key	71	DOWN	at	743895  
745135	[1]	:	Key	71	UP	at	743991  
745136	[1]	:	Key	71	DOWN	at	744127  
745137	[1]	:	Key	71	UP	at	744215  
745138	[1]	:	Key	71	DOWN	at	745095  
745247	[109]	:	Key	71	UP	at	745247  
745583	[336]	:	Key	71	DOWN	at	745583  
748884	[3301]	:	Key	71	UP	at	745743  
748886	[2]	:	Key	71	DOWN	at	748287  
748887	[1]	:	Key	71	UP	at	748383  
749639	[752]	:	Key	71	DOWN	at	749639  
752943	[3304]	:	Key	71	UP	at	749719  
752945	[2]	:	Key	71	DOWN	at	752295  
752946	[1]	:	Key	71	UP	at	752415  
753919	[973]	:	Key	71	DOWN	at	753919  
757818	[3899]	:	Key	71	UP	at	754063  
757818	[0]	:	Key	71	DOWN	at	754423  
757818	[0]	:	Key	71	UP	at	754544  
757819	[1]	:	Key	71	DOWN	at	755144  
757819	[0]	:	Key	71	UP	at	755280  
757819	[0]	:	Key	71	DOWN	at	756031  
757819	[0]	:	Key	71	UP	at	756111  
757820	[1]	:	Key	71	DOWN	at	757311  
757820	[0]	:	Key	71	UP	at	757431  
759959	[2139]	:	Key	71	DOWN	at	759959  
761003	[1044]	:	Key	71	UP	at	760023  
762439	[1436]	:	Key	98	DOWN	at	762439  
763561	[1122]	:	Key	98	UP	at	762519  
764887	[1326]	:	Key	97	DOWN	at	764887  
766011	[1124]	:	Key	97	UP	at	764967  
767367	[1356]	:	Key	97	DOWN	at	767367  
768499	[1132]	:	Key	97	UP	at	767455  
769303	[804]	:	Key	97	DOWN	at	769303  
770443	[1140]	:	Key	97	UP	at	769375  
771576	[1133]	:	Key	97	DOWN	at	771576  
772703	[1127]	:	Key	97	UP	at	771648  
773847	[1144]	:	Key	97	DOWN	at	773847  
774979	[1132]	:	Key	97	UP	at	773911  
776479	[1500]	:	Key	97	DOWN	at	776479  
777605	[1126]	:	Key	97	UP	at	776559  
779455	[1850]	:	Key	97	DOWN	at	779455  
781130	[1675]	:	Key	97	UP	at	779559  
785151	[4021]	:	Key	71	DOWN	at	785151  
786199	[1048]	:	Key	71	UP	at	785223  
788111	[1912]	:	Key	97	DOWN	at	788111  
789256	[1145]	:	Key	97	UP	at	788183  
790735	[1479]	:	Key	98	DOWN	at	790735  
791865	[1130]	:	Key	98	UP	at	790799  
792927	[1062]	:	Key	97	DOWN	at	792927  
794060	[1133]	:	Key	97	UP	at	793007  
795367	[1307]	:	Key	98	DOWN	at	795367  
796501	[1134]	:	Key	98	UP	at	795439  
798775	[2274]	:	Key	97	DOWN	at	798775  
799908	[1133]	:	Key	97	UP	at	798855  
805135	[5227]	:	Key	97	DOWN	at	805135  
806246	[1111]	:	Key	97	UP	at	805207  
807919	[1673]	:	Key	98	DOWN	at	807919  
809033	[1114]	:	Key	98	UP	at	807983  
810831	[1798]	:	Key	97	DOWN	at	810831  
812007	[1176]	:	Key	97	UP	at	810911  
813591	[1584]	:	Key	71	DOWN	at	813591  
813912	[321]	:	Key	71	UP	at	813703  
813912	[0]	:	Key	71	DOWN	at	813831  
813951	[39]	:	Key	71	UP	at	813951  
814023	[72]	:	Key	71	DOWN	at	814023  
814119	[96]	:	Key	71	UP	at	814119  
814199	[80]	:	Key	71	DOWN	at	814199  
817508	[3309]	:	Key	71	UP	at	814255  
817510	[2]	:	Key	71	DOWN	at	814351  
817511	[1]	:	Key	71	UP	at	814439  
817512	[1]	:	Key	71	DOWN	at	814527  
817513	[1]	:	Key	71	UP	at	814663  
817514	[1]	:	Key	71	DOWN	at	814751  
817516	[2]	:	Key	71	UP	at	814855  
817517	[1]	:	Key	71	DOWN	at	814951  
817518	[1]	:	Key	71	UP	at	815071  
817520	[2]	:	Key	71	DOWN	at	815175  
817521	[1]	:	Key	71	UP	at	815271  
817522	[1]	:	Key	71	DOWN	at	815375  
817523	[1]	:	Key	71	UP	at	815503  
817524	[1]	:	Key	71	DOWN	at	815615  
817525	[1]	:	Key	71	UP	at	815759  
817526	[1]	:	Key	71	DOWN	at	815863  
817527	[1]	:	Key	71	UP	at	815983  
817528	[1]	:	Key	71	DOWN	at	816095  
817530	[2]	:	Key	71	UP	at	816255  
817531	[1]	:	Key	71	DOWN	at	816383  
817532	[1]	:	Key	71	UP	at	816551  
817533	[1]	:	Key	71	DOWN	at	816655  
817534	[1]	:	Key	71	UP	at	816823  
817536	[2]	:	Key	71	DOWN	at	816943  
817537	[1]	:	Key	71	UP	at	817103  
817538	[1]	:	Key	71	DOWN	at	817263  
817539	[1]	:	Key	71	UP	at	817399  
817551	[12]	:	Key	71	DOWN	at	817551  
817639	[88]	:	Key	71	UP	at	817639  
817791	[152]	:	Key	71	DOWN	at	817791  
821104	[3313]	:	Key	71	UP	at	817895  
821106	[2]	:	Key	71	DOWN	at	818007  
821107	[1]	:	Key	71	UP	at	818127  
821108	[1]	:	Key	71	DOWN	at	818231  
821109	[1]	:	Key	71	UP	at	818335  
821110	[1]	:	Key	71	DOWN	at	818471  
821112	[2]	:	Key	71	UP	at	818543  
821113	[1]	:	Key	71	DOWN	at	818663  
821114	[1]	:	Key	71	UP	at	818783  
821115	[1]	:	Key	71	DOWN	at	818887  
821116	[1]	:	Key	71	UP	at	819015  
821117	[1]	:	Key	71	DOWN	at	819111  
821118	[1]	:	Key	71	UP	at	819231  
821119	[1]	:	Key	71	DOWN	at	819351  
821120	[1]	:	Key	71	UP	at	819471  
821121	[1]	:	Key	71	DOWN	at	819567  
821122	[1]	:	Key	71	UP	at	819703  
821123	[1]	:	Key	71	DOWN	at	819823  
821123	[0]	:	Key	71	UP	at	819943  
821124	[1]	:	Key	71	DOWN	at	820031  
821125	[1]	:	Key	71	UP	at	820151  
821126	[1]	:	Key	71	DOWN	at	820263  
821127	[1]	:	Key	71	UP	at	820375  
821128	[1]	:	Key	71	DOWN	at	820487  
821129	[1]	:	Key	71	UP	at	820615  
821130	[1]	:	Key	71	DOWN	at	820711  
821131	[1]	:	Key	71	UP	at	820831  
821132	[1]	:	Key	71	DOWN	at	820935  
821133	[1]	:	Key	71	UP	at	821055  
821159	[26]	:	Key	71	DOWN	at	821159  
824468	[3309]	:	Key	71	UP	at	821271  
824470	[2]	:	Key	71	DOWN	at	821375  
824471	[1]	:	Key	71	UP	at	821503  
824472	[1]	:	Key	71	DOWN	at	821591  
824473	[1]	:	Key	71	UP	at	821711  
824474	[1]	:	Key	71	DOWN	at	821823  
824476	[2]	:	Key	71	UP	at	821943  
824477	[1]	:	Key	71	DOWN	at	822055  
824478	[1]	:	Key	71	UP	at	822199  
824479	[1]	:	Key	71	DOWN	at	822311  
824481	[2]	:	Key	71	UP	at	822431  
824482	[1]	:	Key	71	DOWN	at	822535  
824483	[1]	:	Key	71	UP	at	822671  
824485	[2]	:	Key	71	DOWN	at	822751  
824486	[1]	:	Key	71	UP	at	822887  
824487	[1]	:	Key	71	DOWN	at	822999  
824488	[1]	:	Key	71	UP	at	823127  
824489	[1]	:	Key	71	DOWN	at	823223  
824490	[1]	:	Key	71	UP	at	823344  
824492	[2]	:	Key	71	DOWN	at	823432  
824493	[1]	:	Key	71	UP	at	823576  
824494	[1]	:	Key	71	DOWN	at	823680  
824495	[1]	:	Key	71	UP	at	823815  
824496	[1]	:	Key	71	DOWN	at	823919  
824497	[1]	:	Key	71	UP	at	824055  
824498	[1]	:	Key	71	DOWN	at	824144  
824500	[2]	:	Key	71	UP	at	824280  
824501	[1]	:	Key	71	DOWN	at	824392  
824528	[27]	:	Key	71	UP	at	824528  
824695	[167]	:	Key	71	DOWN	at	824695  
828003	[3308]	:	Key	71	UP	at	824816  
828005	[2]	:	Key	71	DOWN	at	824920  
828006	[1]	:	Key	71	UP	at	825056  
828007	[1]	:	Key	71	DOWN	at	825152  
828009	[2]	:	Key	71	UP	at	825271  
828010	[1]	:	Key	71	DOWN	at	825399  
828011	[1]	:	Key	71	UP	at	825559  
828012	[1]	:	Key	71	DOWN	at	825696  
828013	[1]	:	Key	71	UP	at	825856  
828014	[1]	:	Key	71	DOWN	at	826056  
828015	[1]	:	Key	71	UP	at	826184  
828016	[1]	:	Key	71	DOWN	at	827143  
828016	[0]	:	Key	71	UP	at	827255  
828463	[447]	:	Key	71	DOWN	at	828463  
831754	[3291]	:	Key	71	UP	at	828535  
831756	[2]	:	Key	71	DOWN	at	829247  
831757	[1]	:	Key	71	UP	at	829383  
831758	[1]	:	Key	71	DOWN	at	830791  
831759	[1]	:	Key	71	UP	at	830903  
832279	[520]	:	Key	71	DOWN	at	832279  
835580	[3301]	:	Key	71	UP	at	832375  
835582	[2]	:	Key	71	DOWN	at	832927  
835583	[1]	:	Key	71	UP	at	833031  
835584	[1]	:	Key	71	DOWN	at	834663  
835585	[1]	:	Key	71	UP	at	834743  
836007	[422]	:	Key	71	DOWN	at	836007  
839301	[3294]	:	Key	71	UP	at	836103  
839303	[2]	:	Key	71	DOWN	at	836623  
839304	[1]	:	Key	71	UP	at	836759  
839305	[1]	:	Key	71	DOWN	at	839079  
839306	[1]	:	Key	71	UP	at	839207  
840239	[933]	:	Key	71	DOWN	at	840239  
844157	[3918]	:	Key	71	UP	at	840399  
844157	[0]	:	Key	71	DOWN	at	841096  
844158	[1]	:	Key	71	UP	at	841184  
844158	[0]	:	Key	71	DOWN	at	842640  
844158	[0]	:	Key	71	UP	at	842744  
845695	[1537]	:	Key	98	DOWN	at	845695  
845759	[64]	:	Key	98	UP	at	845759  
847223	[1464]	:	Key	71	DOWN	at	847223  
848256	[1033]	:	Key	71	UP	at	847319  
849383	[1127]	:	Key	97	DOWN	at	849383  
850491	[1108]	:	Key	97	UP	at	849447  
851287	[796]	:	Key	97	DOWN	at	851287  
852404	[1117]	:	Key	97	UP	at	851367  
855095	[2691]	:	Key	97	DOWN	at	855095  
856216	[1121]	:	Key	97	UP	at	855167  
857271	[1055]	:	Key	98	DOWN	at	857271  
858386	[1115]	:	Key	98	UP	at	857399  
860080	[1694]	:	Key	97	DOWN	at	860080  
861210	[1130]	:	Key	97	UP	at	860176  
863231	[2021]	:	Key	97	DOWN	at	863231  
864351	[1120]	:	Key	97	UP	at	863311  
865263	[912]	:	Key	97	DOWN	at	865263  
866393	[1130]	:	Key	97	UP	at	865383  
866394	[1]	:	Key	100	DOWN	at	865463  
866394	[0]	:	Key	95	DOWN	at	865471  
866395	[1]	:	Key	95	UP	at	865527  
866395	[0]	:	Key	100	UP	at	865543  
866396	[1]	:	Key	100	DOWN	at	865647  
866396	[0]	:	Key	100	UP	at	865735  
866397	[1]	:	Key	100	DOWN	at	865831  
866397	[0]	:	Key	100	UP	at	865943  
866398	[1]	:	Key	97	DOWN	at	865999  
866398	[0]	:	Key	97	UP	at	866103  
866399	[1]	:	Key	97	DOWN	at	866199  
866399	[0]	:	Key	97	UP	at	866295  
866400	[1]	:	Key	97	DOWN	at	866399  
868088	[1688]	:	Key	97	UP	at	866543  
868088	[0]	:	Key	97	DOWN	at	867383  
868088	[0]	:	Key	97	UP	at	867471  
868089	[1]	:	Key	97	DOWN	at	867559  
868089	[0]	:	Key	97	UP	at	867647  
868089	[0]	:	Key	97	DOWN	at	867751  
868090	[1]	:	Key	97	UP	at	867847  
868090	[0]	:	Key	97	DOWN	at	867935  
868090	[0]	:	Key	97	UP	at	868055  
868135	[45]	:	Key	97	DOWN	at	868135  
868247	[112]	:	Key	97	UP	at	868247  
868335	[88]	:	Key	97	DOWN	at	868335  
868471	[136]	:	Key	97	UP	at	868471  
868743	[272]	:	Key	97	DOWN	at	868743  
868839	[96]	:	Key	97	UP	at	868839  
869375	[536]	:	Key	71	DOWN	at	869375  
870395	[1020]	:	Key	71	UP	at	869479  
870396	[1]	:	Key	97	DOWN	at	869759  
870396	[0]	:	Key	97	UP	at	869855  
870396	[0]	:	Key	97	DOWN	at	869935  
870397	[1]	:	Key	97	UP	at	870047  
870397	[0]	:	Key	97	DOWN	at	870127  
870397	[0]	:	Key	97	UP	at	870231  
870397	[0]	:	Key	97	DOWN	at	870335  
870463	[66]	:	Key	97	UP	at	870463  
870575	[112]	:	Key	97	DOWN	at	870575  
871702	[1127]	:	Key	97	UP	at	870703  
871703	[1]	:	Key	97	DOWN	at	870775  
871703	[0]	:	Key	97	UP	at	870895  
871704	[1]	:	Key	97	DOWN	at	870975  
871704	[0]	:	Key	97	UP	at	871087  
871705	[1]	:	Key	97	DOWN	at	871167  
871705	[0]	:	Key	97	UP	at	871271  
871706	[1]	:	Key	97	DOWN	at	871351  
871706	[0]	:	Key	97	UP	at	871471  
871707	[1]	:	Key	97	DOWN	at	871567  
871707	[0]	:	Key	97	UP	at	871703  
871791	[84]	:	Key	97	DOWN	at	871791  
872902	[1111]	:	Key	97	UP	at	871919  
872903	[1]	:	Key	97	DOWN	at	872007  
872903	[0]	:	Key	97	UP	at	872127  
872904	[1]	:	Key	97	DOWN	at	872223  
872904	[0]	:	Key	97	UP	at	872359  
872905	[1]	:	Key	97	DOWN	at	872447  
872905	[0]	:	Key	97	UP	at	872583  
872906	[1]	:	Key	97	DOWN	at	872679  
872906	[0]	:	Key	97	UP	at	872807  
872907	[1]	:	Key	97	DOWN	at	872903  
874017	[1110]	:	Key	97	UP	at	873023  
874018	[1]	:	Key	97	DOWN	at	873119  
874019	[1]	:	Key	97	UP	at	873239  
874019	[0]	:	Key	97	DOWN	at	873351  
874020	[1]	:	Key	97	UP	at	873471  
874020	[0]	:	Key	97	DOWN	at	873567  
874021	[1]	:	Key	97	UP	at	873695  
874021	[0]	:	Key	97	DOWN	at	873807  
874022	[1]	:	Key	97	UP	at	873927  
874031	[9]	:	Key	97	DOWN	at	874031  
875144	[1113]	:	Key	97	UP	at	874159  
875145	[1]	:	Key	97	DOWN	at	874271  
875145	[0]	:	Key	97	UP	at	874383  
875146	[1]	:	Key	97	DOWN	at	874543  
875146	[0]	:	Key	97	UP	at	874671  
875146	[0]	:	Key	97	DOWN	at	874791  
875147	[1]	:	Key	97	UP	at	874903  
875147	[0]	:	Key	97	DOWN	at	875007  
875147	[0]	:	Key	97	UP	at	875135  
875231	[84]	:	Key	97	DOWN	at	875231  
876328	[1097]	:	Key	97	UP	at	875351  
876329	[1]	:	Key	97	DOWN	at	875447  
876329	[0]	:	Key	97	UP	at	875567  
876330	[1]	:	Key	97	DOWN	at	875687  
876330	[0]	:	Key	97	UP	at	875824  
876330	[0]	:	Key	97	DOWN	at	875944  
876331	[1]	:	Key	97	UP	at	876072  
876331	[0]	:	Key	97	DOWN	at	876160  
876331	[0]	:	Key	97	UP	at	876288  
876368	[37]	:	Key	97	DOWN	at	876368  
877490	[1122]	:	Key	97	UP	at	876496  
877491	[1]	:	Key	97	DOWN	at	876592  
877491	[0]	:	Key	97	UP	at	876712  
877492	[1]	:	Key	97	DOWN	at	876832  
877492	[0]	:	Key	97	UP	at	876952  
877493	[1]	:	Key	97	DOWN	at	877064  
877493	[0]	:	Key	97	UP	at	877200  
877494	[1]	:	Key	97	DOWN	at	877304  
877494	[0]	:	Key	97	UP	at	877456  
877560	[66]	:	Key	97	DOWN	at	877560  
878664	[1104]	:	Key	97	UP	at	877679  
878665	[1]	:	Key	97	DOWN	at	877776  
878665	[0]	:	Key	97	UP	at	877896  
878665	[0]	:	Key	97	DOWN	at	878056  
878666	[1]	:	Key	97	UP	at	878168  
878666	[0]	:	Key	97	DOWN	at	878280  
878666	[0]	:	Key	97	UP	at	878408  
878666	[0]	:	Key	97	DOWN	at	878519  
878667	[1]	:	Key	97	UP	at	878631  
878735	[68]	:	Key	97	DOWN	at	878735  
879916	[1181]	:	Key	97	UP	at	878839  
879916	[0]	:	Key	97	DOWN	at	878928  
879916	[0]	:	Key	97	UP	at	879040  
879917	[1]	:	Key	97	DOWN	at	879240  
879917	[0]	:	Key	97	UP	at	879360  
879917	[0]	:	Key	97	DOWN	at	879759  
879918	[1]	:	Key	97	UP	at	879839  
882079	[2161]	:	Key	71	DOWN	at	882079  
882378	[299]	:	Key	71	UP	at	882167  
883215	[837]	:	Key	71	DOWN	at	883215  
883319	[104]	:	Key	71	UP	at	883319  
883839	[520]	:	Key	71	DOWN	at	883839  
887149	[3310]	:	Key	71	UP	at	883919  
887151	[2]	:	Key	71	DOWN	at	884031  
887152	[1]	:	Key	71	UP	at	884135  
887153	[1]	:	Key	71	DOWN	at	884183  
887154	[1]	:	Key	71	UP	at	884311  
887155	[1]	:	Key	71	DOWN	at	884439  
887157	[2]	:	Key	71	UP	at	884535  
887158	[1]	:	Key	71	DOWN	at	884655  
887159	[1]	:	Key	71	UP	at	884743  
887160	[1]	:	Key	71	DOWN	at	884863  
887161	[1]	:	Key	71	UP	at	884975  
887162	[1]	:	Key	71	DOWN	at	885095  
887163	[1]	:	Key	71	UP	at	885223  
887164	[1]	:	Key	71	DOWN	at	885287  
887165	[1]	:	Key	71	UP	at	885415  
887166	[1]	:	Key	71	DOWN	at	885535  
887167	[1]	:	Key	71	UP	at	885711  
887169	[2]	:	Key	71	DOWN	at	885855  
887170	[1]	:	Key	71	UP	at	885959  
887171	[1]	:	Key	71	DOWN	at	886119  
887172	[1]	:	Key	71	UP	at	886239  
887173	[1]	:	Key	71	DOWN	at	886375  
887174	[1]	:	Key	71	UP	at	886479  
887174	[0]	:	Key	71	DOWN	at	886615  
887175	[1]	:	Key	71	UP	at	886703  
887175	[0]	:	Key	71	DOWN	at	886839  
887176	[1]	:	Key	71	UP	at	886919  
887176	[0]	:	Key	71	DOWN	at	887047  
887177	[1]	:	Key	71	UP	at	887127  
887247	[70]	:	Key	71	DOWN	at	887247  
890562	[3315]	:	Key	71	UP	at	887343  
890564	[2]	:	Key	71	DOWN	at	887487  
890565	[1]	:	Key	71	UP	at	887591  
890566	[1]	:	Key	71	DOWN	at	887719  
890567	[1]	:	Key	71	UP	at	887807  
890568	[1]	:	Key	71	DOWN	at	887935  
890570	[2]	:	Key	71	UP	at	888047  
890571	[1]	:	Key	71	DOWN	at	888175  
890572	[1]	:	Key	71	UP	at	888279  
890573	[1]	:	Key	71	DOWN	at	888407  
890574	[1]	:	Key	71	UP	at	888519  
890576	[2]	:	Key	71	DOWN	at	888647  
890577	[1]	:	Key	71	UP	at	888743  
890578	[1]	:	Key	71	DOWN	at	888871  
890579	[1]	:	Key	71	UP	at	888975  
890580	[1]	:	Key	71	DOWN	at	889095  
890582	[2]	:	Key	71	UP	at	889167  
890583	[1]	:	Key	71	DOWN	at	889303  
890584	[1]	:	Key	71	UP	at	889399  
890585	[1]	:	Key	71	DOWN	at	889535  
890586	[1]	:	Key	71	UP	at	889623  
890587	[1]	:	Key	71	DOWN	at	889767  
890588	[1]	:	Key	71	UP	at	889847  
890589	[1]	:	Key	71	DOWN	at	889991  
890590	[1]	:	Key	71	UP	at	890095  
890591	[1]	:	Key	71	DOWN	at	890207  
890592	[1]	:	Key	71	UP	at	890311  
890593	[1]	:	Key	71	DOWN	at	890439  
890594	[1]	:	Key	71	UP	at	890543  
890919	[325]	:	Key	71	DOWN	at	890919  
894210	[3291]	:	Key	71	UP	at	891031  
894212	[2]	:	Key	71	DOWN	at	891423  
894213	[1]	:	Key	71	UP	at	891567  
894214	[1]	:	Key	71	DOWN	at	891823  
894215	[1]	:	Key	71	UP	at	891935  
894216	[1]	:	Key	71	DOWN	at	893368  
894218	[2]	:	Key	71	UP	at	893448  
894744	[526]	:	Key	71	DOWN	at	894744  
898035	[3291]	:	Key	71	UP	at	894816  
898037	[2]	:	Key	71	DOWN	at	895480  
898038	[1]	:	Key	71	UP	at	895552  
898039	[1]	:	Key	71	DOWN	at	896472  
898040	[1]	:	Key	71	UP	at	896568  
898041	[1]	:	Key	71	DOWN	at	897695  
898043	[2]	:	Key	71	UP	at	897839  
898631	[588]	:	Key	71	DOWN	at	898631  
901923	[3292]	:	Key	71	UP	at	898703  
901925	[2]	:	Key	71	DOWN	at	899327  
901926	[1]	:	Key	71	UP	at	899399  
901927	[1]	:	Key	71	DOWN	at	901095  
901928	[1]	:	Key	71	UP	at	901175  
902247	[319]	:	Key	71	DOWN	at	902247  
905545	[3298]	:	Key	71	UP	at	902343  
905547	[2]	:	Key	71	DOWN	at	904879  
905548	[1]	:	Key	71	UP	at	904967  
905863	[315]	:	Key	71	DOWN	at	905863  
909167	[3304]	:	Key	71	UP	at	906007  
909169	[2]	:	Key	71	DOWN	at	906175  
909170	[1]	:	Key	71	UP	at	906295  
909171	[1]	:	Key	71	DOWN	at	906407  
909172	[1]	:	Key	71	UP	at	906511  
909173	[1]	:	Key	71	DOWN	at	906823  
909175	[2]	:	Key	71	UP	at	906951  
909176	[1]	:	Key	71	DOWN	at	907063  
909177	[1]	:	Key	71	UP	at	907167  
909178	[1]	:	Key	71	DOWN	at	907295  
909179	[1]	:	Key	71	UP	at	907399  
909181	[2]	:	Key	71	DOWN	at	907527  
909182	[1]	:	Key	71	UP	at	907623  
909183	[1]	:	Key	71	DOWN	at	907751  
909184	[1]	:	Key	71	UP	at	907879  
909185	[1]	:	Key	71	DOWN	at	908007  
909187	[2]	:	Key	71	UP	at	908095  
909188	[1]	:	Key	71	DOWN	at	908215  
909189	[1]	:	Key	71	UP	at	908319  
909190	[1]	:	Key	71	DOWN	at	908439  
909191	[1]	:	Key	71	UP	at	908527  
909192	[1]	:	Key	71	DOWN	at	908647  
909193	[1]	:	Key	71	UP	at	908751  
909193	[0]	:	Key	71	DOWN	at	908863  
909194	[1]	:	Key	71	UP	at	908991  
909479	[285]	:	Key	71	DOWN	at	909479  
913395	[3916]	:	Key	71	UP	at	909591  
913395	[0]	:	Key	71	DOWN	at	909703  
913395	[0]	:	Key	71	UP	at	909783  
913396	[1]	:	Key	71	DOWN	at	910343  
913396	[0]	:	Key	71	UP	at	910471  
913396	[0]	:	Key	71	DOWN	at	912176  
913396	[0]	:	Key	71	UP	at	912280  
913397	[1]	:	Key	71	DOWN	at	912768  
913397	[0]	:	Key	71	UP	at	912872  
914047	[650]	:	Key	98	DOWN	at	914047  
914119	[72]	:	Key	98	UP	at	914119  
916263	[2144]	:	Key	71	DOWN	at	916263  
917306	[1043]	:	Key	71	UP	at	916335  
919927	[2621]	:	Key	97	DOWN	at	919927  
921055	[1128]	:	Key	97	UP	at	919999  
922199	[1144]	:	Key	97	DOWN	at	922199  
923314	[1115]	:	Key	97	UP	at	922263  
924135	[821]	:	Key	97	DOWN	at	924135  
925251	[1116]	:	Key	97	UP	at	924215  
926223	[972]	:	Key	98	DOWN	at	926223  
927350	[1127]	:	Key	98	UP	at	926311  
928920	[1570]	:	Key	97	DOWN	at	928920  
930030	[1110]	:	Key	97	UP	at	929000  
931215	[1185]	:	Key	98	DOWN	at	931215  
932331	[1116]	:	Key	98	UP	at	931295  
933223	[892]	:	Key	97	DOWN	at	933223  
934335	[1112]	:	Key	97	UP	at	933296  
937271	[2936]	:	Key	98	DOWN	at	937271  
938954	[1683]	:	Key	98	UP	at	937351  
941311	[2357]	:	Key	71	DOWN	at	941311  
942353	[1042]	:	Key	71	UP	at	941383  
943799	[1446]	:	Key	98	DOWN	at	943799  
944925	[1126]	:	Key	98	UP	at	943871  
945920	[995]	:	Key	98	DOWN	at	945920  
947032	[1112]	:	Key	98	UP	at	946000  
947864	[832]	:	Key	97	DOWN	at	947864  
948965	[1101]	:	Key	97	UP	at	947951  
950319	[1354]	:	Key	97	DOWN	at	950319  
951440	[1121]	:	Key	97	UP	at	950367  
952759	[1319]	:	Key	97	DOWN	at	952759  
953886	[1127]	:	Key	97	UP	at	952831  
955911	[2025]	:	Key	98	DOWN	at	955911  
957021	[1110]	:	Key	98	UP	at	955983  
957967	[946]	:	Key	98	DOWN	at	957967  
959090	[1123]	:	Key	98	UP	at	958047  
962183	[3093]	:	Key	98	DOWN	at	962183  
963356	[1173]	:	Key	98	UP	at	962255  
973399	[10043]	:	Key	71	DOWN	at	973399  
973701	[302]	:	Key	71	UP	at	973519  
975287	[1586]	:	Key	71	DOWN	at	975287  
975319	[32]	:	Key	71	UP	at	975319  
975407	[88]	:	Key	71	DOWN	at	975407  
978706	[3299]	:	Key	71	UP	at	975559  
978706	[0]	:	Key	71	DOWN	at	976295  
978707	[1]	:	Key	71	UP	at	976447  
978707	[0]	:	Key	71	DOWN	at	976567  
978707	[0]	:	Key	71	UP	at	976663  
978707	[0]	:	Key	71	DOWN	at	976799  
978708	[1]	:	Key	71	UP	at	976895  
978708	[0]	:	Key	71	DOWN	at	977055  
978708	[0]	:	Key	71	UP	at	977183  
978709	[1]	:	Key	71	DOWN	at	977383  
978709	[0]	:	Key	71	UP	at	977487  
978709	[0]	:	Key	71	DOWN	at	977807  
978709	[0]	:	Key	71	UP	at	977983  
978710	[1]	:	Key	71	DOWN	at	978623  
978718	[8]	:	Key	71	UP	at	978711  
979239	[521]	:	Key	71	DOWN	at	979239  
982547	[3308]	:	Key	71	UP	at	979359  
982549	[2]	:	Key	71	DOWN	at	980111  
982550	[1]	:	Key	71	UP	at	980207  
982551	[1]	:	Key	71	DOWN	at	980343  
982552	[1]	:	Key	71	UP	at	980431  
982554	[2]	:	Key	71	DOWN	at	980559  
982555	[1]	:	Key	71	UP	at	980664  
982557	[2]	:	Key	71	DOWN	at	980776  
982558	[1]	:	Key	71	UP	at	980872  
982559	[1]	:	Key	71	DOWN	at	980976  
982560	[1]	:	Key	71	UP	at	981064  
982561	[1]	:	Key	71	DOWN	at	981176  
982562	[1]	:	Key	71	UP	at	981272  
982563	[1]	:	Key	71	DOWN	at	981376  
982565	[2]	:	Key	71	UP	at	981456  
982566	[1]	:	Key	71	DOWN	at	981576  
982567	[1]	:	Key	71	UP	at	981656  
982568	[1]	:	Key	71	DOWN	at	981784  
982569	[1]	:	Key	71	UP	at	981880  
982570	[1]	:	Key	71	DOWN	at	982000  
982571	[1]	:	Key	71	UP	at	982120  
982572	[1]	:	Key	71	DOWN	at	982232  
982573	[1]	:	Key	71	UP	at	982320  
982573	[0]	:	Key	71	DOWN	at	982440  
982574	[1]	:	Key	71	UP	at	982536  
982672	[98]	:	Key	71	DOWN	at	982672  
985959	[3287]	:	Key	71	UP	at	982768  
985961	[2]	:	Key	71	DOWN	at	982888  
985962	[1]	:	Key	71	UP	at	983000  
985963	[1]	:	Key	71	DOWN	at	983120  
985964	[1]	:	Key	71	UP	at	983208  
985965	[1]	:	Key	71	DOWN	at	983336  
985967	[2]	:	Key	71	UP	at	983423  
985968	[1]	:	Key	71	DOWN	at	983543  
985969	[1]	:	Key	71	UP	at	983671  
985970	[1]	:	Key	71	DOWN	at	983783  
985971	[1]	:	Key	71	UP	at	983919  
985972	[1]	:	Key	71	DOWN	at	984031  
985973	[1]	:	Key	71	UP	at	984119  
985974	[1]	:	Key	71	DOWN	at	984223  
985975	[1]	:	Key	71	UP	at	984319  
985976	[1]	:	Key	71	DOWN	at	984423  
985978	[2]	:	Key	71	UP	at	984503  
985980	[2]	:	Key	71	DOWN	at	984639  
985981	[1]	:	Key	71	UP	at	984719  
985982	[1]	:	Key	71	DOWN	at	984847  
985983	[1]	:	Key	71	UP	at	984935  
985985	[2]	:	Key	71	DOWN	at	985072  
985986	[1]	:	Key	71	UP	at	985152  
985987	[1]	:	Key	71	DOWN	at	985279  
985988	[1]	:	Key	71	UP	at	985359  
985989	[1]	:	Key	71	DOWN	at	985487  
985990	[1]	:	Key	71	UP	at	985567  
985991	[1]	:	Key	71	DOWN	at	985688  
985993	[2]	:	Key	71	UP	at	985768  
985993	[0]	:	Key	71	DOWN	at	985887  
986002	[9]	:	Key	71	UP	at	985975  
986103	[101]	:	Key	71	DOWN	at	986103  
989413	[3310]	:	Key	71	UP	at	986183  
989415	[2]	:	Key	71	DOWN	at	986311  
989416	[1]	:	Key	71	UP	at	986391  
989417	[1]	:	Key	71	DOWN	at	986503  
989418	[1]	:	Key	71	UP	at	986575  
989419	[1]	:	Key	71	DOWN	at	986695  
989421	[2]	:	Key	71	UP	at	986807  
989422	[1]	:	Key	71	DOWN	at	986927  
989423	[1]	:	Key	71	UP	at	986983  
989424	[1]	:	Key	71	DOWN	at	987111  
989425	[1]	:	Key	71	UP	at	987199  
989426	[1]	:	Key	71	DOWN	at	987335  
989427	[1]	:	Key	71	UP	at	987415  
989428	[1]	:	Key	71	DOWN	at	987551  
989429	[1]	:	Key	71	UP	at	987615  
989430	[1]	:	Key	71	DOWN	at	987751  
989431	[1]	:	Key	71	UP	at	987839  
989433	[2]	:	Key	71	DOWN	at	988007  
989434	[1]	:	Key	71	UP	at	988071  
989435	[1]	:	Key	71	DOWN	at	988247  
989436	[1]	:	Key	71	UP	at	988311  
989437	[1]	:	Key	71	DOWN	at	988471  
989438	[1]	:	Key	71	UP	at	988543  
989439	[1]	:	Key	71	DOWN	at	988719  
989440	[1]	:	Key	71	UP	at	988791  
989441	[1]	:	Key	71	DOWN	at	988951  
989442	[1]	:	Key	71	UP	at	989047  
989443	[1]	:	Key	71	DOWN	at	989191  
989443	[0]	:	Key	71	UP	at	989271  
990767	[1324]	:	Key	71	DOWN	at	990767  
994046	[3279]	:	Key	71	UP	at	990839  
994046	[0]	:	Key	71	DOWN	at	991111  
994047	[1]	:	Key	71	UP	at	991191  
994047	[0]	:	Key	71	DOWN	at	991383  
994047	[0]	:	Key	71	UP	at	991479  
994048	[1]	:	Key	71	DOWN	at	991775  
994048	[0]	:	Key	71	UP	at	991847  
994048	[0]	:	Key	71	DOWN	at	992119  
994049	[1]	:	Key	71	UP	at	992183  
994049	[0]	:	Key	71	DOWN	at	992559  
994049	[0]	:	Key	71	UP	at	992655  
994050	[1]	:	Key	71	DOWN	at	992887  
994050	[0]	:	Key	71	UP	at	992959  
994050	[0]	:	Key	71	DOWN	at	993287  
994050	[0]	:	Key	71	UP	at	993359  
994051	[1]	:	Key	71	DOWN	at	993671  
994051	[0]	:	Key	71	UP	at	993735  
994051	[0]	:	Key	71	DOWN	at	994007  
994063	[12]	:	Key	71	UP	at	994063  
994479	[416]	:	Key	71	DOWN	at	994479  
997758	[3279]	:	Key	71	UP	at	994543  
997758	[0]	:	Key	71	DOWN	at	994791  
997758	[0]	:	Key	71	UP	at	994879  
997759	[1]	:	Key	71	DOWN	at	995079  
997759	[0]	:	Key	71	UP	at	995151  
997759	[0]	:	Key	71	DOWN	at	995375  
997760	[1]	:	Key	71	UP	at	995439  
997760	[0]	:	Key	71	DOWN	at	995647  
997760	[0]	:	Key	71	UP	at	995727  
997761	[1]	:	Key	71	DOWN	at	995927  
997761	[0]	:	Key	71	UP	at	995999  
997761	[0]	:	Key	71	DOWN	at	996159  
997761	[0]	:	Key	71	UP	at	996239  
997762	[1]	:	Key	71	DOWN	at	996415  
997762	[0]	:	Key	71	UP	at	996487  
997762	[0]	:	Key	71	DOWN	at	996647  
997763	[1]	:	Key	71	UP	at	996727  
997763	[0]	:	Key	71	DOWN	at	996887  
997764	[1]	:	Key	71	UP	at	996967  
997764	[0]	:	Key	71	DOWN	at	997135  
997764	[0]	:	Key	71	UP	at	997207  
997764	[0]	:	Key	71	DOWN	at	997407  
997765	[1]	:	Key	71	UP	at	997471  
998864	[1099]	:	Key	71	DOWN	at	998864  
1002165	[3301]	:	Key	71	UP	at	999056  
1002166	[1]	:	Key	71	DOWN	at	999672  
1002167	[1]	:	Key	71	UP	at	999840  
1002168	[1]	:	Key	71	DOWN	at	1001976 
1002169	[1]	:	Key	71	UP	at	1002064 
1002735	[566]	:	Key	71	DOWN	at	1002735 
1006630	[3895]	:	Key	71	UP	at	1002855 
1006630	[0]	:	Key	71	DOWN	at	1003503 
1006630	[0]	:	Key	71	UP	at	1003559 
1006631	[1]	:	Key	71	DOWN	at	1005063 
1006631	[0]	:	Key	71	UP	at	1005215 
1007551	[920]	:	Key	71	DOWN	at	1007551 
1008589	[1038]	:	Key	71	UP	at	1007623 
1009911	[1322]	:	Key	97	DOWN	at	1009911 
1011001	[1090]	:	Key	97	UP	at	1009984 
1012207	[1206]	:	Key	98	DOWN	at	1012207 
1013332	[1125]	:	Key	98	UP	at	1012295 
1014415	[1083]	:	Key	97	DOWN	at	1014415 
1015506	[1091]	:	Key	97	UP	at	1014431 
1015507	[1]	:	Key	95	DOWN	at	1014903 
1015507	[0]	:	Key	95	UP	at	1014943 
1016888	[1381]	:	Key	97	DOWN	at	1016888 
1017993	[1105]	:	Key	97	UP	at	1016952 
1019351	[1358]	:	Key	98	DOWN	at	1019351 
1020452	[1101]	:	Key	98	UP	at	1019415 
1021287	[835]	:	Key	97	DOWN	at	1021287 
1022412	[1125]	:	Key	97	UP	at	1021415 
1024638	[2226]	:	Key	98	DOWN	at	1024638 
1025728	[1090]	:	Key	98	UP	at	1024734 
1027055	[1327]	:	Key	98	DOWN	at	1027055 
1028689	[1634]	:	Key	98	UP	at	1027199 
1029807	[1118]	:	Key	71	DOWN	at	1029807 
1030824	[1017]	:	Key	71	UP	at	1029887 
1035280	[4456]	:	Key	97	DOWN	at	1035280 
1036397	[1117]	:	Key	97	UP	at	1035359 
1039471	[3074]	:	Key	98	DOWN	at	1039471 
1040594	[1123]	:	Key	98	UP	at	1039663 
1041607	[1013]	:	Key	97	DOWN	at	1041607 
1042700	[1093]	:	Key	97	UP	at	1041727 
1043415	[715]	:	Key	97	DOWN	at	1043415 
1044539	[1124]	:	Key	97	UP	at	1043535 
1045351	[812]	:	Key	98	DOWN	at	1045351 
1046441	[1090]	:	Key	98	UP	at	1045494 
1047926	[1485]	:	Key	98	DOWN	at	1047926 
1049045	[1119]	:	Key	98	UP	at	1048095 
1052024	[2979]	:	Key	97	DOWN	at	1052024 
1053136	[1112]	:	Key	97	UP	at	1052128 
1054848	[1712]	:	Key	98	DOWN	at	1054848 
1056025	[1177]	:	Key	98	UP	at	1054879 
1056951	[926]	:	Key	98	DOWN	at	1056951 
1057095	[144]	:	Key	98	UP	at	1057095 
1057583	[488]	:	Key	71	DOWN	at	1057583 
1057902	[319]	:	Key	71	UP	at	1057751 
1058327	[425]	:	Key	71	DOWN	at	1058327 
1058463	[136]	:	Key	71	UP	at	1058463 
1058767	[304]	:	Key	71	DOWN	at	1058767 
1062070	[3303]	:	Key	71	UP	at	1058879 
1062072	[2]	:	Key	71	DOWN	at	1059511 
1062073	[1]	:	Key	71	UP	at	1059615 
1062074	[1]	:	Key	71	DOWN	at	1061527 
1062075	[1]	:	Key	71	UP	at	1061631 
1062535	[460]	:	Key	71	DOWN	at	1062535 
1065823	[3288]	:	Key	71	UP	at	1062647 
1065825	[2]	:	Key	71	DOWN	at	1063359 
1065826	[1]	:	Key	71	UP	at	1063439 
1065827	[1]	:	Key	71	DOWN	at	1064815 
1065828	[1]	:	Key	71	UP	at	1064919 
1066351	[523]	:	Key	71	DOWN	at	1066351 
1069652	[3301]	:	Key	71	UP	at	1066471 
1069652	[0]	:	Key	71	DOWN	at	1068104 
1069653	[1]	:	Key	71	UP	at	1068256 
1073455	[3802]	:	Key	71	DOWN	at	1073455 
1076759	[3304]	:	Key	71	UP	at	1073528 
1076761	[2]	:	Key	71	DOWN	at	1074040 
1076762	[1]	:	Key	71	UP	at	1074104 
1076763	[1]	:	Key	71	DOWN	at	1076031 
1076764	[1]	:	Key	71	UP	at	1076103 
1077239	[475]	:	Key	71	DOWN	at	1077239 
1080537	[3298]	:	Key	71	UP	at	1077319 
1080537	[0]	:	Key	71	DOWN	at	1077927 
1080538	[1]	:	Key	71	UP	at	1078015 
1080538	[0]	:	Key	71	DOWN	at	1078551 
1080538	[0]	:	Key	71	UP	at	1078615 
1080538	[0]	:	Key	71	DOWN	at	1078775 
1080539	[1]	:	Key	71	UP	at	1078879 
1080539	[0]	:	Key	71	DOWN	at	1078943 
1080539	[0]	:	Key	71	UP	at	1079055 
1080540	[1]	:	Key	71	DOWN	at	1079127 
1080540	[0]	:	Key	71	UP	at	1079239 
1080540	[0]	:	Key	71	DOWN	at	1079335 
1080541	[1]	:	Key	71	UP	at	1079431 
1080541	[0]	:	Key	71	DOWN	at	1079503 
1080541	[0]	:	Key	71	UP	at	1079591 
1080542	[1]	:	Key	71	DOWN	at	1079695 
1080542	[0]	:	Key	71	UP	at	1079775 
1080542	[0]	:	Key	71	DOWN	at	1079871 
1080543	[1]	:	Key	71	UP	at	1079975 
1080543	[0]	:	Key	71	DOWN	at	1080071 
1080543	[0]	:	Key	71	UP	at	1080183 
1080544	[1]	:	Key	71	DOWN	at	1080295 
1080544	[0]	:	Key	71	UP	at	1080399 
1080544	[0]	:	Key	71	DOWN	at	1080495 
1080599	[55]	:	Key	71	UP	at	1080599 
1080695	[96]	:	Key	71	DOWN	at	1080695 
1084006	[3311]	:	Key	71	UP	at	1080791 
1084006	[0]	:	Key	71	DOWN	at	1080895 
1084006	[0]	:	Key	71	UP	at	1080975 
1084007	[1]	:	Key	71	DOWN	at	1081095 
1084007	[0]	:	Key	71	UP	at	1081175 
1084007	[0]	:	Key	71	DOWN	at	1081295 
1084008	[1]	:	Key	71	UP	at	1081391 
1084008	[0]	:	Key	71	DOWN	at	1081487 
1084008	[0]	:	Key	71	UP	at	1081567 
1084008	[0]	:	Key	71	DOWN	at	1081679 
1084009	[1]	:	Key	71	UP	at	1081759 
1084009	[0]	:	Key	71	DOWN	at	1081871 
1084009	[0]	:	Key	71	UP	at	1081943 
1084010	[1]	:	Key	71	DOWN	at	1082071 
1084010	[0]	:	Key	71	UP	at	1082167 
1084010	[0]	:	Key	71	DOWN	at	1082271 
1084010	[0]	:	Key	71	UP	at	1082367 
1084011	[1]	:	Key	71	DOWN	at	1082463 
1084011	[0]	:	Key	71	UP	at	1082583 
1084011	[0]	:	Key	71	DOWN	at	1082695 
1084012	[1]	:	Key	71	UP	at	1082807 
1084012	[0]	:	Key	71	DOWN	at	1082919 
1084012	[0]	:	Key	71	UP	at	1083015 
1084013	[1]	:	Key	71	DOWN	at	1083135 
1084013	[0]	:	Key	71	UP	at	1083215 
1084013	[0]	:	Key	71	DOWN	at	1083351 
1084013	[0]	:	Key	71	UP	at	1083439 
1084014	[1]	:	Key	71	DOWN	at	1083575 
1084014	[0]	:	Key	71	UP	at	1083663 
1084014	[0]	:	Key	71	DOWN	at	1083799 
1084014	[0]	:	Key	71	UP	at	1083887 
1084039	[25]	:	Key	71	DOWN	at	1084039 
1087332	[3293]	:	Key	71	UP	at	1084127 
1087334	[2]	:	Key	71	DOWN	at	1084407 
1087335	[1]	:	Key	71	UP	at	1084495 
1087336	[1]	:	Key	71	DOWN	at	1084607 
1087337	[1]	:	Key	71	UP	at	1084719 
1087338	[1]	:	Key	71	DOWN	at	1084887 
1087339	[1]	:	Key	71	UP	at	1085015 
1087341	[2]	:	Key	71	DOWN	at	1085479 
1087342	[1]	:	Key	71	UP	at	1085632 
1087343	[1]	:	Key	71	DOWN	at	1086456 
1087344	[1]	:	Key	71	UP	at	1086584 
1087345	[1]	:	Key	71	DOWN	at	1086800 
1087347	[2]	:	Key	71	UP	at	1086920 
1087348	[1]	:	Key	71	DOWN	at	1087144 
1087349	[1]	:	Key	71	UP	at	1087216 
1087872	[523]	:	Key	71	DOWN	at	1087872 
1091788	[3916]	:	Key	71	UP	at	1088016 
1091788	[0]	:	Key	71	DOWN	at	1088152 
1091788	[0]	:	Key	71	UP	at	1088304 
1091789	[1]	:	Key	71	DOWN	at	1088528 
1091789	[0]	:	Key	71	UP	at	1088664 
1091789	[0]	:	Key	71	DOWN	at	1088848 
1091790	[1]	:	Key	71	UP	at	1088984 
1091790	[0]	:	Key	71	DOWN	at	1089224 
1091790	[0]	:	Key	71	UP	at	1089312 
1091791	[1]	:	Key	71	DOWN	at	1089664 
1091791	[0]	:	Key	71	UP	at	1089792 
1091791	[0]	:	Key	71	DOWN	at	1089896 
1091791	[0]	:	Key	71	UP	at	1090024 
1091792	[1]	:	Key	71	DOWN	at	1090096 
1091792	[0]	:	Key	71	UP	at	1090208 
1091792	[0]	:	Key	71	DOWN	at	1090312 
1091792	[0]	:	Key	71	UP	at	1090432 
1091793	[1]	:	Key	71	DOWN	at	1090519 
1091793	[0]	:	Key	71	UP	at	1090647 
1091793	[0]	:	Key	71	DOWN	at	1090783 
1091794	[1]	:	Key	71	UP	at	1090871 
1091794	[0]	:	Key	71	DOWN	at	1091008 
1091794	[0]	:	Key	71	UP	at	1091128 
1091794	[0]	:	Key	71	DOWN	at	1091272 
1091795	[1]	:	Key	71	UP	at	1091392 
1091795	[0]	:	Key	71	DOWN	at	1091584 
1091795	[0]	:	Key	71	UP	at	1091695 
1091887	[92]	:	Key	71	DOWN	at	1091887 
1092932	[1045]	:	Key	71	UP	at	1092007 
1094695	[1763]	:	Key	97	DOWN	at	1094695 
1095834	[1139]	:	Key	97	UP	at	1094743 
1096575	[741]	:	Key	98	DOWN	at	1096575 
1097715	[1140]	:	Key	98	UP	at	1096663 
1098727	[1012]	:	Key	98	DOWN	at	1098727 
1099851	[1124]	:	Key	98	UP	at	1098807 
1100935	[1084]	:	Key	98	DOWN	at	1100935 
1102064	[1129]	:	Key	98	UP	at	1100999 
1103688	[1624]	:	Key	97	DOWN	at	1103688 
1104823	[1135]	:	Key	97	UP	at	1103752 
1106016	[1193]	:	Key	97	DOWN	at	1106016 
1107143	[1127]	:	Key	97	UP	at	1106080 
1108447	[1304]	:	Key	97	DOWN	at	1108447 
1109575	[1128]	:	Key	97	UP	at	1108535 
1110543	[968]	:	Key	97	DOWN	at	1110543 
1112221	[1678]	:	Key	97	UP	at	1110623 
1114199	[1978]	:	Key	71	DOWN	at	1114199 
1115243	[1044]	:	Key	71	UP	at	1114255 
1116103	[860]	:	Key	98	DOWN	at	1116103 
1117220	[1117]	:	Key	98	UP	at	1116175 
1118503	[1283]	:	Key	98	DOWN	at	1118503 
1119623	[1120]	:	Key	98	UP	at	1118599 
1120415	[792]	:	Key	98	DOWN	at	1120415 
1121541	[1126]	:	Key	98	UP	at	1120504 
1122864	[1323]	:	Key	97	DOWN	at	1122864 
1123974	[1110]	:	Key	97	UP	at	1122936 
1125648	[1674]	:	Key	97	DOWN	at	1125648 
1126784	[1136]	:	Key	97	UP	at	1125695 
1127671	[887]	:	Key	97	DOWN	at	1127671 
1128795	[1124]	:	Key	97	UP	at	1127752 
1129575	[780]	:	Key	98	DOWN	at	1129575 
1130695	[1120]	:	Key	98	UP	at	1129671 
1131935	[1240]	:	Key	97	DOWN	at	1131935 
1133158	[1223]	:	Key	97	UP	at	1131999 
1135535	[2377]	:	Key	71	DOWN	at	1135535 
1135866	[331]	:	Key	71	UP	at	1135631 
1167847	[31981]	:	Key	71	DOWN	at	1167847 
1167927	[80]	:	Key	71	UP	at	1167927 
1172183	[4256]	:	Key	97	DOWN	at	1172183 
1172328	[145]	:	Key	97	UP	at	1172263 
1181167	[8839]	:	Key	97	DOWN	at	1181167 
1181253	[86]	:	Key	97	UP	at	1181248 
1195944	[14691]	:	Key	97	DOWN	at	1195944 
1196039	[95]	:	Key	97	UP	at	1196039 
1211928	[15889]	:	Key	98	DOWN	at	1211928 
1212072	[144]	:	Key	98	UP	at	1212072 
1220775	[8703]	:	Key	98	DOWN	at	1220775 
1220951	[176]	:	Key	98	UP	at	1220951 
1223199	[2248]	:	Key	97	DOWN	at	1223199 
1223303	[104]	:	Key	97	UP	at	1223303 
1235959	[12656]	:	Key	98	DOWN	at	1235959 
1236103	[144]	:	Key	98	UP	at	1236103 
1236767	[664]	:	Key	97	DOWN	at	1236767 
1236912	[145]	:	Key	97	UP	at	1236911 
1237111	[199]	:	Key	97	DOWN	at	1237111 
1237239	[128]	:	Key	97	UP	at	1237239 
1239511	[2272]	:	Key	97	DOWN	at	1239511 
1239612	[101]	:	Key	97	UP	at	1239583 
1257847	[18235]	:	Key	98	DOWN	at	1257847 
1258000	[153]	:	Key	98	UP	at	1257999 
1258863	[863]	:	Key	97	DOWN	at	1258863 
1258991	[128]	:	Key	97	UP	at	1258991 
1259191	[200]	:	Key	97	DOWN	at	1259191 
1259327	[136]	:	Key	97	UP	at	1259327 
1288943	[29616]	:	Key	97	DOWN	at	1288943 
1289191	[248]	:	Key	97	UP	at	1289191 
1298128	[8937]	:	Key	97	DOWN	at	1298128 
1298320	[192]	:	Key	97	UP	at	1298320 
1307519	[9199]	:	Key	97	DOWN	at	1307519 
1307623	[104]	:	Key	97	UP	at	1307623 
1316504	[8881]	:	Key	97	DOWN	at	1316504 
1316616	[112]	:	Key	97	UP	at	1316616 
1335240	[18624]	:	Key	97	DOWN	at	1335240 
1335352	[112]	:	Key	97	UP	at	1335352 
1350040	[14688]	:	Key	97	DOWN	at	1350040 
1350160	[120]	:	Key	97	UP	at	1350160 
1358543	[8383]	:	Key	97	DOWN	at	1358543 
1358655	[112]	:	Key	97	UP	at	1358655 
1372256	[13601]	:	Key	97	DOWN	at	1372256 
1372360	[104]	:	Key	97	UP	at	1372360 
1381439	[9079]	:	Key	97	DOWN	at	1381439 
1381551	[112]	:	Key	97	UP	at	1381551 
1394215	[12664]	:	Key	97	DOWN	at	1394215 
1394368	[153]	:	Key	97	UP	at	1394311 
1422456	[28088]	:	Key	97	DOWN	at	1422456 
1422600	[144]	:	Key	97	UP	at	1422600 
1458936	[36336]	:	Key	97	DOWN	at	1458936 
1459026	[90]	:	Key	97	UP	at	1458992 
1478648	[19622]	:	Key	97	DOWN	at	1478648 
1478760	[112]	:	Key	97	UP	at	1478760 
1493584	[14824]	:	Key	97	DOWN	at	1493584 
1493667	[83]	:	Key	97	UP	at	1493664 
1528400	[34733]	:	Key	97	DOWN	at	1528400 
1529400	[1000]	:	Key	97	UP	at	1528480 
1534951	[5551]	:	Key	71	DOWN	at	1534951 
1535248	[297]	:	Key	71	UP	at	1535072 
1536879	[1631]	:	Key	71	DOWN	at	1536879 
1626831	[89952]	:	Key	71	DOWN	at	1626831 
1626908	[77]	:	Key	71	UP	at	1626895 
1628088	[1180]	:	Key	71	DOWN	at	1628088 
1994954	[366866]	:	Key	71	DOWN	at	1994576 
1994955	[1]	:	Key	71	UP	at	1994761 
2286519	[291564]	:	Key	97	DOWN	at	2286519 
2287519	[1000]	:	Key	97	UP	at	2286607 
2290455	[2936]	:	Key	71	DOWN	at	2290455 
2476591	[186136]	:	Key	71	DOWN	at	2475008 
2476592	[1]	:	Key	71	UP	at	2475128 
2760897	[284305]	:	Key	71	DOWN	at	2759223 
2760898	[1]	:	Key	71	UP	at	2759295 
2892414	[131516]	:	Key	97	DOWN	at	2892414 
2893414	[1000]	:	Key	97	UP	at	2892478 
2895406	[1992]	:	Key	71	DOWN	at	2895406 
3544341	[648935]	:	Key	97	DOWN	at	3544341 
3545341	[1000]	:	Key	97	UP	at	3544437 
3546589	[1248]	:	Key	71	DOWN	at	3546589 
4155350	[608761]	:	Key	97	DOWN	at	4155350 
4156350	[1000]	:	Key	97	UP	at	4155421 
4157541	[1191]	:	Key	71	DOWN	at	4157541 
5548450	[1390909]	:	Key	71	DOWN	at	5548450 
5548513	[63]	:	COGENT STOP
