Cog2000 log file Tue Feb 09 10:09:55 2021
gprim v1.33 Compiled:Aug 12 2015 (GLib DirectDraw v7 DX10.0 Compiled:Aug 12 2015)
Display:1024x768x32 59.99Hz
Attaching E:\saharrajabi\final mbmf+drug task\cogent2000v1.33\toolbox\CogInput.mexw64
CogInput v1.05 Compiled: May 20 2010
3	[3]	:	COGENT START
23165	[23162]	:	Key	97	DOWN	at	23165   
23257	[92]	:	Key	97	UP	at	23188   
25874	[2617]	:	Key	97	DOWN	at	25874   
25994	[120]	:	Key	97	UP	at	25994   
26266	[272]	:	Key	97	DOWN	at	26266   
27266	[1000]	:	Key	97	UP	at	26346   
28384	[1118]	:	Key	97	DOWN	at	28384   
28448	[64]	:	Key	97	UP	at	28448   
29560	[1112]	:	Key	71	DOWN	at	29560   
29851	[291]	:	Key	71	UP	at	29600   
33112	[3261]	:	Key	71	DOWN	at	33112   
36532	[3420]	:	Key	71	UP	at	33177   
39400	[2868]	:	Key	71	DOWN	at	39400   
42706	[3306]	:	Key	71	UP	at	39505   
44616	[1910]	:	Key	71	DOWN	at	44616   
47913	[3297]	:	Key	71	UP	at	44729   
49112	[1199]	:	Key	71	DOWN	at	49112   
52414	[3302]	:	Key	71	UP	at	49225   
52416	[2]	:	Key	71	DOWN	at	51640   
52417	[1]	:	Key	71	UP	at	51704   
54233	[1816]	:	Key	71	DOWN	at	54233   
57533	[3300]	:	Key	71	UP	at	54385   
58984	[1451]	:	Key	71	DOWN	at	58984   
62284	[3300]	:	Key	71	UP	at	59112   
63904	[1620]	:	Key	71	DOWN	at	63904   
67203	[3299]	:	Key	71	UP	at	63993   
69015	[1812]	:	Key	71	DOWN	at	69015   
72302	[3287]	:	Key	71	UP	at	69120   
73800	[1498]	:	Key	71	DOWN	at	73800   
77101	[3301]	:	Key	71	UP	at	73913   
77103	[2]	:	Key	71	DOWN	at	76320   
77104	[1]	:	Key	71	UP	at	76481   
77800	[696]	:	Key	71	DOWN	at	77800   
81099	[3299]	:	Key	71	UP	at	78000   
81101	[2]	:	Key	71	DOWN	at	81017   
81176	[75]	:	Key	71	UP	at	81176   
81904	[728]	:	Key	71	DOWN	at	81904   
85194	[3290]	:	Key	71	UP	at	82065   
85194	[0]	:	Key	71	DOWN	at	83497   
85195	[1]	:	Key	71	UP	at	83657   
85195	[0]	:	Key	71	DOWN	at	84705   
85195	[0]	:	Key	71	UP	at	84897   
86880	[1685]	:	Key	71	DOWN	at	86880   
90180	[3300]	:	Key	71	UP	at	87000   
90182	[2]	:	Key	71	DOWN	at	89696   
90183	[1]	:	Key	71	UP	at	89881   
91198	[1015]	:	Key	71	DOWN	at	91198   
94498	[3300]	:	Key	71	UP	at	91343   
94500	[2]	:	Key	71	DOWN	at	93703   
94501	[1]	:	Key	71	UP	at	93815   
96022	[1521]	:	Key	71	DOWN	at	96022   
99323	[3301]	:	Key	71	UP	at	96183   
99325	[2]	:	Key	71	DOWN	at	98383   
99326	[1]	:	Key	71	UP	at	98495   
102070	[2744]	:	Key	71	DOWN	at	102070  
105372	[3302]	:	Key	71	UP	at	102191  
105374	[2]	:	Key	71	DOWN	at	104558  
105375	[1]	:	Key	71	UP	at	104662  
106382	[1007]	:	Key	71	DOWN	at	106382  
109680	[3298]	:	Key	71	UP	at	106527  
110607	[927]	:	Key	71	DOWN	at	110607  
113907	[3300]	:	Key	71	UP	at	110799  
114422	[515]	:	Key	71	DOWN	at	114422  
117712	[3290]	:	Key	71	UP	at	114559  
117714	[2]	:	Key	71	DOWN	at	116767  
117715	[1]	:	Key	71	UP	at	116967  
118126	[411]	:	Key	71	DOWN	at	118126  
121415	[3289]	:	Key	71	UP	at	118287  
121417	[2]	:	Key	71	DOWN	at	118919  
121418	[1]	:	Key	71	UP	at	119079  
121419	[1]	:	Key	71	DOWN	at	120471  
121420	[1]	:	Key	71	UP	at	120655  
121421	[1]	:	Key	71	DOWN	at	121415  
121502	[81]	:	Key	71	UP	at	121502  
121758	[256]	:	Key	71	DOWN	at	121758  
125061	[3303]	:	Key	71	UP	at	121926  
125063	[2]	:	Key	71	DOWN	at	122214  
125064	[1]	:	Key	71	UP	at	122426  
125065	[1]	:	Key	71	DOWN	at	122639  
125066	[1]	:	Key	71	UP	at	122839  
125067	[1]	:	Key	71	DOWN	at	123055  
125068	[1]	:	Key	71	UP	at	123215  
125069	[1]	:	Key	71	DOWN	at	123383  
125070	[1]	:	Key	71	UP	at	123527  
125071	[1]	:	Key	71	DOWN	at	123703  
125072	[1]	:	Key	71	UP	at	123832  
125073	[1]	:	Key	71	DOWN	at	123943  
125075	[2]	:	Key	71	UP	at	124055  
125076	[1]	:	Key	71	DOWN	at	124167  
125077	[1]	:	Key	71	UP	at	124271  
125078	[1]	:	Key	71	DOWN	at	124391  
125079	[1]	:	Key	71	UP	at	124470  
125080	[1]	:	Key	71	DOWN	at	124582  
125081	[1]	:	Key	71	UP	at	124687  
125083	[2]	:	Key	71	DOWN	at	124808  
125084	[1]	:	Key	71	UP	at	124983  
125096	[12]	:	Key	71	DOWN	at	125095  
125223	[127]	:	Key	71	UP	at	125223  
125343	[120]	:	Key	71	DOWN	at	125343  
128643	[3300]	:	Key	71	UP	at	125519  
128934	[291]	:	Key	71	DOWN	at	128934  
132234	[3300]	:	Key	71	UP	at	129062  
135590	[3356]	:	Key	71	DOWN	at	135590  
138881	[3291]	:	Key	71	UP	at	135663  
138883	[2]	:	Key	2	DOWN	at	138062  
138884	[1]	:	Key	2	UP	at	138102  
139310	[426]	:	Key	71	DOWN	at	139310  
142604	[3294]	:	Key	71	UP	at	139350  
142606	[2]	:	Key	71	DOWN	at	139646  
142607	[1]	:	Key	71	UP	at	139784  
142608	[1]	:	Key	71	DOWN	at	141511  
142609	[1]	:	Key	71	UP	at	141615  
143295	[686]	:	Key	71	DOWN	at	143295  
146596	[3301]	:	Key	71	UP	at	143471  
146598	[2]	:	Key	71	DOWN	at	144087  
146599	[1]	:	Key	71	UP	at	144231  
146600	[1]	:	Key	71	DOWN	at	145855  
146601	[1]	:	Key	71	UP	at	145975  
148022	[1421]	:	Key	71	DOWN	at	148022  
151323	[3301]	:	Key	71	UP	at	148143  
151325	[2]	:	Key	71	DOWN	at	148855  
151326	[1]	:	Key	71	UP	at	148975  
151327	[1]	:	Key	71	DOWN	at	150407  
151328	[1]	:	Key	71	UP	at	150495  
152277	[949]	:	Key	71	DOWN	at	152277  
155577	[3300]	:	Key	71	UP	at	152407  
155579	[2]	:	Key	71	DOWN	at	154735  
155580	[1]	:	Key	71	UP	at	154951  
158236	[2656]	:	Key	71	DOWN	at	158236  
158237	[1]	:	Key	71	UP	at	158237  
161538	[3301]	:	Key	71	DOWN	at	158447  
161540	[2]	:	Key	71	UP	at	158639  
161541	[1]	:	Key	71	DOWN	at	160567  
161542	[1]	:	Key	71	UP	at	160711  
162662	[1120]	:	Key	71	DOWN	at	162662  
165967	[3305]	:	Key	71	UP	at	162751  
165969	[2]	:	Key	71	DOWN	at	163455  
165970	[1]	:	Key	71	UP	at	163583  
165971	[1]	:	Key	71	DOWN	at	164607  
165972	[1]	:	Key	71	UP	at	164759  
165973	[1]	:	Key	71	DOWN	at	164927  
165974	[1]	:	Key	71	UP	at	165103  
165975	[1]	:	Key	71	DOWN	at	165367  
165977	[2]	:	Key	71	UP	at	165479  
165978	[1]	:	Key	71	DOWN	at	165679  
165979	[1]	:	Key	71	UP	at	165815  
166238	[259]	:	Key	71	DOWN	at	166238  
169546	[3308]	:	Key	71	UP	at	166399  
169548	[2]	:	Key	71	DOWN	at	166591  
169549	[1]	:	Key	71	UP	at	166727  
169550	[1]	:	Key	71	DOWN	at	166982  
169551	[1]	:	Key	71	UP	at	167111  
169552	[1]	:	Key	71	DOWN	at	167239  
169553	[1]	:	Key	71	UP	at	167391  
169554	[1]	:	Key	71	DOWN	at	167511  
169555	[1]	:	Key	71	UP	at	167631  
169556	[1]	:	Key	71	DOWN	at	167751  
169557	[1]	:	Key	71	UP	at	167911  
169559	[2]	:	Key	71	DOWN	at	168023  
169560	[1]	:	Key	71	UP	at	168167  
169561	[1]	:	Key	71	DOWN	at	168295  
169562	[1]	:	Key	71	UP	at	168439  
169563	[1]	:	Key	71	DOWN	at	168519  
169564	[1]	:	Key	71	UP	at	168671  
169565	[1]	:	Key	71	DOWN	at	168775  
169566	[1]	:	Key	71	UP	at	168901  
169567	[1]	:	Key	71	DOWN	at	169021  
169568	[1]	:	Key	71	UP	at	169151  
169570	[2]	:	Key	71	DOWN	at	169271  
169571	[1]	:	Key	71	UP	at	169383  
169572	[1]	:	Key	71	DOWN	at	169527  
169678	[106]	:	Key	71	UP	at	169678  
169782	[104]	:	Key	71	DOWN	at	169782  
173085	[3303]	:	Key	71	UP	at	169927  
173085	[0]	:	Key	71	DOWN	at	170039  
173085	[0]	:	Key	71	UP	at	170151  
173086	[1]	:	Key	71	DOWN	at	170279  
173086	[0]	:	Key	71	UP	at	170391  
173086	[0]	:	Key	71	DOWN	at	170517  
173087	[1]	:	Key	71	UP	at	170621  
173087	[0]	:	Key	71	DOWN	at	170750  
173087	[0]	:	Key	71	UP	at	170847  
173087	[0]	:	Key	71	DOWN	at	170990  
173088	[1]	:	Key	71	UP	at	171118  
173088	[0]	:	Key	71	DOWN	at	171358  
173088	[0]	:	Key	71	UP	at	171413  
173089	[1]	:	Key	71	DOWN	at	171663  
173089	[0]	:	Key	71	UP	at	171718  
173256	[167]	:	Key	71	DOWN	at	173256  
173256	[0]	:	Key	71	UP	at	173256  
173256	[0]	:	Key	71	DOWN	at	173256  
173258	[2]	:	Key	71	UP	at	173257  
173259	[1]	:	Key	71	DOWN	at	173257  
173259	[0]	:	Key	71	UP	at	173257  
173259	[0]	:	Key	71	DOWN	at	173258  
173260	[1]	:	Key	71	UP	at	173258  
176734	[3474]	:	COGENT STOP
Cog2000 log file Tue Feb 09 10:14:24 2021
gprim v1.33 Compiled:Aug 12 2015 (GLib DirectDraw v7 DX10.0 Compiled:Aug 12 2015)
Display:1024x768x32 60.02Hz
Attaching E:\saharrajabi\final mbmf+drug task\cogent2000v1.33\toolbox\CogInput.mexw64
CogInput v1.05 Compiled: May 20 2010
2	[2]	:	COGENT START
1495	[1493]	:	Key	97	DOWN	at	1494    
1623	[128]	:	Key	97	UP	at	1622    
1958	[335]	:	Key	97	DOWN	at	1958    
2077	[119]	:	Key	97	UP	at	2077    
2478	[401]	:	Key	97	DOWN	at	2478    
3478	[1000]	:	Key	97	UP	at	2598    
4126	[648]	:	Key	97	DOWN	at	4126    
4213	[87]	:	Key	97	UP	at	4213    
4765	[552]	:	Key	71	DOWN	at	4765    
4830	[65]	:	Key	71	UP	at	4821    
4957	[127]	:	Key	71	DOWN	at	4957    
8305	[3348]	:	Key	71	UP	at	5102    
8307	[2]	:	Key	71	DOWN	at	5334    
8308	[1]	:	Key	71	UP	at	5493    
8309	[1]	:	Key	71	DOWN	at	5678    
8310	[1]	:	Key	71	UP	at	5814    
8311	[1]	:	Key	71	DOWN	at	5982    
8312	[1]	:	Key	71	UP	at	6150    
8313	[1]	:	Key	71	DOWN	at	7478    
8314	[1]	:	Key	71	UP	at	7646    
8315	[1]	:	Key	71	DOWN	at	7742    
8316	[1]	:	Key	71	UP	at	7878    
8317	[1]	:	Key	71	DOWN	at	8038    
8318	[1]	:	Key	71	UP	at	8141    
8319	[1]	:	Key	71	DOWN	at	8278    
8405	[86]	:	Key	71	UP	at	8405    
8525	[120]	:	Key	71	DOWN	at	8525    
11833	[3308]	:	Key	71	UP	at	8621    
11833	[0]	:	Key	71	DOWN	at	8757    
11833	[0]	:	Key	71	UP	at	8837    
11834	[1]	:	Key	71	DOWN	at	9892    
11834	[0]	:	Key	71	UP	at	9893    
11834	[0]	:	Key	71	DOWN	at	9895    
11835	[1]	:	Key	71	UP	at	9896    
11835	[0]	:	Key	71	DOWN	at	9898    
11835	[0]	:	Key	71	UP	at	9899    
11836	[1]	:	Key	71	DOWN	at	9901    
11836	[0]	:	Key	71	UP	at	9902    
11836	[0]	:	Key	71	DOWN	at	9973    
11836	[0]	:	Key	71	UP	at	10117   
11837	[1]	:	Key	71	DOWN	at	10244   
11837	[0]	:	Key	71	UP	at	10387   
11837	[0]	:	Key	71	DOWN	at	10517   
11838	[1]	:	Key	71	UP	at	10653   
11838	[0]	:	Key	71	DOWN	at	10805   
11838	[0]	:	Key	71	UP	at	10908   
11838	[0]	:	Key	71	DOWN	at	11052   
11839	[1]	:	Key	71	UP	at	11156   
11839	[0]	:	Key	71	DOWN	at	11293   
11839	[0]	:	Key	71	UP	at	11389   
11840	[1]	:	Key	71	DOWN	at	11533   
11840	[0]	:	Key	71	UP	at	11660   
11840	[0]	:	Key	71	DOWN	at	11779   
11907	[67]	:	Key	71	UP	at	11907   
12028	[121]	:	Key	71	DOWN	at	12028   
15340	[3312]	:	Key	71	UP	at	12183   
15340	[0]	:	Key	71	DOWN	at	12301   
15341	[1]	:	Key	71	UP	at	12405   
15341	[0]	:	Key	71	DOWN	at	12533   
15341	[0]	:	Key	71	UP	at	12669   
15342	[1]	:	Key	71	DOWN	at	12789   
15342	[0]	:	Key	71	UP	at	12885   
15342	[0]	:	Key	71	DOWN	at	13029   
15342	[0]	:	Key	71	UP	at	13141   
15343	[1]	:	Key	71	DOWN	at	13293   
15343	[0]	:	Key	71	UP	at	13381   
15343	[0]	:	Key	71	DOWN	at	13525   
15344	[1]	:	Key	71	UP	at	13653   
15344	[0]	:	Key	71	DOWN	at	13772   
15344	[0]	:	Key	71	UP	at	13893   
15345	[1]	:	Key	71	DOWN	at	14014   
15345	[0]	:	Key	71	UP	at	14158   
15345	[0]	:	Key	71	DOWN	at	14286   
15346	[1]	:	Key	71	UP	at	14422   
15346	[0]	:	Key	71	DOWN	at	14542   
15346	[0]	:	Key	71	UP	at	14678   
15346	[0]	:	Key	71	DOWN	at	14798   
15347	[1]	:	Key	71	UP	at	14966   
15347	[0]	:	Key	71	DOWN	at	15078   
15348	[1]	:	Key	71	UP	at	15220   
15372	[24]	:	Key	71	DOWN	at	15372   
18679	[3307]	:	Key	71	UP	at	15518   
18681	[2]	:	Key	71	DOWN	at	15645   
18682	[1]	:	Key	71	UP	at	15782   
18683	[1]	:	Key	71	DOWN	at	15942   
18684	[1]	:	Key	71	UP	at	16085   
18685	[1]	:	Key	71	DOWN	at	16189   
18686	[1]	:	Key	71	UP	at	16350   
18688	[2]	:	Key	71	DOWN	at	16477   
18689	[1]	:	Key	71	UP	at	16630   
18690	[1]	:	Key	71	DOWN	at	16805   
18691	[1]	:	Key	71	UP	at	16958   
18691	[0]	:	Key	71	DOWN	at	17078   
18692	[1]	:	Key	71	UP	at	17214   
18693	[1]	:	Key	71	DOWN	at	17342   
18694	[1]	:	Key	71	UP	at	17534   
18695	[1]	:	Key	71	DOWN	at	17645   
18696	[1]	:	Key	71	UP	at	17766   
18696	[0]	:	Key	71	DOWN	at	17885   
18697	[1]	:	Key	71	UP	at	18060   
18699	[2]	:	Key	71	DOWN	at	18212   
18700	[1]	:	Key	71	UP	at	18325   
18700	[0]	:	Key	71	DOWN	at	18469   
18701	[1]	:	Key	71	UP	at	18629   
18748	[47]	:	Key	71	DOWN	at	18748   
22048	[3300]	:	Key	71	UP	at	18869   
22050	[2]	:	Key	71	DOWN	at	18997   
22051	[1]	:	Key	71	UP	at	19165   
22052	[1]	:	Key	71	DOWN	at	21091   
22053	[1]	:	Key	71	UP	at	21219   
23146	[1093]	:	Key	71	DOWN	at	23146   
26448	[3302]	:	Key	71	UP	at	23274   
26450	[2]	:	Key	71	DOWN	at	23539   
26451	[1]	:	Key	71	UP	at	23668   
26452	[1]	:	Key	71	DOWN	at	23795   
26453	[1]	:	Key	71	UP	at	24892   
26454	[1]	:	Key	71	DOWN	at	24892   
26455	[1]	:	Key	71	UP	at	24893   
26456	[1]	:	Key	71	DOWN	at	24893   
26457	[1]	:	Key	71	UP	at	24893   
26458	[1]	:	Key	71	DOWN	at	24894   
26459	[1]	:	Key	71	UP	at	24894   
26460	[1]	:	Key	71	DOWN	at	24938   
26461	[1]	:	Key	71	UP	at	25075   
26462	[1]	:	Key	71	DOWN	at	25243   
26463	[1]	:	Key	71	UP	at	25363   
26463	[0]	:	Key	71	DOWN	at	25491   
26464	[1]	:	Key	71	UP	at	25611   
26465	[1]	:	Key	71	DOWN	at	25755   
26466	[1]	:	Key	71	UP	at	25875   
26467	[1]	:	Key	71	DOWN	at	26027   
26468	[1]	:	Key	71	UP	at	26219   
26469	[1]	:	Key	71	DOWN	at	26363   
26514	[45]	:	Key	71	UP	at	26514   
26698	[184]	:	Key	71	DOWN	at	26698   
30001	[3303]	:	Key	71	UP	at	26889   
30001	[0]	:	Key	71	DOWN	at	28187   
30001	[0]	:	Key	71	UP	at	28330   
30002	[1]	:	Key	71	DOWN	at	28481   
30002	[0]	:	Key	71	UP	at	28627   
30002	[0]	:	Key	71	DOWN	at	28770   
30003	[1]	:	Key	71	UP	at	28939   
30003	[0]	:	Key	71	DOWN	at	29075   
30003	[0]	:	Key	71	UP	at	29179   
30003	[0]	:	Key	71	DOWN	at	29347   
30004	[1]	:	Key	71	UP	at	29507   
30004	[0]	:	Key	71	DOWN	at	29675   
30004	[0]	:	Key	71	UP	at	29834   
30025	[21]	:	Key	71	DOWN	at	30025   
33324	[3299]	:	Key	71	UP	at	30179   
33326	[2]	:	Key	71	DOWN	at	30339   
33327	[1]	:	Key	71	UP	at	30467   
33328	[1]	:	Key	71	DOWN	at	33220   
33363	[35]	:	Key	71	UP	at	33363   
34115	[752]	:	Key	71	DOWN	at	34115   
37410	[3295]	:	Key	71	UP	at	34267   
37412	[2]	:	Key	71	DOWN	at	34875   
37413	[1]	:	Key	71	UP	at	35059   
37414	[1]	:	Key	71	DOWN	at	35267   
37415	[1]	:	Key	71	UP	at	35427   
37416	[1]	:	Key	71	DOWN	at	35547   
37417	[1]	:	Key	71	UP	at	35675   
37419	[2]	:	Key	71	DOWN	at	35820   
37420	[1]	:	Key	71	UP	at	35948   
37421	[1]	:	Key	71	DOWN	at	36091   
37422	[1]	:	Key	71	UP	at	36204   
37423	[1]	:	Key	71	DOWN	at	36316   
37424	[1]	:	Key	71	UP	at	36452   
37426	[2]	:	Key	71	DOWN	at	36580   
37427	[1]	:	Key	71	UP	at	36715   
37428	[1]	:	Key	71	DOWN	at	36850   
37429	[1]	:	Key	71	UP	at	36994   
37430	[1]	:	Key	71	DOWN	at	37123   
37431	[1]	:	Key	71	UP	at	37251   
37432	[1]	:	Key	71	DOWN	at	37363   
37490	[58]	:	Key	71	UP	at	37490   
37610	[120]	:	Key	71	DOWN	at	37610   
40919	[3309]	:	Key	71	UP	at	37715   
40921	[2]	:	Key	71	DOWN	at	37827   
40922	[1]	:	Key	71	UP	at	37955   
40923	[1]	:	Key	71	DOWN	at	38059   
40924	[1]	:	Key	71	UP	at	38163   
40925	[1]	:	Key	71	DOWN	at	38282   
40926	[1]	:	Key	71	UP	at	38402   
40927	[1]	:	Key	71	DOWN	at	38514   
40928	[1]	:	Key	71	UP	at	38651   
40929	[1]	:	Key	71	DOWN	at	38723   
40930	[1]	:	Key	71	UP	at	38859   
40932	[2]	:	Key	71	DOWN	at	39906   
40933	[1]	:	Key	71	UP	at	39907   
40934	[1]	:	Key	71	DOWN	at	39909   
40935	[1]	:	Key	71	UP	at	39911   
40936	[1]	:	Key	71	DOWN	at	39912   
40937	[1]	:	Key	71	UP	at	39914   
40938	[1]	:	Key	71	DOWN	at	39915   
40939	[1]	:	Key	71	UP	at	39917   
40940	[1]	:	Key	71	DOWN	at	39963   
40941	[1]	:	Key	71	UP	at	40075   
40942	[1]	:	Key	71	DOWN	at	40203   
40944	[2]	:	Key	71	UP	at	40314   
40945	[1]	:	Key	71	DOWN	at	40418   
40946	[1]	:	Key	71	UP	at	40539   
40947	[1]	:	Key	71	DOWN	at	40651   
40948	[1]	:	Key	71	UP	at	40779   
40948	[0]	:	Key	71	DOWN	at	40899   
41026	[78]	:	Key	71	UP	at	41026   
41122	[96]	:	Key	71	DOWN	at	41122   
44422	[3300]	:	Key	71	UP	at	41267   
44424	[2]	:	Key	71	DOWN	at	41403   
44425	[1]	:	Key	71	UP	at	41539   
44426	[1]	:	Key	71	DOWN	at	41635   
44427	[1]	:	Key	71	UP	at	41819   
44428	[1]	:	Key	71	DOWN	at	43563   
44429	[1]	:	Key	71	UP	at	43699   
45178	[749]	:	Key	71	DOWN	at	45178   
48478	[3300]	:	Key	71	UP	at	45306   
59018	[10540]	:	Key	71	DOWN	at	59018   
62320	[3302]	:	Key	71	UP	at	59411   
62322	[2]	:	Key	71	DOWN	at	59883   
62323	[1]	:	Key	71	UP	at	60019   
62324	[1]	:	Key	71	DOWN	at	61099   
62325	[1]	:	Key	71	UP	at	61267   
62326	[1]	:	Key	71	DOWN	at	61666   
62327	[1]	:	Key	71	UP	at	61793   
62329	[2]	:	Key	71	DOWN	at	62059   
62330	[1]	:	Key	71	UP	at	62187   
62570	[240]	:	Key	71	DOWN	at	62570   
65873	[3303]	:	Key	71	UP	at	62739   
65875	[2]	:	Key	71	DOWN	at	63353   
65876	[1]	:	Key	71	UP	at	63491   
65877	[1]	:	Key	71	DOWN	at	64907   
65878	[1]	:	Key	71	UP	at	65051   
65879	[1]	:	Key	71	DOWN	at	65827   
65978	[99]	:	Key	71	UP	at	65978   
66371	[393]	:	Key	71	DOWN	at	66371   
69661	[3290]	:	Key	71	UP	at	66508   
69663	[2]	:	Key	71	DOWN	at	66898   
69664	[1]	:	Key	71	UP	at	67044   
69665	[1]	:	Key	71	DOWN	at	68580   
69666	[1]	:	Key	71	UP	at	68740   
69924	[258]	:	Key	71	DOWN	at	69924   
69926	[2]	:	Key	71	UP	at	69925   
73227	[3301]	:	Key	71	DOWN	at	70162   
73229	[2]	:	Key	71	UP	at	70315   
73230	[1]	:	Key	71	DOWN	at	70796   
73231	[1]	:	Key	71	UP	at	70988   
73232	[1]	:	Key	71	DOWN	at	71251   
73233	[1]	:	Key	71	UP	at	71396   
73234	[1]	:	Key	71	DOWN	at	72283   
73235	[1]	:	Key	71	UP	at	72419   
73323	[88]	:	Key	71	DOWN	at	73323   
76625	[3302]	:	Key	71	UP	at	73475   
76627	[2]	:	Key	71	DOWN	at	74162   
76628	[1]	:	Key	71	UP	at	74314   
76629	[1]	:	Key	71	DOWN	at	75195   
76630	[1]	:	Key	71	UP	at	75363   
76631	[1]	:	Key	71	DOWN	at	75681   
76632	[1]	:	Key	71	UP	at	75865   
76633	[1]	:	Key	71	DOWN	at	76393   
76634	[1]	:	Key	71	UP	at	76585   
77032	[398]	:	Key	71	DOWN	at	77032   
80331	[3299]	:	Key	71	UP	at	77241   
82527	[2196]	:	Key	71	DOWN	at	82527   
85799	[3272]	:	Key	71	UP	at	82608   
85801	[2]	:	Key	71	DOWN	at	83865   
85802	[1]	:	Key	71	UP	at	84917   
85803	[1]	:	Key	71	DOWN	at	84917   
85804	[1]	:	Key	71	UP	at	84918   
85805	[1]	:	Key	71	DOWN	at	84918   
85807	[2]	:	Key	71	UP	at	84918   
87175	[1368]	:	Key	71	DOWN	at	87175   
90465	[3290]	:	Key	71	UP	at	87320   
90466	[1]	:	Key	71	DOWN	at	89296   
90467	[1]	:	Key	71	UP	at	89448   
91759	[1292]	:	Key	71	DOWN	at	91759   
95062	[3303]	:	Key	71	UP	at	91904   
95063	[1]	:	Key	71	DOWN	at	93728   
95064	[1]	:	Key	71	UP	at	93904   
95064	[0]	:	Key	71	DOWN	at	94304   
95065	[1]	:	Key	71	UP	at	94480   
95066	[1]	:	Key	71	DOWN	at	94648   
95066	[0]	:	Key	71	UP	at	94824   
95067	[1]	:	Key	71	DOWN	at	94999   
95144	[77]	:	Key	71	UP	at	95144   
97615	[2471]	:	Key	71	DOWN	at	97615   
100915	[3300]	:	Key	71	UP	at	97728   
100917	[2]	:	Key	71	DOWN	at	100000  
100918	[1]	:	Key	71	UP	at	100128  
101280	[362]	:	Key	71	DOWN	at	101280  
104575	[3295]	:	Key	71	UP	at	101416  
104577	[2]	:	Key	71	DOWN	at	102593  
104578	[1]	:	Key	71	UP	at	102672  
104579	[1]	:	Key	71	DOWN	at	103281  
104580	[1]	:	Key	71	UP	at	103465  
104581	[1]	:	Key	71	DOWN	at	104071  
104581	[0]	:	Key	71	UP	at	104264  
104696	[115]	:	Key	71	DOWN	at	104696  
107997	[3301]	:	Key	71	UP	at	104904  
107999	[2]	:	Key	71	DOWN	at	105471  
108000	[1]	:	Key	71	UP	at	105615  
108001	[1]	:	Key	71	DOWN	at	105816  
108002	[1]	:	Key	71	UP	at	105944  
108003	[1]	:	Key	71	DOWN	at	106233  
108004	[1]	:	Key	71	UP	at	106352  
108005	[1]	:	Key	71	DOWN	at	106608  
108006	[1]	:	Key	71	UP	at	106736  
108007	[1]	:	Key	71	DOWN	at	107184  
108008	[1]	:	Key	71	UP	at	107392  
108592	[584]	:	Key	71	DOWN	at	108592  
111895	[3303]	:	Key	71	UP	at	108688  
111897	[2]	:	Key	71	DOWN	at	108928  
111898	[1]	:	Key	71	UP	at	109064  
111899	[1]	:	Key	71	DOWN	at	109336  
111900	[1]	:	Key	71	UP	at	109504  
111901	[1]	:	Key	71	DOWN	at	110680  
111902	[1]	:	Key	71	UP	at	110896  
114912	[3010]	:	Key	71	DOWN	at	114912  
114913	[1]	:	Key	71	UP	at	114913  
118212	[3299]	:	Key	71	DOWN	at	114914  
118214	[2]	:	Key	71	UP	at	115064  
118215	[1]	:	Key	71	DOWN	at	115688  
118216	[1]	:	Key	71	UP	at	115896  
118279	[63]	:	Key	71	DOWN	at	118279  
121575	[3296]	:	Key	71	UP	at	118448  
121577	[2]	:	Key	71	DOWN	at	121392  
121578	[1]	:	Key	71	UP	at	121480  
122439	[861]	:	Key	71	DOWN	at	122439  
125739	[3300]	:	Key	71	UP	at	122599  
125741	[2]	:	Key	71	DOWN	at	123568  
125742	[1]	:	Key	71	UP	at	123728  
125743	[1]	:	Key	71	DOWN	at	124528  
125744	[1]	:	Key	71	UP	at	124696  
126104	[360]	:	Key	71	DOWN	at	126104  
129394	[3290]	:	Key	71	UP	at	126232  
129395	[1]	:	Key	71	DOWN	at	127264  
129396	[1]	:	Key	71	UP	at	127400  
129398	[2]	:	Key	71	DOWN	at	128192  
129399	[1]	:	Key	71	UP	at	128407  
130119	[720]	:	Key	71	DOWN	at	130119  
133422	[3303]	:	Key	71	UP	at	130263  
133424	[2]	:	Key	71	DOWN	at	130864  
133425	[1]	:	Key	71	UP	at	131008  
133426	[1]	:	Key	71	DOWN	at	131344  
133427	[1]	:	Key	71	UP	at	131520  
133428	[1]	:	Key	71	DOWN	at	132376  
133429	[1]	:	Key	71	UP	at	132576  
134863	[1434]	:	Key	71	DOWN	at	134863  
138162	[3299]	:	Key	71	UP	at	135000  
139376	[1214]	:	Key	71	DOWN	at	139376  
142676	[3300]	:	Key	71	UP	at	139448  
142676	[0]	:	Key	71	DOWN	at	139960  
142676	[0]	:	Key	71	UP	at	140120  
142677	[1]	:	Key	71	DOWN	at	140848  
142677	[0]	:	Key	71	UP	at	141000  
142677	[0]	:	Key	71	DOWN	at	141408  
142678	[1]	:	Key	71	UP	at	141560  
142678	[0]	:	Key	71	DOWN	at	141944  
142678	[0]	:	Key	71	UP	at	142048  
143087	[409]	:	Key	71	DOWN	at	143087  
146389	[3302]	:	Key	71	UP	at	143168  
146391	[2]	:	Key	71	DOWN	at	143424  
146392	[1]	:	Key	71	UP	at	143600  
146393	[1]	:	Key	71	DOWN	at	143872  
146394	[1]	:	Key	71	UP	at	144954  
146396	[2]	:	Key	71	DOWN	at	145216  
146397	[1]	:	Key	71	UP	at	145472  
146398	[1]	:	Key	71	DOWN	at	145848  
146399	[1]	:	Key	71	UP	at	146176  
146783	[384]	:	Key	71	DOWN	at	146783  
150076	[3293]	:	Key	71	UP	at	146944  
150076	[0]	:	Key	71	DOWN	at	147439  
150077	[1]	:	Key	71	UP	at	147608  
150077	[0]	:	Key	71	DOWN	at	148272  
150077	[0]	:	Key	71	UP	at	148488  
150078	[1]	:	Key	71	DOWN	at	148848  
150078	[0]	:	Key	71	UP	at	149024  
150078	[0]	:	Key	71	DOWN	at	149184  
150079	[1]	:	Key	71	UP	at	149320  
150079	[0]	:	Key	71	DOWN	at	149607  
150079	[0]	:	Key	71	UP	at	149776  
150399	[320]	:	Key	71	DOWN	at	150399  
153693	[3294]	:	Key	71	UP	at	150591  
153695	[2]	:	Key	71	DOWN	at	151022  
153696	[1]	:	Key	71	UP	at	151262  
153697	[1]	:	Key	71	DOWN	at	151799  
153698	[1]	:	Key	71	UP	at	152031  
153699	[1]	:	Key	71	DOWN	at	152407  
153700	[1]	:	Key	71	UP	at	152639  
153701	[1]	:	Key	71	DOWN	at	153022  
153702	[1]	:	Key	71	UP	at	153229  
154127	[425]	:	Key	71	DOWN	at	154127  
157420	[3293]	:	Key	71	UP	at	154240  
157422	[2]	:	Key	71	DOWN	at	156608  
157423	[1]	:	Key	71	UP	at	156768  
157424	[1]	:	Key	71	DOWN	at	156952  
157425	[1]	:	Key	71	UP	at	157064  
157426	[1]	:	Key	71	DOWN	at	157216  
157427	[1]	:	Key	71	UP	at	157399  
157607	[180]	:	Key	71	DOWN	at	157607  
160916	[3309]	:	Key	71	UP	at	157791  
160917	[1]	:	Key	71	DOWN	at	157951  
160918	[1]	:	Key	71	UP	at	158103  
160918	[0]	:	Key	71	DOWN	at	158239  
160918	[0]	:	Key	71	UP	at	158358  
160918	[0]	:	Key	71	DOWN	at	158494  
160919	[1]	:	Key	71	UP	at	158599  
160919	[0]	:	Key	71	DOWN	at	158727  
160919	[0]	:	Key	71	UP	at	158863  
160919	[0]	:	Key	71	DOWN	at	159958  
160920	[1]	:	Key	71	UP	at	159959  
160920	[0]	:	Key	71	DOWN	at	159961  
160920	[0]	:	Key	71	UP	at	159963  
160921	[1]	:	Key	71	DOWN	at	159964  
160921	[0]	:	Key	71	UP	at	159966  
160921	[0]	:	Key	71	DOWN	at	159968  
160921	[0]	:	Key	71	UP	at	159970  
160922	[1]	:	Key	71	DOWN	at	160007  
160922	[0]	:	Key	71	UP	at	160183  
160922	[0]	:	Key	71	DOWN	at	160326  
160923	[1]	:	Key	71	UP	at	160462  
161215	[292]	:	Key	71	DOWN	at	161215  
164514	[3299]	:	Key	71	UP	at	161343  
164516	[2]	:	Key	71	DOWN	at	161623  
164517	[1]	:	Key	71	UP	at	161822  
164518	[1]	:	Key	71	DOWN	at	162047  
164519	[1]	:	Key	71	UP	at	162239  
164520	[1]	:	Key	71	DOWN	at	162535  
164521	[1]	:	Key	71	UP	at	162719  
164522	[1]	:	Key	71	DOWN	at	163127  
164523	[1]	:	Key	71	UP	at	163343  
164524	[1]	:	Key	71	DOWN	at	163655  
164525	[1]	:	Key	71	UP	at	163815  
164526	[1]	:	Key	71	DOWN	at	164207  
164528	[2]	:	Key	71	UP	at	164359  
165053	[525]	:	Key	71	DOWN	at	165053  
168343	[3290]	:	Key	71	UP	at	165135  
168345	[2]	:	Key	71	DOWN	at	166103  
168346	[1]	:	Key	71	UP	at	166175  
168347	[1]	:	Key	71	DOWN	at	167630  
168348	[1]	:	Key	71	UP	at	167694  
168854	[506]	:	Key	71	DOWN	at	168854  
172142	[3288]	:	Key	71	UP	at	168886  
172144	[2]	:	Key	71	DOWN	at	171976  
172145	[1]	:	Key	71	UP	at	172104  
172639	[494]	:	Key	71	DOWN	at	172639  
175926	[3287]	:	Key	71	UP	at	172719  
175927	[1]	:	Key	71	DOWN	at	173296  
175928	[1]	:	Key	71	UP	at	173432  
175929	[1]	:	Key	71	DOWN	at	175007  
175930	[1]	:	Key	71	UP	at	175127  
176350	[420]	:	Key	71	DOWN	at	176350  
179638	[3288]	:	Key	71	UP	at	176479  
179639	[1]	:	Key	71	DOWN	at	179053  
179640	[1]	:	Key	71	UP	at	179142  
179757	[117]	:	Key	71	DOWN	at	179757  
183053	[3296]	:	Key	71	UP	at	179934  
183055	[2]	:	Key	71	DOWN	at	180534  
183056	[1]	:	Key	71	UP	at	180654  
183057	[1]	:	Key	71	DOWN	at	182078  
183058	[1]	:	Key	71	UP	at	182254  
187877	[4819]	:	Key	71	DOWN	at	187877  
191181	[3304]	:	Key	71	UP	at	187942  
191183	[2]	:	Key	71	DOWN	at	188527  
191184	[1]	:	Key	71	UP	at	188615  
191185	[1]	:	Key	71	DOWN	at	190295  
191186	[1]	:	Key	71	UP	at	190519  
191187	[1]	:	Key	71	DOWN	at	190751  
191188	[1]	:	Key	71	UP	at	190887  
191502	[314]	:	Key	71	DOWN	at	191502  
194794	[3292]	:	Key	71	UP	at	191631  
194796	[2]	:	Key	71	DOWN	at	192454  
194797	[1]	:	Key	71	UP	at	192583  
194798	[1]	:	Key	71	DOWN	at	194662  
194854	[56]	:	Key	71	UP	at	194854  
195917	[1063]	:	Key	71	DOWN	at	195917  
199220	[3303]	:	Key	71	UP	at	196206  
199220	[0]	:	Key	71	DOWN	at	196534  
199221	[1]	:	Key	71	UP	at	196750  
199221	[0]	:	Key	71	DOWN	at	197230  
199221	[0]	:	Key	71	UP	at	197462  
199221	[0]	:	Key	71	DOWN	at	197838  
199222	[1]	:	Key	71	UP	at	198038  
199222	[0]	:	Key	71	DOWN	at	198366  
199222	[0]	:	Key	71	UP	at	198541  
199223	[1]	:	Key	71	DOWN	at	198782  
199223	[0]	:	Key	71	UP	at	198942  
199757	[534]	:	Key	2	DOWN	at	199757  
199893	[136]	:	Key	2	UP	at	199893  
200797	[904]	:	Key	71	DOWN	at	200797  
204099	[3302]	:	Key	71	UP	at	200942  
204101	[2]	:	Key	71	DOWN	at	201278  
204102	[1]	:	Key	71	UP	at	201478  
204103	[1]	:	Key	71	DOWN	at	202502  
204104	[1]	:	Key	71	UP	at	202646  
204970	[866]	:	Key	71	DOWN	at	204970  
204970	[0]	:	Key	71	UP	at	204970  
208951	[3981]	:	Key	71	DOWN	at	207407  
208951	[0]	:	Key	71	UP	at	207543  
216269	[7318]	:	Key	71	DOWN	at	216269  
217323	[1054]	:	Key	71	UP	at	216374  
218661	[1338]	:	Key	97	DOWN	at	218661  
219816	[1155]	:	Key	97	UP	at	218717  
220645	[829]	:	Key	97	DOWN	at	220645  
221766	[1121]	:	Key	97	UP	at	220717  
222573	[807]	:	Key	97	DOWN	at	222573  
223693	[1120]	:	Key	97	UP	at	222645  
224758	[1065]	:	Key	98	DOWN	at	224758  
225890	[1132]	:	Key	98	UP	at	224887  
227430	[1540]	:	Key	97	DOWN	at	227430  
228555	[1125]	:	Key	97	UP	at	227518  
229765	[1210]	:	Key	97	DOWN	at	229765  
230888	[1123]	:	Key	97	UP	at	229861  
231773	[885]	:	Key	97	DOWN	at	231773  
232890	[1117]	:	Key	97	UP	at	231892  
233669	[779]	:	Key	98	DOWN	at	233669  
235395	[1726]	:	Key	98	UP	at	233772  
241597	[6202]	:	Key	71	DOWN	at	241597  
242646	[1049]	:	Key	71	UP	at	241710  
244421	[1775]	:	Key	98	DOWN	at	244421  
245565	[1144]	:	Key	98	UP	at	244509  
247101	[1536]	:	Key	97	DOWN	at	247101  
248229	[1128]	:	Key	97	UP	at	247164  
249971	[1742]	:	Key	98	DOWN	at	249971  
251101	[1130]	:	Key	98	UP	at	249972  
251102	[1]	:	Key	98	DOWN	at	249973  
251102	[0]	:	Key	98	UP	at	250028  
252244	[1142]	:	Key	97	DOWN	at	252244  
253363	[1119]	:	Key	97	UP	at	252381  
254684	[1321]	:	Key	98	DOWN	at	254684  
255810	[1126]	:	Key	98	UP	at	254820  
256620	[810]	:	Key	98	DOWN	at	256620  
257740	[1120]	:	Key	98	UP	at	256773  
258869	[1129]	:	Key	97	DOWN	at	258869  
259986	[1117]	:	Key	97	UP	at	258988  
261259	[1273]	:	Key	97	DOWN	at	261259  
262453	[1194]	:	Key	97	UP	at	261428  
265275	[2822]	:	Key	71	DOWN	at	265275  
265577	[302]	:	Key	71	UP	at	265419  
266723	[1146]	:	Key	71	DOWN	at	266723  
266875	[152]	:	Key	71	UP	at	266875  
267171	[296]	:	Key	71	DOWN	at	267171  
270443	[3272]	:	Key	71	UP	at	267300  
270445	[2]	:	Key	71	DOWN	at	267476  
270446	[1]	:	Key	71	UP	at	267588  
270447	[1]	:	Key	71	DOWN	at	267691  
270448	[1]	:	Key	71	UP	at	267804  
270449	[1]	:	Key	71	DOWN	at	267924  
270450	[1]	:	Key	71	UP	at	268036  
270452	[2]	:	Key	71	DOWN	at	268179  
270453	[1]	:	Key	71	UP	at	268348  
270454	[1]	:	Key	71	DOWN	at	268516  
270455	[1]	:	Key	71	UP	at	268691  
270456	[1]	:	Key	71	DOWN	at	268907  
270457	[1]	:	Key	71	UP	at	269036  
270458	[1]	:	Key	71	DOWN	at	269187  
270459	[1]	:	Key	71	UP	at	269300  
270460	[1]	:	Key	71	DOWN	at	269436  
270461	[1]	:	Key	71	UP	at	269532  
270462	[1]	:	Key	71	DOWN	at	269651  
270463	[1]	:	Key	71	UP	at	269771  
270465	[2]	:	Key	71	DOWN	at	269916  
270466	[1]	:	Key	71	UP	at	270020  
270467	[1]	:	Key	71	DOWN	at	270180  
270468	[1]	:	Key	71	UP	at	270276  
270469	[1]	:	Key	71	DOWN	at	270436  
270555	[86]	:	Key	71	UP	at	270555  
270684	[129]	:	Key	71	DOWN	at	270684  
273975	[3291]	:	Key	71	UP	at	270811  
273977	[2]	:	Key	71	DOWN	at	270940  
273978	[1]	:	Key	71	UP	at	271036  
273979	[1]	:	Key	71	DOWN	at	271156  
273980	[1]	:	Key	71	UP	at	271267  
273981	[1]	:	Key	71	DOWN	at	271387  
273982	[1]	:	Key	71	UP	at	271507  
273983	[1]	:	Key	71	DOWN	at	271643  
273984	[1]	:	Key	71	UP	at	271788  
273985	[1]	:	Key	71	DOWN	at	271892  
273986	[1]	:	Key	71	UP	at	272028  
273987	[1]	:	Key	71	DOWN	at	272164  
273988	[1]	:	Key	71	UP	at	272284  
273989	[1]	:	Key	71	DOWN	at	272428  
273989	[0]	:	Key	71	UP	at	272548  
273990	[1]	:	Key	71	DOWN	at	272659  
273990	[0]	:	Key	71	UP	at	272780  
273991	[1]	:	Key	71	DOWN	at	272900  
273992	[1]	:	Key	71	UP	at	273044  
273992	[0]	:	Key	71	DOWN	at	273156  
273993	[1]	:	Key	71	UP	at	273292  
273993	[0]	:	Key	71	DOWN	at	273419  
273994	[1]	:	Key	71	UP	at	273571  
273995	[1]	:	Key	71	DOWN	at	273691  
273995	[0]	:	Key	71	UP	at	273844  
273996	[1]	:	Key	71	DOWN	at	273964  
274107	[111]	:	Key	71	UP	at	274107  
274219	[112]	:	Key	71	DOWN	at	274219  
277522	[3303]	:	Key	71	UP	at	274372  
277524	[2]	:	Key	71	DOWN	at	274484  
277525	[1]	:	Key	71	UP	at	274636  
277526	[1]	:	Key	71	DOWN	at	274771  
277527	[1]	:	Key	71	UP	at	274914  
277528	[1]	:	Key	71	DOWN	at	275067  
277529	[1]	:	Key	71	UP	at	275212  
277530	[1]	:	Key	71	DOWN	at	275332  
277531	[1]	:	Key	71	UP	at	275475  
277532	[1]	:	Key	71	DOWN	at	275604  
277533	[1]	:	Key	71	UP	at	275757  
277534	[1]	:	Key	71	DOWN	at	275876  
277536	[2]	:	Key	71	UP	at	276029  
277537	[1]	:	Key	71	DOWN	at	276149  
277539	[2]	:	Key	71	UP	at	276284  
277540	[1]	:	Key	71	DOWN	at	276421  
277541	[1]	:	Key	71	UP	at	276565  
277542	[1]	:	Key	71	DOWN	at	276693  
277543	[1]	:	Key	71	UP	at	276820  
277544	[1]	:	Key	71	DOWN	at	276963  
277545	[1]	:	Key	71	UP	at	277107  
277546	[1]	:	Key	71	DOWN	at	277252  
277547	[1]	:	Key	71	UP	at	277413  
277563	[16]	:	Key	71	DOWN	at	277558  
277732	[169]	:	Key	71	UP	at	277732  
277868	[136]	:	Key	71	DOWN	at	277868  
281163	[3295]	:	Key	71	UP	at	278053  
281165	[2]	:	Key	71	DOWN	at	278188  
281166	[1]	:	Key	71	UP	at	278349  
281167	[1]	:	Key	71	DOWN	at	278491  
281168	[1]	:	Key	71	UP	at	278677  
281169	[1]	:	Key	71	DOWN	at	278837  
281170	[1]	:	Key	71	UP	at	280008  
281171	[1]	:	Key	71	DOWN	at	280009  
281172	[1]	:	Key	71	UP	at	280009  
281173	[1]	:	Key	71	DOWN	at	280010  
281174	[1]	:	Key	71	UP	at	280011  
281175	[1]	:	Key	71	DOWN	at	280012  
281176	[1]	:	Key	71	UP	at	280013  
281177	[1]	:	Key	71	DOWN	at	280093  
281178	[1]	:	Key	71	UP	at	280261  
281180	[2]	:	Key	71	DOWN	at	280460  
281181	[1]	:	Key	71	UP	at	280603  
281182	[1]	:	Key	71	DOWN	at	280852  
281183	[1]	:	Key	71	UP	at	280997  
281195	[12]	:	Key	71	DOWN	at	281165  
281292	[97]	:	Key	71	UP	at	281292  
281444	[152]	:	Key	71	DOWN	at	281444  
284750	[3306]	:	Key	71	UP	at	281620  
284752	[2]	:	Key	71	DOWN	at	281748  
284753	[1]	:	Key	71	UP	at	281868  
284754	[1]	:	Key	71	DOWN	at	282019  
284755	[1]	:	Key	71	UP	at	282139  
284756	[1]	:	Key	71	DOWN	at	282299  
284757	[1]	:	Key	71	UP	at	282420  
284758	[1]	:	Key	71	DOWN	at	282556  
284759	[1]	:	Key	71	UP	at	282676  
284760	[1]	:	Key	71	DOWN	at	282852  
284760	[0]	:	Key	71	UP	at	282972  
284761	[1]	:	Key	71	DOWN	at	283132  
284762	[1]	:	Key	71	UP	at	283244  
284762	[0]	:	Key	71	DOWN	at	283388  
284763	[1]	:	Key	71	UP	at	283493  
284763	[0]	:	Key	71	DOWN	at	283667  
284764	[1]	:	Key	71	UP	at	283740  
284765	[1]	:	Key	71	DOWN	at	283884  
284766	[1]	:	Key	71	UP	at	283996  
284766	[0]	:	Key	71	DOWN	at	284187  
284767	[1]	:	Key	71	UP	at	284307  
284768	[1]	:	Key	71	DOWN	at	284468  
284769	[1]	:	Key	71	UP	at	284595  
284769	[0]	:	Key	71	DOWN	at	284740  
284907	[138]	:	Key	71	UP	at	284907  
285059	[152]	:	Key	71	DOWN	at	285059  
288362	[3303]	:	Key	71	UP	at	285180  
288364	[2]	:	Key	71	DOWN	at	285316  
288365	[1]	:	Key	71	UP	at	285427  
288366	[1]	:	Key	71	DOWN	at	285572  
288367	[1]	:	Key	71	UP	at	285683  
288369	[2]	:	Key	71	DOWN	at	285835  
288370	[1]	:	Key	71	UP	at	285915  
288371	[1]	:	Key	71	DOWN	at	286060  
288372	[1]	:	Key	71	UP	at	286188  
288373	[1]	:	Key	71	DOWN	at	286292  
288374	[1]	:	Key	71	UP	at	286420  
288375	[1]	:	Key	71	DOWN	at	286532  
288376	[1]	:	Key	71	UP	at	286684  
288377	[1]	:	Key	71	DOWN	at	286779  
288378	[1]	:	Key	71	UP	at	286932  
288379	[1]	:	Key	71	DOWN	at	287052  
288380	[1]	:	Key	71	UP	at	287236  
288382	[2]	:	Key	71	DOWN	at	287340  
288383	[1]	:	Key	71	UP	at	287468  
288384	[1]	:	Key	71	DOWN	at	287587  
288385	[1]	:	Key	71	UP	at	287739  
288386	[1]	:	Key	71	DOWN	at	287867  
288387	[1]	:	Key	71	UP	at	288020  
288388	[1]	:	Key	71	DOWN	at	288123  
288388	[0]	:	Key	71	UP	at	288276  
288389	[1]	:	Key	71	DOWN	at	288340  
288451	[62]	:	Key	71	UP	at	288451  
288611	[160]	:	Key	71	DOWN	at	288611  
291899	[3288]	:	Key	71	UP	at	288740  
291899	[0]	:	Key	71	DOWN	at	288828  
291900	[1]	:	Key	71	UP	at	288964  
291900	[0]	:	Key	71	DOWN	at	289092  
291900	[0]	:	Key	71	UP	at	289211  
291901	[1]	:	Key	71	DOWN	at	289323  
291901	[0]	:	Key	71	UP	at	289435  
291901	[0]	:	Key	71	DOWN	at	289563  
291902	[1]	:	Key	71	UP	at	289668  
291902	[0]	:	Key	71	DOWN	at	289788  
291902	[0]	:	Key	71	UP	at	289884  
291903	[1]	:	Key	71	DOWN	at	289996  
291903	[0]	:	Key	71	UP	at	290108  
291903	[0]	:	Key	71	DOWN	at	290236  
291904	[1]	:	Key	71	UP	at	290316  
291904	[0]	:	Key	71	DOWN	at	290460  
291904	[0]	:	Key	71	UP	at	290555  
291905	[1]	:	Key	71	DOWN	at	290700  
291905	[0]	:	Key	71	UP	at	290804  
291905	[0]	:	Key	71	DOWN	at	290908  
291905	[0]	:	Key	71	UP	at	290996  
291906	[1]	:	Key	71	DOWN	at	291148  
291906	[0]	:	Key	71	UP	at	291275  
291906	[0]	:	Key	71	DOWN	at	291379  
291907	[1]	:	Key	71	UP	at	291491  
291907	[0]	:	Key	71	DOWN	at	291596  
291907	[0]	:	Key	71	UP	at	291715  
291908	[1]	:	Key	71	DOWN	at	291827  
291963	[55]	:	Key	71	UP	at	291963  
292027	[64]	:	Key	71	DOWN	at	292027  
295295	[3268]	:	Key	71	UP	at	292156  
295295	[0]	:	Key	71	DOWN	at	292275  
295295	[0]	:	Key	71	UP	at	292499  
295296	[1]	:	Key	71	DOWN	at	292675  
295296	[0]	:	Key	71	UP	at	292755  
295297	[1]	:	Key	71	DOWN	at	292931  
295297	[0]	:	Key	71	UP	at	293011  
295297	[0]	:	Key	71	DOWN	at	293171  
295298	[1]	:	Key	71	UP	at	293251  
295298	[0]	:	Key	71	DOWN	at	293404  
295298	[0]	:	Key	71	UP	at	293476  
295299	[1]	:	Key	71	DOWN	at	293596  
295299	[0]	:	Key	71	UP	at	293699  
295299	[0]	:	Key	71	DOWN	at	293843  
295299	[0]	:	Key	71	UP	at	293963  
295300	[1]	:	Key	71	DOWN	at	294995  
295300	[0]	:	Key	71	UP	at	294995  
295300	[0]	:	Key	71	DOWN	at	294995  
295300	[0]	:	Key	71	UP	at	294996  
295301	[1]	:	Key	71	DOWN	at	294996  
295301	[0]	:	Key	71	UP	at	294996  
295301	[0]	:	Key	71	DOWN	at	294997  
295302	[1]	:	Key	71	UP	at	294997  
295302	[0]	:	Key	71	DOWN	at	294997  
295302	[0]	:	Key	71	UP	at	295068  
295303	[1]	:	Key	71	DOWN	at	295203  
295303	[0]	:	Key	71	UP	at	295283  
295396	[93]	:	Key	71	DOWN	at	295396  
298666	[3270]	:	Key	71	UP	at	295500  
298666	[0]	:	Key	71	DOWN	at	295588  
298666	[0]	:	Key	71	UP	at	295716  
298667	[1]	:	Key	71	DOWN	at	295828  
298667	[0]	:	Key	71	UP	at	295915  
298667	[0]	:	Key	71	DOWN	at	296076  
298668	[1]	:	Key	71	UP	at	296180  
298668	[0]	:	Key	71	DOWN	at	296324  
298668	[0]	:	Key	71	UP	at	296436  
298669	[1]	:	Key	71	DOWN	at	296587  
298669	[0]	:	Key	71	UP	at	296675  
298669	[0]	:	Key	71	DOWN	at	296828  
298669	[0]	:	Key	71	UP	at	296923  
298670	[1]	:	Key	71	DOWN	at	297083  
298670	[0]	:	Key	71	UP	at	297147  
298670	[0]	:	Key	71	DOWN	at	297300  
298670	[0]	:	Key	71	UP	at	297372  
298671	[1]	:	Key	71	DOWN	at	297499  
298671	[0]	:	Key	71	UP	at	297580  
298671	[0]	:	Key	71	DOWN	at	297716  
298671	[0]	:	Key	71	UP	at	297788  
298672	[1]	:	Key	71	DOWN	at	297932  
298672	[0]	:	Key	71	UP	at	297995  
298672	[0]	:	Key	71	DOWN	at	298131  
298672	[0]	:	Key	71	UP	at	298211  
298673	[1]	:	Key	71	DOWN	at	298355  
298673	[0]	:	Key	71	UP	at	298435  
298673	[0]	:	Key	71	DOWN	at	298571  
298674	[1]	:	Key	71	UP	at	298635  
298779	[105]	:	Key	71	DOWN	at	298779  
302048	[3269]	:	Key	71	UP	at	298851  
302048	[0]	:	Key	71	DOWN	at	298971  
302048	[0]	:	Key	71	UP	at	299083  
302049	[1]	:	Key	71	DOWN	at	299187  
302049	[0]	:	Key	71	UP	at	299315  
302049	[0]	:	Key	71	DOWN	at	299451  
302050	[1]	:	Key	71	UP	at	299571  
302050	[0]	:	Key	71	DOWN	at	299667  
302050	[0]	:	Key	71	UP	at	299787  
302051	[1]	:	Key	71	DOWN	at	299883  
302051	[0]	:	Key	71	UP	at	299995  
302051	[0]	:	Key	71	DOWN	at	300107  
302051	[0]	:	Key	71	UP	at	300227  
302052	[1]	:	Key	71	DOWN	at	300331  
302052	[0]	:	Key	71	UP	at	300467  
302052	[0]	:	Key	71	DOWN	at	300579  
302053	[1]	:	Key	71	UP	at	300699  
302053	[0]	:	Key	71	DOWN	at	300827  
302053	[0]	:	Key	71	UP	at	300939  
302054	[1]	:	Key	71	DOWN	at	301051  
302054	[0]	:	Key	71	UP	at	301171  
302054	[0]	:	Key	71	DOWN	at	301299  
302054	[0]	:	Key	71	UP	at	301427  
302055	[1]	:	Key	71	DOWN	at	301507  
302055	[0]	:	Key	71	UP	at	301675  
302055	[0]	:	Key	71	DOWN	at	301827  
302061	[6]	:	Key	71	UP	at	302051  
302195	[134]	:	Key	71	DOWN	at	302195  
305500	[3305]	:	Key	71	UP	at	302387  
305502	[2]	:	Key	71	DOWN	at	302492  
305503	[1]	:	Key	71	UP	at	302667  
305504	[1]	:	Key	71	DOWN	at	302820  
305505	[1]	:	Key	71	UP	at	302987  
305506	[1]	:	Key	71	DOWN	at	303107  
305507	[1]	:	Key	71	UP	at	303276  
305508	[1]	:	Key	71	DOWN	at	303380  
305509	[1]	:	Key	71	UP	at	303548  
305510	[1]	:	Key	71	DOWN	at	303692  
305511	[1]	:	Key	71	UP	at	303852  
305512	[1]	:	Key	71	DOWN	at	304004  
305514	[2]	:	Key	71	UP	at	304180  
305515	[1]	:	Key	71	DOWN	at	304300  
305516	[1]	:	Key	71	UP	at	304444  
305517	[1]	:	Key	71	DOWN	at	304564  
305518	[1]	:	Key	71	UP	at	304716  
305518	[0]	:	Key	71	DOWN	at	304820  
305519	[1]	:	Key	71	UP	at	304955  
305520	[1]	:	Key	71	DOWN	at	305091  
305520	[0]	:	Key	71	UP	at	305252  
305521	[1]	:	Key	71	DOWN	at	305380  
305534	[13]	:	Key	71	UP	at	305524  
305627	[93]	:	Key	71	DOWN	at	305627  
308934	[3307]	:	Key	71	UP	at	305780  
308936	[2]	:	Key	71	DOWN	at	305892  
308937	[1]	:	Key	71	UP	at	306076  
308938	[1]	:	Key	71	DOWN	at	306196  
308939	[1]	:	Key	71	UP	at	306340  
308940	[1]	:	Key	71	DOWN	at	306451  
308941	[1]	:	Key	71	UP	at	306619  
308942	[1]	:	Key	71	DOWN	at	306804  
308944	[2]	:	Key	71	UP	at	306956  
308945	[1]	:	Key	71	DOWN	at	307108  
308946	[1]	:	Key	71	UP	at	307252  
308947	[1]	:	Key	71	DOWN	at	307380  
308948	[1]	:	Key	71	UP	at	307516  
308949	[1]	:	Key	71	DOWN	at	307668  
308950	[1]	:	Key	71	UP	at	307756  
308951	[1]	:	Key	71	DOWN	at	307932  
308952	[1]	:	Key	71	UP	at	308060  
308953	[1]	:	Key	71	DOWN	at	308172  
308955	[2]	:	Key	71	UP	at	308291  
308956	[1]	:	Key	71	DOWN	at	308419  
308957	[1]	:	Key	71	UP	at	308572  
308958	[1]	:	Key	71	DOWN	at	308724  
308959	[1]	:	Key	71	UP	at	308852  
308974	[15]	:	Key	71	DOWN	at	308969  
310007	[1033]	:	Key	71	UP	at	310007  
310007	[0]	:	Key	71	DOWN	at	310007  
310008	[1]	:	Key	71	UP	at	310008  
310008	[0]	:	Key	71	DOWN	at	310008  
313315	[3307]	:	Key	71	UP	at	310009  
313315	[0]	:	Key	71	DOWN	at	310009  
313316	[1]	:	Key	71	UP	at	310009  
313316	[0]	:	Key	71	DOWN	at	310009  
313316	[0]	:	Key	71	UP	at	310108  
313316	[0]	:	Key	71	DOWN	at	310220  
313317	[1]	:	Key	71	UP	at	310372  
313317	[0]	:	Key	71	DOWN	at	310484  
313317	[0]	:	Key	71	UP	at	310587  
313318	[1]	:	Key	71	DOWN	at	310764  
313318	[0]	:	Key	71	UP	at	310901  
313318	[0]	:	Key	71	DOWN	at	311013  
313318	[0]	:	Key	71	UP	at	311181  
313319	[1]	:	Key	71	DOWN	at	311357  
313319	[0]	:	Key	71	UP	at	311493  
313320	[1]	:	Key	71	DOWN	at	311636  
313320	[0]	:	Key	71	UP	at	311779  
313320	[0]	:	Key	71	DOWN	at	311941  
313320	[0]	:	Key	71	UP	at	312077  
313321	[1]	:	Key	71	DOWN	at	312269  
313321	[0]	:	Key	71	UP	at	312437  
313321	[0]	:	Key	71	DOWN	at	312901  
313322	[1]	:	Key	71	UP	at	313053  
313868	[546]	:	Key	71	DOWN	at	313868  
317169	[3301]	:	Key	71	UP	at	314005  
317171	[2]	:	Key	71	DOWN	at	314717  
317172	[1]	:	Key	71	UP	at	314885  
317173	[1]	:	Key	71	DOWN	at	315453  
317174	[1]	:	Key	71	UP	at	315685  
317175	[1]	:	Key	71	DOWN	at	315949  
317176	[1]	:	Key	71	UP	at	316148  
317177	[1]	:	Key	71	DOWN	at	316349  
317178	[1]	:	Key	71	UP	at	316516  
317180	[2]	:	Key	71	DOWN	at	316707  
317181	[1]	:	Key	71	UP	at	316876  
317182	[1]	:	Key	71	DOWN	at	317084  
317197	[15]	:	Key	71	UP	at	317196  
317396	[199]	:	Key	71	DOWN	at	317396  
320703	[3307]	:	Key	71	UP	at	317588  
320705	[2]	:	Key	71	DOWN	at	317748  
320706	[1]	:	Key	71	UP	at	317917  
320707	[1]	:	Key	71	DOWN	at	318099  
320708	[1]	:	Key	71	UP	at	318275  
320709	[1]	:	Key	71	DOWN	at	318500  
320710	[1]	:	Key	71	UP	at	318700  
320712	[2]	:	Key	71	DOWN	at	318860  
320713	[1]	:	Key	71	UP	at	319108  
320714	[1]	:	Key	71	DOWN	at	319204  
320715	[1]	:	Key	71	UP	at	319364  
320716	[1]	:	Key	71	DOWN	at	319516  
320717	[1]	:	Key	71	UP	at	319716  
320718	[1]	:	Key	71	DOWN	at	319820  
320719	[1]	:	Key	71	UP	at	319997  
320720	[1]	:	Key	71	DOWN	at	320203  
320721	[1]	:	Key	71	UP	at	320356  
320723	[2]	:	Key	71	DOWN	at	320524  
320736	[13]	:	Key	71	UP	at	320708  
320884	[148]	:	Key	71	DOWN	at	320884  
324771	[3887]	:	Key	71	UP	at	321012  
324771	[0]	:	Key	71	DOWN	at	321180  
324772	[1]	:	Key	71	UP	at	321332  
324772	[0]	:	Key	71	DOWN	at	321452  
324772	[0]	:	Key	71	UP	at	321619  
324772	[0]	:	Key	71	DOWN	at	321843  
324773	[1]	:	Key	71	UP	at	322052  
324773	[0]	:	Key	71	DOWN	at	322332  
324773	[0]	:	Key	71	UP	at	322500  
324774	[1]	:	Key	71	DOWN	at	322644  
324774	[0]	:	Key	71	UP	at	322828  
324774	[0]	:	Key	71	DOWN	at	322956  
324774	[0]	:	Key	71	UP	at	323148  
324775	[1]	:	Key	71	DOWN	at	323308  
324775	[0]	:	Key	71	UP	at	323412  
324775	[0]	:	Key	71	DOWN	at	323580  
324776	[1]	:	Key	71	UP	at	323748  
324776	[0]	:	Key	71	DOWN	at	323884  
325033	[257]	:	Key	71	UP	at	325033  
325035	[2]	:	Key	71	DOWN	at	325034  
325035	[0]	:	Key	71	UP	at	325035  
325036	[1]	:	Key	71	DOWN	at	325035  
326080	[1044]	:	Key	71	UP	at	325036  
326080	[0]	:	Key	71	DOWN	at	325037  
326081	[1]	:	Key	71	UP	at	325037  
327539	[1458]	:	Key	97	DOWN	at	327539  
328664	[1125]	:	Key	97	UP	at	327643  
329372	[708]	:	Key	98	DOWN	at	329372  
330485	[1113]	:	Key	98	UP	at	329444  
332228	[1743]	:	Key	97	DOWN	at	332228  
333349	[1121]	:	Key	97	UP	at	332397  
334580	[1231]	:	Key	97	DOWN	at	334580  
335703	[1123]	:	Key	97	UP	at	334667  
336628	[925]	:	Key	97	DOWN	at	336628  
337759	[1131]	:	Key	97	UP	at	336691  
340018	[2259]	:	Key	97	DOWN	at	340018  
340018	[0]	:	Key	97	UP	at	340018  
341135	[1117]	:	Key	97	DOWN	at	340276  
341136	[1]	:	Key	97	UP	at	340364  
341883	[747]	:	Key	97	DOWN	at	341883  
343003	[1120]	:	Key	97	UP	at	341964  
343963	[960]	:	Key	98	DOWN	at	343963  
345650	[1687]	:	Key	98	UP	at	344035  
351940	[6290]	:	Key	71	DOWN	at	351940  
352986	[1046]	:	Key	71	UP	at	352044  
355031	[2045]	:	Key	98	DOWN	at	355031  
356147	[1116]	:	Key	98	UP	at	355032  
357899	[1752]	:	Key	97	DOWN	at	357899  
359015	[1116]	:	Key	97	UP	at	357972  
360291	[1276]	:	Key	97	DOWN	at	360291  
361420	[1129]	:	Key	97	UP	at	360347  
362387	[967]	:	Key	98	DOWN	at	362387  
363515	[1128]	:	Key	98	UP	at	362491  
364500	[985]	:	Key	97	DOWN	at	364500  
365622	[1122]	:	Key	97	UP	at	364564  
367060	[1438]	:	Key	97	DOWN	at	367060  
368167	[1107]	:	Key	97	UP	at	367132  
370040	[1873]	:	Key	98	DOWN	at	370040  
371152	[1112]	:	Key	98	UP	at	370041  
372868	[1716]	:	Key	97	DOWN	at	372868  
374062	[1194]	:	Key	97	UP	at	372939  
381044	[6982]	:	Key	71	DOWN	at	381044  
381395	[351]	:	Key	71	UP	at	381093  
421156	[39761]	:	Key	71	DOWN	at	421156  
421340	[184]	:	Key	71	UP	at	421340  
422788	[1448]	:	Key	97	DOWN	at	422788  
422903	[115]	:	Key	97	UP	at	422901  
433404	[10501]	:	Key	71	DOWN	at	433404  
433524	[120]	:	Key	71	UP	at	433524  
434532	[1008]	:	Key	97	DOWN	at	434532  
434620	[88]	:	Key	97	UP	at	434620  
439260	[4640]	:	Key	97	DOWN	at	439260  
439383	[123]	:	Key	97	UP	at	439372  
440836	[1453]	:	Key	97	DOWN	at	440836  
440972	[136]	:	Key	97	UP	at	440972  
442100	[1128]	:	Key	97	DOWN	at	442100  
442260	[160]	:	Key	97	UP	at	442260  
442860	[600]	:	Key	97	DOWN	at	442860  
443003	[143]	:	Key	97	UP	at	443003  
443395	[392]	:	Key	97	DOWN	at	443395  
443524	[129]	:	Key	97	UP	at	443524  
443884	[360]	:	Key	97	DOWN	at	443884  
444003	[119]	:	Key	97	UP	at	444003  
445812	[1809]	:	Key	97	DOWN	at	445812  
445947	[135]	:	Key	97	UP	at	445947  
446244	[297]	:	Key	97	DOWN	at	446244  
446355	[111]	:	Key	97	UP	at	446355  
446732	[377]	:	Key	97	DOWN	at	446732  
446868	[136]	:	Key	97	UP	at	446868  
447195	[327]	:	Key	97	DOWN	at	447195  
447308	[113]	:	Key	97	UP	at	447308  
447588	[280]	:	Key	97	DOWN	at	447588  
447691	[103]	:	Key	97	UP	at	447691  
448131	[440]	:	Key	98	DOWN	at	448131  
448284	[153]	:	Key	98	UP	at	448284  
450972	[2688]	:	Key	97	DOWN	at	450972  
451125	[153]	:	Key	97	UP	at	451125  
451332	[207]	:	Key	97	DOWN	at	451332  
451468	[136]	:	Key	97	UP	at	451468  
451764	[296]	:	Key	97	DOWN	at	451764  
451901	[137]	:	Key	97	UP	at	451901  
452492	[591]	:	Key	97	DOWN	at	452492  
452604	[112]	:	Key	97	UP	at	452604  
453324	[720]	:	Key	98	DOWN	at	453324  
453452	[128]	:	Key	98	UP	at	453452  
454428	[976]	:	Key	98	DOWN	at	454428  
454589	[161]	:	Key	98	UP	at	454589  
463076	[8487]	:	Key	97	DOWN	at	463076  
463276	[200]	:	Key	97	UP	at	463276  
464604	[1328]	:	Key	98	DOWN	at	464604  
464700	[96]	:	Key	98	UP	at	464691  
464987	[287]	:	Key	98	DOWN	at	464987  
465075	[88]	:	Key	98	UP	at	465075  
466363	[1288]	:	Key	98	DOWN	at	466363  
466450	[87]	:	Key	98	UP	at	466443  
478532	[12082]	:	Key	98	DOWN	at	478532  
478635	[103]	:	Key	98	UP	at	478635  
484643	[6008]	:	Key	98	DOWN	at	484643  
484779	[136]	:	Key	98	UP	at	484779  
486812	[2033]	:	Key	98	DOWN	at	486812  
486904	[92]	:	Key	98	UP	at	486901  
487340	[436]	:	Key	97	DOWN	at	487340  
487492	[152]	:	Key	97	UP	at	487492  
492812	[5320]	:	Key	98	DOWN	at	492812  
492996	[184]	:	Key	98	UP	at	492996  
501259	[8263]	:	Key	98	DOWN	at	501259  
501412	[153]	:	Key	98	UP	at	501412  
509956	[8544]	:	Key	98	DOWN	at	509956  
510075	[119]	:	Key	98	UP	at	510075  
527514	[17439]	:	Key	98	DOWN	at	527514  
527609	[95]	:	Key	98	UP	at	527586  
533754	[6145]	:	Key	98	DOWN	at	533754  
533852	[98]	:	Key	98	UP	at	533833  
550241	[16389]	:	Key	98	DOWN	at	550241  
550386	[145]	:	Key	98	UP	at	550386  
559106	[8720]	:	Key	98	DOWN	at	559106  
559242	[136]	:	Key	98	UP	at	559242  
565133	[5891]	:	Key	98	DOWN	at	565133  
565133	[0]	:	Key	98	UP	at	565133  
567026	[1893]	:	Key	98	DOWN	at	567026  
567109	[83]	:	Key	98	UP	at	567106  
568858	[1749]	:	Key	98	DOWN	at	568858  
569026	[168]	:	Key	98	UP	at	569026  
569602	[576]	:	Key	97	DOWN	at	569602  
569754	[152]	:	Key	97	UP	at	569754  
569938	[184]	:	Key	97	DOWN	at	569938  
570905	[967]	:	Key	97	UP	at	570905  
571018	[113]	:	Key	97	DOWN	at	571018  
571113	[95]	:	Key	97	UP	at	571113  
571249	[136]	:	Key	97	DOWN	at	571249  
571354	[105]	:	Key	97	UP	at	571354  
571474	[120]	:	Key	97	DOWN	at	571474  
571570	[96]	:	Key	97	UP	at	571561  
571690	[120]	:	Key	97	DOWN	at	571690  
571777	[87]	:	Key	97	UP	at	571777  
571898	[121]	:	Key	97	DOWN	at	571898  
571977	[79]	:	Key	97	UP	at	571977  
572098	[121]	:	Key	97	DOWN	at	572098  
572186	[88]	:	Key	97	UP	at	572186  
572305	[119]	:	Key	97	DOWN	at	572305  
572401	[96]	:	Key	97	UP	at	572401  
572777	[376]	:	Key	97	DOWN	at	572777  
572881	[104]	:	Key	97	UP	at	572881  
572986	[105]	:	Key	97	DOWN	at	572986  
573098	[112]	:	Key	97	UP	at	573098  
573259	[161]	:	Key	97	DOWN	at	573259  
573370	[111]	:	Key	97	UP	at	573370  
573658	[288]	:	Key	97	DOWN	at	573658  
573787	[129]	:	Key	97	UP	at	573787  
575050	[1263]	:	Key	98	DOWN	at	575050  
575170	[120]	:	Key	98	UP	at	575170  
576538	[1368]	:	Key	97	DOWN	at	576538  
576738	[200]	:	Key	97	UP	at	576738  
580147	[3409]	:	Key	97	DOWN	at	580147  
580225	[78]	:	Key	97	UP	at	580225  
582577	[2352]	:	Key	97	DOWN	at	582577  
582738	[161]	:	Key	97	UP	at	582738  
583130	[392]	:	Key	97	DOWN	at	583130  
583322	[192]	:	Key	97	UP	at	583322  
583690	[368]	:	Key	97	DOWN	at	583690  
583857	[167]	:	Key	97	UP	at	583857  
597682	[13825]	:	Key	97	DOWN	at	597682  
597842	[160]	:	Key	97	UP	at	597842  
601137	[3295]	:	Key	98	DOWN	at	601137  
601241	[104]	:	Key	98	UP	at	601241  
602089	[848]	:	Key	97	DOWN	at	602089  
602177	[88]	:	Key	97	UP	at	602177  
605594	[3417]	:	Key	100	DOWN	at	605594  
605754	[160]	:	Key	100	UP	at	605754  
607410	[1656]	:	Key	75	DOWN	at	607410  
607521	[111]	:	Key	75	UP	at	607521  
610154	[2633]	:	Key	100	DOWN	at	610154  
610154	[0]	:	Key	100	UP	at	610154  
610338	[184]	:	Key	97	DOWN	at	610338  
610538	[200]	:	Key	97	UP	at	610538  
611747	[1209]	:	Key	97	DOWN	at	611747  
612747	[1000]	:	Key	97	UP	at	611891  
613602	[855]	:	Key	97	DOWN	at	613602  
613698	[96]	:	Key	97	UP	at	613698  
614129	[431]	:	Key	71	DOWN	at	614129  
614430	[301]	:	Key	71	UP	at	614275  
615226	[796]	:	Key	71	DOWN	at	615226  
687106	[71880]	:	Key	71	DOWN	at	687106  
687298	[192]	:	Key	71	UP	at	687298  
688090	[792]	:	Key	71	DOWN	at	688090  
1228533	[540443]	:	Key	97	DOWN	at	1228533 
1229533	[1000]	:	Key	97	UP	at	1228638 
1230813	[1280]	:	Key	71	DOWN	at	1230813 
1789656	[558843]	:	Key	97	DOWN	at	1789656 
1790657	[1001]	:	Key	97	UP	at	1789784 
1791848	[1191]	:	Key	71	DOWN	at	1791848 
2351004	[559156]	:	Key	97	DOWN	at	2351004 
2351004	[0]	:	Key	97	UP	at	2351004 
2352883	[1879]	:	Key	71	DOWN	at	2352883 
2923530	[570647]	:	Key	97	DOWN	at	2923530 
2924530	[1000]	:	Key	97	UP	at	2923651 
2925563	[1033]	:	Key	71	DOWN	at	2925563 
4044600	[1119037]	:	Key	71	DOWN	at	4044600 
4044614	[14]	:	COGENT STOP
