Cog2000 log file Tue Feb 16 10:02:35 2021
gprim v1.33 Compiled:Aug 12 2015 (GLib DirectDraw v7 DX10.0 Compiled:Aug 12 2015)
Display:1024x768x32 60.02Hz
Attaching E:\saharrajabi\final mbmf+drug task\cogent2000v1.33\toolbox\CogInput.mexw64
CogInput v1.05 Compiled: May 20 2010
4	[4]	:	COGENT START
14883	[14879]	:	Key	97	DOWN	at	14883   
14961	[78]	:	Key	97	UP	at	14955   
17018	[2057]	:	Key	97	DOWN	at	17018   
17110	[92]	:	Key	97	UP	at	17090   
17570	[460]	:	Key	97	DOWN	at	17570   
18570	[1000]	:	Key	97	UP	at	17634   
19771	[1201]	:	Key	71	DOWN	at	19771   
19926	[155]	:	Key	71	UP	at	19882   
22531	[2605]	:	Key	71	DOWN	at	22531   
25923	[3392]	:	Key	71	UP	at	22651   
27442	[1519]	:	Key	71	DOWN	at	27442   
30746	[3304]	:	Key	71	UP	at	27547   
31658	[912]	:	Key	71	DOWN	at	31658   
34958	[3300]	:	Key	71	UP	at	31819   
36354	[1396]	:	Key	71	DOWN	at	36354   
39654	[3300]	:	Key	71	UP	at	36548   
39656	[2]	:	Key	71	DOWN	at	38875   
39657	[1]	:	Key	71	UP	at	39027   
41696	[2039]	:	Key	71	DOWN	at	41696   
44994	[3298]	:	Key	71	UP	at	41841   
46320	[1326]	:	Key	71	DOWN	at	46320   
49619	[3299]	:	Key	71	UP	at	46433   
50968	[1349]	:	Key	71	DOWN	at	50968   
54268	[3300]	:	Key	71	UP	at	51137   
55105	[837]	:	Key	71	DOWN	at	55105   
58405	[3300]	:	Key	71	UP	at	55298   
59145	[740]	:	Key	71	DOWN	at	59145   
62433	[3288]	:	Key	71	UP	at	59329   
62435	[2]	:	Key	71	DOWN	at	62401   
62497	[62]	:	Key	71	UP	at	62497   
64617	[2120]	:	Key	71	DOWN	at	64617   
67918	[3301]	:	Key	71	UP	at	64760   
68560	[642]	:	Key	71	DOWN	at	68560   
71851	[3291]	:	Key	71	UP	at	68753   
71853	[2]	:	Key	71	DOWN	at	71113   
71854	[1]	:	Key	71	UP	at	71265   
79248	[7394]	:	Key	71	DOWN	at	79248   
82547	[3299]	:	Key	71	UP	at	79305   
83144	[597]	:	Key	71	DOWN	at	83144   
86445	[3301]	:	Key	71	UP	at	83257   
86447	[2]	:	Key	71	DOWN	at	85857   
86448	[1]	:	Key	71	UP	at	86001   
86936	[488]	:	Key	71	DOWN	at	86936   
90225	[3289]	:	Key	71	UP	at	87057   
90227	[2]	:	Key	71	DOWN	at	89274   
90228	[1]	:	Key	71	UP	at	89402   
94273	[4045]	:	Key	71	DOWN	at	94273   
97573	[3300]	:	Key	71	UP	at	94385   
97575	[2]	:	Key	71	DOWN	at	95025   
97576	[1]	:	Key	71	UP	at	95121   
97577	[1]	:	Key	71	DOWN	at	96801   
97578	[1]	:	Key	71	UP	at	96929   
98097	[519]	:	Key	71	DOWN	at	98097   
101385	[3288]	:	Key	71	UP	at	98121   
103725	[2340]	:	Key	71	DOWN	at	103725  
103726	[1]	:	Key	71	UP	at	103726  
107026	[3300]	:	Key	71	DOWN	at	104313  
107028	[2]	:	Key	71	UP	at	104465  
107029	[1]	:	Key	71	DOWN	at	106153  
107030	[1]	:	Key	71	UP	at	106289  
108064	[1034]	:	Key	71	DOWN	at	108064  
111354	[3290]	:	Key	71	UP	at	108162  
111356	[2]	:	Key	71	DOWN	at	110561  
111357	[1]	:	Key	71	UP	at	110697  
111889	[532]	:	Key	71	DOWN	at	111889  
115178	[3289]	:	Key	71	UP	at	112057  
115180	[2]	:	Key	71	DOWN	at	112865  
115181	[1]	:	Key	71	UP	at	113033  
115182	[1]	:	Key	71	DOWN	at	114632  
115183	[1]	:	Key	71	UP	at	114793  
116104	[921]	:	Key	71	DOWN	at	116104  
119404	[3300]	:	Key	71	UP	at	116249  
119406	[2]	:	Key	71	DOWN	at	117273  
119407	[1]	:	Key	71	UP	at	117433  
119408	[1]	:	Key	71	DOWN	at	118756  
119409	[1]	:	Key	71	UP	at	118777  
119976	[567]	:	Key	71	DOWN	at	119976  
123274	[3298]	:	Key	71	UP	at	120161  
123276	[2]	:	Key	71	DOWN	at	122265  
123277	[1]	:	Key	71	UP	at	122361  
124049	[772]	:	Key	71	DOWN	at	124049  
127351	[3302]	:	Key	71	UP	at	124248  
127353	[2]	:	Key	71	DOWN	at	126226  
127354	[1]	:	Key	71	UP	at	126394  
128113	[759]	:	Key	71	DOWN	at	128113  
131413	[3300]	:	Key	71	UP	at	128328  
131413	[0]	:	Key	71	DOWN	at	128872  
131414	[1]	:	Key	71	UP	at	129065  
131414	[0]	:	Key	71	DOWN	at	129657  
131414	[0]	:	Key	71	UP	at	129744  
131414	[0]	:	Key	71	DOWN	at	130713  
131415	[1]	:	Key	71	UP	at	130881  
131561	[146]	:	Key	71	DOWN	at	131561  
134867	[3306]	:	Key	71	UP	at	131673  
134869	[2]	:	Key	71	DOWN	at	131825  
134870	[1]	:	Key	71	UP	at	131977  
134871	[1]	:	Key	71	DOWN	at	132321  
134872	[1]	:	Key	71	UP	at	132409  
134873	[1]	:	Key	71	DOWN	at	132609  
134874	[1]	:	Key	71	UP	at	133770  
134875	[1]	:	Key	71	DOWN	at	133771  
134877	[2]	:	Key	71	UP	at	133773  
134878	[1]	:	Key	71	DOWN	at	133775  
134880	[2]	:	Key	71	UP	at	133777  
134881	[1]	:	Key	71	DOWN	at	133778  
134882	[1]	:	Key	71	UP	at	133793  
134883	[1]	:	Key	71	DOWN	at	134073  
134884	[1]	:	Key	71	UP	at	134193  
134885	[1]	:	Key	71	DOWN	at	134553  
134885	[0]	:	Key	71	UP	at	134618  
134886	[1]	:	Key	71	DOWN	at	134865  
135016	[130]	:	Key	71	UP	at	135016  
135336	[320]	:	Key	71	DOWN	at	135336  
138628	[3292]	:	Key	71	UP	at	135401  
138630	[2]	:	Key	71	DOWN	at	135609  
138631	[1]	:	Key	71	UP	at	135712  
138632	[1]	:	Key	71	DOWN	at	135928  
138633	[1]	:	Key	71	UP	at	136033  
138634	[1]	:	Key	71	DOWN	at	136233  
138635	[1]	:	Key	71	UP	at	136353  
138636	[1]	:	Key	71	DOWN	at	136521  
138637	[1]	:	Key	71	UP	at	136625  
140016	[1379]	:	Key	71	DOWN	at	140016  
143318	[3302]	:	Key	71	UP	at	140153  
143320	[2]	:	Key	71	DOWN	at	140721  
143321	[1]	:	Key	71	UP	at	140833  
143322	[1]	:	Key	71	DOWN	at	142082  
143323	[1]	:	Key	71	UP	at	142250  
143793	[470]	:	Key	71	DOWN	at	143793  
147082	[3289]	:	Key	71	UP	at	143906  
147084	[2]	:	Key	71	DOWN	at	146657  
147085	[1]	:	Key	71	UP	at	146753  
147721	[636]	:	Key	71	DOWN	at	147721  
151022	[3301]	:	Key	71	UP	at	148771  
151024	[2]	:	Key	71	DOWN	at	149241  
151025	[1]	:	Key	71	UP	at	149409  
151026	[1]	:	Key	71	DOWN	at	150217  
151027	[1]	:	Key	71	UP	at	150361  
151841	[814]	:	Key	71	DOWN	at	151841  
155142	[3301]	:	Key	71	UP	at	152017  
155144	[2]	:	Key	71	DOWN	at	152993  
155145	[1]	:	Key	71	UP	at	153145  
155146	[1]	:	Key	71	DOWN	at	153912  
155147	[1]	:	Key	71	UP	at	154041  
155872	[725]	:	Key	71	DOWN	at	155872  
159173	[3301]	:	Key	71	UP	at	156024  
159175	[2]	:	Key	71	DOWN	at	156465  
159176	[1]	:	Key	71	UP	at	156609  
159177	[1]	:	Key	71	DOWN	at	157121  
159178	[1]	:	Key	71	UP	at	157305  
159179	[1]	:	Key	71	DOWN	at	157677  
159180	[1]	:	Key	71	UP	at	157855  
159181	[1]	:	Key	71	DOWN	at	158063  
159183	[2]	:	Key	71	UP	at	158239  
159183	[0]	:	Key	71	DOWN	at	158815  
159184	[1]	:	Key	71	UP	at	158968  
159407	[223]	:	Key	71	DOWN	at	159407  
162707	[3300]	:	Key	71	UP	at	159519  
162709	[2]	:	Key	71	DOWN	at	162576  
162710	[1]	:	Key	71	UP	at	162688  
163773	[1063]	:	Key	71	DOWN	at	163773  
163773	[0]	:	Key	71	UP	at	163773  
167074	[3301]	:	Key	71	DOWN	at	164519  
167076	[2]	:	Key	71	UP	at	164687  
167631	[555]	:	Key	71	DOWN	at	167631  
170923	[3292]	:	Key	71	UP	at	167791  
170925	[2]	:	Key	71	DOWN	at	168517  
170926	[1]	:	Key	71	UP	at	168557  
170927	[1]	:	Key	71	DOWN	at	170020  
170928	[1]	:	Key	71	UP	at	170172  
171540	[612]	:	Key	71	DOWN	at	171540  
174842	[3302]	:	Key	71	UP	at	171645  
174844	[2]	:	Key	71	DOWN	at	174133  
174845	[1]	:	Key	71	UP	at	174301  
175308	[463]	:	Key	71	DOWN	at	175308  
178596	[3288]	:	Key	71	UP	at	175469  
178598	[2]	:	Key	71	DOWN	at	177702  
178799	[201]	:	Key	71	UP	at	178799  
178801	[2]	:	Key	71	DOWN	at	178800  
182100	[3299]	:	Key	71	UP	at	178886  
182813	[713]	:	Key	71	DOWN	at	182813  
186116	[3303]	:	Key	71	UP	at	182956  
186118	[2]	:	Key	71	DOWN	at	183693  
186119	[1]	:	Key	71	UP	at	183846  
186120	[1]	:	Key	71	DOWN	at	185141  
186121	[1]	:	Key	71	UP	at	185317  
186122	[1]	:	Key	71	DOWN	at	185573  
186123	[1]	:	Key	71	UP	at	185733  
186125	[2]	:	Key	71	DOWN	at	185877  
186126	[1]	:	Key	71	UP	at	185997  
186165	[39]	:	Key	71	DOWN	at	186165  
189470	[3305]	:	Key	71	UP	at	186277  
189470	[0]	:	Key	71	DOWN	at	186421  
189471	[1]	:	Key	71	UP	at	186541  
189471	[0]	:	Key	71	DOWN	at	186686  
189471	[0]	:	Key	71	UP	at	186821  
189471	[0]	:	Key	71	DOWN	at	186949  
189472	[1]	:	Key	71	UP	at	187061  
189472	[0]	:	Key	71	DOWN	at	187197  
189472	[0]	:	Key	71	UP	at	187325  
189473	[1]	:	Key	71	DOWN	at	187461  
189473	[0]	:	Key	71	UP	at	187613  
189473	[0]	:	Key	71	DOWN	at	187765  
189474	[1]	:	Key	71	UP	at	187885  
189474	[0]	:	Key	71	DOWN	at	188044  
189474	[0]	:	Key	71	UP	at	188156  
189475	[1]	:	Key	71	DOWN	at	188301  
189475	[0]	:	Key	71	UP	at	188445  
189475	[0]	:	Key	71	DOWN	at	188589  
189476	[1]	:	Key	71	UP	at	188717  
189476	[0]	:	Key	71	DOWN	at	188861  
189476	[0]	:	Key	71	UP	at	189013  
189476	[0]	:	Key	71	DOWN	at	189125  
189477	[1]	:	Key	71	UP	at	189276  
189477	[0]	:	Key	71	DOWN	at	189412  
189564	[87]	:	Key	71	UP	at	189564  
189716	[152]	:	Key	71	DOWN	at	189716  
193018	[3302]	:	Key	71	UP	at	189845  
193020	[2]	:	Key	71	DOWN	at	189997  
193021	[1]	:	Key	71	UP	at	190141  
193022	[1]	:	Key	71	DOWN	at	190269  
193023	[1]	:	Key	71	UP	at	190421  
193024	[1]	:	Key	71	DOWN	at	190540  
193025	[1]	:	Key	71	UP	at	190684  
193027	[2]	:	Key	71	DOWN	at	190829  
193028	[1]	:	Key	71	UP	at	190949  
193029	[1]	:	Key	71	DOWN	at	191117  
193030	[1]	:	Key	71	UP	at	191221  
193031	[1]	:	Key	71	DOWN	at	192301  
193032	[1]	:	Key	71	UP	at	192467  
193795	[763]	:	Key	71	DOWN	at	193795  
193795	[0]	:	Key	71	UP	at	193795  
193797	[2]	:	Key	71	DOWN	at	193796  
193797	[0]	:	Key	71	UP	at	193797  
197103	[3306]	:	Key	71	DOWN	at	194134  
197104	[1]	:	Key	71	UP	at	194246  
197105	[1]	:	Key	71	DOWN	at	194750  
197106	[1]	:	Key	71	UP	at	194894  
197107	[1]	:	Key	71	DOWN	at	195110  
197108	[1]	:	Key	71	UP	at	195262  
197109	[1]	:	Key	71	DOWN	at	195558  
197111	[2]	:	Key	71	UP	at	195710  
197112	[1]	:	Key	71	DOWN	at	195862  
197113	[1]	:	Key	71	UP	at	195966  
197114	[1]	:	Key	71	DOWN	at	196094  
197115	[1]	:	Key	71	UP	at	196222  
197116	[1]	:	Key	71	DOWN	at	196374  
197117	[1]	:	Key	71	UP	at	196524  
197118	[1]	:	Key	71	DOWN	at	196702  
197120	[2]	:	Key	71	UP	at	196806  
197121	[1]	:	Key	71	DOWN	at	196966  
197122	[1]	:	Key	71	UP	at	197102  
197533	[411]	:	Key	71	DOWN	at	197533  
200830	[3297]	:	Key	71	UP	at	197725  
200832	[2]	:	Key	71	DOWN	at	197885  
200833	[1]	:	Key	71	UP	at	198036  
200834	[1]	:	Key	71	DOWN	at	198214  
200835	[1]	:	Key	71	UP	at	198350  
200836	[1]	:	Key	71	DOWN	at	198598  
200837	[1]	:	Key	71	UP	at	198742  
200838	[1]	:	Key	71	DOWN	at	199013  
200839	[1]	:	Key	71	UP	at	199174  
200841	[2]	:	Key	71	DOWN	at	199374  
200842	[1]	:	Key	71	UP	at	199501  
200843	[1]	:	Key	71	DOWN	at	199621  
200844	[1]	:	Key	71	UP	at	199757  
200845	[1]	:	Key	71	DOWN	at	199869  
200846	[1]	:	Key	71	UP	at	200005  
200847	[1]	:	Key	71	DOWN	at	200117  
200848	[1]	:	Key	71	UP	at	200260  
200849	[1]	:	Key	71	DOWN	at	200405  
200850	[1]	:	Key	71	UP	at	200533  
200851	[1]	:	Key	71	DOWN	at	200653  
200853	[2]	:	Key	71	UP	at	200813  
200948	[95]	:	Key	71	DOWN	at	200948  
204250	[3302]	:	Key	71	UP	at	201061  
204252	[2]	:	Key	71	DOWN	at	201197  
204253	[1]	:	Key	71	UP	at	201341  
204254	[1]	:	Key	71	DOWN	at	201461  
204255	[1]	:	Key	71	UP	at	201557  
204256	[1]	:	Key	71	DOWN	at	201740  
204257	[1]	:	Key	71	UP	at	201844  
204259	[2]	:	Key	71	DOWN	at	203285  
204260	[1]	:	Key	71	UP	at	203477  
205754	[1494]	:	Key	71	DOWN	at	205754  
209049	[3295]	:	Key	71	UP	at	205915  
209051	[2]	:	Key	71	DOWN	at	206323  
209052	[1]	:	Key	71	UP	at	206515  
209053	[1]	:	Key	71	DOWN	at	206715  
209054	[1]	:	Key	71	UP	at	206875  
210098	[1044]	:	Key	71	DOWN	at	210098  
213401	[3303]	:	Key	71	UP	at	210265  
213403	[2]	:	Key	71	DOWN	at	210827  
213404	[1]	:	Key	71	UP	at	210987  
213405	[1]	:	Key	71	DOWN	at	211219  
213406	[1]	:	Key	71	UP	at	211324  
213407	[1]	:	Key	71	DOWN	at	211596  
213408	[1]	:	Key	71	UP	at	211722  
213410	[2]	:	Key	71	DOWN	at	211940  
213411	[1]	:	Key	71	UP	at	212060  
213412	[1]	:	Key	71	DOWN	at	212308  
213413	[1]	:	Key	71	UP	at	212436  
213414	[1]	:	Key	71	DOWN	at	212636  
213415	[1]	:	Key	71	UP	at	212764  
213416	[1]	:	Key	71	DOWN	at	212964  
213417	[1]	:	Key	71	UP	at	213092  
213419	[2]	:	Key	71	DOWN	at	213292  
213432	[13]	:	Key	71	UP	at	213412  
213627	[195]	:	Key	71	DOWN	at	213627  
216927	[3300]	:	Key	71	UP	at	213732  
216929	[2]	:	Key	71	DOWN	at	213924  
216930	[1]	:	Key	71	UP	at	214060  
217291	[361]	:	Key	71	DOWN	at	217291  
220588	[3297]	:	Key	71	UP	at	217443  
220590	[2]	:	Key	71	DOWN	at	217627  
220591	[1]	:	Key	71	UP	at	217794  
220592	[1]	:	Key	71	DOWN	at	217986  
220593	[1]	:	Key	71	UP	at	218131  
220594	[1]	:	Key	71	DOWN	at	218323  
220595	[1]	:	Key	71	UP	at	218499  
220597	[2]	:	Key	71	DOWN	at	218643  
220598	[1]	:	Key	71	UP	at	218803  
220599	[1]	:	Key	71	DOWN	at	218931  
220600	[1]	:	Key	71	UP	at	219075  
220601	[1]	:	Key	71	DOWN	at	219211  
220603	[2]	:	Key	71	UP	at	219339  
220604	[1]	:	Key	71	DOWN	at	219507  
220605	[1]	:	Key	71	UP	at	219619  
220606	[1]	:	Key	71	DOWN	at	219747  
220608	[2]	:	Key	71	UP	at	219906  
220609	[1]	:	Key	71	DOWN	at	220018  
220610	[1]	:	Key	71	UP	at	220179  
220612	[2]	:	Key	71	DOWN	at	220331  
220613	[1]	:	Key	71	UP	at	220459  
220627	[14]	:	Key	71	DOWN	at	220611  
220762	[135]	:	Key	71	UP	at	220762  
220914	[152]	:	Key	71	DOWN	at	220914  
224206	[3292]	:	Key	71	UP	at	221019  
224208	[2]	:	Key	71	DOWN	at	221163  
224209	[1]	:	Key	71	UP	at	221267  
224210	[1]	:	Key	71	DOWN	at	221459  
224211	[1]	:	Key	71	UP	at	221563  
224212	[1]	:	Key	71	DOWN	at	221699  
224214	[2]	:	Key	71	UP	at	221811  
224215	[1]	:	Key	71	DOWN	at	221979  
224216	[1]	:	Key	71	UP	at	222107  
224810	[594]	:	Key	71	DOWN	at	224810  
228771	[3961]	:	Key	71	UP	at	224963  
228772	[1]	:	Key	71	DOWN	at	225402  
228772	[0]	:	Key	71	UP	at	225555  
228772	[0]	:	Key	71	DOWN	at	227211  
228773	[1]	:	Key	71	UP	at	227403  
228773	[0]	:	Key	71	DOWN	at	227731  
228773	[0]	:	Key	71	UP	at	227906  
228774	[1]	:	Key	71	DOWN	at	228291  
228774	[0]	:	Key	71	UP	at	228459  
232627	[3853]	:	Key	71	DOWN	at	232627  
233680	[1053]	:	Key	71	UP	at	232732  
235139	[1459]	:	Key	97	DOWN	at	235139  
236289	[1150]	:	Key	97	UP	at	235234  
237075	[786]	:	Key	97	DOWN	at	237075  
238193	[1118]	:	Key	97	UP	at	237170  
240088	[1895]	:	Key	98	DOWN	at	240088  
241237	[1149]	:	Key	98	UP	at	240152  
242368	[1131]	:	Key	98	DOWN	at	242368  
243486	[1118]	:	Key	98	UP	at	242472  
245144	[1658]	:	Key	97	DOWN	at	245144  
246275	[1131]	:	Key	97	UP	at	245232  
247633	[1358]	:	Key	98	DOWN	at	247633  
248766	[1133]	:	Key	98	UP	at	247689  
249904	[1138]	:	Key	97	DOWN	at	249904  
251019	[1115]	:	Key	97	UP	at	249977  
252089	[1070]	:	Key	98	DOWN	at	252089  
253804	[1715]	:	Key	98	UP	at	252169  
254769	[965]	:	Key	71	DOWN	at	254769  
255819	[1050]	:	Key	71	UP	at	254889  
258281	[2462]	:	Key	97	DOWN	at	258281  
259402	[1121]	:	Key	97	UP	at	258368  
260375	[973]	:	Key	97	DOWN	at	260375  
261490	[1115]	:	Key	97	UP	at	260488  
262480	[990]	:	Key	98	DOWN	at	262480  
263601	[1121]	:	Key	98	UP	at	262616  
264425	[824]	:	Key	97	DOWN	at	264425  
265543	[1118]	:	Key	97	UP	at	264513  
267305	[1762]	:	Key	98	DOWN	at	267305  
268414	[1109]	:	Key	98	UP	at	267376  
269305	[891]	:	Key	98	DOWN	at	269305  
270429	[1124]	:	Key	98	UP	at	269424  
271361	[932]	:	Key	97	DOWN	at	271361  
272478	[1117]	:	Key	97	UP	at	271448  
273990	[1512]	:	Key	97	DOWN	at	273990  
275182	[1192]	:	Key	97	UP	at	274070  
276951	[1769]	:	Key	71	DOWN	at	276951  
277286	[335]	:	Key	71	UP	at	277063  
277606	[320]	:	Key	71	DOWN	at	277606  
277742	[136]	:	Key	71	UP	at	277742  
278190	[448]	:	Key	71	DOWN	at	278190  
281494	[3304]	:	Key	71	UP	at	278343  
281496	[2]	:	Key	71	DOWN	at	278542  
281497	[1]	:	Key	71	UP	at	278679  
281498	[1]	:	Key	71	DOWN	at	278823  
281499	[1]	:	Key	71	UP	at	278983  
281500	[1]	:	Key	71	DOWN	at	280399  
281501	[1]	:	Key	71	UP	at	280535  
281502	[1]	:	Key	71	DOWN	at	280695  
281504	[2]	:	Key	71	UP	at	280855  
281505	[1]	:	Key	71	DOWN	at	281015  
281506	[1]	:	Key	71	UP	at	281167  
281507	[1]	:	Key	71	DOWN	at	281336  
281508	[1]	:	Key	71	UP	at	281464  
281615	[107]	:	Key	71	DOWN	at	281615  
284923	[3308]	:	Key	71	UP	at	281744  
284925	[2]	:	Key	71	DOWN	at	281912  
284926	[1]	:	Key	71	UP	at	282040  
284927	[1]	:	Key	71	DOWN	at	282199  
284928	[1]	:	Key	71	UP	at	282328  
284929	[1]	:	Key	71	DOWN	at	282471  
284931	[2]	:	Key	71	UP	at	282592  
284932	[1]	:	Key	71	DOWN	at	282752  
284933	[1]	:	Key	71	UP	at	283851  
284934	[1]	:	Key	71	DOWN	at	283852  
284935	[1]	:	Key	71	UP	at	283854  
284936	[1]	:	Key	71	DOWN	at	283856  
284937	[1]	:	Key	71	UP	at	283858  
284938	[1]	:	Key	71	DOWN	at	283859  
284939	[1]	:	Key	71	UP	at	283861  
284940	[1]	:	Key	71	DOWN	at	283862  
284941	[1]	:	Key	71	UP	at	283944  
284942	[1]	:	Key	71	DOWN	at	284104  
284943	[1]	:	Key	71	UP	at	284239  
284944	[1]	:	Key	71	DOWN	at	284398  
284944	[0]	:	Key	71	UP	at	284528  
284945	[1]	:	Key	71	DOWN	at	284704  
284945	[0]	:	Key	71	UP	at	284816  
284983	[38]	:	Key	71	DOWN	at	284983  
288291	[3308]	:	Key	71	UP	at	285088  
288293	[2]	:	Key	71	DOWN	at	285240  
288294	[1]	:	Key	71	UP	at	285344  
288295	[1]	:	Key	71	DOWN	at	285519  
288297	[2]	:	Key	71	UP	at	285624  
288298	[1]	:	Key	71	DOWN	at	285798  
288299	[1]	:	Key	71	UP	at	285886  
288300	[1]	:	Key	71	DOWN	at	286063  
288301	[1]	:	Key	71	UP	at	286160  
288302	[1]	:	Key	71	DOWN	at	286360  
288303	[1]	:	Key	71	UP	at	286463  
288304	[1]	:	Key	71	DOWN	at	286640  
288305	[1]	:	Key	71	UP	at	286744  
288306	[1]	:	Key	71	DOWN	at	286903  
288306	[0]	:	Key	71	UP	at	287016  
288307	[1]	:	Key	71	DOWN	at	287200  
288308	[1]	:	Key	71	UP	at	287296  
288309	[1]	:	Key	71	DOWN	at	287447  
288310	[1]	:	Key	71	UP	at	287583  
288311	[1]	:	Key	71	DOWN	at	287758  
288311	[0]	:	Key	71	UP	at	287855  
288312	[1]	:	Key	71	DOWN	at	288063  
288313	[1]	:	Key	71	UP	at	288183  
288343	[30]	:	Key	71	DOWN	at	288343  
291649	[3306]	:	Key	71	UP	at	288495  
291651	[2]	:	Key	71	DOWN	at	288639  
291652	[1]	:	Key	71	UP	at	288775  
291653	[1]	:	Key	71	DOWN	at	288903  
291654	[1]	:	Key	71	UP	at	289047  
291655	[1]	:	Key	71	DOWN	at	289190  
291656	[1]	:	Key	71	UP	at	289359  
291657	[1]	:	Key	71	DOWN	at	289495  
291659	[2]	:	Key	71	UP	at	289647  
291660	[1]	:	Key	71	DOWN	at	289815  
291661	[1]	:	Key	71	UP	at	289982  
291662	[1]	:	Key	71	DOWN	at	290134  
291663	[1]	:	Key	71	UP	at	290303  
291664	[1]	:	Key	71	DOWN	at	290447  
291664	[0]	:	Key	71	UP	at	290607  
291665	[1]	:	Key	71	DOWN	at	290751  
291666	[1]	:	Key	71	UP	at	290911  
291667	[1]	:	Key	71	DOWN	at	291054  
291668	[1]	:	Key	71	UP	at	291207  
291669	[1]	:	Key	71	DOWN	at	291343  
291670	[1]	:	Key	71	UP	at	291463  
291670	[0]	:	Key	71	DOWN	at	291599  
291742	[72]	:	Key	71	UP	at	291742  
291894	[152]	:	Key	71	DOWN	at	291894  
295198	[3304]	:	Key	71	UP	at	292015  
295200	[2]	:	Key	71	DOWN	at	292159  
295201	[1]	:	Key	71	UP	at	292271  
295202	[1]	:	Key	71	DOWN	at	292415  
295203	[1]	:	Key	71	UP	at	292550  
295204	[1]	:	Key	71	DOWN	at	292686  
295205	[1]	:	Key	71	UP	at	292823  
295206	[1]	:	Key	71	DOWN	at	292975  
295208	[2]	:	Key	71	UP	at	293095  
295209	[1]	:	Key	71	DOWN	at	293215  
295210	[1]	:	Key	71	UP	at	293359  
295211	[1]	:	Key	71	DOWN	at	293535  
295212	[1]	:	Key	71	UP	at	293663  
295213	[1]	:	Key	71	DOWN	at	294079  
295214	[1]	:	Key	71	UP	at	294191  
295215	[1]	:	Key	71	DOWN	at	295063  
295216	[1]	:	Key	71	UP	at	295143  
295478	[262]	:	Key	71	DOWN	at	295478  
298783	[3305]	:	Key	71	UP	at	295591  
298785	[2]	:	Key	71	DOWN	at	296094  
298786	[1]	:	Key	71	UP	at	296238  
298787	[1]	:	Key	71	DOWN	at	296407  
298788	[1]	:	Key	71	UP	at	296575  
298789	[1]	:	Key	71	DOWN	at	296911  
298790	[1]	:	Key	71	UP	at	297071  
298791	[1]	:	Key	71	DOWN	at	297335  
298793	[2]	:	Key	71	UP	at	297495  
298794	[1]	:	Key	71	DOWN	at	297687  
298841	[47]	:	Key	71	UP	at	298841  
298843	[2]	:	Key	71	DOWN	at	298842  
298844	[1]	:	Key	71	UP	at	298843  
298845	[1]	:	Key	71	DOWN	at	298844  
298846	[1]	:	Key	71	UP	at	298845  
302155	[3309]	:	Key	71	DOWN	at	299064  
302157	[2]	:	Key	71	UP	at	299200  
302158	[1]	:	Key	71	DOWN	at	299448  
302159	[1]	:	Key	71	UP	at	299576  
302160	[1]	:	Key	71	DOWN	at	300046  
302161	[1]	:	Key	71	UP	at	300184  
302162	[1]	:	Key	71	DOWN	at	300376  
302164	[2]	:	Key	71	UP	at	300456  
302165	[1]	:	Key	71	DOWN	at	300744  
302166	[1]	:	Key	71	UP	at	300880  
302167	[1]	:	Key	71	DOWN	at	301136  
302168	[1]	:	Key	71	UP	at	301296  
302169	[1]	:	Key	71	DOWN	at	301455  
302170	[1]	:	Key	71	UP	at	301622  
302172	[2]	:	Key	71	DOWN	at	301816  
302173	[1]	:	Key	71	UP	at	301984  
302193	[20]	:	Key	71	DOWN	at	302174  
302343	[150]	:	Key	71	UP	at	302343  
302527	[184]	:	Key	71	DOWN	at	302527  
305821	[3294]	:	Key	71	UP	at	302664  
305823	[2]	:	Key	71	DOWN	at	302832  
305824	[1]	:	Key	71	UP	at	302983  
305825	[1]	:	Key	71	DOWN	at	303102  
305826	[1]	:	Key	71	UP	at	303247  
305827	[1]	:	Key	71	DOWN	at	303408  
305829	[2]	:	Key	71	UP	at	303544  
305830	[1]	:	Key	71	DOWN	at	303720  
305831	[1]	:	Key	71	UP	at	303872  
305832	[1]	:	Key	71	DOWN	at	304256  
305833	[1]	:	Key	71	UP	at	304408  
305835	[2]	:	Key	71	DOWN	at	304624  
305836	[1]	:	Key	71	UP	at	304776  
305837	[1]	:	Key	71	DOWN	at	304991  
305838	[1]	:	Key	71	UP	at	305158  
305839	[1]	:	Key	71	DOWN	at	305358  
305841	[2]	:	Key	71	UP	at	305520  
306039	[198]	:	Key	71	DOWN	at	306039  
309340	[3301]	:	Key	71	UP	at	306168  
309340	[0]	:	Key	71	DOWN	at	307848  
309341	[1]	:	Key	71	UP	at	308023  
309341	[0]	:	Key	71	DOWN	at	308224  
309341	[0]	:	Key	71	UP	at	308391  
309341	[0]	:	Key	71	DOWN	at	308551  
309342	[1]	:	Key	71	UP	at	308719  
309342	[0]	:	Key	71	DOWN	at	308895  
309342	[0]	:	Key	71	UP	at	309063  
309543	[201]	:	Key	71	DOWN	at	309543  
312848	[3305]	:	Key	71	UP	at	309711  
312849	[1]	:	Key	71	DOWN	at	309911  
312850	[1]	:	Key	71	UP	at	310087  
312850	[0]	:	Key	71	DOWN	at	310303  
312851	[1]	:	Key	71	UP	at	310431  
312852	[1]	:	Key	71	DOWN	at	310639  
312852	[0]	:	Key	71	UP	at	310799  
312853	[1]	:	Key	71	DOWN	at	310975  
312854	[1]	:	Key	71	UP	at	311087  
312854	[0]	:	Key	71	DOWN	at	311302  
312855	[1]	:	Key	71	UP	at	311415  
312856	[1]	:	Key	71	DOWN	at	311631  
312856	[0]	:	Key	71	UP	at	311703  
312857	[1]	:	Key	71	DOWN	at	312295  
312858	[1]	:	Key	71	UP	at	312479  
312858	[0]	:	Key	71	DOWN	at	312615  
312859	[1]	:	Key	71	UP	at	312783  
313850	[991]	:	Key	71	DOWN	at	313850  
313852	[2]	:	Key	71	UP	at	313852  
317159	[3307]	:	Key	71	DOWN	at	313853  
317159	[0]	:	Key	71	UP	at	313854  
317160	[1]	:	Key	71	DOWN	at	313855  
317160	[0]	:	Key	71	UP	at	313856  
317160	[0]	:	Key	71	DOWN	at	313857  
317160	[0]	:	Key	71	UP	at	313895  
317161	[1]	:	Key	71	DOWN	at	314079  
317161	[0]	:	Key	71	UP	at	314239  
317161	[0]	:	Key	71	DOWN	at	314471  
317161	[0]	:	Key	71	UP	at	314623  
317162	[1]	:	Key	71	DOWN	at	315063  
317162	[0]	:	Key	71	UP	at	315191  
317162	[0]	:	Key	71	DOWN	at	315399  
317163	[1]	:	Key	71	UP	at	315573  
317163	[0]	:	Key	71	DOWN	at	315759  
317163	[0]	:	Key	71	UP	at	315934  
317163	[0]	:	Key	71	DOWN	at	316103  
317164	[1]	:	Key	71	UP	at	316264  
317164	[0]	:	Key	71	DOWN	at	316400  
317164	[0]	:	Key	71	UP	at	316544  
317164	[0]	:	Key	71	DOWN	at	316712  
317165	[1]	:	Key	71	UP	at	316848  
317165	[0]	:	Key	71	DOWN	at	317023  
317173	[8]	:	Key	71	UP	at	317166  
317335	[162]	:	Key	71	DOWN	at	317335  
320640	[3305]	:	Key	71	UP	at	317464  
320642	[2]	:	Key	71	DOWN	at	317616  
320643	[1]	:	Key	71	UP	at	317720  
320644	[1]	:	Key	71	DOWN	at	317887  
320645	[1]	:	Key	71	UP	at	317984  
320646	[1]	:	Key	71	DOWN	at	318160  
320647	[1]	:	Key	71	UP	at	318272  
320649	[2]	:	Key	71	DOWN	at	318432  
320650	[1]	:	Key	71	UP	at	318592  
320651	[1]	:	Key	71	DOWN	at	318728  
320652	[1]	:	Key	71	UP	at	318848  
320653	[1]	:	Key	71	DOWN	at	319014  
320654	[1]	:	Key	71	UP	at	319184  
320655	[1]	:	Key	71	DOWN	at	319344  
320656	[1]	:	Key	71	UP	at	319472  
320657	[1]	:	Key	71	DOWN	at	319632  
320658	[1]	:	Key	71	UP	at	319760  
320659	[1]	:	Key	71	DOWN	at	319944  
320661	[2]	:	Key	71	UP	at	320064  
320662	[1]	:	Key	71	DOWN	at	320240  
320663	[1]	:	Key	71	UP	at	320360  
320664	[1]	:	Key	71	DOWN	at	320512  
320665	[1]	:	Key	71	UP	at	320624  
320775	[110]	:	Key	71	DOWN	at	320775  
324082	[3307]	:	Key	71	UP	at	320904  
324082	[0]	:	Key	71	DOWN	at	321062  
324082	[0]	:	Key	71	UP	at	321190  
324083	[1]	:	Key	71	DOWN	at	321352  
324083	[0]	:	Key	71	UP	at	321472  
324083	[0]	:	Key	71	DOWN	at	321624  
324084	[1]	:	Key	71	UP	at	321768  
324084	[0]	:	Key	71	DOWN	at	321944  
324084	[0]	:	Key	71	UP	at	322088  
324084	[0]	:	Key	71	DOWN	at	322264  
324085	[1]	:	Key	71	UP	at	322398  
324085	[0]	:	Key	71	DOWN	at	322590  
324085	[0]	:	Key	71	UP	at	322744  
324086	[1]	:	Key	71	DOWN	at	322896  
324086	[0]	:	Key	71	UP	at	323016  
324086	[0]	:	Key	71	DOWN	at	323224  
324086	[0]	:	Key	71	UP	at	323400  
324375	[289]	:	Key	71	DOWN	at	324375  
327680	[3305]	:	Key	71	UP	at	324559  
327682	[2]	:	Key	71	DOWN	at	324879  
327683	[1]	:	Key	71	UP	at	325047  
327684	[1]	:	Key	71	DOWN	at	325535  
327685	[1]	:	Key	71	UP	at	325727  
327686	[1]	:	Key	71	DOWN	at	325887  
327687	[1]	:	Key	71	UP	at	326118  
327688	[1]	:	Key	71	DOWN	at	326431  
327690	[2]	:	Key	71	UP	at	326583  
327691	[1]	:	Key	71	DOWN	at	326871  
327692	[1]	:	Key	71	UP	at	326927  
327719	[27]	:	Key	71	DOWN	at	327719  
331019	[3300]	:	Key	71	UP	at	327815  
331021	[2]	:	Key	71	DOWN	at	330575  
331022	[1]	:	Key	71	UP	at	330679  
331686	[664]	:	Key	71	DOWN	at	331686  
335579	[3893]	:	Key	71	UP	at	331880  
335579	[0]	:	Key	71	DOWN	at	332030  
335579	[0]	:	Key	71	UP	at	332191  
335580	[1]	:	Key	71	DOWN	at	332391  
335580	[0]	:	Key	71	UP	at	332527  
335580	[0]	:	Key	71	DOWN	at	332711  
335581	[1]	:	Key	71	UP	at	332879  
335581	[0]	:	Key	71	DOWN	at	333055  
335581	[0]	:	Key	71	UP	at	333239  
335582	[1]	:	Key	71	DOWN	at	333445  
335582	[0]	:	Key	71	UP	at	333599  
335582	[0]	:	Key	71	DOWN	at	333768  
335582	[0]	:	Key	71	UP	at	333920  
335583	[1]	:	Key	71	DOWN	at	334072  
335583	[0]	:	Key	71	UP	at	334224  
335583	[0]	:	Key	71	DOWN	at	334400  
335584	[1]	:	Key	71	UP	at	334616  
335584	[0]	:	Key	71	DOWN	at	335288  
335584	[0]	:	Key	71	UP	at	335462  
337943	[2359]	:	Key	71	DOWN	at	337943  
338984	[1041]	:	Key	71	UP	at	338032  
340391	[1407]	:	Key	97	DOWN	at	340391  
341525	[1134]	:	Key	97	UP	at	340462  
342503	[978]	:	Key	98	DOWN	at	342503  
343628	[1125]	:	Key	98	UP	at	342598  
344718	[1090]	:	Key	97	DOWN	at	344718  
345832	[1114]	:	Key	97	UP	at	344798  
346998	[1166]	:	Key	97	DOWN	at	346998  
348124	[1126]	:	Key	97	UP	at	347102  
349630	[1506]	:	Key	98	DOWN	at	349630  
350764	[1134]	:	Key	98	UP	at	349694  
351671	[907]	:	Key	97	DOWN	at	351671  
352806	[1135]	:	Key	97	UP	at	351751  
353895	[1089]	:	Key	97	DOWN	at	353895  
355027	[1132]	:	Key	97	UP	at	353991  
355991	[964]	:	Key	98	DOWN	at	355991  
357680	[1689]	:	Key	98	UP	at	356078  
358858	[1178]	:	Key	71	DOWN	at	358858  
358858	[0]	:	Key	71	UP	at	358858  
362431	[3573]	:	Key	98	DOWN	at	362431  
363568	[1137]	:	Key	98	UP	at	362526  
364942	[1374]	:	Key	97	DOWN	at	364942  
366068	[1126]	:	Key	97	UP	at	364990  
366886	[818]	:	Key	97	DOWN	at	366886  
368004	[1118]	:	Key	97	UP	at	366998  
369143	[1139]	:	Key	98	DOWN	at	369143  
370266	[1123]	:	Key	98	UP	at	369239  
371087	[821]	:	Key	97	DOWN	at	371087  
372215	[1128]	:	Key	97	UP	at	371175  
373869	[1654]	:	Key	97	DOWN	at	373869  
375004	[1135]	:	Key	97	UP	at	373870  
375991	[987]	:	Key	97	DOWN	at	375991  
377119	[1128]	:	Key	97	UP	at	376127  
378382	[1263]	:	Key	97	DOWN	at	378382  
379566	[1184]	:	Key	97	UP	at	378438  
380383	[817]	:	Key	71	DOWN	at	380383  
380704	[321]	:	Key	71	UP	at	380559  
380767	[63]	:	Key	71	DOWN	at	380767  
380934	[167]	:	Key	71	UP	at	380934  
381102	[168]	:	Key	71	DOWN	at	381102  
384397	[3295]	:	Key	71	UP	at	381271  
384399	[2]	:	Key	71	DOWN	at	381415  
384400	[1]	:	Key	71	UP	at	381550  
384401	[1]	:	Key	71	DOWN	at	381694  
384402	[1]	:	Key	71	UP	at	381847  
384403	[1]	:	Key	71	DOWN	at	382031  
384404	[1]	:	Key	71	UP	at	382159  
384405	[1]	:	Key	71	DOWN	at	382343  
384407	[2]	:	Key	71	UP	at	382495  
384408	[1]	:	Key	71	DOWN	at	382647  
384409	[1]	:	Key	71	UP	at	382775  
384410	[1]	:	Key	71	DOWN	at	382983  
384411	[1]	:	Key	71	UP	at	383151  
384412	[1]	:	Key	71	DOWN	at	383447  
384413	[1]	:	Key	71	UP	at	383599  
384414	[1]	:	Key	71	DOWN	at	383782  
384415	[1]	:	Key	71	UP	at	383942  
384416	[1]	:	Key	71	DOWN	at	384343  
384431	[15]	:	Key	71	UP	at	384415  
384550	[119]	:	Key	71	DOWN	at	384550  
387855	[3305]	:	Key	71	UP	at	384687  
387857	[2]	:	Key	71	DOWN	at	384791  
387858	[1]	:	Key	71	UP	at	384943  
387858	[0]	:	Key	71	DOWN	at	385071  
387858	[0]	:	Key	71	UP	at	385207  
387859	[1]	:	Key	71	DOWN	at	385343  
387859	[0]	:	Key	71	UP	at	385471  
387859	[0]	:	Key	71	DOWN	at	385591  
387859	[0]	:	Key	71	UP	at	385719  
387860	[1]	:	Key	71	DOWN	at	385847  
387860	[0]	:	Key	71	UP	at	385999  
387860	[0]	:	Key	71	DOWN	at	386135  
387861	[1]	:	Key	71	UP	at	386239  
387861	[0]	:	Key	71	DOWN	at	386463  
387861	[0]	:	Key	71	UP	at	386631  
387862	[1]	:	Key	71	DOWN	at	386840  
387862	[0]	:	Key	71	UP	at	387016  
387862	[0]	:	Key	71	DOWN	at	387208  
387863	[1]	:	Key	71	UP	at	387384  
387863	[0]	:	Key	71	DOWN	at	387584  
387863	[0]	:	Key	71	UP	at	387750  
388878	[1015]	:	Key	71	DOWN	at	388878  
388878	[0]	:	Key	71	UP	at	388878  
388880	[2]	:	Key	71	DOWN	at	388879  
388880	[0]	:	Key	71	UP	at	388880  
388881	[1]	:	Key	71	DOWN	at	388880  
392190	[3309]	:	Key	71	UP	at	388895  
392190	[0]	:	Key	71	DOWN	at	389040  
392191	[1]	:	Key	71	UP	at	389240  
392191	[0]	:	Key	71	DOWN	at	389447  
392191	[0]	:	Key	71	UP	at	389600  
392192	[1]	:	Key	71	DOWN	at	389800  
392192	[0]	:	Key	71	UP	at	389936  
392192	[0]	:	Key	71	DOWN	at	390128  
392192	[0]	:	Key	71	UP	at	390248  
392193	[1]	:	Key	71	DOWN	at	390408  
392193	[0]	:	Key	71	UP	at	390598  
392193	[0]	:	Key	71	DOWN	at	390654  
392194	[1]	:	Key	71	UP	at	390800  
392194	[0]	:	Key	71	DOWN	at	390920  
392194	[0]	:	Key	71	UP	at	391104  
392195	[1]	:	Key	71	DOWN	at	391144  
392195	[0]	:	Key	71	UP	at	391288  
392195	[0]	:	Key	71	DOWN	at	391400  
392195	[0]	:	Key	71	UP	at	391544  
392196	[1]	:	Key	71	DOWN	at	391648  
392196	[0]	:	Key	71	UP	at	391776  
392196	[0]	:	Key	71	DOWN	at	391848  
392206	[10]	:	Key	71	UP	at	392206  
392271	[65]	:	Key	71	DOWN	at	392271  
395574	[3303]	:	Key	71	UP	at	393039  
395576	[2]	:	Key	71	DOWN	at	393080  
395577	[1]	:	Key	71	UP	at	393287  
395578	[1]	:	Key	71	DOWN	at	393328  
395579	[1]	:	Key	71	UP	at	393519  
395580	[1]	:	Key	71	DOWN	at	393568  
395581	[1]	:	Key	71	UP	at	393744  
395583	[2]	:	Key	71	DOWN	at	393792  
395584	[1]	:	Key	71	UP	at	393943  
395584	[0]	:	Key	71	DOWN	at	394015  
395585	[1]	:	Key	71	UP	at	394199  
395586	[1]	:	Key	71	DOWN	at	394415  
395587	[1]	:	Key	71	UP	at	394647  
395588	[1]	:	Key	71	DOWN	at	394759  
395589	[1]	:	Key	71	UP	at	394942  
395590	[1]	:	Key	71	DOWN	at	395086  
395590	[0]	:	Key	71	UP	at	395367  
395591	[1]	:	Key	71	DOWN	at	395479  
395638	[47]	:	Key	71	UP	at	395638  
395790	[152]	:	Key	71	DOWN	at	395790  
399096	[3306]	:	Key	71	UP	at	396007  
399098	[2]	:	Key	71	DOWN	at	396391  
399099	[1]	:	Key	71	UP	at	396622  
399100	[1]	:	Key	71	DOWN	at	396983  
399101	[1]	:	Key	71	UP	at	397127  
399102	[1]	:	Key	71	DOWN	at	397375  
399103	[1]	:	Key	71	UP	at	397511  
399104	[1]	:	Key	71	DOWN	at	397751  
399106	[2]	:	Key	71	UP	at	397887  
399107	[1]	:	Key	71	DOWN	at	398119  
399108	[1]	:	Key	71	UP	at	398255  
399109	[1]	:	Key	71	DOWN	at	398550  
399110	[1]	:	Key	71	UP	at	398687  
399230	[120]	:	Key	71	DOWN	at	399230  
402534	[3304]	:	Key	71	UP	at	399343  
402536	[2]	:	Key	71	DOWN	at	399623  
402537	[1]	:	Key	71	UP	at	399918  
402538	[1]	:	Key	71	DOWN	at	400159  
402539	[1]	:	Key	71	UP	at	400351  
402540	[1]	:	Key	71	DOWN	at	400623  
402541	[1]	:	Key	71	UP	at	401007  
402543	[2]	:	Key	71	DOWN	at	401175  
402544	[1]	:	Key	71	UP	at	401431  
402545	[1]	:	Key	71	DOWN	at	401631  
402546	[1]	:	Key	71	UP	at	401870  
402547	[1]	:	Key	71	DOWN	at	402111  
402548	[1]	:	Key	71	UP	at	402335  
402606	[58]	:	Key	71	DOWN	at	402606  
405912	[3306]	:	Key	71	UP	at	402783  
405914	[2]	:	Key	71	DOWN	at	403895  
405915	[1]	:	Key	71	UP	at	403896  
405916	[1]	:	Key	71	DOWN	at	403898  
405917	[1]	:	Key	71	UP	at	403900  
405918	[1]	:	Key	71	DOWN	at	403920  
405919	[1]	:	Key	71	UP	at	404144  
405921	[2]	:	Key	71	DOWN	at	404296  
405922	[1]	:	Key	71	UP	at	404440  
405923	[1]	:	Key	71	DOWN	at	404608  
405924	[1]	:	Key	71	UP	at	404768  
405925	[1]	:	Key	71	DOWN	at	404928  
405926	[1]	:	Key	71	UP	at	405088  
405927	[1]	:	Key	71	DOWN	at	405278  
405928	[1]	:	Key	71	UP	at	405520  
405929	[1]	:	Key	71	DOWN	at	405776  
405975	[46]	:	Key	71	UP	at	405975  
406127	[152]	:	Key	71	DOWN	at	406127  
410019	[3892]	:	Key	71	UP	at	406328  
410019	[0]	:	Key	71	DOWN	at	406512  
410020	[1]	:	Key	71	UP	at	406711  
410020	[0]	:	Key	71	DOWN	at	406886  
410020	[0]	:	Key	71	UP	at	407072  
410021	[1]	:	Key	71	DOWN	at	407256  
410021	[0]	:	Key	71	UP	at	407464  
410021	[0]	:	Key	71	DOWN	at	407665  
410021	[0]	:	Key	71	UP	at	407920  
410022	[1]	:	Key	71	DOWN	at	408112  
410022	[0]	:	Key	71	UP	at	408328  
410022	[0]	:	Key	71	DOWN	at	408544  
410022	[0]	:	Key	71	UP	at	408744  
410023	[1]	:	Key	71	DOWN	at	409032  
410023	[0]	:	Key	71	UP	at	409264  
410023	[0]	:	Key	71	DOWN	at	409472  
410023	[0]	:	Key	71	UP	at	409712  
410024	[1]	:	Key	71	DOWN	at	409886  
410110	[86]	:	Key	71	UP	at	410110  
410255	[145]	:	Key	71	DOWN	at	410255  
411274	[1019]	:	Key	71	UP	at	410454  
412637	[1363]	:	Key	97	DOWN	at	412637  
413768	[1131]	:	Key	97	UP	at	412725  
415924	[2156]	:	Key	98	DOWN	at	415924  
417038	[1114]	:	Key	98	UP	at	416125  
417039	[1]	:	Key	97	DOWN	at	416237  
417040	[1]	:	Key	98	DOWN	at	416293  
417040	[0]	:	Key	98	UP	at	416349  
417041	[1]	:	Key	97	UP	at	416381  
417041	[0]	:	Key	98	DOWN	at	416557  
417041	[0]	:	Key	98	UP	at	416645  
417042	[1]	:	Key	98	DOWN	at	416789  
417042	[0]	:	Key	98	UP	at	416885  
417043	[1]	:	Key	98	DOWN	at	417029  
417132	[89]	:	Key	98	UP	at	417132  
417268	[136]	:	Key	98	DOWN	at	417268  
418396	[1128]	:	Key	98	UP	at	417356  
418398	[2]	:	Key	98	DOWN	at	417469  
418399	[1]	:	Key	98	UP	at	417565  
418400	[1]	:	Key	98	DOWN	at	417796  
418914	[514]	:	Key	98	UP	at	418914  
418914	[0]	:	Key	98	DOWN	at	418914  
420039	[1125]	:	Key	98	UP	at	418915  
420040	[1]	:	Key	98	DOWN	at	418915  
420040	[0]	:	Key	98	UP	at	418916  
420041	[1]	:	Key	98	DOWN	at	418916  
420041	[0]	:	Key	98	UP	at	418917  
420042	[1]	:	Key	98	DOWN	at	418917  
420042	[0]	:	Key	98	UP	at	418918  
420043	[1]	:	Key	98	DOWN	at	419036  
420043	[0]	:	Key	98	UP	at	419149  
420044	[1]	:	Key	98	DOWN	at	419317  
420044	[0]	:	Key	98	UP	at	419413  
420044	[0]	:	Key	98	DOWN	at	419588  
420045	[1]	:	Key	98	UP	at	419676  
420045	[0]	:	Key	98	DOWN	at	419829  
420046	[1]	:	Key	98	UP	at	419965  
420068	[22]	:	Key	98	DOWN	at	420068  
421160	[1092]	:	Key	98	UP	at	420172  
421161	[1]	:	Key	98	DOWN	at	420277  
421161	[0]	:	Key	98	UP	at	420373  
421161	[0]	:	Key	98	DOWN	at	420541  
421162	[1]	:	Key	98	UP	at	420589  
421162	[0]	:	Key	98	DOWN	at	420757  
421162	[0]	:	Key	98	UP	at	420869  
421163	[1]	:	Key	98	DOWN	at	421037  
421163	[0]	:	Key	98	UP	at	421116  
421285	[122]	:	Key	98	DOWN	at	421285  
422409	[1124]	:	Key	98	UP	at	421357  
422410	[1]	:	Key	98	DOWN	at	421550  
422411	[1]	:	Key	98	UP	at	421662  
422411	[0]	:	Key	98	DOWN	at	421814  
422412	[1]	:	Key	98	UP	at	421910  
422412	[0]	:	Key	98	DOWN	at	422046  
422413	[1]	:	Key	98	UP	at	422158  
422413	[0]	:	Key	98	DOWN	at	422302  
422414	[1]	:	Key	98	UP	at	422398  
422516	[102]	:	Key	98	DOWN	at	422516  
423640	[1124]	:	Key	98	UP	at	422612  
423641	[1]	:	Key	98	DOWN	at	422750  
423642	[1]	:	Key	98	UP	at	422854  
423643	[1]	:	Key	98	DOWN	at	423006  
423643	[0]	:	Key	98	UP	at	423086  
423644	[1]	:	Key	98	DOWN	at	423270  
423644	[0]	:	Key	98	UP	at	423326  
423645	[1]	:	Key	98	DOWN	at	423486  
423645	[0]	:	Key	98	UP	at	423574  
423725	[80]	:	Key	98	DOWN	at	423725  
425419	[1694]	:	Key	98	UP	at	423837  
425419	[0]	:	Key	98	DOWN	at	423974  
425419	[0]	:	Key	98	UP	at	424046  
425420	[1]	:	Key	98	DOWN	at	424214  
425420	[0]	:	Key	98	UP	at	424294  
425420	[0]	:	Key	98	DOWN	at	424454  
425420	[0]	:	Key	98	UP	at	424526  
425421	[1]	:	Key	98	DOWN	at	424717  
425421	[0]	:	Key	98	UP	at	424812  
425421	[0]	:	Key	98	DOWN	at	424958  
425422	[1]	:	Key	98	UP	at	425038  
425422	[0]	:	Key	98	DOWN	at	425174  
425422	[0]	:	Key	98	UP	at	425302  
425428	[6]	:	Key	98	DOWN	at	425428  
425525	[97]	:	Key	98	UP	at	425525  
425645	[120]	:	Key	98	DOWN	at	425645  
425741	[96]	:	Key	98	UP	at	425741  
425973	[232]	:	Key	98	DOWN	at	425973  
426069	[96]	:	Key	98	UP	at	426069  
426309	[240]	:	Key	98	DOWN	at	426309  
426381	[72]	:	Key	98	UP	at	426381  
426821	[440]	:	Key	71	DOWN	at	426821  
427870	[1049]	:	Key	71	UP	at	427062  
428157	[287]	:	Key	98	DOWN	at	428157  
429278	[1121]	:	Key	98	UP	at	428294  
429279	[1]	:	Key	98	DOWN	at	428381  
429279	[0]	:	Key	98	UP	at	428454  
429280	[1]	:	Key	98	DOWN	at	428589  
429280	[0]	:	Key	98	UP	at	428669  
429281	[1]	:	Key	98	DOWN	at	428837  
429281	[0]	:	Key	98	UP	at	428917  
429282	[1]	:	Key	98	DOWN	at	429076  
429282	[0]	:	Key	98	UP	at	429172  
429357	[75]	:	Key	98	DOWN	at	429357  
430482	[1125]	:	Key	98	UP	at	429469  
430483	[1]	:	Key	98	DOWN	at	429661  
430483	[0]	:	Key	98	UP	at	429733  
430484	[1]	:	Key	98	DOWN	at	429917  
430484	[0]	:	Key	98	UP	at	430021  
430484	[0]	:	Key	98	DOWN	at	430229  
430485	[1]	:	Key	98	UP	at	430356  
430532	[47]	:	Key	98	DOWN	at	430532  
431647	[1115]	:	Key	98	UP	at	430604  
431648	[1]	:	Key	98	DOWN	at	430789  
431648	[0]	:	Key	98	UP	at	430837  
431649	[1]	:	Key	98	DOWN	at	430981  
431649	[0]	:	Key	98	UP	at	431069  
431650	[1]	:	Key	98	DOWN	at	431213  
431650	[0]	:	Key	98	UP	at	431341  
431651	[1]	:	Key	98	DOWN	at	431517  
431651	[0]	:	Key	98	UP	at	431613  
431781	[130]	:	Key	98	DOWN	at	431781  
432883	[1102]	:	Key	98	UP	at	431876  
432884	[1]	:	Key	98	DOWN	at	432045  
432884	[0]	:	Key	98	UP	at	432125  
432884	[0]	:	Key	98	DOWN	at	432293  
432885	[1]	:	Key	98	UP	at	432405  
432885	[0]	:	Key	98	DOWN	at	432589  
432885	[0]	:	Key	98	UP	at	432741  
432886	[1]	:	Key	98	DOWN	at	432820  
433890	[1004]	:	Key	98	UP	at	433890  
433890	[0]	:	Key	98	DOWN	at	433890  
434994	[1104]	:	Key	98	UP	at	433891  
434995	[1]	:	Key	98	DOWN	at	433891  
434996	[1]	:	Key	98	UP	at	433891  
434997	[1]	:	Key	98	DOWN	at	433892  
434997	[0]	:	Key	98	UP	at	433892  
434998	[1]	:	Key	98	DOWN	at	433892  
434999	[1]	:	Key	98	UP	at	433956  
434999	[0]	:	Key	98	DOWN	at	434101  
435000	[1]	:	Key	98	UP	at	434197  
435001	[1]	:	Key	98	DOWN	at	434365  
435001	[0]	:	Key	98	UP	at	434461  
435002	[1]	:	Key	98	DOWN	at	434613  
435002	[0]	:	Key	98	UP	at	434693  
435003	[1]	:	Key	98	DOWN	at	434837  
435003	[0]	:	Key	98	UP	at	434949  
435084	[81]	:	Key	98	DOWN	at	435084  
436173	[1089]	:	Key	98	UP	at	435164  
436174	[1]	:	Key	98	DOWN	at	435326  
436174	[0]	:	Key	98	UP	at	435381  
436174	[0]	:	Key	98	DOWN	at	435645  
436175	[1]	:	Key	98	UP	at	435821  
436175	[0]	:	Key	98	DOWN	at	436124  
436204	[29]	:	Key	98	UP	at	436204  
436373	[169]	:	Key	98	DOWN	at	436373  
437500	[1127]	:	Key	98	UP	at	436476  
437501	[1]	:	Key	98	DOWN	at	436597  
437501	[0]	:	Key	98	UP	at	436645  
437502	[1]	:	Key	98	DOWN	at	436805  
437502	[0]	:	Key	98	UP	at	436893  
437503	[1]	:	Key	98	DOWN	at	437069  
437503	[0]	:	Key	98	UP	at	437141  
437504	[1]	:	Key	98	DOWN	at	437325  
437504	[0]	:	Key	98	UP	at	437413  
437548	[44]	:	Key	98	DOWN	at	437548  
438737	[1189]	:	Key	98	UP	at	437636  
438737	[0]	:	Key	98	DOWN	at	437789  
438737	[0]	:	Key	98	UP	at	437853  
438738	[1]	:	Key	98	DOWN	at	438045  
438738	[0]	:	Key	98	UP	at	438085  
438738	[0]	:	Key	98	DOWN	at	438253  
438738	[0]	:	Key	98	UP	at	438349  
438739	[1]	:	Key	98	DOWN	at	438469  
438739	[0]	:	Key	98	UP	at	438557  
438739	[0]	:	Key	98	DOWN	at	438677  
438773	[34]	:	Key	98	UP	at	438773  
438925	[152]	:	Key	98	DOWN	at	438925  
438997	[72]	:	Key	98	UP	at	438997  
439125	[128]	:	Key	98	DOWN	at	439125  
439189	[64]	:	Key	98	UP	at	439189  
439853	[664]	:	Key	71	DOWN	at	439853  
440180	[327]	:	Key	71	UP	at	440102  
440957	[777]	:	Key	71	DOWN	at	440957  
441053	[96]	:	Key	71	UP	at	441053  
441517	[464]	:	Key	71	DOWN	at	441517  
444819	[3302]	:	Key	71	UP	at	441630  
444819	[0]	:	Key	71	DOWN	at	441798  
444820	[1]	:	Key	71	UP	at	441910  
444820	[0]	:	Key	71	DOWN	at	442054  
444820	[0]	:	Key	71	UP	at	442158  
444821	[1]	:	Key	71	DOWN	at	442302  
444821	[0]	:	Key	71	UP	at	442414  
444821	[0]	:	Key	71	DOWN	at	442542  
444821	[0]	:	Key	71	UP	at	442646  
444822	[1]	:	Key	71	DOWN	at	442774  
444822	[0]	:	Key	71	UP	at	442902  
444822	[0]	:	Key	71	DOWN	at	443053  
444823	[1]	:	Key	71	UP	at	443156  
444823	[0]	:	Key	71	DOWN	at	443366  
444823	[0]	:	Key	71	UP	at	443462  
444824	[1]	:	Key	71	DOWN	at	443630  
444824	[0]	:	Key	71	UP	at	443726  
444824	[0]	:	Key	71	DOWN	at	443886  
444825	[1]	:	Key	71	UP	at	443998  
444825	[0]	:	Key	71	DOWN	at	444174  
444825	[0]	:	Key	71	UP	at	444278  
444825	[0]	:	Key	71	DOWN	at	444422  
444826	[1]	:	Key	71	UP	at	444542  
444826	[0]	:	Key	71	DOWN	at	444708  
444835	[9]	:	Key	71	UP	at	444828  
445004	[169]	:	Key	71	DOWN	at	445004  
448310	[3306]	:	Key	71	UP	at	445094  
448310	[0]	:	Key	71	DOWN	at	445286  
448311	[1]	:	Key	71	UP	at	445414  
448311	[0]	:	Key	71	DOWN	at	445574  
448311	[0]	:	Key	71	UP	at	445686  
448311	[0]	:	Key	71	DOWN	at	445862  
448312	[1]	:	Key	71	UP	at	445917  
448312	[0]	:	Key	71	DOWN	at	446206  
448312	[0]	:	Key	71	UP	at	446334  
448313	[1]	:	Key	71	DOWN	at	446557  
448313	[0]	:	Key	71	UP	at	446644  
448313	[0]	:	Key	71	DOWN	at	446950  
448313	[0]	:	Key	71	UP	at	447045  
448314	[1]	:	Key	71	DOWN	at	447214  
448314	[0]	:	Key	71	UP	at	447301  
448314	[0]	:	Key	71	DOWN	at	447461  
448315	[1]	:	Key	71	UP	at	447549  
448315	[0]	:	Key	71	DOWN	at	447717  
448315	[0]	:	Key	71	UP	at	447805  
448925	[610]	:	Key	71	DOWN	at	448925  
448927	[2]	:	Key	71	UP	at	448926  
448928	[1]	:	Key	71	DOWN	at	448927  
452234	[3306]	:	Key	71	UP	at	448928  
452234	[0]	:	Key	71	DOWN	at	448929  
452235	[1]	:	Key	71	UP	at	448930  
452235	[0]	:	Key	71	DOWN	at	448931  
452235	[0]	:	Key	71	UP	at	448932  
452235	[0]	:	Key	71	DOWN	at	448933  
452236	[1]	:	Key	71	UP	at	449038  
452236	[0]	:	Key	71	DOWN	at	449189  
452236	[0]	:	Key	71	UP	at	449301  
452237	[1]	:	Key	71	DOWN	at	449446  
452237	[0]	:	Key	71	UP	at	449565  
452237	[0]	:	Key	71	DOWN	at	449765  
452237	[0]	:	Key	71	UP	at	449886  
452238	[1]	:	Key	71	DOWN	at	450029  
452238	[0]	:	Key	71	UP	at	450165  
452238	[0]	:	Key	71	DOWN	at	450349  
452238	[0]	:	Key	71	UP	at	450509  
452239	[1]	:	Key	71	DOWN	at	450636  
452239	[0]	:	Key	71	UP	at	450765  
452239	[0]	:	Key	71	DOWN	at	450909  
452240	[1]	:	Key	71	UP	at	451029  
452240	[0]	:	Key	71	DOWN	at	451189  
452240	[0]	:	Key	71	UP	at	451309  
452240	[0]	:	Key	71	DOWN	at	451461  
452241	[1]	:	Key	71	UP	at	451589  
452241	[0]	:	Key	71	DOWN	at	451749  
452241	[0]	:	Key	71	UP	at	451877  
452241	[0]	:	Key	71	DOWN	at	452068  
452242	[1]	:	Key	71	UP	at	452196  
452341	[99]	:	Key	71	DOWN	at	452341  
455649	[3308]	:	Key	71	UP	at	452453  
455651	[2]	:	Key	71	DOWN	at	452589  
455652	[1]	:	Key	71	UP	at	452693  
455653	[1]	:	Key	71	DOWN	at	452853  
455654	[1]	:	Key	71	UP	at	452965  
455655	[1]	:	Key	71	DOWN	at	453093  
455657	[2]	:	Key	71	UP	at	453197  
455658	[1]	:	Key	71	DOWN	at	453348  
455659	[1]	:	Key	71	UP	at	453468  
455660	[1]	:	Key	71	DOWN	at	453605  
455661	[1]	:	Key	71	UP	at	453709  
455662	[1]	:	Key	71	DOWN	at	453837  
455664	[2]	:	Key	71	UP	at	453949  
455665	[1]	:	Key	71	DOWN	at	454077  
455666	[1]	:	Key	71	UP	at	454229  
455667	[1]	:	Key	71	DOWN	at	454333  
455668	[1]	:	Key	71	UP	at	454461  
455669	[1]	:	Key	71	DOWN	at	454597  
455670	[1]	:	Key	71	UP	at	454701  
455671	[1]	:	Key	71	DOWN	at	454837  
455672	[1]	:	Key	71	UP	at	454964  
455673	[1]	:	Key	71	DOWN	at	455140  
455673	[0]	:	Key	71	UP	at	455229  
455674	[1]	:	Key	71	DOWN	at	455357  
455674	[0]	:	Key	71	UP	at	455501  
455675	[1]	:	Key	71	DOWN	at	455637  
455748	[73]	:	Key	71	UP	at	455748  
455884	[136]	:	Key	71	DOWN	at	455884  
459191	[3307]	:	Key	71	UP	at	455997  
459191	[0]	:	Key	71	DOWN	at	456134  
459191	[0]	:	Key	71	UP	at	456246  
459192	[1]	:	Key	71	DOWN	at	456414  
459192	[0]	:	Key	71	UP	at	456502  
459192	[0]	:	Key	71	DOWN	at	456646  
459193	[1]	:	Key	71	UP	at	456766  
459193	[0]	:	Key	71	DOWN	at	456878  
459193	[0]	:	Key	71	UP	at	457014  
459193	[0]	:	Key	71	DOWN	at	457134  
459194	[1]	:	Key	71	UP	at	457230  
459194	[0]	:	Key	71	DOWN	at	457366  
459194	[0]	:	Key	71	UP	at	457470  
459195	[1]	:	Key	71	DOWN	at	457597  
459195	[0]	:	Key	71	UP	at	457677  
459195	[0]	:	Key	71	DOWN	at	457838  
459196	[1]	:	Key	71	UP	at	457934  
459196	[0]	:	Key	71	DOWN	at	458078  
459196	[0]	:	Key	71	UP	at	458198  
459197	[1]	:	Key	71	DOWN	at	458310  
459197	[0]	:	Key	71	UP	at	458422  
459197	[0]	:	Key	71	DOWN	at	458558  
459198	[1]	:	Key	71	UP	at	458662  
459198	[0]	:	Key	71	DOWN	at	458806  
459198	[0]	:	Key	71	UP	at	458966  
459198	[0]	:	Key	71	DOWN	at	459061  
459199	[1]	:	Key	71	UP	at	459172  
459317	[118]	:	Key	71	DOWN	at	459317  
462625	[3308]	:	Key	71	UP	at	459422  
462625	[0]	:	Key	71	DOWN	at	459558  
462626	[1]	:	Key	71	UP	at	459662  
462626	[0]	:	Key	71	DOWN	at	459782  
462626	[0]	:	Key	71	UP	at	459885  
462626	[0]	:	Key	71	DOWN	at	460022  
462627	[1]	:	Key	71	UP	at	460118  
462627	[0]	:	Key	71	DOWN	at	460262  
462627	[0]	:	Key	71	UP	at	460350  
462628	[1]	:	Key	71	DOWN	at	460502  
462628	[0]	:	Key	71	UP	at	460598  
462628	[0]	:	Key	71	DOWN	at	460726  
462629	[1]	:	Key	71	UP	at	460822  
462629	[0]	:	Key	71	DOWN	at	460964  
462629	[0]	:	Key	71	UP	at	461068  
462630	[1]	:	Key	71	DOWN	at	461214  
462630	[0]	:	Key	71	UP	at	461326  
462630	[0]	:	Key	71	DOWN	at	461446  
462631	[1]	:	Key	71	UP	at	461542  
462631	[0]	:	Key	71	DOWN	at	461654  
462631	[0]	:	Key	71	UP	at	461766  
462632	[1]	:	Key	71	DOWN	at	461878  
462632	[0]	:	Key	71	UP	at	461950  
462632	[0]	:	Key	71	DOWN	at	462150  
462633	[1]	:	Key	71	UP	at	462174  
462633	[0]	:	Key	71	DOWN	at	462342  
462633	[0]	:	Key	71	UP	at	462445  
462633	[0]	:	Key	71	DOWN	at	462556  
462701	[68]	:	Key	71	UP	at	462701  
462853	[152]	:	Key	71	DOWN	at	462853  
466148	[3295]	:	Key	71	UP	at	463921  
466150	[2]	:	Key	71	DOWN	at	463922  
466151	[1]	:	Key	71	UP	at	463924  
466152	[1]	:	Key	71	DOWN	at	463926  
466153	[1]	:	Key	71	UP	at	463928  
466154	[1]	:	Key	71	DOWN	at	463930  
466156	[2]	:	Key	71	UP	at	463931  
466157	[1]	:	Key	71	DOWN	at	463933  
466158	[1]	:	Key	71	UP	at	464030  
466159	[1]	:	Key	71	DOWN	at	464174  
466160	[1]	:	Key	71	UP	at	464261  
466161	[1]	:	Key	71	DOWN	at	464381  
466162	[1]	:	Key	71	UP	at	464509  
466163	[1]	:	Key	71	DOWN	at	464646  
466165	[2]	:	Key	71	UP	at	464748  
466166	[1]	:	Key	71	DOWN	at	464860  
466167	[1]	:	Key	71	UP	at	464972  
466168	[1]	:	Key	71	DOWN	at	465070  
466169	[1]	:	Key	71	UP	at	465197  
466170	[1]	:	Key	71	DOWN	at	465333  
466171	[1]	:	Key	71	UP	at	465469  
466172	[1]	:	Key	71	DOWN	at	465597  
466173	[1]	:	Key	71	UP	at	465701  
466173	[0]	:	Key	71	DOWN	at	465805  
466174	[1]	:	Key	71	UP	at	465925  
466174	[0]	:	Key	71	DOWN	at	466013  
466175	[1]	:	Key	71	UP	at	466133  
466277	[102]	:	Key	71	DOWN	at	466277  
470160	[3883]	:	Key	71	UP	at	466373  
470160	[0]	:	Key	71	DOWN	at	466509  
470160	[0]	:	Key	71	UP	at	466613  
470161	[1]	:	Key	71	DOWN	at	466733  
470161	[0]	:	Key	71	UP	at	466845  
470161	[0]	:	Key	71	DOWN	at	466957  
470161	[0]	:	Key	71	UP	at	467052  
470162	[1]	:	Key	71	DOWN	at	467196  
470162	[0]	:	Key	71	UP	at	467309  
470162	[0]	:	Key	71	DOWN	at	467477  
470163	[1]	:	Key	71	UP	at	467573  
470163	[0]	:	Key	71	DOWN	at	467701  
470163	[0]	:	Key	71	UP	at	467815  
470164	[1]	:	Key	71	DOWN	at	467933  
470164	[0]	:	Key	71	UP	at	468037  
470164	[0]	:	Key	71	DOWN	at	468157  
470164	[0]	:	Key	71	UP	at	468261  
470165	[1]	:	Key	71	DOWN	at	468405  
470165	[0]	:	Key	71	UP	at	468509  
470165	[0]	:	Key	71	DOWN	at	468629  
470165	[0]	:	Key	71	UP	at	468725  
470166	[1]	:	Key	71	DOWN	at	468869  
470166	[0]	:	Key	71	UP	at	468980  
470166	[0]	:	Key	71	DOWN	at	469116  
470167	[1]	:	Key	71	UP	at	469213  
470167	[0]	:	Key	71	DOWN	at	469342  
470167	[0]	:	Key	71	UP	at	469469  
470167	[0]	:	Key	71	DOWN	at	469589  
470168	[1]	:	Key	71	UP	at	469701  
475645	[5477]	:	Key	71	DOWN	at	475645  
476686	[1041]	:	Key	71	UP	at	475750  
477541	[855]	:	Key	97	DOWN	at	477541  
478625	[1084]	:	Key	97	UP	at	477605  
479661	[1036]	:	Key	97	DOWN	at	479661  
480763	[1102]	:	Key	97	UP	at	479756  
482164	[1401]	:	Key	97	DOWN	at	482164  
483281	[1117]	:	Key	97	UP	at	482260  
483925	[644]	:	Key	97	DOWN	at	483925  
485048	[1123]	:	Key	97	UP	at	484012  
485917	[869]	:	Key	97	DOWN	at	485917  
487030	[1113]	:	Key	97	UP	at	486012  
487869	[839]	:	Key	97	DOWN	at	487869  
488984	[1115]	:	Key	97	UP	at	487964  
490004	[1020]	:	Key	98	DOWN	at	490004  
491109	[1105]	:	Key	98	UP	at	490100  
492357	[1248]	:	Key	97	DOWN	at	492357  
494057	[1700]	:	Key	97	UP	at	492445  
503189	[9132]	:	Key	71	DOWN	at	503189  
504230	[1041]	:	Key	71	UP	at	503293  
505061	[831]	:	Key	97	DOWN	at	505061  
506195	[1134]	:	Key	97	UP	at	505149  
507004	[809]	:	Key	97	DOWN	at	507004  
508119	[1115]	:	Key	97	UP	at	507100  
509357	[1238]	:	Key	97	DOWN	at	509357  
510461	[1104]	:	Key	97	UP	at	509445  
511444	[983]	:	Key	98	DOWN	at	511444  
512573	[1129]	:	Key	98	UP	at	511540  
513836	[1263]	:	Key	97	DOWN	at	513836  
514961	[1125]	:	Key	97	UP	at	513931  
516532	[1571]	:	Key	98	DOWN	at	516532  
517648	[1116]	:	Key	98	UP	at	516611  
518523	[875]	:	Key	97	DOWN	at	518523  
519638	[1115]	:	Key	97	UP	at	518611  
521051	[1413]	:	Key	97	DOWN	at	521051  
522220	[1169]	:	Key	97	UP	at	521123  
524602	[2382]	:	Key	71	DOWN	at	524602  
524959	[357]	:	Key	71	UP	at	524771  
526915	[1956]	:	Key	71	DOWN	at	526915  
527035	[120]	:	Key	71	UP	at	527035  
528507	[1472]	:	Key	97	DOWN	at	528507  
528596	[89]	:	Key	97	UP	at	528596  
530883	[2287]	:	Key	97	DOWN	at	530883  
530978	[95]	:	Key	97	UP	at	530978  
533699	[2721]	:	Key	97	DOWN	at	533699  
533850	[151]	:	Key	97	UP	at	533850  
536059	[2209]	:	Key	97	DOWN	at	536059  
536155	[96]	:	Key	97	UP	at	536154  
536755	[600]	:	Key	97	DOWN	at	536755  
536858	[103]	:	Key	97	UP	at	536858  
537258	[400]	:	Key	97	DOWN	at	537258  
537347	[89]	:	Key	97	UP	at	537330  
537698	[351]	:	Key	97	DOWN	at	537698  
537794	[96]	:	Key	97	UP	at	537794  
538951	[1157]	:	Key	97	DOWN	at	538951  
539021	[70]	:	Key	97	UP	at	538952  
539626	[605]	:	Key	97	DOWN	at	539626  
539698	[72]	:	Key	97	UP	at	539698  
540066	[368]	:	Key	97	DOWN	at	540066  
540170	[104]	:	Key	97	UP	at	540170  
540619	[449]	:	Key	97	DOWN	at	540619  
540722	[103]	:	Key	97	UP	at	540722  
541042	[320]	:	Key	97	DOWN	at	541042  
541146	[104]	:	Key	97	UP	at	541146  
541419	[273]	:	Key	97	DOWN	at	541419  
541539	[120]	:	Key	97	UP	at	541539  
541770	[231]	:	Key	97	DOWN	at	541770  
541882	[112]	:	Key	97	UP	at	541882  
542131	[249]	:	Key	97	DOWN	at	542131  
542234	[103]	:	Key	97	UP	at	542234  
542586	[352]	:	Key	97	DOWN	at	542586  
542690	[104]	:	Key	97	UP	at	542690  
542922	[232]	:	Key	97	DOWN	at	542922  
543035	[113]	:	Key	97	UP	at	543035  
543250	[215]	:	Key	97	DOWN	at	543250  
543354	[104]	:	Key	97	UP	at	543354  
543531	[177]	:	Key	97	DOWN	at	543531  
543629	[98]	:	Key	97	UP	at	543611  
543867	[238]	:	Key	97	DOWN	at	543867  
544867	[1000]	:	Key	97	UP	at	543980  
546395	[1528]	:	Key	71	DOWN	at	546395  
546700	[305]	:	Key	71	UP	at	546492  
547619	[919]	:	Key	71	DOWN	at	547619  
626059	[78440]	:	Key	71	DOWN	at	626059  
626211	[152]	:	Key	71	UP	at	626211  
626915	[704]	:	Key	71	DOWN	at	626915  
1169899	[542984]	:	Key	71	DOWN	at	1169899 
1169995	[96]	:	Key	71	UP	at	1169995 
1187649	[17654]	:	Key	97	DOWN	at	1187649 
1188649	[1000]	:	Key	97	UP	at	1187730 
1190128	[1479]	:	Key	71	DOWN	at	1190128 
1850054	[659926]	:	Key	97	DOWN	at	1850054 
1851054	[1000]	:	Key	97	UP	at	1850182 
1852615	[1561]	:	Key	71	DOWN	at	1852615 
2480152	[627537]	:	Key	97	DOWN	at	2480152 
2481152	[1000]	:	Key	97	UP	at	2480217 
2483032	[1880]	:	Key	71	DOWN	at	2483032 
3037155	[554123]	:	Key	97	DOWN	at	3037155 
3038155	[1000]	:	Key	97	UP	at	3037244 
3039164	[1009]	:	Key	71	DOWN	at	3039164 
4385571	[1346407]	:	Key	71	DOWN	at	4385571 
4386020	[449]	:	Key	71	UP	at	4385732 
4386051	[31]	:	COGENT STOP
