Cog2000 log file Wed Jan 06 10:11:24 2021
gprim v1.33 Compiled:Aug 12 2015 (GLib DirectDraw v7 DX10.0 Compiled:Aug 12 2015)
Display:1024x768x32 60.02Hz
Attaching E:\Sahar Rajabi\Final MBMF+Drug Task\Cogent2000v1.33\Toolbox\CogInput.mexw64
CogInput v1.05 Compiled: May 20 2010
3	[3]	:	COGENT START
49678	[49675]	:	Key	97	DOWN	at	49678   
49789	[111]	:	Key	97	UP	at	49789   
65438	[15649]	:	Key	97	DOWN	at	65438   
65550	[112]	:	Key	97	UP	at	65550   
89597	[24047]	:	Key	97	DOWN	at	89597   
90597	[1000]	:	Key	97	UP	at	89709   
105798	[15201]	:	Key	71	DOWN	at	105798  
105934	[136]	:	Key	71	UP	at	105934  
109909	[3975]	:	Key	71	DOWN	at	109909  
113283	[3374]	:	Key	71	UP	at	110015  
114382	[1099]	:	Key	71	DOWN	at	114382  
117688	[3306]	:	Key	71	UP	at	114478  
119846	[2158]	:	Key	71	DOWN	at	119846  
123135	[3289]	:	Key	71	UP	at	119935  
124838	[1703]	:	Key	71	DOWN	at	124838  
128127	[3289]	:	Key	71	UP	at	124943  
129246	[1119]	:	Key	71	DOWN	at	129246  
132524	[3278]	:	Key	71	UP	at	129360  
133862	[1338]	:	Key	71	DOWN	at	133862  
137162	[3300]	:	Key	71	UP	at	133967  
139278	[2116]	:	Key	71	DOWN	at	139278  
142581	[3303]	:	Key	71	UP	at	139391  
144422	[1841]	:	Key	71	DOWN	at	144422  
147724	[3302]	:	Key	71	UP	at	144841  
151207	[3483]	:	Key	71	DOWN	at	151207  
154506	[3299]	:	Key	71	UP	at	151327  
155629	[1123]	:	Key	71	DOWN	at	155629  
158930	[3301]	:	Key	71	UP	at	155742  
160353	[1423]	:	Key	71	DOWN	at	160353  
163654	[3301]	:	Key	71	UP	at	160373  
165558	[1904]	:	Key	71	DOWN	at	165558  
168847	[3289]	:	Key	71	UP	at	165678  
169902	[1055]	:	Key	71	DOWN	at	169902  
173204	[3302]	:	Key	71	UP	at	170014  
175081	[1877]	:	Key	71	DOWN	at	175081  
178385	[3304]	:	Key	71	UP	at	175101  
179158	[773]	:	Key	71	DOWN	at	179158  
182444	[3286]	:	Key	71	UP	at	179295  
183279	[835]	:	Key	71	DOWN	at	183279  
186577	[3298]	:	Key	71	UP	at	183406  
187702	[1125]	:	Key	71	DOWN	at	187702  
191005	[3303]	:	Key	71	UP	at	187823  
192333	[1328]	:	Key	71	DOWN	at	192333  
195634	[3301]	:	Key	71	UP	at	192479  
197190	[1556]	:	Key	71	DOWN	at	197190  
200479	[3289]	:	Key	71	UP	at	197311  
202439	[1960]	:	Key	71	DOWN	at	202439  
205743	[3304]	:	Key	71	UP	at	202560  
205745	[2]	:	Key	71	DOWN	at	205417  
205746	[1]	:	Key	71	UP	at	205437  
206982	[1236]	:	Key	71	DOWN	at	206982  
210283	[3301]	:	Key	71	UP	at	207087  
211006	[723]	:	Key	71	DOWN	at	211006  
214309	[3303]	:	Key	71	UP	at	211135  
214311	[2]	:	Key	71	DOWN	at	213703  
214312	[1]	:	Key	71	UP	at	213807  
215590	[1278]	:	Key	71	DOWN	at	215590  
218891	[3301]	:	Key	71	UP	at	215680  
218893	[2]	:	Key	71	DOWN	at	216856  
218894	[1]	:	Key	71	UP	at	216944  
218895	[1]	:	Key	71	DOWN	at	218743  
218896	[1]	:	Key	71	UP	at	218815  
220990	[2094]	:	Key	71	DOWN	at	220990  
224290	[3300]	:	Key	71	UP	at	221087  
224292	[2]	:	Key	71	DOWN	at	222255  
224293	[1]	:	Key	71	UP	at	222335  
225126	[833]	:	Key	71	DOWN	at	225126  
228414	[3288]	:	Key	71	UP	at	225231  
228414	[0]	:	Key	71	DOWN	at	226703  
228415	[1]	:	Key	71	UP	at	226799  
231750	[3335]	:	Key	71	DOWN	at	231750  
235053	[3303]	:	Key	71	UP	at	231855  
235055	[2]	:	Key	71	DOWN	at	233111  
235056	[1]	:	Key	71	UP	at	233200  
235057	[1]	:	Key	71	DOWN	at	234584  
235058	[1]	:	Key	71	UP	at	234970  
236646	[1588]	:	Key	71	DOWN	at	236646  
239946	[3300]	:	Key	71	UP	at	236736  
239948	[2]	:	Key	71	DOWN	at	237839  
239949	[1]	:	Key	71	UP	at	237935  
239950	[1]	:	Key	71	DOWN	at	239295  
239951	[1]	:	Key	71	UP	at	239391  
240790	[839]	:	Key	71	DOWN	at	240790  
244093	[3303]	:	Key	71	UP	at	240878  
244095	[2]	:	Key	71	DOWN	at	241511  
244096	[1]	:	Key	71	UP	at	241583  
244097	[1]	:	Key	71	DOWN	at	243398  
244098	[1]	:	Key	71	UP	at	243438  
245926	[1828]	:	Key	71	DOWN	at	245926  
249228	[3302]	:	Key	71	UP	at	246031  
249230	[2]	:	Key	71	DOWN	at	246887  
249231	[1]	:	Key	71	UP	at	246975  
249232	[1]	:	Key	71	DOWN	at	248271  
249233	[1]	:	Key	71	UP	at	248367  
250233	[1000]	:	Key	71	DOWN	at	250233  
253523	[3290]	:	Key	71	UP	at	250253  
253525	[2]	:	Key	71	DOWN	at	250734  
253526	[1]	:	Key	71	UP	at	250830  
253527	[1]	:	Key	71	DOWN	at	252800  
253528	[1]	:	Key	71	UP	at	252880  
254231	[703]	:	Key	71	DOWN	at	254231  
257531	[3300]	:	Key	71	UP	at	254350  
257533	[2]	:	Key	71	DOWN	at	255360  
257534	[1]	:	Key	71	UP	at	255456  
258382	[848]	:	Key	71	DOWN	at	258382  
261672	[3290]	:	Key	71	UP	at	258495  
261673	[1]	:	Key	71	DOWN	at	259471  
261675	[2]	:	Key	71	UP	at	259567  
262246	[571]	:	Key	71	DOWN	at	262246  
265549	[3303]	:	Key	71	UP	at	262351  
265551	[2]	:	Key	71	DOWN	at	263695  
265552	[1]	:	Key	71	UP	at	263791  
267350	[1798]	:	Key	71	DOWN	at	267350  
270653	[3303]	:	Key	71	UP	at	267471  
270655	[2]	:	Key	71	DOWN	at	268376  
270656	[1]	:	Key	71	UP	at	268480  
270657	[1]	:	Key	71	DOWN	at	270008  
270658	[1]	:	Key	71	UP	at	270112  
272047	[1389]	:	Key	71	DOWN	at	272047  
275349	[3302]	:	Key	71	UP	at	272144  
275351	[2]	:	Key	71	DOWN	at	272848  
275352	[1]	:	Key	71	UP	at	272943  
275999	[647]	:	Key	71	DOWN	at	275999  
279303	[3304]	:	Key	71	UP	at	276111  
279305	[2]	:	Key	71	DOWN	at	276775  
279306	[1]	:	Key	71	UP	at	276847  
279307	[1]	:	Key	71	DOWN	at	278863  
279308	[1]	:	Key	71	UP	at	278895  
280710	[1402]	:	Key	71	DOWN	at	280710  
284016	[3306]	:	Key	71	UP	at	280815  
284018	[2]	:	Key	71	DOWN	at	281495  
284019	[1]	:	Key	71	UP	at	281583  
284020	[1]	:	Key	71	DOWN	at	283263  
284021	[1]	:	Key	71	UP	at	283375  
287246	[3225]	:	Key	71	DOWN	at	287246  
290547	[3301]	:	Key	71	UP	at	287360  
290549	[2]	:	Key	71	DOWN	at	288536  
290550	[1]	:	Key	71	UP	at	288640  
292199	[1649]	:	Key	71	DOWN	at	292199  
295503	[3304]	:	Key	71	UP	at	292287  
295505	[2]	:	Key	71	DOWN	at	292968  
295506	[1]	:	Key	71	UP	at	293055  
295507	[1]	:	Key	71	DOWN	at	294591  
295508	[1]	:	Key	71	UP	at	294985  
298862	[3354]	:	Key	71	DOWN	at	298862  
302166	[3304]	:	Key	71	UP	at	298949  
302168	[2]	:	Key	71	DOWN	at	299781  
302169	[1]	:	Key	71	UP	at	299893  
302170	[1]	:	Key	71	DOWN	at	301429  
302171	[1]	:	Key	71	UP	at	301525  
302965	[794]	:	Key	71	DOWN	at	302965  
306270	[3305]	:	Key	71	UP	at	303077  
306272	[2]	:	Key	71	DOWN	at	303942  
306273	[1]	:	Key	71	UP	at	304054  
306274	[1]	:	Key	71	DOWN	at	305574  
306275	[1]	:	Key	71	UP	at	305670  
306878	[603]	:	Key	71	DOWN	at	306878  
310180	[3302]	:	Key	71	UP	at	306998  
310181	[1]	:	Key	71	DOWN	at	307798  
310181	[0]	:	Key	71	UP	at	307926  
311741	[1560]	:	Key	71	DOWN	at	311741  
315045	[3304]	:	Key	71	UP	at	311877  
315047	[2]	:	Key	71	DOWN	at	312565  
315048	[1]	:	Key	71	UP	at	312677  
315049	[1]	:	Key	71	DOWN	at	314445  
315050	[1]	:	Key	71	UP	at	314549  
315933	[883]	:	Key	71	DOWN	at	315933  
319234	[3301]	:	Key	71	UP	at	316037  
319236	[2]	:	Key	71	DOWN	at	316965  
319237	[1]	:	Key	71	UP	at	317093  
320702	[1465]	:	Key	71	DOWN	at	320702  
324004	[3302]	:	Key	71	UP	at	320838  
324006	[2]	:	Key	71	DOWN	at	321486  
324007	[1]	:	Key	71	UP	at	321590  
324008	[1]	:	Key	71	DOWN	at	323222  
324009	[1]	:	Key	71	UP	at	323318  
325829	[1820]	:	Key	71	DOWN	at	325829  
329132	[3303]	:	Key	71	UP	at	325942  
329134	[2]	:	Key	71	DOWN	at	326582  
329135	[1]	:	Key	71	UP	at	326678  
329136	[1]	:	Key	71	DOWN	at	328581  
329137	[1]	:	Key	71	UP	at	328693  
330149	[1012]	:	Key	71	DOWN	at	330149  
333451	[3302]	:	Key	71	UP	at	330261  
333453	[2]	:	Key	71	DOWN	at	330941  
333454	[1]	:	Key	71	UP	at	330965  
333455	[1]	:	Key	71	DOWN	at	332741  
333456	[1]	:	Key	71	UP	at	332853  
334645	[1189]	:	Key	71	DOWN	at	334645  
338650	[4005]	:	Key	71	UP	at	334757  
338651	[1]	:	Key	71	DOWN	at	335413  
338651	[0]	:	Key	71	UP	at	335509  
338651	[0]	:	Key	71	DOWN	at	337269  
338652	[1]	:	Key	71	UP	at	337365  
364445	[25793]	:	Key	71	DOWN	at	364445  
365494	[1049]	:	Key	71	UP	at	364565  
367541	[2047]	:	Key	66	DOWN	at	367541  
367669	[128]	:	Key	66	UP	at	367669  
370901	[3232]	:	Key	66	DOWN	at	370901  
371157	[256]	:	Key	66	UP	at	371157  
371997	[840]	:	Key	66	DOWN	at	371997  
372501	[504]	:	Key	66	UP	at	372501  
379309	[6808]	:	Key	97	DOWN	at	379309  
380445	[1136]	:	Key	97	UP	at	379445  
382045	[1600]	:	Key	98	DOWN	at	382045  
383169	[1124]	:	Key	98	UP	at	382181  
384813	[1644]	:	Key	97	DOWN	at	384813  
385930	[1117]	:	Key	97	UP	at	384901  
388613	[2683]	:	Key	97	DOWN	at	388613  
389739	[1126]	:	Key	97	UP	at	388693  
391166	[1427]	:	Key	97	DOWN	at	391166  
392298	[1132]	:	Key	97	UP	at	391238  
393542	[1244]	:	Key	97	DOWN	at	393542  
394667	[1125]	:	Key	97	UP	at	393606  
395821	[1154]	:	Key	98	DOWN	at	395821  
396938	[1117]	:	Key	98	UP	at	395957  
397909	[971]	:	Key	97	DOWN	at	397909  
399618	[1709]	:	Key	97	UP	at	397973  
407341	[7723]	:	Key	71	DOWN	at	407341  
408381	[1040]	:	Key	71	UP	at	407429  
412326	[3945]	:	Key	97	DOWN	at	412326  
413464	[1138]	:	Key	97	UP	at	412390  
415133	[1669]	:	Key	97	DOWN	at	415133  
416253	[1120]	:	Key	97	UP	at	415205  
417741	[1488]	:	Key	98	DOWN	at	417741  
418866	[1125]	:	Key	98	UP	at	417893  
420317	[1451]	:	Key	98	DOWN	at	420317  
421445	[1128]	:	Key	98	UP	at	420421  
422685	[1240]	:	Key	97	DOWN	at	422685  
423815	[1130]	:	Key	97	UP	at	422757  
425093	[1278]	:	Key	97	DOWN	at	425093  
426219	[1126]	:	Key	97	UP	at	425157  
427614	[1395]	:	Key	97	DOWN	at	427614  
428739	[1125]	:	Key	97	UP	at	427686  
431558	[2819]	:	Key	97	DOWN	at	431558  
432766	[1208]	:	Key	97	UP	at	431621  
439517	[6751]	:	Key	71	DOWN	at	439517  
439850	[333]	:	Key	71	UP	at	439637  
442982	[3132]	:	Key	71	DOWN	at	442982  
443126	[144]	:	Key	71	UP	at	443126  
443702	[576]	:	Key	71	DOWN	at	443702  
447007	[3305]	:	Key	71	UP	at	443814  
447009	[2]	:	Key	71	DOWN	at	444518  
447010	[1]	:	Key	71	UP	at	444630  
447011	[1]	:	Key	71	DOWN	at	444974  
447012	[1]	:	Key	71	UP	at	445046  
447013	[1]	:	Key	71	DOWN	at	445894  
447014	[1]	:	Key	71	UP	at	446022  
447015	[1]	:	Key	71	DOWN	at	446510  
447016	[1]	:	Key	71	UP	at	446630  
447270	[254]	:	Key	71	DOWN	at	447270  
450570	[3300]	:	Key	71	UP	at	447382  
450570	[0]	:	Key	71	DOWN	at	447854  
450570	[0]	:	Key	71	UP	at	447974  
450571	[1]	:	Key	71	DOWN	at	449053  
450571	[0]	:	Key	71	UP	at	449173  
450571	[0]	:	Key	71	DOWN	at	449598  
450572	[1]	:	Key	71	UP	at	449750  
450893	[321]	:	Key	71	DOWN	at	450893  
454196	[3303]	:	Key	71	UP	at	451013  
454196	[0]	:	Key	71	DOWN	at	451557  
454197	[1]	:	Key	71	UP	at	451685  
454197	[0]	:	Key	71	DOWN	at	452573  
454197	[0]	:	Key	71	UP	at	452741  
454197	[0]	:	Key	71	DOWN	at	453365  
454198	[1]	:	Key	71	UP	at	453461  
454525	[327]	:	Key	71	DOWN	at	454525  
457830	[3305]	:	Key	71	UP	at	454613  
457832	[2]	:	Key	71	DOWN	at	455381  
457833	[1]	:	Key	71	UP	at	455493  
457834	[1]	:	Key	71	DOWN	at	456669  
457835	[1]	:	Key	71	UP	at	456757  
461350	[3515]	:	Key	71	DOWN	at	461350  
464652	[3302]	:	Key	71	UP	at	461462  
464654	[2]	:	Key	71	DOWN	at	462398  
464655	[1]	:	Key	71	UP	at	462518  
464656	[1]	:	Key	71	DOWN	at	463806  
464657	[1]	:	Key	71	UP	at	463910  
464990	[333]	:	Key	71	DOWN	at	464990  
468280	[3290]	:	Key	71	UP	at	465078  
468282	[2]	:	Key	71	DOWN	at	465734  
468283	[1]	:	Key	71	UP	at	465814  
468284	[1]	:	Key	71	DOWN	at	467278  
468285	[1]	:	Key	71	UP	at	467366  
468573	[288]	:	Key	71	DOWN	at	468573  
471869	[3296]	:	Key	71	UP	at	468646  
471871	[2]	:	Key	71	DOWN	at	469405  
471872	[1]	:	Key	71	UP	at	469493  
471873	[1]	:	Key	71	DOWN	at	470877  
471874	[1]	:	Key	71	UP	at	470981  
472173	[299]	:	Key	71	DOWN	at	472173  
475468	[3295]	:	Key	71	UP	at	472261  
475470	[2]	:	Key	71	DOWN	at	472917  
475471	[1]	:	Key	71	UP	at	473013  
475472	[1]	:	Key	71	DOWN	at	474437  
475472	[0]	:	Key	71	UP	at	474533  
475765	[293]	:	Key	71	DOWN	at	475765  
479066	[3301]	:	Key	71	UP	at	475845  
479068	[2]	:	Key	71	DOWN	at	476541  
479069	[1]	:	Key	71	UP	at	476613  
479070	[1]	:	Key	71	DOWN	at	478182  
479071	[1]	:	Key	71	UP	at	478294  
479646	[575]	:	Key	71	DOWN	at	479646  
482936	[3290]	:	Key	71	UP	at	479766  
482937	[1]	:	Key	71	DOWN	at	480918  
482938	[1]	:	Key	71	UP	at	481014  
482939	[1]	:	Key	71	DOWN	at	482262  
482940	[1]	:	Key	71	UP	at	482406  
483413	[473]	:	Key	71	DOWN	at	483413  
486715	[3302]	:	Key	71	UP	at	483510  
486715	[0]	:	Key	71	DOWN	at	485077  
486716	[1]	:	Key	71	UP	at	485173  
486717	[1]	:	Key	71	DOWN	at	486573  
486717	[0]	:	Key	71	UP	at	486693  
488021	[1304]	:	Key	71	DOWN	at	488021  
491320	[3299]	:	Key	71	UP	at	488117  
491322	[2]	:	Key	71	DOWN	at	488941  
491323	[1]	:	Key	71	UP	at	489029  
491324	[1]	:	Key	71	DOWN	at	490333  
491325	[1]	:	Key	71	UP	at	490421  
491781	[456]	:	Key	71	DOWN	at	491781  
495068	[3287]	:	Key	71	UP	at	491877  
495070	[2]	:	Key	71	DOWN	at	492709  
495071	[1]	:	Key	71	UP	at	492821  
495072	[1]	:	Key	71	DOWN	at	494165  
495073	[1]	:	Key	71	UP	at	494261  
495446	[373]	:	Key	71	DOWN	at	495446  
498740	[3294]	:	Key	71	UP	at	495574  
498742	[2]	:	Key	71	DOWN	at	496078  
498743	[1]	:	Key	71	UP	at	496198  
498744	[1]	:	Key	71	DOWN	at	497830  
498745	[1]	:	Key	71	UP	at	497926  
499126	[381]	:	Key	71	DOWN	at	499126  
502416	[3290]	:	Key	71	UP	at	499270  
502418	[2]	:	Key	71	DOWN	at	499878  
502419	[1]	:	Key	71	UP	at	500038  
502420	[1]	:	Key	71	DOWN	at	501590  
502421	[1]	:	Key	71	UP	at	501702  
502981	[560]	:	Key	71	DOWN	at	502981  
506892	[3911]	:	Key	71	UP	at	503046  
506892	[0]	:	Key	71	DOWN	at	503838  
506892	[0]	:	Key	71	UP	at	503958  
506893	[1]	:	Key	71	DOWN	at	505269  
506893	[0]	:	Key	71	UP	at	505349  
519350	[12457]	:	Key	71	DOWN	at	519350  
520369	[1019]	:	Key	71	UP	at	519462  
521381	[1012]	:	Key	97	DOWN	at	521381  
522482	[1101]	:	Key	97	UP	at	521445  
523405	[923]	:	Key	98	DOWN	at	523405  
524536	[1131]	:	Key	98	UP	at	523509  
525709	[1173]	:	Key	97	DOWN	at	525709  
526832	[1123]	:	Key	97	UP	at	525781  
527941	[1109]	:	Key	97	DOWN	at	527941  
529062	[1121]	:	Key	97	UP	at	527957  
529757	[695]	:	Key	98	DOWN	at	529757  
530885	[1128]	:	Key	98	UP	at	529877  
532206	[1321]	:	Key	97	DOWN	at	532206  
533327	[1121]	:	Key	97	UP	at	532294  
534342	[1015]	:	Key	97	DOWN	at	534342  
535445	[1103]	:	Key	97	UP	at	534406  
536350	[905]	:	Key	98	DOWN	at	536350  
538044	[1694]	:	Key	98	UP	at	536469  
543773	[5729]	:	Key	71	DOWN	at	543773  
544809	[1036]	:	Key	71	UP	at	543877  
546621	[1812]	:	Key	98	DOWN	at	546621  
547742	[1121]	:	Key	98	UP	at	546741  
548622	[880]	:	Key	98	DOWN	at	548622  
549737	[1115]	:	Key	98	UP	at	548742  
550974	[1237]	:	Key	97	DOWN	at	550974  
552099	[1125]	:	Key	97	UP	at	551062  
552974	[875]	:	Key	98	DOWN	at	552974  
554103	[1129]	:	Key	98	UP	at	553126  
554926	[823]	:	Key	98	DOWN	at	554926  
556054	[1128]	:	Key	98	UP	at	554997  
556893	[839]	:	Key	97	DOWN	at	556893  
558010	[1117]	:	Key	97	UP	at	556949  
558781	[771]	:	Key	98	DOWN	at	558781  
559909	[1128]	:	Key	98	UP	at	558885  
560797	[888]	:	Key	98	DOWN	at	560797  
561982	[1185]	:	Key	98	UP	at	560933  
565133	[3151]	:	Key	71	DOWN	at	565133  
565421	[288]	:	Key	71	UP	at	565221  
566542	[1121]	:	Key	71	DOWN	at	566542  
566662	[120]	:	Key	71	UP	at	566662  
566974	[312]	:	Key	71	DOWN	at	566974  
570261	[3287]	:	Key	71	UP	at	567110  
570262	[1]	:	Key	71	DOWN	at	567990  
570262	[0]	:	Key	71	UP	at	568102  
570263	[1]	:	Key	71	DOWN	at	569166  
570263	[0]	:	Key	71	UP	at	569270  
570694	[431]	:	Key	71	DOWN	at	570694  
573985	[3291]	:	Key	71	UP	at	570838  
573987	[2]	:	Key	71	DOWN	at	571438  
573988	[1]	:	Key	71	UP	at	571542  
573989	[1]	:	Key	71	DOWN	at	572798  
573990	[1]	:	Key	71	UP	at	572902  
574485	[495]	:	Key	71	DOWN	at	574485  
577776	[3291]	:	Key	71	UP	at	574582  
577778	[2]	:	Key	71	DOWN	at	575397  
577779	[1]	:	Key	71	UP	at	575525  
577780	[1]	:	Key	71	DOWN	at	576429  
577781	[1]	:	Key	71	UP	at	576549  
577782	[1]	:	Key	71	DOWN	at	577189  
577783	[1]	:	Key	71	UP	at	577333  
578557	[774]	:	Key	71	DOWN	at	578557  
581861	[3304]	:	Key	71	UP	at	578693  
581863	[2]	:	Key	71	DOWN	at	579333  
581864	[1]	:	Key	71	UP	at	579461  
581865	[1]	:	Key	71	DOWN	at	580893  
581866	[1]	:	Key	71	UP	at	580997  
582421	[555]	:	Key	71	DOWN	at	582421  
585713	[3292]	:	Key	71	UP	at	582533  
585715	[2]	:	Key	71	DOWN	at	583734  
585716	[1]	:	Key	71	UP	at	583846  
585717	[1]	:	Key	71	DOWN	at	584718  
585718	[1]	:	Key	71	UP	at	584822  
586294	[576]	:	Key	71	DOWN	at	586294  
589585	[3291]	:	Key	71	UP	at	586438  
589587	[2]	:	Key	71	DOWN	at	587046  
589588	[1]	:	Key	71	UP	at	587142  
589589	[1]	:	Key	71	DOWN	at	588606  
589590	[1]	:	Key	71	UP	at	588710  
590517	[927]	:	Key	71	DOWN	at	590517  
593816	[3299]	:	Key	71	UP	at	590629  
593818	[2]	:	Key	71	DOWN	at	591302  
593819	[1]	:	Key	71	UP	at	591398  
594365	[546]	:	Key	71	DOWN	at	594365  
598268	[3903]	:	Key	71	UP	at	594485  
598268	[0]	:	Key	71	DOWN	at	595653  
598268	[0]	:	Key	71	UP	at	595765  
598269	[1]	:	Key	71	DOWN	at	596797  
598269	[0]	:	Key	71	UP	at	596885  
599389	[1120]	:	Key	71	DOWN	at	599389  
600431	[1042]	:	Key	71	UP	at	599509  
601478	[1047]	:	Key	97	DOWN	at	601478  
602598	[1120]	:	Key	97	UP	at	601526  
603598	[1000]	:	Key	98	DOWN	at	603598  
604718	[1120]	:	Key	98	UP	at	603686  
605678	[960]	:	Key	98	DOWN	at	605678  
606792	[1114]	:	Key	98	UP	at	605766  
607766	[974]	:	Key	97	DOWN	at	607766  
608884	[1118]	:	Key	97	UP	at	607813  
610557	[1673]	:	Key	98	DOWN	at	610557  
611674	[1117]	:	Key	98	UP	at	610661  
612573	[899]	:	Key	98	DOWN	at	612573  
613687	[1114]	:	Key	98	UP	at	612646  
615101	[1414]	:	Key	97	DOWN	at	615101  
616212	[1111]	:	Key	97	UP	at	615157  
617085	[873]	:	Key	98	DOWN	at	617085  
618750	[1665]	:	Key	98	UP	at	617173  
619742	[992]	:	Key	71	DOWN	at	619742  
620785	[1043]	:	Key	71	UP	at	619862  
622206	[1421]	:	Key	98	DOWN	at	622206  
623349	[1143]	:	Key	98	UP	at	622294  
624478	[1129]	:	Key	98	DOWN	at	624478  
625592	[1114]	:	Key	98	UP	at	624582  
626653	[1061]	:	Key	97	DOWN	at	626653  
627753	[1100]	:	Key	97	UP	at	626725  
628541	[788]	:	Key	98	DOWN	at	628541  
629674	[1133]	:	Key	98	UP	at	628645  
630685	[1011]	:	Key	98	DOWN	at	630685  
631806	[1121]	:	Key	98	UP	at	630805  
632445	[639]	:	Key	98	DOWN	at	632445  
633553	[1108]	:	Key	98	UP	at	632533  
634349	[796]	:	Key	98	DOWN	at	634349  
635469	[1120]	:	Key	98	UP	at	634421  
636350	[881]	:	Key	97	DOWN	at	636350  
637534	[1184]	:	Key	97	UP	at	636422  
638782	[1248]	:	Key	97	DOWN	at	638782  
638870	[88]	:	Key	97	UP	at	638870  
639478	[608]	:	Key	71	DOWN	at	639478  
639796	[318]	:	Key	71	UP	at	639590  
640406	[610]	:	Key	71	DOWN	at	640406  
640502	[96]	:	Key	71	UP	at	640502  
640886	[384]	:	Key	71	DOWN	at	640886  
644191	[3305]	:	Key	71	UP	at	641014  
644191	[0]	:	Key	71	DOWN	at	641726  
644191	[0]	:	Key	71	UP	at	641846  
644192	[1]	:	Key	71	DOWN	at	642653  
644192	[0]	:	Key	71	UP	at	642774  
644192	[0]	:	Key	71	DOWN	at	643318  
644193	[1]	:	Key	71	UP	at	643430  
644893	[700]	:	Key	71	DOWN	at	644893  
648195	[3302]	:	Key	71	UP	at	645014  
648197	[2]	:	Key	71	DOWN	at	645758  
648198	[1]	:	Key	71	UP	at	645893  
648199	[1]	:	Key	71	DOWN	at	646933  
648200	[1]	:	Key	71	UP	at	647045  
648201	[1]	:	Key	71	DOWN	at	647981  
648202	[1]	:	Key	71	UP	at	648053  
649333	[1131]	:	Key	71	DOWN	at	649333  
652635	[3302]	:	Key	71	UP	at	649445  
652635	[0]	:	Key	71	DOWN	at	649821  
652636	[1]	:	Key	71	UP	at	649941  
652636	[0]	:	Key	71	DOWN	at	651253  
652636	[0]	:	Key	71	UP	at	651349  
653430	[794]	:	Key	71	DOWN	at	653430  
656731	[3301]	:	Key	71	UP	at	653526  
656733	[2]	:	Key	71	DOWN	at	654358  
656734	[1]	:	Key	71	UP	at	654438  
656735	[1]	:	Key	71	DOWN	at	655862  
656736	[1]	:	Key	71	UP	at	655974  
657150	[414]	:	Key	71	DOWN	at	657150  
660441	[3291]	:	Key	71	UP	at	657238  
660443	[2]	:	Key	71	DOWN	at	657990  
660444	[1]	:	Key	71	UP	at	658086  
660445	[1]	:	Key	71	DOWN	at	659438  
660446	[1]	:	Key	71	UP	at	659526  
660998	[552]	:	Key	71	DOWN	at	660998  
664287	[3289]	:	Key	71	UP	at	661078  
664289	[2]	:	Key	71	DOWN	at	662054  
664290	[1]	:	Key	71	UP	at	662150  
664291	[1]	:	Key	71	DOWN	at	663253  
664292	[1]	:	Key	71	UP	at	663350  
664661	[369]	:	Key	71	DOWN	at	664661  
667962	[3301]	:	Key	71	UP	at	664741  
667964	[2]	:	Key	71	DOWN	at	665749  
667965	[1]	:	Key	71	UP	at	665829  
667966	[1]	:	Key	71	DOWN	at	666941  
667967	[1]	:	Key	71	UP	at	667045  
668613	[646]	:	Key	71	DOWN	at	668613  
672499	[3886]	:	Key	71	UP	at	668741  
672499	[0]	:	Key	71	DOWN	at	669477  
672500	[1]	:	Key	71	UP	at	669573  
672500	[0]	:	Key	71	DOWN	at	670894  
672500	[0]	:	Key	71	UP	at	670982  
673222	[722]	:	Key	71	DOWN	at	673222  
674250	[1028]	:	Key	71	UP	at	673318  
675406	[1156]	:	Key	98	DOWN	at	675406  
676494	[1088]	:	Key	98	UP	at	675510  
677374	[880]	:	Key	97	DOWN	at	677374  
678470	[1096]	:	Key	97	UP	at	677446  
679253	[783]	:	Key	97	DOWN	at	679253  
680338	[1085]	:	Key	97	UP	at	679318  
681261	[923]	:	Key	97	DOWN	at	681261  
682348	[1087]	:	Key	97	UP	at	681317  
683213	[865]	:	Key	97	DOWN	at	683213  
684297	[1084]	:	Key	97	UP	at	683285  
685469	[1172]	:	Key	98	DOWN	at	685469  
686612	[1143]	:	Key	98	UP	at	685589  
688158	[1546]	:	Key	97	DOWN	at	688158  
689286	[1128]	:	Key	97	UP	at	688246  
690974	[1688]	:	Key	98	DOWN	at	690974  
692649	[1675]	:	Key	98	UP	at	691094  
694190	[1541]	:	Key	71	DOWN	at	694190  
695233	[1043]	:	Key	71	UP	at	694342  
695234	[1]	:	Key	98	DOWN	at	694782  
695235	[1]	:	Key	98	UP	at	694934  
696374	[1139]	:	Key	97	DOWN	at	696374  
697465	[1091]	:	Key	97	UP	at	696486  
698717	[1252]	:	Key	97	DOWN	at	698717  
699820	[1103]	:	Key	97	UP	at	698789  
701093	[1273]	:	Key	97	DOWN	at	701093  
702211	[1118]	:	Key	97	UP	at	701157  
703997	[1786]	:	Key	98	DOWN	at	703997  
705127	[1130]	:	Key	98	UP	at	704149  
706366	[1239]	:	Key	98	DOWN	at	706366  
707494	[1128]	:	Key	98	UP	at	706534  
709158	[1664]	:	Key	97	DOWN	at	709158  
710266	[1108]	:	Key	97	UP	at	709270  
711198	[932]	:	Key	98	DOWN	at	711198  
712303	[1105]	:	Key	98	UP	at	711334  
713686	[1383]	:	Key	97	DOWN	at	713686  
714881	[1195]	:	Key	97	UP	at	713781  
715669	[788]	:	Key	97	DOWN	at	715669  
715797	[128]	:	Key	97	UP	at	715797  
717493	[1696]	:	Key	71	DOWN	at	717493  
717803	[310]	:	Key	71	UP	at	717685  
718453	[650]	:	Key	71	DOWN	at	718453  
718629	[176]	:	Key	71	UP	at	718629  
719557	[928]	:	Key	71	DOWN	at	719557  
722861	[3304]	:	Key	71	UP	at	719733  
722863	[2]	:	Key	71	DOWN	at	720885  
722864	[1]	:	Key	71	UP	at	721061  
722865	[1]	:	Key	71	DOWN	at	721909  
722866	[1]	:	Key	71	UP	at	722101  
723374	[508]	:	Key	71	DOWN	at	723374  
726667	[3293]	:	Key	71	UP	at	723526  
726669	[2]	:	Key	71	DOWN	at	724254  
726670	[1]	:	Key	71	UP	at	724374  
726671	[1]	:	Key	71	DOWN	at	725670  
726672	[1]	:	Key	71	UP	at	725798  
727318	[646]	:	Key	71	DOWN	at	727318  
730623	[3305]	:	Key	71	UP	at	727462  
730623	[0]	:	Key	71	DOWN	at	728430  
730623	[0]	:	Key	71	UP	at	728598  
730624	[1]	:	Key	71	DOWN	at	729614  
730624	[0]	:	Key	71	UP	at	729750  
731334	[710]	:	Key	71	DOWN	at	731334  
734638	[3304]	:	Key	71	UP	at	731477  
734640	[2]	:	Key	71	DOWN	at	732158  
734641	[1]	:	Key	71	UP	at	732278  
734643	[2]	:	Key	71	DOWN	at	733694  
734644	[1]	:	Key	71	UP	at	733766  
737093	[2449]	:	Key	71	DOWN	at	737093  
740395	[3302]	:	Key	71	UP	at	737189  
740397	[2]	:	Key	71	DOWN	at	737725  
740398	[1]	:	Key	71	UP	at	737813  
740399	[1]	:	Key	71	DOWN	at	739085  
740400	[1]	:	Key	71	UP	at	739205  
740910	[510]	:	Key	71	DOWN	at	740910  
744201	[3291]	:	Key	71	UP	at	741046  
744203	[2]	:	Key	71	DOWN	at	741862  
744204	[1]	:	Key	71	UP	at	741974  
744205	[1]	:	Key	71	DOWN	at	743294  
744206	[1]	:	Key	71	UP	at	743414  
744670	[464]	:	Key	71	DOWN	at	744670  
747957	[3287]	:	Key	71	UP	at	744774  
747959	[2]	:	Key	71	DOWN	at	745726  
747960	[1]	:	Key	71	UP	at	745846  
747961	[1]	:	Key	71	DOWN	at	747326  
747962	[1]	:	Key	71	UP	at	747446  
748486	[524]	:	Key	71	DOWN	at	748486  
752387	[3901]	:	Key	71	UP	at	748614  
752387	[0]	:	Key	71	DOWN	at	749334  
752388	[1]	:	Key	71	UP	at	749430  
752388	[0]	:	Key	71	DOWN	at	750846  
752388	[0]	:	Key	71	UP	at	750934  
753029	[641]	:	Key	71	DOWN	at	753029  
754070	[1041]	:	Key	71	UP	at	753157  
755173	[1103]	:	Key	97	DOWN	at	755173  
756281	[1108]	:	Key	97	UP	at	755253  
757157	[876]	:	Key	97	DOWN	at	757157  
758262	[1105]	:	Key	97	UP	at	757205  
759710	[1448]	:	Key	97	DOWN	at	759710  
760843	[1133]	:	Key	97	UP	at	759782  
761742	[899]	:	Key	98	DOWN	at	761742  
762857	[1115]	:	Key	98	UP	at	761846  
763806	[949]	:	Key	98	DOWN	at	763806  
764918	[1112]	:	Key	98	UP	at	763926  
765838	[920]	:	Key	97	DOWN	at	765838  
766954	[1116]	:	Key	97	UP	at	765926  
767949	[995]	:	Key	97	DOWN	at	767949  
769056	[1107]	:	Key	97	UP	at	768005  
769821	[765]	:	Key	98	DOWN	at	769821  
771494	[1673]	:	Key	98	UP	at	769909  
773421	[1927]	:	Key	71	DOWN	at	773421  
774463	[1042]	:	Key	71	UP	at	773525  
775646	[1183]	:	Key	98	DOWN	at	775646  
776763	[1117]	:	Key	98	UP	at	775734  
777726	[963]	:	Key	97	DOWN	at	777726  
778840	[1114]	:	Key	97	UP	at	777782  
779422	[582]	:	Key	98	DOWN	at	779422  
780549	[1127]	:	Key	98	UP	at	779526  
781374	[825]	:	Key	98	DOWN	at	781374  
782495	[1121]	:	Key	98	UP	at	781494  
783277	[782]	:	Key	98	DOWN	at	783277  
784389	[1112]	:	Key	98	UP	at	783366  
785038	[649]	:	Key	98	DOWN	at	785038  
786159	[1121]	:	Key	98	UP	at	785141  
787501	[1342]	:	Key	98	DOWN	at	787501  
788625	[1124]	:	Key	98	UP	at	787637  
790053	[1428]	:	Key	97	DOWN	at	790053  
791255	[1202]	:	Key	97	UP	at	790133  
793590	[2335]	:	Key	71	DOWN	at	793590  
793915	[325]	:	Key	71	UP	at	793686  
824869	[30954]	:	Key	97	DOWN	at	824869  
824966	[97]	:	Key	97	UP	at	824966  
833782	[8816]	:	Key	97	DOWN	at	833782  
833910	[128]	:	Key	97	UP	at	833910  
861741	[27831]	:	Key	97	DOWN	at	861741  
861901	[160]	:	Key	97	UP	at	861901  
884430	[22529]	:	Key	97	DOWN	at	884430  
884542	[112]	:	Key	97	UP	at	884542  
908702	[24160]	:	Key	97	DOWN	at	908702  
908821	[119]	:	Key	97	UP	at	908821  
936142	[27321]	:	Key	97	DOWN	at	936142  
936270	[128]	:	Key	97	UP	at	936270  
942662	[6392]	:	Key	97	DOWN	at	942662  
942766	[104]	:	Key	97	UP	at	942766  
958886	[16120]	:	Key	97	DOWN	at	958886  
959030	[144]	:	Key	97	UP	at	959030  
972934	[13904]	:	Key	97	DOWN	at	972934  
973028	[94]	:	Key	97	UP	at	973022  
985126	[12098]	:	Key	97	DOWN	at	985126  
985262	[136]	:	Key	97	UP	at	985262  
998678	[13416]	:	Key	97	DOWN	at	998678  
998813	[135]	:	Key	97	UP	at	998813  
1006710	[7897]	:	Key	97	DOWN	at	1006710 
1006806	[96]	:	Key	97	UP	at	1006798 
1020174	[13368]	:	Key	97	DOWN	at	1020174 
1020310	[136]	:	Key	97	UP	at	1020310 
1031982	[11672]	:	Key	97	DOWN	at	1031982 
1032086	[104]	:	Key	97	UP	at	1032086 
1046973	[14887]	:	Key	97	DOWN	at	1046973 
1047109	[136]	:	Key	97	UP	at	1047109 
1071469	[24360]	:	Key	97	DOWN	at	1071469 
1071629	[160]	:	Key	97	UP	at	1071629 
1082942	[11313]	:	Key	97	DOWN	at	1082942 
1083070	[128]	:	Key	97	UP	at	1083070 
1110566	[27496]	:	Key	97	DOWN	at	1110566 
1110718	[152]	:	Key	97	UP	at	1110710 
1120662	[9944]	:	Key	97	DOWN	at	1120662 
1120806	[144]	:	Key	97	UP	at	1120806 
1129078	[8272]	:	Key	97	DOWN	at	1129078 
1130078	[1000]	:	Key	97	UP	at	1129190 
1148518	[18440]	:	Key	97	DOWN	at	1148518 
1148662	[144]	:	Key	97	UP	at	1148662 
1149894	[1232]	:	Key	71	DOWN	at	1149894 
1150165	[271]	:	Key	71	UP	at	1150070 
1152014	[1849]	:	Key	71	DOWN	at	1152014 
1152174	[160]	:	Key	71	UP	at	1152134 
1312374	[160200]	:	Key	71	DOWN	at	1312374 
1312478	[104]	:	Key	71	UP	at	1312478 
1315374	[2896]	:	Key	71	DOWN	at	1315374 
1924766	[609392]	:	Key	97	DOWN	at	1924766 
1925766	[1000]	:	Key	97	UP	at	1924886 
1926854	[1088]	:	Key	97	DOWN	at	1926854 
1926878	[24]	:	Key	97	UP	at	1926878 
1927574	[696]	:	Key	71	DOWN	at	1927574 
2574727	[647153]	:	Key	97	DOWN	at	2574727 
2575727	[1000]	:	Key	97	UP	at	2574847 
2579287	[3560]	:	Key	71	DOWN	at	2579287 
3236071	[656784]	:	Key	97	DOWN	at	3236071 
3237071	[1000]	:	Key	97	UP	at	3236119 
3239223	[2152]	:	Key	71	DOWN	at	3239223 
3876888	[637665]	:	Key	71	DOWN	at	3876888 
3877000	[112]	:	Key	71	UP	at	3877000 
3878176	[1176]	:	Key	97	DOWN	at	3878176 
3879176	[1000]	:	Key	97	UP	at	3878248 
3881744	[2568]	:	Key	71	DOWN	at	3881744 
4539257	[657513]	:	Key	71	DOWN	at	4539257 
4539311	[54]	:	COGENT STOP
