Cog2000 log file Tue Jan 19 09:57:59 2021
gprim v1.33 Compiled:Aug 12 2015 (GLib DirectDraw v7 DX10.0 Compiled:Aug 12 2015)
Display:1024x768x32 59.99Hz
Attaching E:\saharrajabi\final mbmf+drug task\cogent2000v1.33\toolbox\CogInput.mexw64
CogInput v1.05 Compiled: May 20 2010
2	[2]	:	COGENT START
33469	[33467]	:	Key	97	DOWN	at	33468   
33564	[95]	:	Key	97	UP	at	33516   
37421	[3857]	:	Key	97	DOWN	at	37421   
37510	[89]	:	Key	97	UP	at	37477   
48021	[10511]	:	Key	97	DOWN	at	48021   
49021	[1000]	:	Key	97	UP	at	48125   
57277	[8256]	:	Key	71	DOWN	at	57277   
57437	[160]	:	Key	71	UP	at	57437   
58973	[1536]	:	Key	71	DOWN	at	58973   
62362	[3389]	:	Key	71	UP	at	60050   
62364	[2]	:	Key	71	DOWN	at	60478   
62365	[1]	:	Key	71	UP	at	60644   
63565	[1200]	:	Key	71	DOWN	at	63565   
66880	[3315]	:	Key	71	UP	at	63717   
66881	[1]	:	Key	71	DOWN	at	65181   
66881	[0]	:	Key	71	UP	at	65364   
67693	[812]	:	Key	71	DOWN	at	67693   
70993	[3300]	:	Key	71	UP	at	67933   
70995	[2]	:	Key	71	DOWN	at	69286   
70996	[1]	:	Key	71	UP	at	69462   
71621	[625]	:	Key	71	DOWN	at	71621   
74922	[3301]	:	Key	71	UP	at	71798   
74924	[2]	:	Key	71	DOWN	at	72982   
74925	[1]	:	Key	71	UP	at	73166   
75541	[616]	:	Key	71	DOWN	at	75541   
78840	[3299]	:	Key	71	UP	at	75718   
78842	[2]	:	Key	71	DOWN	at	76766   
78843	[1]	:	Key	71	UP	at	76958   
79717	[874]	:	Key	71	DOWN	at	79717   
83017	[3300]	:	Key	71	UP	at	79949   
83019	[2]	:	Key	71	DOWN	at	80798   
83020	[1]	:	Key	71	UP	at	81022   
83828	[808]	:	Key	71	DOWN	at	83828   
87117	[3289]	:	Key	71	UP	at	84029   
87119	[2]	:	Key	71	DOWN	at	84821   
87120	[1]	:	Key	71	UP	at	84997   
87121	[1]	:	Key	71	DOWN	at	86846   
87122	[1]	:	Key	71	UP	at	87030   
88765	[1643]	:	Key	71	DOWN	at	88765   
92065	[3300]	:	Key	71	UP	at	88950   
92067	[2]	:	Key	71	DOWN	at	90318   
92068	[1]	:	Key	71	UP	at	90494   
92749	[681]	:	Key	71	DOWN	at	92749   
96050	[3301]	:	Key	71	UP	at	92982   
96052	[2]	:	Key	71	DOWN	at	93798   
96053	[1]	:	Key	71	UP	at	94014   
96445	[392]	:	Key	71	DOWN	at	96445   
99745	[3300]	:	Key	71	UP	at	96670   
99745	[0]	:	Key	71	DOWN	at	97814   
99745	[0]	:	Key	71	UP	at	98030   
99746	[1]	:	Key	71	DOWN	at	99221   
99746	[0]	:	Key	71	UP	at	99438   
100581	[835]	:	Key	71	DOWN	at	100581  
103879	[3298]	:	Key	71	UP	at	100813  
103881	[2]	:	Key	71	DOWN	at	101605  
103882	[1]	:	Key	71	UP	at	101877  
105669	[1787]	:	Key	71	DOWN	at	105669  
108969	[3300]	:	Key	71	UP	at	105894  
108971	[2]	:	Key	71	DOWN	at	106710  
108972	[1]	:	Key	71	UP	at	106910  
110061	[1089]	:	Key	71	DOWN	at	110061  
113349	[3288]	:	Key	71	UP	at	110302  
113351	[2]	:	Key	71	DOWN	at	110822  
113352	[1]	:	Key	71	UP	at	111022  
113965	[613]	:	Key	71	DOWN	at	113965  
117254	[3289]	:	Key	71	UP	at	114174  
117254	[0]	:	Key	71	DOWN	at	115350  
117254	[0]	:	Key	71	UP	at	115558  
118085	[831]	:	Key	71	DOWN	at	118085  
121377	[3292]	:	Key	71	UP	at	118253  
121377	[0]	:	Key	71	DOWN	at	120087  
121377	[0]	:	Key	71	UP	at	120088  
121378	[1]	:	Key	71	DOWN	at	121228  
121386	[8]	:	Key	71	UP	at	121380  
124453	[3067]	:	Key	71	DOWN	at	124453  
127754	[3301]	:	Key	71	UP	at	124606  
127756	[2]	:	Key	71	DOWN	at	125214  
127757	[1]	:	Key	71	UP	at	125390  
128541	[784]	:	Key	71	DOWN	at	128541  
131841	[3300]	:	Key	71	UP	at	128734  
131843	[2]	:	Key	71	DOWN	at	129533  
131844	[1]	:	Key	71	UP	at	129692  
133053	[1209]	:	Key	71	DOWN	at	133053  
136353	[3300]	:	Key	71	UP	at	133294  
139326	[2973]	:	Key	71	DOWN	at	139326  
142626	[3300]	:	Key	71	UP	at	139542  
142628	[2]	:	Key	71	DOWN	at	140806  
142629	[1]	:	Key	71	UP	at	141013  
144725	[2096]	:	Key	71	DOWN	at	144725  
148024	[3299]	:	Key	71	UP	at	144926  
148026	[2]	:	Key	71	DOWN	at	146110  
148027	[1]	:	Key	71	UP	at	146317  
150325	[2298]	:	Key	71	DOWN	at	150325  
153624	[3299]	:	Key	71	UP	at	150574  
153626	[2]	:	Key	71	DOWN	at	151790  
153627	[1]	:	Key	71	UP	at	152014  
155125	[1498]	:	Key	71	DOWN	at	155125  
158425	[3300]	:	Key	71	UP	at	155309  
158427	[2]	:	Key	71	DOWN	at	156565  
158428	[1]	:	Key	71	UP	at	156742  
161597	[3169]	:	Key	71	DOWN	at	161597  
164898	[3301]	:	Key	71	UP	at	161806  
164900	[2]	:	Key	71	DOWN	at	162742  
164901	[1]	:	Key	71	UP	at	162918  
165621	[720]	:	Key	71	DOWN	at	165621  
168912	[3291]	:	Key	71	UP	at	165806  
168914	[2]	:	Key	71	DOWN	at	166734  
168915	[1]	:	Key	71	UP	at	166886  
170909	[1994]	:	Key	71	DOWN	at	170909  
174201	[3292]	:	Key	71	UP	at	171157  
174203	[2]	:	Key	71	DOWN	at	171740  
174204	[1]	:	Key	71	UP	at	171925  
174205	[1]	:	Key	71	DOWN	at	173805  
174206	[1]	:	Key	71	UP	at	173958  
174830	[624]	:	Key	71	DOWN	at	174830  
178128	[3298]	:	Key	71	UP	at	175022  
180333	[2205]	:	Key	71	DOWN	at	180333  
183633	[3300]	:	Key	71	UP	at	180502  
183635	[2]	:	Key	71	DOWN	at	181246  
183636	[1]	:	Key	71	UP	at	181430  
185237	[1601]	:	Key	71	DOWN	at	185237  
188525	[3288]	:	Key	71	UP	at	185430  
188527	[2]	:	Key	71	DOWN	at	186774  
188528	[1]	:	Key	71	UP	at	186973  
191164	[2636]	:	Key	71	DOWN	at	191164  
194463	[3299]	:	Key	71	UP	at	191349  
194465	[2]	:	Key	71	DOWN	at	192630  
194466	[1]	:	Key	71	UP	at	192798  
195197	[731]	:	Key	71	DOWN	at	195197  
198496	[3299]	:	Key	71	UP	at	195397  
198498	[2]	:	Key	71	DOWN	at	196742  
198499	[1]	:	Key	71	UP	at	196926  
200837	[2338]	:	Key	71	DOWN	at	200837  
204137	[3300]	:	Key	71	UP	at	201006  
207037	[2900]	:	Key	71	DOWN	at	207037  
210336	[3299]	:	Key	71	UP	at	207205  
212646	[2310]	:	Key	71	DOWN	at	212646  
215946	[3300]	:	Key	71	UP	at	212830  
215948	[2]	:	Key	71	DOWN	at	213414  
215949	[1]	:	Key	71	UP	at	213574  
217989	[2040]	:	Key	71	DOWN	at	217989  
221290	[3301]	:	Key	71	UP	at	218158  
221290	[0]	:	Key	71	DOWN	at	219677  
221291	[1]	:	Key	71	UP	at	219828  
222372	[1081]	:	Key	71	DOWN	at	222372  
225671	[3299]	:	Key	71	UP	at	222550  
227742	[2071]	:	Key	71	DOWN	at	227742  
231042	[3300]	:	Key	71	UP	at	227966  
232637	[1595]	:	Key	71	DOWN	at	232637  
235937	[3300]	:	Key	71	UP	at	232830  
235939	[2]	:	Key	71	DOWN	at	233414  
235940	[1]	:	Key	71	UP	at	233542  
236829	[889]	:	Key	71	DOWN	at	236829  
240130	[3301]	:	Key	71	UP	at	237029  
240132	[2]	:	Key	71	DOWN	at	237846  
240133	[1]	:	Key	71	UP	at	237862  
240153	[20]	:	Key	71	DOWN	at	240148  
240154	[1]	:	Key	71	UP	at	240150  
240901	[747]	:	Key	71	DOWN	at	240901  
244193	[3292]	:	Key	71	UP	at	241061  
244195	[2]	:	Key	71	DOWN	at	241709  
244196	[1]	:	Key	71	UP	at	241853  
244198	[2]	:	Key	71	DOWN	at	243341  
244199	[1]	:	Key	71	UP	at	243469  
247789	[3590]	:	Key	71	DOWN	at	247789  
251091	[3302]	:	Key	71	UP	at	247958  
251093	[2]	:	Key	71	DOWN	at	248582  
251094	[1]	:	Key	71	UP	at	248726  
255129	[4035]	:	Key	71	DOWN	at	255129  
258428	[3299]	:	Key	71	UP	at	255157  
258428	[0]	:	Key	71	DOWN	at	256827  
258428	[0]	:	Key	71	UP	at	256971  
262110	[3682]	:	Key	71	DOWN	at	262110  
265410	[3300]	:	Key	71	UP	at	262278  
265412	[2]	:	Key	71	DOWN	at	263342  
265413	[1]	:	Key	71	UP	at	263486  
268253	[2840]	:	Key	71	DOWN	at	268253  
271551	[3298]	:	Key	71	UP	at	268390  
271551	[0]	:	Key	71	DOWN	at	270161  
271552	[1]	:	Key	71	UP	at	270162  
273957	[2405]	:	Key	71	DOWN	at	273957  
277258	[3301]	:	Key	71	UP	at	274094  
277260	[2]	:	Key	71	DOWN	at	275014  
277261	[1]	:	Key	71	UP	at	275126  
280070	[2809]	:	Key	71	DOWN	at	280070  
283370	[3300]	:	Key	71	UP	at	280278  
284022	[652]	:	Key	71	DOWN	at	284022  
287313	[3291]	:	Key	71	UP	at	285160  
288261	[948]	:	Key	71	DOWN	at	288261  
291560	[3299]	:	Key	71	UP	at	288462  
291560	[0]	:	Key	71	DOWN	at	289254  
291560	[0]	:	Key	71	UP	at	289462  
292341	[781]	:	Key	71	DOWN	at	292341  
296311	[3970]	:	Key	71	UP	at	292605  
296311	[0]	:	Key	71	DOWN	at	293358  
296311	[0]	:	Key	71	UP	at	293582  
309253	[12942]	:	Key	71	DOWN	at	309253  
310297	[1044]	:	Key	71	UP	at	309414  
311204	[907]	:	Key	97	DOWN	at	311204  
312348	[1144]	:	Key	97	UP	at	311292  
313388	[1040]	:	Key	97	DOWN	at	313388  
314510	[1122]	:	Key	97	UP	at	313468  
315198	[688]	:	Key	97	DOWN	at	315198  
316319	[1121]	:	Key	97	UP	at	315301  
317389	[1070]	:	Key	98	DOWN	at	317389  
318505	[1116]	:	Key	98	UP	at	317542  
319405	[900]	:	Key	97	DOWN	at	319405  
320518	[1113]	:	Key	97	UP	at	319493  
321333	[815]	:	Key	98	DOWN	at	321333  
322461	[1128]	:	Key	98	UP	at	321486  
323365	[904]	:	Key	97	DOWN	at	323365  
324498	[1133]	:	Key	97	UP	at	323437  
326845	[2347]	:	Key	97	DOWN	at	326845  
328530	[1685]	:	Key	97	UP	at	326901  
332525	[3995]	:	Key	97	DOWN	at	332525  
332613	[88]	:	Key	97	UP	at	332613  
333397	[784]	:	Key	71	DOWN	at	333397  
334439	[1042]	:	Key	71	UP	at	333574  
335421	[982]	:	Key	97	DOWN	at	335421  
336532	[1111]	:	Key	97	UP	at	335477  
337573	[1041]	:	Key	97	DOWN	at	337573  
338694	[1121]	:	Key	97	UP	at	337629  
339837	[1143]	:	Key	98	DOWN	at	339837  
340957	[1120]	:	Key	98	UP	at	339990  
342181	[1224]	:	Key	97	DOWN	at	342181  
343296	[1115]	:	Key	97	UP	at	342254  
345174	[1878]	:	Key	98	DOWN	at	345174  
345174	[0]	:	Key	98	UP	at	345174  
346295	[1121]	:	Key	98	DOWN	at	345175  
346296	[1]	:	Key	98	UP	at	345176  
346297	[1]	:	Key	98	DOWN	at	345300  
346298	[1]	:	Key	98	UP	at	345486  
347677	[1379]	:	Key	98	DOWN	at	347677  
348805	[1128]	:	Key	98	UP	at	347804  
349670	[865]	:	Key	97	DOWN	at	349670  
350797	[1127]	:	Key	97	UP	at	349733  
351806	[1009]	:	Key	97	DOWN	at	351806  
353021	[1215]	:	Key	97	UP	at	351869  
354157	[1136]	:	Key	97	DOWN	at	354157  
354245	[88]	:	Key	97	UP	at	354245  
354685	[440]	:	Key	71	DOWN	at	354685  
355005	[320]	:	Key	71	UP	at	354870  
356197	[1192]	:	Key	71	DOWN	at	356197  
356405	[208]	:	Key	71	UP	at	356405  
358453	[2048]	:	Key	71	DOWN	at	358453  
361754	[3301]	:	Key	71	UP	at	358630  
362964	[1210]	:	Key	71	DOWN	at	362964  
366262	[3298]	:	Key	71	UP	at	363174  
367525	[1263]	:	Key	71	DOWN	at	367525  
370823	[3298]	:	Key	71	UP	at	367726  
372669	[1846]	:	Key	71	DOWN	at	372669  
375961	[3292]	:	Key	71	UP	at	372894  
378557	[2596]	:	Key	71	DOWN	at	378557  
381856	[3299]	:	Key	71	UP	at	378750  
385278	[3422]	:	Key	71	DOWN	at	385278  
388578	[3300]	:	Key	71	UP	at	385470  
390194	[1616]	:	Key	71	DOWN	at	390194  
390196	[2]	:	Key	71	UP	at	390195  
396077	[5881]	:	Key	71	DOWN	at	396077  
399376	[3299]	:	Key	71	UP	at	396254  
400101	[725]	:	Key	71	DOWN	at	400101  
403389	[3288]	:	Key	71	UP	at	400334  
405333	[1944]	:	Key	71	DOWN	at	405333  
408632	[3299]	:	Key	71	UP	at	405550  
409693	[1061]	:	Key	71	DOWN	at	409693  
412992	[3299]	:	Key	71	UP	at	409942  
412994	[2]	:	Key	71	DOWN	at	411341  
412995	[1]	:	Key	71	UP	at	411573  
415053	[2058]	:	Key	71	DOWN	at	415053  
418353	[3300]	:	Key	71	UP	at	415366  
420365	[2012]	:	Key	71	DOWN	at	420365  
423663	[3298]	:	Key	71	UP	at	420630  
423663	[0]	:	Key	71	DOWN	at	421966  
423664	[1]	:	Key	71	UP	at	422213  
424693	[1029]	:	Key	71	DOWN	at	424693  
427981	[3288]	:	Key	71	UP	at	424998  
428925	[944]	:	Key	71	DOWN	at	428925  
432213	[3288]	:	Key	71	UP	at	429213  
433989	[1776]	:	Key	71	DOWN	at	433989  
437909	[3920]	:	Key	71	UP	at	435239  
437909	[0]	:	Key	71	DOWN	at	435240  
437909	[0]	:	Key	71	UP	at	435462  
441701	[3792]	:	Key	71	DOWN	at	441701  
442742	[1041]	:	Key	71	UP	at	441910  
443517	[775]	:	Key	97	DOWN	at	443517  
444650	[1133]	:	Key	97	UP	at	443613  
445509	[859]	:	Key	98	DOWN	at	445509  
446635	[1126]	:	Key	98	UP	at	445637  
447381	[746]	:	Key	97	DOWN	at	447381  
448497	[1116]	:	Key	97	UP	at	447469  
450220	[1723]	:	Key	97	DOWN	at	450220  
451342	[1122]	:	Key	97	UP	at	450221  
451343	[1]	:	Key	97	DOWN	at	450221  
451343	[0]	:	Key	97	UP	at	450222  
451344	[1]	:	Key	97	DOWN	at	450261  
451344	[0]	:	Key	97	UP	at	450430  
452093	[749]	:	Key	97	DOWN	at	452093  
453207	[1114]	:	Key	97	UP	at	452222  
454126	[919]	:	Key	97	DOWN	at	454126  
455253	[1127]	:	Key	97	UP	at	454262  
456374	[1121]	:	Key	97	DOWN	at	456374  
457494	[1120]	:	Key	97	UP	at	456534  
458717	[1223]	:	Key	98	DOWN	at	458717  
460399	[1682]	:	Key	98	UP	at	458870  
467133	[6734]	:	Key	71	DOWN	at	467133  
468176	[1043]	:	Key	71	UP	at	467358  
469404	[1228]	:	Key	98	DOWN	at	469404  
470512	[1108]	:	Key	98	UP	at	469534  
471677	[1165]	:	Key	97	DOWN	at	471677  
472791	[1114]	:	Key	97	UP	at	471797  
473446	[655]	:	Key	97	DOWN	at	473446  
474564	[1118]	:	Key	97	UP	at	473565  
475853	[1289]	:	Key	97	DOWN	at	475853  
476967	[1114]	:	Key	97	UP	at	475933  
477886	[919]	:	Key	97	DOWN	at	477886  
479014	[1128]	:	Key	97	UP	at	477974  
480237	[1223]	:	Key	97	DOWN	at	480237  
480237	[0]	:	Key	97	UP	at	480237  
481344	[1107]	:	Key	97	DOWN	at	480293  
481345	[1]	:	Key	97	UP	at	480454  
482445	[1100]	:	Key	98	DOWN	at	482445  
483564	[1119]	:	Key	98	UP	at	482606  
484333	[769]	:	Key	97	DOWN	at	484333  
485517	[1184]	:	Key	97	UP	at	484470  
486741	[1224]	:	Key	71	DOWN	at	486741  
487061	[320]	:	Key	71	UP	at	486950  
487581	[520]	:	Key	71	DOWN	at	487581  
487789	[208]	:	Key	71	UP	at	487789  
488220	[431]	:	Key	71	DOWN	at	488220  
491509	[3289]	:	Key	71	UP	at	488430  
494054	[2545]	:	Key	71	DOWN	at	494054  
497353	[3299]	:	Key	71	UP	at	495269  
498093	[740]	:	Key	71	DOWN	at	498093  
501381	[3288]	:	Key	71	UP	at	498326  
504117	[2736]	:	Key	71	DOWN	at	504117  
507417	[3300]	:	Key	71	UP	at	504350  
510257	[2840]	:	Key	71	DOWN	at	510257  
513554	[3297]	:	Key	71	UP	at	510310  
516621	[3067]	:	Key	71	DOWN	at	516621  
519922	[3301]	:	Key	71	UP	at	516894  
519924	[2]	:	Key	71	DOWN	at	519182  
519924	[0]	:	Key	71	UP	at	519405  
520589	[665]	:	Key	71	DOWN	at	520589  
523888	[3299]	:	Key	71	UP	at	520852  
525846	[1958]	:	Key	71	DOWN	at	525846  
529746	[3900]	:	Key	71	UP	at	526134  
532966	[3220]	:	Key	71	DOWN	at	532966  
534006	[1040]	:	Key	71	UP	at	533198  
535196	[1190]	:	Key	98	DOWN	at	535196  
536304	[1108]	:	Key	98	UP	at	535326  
537629	[1325]	:	Key	97	DOWN	at	537629  
538742	[1113]	:	Key	97	UP	at	537733  
540270	[1528]	:	Key	97	DOWN	at	540270  
540270	[0]	:	Key	97	UP	at	540270  
541378	[1108]	:	Key	97	DOWN	at	540271  
541379	[1]	:	Key	97	UP	at	540271  
541380	[1]	:	Key	97	DOWN	at	540398  
541380	[0]	:	Key	97	UP	at	540582  
542526	[1146]	:	Key	97	DOWN	at	542526  
543651	[1125]	:	Key	97	UP	at	542695  
544518	[867]	:	Key	97	DOWN	at	544518  
545643	[1125]	:	Key	97	UP	at	544726  
546486	[843]	:	Key	97	DOWN	at	546486  
547614	[1128]	:	Key	97	UP	at	546678  
548582	[968]	:	Key	97	DOWN	at	548582  
549713	[1131]	:	Key	97	UP	at	548798  
550877	[1164]	:	Key	98	DOWN	at	550877  
552543	[1666]	:	Key	98	UP	at	551086  
559206	[6663]	:	Key	71	DOWN	at	559206  
560247	[1041]	:	Key	71	UP	at	559423  
561373	[1126]	:	Key	98	DOWN	at	561373  
562493	[1120]	:	Key	98	UP	at	561582  
563141	[648]	:	Key	98	DOWN	at	563141  
564266	[1125]	:	Key	98	UP	at	563366  
564966	[700]	:	Key	97	DOWN	at	564966  
566098	[1132]	:	Key	97	UP	at	565174  
567446	[1348]	:	Key	98	DOWN	at	567446  
568566	[1120]	:	Key	98	UP	at	567678  
570279	[1713]	:	Key	97	DOWN	at	570279  
571402	[1123]	:	Key	97	UP	at	570280  
571403	[1]	:	Key	97	DOWN	at	570280  
571403	[0]	:	Key	97	UP	at	570317  
571404	[1]	:	Key	97	DOWN	at	570454  
571404	[0]	:	Key	97	UP	at	570638  
572269	[865]	:	Key	97	DOWN	at	572269  
573384	[1115]	:	Key	97	UP	at	572501  
574573	[1189]	:	Key	98	DOWN	at	574573  
575684	[1111]	:	Key	98	UP	at	574838  
576742	[1058]	:	Key	97	DOWN	at	576742  
577923	[1181]	:	Key	97	UP	at	576967  
594541	[16618]	:	Key	71	DOWN	at	594541  
594847	[306]	:	Key	71	UP	at	594719  
598638	[3791]	:	Key	71	DOWN	at	598638  
598757	[119]	:	Key	71	UP	at	598757  
600733	[1976]	:	Key	71	DOWN	at	600733  
604034	[3301]	:	Key	71	UP	at	600870  
604036	[2]	:	Key	71	DOWN	at	601654  
604037	[1]	:	Key	71	UP	at	601806  
604038	[1]	:	Key	71	DOWN	at	603022  
604039	[1]	:	Key	71	UP	at	603174  
604773	[734]	:	Key	71	DOWN	at	604773  
608073	[3300]	:	Key	71	UP	at	604989  
608685	[612]	:	Key	71	DOWN	at	608685  
611979	[3294]	:	Key	71	UP	at	608878  
612718	[739]	:	Key	71	DOWN	at	612718  
616005	[3287]	:	Key	71	UP	at	612911  
617101	[1096]	:	Key	71	DOWN	at	617101  
620400	[3299]	:	Key	71	UP	at	617310  
621341	[941]	:	Key	71	DOWN	at	621341  
624639	[3298]	:	Key	71	UP	at	621517  
624641	[2]	:	Key	71	DOWN	at	622206  
624642	[1]	:	Key	71	UP	at	622382  
624643	[1]	:	Key	71	DOWN	at	623782  
624644	[1]	:	Key	71	UP	at	623950  
626789	[2145]	:	Key	71	DOWN	at	626789  
630089	[3300]	:	Key	71	UP	at	627006  
630091	[2]	:	Key	71	DOWN	at	627486  
630092	[1]	:	Key	71	UP	at	627654  
631910	[1818]	:	Key	71	DOWN	at	631910  
635814	[3904]	:	Key	71	UP	at	632134  
635814	[0]	:	Key	71	DOWN	at	632742  
635814	[0]	:	Key	71	UP	at	632942  
639789	[3975]	:	Key	71	DOWN	at	639789  
640830	[1041]	:	Key	71	UP	at	639958  
641669	[839]	:	Key	97	DOWN	at	641669  
642774	[1105]	:	Key	97	UP	at	641814  
643885	[1111]	:	Key	98	DOWN	at	643885  
644997	[1112]	:	Key	98	UP	at	643989  
645477	[480]	:	Key	98	DOWN	at	645477  
646595	[1118]	:	Key	98	UP	at	645590  
646596	[1]	:	Key	98	DOWN	at	645686  
646597	[1]	:	Key	98	UP	at	645758  
646598	[1]	:	Key	98	DOWN	at	645862  
646598	[0]	:	Key	98	UP	at	645942  
646599	[1]	:	Key	98	DOWN	at	646046  
646599	[0]	:	Key	98	UP	at	646118  
646600	[1]	:	Key	98	DOWN	at	646231  
646600	[0]	:	Key	98	UP	at	646295  
646601	[1]	:	Key	98	DOWN	at	646423  
646602	[1]	:	Key	98	UP	at	646479  
646606	[4]	:	Key	98	DOWN	at	646606  
647698	[1092]	:	Key	98	UP	at	646678  
647699	[1]	:	Key	98	DOWN	at	646791  
647699	[0]	:	Key	98	UP	at	646863  
647700	[1]	:	Key	98	DOWN	at	646967  
647700	[0]	:	Key	98	UP	at	647047  
647700	[0]	:	Key	98	DOWN	at	647159  
647701	[1]	:	Key	98	UP	at	647239  
647701	[0]	:	Key	98	DOWN	at	647343  
647701	[0]	:	Key	98	UP	at	647423  
647702	[1]	:	Key	98	DOWN	at	647527  
647702	[0]	:	Key	98	UP	at	647607  
647725	[23]	:	Key	98	DOWN	at	647725  
648836	[1111]	:	Key	98	UP	at	647805  
648837	[1]	:	Key	98	DOWN	at	647909  
648838	[1]	:	Key	98	UP	at	648007  
648838	[0]	:	Key	98	DOWN	at	648103  
648838	[0]	:	Key	98	UP	at	648191  
648839	[1]	:	Key	98	DOWN	at	648311  
648839	[0]	:	Key	98	UP	at	648383  
648840	[1]	:	Key	98	DOWN	at	648495  
648840	[0]	:	Key	98	UP	at	648591  
648841	[1]	:	Key	98	DOWN	at	648695  
648841	[0]	:	Key	98	UP	at	648783  
648901	[60]	:	Key	98	DOWN	at	648901  
650007	[1106]	:	Key	98	UP	at	648989  
650008	[1]	:	Key	98	DOWN	at	649094  
650008	[0]	:	Key	98	UP	at	649182  
650009	[1]	:	Key	98	DOWN	at	649286  
650009	[0]	:	Key	98	UP	at	649382  
650010	[1]	:	Key	98	DOWN	at	649486  
650010	[0]	:	Key	98	UP	at	649590  
650011	[1]	:	Key	98	DOWN	at	649702  
650011	[0]	:	Key	98	UP	at	649782  
650012	[1]	:	Key	98	DOWN	at	649902  
650012	[0]	:	Key	98	UP	at	649998  
650213	[201]	:	Key	98	DOWN	at	650213  
651322	[1109]	:	Key	98	UP	at	650262  
651323	[1]	:	Key	98	DOWN	at	650702  
651323	[0]	:	Key	98	UP	at	650815  
652294	[971]	:	Key	97	DOWN	at	652294  
653969	[1675]	:	Key	97	UP	at	652438  
654582	[613]	:	Key	71	DOWN	at	654582  
655630	[1048]	:	Key	71	UP	at	654734  
656533	[903]	:	Key	97	DOWN	at	656533  
657649	[1116]	:	Key	97	UP	at	656670  
658853	[1204]	:	Key	97	DOWN	at	658853  
659965	[1112]	:	Key	97	UP	at	659006  
660893	[928]	:	Key	97	DOWN	at	660893  
662010	[1117]	:	Key	97	UP	at	661046  
662845	[835]	:	Key	98	DOWN	at	662845  
663959	[1114]	:	Key	98	UP	at	663046  
664750	[791]	:	Key	98	DOWN	at	664750  
665872	[1122]	:	Key	98	UP	at	664927  
666702	[830]	:	Key	98	DOWN	at	666702  
667823	[1121]	:	Key	98	UP	at	666910  
668478	[655]	:	Key	97	DOWN	at	668478  
669594	[1116]	:	Key	97	UP	at	668646  
670501	[907]	:	Key	98	DOWN	at	670501  
671672	[1171]	:	Key	98	UP	at	670581  
672493	[821]	:	Key	71	DOWN	at	672493  
672820	[327]	:	Key	71	UP	at	672662  
673413	[593]	:	Key	71	DOWN	at	673413  
673597	[184]	:	Key	71	UP	at	673597  
692717	[19120]	:	Key	71	DOWN	at	692717  
696015	[3298]	:	Key	71	UP	at	692912  
701046	[5031]	:	Key	71	DOWN	at	701046  
704346	[3300]	:	Key	71	UP	at	701175  
706150	[1804]	:	Key	13	DOWN	at	706150  
706270	[120]	:	Key	13	UP	at	706270  
706638	[368]	:	Key	71	DOWN	at	706638  
709939	[3301]	:	Key	71	UP	at	706758  
717158	[7219]	:	Key	71	DOWN	at	717158  
720457	[3299]	:	Key	71	UP	at	717343  
721150	[693]	:	Key	71	DOWN	at	721150  
724450	[3300]	:	Key	71	UP	at	721310  
725669	[1219]	:	Key	71	DOWN	at	725669  
728968	[3299]	:	Key	71	UP	at	725862  
728970	[2]	:	Key	71	DOWN	at	727982  
728971	[1]	:	Key	71	UP	at	728118  
731965	[2994]	:	Key	71	DOWN	at	731965  
735265	[3300]	:	Key	71	UP	at	732126  
735399	[134]	:	Key	71	DOWN	at	735399  
735401	[2]	:	Key	71	UP	at	735401  
748949	[13548]	:	Key	71	DOWN	at	748949  
749981	[1032]	:	Key	71	UP	at	749094  
751237	[1256]	:	Key	97	DOWN	at	751237  
752340	[1103]	:	Key	97	UP	at	751351  
753350	[1010]	:	Key	98	DOWN	at	753350  
754468	[1118]	:	Key	98	UP	at	753493  
755094	[626]	:	Key	97	DOWN	at	755094  
756207	[1113]	:	Key	97	UP	at	755238  
756870	[663]	:	Key	97	DOWN	at	756870  
758002	[1132]	:	Key	97	UP	at	757038  
759165	[1163]	:	Key	97	DOWN	at	759165  
760281	[1116]	:	Key	97	UP	at	759326  
761213	[932]	:	Key	97	DOWN	at	761213  
762332	[1119]	:	Key	97	UP	at	761382  
763573	[1241]	:	Key	97	DOWN	at	763573  
764698	[1125]	:	Key	97	UP	at	763750  
765388	[690]	:	Key	97	DOWN	at	765388  
767075	[1687]	:	Key	97	UP	at	765542  
770966	[3891]	:	Key	71	DOWN	at	770966  
772013	[1047]	:	Key	71	UP	at	771071  
773366	[1353]	:	Key	97	DOWN	at	773366  
774487	[1121]	:	Key	97	UP	at	773486  
775357	[870]	:	Key	97	DOWN	at	775357  
776484	[1127]	:	Key	97	UP	at	775494  
777741	[1257]	:	Key	97	DOWN	at	777741  
778856	[1115]	:	Key	97	UP	at	777886  
780383	[1527]	:	Key	97	DOWN	at	780383  
780383	[0]	:	Key	97	UP	at	780383  
782565	[2182]	:	Key	98	DOWN	at	782565  
783691	[1126]	:	Key	98	UP	at	782718  
784876	[1185]	:	Key	98	DOWN	at	784876  
785990	[1114]	:	Key	98	UP	at	785054  
786886	[896]	:	Key	98	DOWN	at	786886  
788000	[1114]	:	Key	98	UP	at	787046  
788718	[718]	:	Key	97	DOWN	at	788718  
789923	[1205]	:	Key	97	UP	at	788871  
795397	[5474]	:	Key	71	DOWN	at	795397  
795726	[329]	:	Key	71	UP	at	795398  
801853	[6127]	:	Key	71	DOWN	at	801853  
801941	[88]	:	Key	71	UP	at	801941  
830901	[28960]	:	Key	97	DOWN	at	830901  
831013	[112]	:	Key	97	UP	at	831013  
834661	[3648]	:	Key	97	DOWN	at	834661  
834781	[120]	:	Key	97	UP	at	834781  
857310	[22529]	:	Key	97	DOWN	at	857310  
857446	[136]	:	Key	97	UP	at	857446  
863462	[6016]	:	Key	98	DOWN	at	863462  
863629	[167]	:	Key	98	UP	at	863629  
864197	[568]	:	Key	98	DOWN	at	864197  
864342	[145]	:	Key	98	UP	at	864342  
866286	[1944]	:	Key	97	DOWN	at	866286  
866397	[111]	:	Key	97	UP	at	866397  
873702	[7305]	:	Key	97	DOWN	at	873702  
873854	[152]	:	Key	97	UP	at	873854  
874062	[208]	:	Key	97	DOWN	at	874062  
874166	[104]	:	Key	97	UP	at	874166  
880270	[6104]	:	Key	97	DOWN	at	880270  
880397	[127]	:	Key	97	UP	at	880397  
892974	[12577]	:	Key	97	DOWN	at	892974  
893069	[95]	:	Key	97	UP	at	893069  
898422	[5353]	:	Key	97	DOWN	at	898422  
898557	[135]	:	Key	97	UP	at	898557  
907973	[9416]	:	Key	97	DOWN	at	907973  
908110	[137]	:	Key	97	UP	at	908110  
919558	[11448]	:	Key	97	DOWN	at	919558  
919710	[152]	:	Key	97	UP	at	919710  
928238	[8528]	:	Key	97	DOWN	at	928238  
928391	[153]	:	Key	97	UP	at	928391  
935837	[7446]	:	Key	97	DOWN	at	935837  
935974	[137]	:	Key	97	UP	at	935974  
943558	[7584]	:	Key	97	DOWN	at	943558  
943718	[160]	:	Key	97	UP	at	943718  
953742	[10024]	:	Key	97	DOWN	at	953742  
953870	[128]	:	Key	97	UP	at	953870  
965646	[11776]	:	Key	97	DOWN	at	965646  
965733	[87]	:	Key	97	UP	at	965733  
977605	[11872]	:	Key	71	DOWN	at	977605  
977685	[80]	:	Key	71	UP	at	977685  
980414	[2729]	:	Key	97	DOWN	at	980414  
980498	[84]	:	Key	97	UP	at	980486  
1008109	[27611]	:	Key	97	DOWN	at	1008109 
1008246	[137]	:	Key	97	UP	at	1008246 
1015854	[7608]	:	Key	97	DOWN	at	1015854 
1015990	[136]	:	Key	97	UP	at	1015990 
1022525	[6535]	:	Key	97	DOWN	at	1022525 
1022621	[96]	:	Key	97	UP	at	1022621 
1041790	[19169]	:	Key	71	DOWN	at	1041790 
1041886	[96]	:	Key	71	UP	at	1041886 
1042430	[544]	:	Key	97	DOWN	at	1042430 
1042518	[88]	:	Key	97	UP	at	1042509 
1044117	[1599]	:	Key	97	DOWN	at	1044117 
1045117	[1000]	:	Key	97	UP	at	1044205 
1050517	[5400]	:	Key	71	DOWN	at	1050517 
1050517	[0]	:	Key	71	UP	at	1050517 
1052021	[1504]	:	Key	71	DOWN	at	1052021 
1126494	[74473]	:	Key	71	DOWN	at	1126494 
1126614	[120]	:	Key	71	UP	at	1126614 
1129430	[2816]	:	Key	71	DOWN	at	1129430 
1755856	[626426]	:	Key	97	DOWN	at	1755856 
1756856	[1000]	:	Key	97	UP	at	1755858 
1762070	[5214]	:	Key	71	DOWN	at	1762070 
2399167	[637097]	:	Key	97	DOWN	at	2399167 
2400167	[1000]	:	Key	97	UP	at	2399264 
2408767	[8600]	:	Key	71	DOWN	at	2408767 
3035895	[627128]	:	Key	97	DOWN	at	3035895 
3036895	[1000]	:	Key	97	UP	at	3035968 
3042680	[5785]	:	Key	71	DOWN	at	3042680 
3657112	[614432]	:	Key	97	DOWN	at	3657112 
3658112	[1000]	:	Key	97	UP	at	3657185 
3659367	[1255]	:	Key	71	DOWN	at	3659367 
4322111	[662744]	:	Key	71	DOWN	at	4322111 
4322127	[16]	:	COGENT STOP
