Cog2000 log file Sat Jan 23 10:50:30 2021
gprim v1.33 Compiled:Aug 12 2015 (GLib DirectDraw v7 DX10.0 Compiled:Aug 12 2015)
Display:1024x768x32 60.02Hz
Attaching E:\saharrajabi\final mbmf+drug task\cogent2000v1.33\toolbox\CogInput.mexw64
CogInput v1.05 Compiled: May 20 2010
3	[3]	:	COGENT START
18569	[18566]	:	Key	97	DOWN	at	18569   
18644	[75]	:	Key	97	UP	at	18642   
24761	[6117]	:	Key	97	DOWN	at	24761   
24889	[128]	:	Key	97	UP	at	24889   
40193	[15304]	:	Key	97	DOWN	at	40193   
41193	[1000]	:	Key	97	UP	at	40250   
50905	[9712]	:	Key	71	DOWN	at	50905   
51067	[162]	:	Key	71	UP	at	51016   
54473	[3406]	:	Key	71	DOWN	at	54473   
57867	[3394]	:	Key	71	UP	at	54578   
60801	[2934]	:	Key	71	DOWN	at	60801   
64108	[3307]	:	Key	71	UP	at	60946   
65873	[1765]	:	Key	71	DOWN	at	65873   
69174	[3301]	:	Key	71	UP	at	66002   
72258	[3084]	:	Key	71	DOWN	at	72258   
75558	[3300]	:	Key	71	UP	at	72434   
76273	[715]	:	Key	71	DOWN	at	76273   
79561	[3288]	:	Key	71	UP	at	76474   
83152	[3591]	:	Key	71	DOWN	at	83152   
86453	[3301]	:	Key	71	UP	at	84263   
87321	[868]	:	Key	71	DOWN	at	87321   
90622	[3301]	:	Key	71	UP	at	87465   
93353	[2731]	:	Key	71	DOWN	at	93353   
96655	[3302]	:	Key	71	UP	at	93522   
99245	[2590]	:	Key	71	DOWN	at	99245   
99247	[2]	:	Key	71	UP	at	99246   
104673	[5426]	:	Key	71	DOWN	at	104673  
107974	[3301]	:	Key	71	UP	at	104914  
111433	[3459]	:	Key	71	DOWN	at	111433  
114733	[3300]	:	Key	71	UP	at	111634  
118617	[3884]	:	Key	71	DOWN	at	118617  
121918	[3301]	:	Key	71	UP	at	118858  
123729	[1811]	:	Key	71	DOWN	at	123729  
127027	[3298]	:	Key	71	UP	at	123882  
130713	[3686]	:	Key	71	DOWN	at	130713  
134013	[3300]	:	Key	71	UP	at	130850  
138616	[4603]	:	Key	71	DOWN	at	138616  
141915	[3299]	:	Key	71	UP	at	138777  
144418	[2503]	:	Key	71	DOWN	at	144418  
147718	[3300]	:	Key	71	UP	at	144562  
149393	[1675]	:	Key	71	DOWN	at	149393  
152692	[3299]	:	Key	71	UP	at	149570  
156465	[3773]	:	Key	71	DOWN	at	156465  
159765	[3300]	:	Key	71	UP	at	156633  
161937	[2172]	:	Key	71	DOWN	at	161937  
165238	[3301]	:	Key	71	UP	at	162090  
167217	[1979]	:	Key	71	DOWN	at	167217  
170517	[3300]	:	Key	71	UP	at	167378  
172641	[2124]	:	Key	71	DOWN	at	172641  
175942	[3301]	:	Key	71	UP	at	172817  
181849	[5907]	:	Key	71	DOWN	at	181849  
185149	[3300]	:	Key	71	UP	at	182082  
187257	[2108]	:	Key	71	DOWN	at	187257  
190556	[3299]	:	Key	71	UP	at	187448  
191937	[1381]	:	Key	71	DOWN	at	191937  
195237	[3300]	:	Key	71	UP	at	192129  
197274	[2037]	:	Key	71	DOWN	at	197274  
200574	[3300]	:	Key	71	UP	at	197394  
207385	[6811]	:	Key	71	DOWN	at	207385  
210685	[3300]	:	Key	71	UP	at	207546  
214537	[3852]	:	Key	71	DOWN	at	214537  
217838	[3301]	:	Key	71	UP	at	214770  
219465	[1627]	:	Key	71	DOWN	at	219465  
222765	[3300]	:	Key	71	UP	at	219682  
227617	[4852]	:	Key	71	DOWN	at	227617  
230917	[3300]	:	Key	71	UP	at	227785  
231777	[860]	:	Key	71	DOWN	at	231777  
235063	[3286]	:	Key	71	UP	at	232042  
238265	[3202]	:	Key	71	DOWN	at	238265  
241566	[3301]	:	Key	71	UP	at	238490  
242953	[1387]	:	Key	71	DOWN	at	242953  
246254	[3301]	:	Key	71	UP	at	243218  
251041	[4787]	:	Key	71	DOWN	at	251041  
254340	[3299]	:	Key	71	UP	at	251226  
257737	[3397]	:	Key	71	DOWN	at	257737  
261036	[3299]	:	Key	71	UP	at	257906  
263249	[2213]	:	Key	71	DOWN	at	263249  
266549	[3300]	:	Key	71	UP	at	264351  
269193	[2644]	:	Key	71	DOWN	at	269193  
272493	[3300]	:	Key	71	UP	at	269290  
274001	[1508]	:	Key	71	DOWN	at	274001  
277302	[3301]	:	Key	71	UP	at	274146  
278145	[843]	:	Key	71	DOWN	at	278145  
281444	[3299]	:	Key	71	UP	at	279350  
282266	[822]	:	Key	71	DOWN	at	282266  
285568	[3302]	:	Key	71	UP	at	282514  
285570	[2]	:	Key	71	DOWN	at	285042  
285571	[1]	:	Key	71	UP	at	285242  
287450	[1879]	:	Key	71	DOWN	at	287450  
290750	[3300]	:	Key	71	UP	at	287618  
294332	[3582]	:	Key	71	DOWN	at	294332  
294332	[0]	:	Key	71	UP	at	294332  
300266	[5934]	:	Key	71	DOWN	at	300266  
303567	[3301]	:	Key	71	UP	at	300450  
305625	[2058]	:	Key	71	DOWN	at	305625  
308924	[3299]	:	Key	71	UP	at	305802  
310785	[1861]	:	Key	71	DOWN	at	310785  
314083	[3298]	:	Key	71	UP	at	311026  
317170	[3087]	:	Key	71	DOWN	at	317170  
320469	[3299]	:	Key	71	UP	at	317354  
321809	[1340]	:	Key	71	DOWN	at	321809  
325108	[3299]	:	Key	71	UP	at	322058  
326408	[1300]	:	Key	71	DOWN	at	326408  
329709	[3301]	:	Key	71	UP	at	326546  
329711	[2]	:	Key	71	DOWN	at	329226  
329712	[1]	:	Key	71	UP	at	329378  
331832	[2120]	:	Key	71	DOWN	at	331832  
335796	[3964]	:	Key	71	UP	at	332026  
360921	[25125]	:	Key	71	DOWN	at	360921  
361965	[1044]	:	Key	71	UP	at	361058  
363049	[1084]	:	Key	97	DOWN	at	363049  
364176	[1127]	:	Key	97	UP	at	363184  
364977	[801]	:	Key	97	DOWN	at	364977  
366090	[1113]	:	Key	97	UP	at	365114  
366897	[807]	:	Key	97	DOWN	at	366897  
368022	[1125]	:	Key	97	UP	at	367066  
369365	[1343]	:	Key	98	DOWN	at	369365  
370499	[1134]	:	Key	98	UP	at	369366  
370500	[1]	:	Key	98	DOWN	at	369367  
370500	[0]	:	Key	98	UP	at	369514  
371666	[1166]	:	Key	97	DOWN	at	371666  
372782	[1116]	:	Key	97	UP	at	371882  
373473	[691]	:	Key	97	DOWN	at	373473  
374585	[1112]	:	Key	97	UP	at	373714  
375649	[1064]	:	Key	97	DOWN	at	375649  
376769	[1120]	:	Key	97	UP	at	375890  
377361	[592]	:	Key	98	DOWN	at	377361  
379083	[1722]	:	Key	98	UP	at	377634  
389762	[10679]	:	Key	71	DOWN	at	389762  
390811	[1049]	:	Key	71	UP	at	389906  
391905	[1094]	:	Key	98	DOWN	at	391905  
393025	[1120]	:	Key	98	UP	at	392130  
393705	[680]	:	Key	97	DOWN	at	393705  
394830	[1125]	:	Key	97	UP	at	393914  
395841	[1011]	:	Key	98	DOWN	at	395841  
396974	[1133]	:	Key	98	UP	at	396074  
397497	[523]	:	Key	97	DOWN	at	397497  
398616	[1119]	:	Key	95	DOWN	at	397553  
398617	[1]	:	Key	95	UP	at	397634  
398618	[1]	:	Key	97	UP	at	397714  
399737	[1119]	:	Key	98	DOWN	at	399737  
400862	[1125]	:	Key	98	UP	at	399986  
401921	[1059]	:	Key	98	DOWN	at	401921  
403033	[1112]	:	Key	95	DOWN	at	401960  
403033	[0]	:	Key	95	UP	at	401984  
403034	[1]	:	Key	98	UP	at	402185  
403969	[935]	:	Key	98	DOWN	at	403969  
405089	[1120]	:	Key	98	UP	at	404250  
405874	[785]	:	Key	97	DOWN	at	405874  
407080	[1206]	:	Key	97	UP	at	406082  
408105	[1025]	:	Key	71	DOWN	at	408105  
408390	[285]	:	Key	71	UP	at	408297  
409105	[715]	:	Key	71	DOWN	at	409105  
409289	[184]	:	Key	71	UP	at	409289  
410049	[760]	:	Key	71	DOWN	at	410049  
413352	[3303]	:	Key	71	UP	at	410178  
415073	[1721]	:	Key	71	DOWN	at	415073  
418372	[3299]	:	Key	71	UP	at	415226  
418881	[509]	:	Key	71	DOWN	at	418881  
422180	[3299]	:	Key	71	UP	at	419082  
425538	[3358]	:	Key	71	DOWN	at	425538  
428838	[3300]	:	Key	71	UP	at	425690  
429897	[1059]	:	Key	71	DOWN	at	429897  
433198	[3301]	:	Key	71	UP	at	430097  
435913	[2715]	:	Key	71	DOWN	at	435913  
439214	[3301]	:	Key	71	UP	at	436146  
439216	[2]	:	Key	71	DOWN	at	438755  
439217	[1]	:	Key	71	UP	at	438914  
441906	[2689]	:	Key	71	DOWN	at	441906  
445192	[3286]	:	Key	71	UP	at	442138  
450809	[5617]	:	Key	71	DOWN	at	450809  
454109	[3300]	:	Key	71	UP	at	450978  
456394	[2285]	:	Key	71	DOWN	at	456394  
459687	[3293]	:	Key	71	UP	at	456562  
462266	[2579]	:	Key	71	DOWN	at	462266  
465566	[3300]	:	Key	71	UP	at	462490  
465985	[419]	:	Key	71	DOWN	at	465985  
469275	[3290]	:	Key	71	UP	at	466250  
469277	[2]	:	Key	71	DOWN	at	466970  
469278	[1]	:	Key	71	UP	at	467258  
470496	[1218]	:	Key	71	DOWN	at	470496  
473795	[3299]	:	Key	71	UP	at	470682  
474442	[647]	:	Key	71	DOWN	at	474442  
477731	[3289]	:	Key	71	UP	at	474555  
478282	[551]	:	Key	71	DOWN	at	478282  
481571	[3289]	:	Key	71	UP	at	478466  
481985	[414]	:	Key	71	DOWN	at	481985  
485284	[3299]	:	Key	71	UP	at	482210  
486393	[1109]	:	Key	71	DOWN	at	486393  
490299	[3906]	:	Key	71	UP	at	486570  
490299	[0]	:	Key	71	DOWN	at	489454  
490299	[0]	:	Key	71	UP	at	489456  
498881	[8582]	:	Key	71	DOWN	at	498881  
499923	[1042]	:	Key	71	UP	at	499058  
501025	[1102]	:	Key	97	DOWN	at	501025  
502141	[1116]	:	Key	97	UP	at	501201  
502753	[612]	:	Key	98	DOWN	at	502753  
503883	[1130]	:	Key	98	UP	at	502986  
504801	[918]	:	Key	97	DOWN	at	504801  
505921	[1120]	:	Key	97	UP	at	504984  
506641	[720]	:	Key	97	DOWN	at	506641  
507759	[1118]	:	Key	97	UP	at	506834  
508898	[1139]	:	Key	97	DOWN	at	508898  
510012	[1114]	:	Key	97	UP	at	509107  
510770	[758]	:	Key	97	DOWN	at	510770  
511893	[1123]	:	Key	97	UP	at	510970  
512850	[957]	:	Key	97	DOWN	at	512850  
513970	[1120]	:	Key	97	UP	at	513049  
514697	[727]	:	Key	98	DOWN	at	514697  
516393	[1696]	:	Key	98	UP	at	514929  
526586	[10193]	:	Key	71	DOWN	at	526586  
527638	[1052]	:	Key	71	UP	at	526747  
528562	[924]	:	Key	98	DOWN	at	528562  
529686	[1124]	:	Key	98	UP	at	528753  
530753	[1067]	:	Key	97	DOWN	at	530753  
531870	[1117]	:	Key	97	UP	at	530962  
532642	[772]	:	Key	97	DOWN	at	532642  
533769	[1127]	:	Key	97	UP	at	532858  
534537	[768]	:	Key	98	DOWN	at	534537  
535652	[1115]	:	Key	98	UP	at	534754  
536729	[1077]	:	Key	97	DOWN	at	536729  
537845	[1116]	:	Key	97	UP	at	536946  
538465	[620]	:	Key	97	DOWN	at	538465  
539581	[1116]	:	Key	97	UP	at	538706  
540641	[1060]	:	Key	98	DOWN	at	540641  
541766	[1125]	:	Key	98	UP	at	540858  
542817	[1051]	:	Key	97	DOWN	at	542817  
544024	[1207]	:	Key	97	UP	at	543059  
547482	[3458]	:	Key	71	DOWN	at	547482  
547841	[359]	:	Key	71	UP	at	547586  
559305	[11464]	:	Key	97	DOWN	at	559305  
559416	[111]	:	Key	97	UP	at	559393  
567017	[7601]	:	Key	97	DOWN	at	567017  
567098	[81]	:	Key	97	UP	at	567097  
583121	[16023]	:	Key	97	DOWN	at	583121  
583217	[96]	:	Key	97	UP	at	583217  
594495	[11278]	:	Key	97	DOWN	at	594495  
594495	[0]	:	Key	97	UP	at	594495  
604585	[10090]	:	Key	97	DOWN	at	604585  
604721	[136]	:	Key	97	UP	at	604721  
619137	[14416]	:	Key	97	DOWN	at	619137  
619281	[144]	:	Key	97	UP	at	619281  
624494	[5213]	:	Key	97	DOWN	at	624494  
624494	[0]	:	Key	97	UP	at	624494  
624616	[122]	:	Key	97	DOWN	at	624495  
624641	[25]	:	Key	97	UP	at	624641  
633962	[9321]	:	Key	97	DOWN	at	633962  
634130	[168]	:	Key	97	UP	at	634130  
639508	[5378]	:	Key	97	DOWN	at	639508  
639508	[0]	:	Key	97	UP	at	639508  
639593	[85]	:	Key	97	DOWN	at	639509  
639593	[0]	:	Key	97	UP	at	639509  
641378	[1785]	:	Key	97	DOWN	at	641378  
641513	[135]	:	Key	97	UP	at	641513  
642889	[1376]	:	Key	97	DOWN	at	642889  
642971	[82]	:	Key	97	UP	at	642953  
643689	[718]	:	Key	97	DOWN	at	643689  
643858	[169]	:	Key	97	UP	at	643858  
645249	[1391]	:	Key	97	DOWN	at	645249  
645361	[112]	:	Key	97	UP	at	645361  
647761	[2400]	:	Key	97	DOWN	at	647761  
647865	[104]	:	Key	97	UP	at	647865  
658553	[10688]	:	Key	97	DOWN	at	658553  
658648	[95]	:	Key	97	UP	at	658641  
668162	[9514]	:	Key	97	DOWN	at	668162  
668306	[144]	:	Key	97	UP	at	668306  
672826	[4520]	:	Key	97	DOWN	at	672826  
672928	[102]	:	Key	97	UP	at	672921  
679113	[6185]	:	Key	97	DOWN	at	679113  
679225	[112]	:	Key	97	UP	at	679225  
680513	[1288]	:	Key	98	DOWN	at	680513  
680633	[120]	:	Key	98	UP	at	680633  
681497	[864]	:	Key	97	DOWN	at	681497  
681565	[68]	:	Key	97	UP	at	681545  
695849	[14284]	:	Key	97	DOWN	at	695849  
695945	[96]	:	Key	97	UP	at	695945  
697129	[1184]	:	Key	97	DOWN	at	697129  
698129	[1000]	:	Key	97	UP	at	697210  
701986	[3857]	:	Key	97	DOWN	at	701986  
702066	[80]	:	Key	97	UP	at	702066  
704130	[2064]	:	Key	71	DOWN	at	704130  
704451	[321]	:	Key	71	UP	at	704235  
707226	[2775]	:	Key	71	DOWN	at	707226  
830514	[123288]	:	Key	71	DOWN	at	830514  
830641	[127]	:	Key	71	UP	at	830641  
835129	[4488]	:	Key	71	DOWN	at	835129  
1375154	[540025]	:	Key	71	DOWN	at	1375154 
1375282	[128]	:	Key	71	UP	at	1375282 
1377706	[2424]	:	Key	23	DOWN	at	1377706 
1377778	[72]	:	Key	23	UP	at	1377778 
1401922	[24144]	:	Key	97	DOWN	at	1401922 
1402922	[1000]	:	Key	97	UP	at	1402011 
1404880	[1958]	:	Key	71	DOWN	at	1404880 
1404880	[0]	:	Key	71	UP	at	1404880 
1982827	[577947]	:	Key	97	DOWN	at	1982827 
1983827	[1000]	:	Key	97	UP	at	1982907 
1985867	[2040]	:	Key	71	DOWN	at	1985867 
2531770	[545903]	:	Key	97	DOWN	at	2531770 
2532770	[1000]	:	Key	97	UP	at	2531827 
2533819	[1049]	:	Key	71	DOWN	at	2533819 
3072211	[538392]	:	Key	97	DOWN	at	3072211 
3073211	[1000]	:	Key	97	UP	at	3072284 
3074147	[936]	:	Key	71	DOWN	at	3074147 
4122892	[1048745]	:	Key	71	DOWN	at	4122892 
4123362	[470]	:	Key	71	UP	at	4122965 
4123420	[58]	:	COGENT STOP
