Cog2000 log file Tue Dec 22 23:32:48 2020
gprim v1.33 Compiled:Aug 12 2015 (GLib DirectDraw v7 DX12.0 Compiled:Aug 12 2015)
Display:1024x768x32 60.01Hz
Attaching C:\Sahar Rajabi\Final MBMF+Drug Task\Cogent2000v1.33\Toolbox\CogInput.mexw64
CogInput v1.05 Compiled: May 20 2010
5	[5]	:	COGENT START
66180	[66175]	:	Key	97	DOWN	at	66178   
66284	[104]	:	Key	97	UP	at	66274   
72211	[5927]	:	Key	97	DOWN	at	72210   
72314	[103]	:	Key	97	UP	at	72313   
74762	[2448]	:	Key	97	DOWN	at	74761   
75762	[1000]	:	Key	97	UP	at	74849   
84009	[8247]	:	Key	71	DOWN	at	84009   
84201	[192]	:	Key	71	UP	at	84129   
96739	[12538]	:	Key	71	DOWN	at	96738   
100179	[3440]	:	Key	71	UP	at	96883   
107794	[7615]	:	Key	71	DOWN	at	107794  
111131	[3337]	:	Key	71	UP	at	107937  
119618	[8487]	:	Key	71	DOWN	at	119618  
122927	[3309]	:	Key	71	UP	at	119818  
141546	[18619]	:	Key	71	DOWN	at	141545  
144856	[3310]	:	Key	71	UP	at	141746  
152770	[7914]	:	Key	71	DOWN	at	152769  
156082	[3312]	:	Key	71	UP	at	152994  
166826	[10744]	:	Key	71	DOWN	at	166826  
170139	[3313]	:	Key	71	UP	at	167074  
170706	[567]	:	Key	71	DOWN	at	170706  
174014	[3308]	:	Key	71	UP	at	170898  
176772	[2758]	:	Key	71	DOWN	at	176771  
180084	[3312]	:	Key	71	UP	at	176978  
185202	[5118]	:	Key	71	DOWN	at	185202  
188511	[3309]	:	Key	71	UP	at	185426  
188601	[90]	:	Key	71	DOWN	at	188601  
191910	[3309]	:	Key	71	UP	at	188745  
204746	[12836]	:	Key	71	DOWN	at	204746  
208055	[3309]	:	Key	71	UP	at	204890  
214602	[6547]	:	Key	71	DOWN	at	214601  
217915	[3313]	:	Key	71	UP	at	214714  
218859	[944]	:	Key	71	DOWN	at	218859  
222168	[3309]	:	Key	71	UP	at	218994  
222883	[715]	:	Key	71	DOWN	at	222882  
226196	[3313]	:	Key	71	UP	at	223018  
228436	[2240]	:	Key	71	DOWN	at	228435  
231747	[3311]	:	Key	71	UP	at	228594  
233475	[1728]	:	Key	71	DOWN	at	233474  
236786	[3311]	:	Key	71	UP	at	233666  
237596	[810]	:	Key	71	DOWN	at	237594  
240905	[3309]	:	Key	71	UP	at	237746  
244554	[3649]	:	Key	71	DOWN	at	244554  
247866	[3312]	:	Key	71	UP	at	244681  
248426	[560]	:	Key	71	DOWN	at	248425  
251736	[3310]	:	Key	71	UP	at	248609  
253523	[1787]	:	Key	71	DOWN	at	253522  
256834	[3311]	:	Key	71	UP	at	253714  
269274	[12440]	:	Key	71	DOWN	at	269274  
272582	[3308]	:	Key	71	UP	at	269498  
273435	[853]	:	Key	71	DOWN	at	273434  
276742	[3307]	:	Key	71	UP	at	273609  
276744	[2]	:	Key	71	DOWN	at	275850  
276745	[1]	:	Key	71	UP	at	276066  
277498	[753]	:	Key	71	DOWN	at	277498  
280808	[3310]	:	Key	71	UP	at	277641  
280810	[2]	:	Key	71	DOWN	at	279993  
280811	[1]	:	Key	71	UP	at	280146  
281515	[704]	:	Key	71	DOWN	at	281514  
284823	[3308]	:	Key	71	UP	at	281650  
285371	[548]	:	Key	71	DOWN	at	285370  
288680	[3309]	:	Key	71	UP	at	285522  
289059	[379]	:	Key	71	DOWN	at	289058  
292367	[3308]	:	Key	71	UP	at	289210  
292827	[460]	:	Key	71	DOWN	at	292826  
296137	[3310]	:	Key	71	UP	at	292971  
296498	[361]	:	Key	71	DOWN	at	296497  
299808	[3310]	:	Key	71	UP	at	296634  
300122	[314]	:	Key	71	DOWN	at	300122  
303433	[3311]	:	Key	71	UP	at	300242  
303762	[329]	:	Key	71	DOWN	at	303762  
307072	[3310]	:	Key	71	UP	at	303915  
307234	[162]	:	Key	71	DOWN	at	307234  
310539	[3305]	:	Key	71	UP	at	307369  
310722	[183]	:	Key	71	DOWN	at	310722  
314033	[3311]	:	Key	71	UP	at	310873  
314371	[338]	:	Key	71	DOWN	at	314370  
317679	[3308]	:	Key	71	UP	at	314514  
318659	[980]	:	Key	71	DOWN	at	318658  
321966	[3307]	:	Key	71	UP	at	318801  
322370	[404]	:	Key	71	DOWN	at	322369  
325677	[3307]	:	Key	71	UP	at	322522  
326033	[356]	:	Key	71	DOWN	at	326033  
329343	[3310]	:	Key	71	UP	at	326178  
329481	[138]	:	Key	71	DOWN	at	329481  
332791	[3310]	:	Key	71	UP	at	329635  
333003	[212]	:	Key	71	DOWN	at	333002  
336312	[3309]	:	Key	71	UP	at	333185  
336673	[361]	:	Key	71	DOWN	at	336673  
339983	[3310]	:	Key	71	UP	at	336842  
341044	[1061]	:	Key	71	DOWN	at	341042  
344356	[3312]	:	Key	71	UP	at	341194  
344747	[391]	:	Key	71	DOWN	at	344747  
348054	[3307]	:	Key	71	UP	at	344905  
348411	[357]	:	Key	71	DOWN	at	348411  
351722	[3311]	:	Key	71	UP	at	348554  
351931	[209]	:	Key	71	DOWN	at	351930  
355237	[3306]	:	Key	71	UP	at	352098  
355595	[358]	:	Key	71	DOWN	at	355595  
358904	[3309]	:	Key	71	UP	at	355777  
359299	[395]	:	Key	71	DOWN	at	359299  
362611	[3312]	:	Key	71	UP	at	359474  
362859	[248]	:	Key	71	DOWN	at	362858  
366171	[3312]	:	Key	71	UP	at	363018  
366522	[351]	:	Key	71	DOWN	at	366522  
369830	[3308]	:	Key	71	UP	at	366714  
370163	[333]	:	Key	71	DOWN	at	370163  
374132	[3969]	:	Key	71	UP	at	370322  
385994	[11862]	:	Key	71	DOWN	at	385994  
387048	[1054]	:	Key	71	UP	at	386170  
388059	[1011]	:	Key	97	DOWN	at	388058  
389172	[1113]	:	Key	97	UP	at	388153  
390394	[1222]	:	Key	97	DOWN	at	390394  
391507	[1113]	:	Key	97	UP	at	390482  
392930	[1423]	:	Key	97	DOWN	at	392929  
394036	[1106]	:	Key	97	UP	at	393026  
394929	[893]	:	Key	98	DOWN	at	394929  
396040	[1111]	:	Key	98	UP	at	395010  
397060	[1020]	:	Key	98	DOWN	at	397059  
398200	[1140]	:	Key	98	UP	at	397138  
399266	[1066]	:	Key	97	DOWN	at	399266  
400376	[1110]	:	Key	97	UP	at	399330  
401315	[939]	:	Key	97	DOWN	at	401315  
402441	[1126]	:	Key	97	UP	at	401394  
403258	[817]	:	Key	98	DOWN	at	403258  
404941	[1683]	:	Key	98	UP	at	403369  
409738	[4797]	:	Key	71	DOWN	at	409738  
410783	[1045]	:	Key	71	UP	at	409954  
415699	[4916]	:	Key	97	DOWN	at	415699  
416831	[1132]	:	Key	97	UP	at	415810  
418083	[1252]	:	Key	97	DOWN	at	418083  
419201	[1118]	:	Key	97	UP	at	418170  
419915	[714]	:	Key	98	DOWN	at	419915  
421043	[1128]	:	Key	98	UP	at	419995  
422179	[1136]	:	Key	97	DOWN	at	422178  
423289	[1110]	:	Key	97	UP	at	422291  
425129	[1840]	:	Key	98	DOWN	at	425129  
426256	[1127]	:	Key	98	UP	at	425250  
427562	[1306]	:	Key	98	DOWN	at	427562  
428678	[1116]	:	Key	98	UP	at	427698  
429529	[851]	:	Key	97	DOWN	at	429529  
430666	[1137]	:	Key	97	UP	at	429626  
431987	[1321]	:	Key	98	DOWN	at	431986  
433181	[1194]	:	Key	98	UP	at	432106  
447138	[13957]	:	Key	71	DOWN	at	447138  
447469	[331]	:	Key	71	UP	at	447323  
449554	[2085]	:	Key	71	DOWN	at	449554  
449827	[273]	:	Key	71	UP	at	449826  
452706	[2879]	:	Key	71	DOWN	at	452706  
456019	[3313]	:	Key	71	UP	at	452891  
456378	[359]	:	Key	71	DOWN	at	456378  
459689	[3311]	:	Key	71	UP	at	456490  
459690	[1]	:	Key	71	DOWN	at	456666  
459691	[1]	:	Key	71	UP	at	456802  
459692	[1]	:	Key	71	DOWN	at	457242  
459693	[1]	:	Key	71	UP	at	457322  
459693	[0]	:	Key	71	DOWN	at	457650  
459694	[1]	:	Key	71	UP	at	457754  
460018	[324]	:	Key	71	DOWN	at	460018  
463326	[3308]	:	Key	71	UP	at	460179  
463555	[229]	:	Key	71	DOWN	at	463554  
466861	[3306]	:	Key	71	UP	at	463690  
466937	[76]	:	Key	71	DOWN	at	466937  
470248	[3311]	:	Key	71	UP	at	467098  
470546	[298]	:	Key	71	DOWN	at	470546  
473856	[3310]	:	Key	71	UP	at	470713  
474098	[242]	:	Key	71	DOWN	at	474097  
477407	[3309]	:	Key	71	UP	at	474283  
477442	[35]	:	Key	71	DOWN	at	477442  
480752	[3310]	:	Key	71	UP	at	477611  
480753	[1]	:	Key	71	DOWN	at	480291  
480754	[1]	:	Key	71	UP	at	480465  
482419	[1665]	:	Key	71	DOWN	at	482418  
485729	[3310]	:	Key	71	UP	at	482530  
486092	[363]	:	Key	71	DOWN	at	486091  
489399	[3307]	:	Key	71	UP	at	486234  
489722	[323]	:	Key	71	DOWN	at	489722  
493035	[3313]	:	Key	71	UP	at	489881  
493362	[327]	:	Key	71	DOWN	at	493362  
496673	[3311]	:	Key	71	UP	at	493530  
497203	[530]	:	Key	71	DOWN	at	497203  
500513	[3310]	:	Key	71	UP	at	497361  
501187	[674]	:	Key	71	DOWN	at	501186  
504496	[3309]	:	Key	71	UP	at	501386  
504794	[298]	:	Key	71	DOWN	at	504793  
508105	[3311]	:	Key	71	UP	at	504995  
508306	[201]	:	Key	71	DOWN	at	508306  
512222	[3916]	:	Key	71	UP	at	508499  
516051	[3829]	:	Key	71	DOWN	at	516051  
517097	[1046]	:	Key	71	UP	at	516258  
518153	[1056]	:	Key	97	DOWN	at	518153  
519261	[1108]	:	Key	97	UP	at	518234  
520082	[821]	:	Key	98	DOWN	at	520082  
521207	[1125]	:	Key	98	UP	at	520241  
522091	[884]	:	Key	97	DOWN	at	522091  
523221	[1130]	:	Key	97	UP	at	522179  
524140	[919]	:	Key	97	DOWN	at	524139  
525264	[1124]	:	Key	97	UP	at	524208  
526090	[826]	:	Key	97	DOWN	at	526090  
527209	[1119]	:	Key	97	UP	at	526161  
528419	[1210]	:	Key	97	DOWN	at	528418  
529538	[1119]	:	Key	97	UP	at	528499  
530595	[1057]	:	Key	97	DOWN	at	530594  
531703	[1108]	:	Key	97	UP	at	530674  
532697	[994]	:	Key	98	DOWN	at	532697  
534363	[1666]	:	Key	98	UP	at	532794  
555002	[20639]	:	Key	71	DOWN	at	555002  
556044	[1042]	:	Key	71	UP	at	555146  
556978	[934]	:	Key	98	DOWN	at	556978  
558104	[1126]	:	Key	98	UP	at	557114  
559956	[1852]	:	Key	97	DOWN	at	559955  
561081	[1125]	:	Key	97	UP	at	560027  
562396	[1315]	:	Key	97	DOWN	at	562395  
563505	[1109]	:	Key	97	UP	at	562482  
564802	[1297]	:	Key	98	DOWN	at	564802  
565913	[1111]	:	Key	98	UP	at	564946  
566690	[777]	:	Key	97	DOWN	at	566690  
567822	[1132]	:	Key	97	UP	at	566786  
568938	[1116]	:	Key	97	DOWN	at	568938  
570044	[1106]	:	Key	97	UP	at	569026  
571243	[1199]	:	Key	98	DOWN	at	571242  
572351	[1108]	:	Key	98	UP	at	571354  
573138	[787]	:	Key	97	DOWN	at	573138  
574300	[1162]	:	Key	97	UP	at	573218  
577089	[2789]	:	Key	71	DOWN	at	577089  
577431	[342]	:	Key	71	UP	at	577275  
588490	[11059]	:	Key	71	DOWN	at	588490  
588699	[209]	:	Key	71	UP	at	588699  
595546	[6847]	:	Key	97	DOWN	at	595546  
595699	[153]	:	Key	97	UP	at	595699  
620545	[24846]	:	Key	71	DOWN	at	620545  
620731	[186]	:	Key	71	UP	at	620731  
621586	[855]	:	Key	97	DOWN	at	621586  
621706	[120]	:	Key	97	UP	at	621705  
632075	[10369]	:	Key	97	DOWN	at	632075  
632178	[103]	:	Key	97	UP	at	632177  
638739	[6561]	:	Key	97	DOWN	at	638739  
638828	[89]	:	Key	97	UP	at	638827  
649698	[10870]	:	Key	97	DOWN	at	649698  
649782	[84]	:	Key	97	UP	at	649777  
665203	[15421]	:	Key	97	DOWN	at	665202  
665339	[136]	:	Key	97	UP	at	665338  
671242	[5903]	:	Key	97	DOWN	at	671242  
671355	[113]	:	Key	97	UP	at	671355  
683883	[12528]	:	Key	97	DOWN	at	683883  
683970	[87]	:	Key	97	UP	at	683970  
713716	[29746]	:	Key	97	DOWN	at	713715  
713835	[119]	:	Key	97	UP	at	713834  
724523	[10688]	:	Key	97	DOWN	at	724523  
724603	[80]	:	Key	97	UP	at	724571  
737571	[12968]	:	Key	97	DOWN	at	737570  
737731	[160]	:	Key	97	UP	at	737730  
745395	[7664]	:	Key	97	DOWN	at	745394  
745587	[192]	:	Key	97	UP	at	745587  
760330	[14743]	:	Key	97	DOWN	at	760330  
760490	[160]	:	Key	97	UP	at	760490  
766858	[6368]	:	Key	97	DOWN	at	766858  
767027	[169]	:	Key	97	UP	at	767026  
774868	[7841]	:	Key	97	DOWN	at	774867  
775003	[135]	:	Key	97	UP	at	775002  
786531	[11528]	:	Key	97	DOWN	at	786530  
786614	[83]	:	Key	97	UP	at	786602  
790570	[3956]	:	Key	97	DOWN	at	790570  
790715	[145]	:	Key	97	UP	at	790715  
809996	[19281]	:	Key	97	DOWN	at	809995  
810155	[159]	:	Key	97	UP	at	810154  
817267	[7112]	:	Key	97	DOWN	at	817267  
817377	[110]	:	Key	97	UP	at	817377  
819442	[2065]	:	Key	97	DOWN	at	819442  
820443	[1001]	:	Key	97	UP	at	819563  
831572	[11129]	:	Key	71	DOWN	at	831572  
831875	[303]	:	Key	71	UP	at	831738  
834396	[2521]	:	Key	71	DOWN	at	834395  
913579	[79183]	:	Key	71	DOWN	at	913579  
913788	[209]	:	Key	71	UP	at	913787  
915131	[1343]	:	Key	71	DOWN	at	915130  
1490611	[575480]	:	Key	97	DOWN	at	1490611 
1491611	[1000]	:	Key	97	UP	at	1490780 
1493788	[2177]	:	Key	71	DOWN	at	1493787 
2051156	[557368]	:	Key	97	DOWN	at	2051156 
2052156	[1000]	:	Key	97	UP	at	2051333 
2058837	[6681]	:	Key	71	DOWN	at	2058835 
2610437	[551600]	:	Key	97	DOWN	at	2610436 
2611437	[1000]	:	Key	97	UP	at	2610500 
2614092	[2655]	:	Key	71	DOWN	at	2614092 
3164900	[550808]	:	Key	97	DOWN	at	3164900 
3165901	[1001]	:	Key	97	UP	at	3165045 
3167341	[1440]	:	Key	71	DOWN	at	3167341 
4221638	[1054297]	:	Key	71	DOWN	at	4221638 
4221669	[31]	:	COGENT STOP
