Cog2000 log file Tue Dec 15 23:52:53 2020
gprim v1.33 Compiled:Aug 12 2015 (GLib DirectDraw v7 DX12.0 Compiled:Aug 12 2015)
Display:1024x768x32 60.02Hz
Attaching C:\Sahar Rajabi\Final MBMF+Drug Task\Cogent2000v1.33\Toolbox\CogInput.mexw64
CogInput v1.05 Compiled: May 20 2010
6	[6]	:	COGENT START
71457	[71451]	:	Key	97	DOWN	at	71456   
71561	[104]	:	Key	97	UP	at	71560   
96386	[24825]	:	Key	97	DOWN	at	96385   
96498	[112]	:	Key	97	UP	at	96498   
130175	[33677]	:	Key	97	DOWN	at	130175  
131175	[1000]	:	Key	97	UP	at	130249  
146057	[14882]	:	Key	71	DOWN	at	146057  
146258	[201]	:	Key	71	UP	at	146234  
150665	[4407]	:	Key	71	DOWN	at	150665  
154082	[3417]	:	Key	71	UP	at	150825  
157618	[3536]	:	Key	71	DOWN	at	157618  
160933	[3315]	:	Key	71	UP	at	157809  
163289	[2356]	:	Key	71	DOWN	at	163289  
166600	[3311]	:	Key	71	UP	at	163473  
169162	[2562]	:	Key	71	DOWN	at	169162  
172468	[3306]	:	Key	71	UP	at	169338  
174578	[2110]	:	Key	71	DOWN	at	174578  
177887	[3309]	:	Key	71	UP	at	174777  
180089	[2202]	:	Key	71	DOWN	at	180089  
183395	[3306]	:	Key	71	UP	at	180289  
184962	[1567]	:	Key	71	DOWN	at	184961  
188271	[3309]	:	Key	71	UP	at	185170  
189219	[948]	:	Key	71	DOWN	at	189218  
192524	[3305]	:	Key	71	UP	at	189409  
193658	[1134]	:	Key	71	DOWN	at	193657  
196967	[3309]	:	Key	71	UP	at	193842  
198161	[1194]	:	Key	71	DOWN	at	198161  
201472	[3311]	:	Key	71	UP	at	198353  
202642	[1170]	:	Key	71	DOWN	at	202641  
205927	[3285]	:	Key	71	UP	at	202833  
207418	[1491]	:	Key	71	DOWN	at	207417  
210728	[3310]	:	Key	71	UP	at	207593  
213193	[2465]	:	Key	71	DOWN	at	213193  
216501	[3308]	:	Key	71	UP	at	213370  
217354	[853]	:	Key	71	DOWN	at	217354  
220659	[3305]	:	Key	71	UP	at	217553  
221498	[839]	:	Key	71	DOWN	at	221498  
224803	[3305]	:	Key	71	UP	at	221705  
225587	[784]	:	Key	71	DOWN	at	225586  
228895	[3308]	:	Key	71	UP	at	225769  
229578	[683]	:	Key	71	DOWN	at	229577  
232888	[3310]	:	Key	71	UP	at	229777  
233323	[435]	:	Key	71	DOWN	at	233322  
236621	[3298]	:	Key	71	UP	at	233514  
237346	[725]	:	Key	71	DOWN	at	237346  
240652	[3306]	:	Key	71	UP	at	237529  
241113	[461]	:	Key	71	DOWN	at	241112  
244422	[3309]	:	Key	71	UP	at	241297  
244423	[1]	:	Key	71	DOWN	at	244050  
244424	[1]	:	Key	71	UP	at	244250  
246977	[2553]	:	Key	71	DOWN	at	246977  
250283	[3306]	:	Key	71	UP	at	247145  
252153	[1870]	:	Key	71	DOWN	at	252153  
255460	[3307]	:	Key	71	UP	at	252329  
256305	[845]	:	Key	71	DOWN	at	256305  
259615	[3310]	:	Key	71	UP	at	256490  
260290	[675]	:	Key	71	DOWN	at	260288  
263595	[3305]	:	Key	71	UP	at	260464  
264154	[559]	:	Key	71	DOWN	at	264154  
267466	[3312]	:	Key	71	UP	at	264313  
267801	[335]	:	Key	71	DOWN	at	267801  
271111	[3310]	:	Key	71	UP	at	267961  
271755	[644]	:	Key	71	DOWN	at	271754  
275060	[3305]	:	Key	71	UP	at	271913  
275777	[717]	:	Key	71	DOWN	at	275777  
279083	[3306]	:	Key	71	UP	at	275954  
280026	[943]	:	Key	71	DOWN	at	280025  
283330	[3304]	:	Key	71	UP	at	280234  
283538	[208]	:	Key	71	DOWN	at	283537  
286846	[3308]	:	Key	71	UP	at	283689  
287337	[491]	:	Key	71	DOWN	at	287337  
290647	[3310]	:	Key	71	UP	at	287498  
291018	[371]	:	Key	71	DOWN	at	291017  
294324	[3306]	:	Key	71	UP	at	291218  
294755	[431]	:	Key	71	DOWN	at	294754  
298060	[3305]	:	Key	71	UP	at	294929  
298498	[438]	:	Key	71	DOWN	at	298497  
301807	[3309]	:	Key	71	UP	at	298665  
302035	[228]	:	Key	71	DOWN	at	302034  
305344	[3309]	:	Key	71	UP	at	302225  
305626	[282]	:	Key	71	DOWN	at	305625  
308932	[3306]	:	Key	71	UP	at	305801  
309330	[398]	:	Key	71	DOWN	at	309329  
312639	[3309]	:	Key	71	UP	at	309490  
312993	[354]	:	Key	71	DOWN	at	312993  
316299	[3306]	:	Key	71	UP	at	313178  
316674	[375]	:	Key	71	DOWN	at	316673  
319980	[3306]	:	Key	71	UP	at	316842  
320570	[590]	:	Key	71	DOWN	at	320569  
323876	[3306]	:	Key	71	UP	at	320746  
324577	[701]	:	Key	71	DOWN	at	324577  
327881	[3304]	:	Key	71	UP	at	324762  
328474	[593]	:	Key	71	DOWN	at	328474  
331781	[3307]	:	Key	71	UP	at	328650  
332177	[396]	:	Key	71	DOWN	at	332177  
335484	[3307]	:	Key	71	UP	at	332353  
335882	[398]	:	Key	71	DOWN	at	335881  
339191	[3309]	:	Key	71	UP	at	336041  
339611	[420]	:	Key	71	DOWN	at	339610  
342919	[3308]	:	Key	71	UP	at	339786  
343338	[419]	:	Key	71	DOWN	at	343338  
346641	[3303]	:	Key	71	UP	at	343490  
347017	[376]	:	Key	71	DOWN	at	347017  
350326	[3309]	:	Key	71	UP	at	347170  
350706	[380]	:	Key	71	DOWN	at	350706  
354661	[3955]	:	Key	71	UP	at	350874  
354661	[0]	:	Key	71	DOWN	at	354442  
354662	[1]	:	Key	71	UP	at	354634  
411554	[56892]	:	Key	71	DOWN	at	411553  
412603	[1049]	:	Key	71	UP	at	411690  
416601	[3998]	:	Key	97	DOWN	at	416601  
417726	[1125]	:	Key	97	UP	at	416746  
420010	[2284]	:	Key	98	DOWN	at	420010  
421116	[1106]	:	Key	98	UP	at	420154  
422586	[1470]	:	Key	97	DOWN	at	422586  
423692	[1106]	:	Key	97	UP	at	422689  
426227	[2535]	:	Key	97	DOWN	at	426226  
427357	[1130]	:	Key	97	UP	at	426321  
429538	[2181]	:	Key	97	DOWN	at	429538  
430660	[1122]	:	Key	97	UP	at	429618  
432034	[1374]	:	Key	97	DOWN	at	432033  
433145	[1111]	:	Key	97	UP	at	432099  
434641	[1496]	:	Key	98	DOWN	at	434641  
435755	[1114]	:	Key	98	UP	at	434738  
438218	[2463]	:	Key	97	DOWN	at	438218  
439915	[1697]	:	Key	97	UP	at	438290  
458826	[18911]	:	Key	71	DOWN	at	458826  
459876	[1050]	:	Key	71	UP	at	458946  
462898	[3022]	:	Key	97	DOWN	at	462898  
464020	[1122]	:	Key	97	UP	at	462985  
467435	[3415]	:	Key	97	DOWN	at	467434  
468544	[1109]	:	Key	97	UP	at	467521  
469594	[1050]	:	Key	98	DOWN	at	469594  
470715	[1121]	:	Key	98	UP	at	469722  
473329	[2614]	:	Key	98	DOWN	at	473329  
474457	[1128]	:	Key	98	UP	at	473450  
475859	[1402]	:	Key	97	DOWN	at	475858  
476971	[1112]	:	Key	97	UP	at	475961  
478105	[1134]	:	Key	97	DOWN	at	478105  
479231	[1126]	:	Key	97	UP	at	478177  
480209	[978]	:	Key	97	DOWN	at	480209  
481322	[1113]	:	Key	97	UP	at	480265  
483259	[1937]	:	Key	97	DOWN	at	483258  
484439	[1180]	:	Key	97	UP	at	483329  
498842	[14403]	:	Key	71	DOWN	at	498842  
499188	[346]	:	Key	71	UP	at	498986  
502490	[3302]	:	Key	71	DOWN	at	502490  
502626	[136]	:	Key	71	UP	at	502626  
503162	[536]	:	Key	71	DOWN	at	503162  
506471	[3309]	:	Key	71	UP	at	503283  
506473	[2]	:	Key	71	DOWN	at	504019  
506474	[1]	:	Key	71	UP	at	504114  
506890	[416]	:	Key	71	DOWN	at	506889  
510199	[3309]	:	Key	71	UP	at	506994  
511003	[804]	:	Key	71	DOWN	at	511002  
514312	[3309]	:	Key	71	UP	at	511114  
514705	[393]	:	Key	71	DOWN	at	514705  
518013	[3308]	:	Key	71	UP	at	514818  
518433	[420]	:	Key	71	DOWN	at	518433  
521741	[3308]	:	Key	71	UP	at	518563  
522121	[380]	:	Key	71	DOWN	at	522121  
525432	[3311]	:	Key	71	UP	at	522265  
525747	[315]	:	Key	71	DOWN	at	525746  
529056	[3309]	:	Key	71	UP	at	525873  
529114	[58]	:	Key	71	DOWN	at	529113  
532421	[3307]	:	Key	71	UP	at	529235  
532747	[326]	:	Key	71	DOWN	at	532746  
536057	[3310]	:	Key	71	UP	at	532874  
536402	[345]	:	Key	71	DOWN	at	536402  
539713	[3311]	:	Key	71	UP	at	536529  
540154	[441]	:	Key	71	DOWN	at	540154  
543464	[3310]	:	Key	71	UP	at	540266  
543787	[323]	:	Key	71	DOWN	at	543786  
547093	[3306]	:	Key	71	UP	at	543921  
547243	[150]	:	Key	71	DOWN	at	547242  
550551	[3308]	:	Key	71	UP	at	547369  
550867	[316]	:	Key	71	DOWN	at	550866  
554174	[3307]	:	Key	71	UP	at	550985  
554524	[350]	:	Key	71	DOWN	at	554523  
557831	[3307]	:	Key	71	UP	at	554618  
558129	[298]	:	Key	71	DOWN	at	558129  
562044	[3915]	:	Key	71	UP	at	558258  
562044	[0]	:	Key	71	DOWN	at	561953  
562075	[31]	:	Key	71	UP	at	562075  
566977	[4902]	:	Key	71	DOWN	at	566977  
568026	[1049]	:	Key	71	UP	at	567098  
569131	[1105]	:	Key	97	DOWN	at	569130  
570231	[1100]	:	Key	97	UP	at	569210  
571635	[1404]	:	Key	98	DOWN	at	571635  
572763	[1128]	:	Key	98	UP	at	571714  
573419	[656]	:	Key	97	DOWN	at	573419  
574544	[1125]	:	Key	97	UP	at	573498  
575361	[817]	:	Key	97	DOWN	at	575361  
576486	[1125]	:	Key	97	UP	at	575442  
577394	[908]	:	Key	98	DOWN	at	577394  
578519	[1125]	:	Key	98	UP	at	577458  
579522	[1003]	:	Key	97	DOWN	at	579521  
580633	[1111]	:	Key	97	UP	at	579602  
581467	[834]	:	Key	97	DOWN	at	581466  
582586	[1119]	:	Key	97	UP	at	581538  
583193	[607]	:	Key	97	DOWN	at	583193  
584874	[1681]	:	Key	97	UP	at	583266  
591113	[6239]	:	Key	71	DOWN	at	591113  
592157	[1044]	:	Key	71	UP	at	591258  
592979	[822]	:	Key	98	DOWN	at	592979  
594098	[1119]	:	Key	98	UP	at	593026  
595490	[1392]	:	Key	98	DOWN	at	595490  
596616	[1126]	:	Key	98	UP	at	595617  
597443	[827]	:	Key	97	DOWN	at	597442  
598561	[1118]	:	Key	97	UP	at	597521  
599794	[1233]	:	Key	98	DOWN	at	599794  
600910	[1116]	:	Key	98	UP	at	599858  
601673	[763]	:	Key	98	DOWN	at	601673  
602791	[1118]	:	Key	98	UP	at	601762  
603427	[636]	:	Key	97	DOWN	at	603426  
604534	[1107]	:	Key	97	UP	at	603498  
605259	[725]	:	Key	98	DOWN	at	605258  
606364	[1105]	:	Key	98	UP	at	605346  
607450	[1086]	:	Key	98	DOWN	at	607450  
608609	[1159]	:	Key	98	UP	at	607537  
612793	[4184]	:	Key	71	DOWN	at	612793  
613120	[327]	:	Key	71	UP	at	612930  
643722	[30602]	:	Key	97	DOWN	at	643721  
643866	[144]	:	Key	97	UP	at	643866  
658124	[14258]	:	Key	97	DOWN	at	658122  
658258	[134]	:	Key	97	UP	at	658258  
688746	[30488]	:	Key	97	DOWN	at	688746  
688868	[122]	:	Key	97	UP	at	688867  
703899	[15031]	:	Key	97	DOWN	at	703899  
704026	[127]	:	Key	97	UP	at	704025  
722402	[18376]	:	Key	97	DOWN	at	722402  
722538	[136]	:	Key	97	UP	at	722538  
755066	[32528]	:	Key	97	DOWN	at	755066  
755170	[104]	:	Key	97	UP	at	755170  
763779	[8609]	:	Key	97	DOWN	at	763778  
763923	[144]	:	Key	97	UP	at	763922  
777162	[13239]	:	Key	97	DOWN	at	777162  
777266	[104]	:	Key	97	UP	at	777265  
786307	[9041]	:	Key	97	DOWN	at	786306  
786394	[87]	:	Key	97	UP	at	786394  
796732	[10338]	:	Key	97	DOWN	at	796731  
796834	[102]	:	Key	97	UP	at	796833  
810180	[13346]	:	Key	97	DOWN	at	810178  
810314	[134]	:	Key	97	UP	at	810314  
822954	[12640]	:	Key	97	DOWN	at	822954  
823075	[121]	:	Key	97	UP	at	823075  
837611	[14536]	:	Key	97	DOWN	at	837611  
837730	[119]	:	Key	97	UP	at	837730  
846106	[8376]	:	Key	97	DOWN	at	846106  
846218	[112]	:	Key	97	UP	at	846218  
866034	[19816]	:	Key	97	DOWN	at	866034  
866130	[96]	:	Key	97	UP	at	866129  
892234	[26104]	:	Key	97	DOWN	at	892234  
892363	[129]	:	Key	97	UP	at	892362  
902793	[10430]	:	Key	97	DOWN	at	902793  
902882	[89]	:	Key	97	UP	at	902882  
916027	[13145]	:	Key	97	DOWN	at	916026  
916155	[128]	:	Key	97	UP	at	916155  
925443	[9288]	:	Key	97	DOWN	at	925443  
925547	[104]	:	Key	97	UP	at	925546  
990170	[64623]	:	Key	97	DOWN	at	990170  
991170	[1000]	:	Key	97	UP	at	990298  
997418	[6248]	:	Key	71	DOWN	at	997418  
997712	[294]	:	Key	71	UP	at	997553  
999233	[1521]	:	Key	71	DOWN	at	999233  
1150042	[150809]	:	Key	71	DOWN	at	1150042 
1150196	[154]	:	Key	71	UP	at	1150195 
1152203	[2007]	:	Key	71	DOWN	at	1152203 
1671915	[519712]	:	Key	71	DOWN	at	1671915 
1672036	[121]	:	Key	71	UP	at	1672035 
1724141	[52105]	:	Key	97	DOWN	at	1724140 
1725140	[999]	:	Key	97	UP	at	1724226 
1727668	[2528]	:	Key	71	DOWN	at	1727667 
2299435	[571767]	:	Key	97	DOWN	at	2299435 
2300435	[1000]	:	Key	97	UP	at	2299508 
2302660	[2225]	:	Key	71	DOWN	at	2302659 
2865867	[563207]	:	Key	97	DOWN	at	2865867 
2866867	[1000]	:	Key	97	UP	at	2865980 
2867709	[842]	:	Key	71	DOWN	at	2867708 
3439412	[571703]	:	Key	97	DOWN	at	3439412 
3440413	[1001]	:	Key	97	UP	at	3439541 
3442380	[1967]	:	Key	71	DOWN	at	3442380 
4496630	[1054250]	:	Key	71	DOWN	at	4496630 
4496656	[26]	:	COGENT STOP
