Cog2000 log file Wed Dec 30 10:16:06 2020
gprim v1.33 Compiled:Aug 12 2015 (GLib DirectDraw v7 DX10.0 Compiled:Aug 12 2015)
Display:1024x768x32 60.02Hz
Attaching E:\Sahar Rajabi\Final MBMF+Drug Task\Cogent2000v1.33\Toolbox\CogInput.mexw64
CogInput v1.05 Compiled: May 20 2010
4	[4]	:	COGENT START
41145	[41141]	:	Key	97	DOWN	at	41144   
41234	[89]	:	Key	97	UP	at	41224   
48199	[6965]	:	Key	97	DOWN	at	48199   
48342	[143]	:	Key	97	UP	at	48342   
56936	[8594]	:	Key	97	DOWN	at	56936   
57936	[1000]	:	Key	97	UP	at	57017   
63463	[5527]	:	Key	71	DOWN	at	63463   
63591	[128]	:	Key	71	UP	at	63591   
68898	[5307]	:	Key	71	DOWN	at	68898   
72203	[3305]	:	Key	71	UP	at	68918   
77559	[5356]	:	Key	71	DOWN	at	77559   
80828	[3269]	:	Key	71	UP	at	77711   
87734	[6906]	:	Key	71	DOWN	at	87734   
91022	[3288]	:	Key	71	UP	at	87878   
97144	[6122]	:	Key	71	DOWN	at	97144   
100440	[3296]	:	Key	71	UP	at	97304   
105415	[4975]	:	Key	71	DOWN	at	105415  
108715	[3300]	:	Key	71	UP	at	105544  
113738	[5023]	:	Key	71	DOWN	at	113738  
117038	[3300]	:	Key	71	UP	at	113758  
119136	[2098]	:	Key	71	DOWN	at	119136  
122425	[3289]	:	Key	71	UP	at	119288  
124832	[2407]	:	Key	71	DOWN	at	124832  
128132	[3300]	:	Key	71	UP	at	124993  
132663	[4531]	:	Key	71	DOWN	at	132663  
135953	[3290]	:	Key	71	UP	at	132832  
142544	[6591]	:	Key	71	DOWN	at	142544  
145841	[3297]	:	Key	71	UP	at	142697  
147640	[1799]	:	Key	71	DOWN	at	147640  
150928	[3288]	:	Key	71	UP	at	147791  
155639	[4711]	:	Key	71	DOWN	at	155639  
158939	[3300]	:	Key	71	UP	at	155744  
159488	[549]	:	Key	71	DOWN	at	159488  
162787	[3299]	:	Key	71	UP	at	159649  
164744	[1957]	:	Key	71	DOWN	at	164744  
168043	[3299]	:	Key	71	UP	at	164912  
170519	[2476]	:	Key	71	DOWN	at	170519  
173808	[3289]	:	Key	71	UP	at	170640  
175327	[1519]	:	Key	71	DOWN	at	175327  
178615	[3288]	:	Key	71	UP	at	175448  
179240	[625]	:	Key	71	DOWN	at	179240  
182528	[3288]	:	Key	71	UP	at	179369  
183623	[1095]	:	Key	71	DOWN	at	183623  
186921	[3298]	:	Key	71	UP	at	183767  
187599	[678]	:	Key	71	DOWN	at	187599  
190901	[3302]	:	Key	71	UP	at	187744  
192807	[1906]	:	Key	71	DOWN	at	192807  
196096	[3289]	:	Key	71	UP	at	192944  
197528	[1432]	:	Key	71	DOWN	at	197528  
200816	[3288]	:	Key	71	UP	at	197641  
201488	[672]	:	Key	71	DOWN	at	201488  
204776	[3288]	:	Key	71	UP	at	201640  
205575	[799]	:	Key	71	DOWN	at	205575  
208869	[3294]	:	Key	71	UP	at	205720  
209503	[634]	:	Key	71	DOWN	at	209503  
212791	[3288]	:	Key	71	UP	at	209664  
213320	[529]	:	Key	71	DOWN	at	213320  
216607	[3287]	:	Key	71	UP	at	213465  
217024	[417]	:	Key	71	DOWN	at	217024  
220316	[3292]	:	Key	71	UP	at	217153  
220863	[547]	:	Key	71	DOWN	at	220863  
224162	[3299]	:	Key	71	UP	at	221008  
224823	[661]	:	Key	71	DOWN	at	224823  
228112	[3289]	:	Key	71	UP	at	224991  
228624	[512]	:	Key	71	DOWN	at	228624  
231915	[3291]	:	Key	71	UP	at	228793  
232400	[485]	:	Key	71	DOWN	at	232400  
235692	[3292]	:	Key	71	UP	at	232537  
236192	[500]	:	Key	71	DOWN	at	236192  
239482	[3290]	:	Key	71	UP	at	236344  
247184	[7702]	:	Key	71	DOWN	at	247184  
250480	[3296]	:	Key	71	UP	at	247369  
251384	[904]	:	Key	71	DOWN	at	251384  
254674	[3290]	:	Key	71	UP	at	251481  
255544	[870]	:	Key	71	DOWN	at	255544  
258832	[3288]	:	Key	71	UP	at	255680  
259319	[487]	:	Key	71	DOWN	at	259319  
262604	[3285]	:	Key	71	UP	at	259512  
264672	[2068]	:	Key	71	DOWN	at	264672  
267970	[3298]	:	Key	71	UP	at	264841  
268864	[894]	:	Key	71	DOWN	at	268864  
272152	[3288]	:	Key	71	UP	at	269033  
272783	[631]	:	Key	71	DOWN	at	272783  
276083	[3300]	:	Key	71	UP	at	272969  
276479	[396]	:	Key	71	DOWN	at	276479  
279776	[3297]	:	Key	71	UP	at	276696  
280215	[439]	:	Key	71	DOWN	at	280215  
283506	[3291]	:	Key	71	UP	at	280384  
283728	[222]	:	Key	71	DOWN	at	283728  
287027	[3299]	:	Key	71	UP	at	283905  
287416	[389]	:	Key	71	DOWN	at	287416  
290709	[3293]	:	Key	71	UP	at	287601  
291144	[435]	:	Key	71	DOWN	at	291144  
294435	[3291]	:	Key	71	UP	at	291264  
294903	[468]	:	Key	71	DOWN	at	294903  
298203	[3300]	:	Key	71	UP	at	295016  
298656	[453]	:	Key	71	DOWN	at	298656  
301947	[3291]	:	Key	71	UP	at	298785  
302336	[389]	:	Key	71	DOWN	at	302336  
305625	[3289]	:	Key	71	UP	at	302433  
306080	[455]	:	Key	71	DOWN	at	306080  
309367	[3287]	:	Key	71	UP	at	306201  
309720	[353]	:	Key	71	DOWN	at	309720  
313683	[3963]	:	Key	71	UP	at	309856  
317208	[3525]	:	Key	71	DOWN	at	317208  
318253	[1045]	:	Key	71	UP	at	317337  
325191	[6938]	:	Key	97	DOWN	at	325191  
326323	[1132]	:	Key	97	UP	at	325311  
327984	[1661]	:	Key	97	DOWN	at	327984  
329121	[1137]	:	Key	97	UP	at	328071  
330160	[1039]	:	Key	97	DOWN	at	330160  
331301	[1141]	:	Key	97	UP	at	330215  
332279	[978]	:	Key	98	DOWN	at	332279  
333406	[1127]	:	Key	98	UP	at	332343  
334680	[1274]	:	Key	97	DOWN	at	334680  
335811	[1131]	:	Key	97	UP	at	334759  
337392	[1581]	:	Key	97	DOWN	at	337392  
338506	[1114]	:	Key	97	UP	at	337480  
339536	[1030]	:	Key	97	DOWN	at	339536  
340662	[1126]	:	Key	97	UP	at	339623  
341775	[1113]	:	Key	98	DOWN	at	341775  
343524	[1749]	:	Key	98	UP	at	341839  
369720	[26196]	:	Key	71	DOWN	at	369720  
370762	[1042]	:	Key	71	UP	at	369841  
372552	[1790]	:	Key	97	DOWN	at	372552  
373677	[1125]	:	Key	97	UP	at	372623  
374544	[867]	:	Key	97	DOWN	at	374544  
375682	[1138]	:	Key	97	UP	at	374640  
376184	[502]	:	Key	98	DOWN	at	376184  
377311	[1127]	:	Key	98	UP	at	376263  
377960	[649]	:	Key	97	DOWN	at	377960  
379095	[1135]	:	Key	97	UP	at	378079  
380032	[937]	:	Key	98	DOWN	at	380032  
381169	[1137]	:	Key	98	UP	at	380103  
381975	[806]	:	Key	98	DOWN	at	381975  
383107	[1132]	:	Key	98	UP	at	382023  
384218	[1111]	:	Key	97	DOWN	at	384218  
385363	[1145]	:	Key	97	UP	at	384239  
386281	[918]	:	Key	97	DOWN	at	386281  
387507	[1226]	:	Key	97	UP	at	386344  
395536	[8029]	:	Key	71	DOWN	at	395536  
395856	[320]	:	Key	71	UP	at	395697  
397440	[1584]	:	Key	71	DOWN	at	397440  
397591	[151]	:	Key	71	UP	at	397591  
398922	[1331]	:	Key	71	DOWN	at	398922  
402227	[3305]	:	Key	71	UP	at	398942  
402228	[1]	:	Key	71	DOWN	at	398962  
402229	[1]	:	Key	71	UP	at	399074  
402344	[115]	:	Key	71	DOWN	at	402344  
405643	[3299]	:	Key	71	UP	at	402504  
405928	[285]	:	Key	71	DOWN	at	405928  
409226	[3298]	:	Key	71	UP	at	406081  
409664	[438]	:	Key	71	DOWN	at	409664  
412952	[3288]	:	Key	71	UP	at	409769  
413248	[296]	:	Key	71	DOWN	at	413248  
416547	[3299]	:	Key	71	UP	at	413417  
416895	[348]	:	Key	71	DOWN	at	416895  
420189	[3294]	:	Key	71	UP	at	417040  
420952	[763]	:	Key	71	DOWN	at	420952  
424244	[3292]	:	Key	71	UP	at	421135  
424776	[532]	:	Key	71	DOWN	at	424776  
428075	[3299]	:	Key	71	UP	at	424985  
428096	[21]	:	Key	71	DOWN	at	428088  
428280	[184]	:	Key	71	UP	at	428280  
430472	[2192]	:	Key	71	DOWN	at	430472  
433775	[3303]	:	Key	71	UP	at	430664  
434063	[288]	:	Key	71	DOWN	at	434063  
437362	[3299]	:	Key	71	UP	at	434232  
438064	[702]	:	Key	71	DOWN	at	438064  
441364	[3300]	:	Key	71	UP	at	438264  
441568	[204]	:	Key	71	DOWN	at	441568  
444858	[3290]	:	Key	71	UP	at	441793  
445384	[526]	:	Key	71	DOWN	at	445384  
448678	[3294]	:	Key	71	UP	at	445569  
448679	[1]	:	Key	71	DOWN	at	448440  
448681	[2]	:	Key	71	UP	at	448569  
450127	[1446]	:	Key	71	DOWN	at	450127  
453416	[3289]	:	Key	71	UP	at	450312  
453751	[335]	:	Key	71	DOWN	at	453751  
457050	[3299]	:	Key	71	UP	at	453880  
457520	[470]	:	Key	71	DOWN	at	457520  
461426	[3906]	:	Key	71	UP	at	457681  
461426	[0]	:	Key	71	DOWN	at	461376  
461552	[126]	:	Key	71	UP	at	461552  
468119	[6567]	:	Key	71	DOWN	at	468119  
469138	[1019]	:	Key	71	UP	at	468224  
469975	[837]	:	Key	97	DOWN	at	469975  
471093	[1118]	:	Key	97	UP	at	470039  
471759	[666]	:	Key	98	DOWN	at	471759  
472893	[1134]	:	Key	98	UP	at	471815  
474003	[1110]	:	Key	97	DOWN	at	474003  
475122	[1119]	:	Key	97	UP	at	474023  
475904	[782]	:	Key	97	DOWN	at	475904  
477025	[1121]	:	Key	97	UP	at	475991  
478271	[1246]	:	Key	98	DOWN	at	478271  
479443	[1172]	:	Key	98	UP	at	478351  
480991	[1548]	:	Key	97	DOWN	at	480991  
482107	[1116]	:	Key	97	UP	at	481063  
483262	[1155]	:	Key	97	DOWN	at	483262  
484394	[1132]	:	Key	97	UP	at	483358  
485870	[1476]	:	Key	98	DOWN	at	485870  
487557	[1687]	:	Key	98	UP	at	485958  
488646	[1089]	:	Key	71	DOWN	at	488646  
489682	[1036]	:	Key	71	UP	at	488830  
490655	[973]	:	Key	97	DOWN	at	490655  
491781	[1126]	:	Key	97	UP	at	490751  
493783	[2002]	:	Key	97	DOWN	at	493783  
494908	[1125]	:	Key	97	UP	at	493871  
496055	[1147]	:	Key	97	DOWN	at	496055  
497183	[1128]	:	Key	97	UP	at	496151  
498263	[1080]	:	Key	98	DOWN	at	498263  
499374	[1111]	:	Key	98	UP	at	498383  
500143	[769]	:	Key	97	DOWN	at	500143  
501268	[1125]	:	Key	97	UP	at	500223  
501958	[690]	:	Key	97	DOWN	at	501958  
503069	[1111]	:	Key	97	UP	at	502047  
504278	[1209]	:	Key	98	DOWN	at	504278  
505396	[1118]	:	Key	98	UP	at	504382  
508415	[3019]	:	Key	97	DOWN	at	508415  
509623	[1208]	:	Key	97	UP	at	508527  
510863	[1240]	:	Key	71	DOWN	at	510863  
511178	[315]	:	Key	71	UP	at	511047  
512015	[837]	:	Key	71	DOWN	at	512015  
512231	[216]	:	Key	71	UP	at	512231  
513063	[832]	:	Key	71	DOWN	at	513063  
516352	[3289]	:	Key	71	UP	at	513279  
516687	[335]	:	Key	71	DOWN	at	516687  
519975	[3288]	:	Key	71	UP	at	516871  
521182	[1207]	:	Key	71	DOWN	at	521182  
524477	[3295]	:	Key	71	UP	at	521318  
524750	[273]	:	Key	71	DOWN	at	524750  
528049	[3299]	:	Key	71	UP	at	524966  
528327	[278]	:	Key	71	DOWN	at	528327  
531626	[3299]	:	Key	71	UP	at	528487  
531943	[317]	:	Key	71	DOWN	at	531943  
535237	[3294]	:	Key	71	UP	at	532111  
535951	[714]	:	Key	71	DOWN	at	535951  
539239	[3288]	:	Key	71	UP	at	536150  
539526	[287]	:	Key	71	DOWN	at	539526  
543424	[3898]	:	Key	71	UP	at	539694  
543424	[0]	:	Key	71	DOWN	at	542967  
543424	[0]	:	Key	71	UP	at	543151  
548767	[5343]	:	Key	71	DOWN	at	548767  
549807	[1040]	:	Key	71	UP	at	548903  
551375	[1568]	:	Key	98	DOWN	at	551375  
552505	[1130]	:	Key	98	UP	at	551423  
553414	[909]	:	Key	97	DOWN	at	553414  
554538	[1124]	:	Key	97	UP	at	553502  
555694	[1156]	:	Key	97	DOWN	at	555694  
556814	[1120]	:	Key	97	UP	at	555782  
557518	[704]	:	Key	97	DOWN	at	557518  
558653	[1135]	:	Key	97	UP	at	557606  
559374	[721]	:	Key	97	DOWN	at	559374  
560510	[1136]	:	Key	97	UP	at	559494  
561407	[897]	:	Key	97	DOWN	at	561407  
562544	[1137]	:	Key	97	UP	at	561511  
563295	[751]	:	Key	97	DOWN	at	563295  
564436	[1141]	:	Key	97	UP	at	563391  
565847	[1411]	:	Key	98	DOWN	at	565847  
567538	[1691]	:	Key	98	UP	at	565919  
569935	[2397]	:	Key	71	DOWN	at	569935  
570977	[1042]	:	Key	71	UP	at	570055  
572278	[1301]	:	Key	98	DOWN	at	572278  
573402	[1124]	:	Key	98	UP	at	572350  
574494	[1092]	:	Key	98	DOWN	at	574494  
575621	[1127]	:	Key	98	UP	at	574582  
576510	[889]	:	Key	97	DOWN	at	576510  
577643	[1133]	:	Key	97	UP	at	576582  
578495	[852]	:	Key	98	DOWN	at	578495  
579622	[1127]	:	Key	98	UP	at	578623  
580711	[1089]	:	Key	97	DOWN	at	580711  
581840	[1129]	:	Key	97	UP	at	580815  
582647	[807]	:	Key	97	DOWN	at	582647  
583768	[1121]	:	Key	97	UP	at	582767  
584679	[911]	:	Key	97	DOWN	at	584679  
585799	[1120]	:	Key	97	UP	at	584767  
586687	[888]	:	Key	98	DOWN	at	586687  
587861	[1174]	:	Key	98	UP	at	586735  
592254	[4393]	:	Key	71	DOWN	at	592254  
592575	[321]	:	Key	71	UP	at	592414  
593598	[1023]	:	Key	71	DOWN	at	593598  
593782	[184]	:	Key	71	UP	at	593782  
596215	[2433]	:	Key	71	DOWN	at	596215  
599503	[3288]	:	Key	71	UP	at	596375  
599695	[192]	:	Key	71	DOWN	at	599695  
602994	[3299]	:	Key	71	UP	at	599871  
603303	[309]	:	Key	71	DOWN	at	603303  
606588	[3285]	:	Key	71	UP	at	603439  
606743	[155]	:	Key	71	DOWN	at	606743  
610038	[3295]	:	Key	71	UP	at	606919  
610040	[2]	:	Key	71	DOWN	at	609046  
610041	[1]	:	Key	71	UP	at	609246  
610382	[341]	:	Key	71	DOWN	at	610382  
613678	[3296]	:	Key	71	UP	at	610590  
614111	[433]	:	Key	71	DOWN	at	614111  
617405	[3294]	:	Key	71	UP	at	614271  
617879	[474]	:	Key	71	DOWN	at	617879  
621166	[3287]	:	Key	71	UP	at	618055  
621168	[2]	:	Key	71	DOWN	at	621111  
621359	[191]	:	Key	71	UP	at	621359  
623167	[1808]	:	Key	71	DOWN	at	623167  
627058	[3891]	:	Key	71	UP	at	623367  
627058	[0]	:	Key	71	DOWN	at	625774  
627058	[0]	:	Key	71	UP	at	625919  
627670	[612]	:	Key	71	DOWN	at	627670  
628720	[1050]	:	Key	71	UP	at	627774  
629814	[1094]	:	Key	97	DOWN	at	629814  
630924	[1110]	:	Key	97	UP	at	629902  
631679	[755]	:	Key	97	DOWN	at	631679  
632805	[1126]	:	Key	97	UP	at	631775  
633623	[818]	:	Key	97	DOWN	at	633623  
634755	[1132]	:	Key	97	UP	at	633711  
635551	[796]	:	Key	97	DOWN	at	635551  
636675	[1124]	:	Key	97	UP	at	635631  
637471	[796]	:	Key	97	DOWN	at	637471  
638596	[1125]	:	Key	97	UP	at	637583  
639423	[827]	:	Key	97	DOWN	at	639423  
640545	[1122]	:	Key	97	UP	at	639527  
641423	[878]	:	Key	98	DOWN	at	641423  
642551	[1128]	:	Key	98	UP	at	641503  
643742	[1191]	:	Key	97	DOWN	at	643742  
645418	[1676]	:	Key	97	UP	at	643814  
647334	[1916]	:	Key	71	DOWN	at	647334  
648384	[1050]	:	Key	71	UP	at	647470  
649367	[983]	:	Key	97	DOWN	at	649367  
650490	[1123]	:	Key	97	UP	at	649447  
651207	[717]	:	Key	97	DOWN	at	651207  
652344	[1137]	:	Key	97	UP	at	651279  
653535	[1191]	:	Key	97	DOWN	at	653535  
654665	[1130]	:	Key	97	UP	at	653623  
655623	[958]	:	Key	98	DOWN	at	655623  
656747	[1124]	:	Key	98	UP	at	655687  
657631	[884]	:	Key	97	DOWN	at	657631  
658735	[1104]	:	Key	97	UP	at	657735  
659958	[1223]	:	Key	98	DOWN	at	659958  
661076	[1118]	:	Key	98	UP	at	660038  
661798	[722]	:	Key	97	DOWN	at	661798  
662885	[1087]	:	Key	97	UP	at	661870  
664342	[1457]	:	Key	97	DOWN	at	664342  
665493	[1151]	:	Key	97	UP	at	664446  
667519	[2026]	:	Key	71	DOWN	at	667519  
667806	[287]	:	Key	71	UP	at	667623  
669559	[1753]	:	Key	71	DOWN	at	669559  
669695	[136]	:	Key	71	UP	at	669695  
672007	[2312]	:	Key	97	DOWN	at	672007  
672102	[95]	:	Key	97	UP	at	672095  
676191	[4089]	:	Key	71	DOWN	at	676191  
676311	[120]	:	Key	71	UP	at	676311  
677903	[1592]	:	Key	97	DOWN	at	677903  
678006	[103]	:	Key	97	UP	at	678006  
680630	[2624]	:	Key	97	DOWN	at	680630  
680758	[128]	:	Key	97	UP	at	680758  
686247	[5489]	:	Key	97	DOWN	at	686247  
686399	[152]	:	Key	97	UP	at	686399  
690351	[3952]	:	Key	97	DOWN	at	690351  
690471	[120]	:	Key	97	UP	at	690471  
703367	[12896]	:	Key	97	DOWN	at	703367  
703527	[160]	:	Key	97	UP	at	703527  
709359	[5832]	:	Key	97	DOWN	at	709359  
709487	[128]	:	Key	97	UP	at	709487  
729943	[20456]	:	Key	97	DOWN	at	729943  
730111	[168]	:	Key	97	UP	at	730111  
739799	[9688]	:	Key	97	DOWN	at	739799  
739951	[152]	:	Key	97	UP	at	739951  
751014	[11063]	:	Key	97	DOWN	at	751014  
751158	[144]	:	Key	97	UP	at	751158  
759791	[8633]	:	Key	97	DOWN	at	759791  
759951	[160]	:	Key	97	UP	at	759951  
766759	[6808]	:	Key	97	DOWN	at	766759  
766886	[127]	:	Key	97	UP	at	766886  
780199	[13313]	:	Key	97	DOWN	at	780199  
780391	[192]	:	Key	97	UP	at	780391  
786294	[5903]	:	Key	97	DOWN	at	786294  
786462	[168]	:	Key	97	UP	at	786462  
794951	[8489]	:	Key	97	DOWN	at	794951  
795127	[176]	:	Key	97	UP	at	795127  
796535	[1408]	:	Key	97	DOWN	at	796535  
796711	[176]	:	Key	97	UP	at	796711  
797983	[1272]	:	Key	97	DOWN	at	797983  
798111	[128]	:	Key	97	UP	at	798111  
798591	[480]	:	Key	97	DOWN	at	798591  
798735	[144]	:	Key	97	UP	at	798735  
801311	[2576]	:	Key	98	DOWN	at	801311  
801519	[208]	:	Key	98	UP	at	801519  
803246	[1727]	:	Key	97	DOWN	at	803246  
803406	[160]	:	Key	97	UP	at	803406  
804606	[1200]	:	Key	97	DOWN	at	804606  
804710	[104]	:	Key	97	UP	at	804710  
806567	[1857]	:	Key	97	DOWN	at	806567  
807567	[1000]	:	Key	97	UP	at	806711  
811791	[4224]	:	Key	71	DOWN	at	811791  
812088	[297]	:	Key	71	UP	at	811983  
813735	[1647]	:	Key	71	DOWN	at	813735  
890647	[76912]	:	Key	71	DOWN	at	890647  
890863	[216]	:	Key	71	UP	at	890863  
894167	[3304]	:	Key	71	DOWN	at	894167  
1445383	[551216]	:	Key	97	DOWN	at	1445383 
1446383	[1000]	:	Key	97	UP	at	1445519 
1459151	[12768]	:	Key	71	DOWN	at	1459151 
2018480	[559329]	:	Key	97	DOWN	at	2018480 
2019480	[1000]	:	Key	97	UP	at	2018592 
2023472	[3992]	:	Key	71	DOWN	at	2023472 
2563520	[540048]	:	Key	97	DOWN	at	2563520 
2564520	[1000]	:	Key	97	UP	at	2563680 
2569440	[4920]	:	Key	71	DOWN	at	2569440 
3146392	[576952]	:	Key	97	DOWN	at	3146392 
3147392	[1000]	:	Key	97	UP	at	3146536 
3148297	[905]	:	Key	71	DOWN	at	3148297 
3841825	[693528]	:	Key	71	DOWN	at	3841825 
3841887	[62]	:	COGENT STOP
