Cog2000 log file Mon Jan 04 22:28:59 2021
gprim v1.33 Compiled:Aug 12 2015 (GLib DirectDraw v7 DX12.0 Compiled:Aug 12 2015)
Display:1024x768x32 60.02Hz
Attaching C:\Sahar Rajabi\Final MBMF+Drug Task\Cogent2000v1.33\Toolbox\CogInput.mexw64
CogInput v1.05 Compiled: May 20 2010
2	[2]	:	COGENT START
33835	[33833]	:	Key	97	DOWN	at	33834   
34011	[176]	:	Key	97	UP	at	34009   
34715	[704]	:	Key	97	DOWN	at	34715   
34787	[72]	:	Key	97	UP	at	34738   
34795	[8]	:	Key	95	DOWN	at	34794   
34890	[95]	:	Key	95	UP	at	34890   
35715	[825]	:	Key	98	DOWN	at	35714   
35851	[136]	:	Key	98	UP	at	35851   
37298	[1447]	:	Key	98	DOWN	at	37298   
37372	[74]	:	Key	98	UP	at	37369   
37801	[429]	:	Key	97	DOWN	at	37801   
37874	[73]	:	Key	97	UP	at	37866   
41123	[3249]	:	Key	98	DOWN	at	41122   
41282	[159]	:	Key	98	UP	at	41282   
41963	[681]	:	Key	97	DOWN	at	41962   
42067	[104]	:	Key	97	UP	at	42066   
53106	[11039]	:	Key	97	DOWN	at	53106   
53234	[128]	:	Key	97	UP	at	53234   
82907	[29673]	:	Key	97	DOWN	at	82907   
83908	[1001]	:	Key	97	UP	at	83067   
96939	[13031]	:	Key	71	DOWN	at	96939   
97219	[280]	:	Key	71	UP	at	97218   
102537	[5318]	:	Key	71	DOWN	at	102537  
105906	[3369]	:	Key	71	UP	at	102690  
109795	[3889]	:	Key	71	DOWN	at	109794  
113121	[3326]	:	Key	71	UP	at	109979  
117114	[3993]	:	Key	71	DOWN	at	117114  
120426	[3312]	:	Key	71	UP	at	117322  
122594	[2168]	:	Key	71	DOWN	at	122594  
125905	[3311]	:	Key	71	UP	at	122827  
127788	[1883]	:	Key	71	DOWN	at	127787  
131099	[3311]	:	Key	71	UP	at	127963  
134426	[3327]	:	Key	71	DOWN	at	134426  
137734	[3308]	:	Key	71	UP	at	134586  
142020	[4286]	:	Key	71	DOWN	at	142019  
145329	[3309]	:	Key	71	UP	at	142170  
148970	[3641]	:	Key	71	DOWN	at	148970  
152281	[3311]	:	Key	71	UP	at	149155  
156419	[4138]	:	Key	71	DOWN	at	156418  
159729	[3310]	:	Key	71	UP	at	156610  
160786	[1057]	:	Key	71	DOWN	at	160786  
164097	[3311]	:	Key	71	UP	at	160994  
167570	[3473]	:	Key	71	DOWN	at	167570  
170882	[3312]	:	Key	71	UP	at	167755  
175316	[4434]	:	Key	71	DOWN	at	175315  
178627	[3311]	:	Key	71	UP	at	175450  
179659	[1032]	:	Key	71	DOWN	at	179659  
182964	[3305]	:	Key	71	UP	at	179859  
185684	[2720]	:	Key	71	DOWN	at	185683  
188994	[3310]	:	Key	71	UP	at	185867  
192066	[3072]	:	Key	71	DOWN	at	192065  
195375	[3309]	:	Key	71	UP	at	192234  
195482	[107]	:	Key	71	DOWN	at	195482  
198793	[3311]	:	Key	71	UP	at	195674  
200252	[1459]	:	Key	71	DOWN	at	200250  
203560	[3308]	:	Key	71	UP	at	200450  
205923	[2363]	:	Key	71	DOWN	at	205922  
209236	[3313]	:	Key	71	UP	at	206067  
212539	[3303]	:	Key	71	DOWN	at	212538  
215851	[3312]	:	Key	71	UP	at	212723  
222523	[6672]	:	Key	71	DOWN	at	222522  
225834	[3311]	:	Key	71	UP	at	222715  
229154	[3320]	:	Key	71	DOWN	at	229154  
232465	[3311]	:	Key	71	UP	at	229346  
235370	[2905]	:	Key	71	DOWN	at	235370  
238680	[3310]	:	Key	71	UP	at	235515  
242139	[3459]	:	Key	71	DOWN	at	242139  
245449	[3310]	:	Key	71	UP	at	242315  
250803	[5354]	:	Key	71	DOWN	at	250802  
254115	[3312]	:	Key	71	UP	at	250970  
258540	[4425]	:	Key	71	DOWN	at	258539  
261851	[3311]	:	Key	71	UP	at	258723  
264602	[2751]	:	Key	71	DOWN	at	264602  
267915	[3313]	:	Key	71	UP	at	264794  
271098	[3183]	:	Key	71	DOWN	at	271098  
274410	[3312]	:	Key	71	UP	at	271283  
275147	[737]	:	Key	71	DOWN	at	275146  
278459	[3312]	:	Key	71	UP	at	275332  
279994	[1535]	:	Key	71	DOWN	at	279994  
283303	[3309]	:	Key	71	UP	at	280194  
284067	[764]	:	Key	71	DOWN	at	284067  
287383	[3316]	:	Key	71	UP	at	284299  
297427	[10044]	:	Key	71	DOWN	at	297427  
300736	[3309]	:	Key	71	UP	at	297650  
303266	[2530]	:	Key	71	DOWN	at	303266  
306574	[3308]	:	Key	71	UP	at	303450  
309683	[3109]	:	Key	71	DOWN	at	309682  
312993	[3310]	:	Key	71	UP	at	309875  
318907	[5914]	:	Key	71	DOWN	at	318907  
322217	[3310]	:	Key	71	UP	at	319099  
325203	[2986]	:	Key	71	DOWN	at	325203  
328514	[3311]	:	Key	71	UP	at	325419  
329394	[880]	:	Key	71	DOWN	at	329394  
332707	[3313]	:	Key	71	UP	at	329594  
336411	[3704]	:	Key	71	DOWN	at	336411  
339720	[3309]	:	Key	71	UP	at	336611  
344747	[5027]	:	Key	71	DOWN	at	344747  
348056	[3309]	:	Key	71	UP	at	344922  
352690	[4634]	:	Key	71	DOWN	at	352690  
356000	[3310]	:	Key	71	UP	at	352899  
358003	[2003]	:	Key	71	DOWN	at	358003  
361312	[3309]	:	Key	71	UP	at	358211  
362603	[1291]	:	Key	71	DOWN	at	362603  
365913	[3310]	:	Key	71	UP	at	362787  
367338	[1425]	:	Key	71	DOWN	at	367338  
370648	[3310]	:	Key	71	UP	at	367571  
374004	[3356]	:	Key	71	DOWN	at	374003  
377311	[3307]	:	Key	71	UP	at	374186  
378340	[1029]	:	Key	71	DOWN	at	378339  
381647	[3307]	:	Key	71	UP	at	378531  
383076	[1429]	:	Key	71	DOWN	at	383075  
386384	[3308]	:	Key	71	UP	at	383266  
389682	[3298]	:	Key	71	DOWN	at	389682  
393000	[3318]	:	Key	71	UP	at	389875  
395851	[2851]	:	Key	71	DOWN	at	395851  
399159	[3308]	:	Key	71	UP	at	396043  
402778	[3619]	:	Key	71	DOWN	at	402778  
406709	[3931]	:	Key	71	UP	at	402963  
428757	[22048]	:	Key	71	DOWN	at	428756  
429816	[1059]	:	Key	71	UP	at	428922  
430779	[963]	:	Key	97	DOWN	at	430778  
431895	[1116]	:	Key	97	UP	at	430986  
432658	[763]	:	Key	98	DOWN	at	432658  
433778	[1120]	:	Key	98	UP	at	432842  
434731	[953]	:	Key	97	DOWN	at	434731  
435848	[1117]	:	Key	97	UP	at	434915  
437146	[1298]	:	Key	97	DOWN	at	437146  
438270	[1124]	:	Key	97	UP	at	437202  
439650	[1380]	:	Key	97	DOWN	at	439650  
440761	[1111]	:	Key	97	UP	at	439811  
441562	[801]	:	Key	97	DOWN	at	441562  
442679	[1117]	:	Key	97	UP	at	441724  
443939	[1260]	:	Key	98	DOWN	at	443938  
445048	[1109]	:	Key	98	UP	at	444099  
445940	[892]	:	Key	97	DOWN	at	445939  
447627	[1687]	:	Key	97	UP	at	446091  
456172	[8545]	:	Key	71	DOWN	at	456171  
457219	[1047]	:	Key	71	UP	at	456300  
458283	[1064]	:	Key	97	DOWN	at	458283  
459403	[1120]	:	Key	97	UP	at	458443  
460307	[904]	:	Key	97	DOWN	at	460307  
461435	[1128]	:	Key	97	UP	at	460460  
462411	[976]	:	Key	98	DOWN	at	462411  
463528	[1117]	:	Key	98	UP	at	462595  
464315	[787]	:	Key	97	DOWN	at	464315  
465424	[1109]	:	Key	97	UP	at	464451  
466635	[1211]	:	Key	97	DOWN	at	466635  
467745	[1110]	:	Key	97	UP	at	466779  
468562	[817]	:	Key	97	DOWN	at	468562  
469684	[1122]	:	Key	97	UP	at	468715  
470436	[752]	:	Key	97	DOWN	at	470436  
471544	[1108]	:	Key	97	UP	at	470586  
472315	[771]	:	Key	97	DOWN	at	472315  
473488	[1173]	:	Key	97	UP	at	472474  
483692	[10204]	:	Key	71	DOWN	at	483691  
484016	[324]	:	Key	71	UP	at	483859  
486675	[2659]	:	Key	71	DOWN	at	486675  
486907	[232]	:	Key	71	UP	at	486907  
490291	[3384]	:	Key	71	DOWN	at	490291  
493604	[3313]	:	Key	71	UP	at	490434  
493606	[2]	:	Key	71	DOWN	at	493018  
493607	[1]	:	Key	71	UP	at	493186  
495827	[2220]	:	Key	71	DOWN	at	495827  
499135	[3308]	:	Key	71	UP	at	495987  
499137	[2]	:	Key	71	DOWN	at	498810  
499138	[1]	:	Key	71	UP	at	499035  
500651	[1513]	:	Key	71	DOWN	at	500651  
503965	[3314]	:	Key	71	UP	at	500812  
503967	[2]	:	Key	71	DOWN	at	503307  
503968	[1]	:	Key	71	UP	at	503555  
505251	[1283]	:	Key	71	DOWN	at	505250  
508564	[3313]	:	Key	71	UP	at	505483  
509858	[1294]	:	Key	71	DOWN	at	509858  
513168	[3310]	:	Key	71	UP	at	510034  
514148	[980]	:	Key	71	DOWN	at	514147  
517462	[3314]	:	Key	71	UP	at	514337  
518428	[966]	:	Key	71	DOWN	at	518428  
521740	[3312]	:	Key	71	UP	at	518619  
523578	[1838]	:	Key	71	DOWN	at	523578  
526888	[3310]	:	Key	71	UP	at	523740  
528771	[1883]	:	Key	71	DOWN	at	528771  
532083	[3312]	:	Key	71	UP	at	528979  
532763	[680]	:	Key	71	DOWN	at	532763  
536071	[3308]	:	Key	71	UP	at	532994  
537979	[1908]	:	Key	71	DOWN	at	537978  
541292	[3313]	:	Key	71	UP	at	538179  
543482	[2190]	:	Key	71	DOWN	at	543482  
546794	[3312]	:	Key	71	UP	at	543659  
547684	[890]	:	Key	71	DOWN	at	547683  
551000	[3316]	:	Key	71	UP	at	547923  
552738	[1738]	:	Key	71	DOWN	at	552738  
556049	[3311]	:	Key	71	UP	at	552996  
558307	[2258]	:	Key	71	DOWN	at	558306  
561618	[3311]	:	Key	71	UP	at	558506  
566970	[5352]	:	Key	71	DOWN	at	566970  
570872	[3902]	:	Key	71	UP	at	567235  
577116	[6244]	:	Key	71	DOWN	at	577115  
578164	[1048]	:	Key	71	UP	at	577371  
579227	[1063]	:	Key	97	DOWN	at	579227  
580337	[1110]	:	Key	97	UP	at	579426  
581275	[938]	:	Key	98	DOWN	at	581275  
582396	[1121]	:	Key	98	UP	at	581419  
583914	[1518]	:	Key	97	DOWN	at	583914  
585028	[1114]	:	Key	97	UP	at	584058  
586219	[1191]	:	Key	97	DOWN	at	586218  
587338	[1119]	:	Key	97	UP	at	586339  
588498	[1160]	:	Key	98	DOWN	at	588498  
589631	[1133]	:	Key	98	UP	at	588643  
590548	[917]	:	Key	97	DOWN	at	590547  
591662	[1114]	:	Key	97	UP	at	590683  
592555	[893]	:	Key	97	DOWN	at	592555  
593668	[1113]	:	Key	97	UP	at	592715  
594908	[1240]	:	Key	97	DOWN	at	594907  
596581	[1673]	:	Key	97	UP	at	595059  
599547	[2966]	:	Key	71	DOWN	at	599546  
600592	[1045]	:	Key	71	UP	at	599763  
601747	[1155]	:	Key	98	DOWN	at	601747  
602881	[1134]	:	Key	98	UP	at	601891  
604083	[1202]	:	Key	98	DOWN	at	604083  
605196	[1113]	:	Key	98	UP	at	604234  
607036	[1840]	:	Key	97	DOWN	at	607035  
608144	[1108]	:	Key	97	UP	at	607187  
609212	[1068]	:	Key	98	DOWN	at	609211  
610331	[1119]	:	Key	98	UP	at	609356  
611555	[1224]	:	Key	98	DOWN	at	611555  
612665	[1110]	:	Key	98	UP	at	611699  
613707	[1042]	:	Key	97	DOWN	at	613706  
614821	[1114]	:	Key	97	UP	at	613843  
616419	[1598]	:	Key	98	DOWN	at	616418  
617524	[1105]	:	Key	98	UP	at	616555  
618436	[912]	:	Key	98	DOWN	at	618436  
619614	[1178]	:	Key	98	UP	at	618619  
621706	[2092]	:	Key	71	DOWN	at	621706  
622026	[320]	:	Key	71	UP	at	621971  
651644	[29618]	:	Key	97	DOWN	at	651644  
651763	[119]	:	Key	97	UP	at	651762  
667500	[15737]	:	Key	97	DOWN	at	667499  
667700	[200]	:	Key	97	UP	at	667699  
683556	[15856]	:	Key	97	DOWN	at	683555  
683700	[144]	:	Key	97	UP	at	683699  
698074	[14374]	:	Key	71	DOWN	at	698074  
698291	[217]	:	Key	71	UP	at	698291  
701196	[2905]	:	Key	98	DOWN	at	701195  
701388	[192]	:	Key	98	UP	at	701387  
702149	[761]	:	Key	97	DOWN	at	702148  
702364	[215]	:	Key	97	UP	at	702363  
702692	[328]	:	Key	97	DOWN	at	702691  
702994	[302]	:	Key	97	UP	at	702994  
722475	[19481]	:	Key	97	DOWN	at	722474  
722692	[217]	:	Key	97	UP	at	722692  
747668	[24976]	:	Key	97	DOWN	at	747667  
747939	[271]	:	Key	97	UP	at	747939  
756348	[8409]	:	Key	97	DOWN	at	756347  
756547	[199]	:	Key	97	UP	at	756546  
773971	[17424]	:	Key	97	DOWN	at	773971  
774155	[184]	:	Key	97	UP	at	774155  
791380	[17225]	:	Key	97	DOWN	at	791379  
791580	[200]	:	Key	97	UP	at	791580  
801875	[10295]	:	Key	97	DOWN	at	801875  
802075	[200]	:	Key	97	UP	at	802074  
818428	[16353]	:	Key	97	DOWN	at	818428  
818588	[160]	:	Key	97	UP	at	818587  
831651	[13063]	:	Key	97	DOWN	at	831651  
831843	[192]	:	Key	97	UP	at	831843  
862755	[30912]	:	Key	97	DOWN	at	862755  
862965	[210]	:	Key	97	UP	at	862964  
873356	[10391]	:	Key	97	DOWN	at	873355  
873538	[182]	:	Key	97	UP	at	873538  
892283	[18745]	:	Key	97	DOWN	at	892283  
892484	[201]	:	Key	97	UP	at	892483  
919811	[27327]	:	Key	97	DOWN	at	919811  
920019	[208]	:	Key	97	UP	at	920018  
936564	[16545]	:	Key	97	DOWN	at	936564  
936733	[169]	:	Key	97	UP	at	936732  
952066	[15333]	:	Key	97	DOWN	at	952066  
952275	[209]	:	Key	97	UP	at	952275  
964835	[12560]	:	Key	97	DOWN	at	964835  
965077	[242]	:	Key	97	UP	at	965076  
1051947	[86870]	:	Key	97	DOWN	at	1051947 
1052948	[1001]	:	Key	97	UP	at	1052156 
1058308	[5360]	:	Key	71	DOWN	at	1058308 
1058607	[299]	:	Key	71	UP	at	1058451 
1060059	[1452]	:	Key	71	DOWN	at	1060059 
1194877	[134818]	:	Key	71	DOWN	at	1194876 
1195011	[134]	:	Key	71	UP	at	1195011 
1197909	[2898]	:	Key	71	DOWN	at	1197908 
1862709	[664800]	:	Key	97	DOWN	at	1862709 
1863710	[1001]	:	Key	97	UP	at	1862829 
1867412	[3702]	:	Key	71	DOWN	at	1867412 
2612566	[745154]	:	Key	97	DOWN	at	2612565 
2613565	[999]	:	Key	97	UP	at	2612700 
2616877	[3312]	:	Key	71	DOWN	at	2616877 
3527799	[910922]	:	Key	97	DOWN	at	3527798 
3528798	[999]	:	Key	97	UP	at	3527862 
3533142	[4344]	:	Key	71	DOWN	at	3533142 
4427369	[894227]	:	Key	100	DOWN	at	4427368 
4427599	[230]	:	Key	100	UP	at	4427599 
4428488	[889]	:	Key	97	DOWN	at	4428487 
4429488	[1000]	:	Key	97	UP	at	4428624 
4431584	[2096]	:	Key	71	DOWN	at	4431583 
5404000	[972416]	:	Key	71	DOWN	at	5404000 
5404052	[52]	:	COGENT STOP
