Cog2000 log file Sat Jan 16 09:55:34 2021
gprim v1.33 Compiled:Aug 12 2015 (GLib DirectDraw v7 DX10.0 Compiled:Aug 12 2015)
Display:1024x768x32 59.99Hz
Attaching E:\saharrajabi\final mbmf+drug task\cogent2000v1.33\toolbox\CogInput.mexw64
CogInput v1.05 Compiled: May 20 2010
2	[2]	:	COGENT START
17869	[17867]	:	Key	97	DOWN	at	17869   
17997	[128]	:	Key	97	UP	at	17997   
19342	[1345]	:	Key	97	DOWN	at	19342   
19461	[119]	:	Key	97	UP	at	19461   
20533	[1072]	:	Key	97	DOWN	at	20533   
21533	[1000]	:	Key	97	UP	at	20686   
25526	[3993]	:	Key	71	DOWN	at	25526   
25681	[155]	:	Key	71	UP	at	25646   
29078	[3397]	:	Key	71	DOWN	at	29078   
32482	[3404]	:	Key	71	UP	at	29559   
33837	[1355]	:	Key	71	DOWN	at	33837   
37149	[3312]	:	Key	71	UP	at	34022   
38110	[961]	:	Key	71	DOWN	at	38110   
41410	[3300]	:	Key	71	UP	at	38301   
43294	[1884]	:	Key	71	DOWN	at	43294   
46592	[3298]	:	Key	71	UP	at	43479   
47043	[451]	:	Key	71	DOWN	at	47043   
47043	[0]	:	Key	71	UP	at	47043   
52934	[5891]	:	Key	71	DOWN	at	52934   
56236	[3302]	:	Key	71	UP	at	53158   
56846	[610]	:	Key	71	DOWN	at	56846   
60137	[3291]	:	Key	71	UP	at	57014   
62023	[1886]	:	Key	71	DOWN	at	62023   
65322	[3299]	:	Key	71	UP	at	62239   
67261	[1939]	:	Key	71	DOWN	at	67261   
70558	[3297]	:	Key	71	UP	at	67447   
72749	[2191]	:	Key	71	DOWN	at	72749   
76048	[3299]	:	Key	71	UP	at	72901   
79078	[3030]	:	Key	71	DOWN	at	79078   
82377	[3299]	:	Key	71	UP	at	79503   
83990	[1613]	:	Key	71	DOWN	at	83990   
87289	[3299]	:	Key	71	UP	at	84143   
88542	[1253]	:	Key	71	DOWN	at	88542   
91842	[3300]	:	Key	71	UP	at	88718   
93686	[1844]	:	Key	71	DOWN	at	93686   
96986	[3300]	:	Key	71	UP	at	93831   
101334	[4348]	:	Key	71	DOWN	at	101334  
104634	[3300]	:	Key	71	UP	at	101511  
105310	[676]	:	Key	71	DOWN	at	105310  
108598	[3288]	:	Key	71	UP	at	105534  
109885	[1287]	:	Key	71	DOWN	at	109885  
113184	[3299]	:	Key	71	UP	at	110086  
114686	[1502]	:	Key	71	DOWN	at	114686  
117987	[3301]	:	Key	71	UP	at	114871  
119197	[1210]	:	Key	71	DOWN	at	119197  
122496	[3299]	:	Key	71	UP	at	119495  
124541	[2045]	:	Key	71	DOWN	at	124541  
127840	[3299]	:	Key	71	UP	at	124774  
129958	[2118]	:	Key	71	DOWN	at	129958  
133257	[3299]	:	Key	71	UP	at	130231  
137614	[4357]	:	Key	71	DOWN	at	137614  
140914	[3300]	:	Key	71	UP	at	137879  
142454	[1540]	:	Key	71	DOWN	at	142454  
145753	[3299]	:	Key	71	UP	at	142582  
146471	[718]	:	Key	71	DOWN	at	146471  
149759	[3288]	:	Key	71	UP	at	146695  
150790	[1031]	:	Key	71	DOWN	at	150790  
154089	[3299]	:	Key	71	UP	at	150983  
155934	[1845]	:	Key	71	DOWN	at	155934  
159234	[3300]	:	Key	71	UP	at	156175  
163029	[3795]	:	Key	71	DOWN	at	163029  
166328	[3299]	:	Key	71	UP	at	163295  
168598	[2270]	:	Key	71	DOWN	at	168598  
171898	[3300]	:	Key	71	UP	at	168863  
174406	[2508]	:	Key	71	DOWN	at	174406  
177706	[3300]	:	Key	71	UP	at	174654  
178270	[564]	:	Key	71	DOWN	at	178270  
181559	[3289]	:	Key	71	UP	at	178502  
183774	[2215]	:	Key	71	DOWN	at	183774  
187073	[3299]	:	Key	71	UP	at	183999  
189662	[2589]	:	Key	71	DOWN	at	189662  
192961	[3299]	:	Key	71	UP	at	189879  
195782	[2821]	:	Key	71	DOWN	at	195782  
199082	[3300]	:	Key	71	UP	at	195998  
201542	[2460]	:	Key	71	DOWN	at	201542  
204831	[3289]	:	Key	71	UP	at	201759  
205558	[727]	:	Key	71	DOWN	at	205558  
208858	[3300]	:	Key	71	UP	at	205775  
210310	[1452]	:	Key	71	DOWN	at	210310  
213611	[3301]	:	Key	71	UP	at	210502  
213613	[2]	:	Key	71	DOWN	at	213326  
213614	[1]	:	Key	71	UP	at	213550  
217718	[4104]	:	Key	71	DOWN	at	217718  
221018	[3300]	:	Key	71	UP	at	218079  
221486	[468]	:	Key	71	DOWN	at	221486  
224787	[3301]	:	Key	71	UP	at	221695  
225254	[467]	:	Key	71	DOWN	at	225254  
228553	[3299]	:	Key	71	UP	at	225447  
229526	[973]	:	Key	71	DOWN	at	229526  
232825	[3299]	:	Key	71	UP	at	229663  
235711	[2886]	:	Key	71	DOWN	at	235711  
239010	[3299]	:	Key	71	UP	at	235911  
242678	[3668]	:	Key	71	DOWN	at	242678  
245976	[3298]	:	Key	71	UP	at	242911  
246774	[798]	:	Key	71	DOWN	at	246774  
250074	[3300]	:	Key	71	UP	at	247007  
251830	[1756]	:	Key	71	DOWN	at	251830  
255130	[3300]	:	Key	71	UP	at	252047  
257113	[1983]	:	Key	71	DOWN	at	257113  
257113	[0]	:	Key	71	UP	at	257113  
261406	[4293]	:	Key	71	DOWN	at	261406  
264695	[3289]	:	Key	71	UP	at	261613  
265206	[511]	:	Key	71	DOWN	at	265206  
268505	[3299]	:	Key	71	UP	at	265375  
268951	[446]	:	Key	71	DOWN	at	268951  
272924	[3973]	:	Key	71	UP	at	269159  
274118	[1194]	:	Key	71	DOWN	at	274118  
275173	[1055]	:	Key	71	UP	at	274335  
277038	[1865]	:	Key	97	DOWN	at	277038  
278197	[1159]	:	Key	97	UP	at	277231  
279470	[1273]	:	Key	97	DOWN	at	279470  
280566	[1096]	:	Key	97	UP	at	279597  
282005	[1439]	:	Key	97	DOWN	at	282005  
283120	[1115]	:	Key	97	UP	at	282150  
283998	[878]	:	Key	98	DOWN	at	283998  
285130	[1132]	:	Key	98	UP	at	284198  
287140	[2010]	:	Key	97	DOWN	at	287140  
287140	[0]	:	Key	97	UP	at	287140  
288262	[1122]	:	Key	97	DOWN	at	287141  
288263	[1]	:	Key	97	UP	at	287238  
289382	[1119]	:	Key	97	DOWN	at	289382  
290506	[1124]	:	Key	97	UP	at	289583  
291734	[1228]	:	Key	97	DOWN	at	291734  
292826	[1092]	:	Key	97	UP	at	291887  
293670	[844]	:	Key	98	DOWN	at	293670  
295398	[1728]	:	Key	98	UP	at	293871  
297182	[1784]	:	Key	71	DOWN	at	297182  
298224	[1042]	:	Key	71	UP	at	297359  
300326	[2102]	:	Key	97	DOWN	at	300326  
301454	[1128]	:	Key	97	UP	at	300462  
302557	[1103]	:	Key	97	DOWN	at	302557  
303676	[1119]	:	Key	97	UP	at	302669  
304494	[818]	:	Key	98	DOWN	at	304494  
305597	[1103]	:	Key	98	UP	at	304663  
306191	[594]	:	Key	97	DOWN	at	306191  
307311	[1120]	:	Key	97	UP	at	306294  
308878	[1567]	:	Key	98	DOWN	at	308878  
310006	[1128]	:	Key	98	UP	at	309031  
311142	[1136]	:	Key	98	DOWN	at	311142  
312256	[1114]	:	Key	98	UP	at	311351  
313134	[878]	:	Key	97	DOWN	at	313134  
314260	[1126]	:	Key	97	UP	at	313245  
315550	[1290]	:	Key	97	DOWN	at	315550  
316737	[1187]	:	Key	97	UP	at	315686  
318638	[1901]	:	Key	71	DOWN	at	318638  
318972	[334]	:	Key	71	UP	at	318854  
320662	[1690]	:	Key	71	DOWN	at	320662  
320838	[176]	:	Key	71	UP	at	320838  
323710	[2872]	:	Key	97	DOWN	at	323710  
323800	[90]	:	Key	97	UP	at	323798  
332154	[8354]	:	Key	97	DOWN	at	332154  
332261	[107]	:	Key	97	UP	at	332261  
333990	[1729]	:	Key	97	DOWN	at	333990  
334254	[264]	:	Key	97	UP	at	334254  
345190	[10936]	:	Key	71	DOWN	at	345190  
345398	[208]	:	Key	71	UP	at	345398  
347160	[1762]	:	Key	97	DOWN	at	347160  
347160	[0]	:	Key	97	UP	at	347160  
348421	[1261]	:	Key	97	DOWN	at	348421  
348549	[128]	:	Key	97	UP	at	348549  
349214	[665]	:	Key	97	DOWN	at	349214  
349366	[152]	:	Key	97	UP	at	349366  
350086	[720]	:	Key	97	DOWN	at	350086  
350213	[127]	:	Key	97	UP	at	350213  
350581	[368]	:	Key	97	DOWN	at	350581  
350734	[153]	:	Key	97	UP	at	350734  
351030	[296]	:	Key	97	DOWN	at	351030  
351190	[160]	:	Key	97	UP	at	351190  
351510	[320]	:	Key	97	DOWN	at	351510  
351686	[176]	:	Key	97	UP	at	351686  
356934	[5248]	:	Key	97	DOWN	at	356934  
357159	[225]	:	Key	97	UP	at	357159  
358230	[1071]	:	Key	97	DOWN	at	358230  
358446	[216]	:	Key	97	UP	at	358446  
360942	[2496]	:	Key	97	DOWN	at	360942  
361134	[192]	:	Key	97	UP	at	361134  
363518	[2384]	:	Key	97	DOWN	at	363518  
363702	[184]	:	Key	97	UP	at	363702  
365318	[1616]	:	Key	97	DOWN	at	365318  
365478	[160]	:	Key	97	UP	at	365478  
366358	[880]	:	Key	97	DOWN	at	366358  
366517	[159]	:	Key	97	UP	at	366517  
366982	[465]	:	Key	97	DOWN	at	366982  
367166	[184]	:	Key	97	UP	at	367166  
367478	[312]	:	Key	97	DOWN	at	367478  
367638	[160]	:	Key	97	UP	at	367638  
371414	[3776]	:	Key	97	DOWN	at	371414  
371541	[127]	:	Key	97	UP	at	371541  
372910	[1369]	:	Key	97	DOWN	at	372910  
373910	[1000]	:	Key	97	UP	at	373095  
376031	[2121]	:	Key	71	DOWN	at	376031  
377193	[1162]	:	Key	71	UP	at	377193  
379526	[2333]	:	Key	71	DOWN	at	379526  
454110	[74584]	:	Key	71	DOWN	at	454110  
454262	[152]	:	Key	71	UP	at	454262  
454926	[664]	:	Key	71	DOWN	at	454926  
1181263	[726337]	:	Key	97	DOWN	at	1181263 
1182263	[1000]	:	Key	97	UP	at	1181424 
1189038	[6775]	:	Key	71	DOWN	at	1189038 
1932928	[743890]	:	Key	97	DOWN	at	1932928 
1933928	[1000]	:	Key	97	UP	at	1933056 
1935599	[1671]	:	Key	71	DOWN	at	1935599 
2729007	[793408]	:	Key	97	DOWN	at	2729007 
2730007	[1000]	:	Key	97	UP	at	2729072 
2759704	[29697]	:	Key	71	DOWN	at	2759704 
3330025	[570321]	:	Key	97	DOWN	at	3330025 
3331025	[1000]	:	Key	97	UP	at	3330153 
3332056	[1031]	:	Key	71	DOWN	at	3332056 
3948945	[616889]	:	Key	71	DOWN	at	3948945 
3948993	[48]	:	COGENT STOP
