Cog2000 log file Sun Jan 10 10:23:37 2021
gprim v1.33 Compiled:Aug 12 2015 (GLib DirectDraw v7 DX10.0 Compiled:Aug 12 2015)
Display:1024x768x32 60.02Hz
Attaching E:\Sahar Rajabi\Final MBMF+Drug Task\Cogent2000v1.33\Toolbox\CogInput.mexw64
CogInput v1.05 Compiled: May 20 2010
2	[2]	:	COGENT START
35476	[35474]	:	Key	97	DOWN	at	35475   
35676	[200]	:	Key	97	UP	at	35675   
41443	[5767]	:	Key	97	DOWN	at	41443   
41627	[184]	:	Key	97	UP	at	41627   
59347	[17720]	:	Key	97	DOWN	at	59347   
60347	[1000]	:	Key	97	UP	at	59612   
70915	[10568]	:	Key	97	DOWN	at	70915   
71027	[112]	:	Key	97	UP	at	71027   
72734	[1707]	:	Key	71	DOWN	at	72734   
72760	[26]	:	Key	71	UP	at	72754   
78691	[5931]	:	Key	71	DOWN	at	78691   
82108	[3417]	:	Key	71	UP	at	78900   
83258	[1150]	:	Key	71	DOWN	at	83258   
86582	[3324]	:	Key	71	UP	at	83475   
87798	[1216]	:	Key	71	DOWN	at	87798   
91098	[3300]	:	Key	71	UP	at	87818   
92387	[1289]	:	Key	71	DOWN	at	92387   
95687	[3300]	:	Key	71	UP	at	92612   
97364	[1677]	:	Key	71	DOWN	at	97364   
100662	[3298]	:	Key	71	UP	at	97596   
103779	[3117]	:	Key	71	DOWN	at	103779  
107078	[3299]	:	Key	71	UP	at	103972  
108067	[989]	:	Key	71	DOWN	at	108067  
111367	[3300]	:	Key	71	UP	at	108307  
112793	[1426]	:	Key	71	DOWN	at	112793  
116081	[3288]	:	Key	71	UP	at	113020  
117910	[1829]	:	Key	71	DOWN	at	117910  
121210	[3300]	:	Key	71	UP	at	117930  
122426	[1216]	:	Key	71	DOWN	at	122426  
125724	[3298]	:	Key	71	UP	at	122636  
127715	[1991]	:	Key	71	DOWN	at	127715  
131014	[3299]	:	Key	71	UP	at	127940  
133787	[2773]	:	Key	71	DOWN	at	133787  
137087	[3300]	:	Key	71	UP	at	133988  
137851	[764]	:	Key	71	DOWN	at	137851  
141151	[3300]	:	Key	71	UP	at	138068  
141987	[836]	:	Key	71	DOWN	at	141987  
145286	[3299]	:	Key	71	UP	at	142187  
146443	[1157]	:	Key	71	DOWN	at	146443  
149739	[3296]	:	Key	71	UP	at	146692  
153571	[3832]	:	Key	71	DOWN	at	153571  
156873	[3302]	:	Key	71	UP	at	153884  
157619	[746]	:	Key	71	DOWN	at	157619  
160907	[3288]	:	Key	71	UP	at	157884  
162606	[1699]	:	Key	71	DOWN	at	162606  
165906	[3300]	:	Key	71	UP	at	162626  
167787	[1881]	:	Key	71	DOWN	at	167787  
171086	[3299]	:	Key	71	UP	at	167988  
178123	[7037]	:	Key	71	DOWN	at	178123  
181421	[3298]	:	Key	71	UP	at	178364  
182507	[1086]	:	Key	71	DOWN	at	182507  
185808	[3301]	:	Key	71	UP	at	182788  
189051	[3243]	:	Key	71	DOWN	at	189051  
192351	[3300]	:	Key	71	UP	at	189292  
194059	[1708]	:	Key	71	DOWN	at	194059  
197359	[3300]	:	Key	71	UP	at	194291  
198107	[748]	:	Key	71	DOWN	at	198107  
201395	[3288]	:	Key	71	UP	at	198348  
202322	[927]	:	Key	71	DOWN	at	202322  
205620	[3298]	:	Key	71	UP	at	202572  
206979	[1359]	:	Key	71	DOWN	at	206979  
210279	[3300]	:	Key	71	UP	at	207534  
211323	[1044]	:	Key	71	DOWN	at	211323  
214623	[3300]	:	Key	71	UP	at	211562  
218059	[3436]	:	Key	71	DOWN	at	218059  
221360	[3301]	:	Key	71	UP	at	218300  
222758	[1398]	:	Key	71	DOWN	at	222758  
226059	[3301]	:	Key	71	UP	at	222778  
226723	[664]	:	Key	71	DOWN	at	226723  
230012	[3289]	:	Key	71	UP	at	226970  
231466	[1454]	:	Key	71	DOWN	at	231466  
234766	[3300]	:	Key	71	UP	at	231690  
235858	[1092]	:	Key	71	DOWN	at	235858  
239158	[3300]	:	Key	71	UP	at	236114  
239954	[796]	:	Key	71	DOWN	at	239954  
243251	[3297]	:	Key	71	UP	at	240202  
244394	[1143]	:	Key	71	DOWN	at	244394  
247681	[3287]	:	Key	71	UP	at	244610  
249754	[2073]	:	Key	71	DOWN	at	249754  
253056	[3302]	:	Key	71	UP	at	249938  
254114	[1058]	:	Key	71	DOWN	at	254114  
257411	[3297]	:	Key	71	UP	at	254330  
258161	[750]	:	Key	71	DOWN	at	258161  
261447	[3286]	:	Key	71	UP	at	258362  
262034	[587]	:	Key	71	DOWN	at	262034  
265324	[3290]	:	Key	71	UP	at	262282  
265874	[550]	:	Key	71	DOWN	at	265874  
269170	[3296]	:	Key	71	UP	at	266139  
271298	[2128]	:	Key	71	DOWN	at	271298  
274598	[3300]	:	Key	71	UP	at	271570  
278938	[4340]	:	Key	71	DOWN	at	278938  
282239	[3301]	:	Key	71	UP	at	279162  
283642	[1403]	:	Key	71	DOWN	at	283642  
286943	[3301]	:	Key	71	UP	at	283819  
291370	[4427]	:	Key	71	DOWN	at	291370  
294670	[3300]	:	Key	71	UP	at	291626  
299811	[5141]	:	Key	71	DOWN	at	299811  
303111	[3300]	:	Key	71	UP	at	300235  
304138	[1027]	:	Key	71	DOWN	at	304138  
307437	[3299]	:	Key	71	UP	at	304386  
307603	[166]	:	Key	71	DOWN	at	307602  
310902	[3299]	:	Key	71	UP	at	307834  
310904	[2]	:	Key	71	DOWN	at	310786  
311082	[178]	:	Key	71	UP	at	311082  
312546	[1464]	:	Key	71	DOWN	at	312546  
315847	[3301]	:	Key	71	UP	at	312802  
317355	[1508]	:	Key	71	DOWN	at	317355  
321330	[3975]	:	Key	71	UP	at	317627  
329738	[8408]	:	Key	71	DOWN	at	329738  
330784	[1046]	:	Key	71	UP	at	329978  
331658	[874]	:	Key	97	DOWN	at	331658  
332783	[1125]	:	Key	97	UP	at	331898  
333778	[995]	:	Key	97	DOWN	at	333778  
334909	[1131]	:	Key	97	UP	at	334043  
335659	[750]	:	Key	97	DOWN	at	335659  
336794	[1135]	:	Key	97	UP	at	335915  
337810	[1016]	:	Key	98	DOWN	at	337810  
338928	[1118]	:	Key	98	UP	at	338010  
340402	[1474]	:	Key	97	DOWN	at	340402  
341533	[1131]	:	Key	97	UP	at	340594  
342466	[933]	:	Key	97	DOWN	at	342466  
343588	[1122]	:	Key	97	UP	at	342690  
344450	[862]	:	Key	97	DOWN	at	344450  
345588	[1138]	:	Key	97	UP	at	344698  
346554	[966]	:	Key	98	DOWN	at	346554  
348297	[1743]	:	Key	98	UP	at	346722  
351459	[3162]	:	Key	71	DOWN	at	351459  
352501	[1042]	:	Key	71	UP	at	351691  
353267	[766]	:	Key	97	DOWN	at	353267  
354401	[1134]	:	Key	97	UP	at	353483  
355642	[1241]	:	Key	97	DOWN	at	355642  
356776	[1134]	:	Key	97	UP	at	355834  
358066	[1290]	:	Key	98	DOWN	at	358066  
359187	[1121]	:	Key	98	UP	at	358282  
360322	[1135]	:	Key	97	DOWN	at	360322  
361435	[1113]	:	Key	97	UP	at	360546  
362434	[999]	:	Key	98	DOWN	at	362434  
363557	[1123]	:	Key	98	UP	at	362626  
364410	[853]	:	Key	98	DOWN	at	364410  
365534	[1124]	:	Key	98	UP	at	364610  
366570	[1036]	:	Key	97	DOWN	at	366570  
367693	[1123]	:	Key	97	UP	at	366802  
368850	[1157]	:	Key	97	DOWN	at	368850  
370057	[1207]	:	Key	97	UP	at	369075  
372346	[2289]	:	Key	71	DOWN	at	372346  
372719	[373]	:	Key	71	UP	at	372610  
384514	[11795]	:	Key	71	DOWN	at	384514  
384802	[288]	:	Key	71	UP	at	384802  
386835	[2033]	:	Key	97	DOWN	at	386835  
387091	[256]	:	Key	97	UP	at	387091  
399642	[12551]	:	Key	97	DOWN	at	399642  
399882	[240]	:	Key	97	UP	at	399882  
413210	[13328]	:	Key	97	DOWN	at	413210  
413402	[192]	:	Key	97	UP	at	413402  
424763	[11361]	:	Key	97	DOWN	at	424763  
425067	[304]	:	Key	97	UP	at	425067  
438130	[13063]	:	Key	97	DOWN	at	438130  
438402	[272]	:	Key	97	UP	at	438402  
454538	[16136]	:	Key	97	DOWN	at	454538  
454754	[216]	:	Key	97	UP	at	454754  
462602	[7848]	:	Key	97	DOWN	at	462602  
462882	[280]	:	Key	97	UP	at	462882  
480130	[17248]	:	Key	97	DOWN	at	480130  
480298	[168]	:	Key	97	UP	at	480298  
494211	[13913]	:	Key	97	DOWN	at	494211  
494371	[160]	:	Key	97	UP	at	494371  
511099	[16728]	:	Key	97	DOWN	at	511099  
511283	[184]	:	Key	97	UP	at	511283  
521922	[10639]	:	Key	97	DOWN	at	521922  
522066	[144]	:	Key	97	UP	at	522066  
532282	[10216]	:	Key	97	DOWN	at	532282  
532538	[256]	:	Key	97	UP	at	532538  
551970	[19432]	:	Key	97	DOWN	at	551970  
552186	[216]	:	Key	97	UP	at	552186  
559954	[7768]	:	Key	97	DOWN	at	559954  
560202	[248]	:	Key	97	UP	at	560202  
573298	[13096]	:	Key	97	DOWN	at	573298  
573602	[304]	:	Key	97	UP	at	573602  
586490	[12888]	:	Key	97	DOWN	at	586490  
586746	[256]	:	Key	97	UP	at	586746  
601595	[14849]	:	Key	97	DOWN	at	601595  
601819	[224]	:	Key	97	UP	at	601819  
619947	[18128]	:	Key	97	DOWN	at	619947  
620275	[328]	:	Key	97	UP	at	620275  
621858	[1583]	:	Key	98	DOWN	at	621858  
622138	[280]	:	Key	98	UP	at	622138  
622434	[296]	:	Key	97	DOWN	at	622434  
622666	[232]	:	Key	97	UP	at	622666  
632115	[9449]	:	Key	97	DOWN	at	632115  
632379	[264]	:	Key	97	UP	at	632379  
636067	[3688]	:	Key	97	DOWN	at	636067  
637067	[1000]	:	Key	97	UP	at	636403  
641754	[4687]	:	Key	71	DOWN	at	641754  
642060	[306]	:	Key	71	UP	at	641890  
647058	[4998]	:	Key	71	DOWN	at	647058  
725491	[78433]	:	Key	71	DOWN	at	725491  
725635	[144]	:	Key	71	UP	at	725635  
727562	[1927]	:	Key	71	DOWN	at	727562  
1395507	[667945]	:	Key	97	DOWN	at	1395507 
1396507	[1000]	:	Key	97	UP	at	1395811 
1408507	[12000]	:	Key	71	DOWN	at	1408507 
2299396	[890889]	:	Key	97	DOWN	at	2299396 
2300396	[1000]	:	Key	97	UP	at	2299604 
2305107	[4711]	:	Key	71	DOWN	at	2305107 
3085188	[780081]	:	Key	97	DOWN	at	3085188 
3086188	[1000]	:	Key	97	UP	at	3085436 
3087620	[1432]	:	Key	71	DOWN	at	3087620 
3791213	[703593]	:	Key	97	DOWN	at	3791213 
3792213	[1000]	:	Key	97	UP	at	3791405 
3957077	[164864]	:	Key	71	DOWN	at	3957077 
4580517	[623440]	:	Key	71	DOWN	at	4580517 
4580550	[33]	:	COGENT STOP
