Cog2000 log file Tue Mar 02 11:18:32 2021
gprim v1.33 Compiled:Aug 12 2015 (GLib DirectDraw v7 DX10.0 Compiled:Aug 12 2015)
Display:1024x768x32 59.95Hz
Attaching E:\Sahar Rajabi\Final MBMF+Drug Task\Cogent2000v1.33\Toolbox\CogInput.mexw64
CogInput v1.05 Compiled: May 20 2010
5	[5]	:	COGENT START
13863	[13858]	:	Key	100	DOWN	at	13862   
14071	[208]	:	Key	100	UP	at	14070   
14422	[351]	:	Key	98	DOWN	at	14422   
14591	[169]	:	Key	98	UP	at	14591   
15286	[695]	:	Key	97	DOWN	at	15286   
15463	[177]	:	Key	97	UP	at	15463   
28638	[13175]	:	Key	97	DOWN	at	28638   
28830	[192]	:	Key	97	UP	at	28830   
65126	[36296]	:	Key	97	DOWN	at	65126   
66126	[1000]	:	Key	97	UP	at	65327   
81846	[15720]	:	Key	71	DOWN	at	81846   
82044	[198]	:	Key	71	UP	at	82030   
85774	[3730]	:	Key	71	DOWN	at	85774   
89194	[3420]	:	Key	71	UP	at	85920   
92303	[3109]	:	Key	71	DOWN	at	92303   
95619	[3316]	:	Key	71	UP	at	92479   
97150	[1531]	:	Key	71	DOWN	at	97150   
100450	[3300]	:	Key	71	UP	at	97319   
103157	[2707]	:	Key	71	DOWN	at	103157  
106458	[3301]	:	Key	71	UP	at	103344  
109479	[3021]	:	Key	71	DOWN	at	109479  
112780	[3301]	:	Key	71	UP	at	109695  
116718	[3938]	:	Key	71	DOWN	at	116718  
120008	[3290]	:	Key	71	UP	at	116911  
121599	[1591]	:	Key	71	DOWN	at	121599  
124900	[3301]	:	Key	71	UP	at	121792  
127527	[2627]	:	Key	71	DOWN	at	127527  
130827	[3300]	:	Key	71	UP	at	127727  
132505	[1678]	:	Key	71	DOWN	at	132505  
135807	[3302]	:	Key	71	UP	at	132525  
137590	[1783]	:	Key	71	DOWN	at	137590  
140890	[3300]	:	Key	71	UP	at	137791  
141103	[213]	:	Key	71	DOWN	at	141103  
144402	[3299]	:	Key	71	UP	at	141320  
145911	[1509]	:	Key	71	DOWN	at	145911  
149213	[3302]	:	Key	71	UP	at	146079  
150526	[1313]	:	Key	71	DOWN	at	150526  
153825	[3299]	:	Key	71	UP	at	150735  
156719	[2894]	:	Key	71	DOWN	at	156719  
160021	[3302]	:	Key	71	UP	at	156912  
161254	[1233]	:	Key	71	DOWN	at	161254  
164545	[3291]	:	Key	71	UP	at	161504  
165879	[1334]	:	Key	71	DOWN	at	165879  
169180	[3301]	:	Key	71	UP	at	166175  
170510	[1330]	:	Key	71	DOWN	at	170510  
173808	[3298]	:	Key	71	UP	at	170759  
174783	[975]	:	Key	71	DOWN	at	174783  
178085	[3302]	:	Key	71	UP	at	174982  
178519	[434]	:	Key	71	DOWN	at	178519  
181817	[3298]	:	Key	71	UP	at	178720  
181879	[62]	:	Key	71	DOWN	at	181879  
185178	[3299]	:	Key	71	UP	at	182103  
189966	[4788]	:	Key	71	DOWN	at	189966  
193256	[3290]	:	Key	71	UP	at	190143  
193775	[519]	:	Key	71	DOWN	at	193775  
197075	[3300]	:	Key	71	UP	at	193968  
197495	[420]	:	Key	71	DOWN	at	197495  
200792	[3297]	:	Key	71	UP	at	197688  
201798	[1006]	:	Key	71	DOWN	at	201798  
205100	[3302]	:	Key	71	UP	at	202015  
205102	[2]	:	Key	71	DOWN	at	204735  
205103	[1]	:	Key	71	UP	at	204935  
208206	[3103]	:	Key	71	DOWN	at	208206  
211506	[3300]	:	Key	71	UP	at	208256  
213175	[1669]	:	Key	71	DOWN	at	213175  
216477	[3302]	:	Key	71	UP	at	213352  
216830	[353]	:	Key	71	DOWN	at	216830  
220128	[3298]	:	Key	71	UP	at	217015  
220518	[390]	:	Key	71	DOWN	at	220518  
223812	[3294]	:	Key	71	UP	at	220687  
224590	[778]	:	Key	71	DOWN	at	224590  
227892	[3302]	:	Key	71	UP	at	224749  
227983	[91]	:	Key	71	DOWN	at	227983  
231284	[3301]	:	Key	71	UP	at	228192  
231286	[2]	:	Key	71	DOWN	at	230824  
231287	[1]	:	Key	71	UP	at	231063  
232551	[1264]	:	Key	71	DOWN	at	232551  
235843	[3292]	:	Key	71	UP	at	232735  
236526	[683]	:	Key	71	DOWN	at	236526  
239818	[3292]	:	Key	71	UP	at	236727  
239820	[2]	:	Key	71	DOWN	at	239799  
239967	[147]	:	Key	71	UP	at	239967  
243943	[3976]	:	Key	71	DOWN	at	243943  
247246	[3303]	:	Key	71	UP	at	244112  
247703	[457]	:	Key	71	DOWN	at	247703  
251006	[3303]	:	Key	71	UP	at	247928  
251008	[2]	:	Key	71	DOWN	at	250464  
251009	[1]	:	Key	71	UP	at	250632  
253670	[2661]	:	Key	71	DOWN	at	253670  
256971	[3301]	:	Key	71	UP	at	253831  
257934	[963]	:	Key	71	DOWN	at	257934  
261236	[3302]	:	Key	71	UP	at	258119  
263799	[2563]	:	Key	71	DOWN	at	263799  
267101	[3302]	:	Key	71	UP	at	263976  
268237	[1136]	:	Key	71	DOWN	at	268237  
271538	[3301]	:	Key	71	UP	at	268407  
271966	[428]	:	Key	71	DOWN	at	271966  
275260	[3294]	:	Key	71	UP	at	272199  
275942	[682]	:	Key	71	DOWN	at	275942  
279243	[3301]	:	Key	71	UP	at	276125  
280775	[1532]	:	Key	71	DOWN	at	280775  
284058	[3283]	:	Key	71	UP	at	280967  
285382	[1324]	:	Key	71	DOWN	at	285382  
288680	[3298]	:	Key	71	UP	at	285608  
289686	[1006]	:	Key	71	DOWN	at	289686  
292985	[3299]	:	Key	71	UP	at	289879  
294318	[1333]	:	Key	71	DOWN	at	294318  
297619	[3301]	:	Key	71	UP	at	294535  
298854	[1235]	:	Key	71	DOWN	at	298854  
302155	[3301]	:	Key	71	UP	at	299112  
302157	[2]	:	Key	71	DOWN	at	301686  
302158	[1]	:	Key	71	UP	at	301904  
306870	[4712]	:	Key	71	DOWN	at	306870  
310171	[3301]	:	Key	71	UP	at	307103  
314559	[4388]	:	Key	71	DOWN	at	314559  
317850	[3291]	:	Key	71	UP	at	314808  
319023	[1173]	:	Key	71	DOWN	at	319023  
323044	[4021]	:	Key	71	UP	at	319272  
360902	[37858]	:	Key	71	DOWN	at	360902  
361949	[1047]	:	Key	71	UP	at	361095  
364479	[2530]	:	Key	66	DOWN	at	364479  
364679	[200]	:	Key	66	UP	at	364679  
370263	[5584]	:	Key	66	DOWN	at	370263  
370463	[200]	:	Key	66	UP	at	370463  
375535	[5072]	:	Key	66	DOWN	at	375535  
375798	[263]	:	Key	66	UP	at	375798  
381493	[5695]	:	Key	66	DOWN	at	381493  
381798	[305]	:	Key	66	UP	at	381798  
387610	[5812]	:	Key	66	DOWN	at	387610  
387630	[20]	:	Key	66	UP	at	387630  
387914	[284]	:	Key	67	DOWN	at	387914  
388122	[208]	:	Key	67	UP	at	388122  
395486	[7364]	:	Key	66	DOWN	at	395486  
395742	[256]	:	Key	66	UP	at	395742  
396670	[928]	:	Key	71	DOWN	at	396670  
396870	[200]	:	Key	71	UP	at	396870  
404927	[8057]	:	Key	60	DOWN	at	404927  
405167	[240]	:	Key	66	DOWN	at	405167  
405375	[208]	:	Key	60	UP	at	405375  
405423	[48]	:	Key	66	UP	at	405423  
406527	[1104]	:	Key	70	DOWN	at	406527  
406751	[224]	:	Key	66	DOWN	at	406751  
407007	[256]	:	Key	70	UP	at	407007  
407023	[16]	:	Key	66	UP	at	407023  
407975	[952]	:	Key	64	DOWN	at	407975  
408231	[256]	:	Key	66	DOWN	at	408231  
408455	[224]	:	Key	64	UP	at	408455  
408487	[32]	:	Key	66	UP	at	408487  
414950	[6463]	:	Key	66	DOWN	at	414950  
415158	[208]	:	Key	66	UP	at	415158  
415318	[160]	:	Key	66	DOWN	at	415318  
415478	[160]	:	Key	66	UP	at	415478  
415574	[96]	:	Key	66	DOWN	at	415574  
415942	[368]	:	Key	66	UP	at	415942  
421287	[5345]	:	Key	71	DOWN	at	421287  
422087	[800]	:	Key	71	UP	at	422087  
427095	[5008]	:	Key	66	DOWN	at	427095  
427183	[88]	:	Key	66	UP	at	427183  
427359	[176]	:	Key	66	DOWN	at	427359  
427439	[80]	:	Key	66	UP	at	427439  
427599	[160]	:	Key	66	DOWN	at	427599  
427711	[112]	:	Key	66	UP	at	427711  
429062	[1351]	:	Key	97	DOWN	at	429062  
430199	[1137]	:	Key	97	UP	at	429311  
433934	[3735]	:	Key	66	DOWN	at	433934  
434214	[280]	:	Key	66	UP	at	434214  
438183	[3969]	:	Key	67	DOWN	at	438183  
438487	[304]	:	Key	67	UP	at	438487  
440463	[1976]	:	Key	92	DOWN	at	440463  
440599	[136]	:	Key	67	DOWN	at	440599  
440815	[216]	:	Key	92	UP	at	440815  
440847	[32]	:	Key	67	UP	at	440847  
445775	[4928]	:	Key	67	DOWN	at	445775  
446278	[503]	:	Key	67	UP	at	446278  
448321	[2043]	:	Key	98	DOWN	at	448321  
449454	[1133]	:	Key	98	UP	at	448323  
451214	[1760]	:	Key	66	DOWN	at	451214  
451478	[264]	:	Key	66	UP	at	451478  
452678	[1200]	:	Key	97	DOWN	at	452678  
453811	[1133]	:	Key	97	UP	at	452847  
455359	[1548]	:	Key	66	DOWN	at	455359  
455615	[256]	:	Key	66	UP	at	455615  
455975	[360]	:	Key	97	DOWN	at	455975  
457091	[1116]	:	Key	97	UP	at	456144  
459863	[2772]	:	Key	66	DOWN	at	459863  
460127	[264]	:	Key	66	UP	at	460127  
460399	[272]	:	Key	97	DOWN	at	460399  
461524	[1125]	:	Key	97	UP	at	460527  
463185	[1661]	:	Key	66	DOWN	at	463185  
463205	[20]	:	Key	66	UP	at	463205  
463607	[402]	:	Key	97	DOWN	at	463607  
464749	[1142]	:	Key	97	UP	at	463759  
466487	[1738]	:	Key	67	DOWN	at	466487  
466719	[232]	:	Key	67	UP	at	466719  
467134	[415]	:	Key	97	DOWN	at	467134  
468264	[1130]	:	Key	97	UP	at	467311  
470470	[2206]	:	Key	66	DOWN	at	470470  
470711	[241]	:	Key	66	UP	at	470711  
471015	[304]	:	Key	97	DOWN	at	471015  
472772	[1757]	:	Key	97	UP	at	471167  
483068	[10296]	:	Key	71	DOWN	at	483068  
484111	[1043]	:	Key	71	UP	at	483309  
488149	[4038]	:	Key	67	DOWN	at	488149  
488381	[232]	:	Key	67	UP	at	488381  
489653	[1272]	:	Key	97	DOWN	at	489653  
490777	[1124]	:	Key	97	UP	at	489806  
493437	[2660]	:	Key	67	DOWN	at	493437  
493621	[184]	:	Key	67	UP	at	493621  
494677	[1056]	:	Key	97	DOWN	at	494677  
495804	[1127]	:	Key	97	UP	at	494830  
498677	[2873]	:	Key	66	DOWN	at	498677  
498901	[224]	:	Key	66	UP	at	498901  
499117	[216]	:	Key	97	DOWN	at	499117  
500238	[1121]	:	Key	97	UP	at	499261  
503612	[3374]	:	Key	66	DOWN	at	503612  
503860	[248]	:	Key	66	UP	at	503860  
504076	[216]	:	Key	97	DOWN	at	504076  
505205	[1129]	:	Key	97	UP	at	504196  
509045	[3840]	:	Key	67	DOWN	at	509045  
509237	[192]	:	Key	67	UP	at	509237  
509453	[216]	:	Key	97	DOWN	at	509453  
510589	[1136]	:	Key	97	UP	at	509606  
512965	[2376]	:	Key	67	DOWN	at	512965  
513149	[184]	:	Key	67	UP	at	513149  
513389	[240]	:	Key	97	DOWN	at	513389  
514506	[1117]	:	Key	97	UP	at	513515  
517780	[3274]	:	Key	67	DOWN	at	517780  
517965	[185]	:	Key	67	UP	at	517965  
518125	[160]	:	Key	97	DOWN	at	518125  
519254	[1129]	:	Key	97	UP	at	518260  
521604	[2350]	:	Key	67	DOWN	at	521604  
521788	[184]	:	Key	67	UP	at	521788  
521916	[128]	:	Key	97	DOWN	at	521916  
523125	[1209]	:	Key	97	UP	at	522035  
531301	[8176]	:	Key	71	DOWN	at	531301  
531637	[336]	:	Key	71	UP	at	531588  
538620	[6983]	:	Key	71	DOWN	at	538620  
538884	[264]	:	Key	71	UP	at	538884  
542485	[3601]	:	Key	71	DOWN	at	542485  
545789	[3304]	:	Key	71	UP	at	542734  
550837	[5048]	:	Key	71	DOWN	at	550837  
554138	[3301]	:	Key	71	UP	at	551134  
556468	[2330]	:	Key	71	DOWN	at	556468  
559769	[3301]	:	Key	71	UP	at	556629  
561397	[1628]	:	Key	71	DOWN	at	561397  
564699	[3302]	:	Key	71	UP	at	561558  
568917	[4218]	:	Key	71	DOWN	at	568917  
572219	[3302]	:	Key	71	UP	at	569070  
573629	[1410]	:	Key	71	DOWN	at	573629  
576930	[3301]	:	Key	71	UP	at	573805  
577701	[771]	:	Key	71	DOWN	at	577701  
580990	[3289]	:	Key	71	UP	at	577862  
583000	[2010]	:	Key	71	DOWN	at	583000  
586299	[3299]	:	Key	71	UP	at	583020  
587428	[1129]	:	Key	71	DOWN	at	587428  
590730	[3302]	:	Key	71	UP	at	587611  
592035	[1305]	:	Key	71	DOWN	at	592035  
595335	[3300]	:	Key	71	UP	at	592219  
598444	[3109]	:	Key	71	DOWN	at	598444  
601746	[3302]	:	Key	71	UP	at	598644  
602564	[818]	:	Key	71	DOWN	at	602564  
605853	[3289]	:	Key	71	UP	at	602748  
606539	[686]	:	Key	71	DOWN	at	606539  
609841	[3302]	:	Key	71	UP	at	606731  
610251	[410]	:	Key	71	DOWN	at	610251  
613551	[3300]	:	Key	71	UP	at	610452  
614260	[709]	:	Key	71	DOWN	at	614260  
617563	[3303]	:	Key	71	UP	at	614452  
617565	[2]	:	Key	71	DOWN	at	616988  
617566	[1]	:	Key	71	UP	at	617212  
622195	[4629]	:	Key	71	DOWN	at	622195  
626100	[3905]	:	Key	71	UP	at	622364  
629108	[3008]	:	Key	71	DOWN	at	629108  
630155	[1047]	:	Key	71	UP	at	629300  
632012	[1857]	:	Key	66	DOWN	at	632012  
632268	[256]	:	Key	66	UP	at	632268  
632796	[528]	:	Key	97	DOWN	at	632796  
633924	[1128]	:	Key	97	UP	at	632956  
636116	[2192]	:	Key	67	DOWN	at	636116  
636324	[208]	:	Key	67	UP	at	636324  
636692	[368]	:	Key	97	DOWN	at	636692  
637825	[1133]	:	Key	97	UP	at	636844  
641811	[3986]	:	Key	66	DOWN	at	641811  
642027	[216]	:	Key	66	UP	at	642027  
644051	[2024]	:	Key	97	DOWN	at	644051  
645163	[1112]	:	Key	97	UP	at	644203  
647172	[2009]	:	Key	66	DOWN	at	647172  
647372	[200]	:	Key	66	UP	at	647372  
648924	[1552]	:	Key	97	DOWN	at	648924  
650054	[1130]	:	Key	97	UP	at	649076  
652804	[2750]	:	Key	67	DOWN	at	652804  
652964	[160]	:	Key	67	UP	at	652964  
653716	[752]	:	Key	98	DOWN	at	653716  
654834	[1118]	:	Key	98	UP	at	653900  
656524	[1690]	:	Key	66	DOWN	at	656524  
656748	[224]	:	Key	66	UP	at	656748  
659323	[2575]	:	Key	97	DOWN	at	659323  
660449	[1126]	:	Key	97	UP	at	659451  
661987	[1538]	:	Key	66	DOWN	at	661987  
662195	[208]	:	Key	66	UP	at	662195  
663468	[1273]	:	Key	97	DOWN	at	663468  
664610	[1142]	:	Key	97	UP	at	663604  
665636	[1026]	:	Key	66	DOWN	at	665636  
665852	[216]	:	Key	66	UP	at	665852  
666092	[240]	:	Key	97	DOWN	at	666092  
667782	[1690]	:	Key	97	UP	at	666228  
672836	[5054]	:	Key	71	DOWN	at	672836  
673881	[1045]	:	Key	71	UP	at	673020  
678835	[4954]	:	Key	66	DOWN	at	678835  
679003	[168]	:	Key	66	UP	at	679003  
679235	[232]	:	Key	97	DOWN	at	679235  
680365	[1130]	:	Key	97	UP	at	679419  
683860	[3495]	:	Key	66	DOWN	at	683860  
684036	[176]	:	Key	66	UP	at	684036  
684468	[432]	:	Key	97	DOWN	at	684468  
685609	[1141]	:	Key	97	UP	at	684580  
689724	[4115]	:	Key	67	DOWN	at	689724  
689940	[216]	:	Key	67	UP	at	689940  
691092	[1152]	:	Key	98	DOWN	at	691092  
692218	[1126]	:	Key	98	UP	at	691260  
699412	[7194]	:	Key	66	DOWN	at	699412  
699652	[240]	:	Key	66	UP	at	699652  
700508	[856]	:	Key	71	DOWN	at	700508  
700700	[192]	:	Key	71	UP	at	700700  
703412	[2712]	:	Key	97	DOWN	at	703412  
704542	[1130]	:	Key	97	UP	at	703580  
708516	[3974]	:	Key	97	DOWN	at	708516  
709628	[1112]	:	Key	97	UP	at	708676  
711963	[2335]	:	Key	67	DOWN	at	711963  
712171	[208]	:	Key	67	UP	at	712171  
712571	[400]	:	Key	98	DOWN	at	712571  
713694	[1123]	:	Key	98	UP	at	712747  
719516	[5822]	:	Key	66	DOWN	at	719516  
719716	[200]	:	Key	66	UP	at	719716  
719812	[96]	:	Key	97	DOWN	at	719812  
720926	[1114]	:	Key	97	UP	at	720004  
728276	[7350]	:	Key	92	DOWN	at	728276  
729028	[752]	:	Key	66	DOWN	at	729028  
729316	[288]	:	Key	66	UP	at	729316  
729427	[111]	:	Key	92	UP	at	729427  
730627	[1200]	:	Key	67	DOWN	at	730627  
730803	[176]	:	Key	67	UP	at	730803  
732892	[2089]	:	Key	66	DOWN	at	732892  
733108	[216]	:	Key	66	UP	at	733108  
735164	[2056]	:	Key	97	DOWN	at	735164  
736352	[1188]	:	Key	66	DOWN	at	735172  
736352	[0]	:	Key	66	UP	at	735444  
736352	[0]	:	Key	97	UP	at	735460  
816003	[79651]	:	Key	71	DOWN	at	816003  
816299	[296]	:	Key	71	UP	at	816220  
819755	[3456]	:	Key	71	DOWN	at	819755  
819891	[136]	:	Key	71	UP	at	819891  
821076	[1185]	:	Key	71	DOWN	at	821076  
824371	[3295]	:	Key	71	UP	at	821180  
826404	[2033]	:	Key	71	DOWN	at	826404  
829705	[3301]	:	Key	71	UP	at	826532  
830916	[1211]	:	Key	71	DOWN	at	830916  
834217	[3301]	:	Key	71	UP	at	831052  
836075	[1858]	:	Key	71	DOWN	at	836075  
839364	[3289]	:	Key	71	UP	at	836243  
840308	[944]	:	Key	71	DOWN	at	840308  
843598	[3290]	:	Key	71	UP	at	840492  
844140	[542]	:	Key	71	DOWN	at	844140  
847432	[3292]	:	Key	71	UP	at	844316  
847434	[2]	:	Key	71	DOWN	at	846908  
847435	[1]	:	Key	71	UP	at	847092  
851956	[4521]	:	Key	71	DOWN	at	851956  
855246	[3290]	:	Key	71	UP	at	852132  
855836	[590]	:	Key	71	DOWN	at	855836  
859743	[3907]	:	Key	71	UP	at	856068  
859743	[0]	:	Key	71	DOWN	at	858380  
859743	[0]	:	Key	71	UP	at	858580  
861396	[1653]	:	Key	71	DOWN	at	861396  
862437	[1041]	:	Key	71	UP	at	861564  
864148	[1711]	:	Key	97	DOWN	at	864148  
865268	[1120]	:	Key	97	UP	at	864300  
866284	[1016]	:	Key	98	DOWN	at	866284  
867416	[1132]	:	Key	98	UP	at	866460  
868996	[1580]	:	Key	98	DOWN	at	868996  
870117	[1121]	:	Key	98	UP	at	869188  
871083	[966]	:	Key	97	DOWN	at	871083  
872209	[1126]	:	Key	97	UP	at	871220  
873348	[1139]	:	Key	98	DOWN	at	873348  
874461	[1113]	:	Key	98	UP	at	873484  
875316	[855]	:	Key	97	DOWN	at	875316  
876437	[1121]	:	Key	97	UP	at	875420  
877540	[1103]	:	Key	97	DOWN	at	877540  
878662	[1122]	:	Key	97	UP	at	877652  
880252	[1590]	:	Key	98	DOWN	at	880252  
881935	[1683]	:	Key	98	UP	at	880404  
884572	[2637]	:	Key	71	DOWN	at	884572  
885622	[1050]	:	Key	71	UP	at	884732  
886732	[1110]	:	Key	97	DOWN	at	886732  
887848	[1116]	:	Key	97	UP	at	886868  
892164	[4316]	:	Key	98	DOWN	at	892164  
893277	[1113]	:	Key	98	UP	at	892324  
895540	[2263]	:	Key	97	DOWN	at	895540  
896668	[1128]	:	Key	97	UP	at	895692  
897788	[1120]	:	Key	98	DOWN	at	897788  
898918	[1130]	:	Key	98	UP	at	897924  
900356	[1438]	:	Key	98	DOWN	at	900356  
901468	[1112]	:	Key	98	UP	at	900548  
903892	[2424]	:	Key	98	DOWN	at	903892  
905011	[1119]	:	Key	98	UP	at	904044  
907636	[2625]	:	Key	97	DOWN	at	907636  
908757	[1121]	:	Key	97	UP	at	907788  
911172	[2415]	:	Key	97	DOWN	at	911172  
912354	[1182]	:	Key	97	UP	at	911356  
914212	[1858]	:	Key	71	DOWN	at	914212  
914524	[312]	:	Key	71	UP	at	914412  
915652	[1128]	:	Key	71	DOWN	at	915652  
915852	[200]	:	Key	71	UP	at	915852  
917052	[1200]	:	Key	71	DOWN	at	917052  
920353	[3301]	:	Key	71	UP	at	917220  
921036	[683]	:	Key	71	DOWN	at	921036  
924326	[3290]	:	Key	71	UP	at	921228  
924611	[285]	:	Key	71	DOWN	at	924611  
927912	[3301]	:	Key	71	UP	at	924812  
927914	[2]	:	Key	71	DOWN	at	927196  
927915	[1]	:	Key	71	UP	at	927380  
928828	[913]	:	Key	71	DOWN	at	928828  
932129	[3301]	:	Key	71	UP	at	929012  
933372	[1243]	:	Key	71	DOWN	at	933372  
936672	[3300]	:	Key	71	UP	at	933548  
937148	[476]	:	Key	71	DOWN	at	937148  
940448	[3300]	:	Key	71	UP	at	937332  
940916	[468]	:	Key	71	DOWN	at	940916  
944212	[3296]	:	Key	71	UP	at	941116  
944892	[680]	:	Key	71	DOWN	at	944892  
948796	[3904]	:	Key	71	UP	at	945076  
949348	[552]	:	Key	71	DOWN	at	949348  
950391	[1043]	:	Key	71	UP	at	949516  
953628	[3237]	:	Key	98	DOWN	at	953628  
954746	[1118]	:	Key	98	UP	at	953812  
955596	[850]	:	Key	97	DOWN	at	955596  
956719	[1123]	:	Key	97	UP	at	955732  
957660	[941]	:	Key	97	DOWN	at	957660  
958765	[1105]	:	Key	97	UP	at	957804  
960276	[1511]	:	Key	97	DOWN	at	960276  
961405	[1129]	:	Key	97	UP	at	960388  
962500	[1095]	:	Key	97	DOWN	at	962500  
963619	[1119]	:	Key	97	UP	at	962596  
965036	[1417]	:	Key	97	DOWN	at	965036  
966154	[1118]	:	Key	97	UP	at	965196  
967188	[1034]	:	Key	97	DOWN	at	967188  
968313	[1125]	:	Key	97	UP	at	967300  
969860	[1547]	:	Key	97	DOWN	at	969860  
971547	[1687]	:	Key	97	UP	at	969964  
972796	[1249]	:	Key	71	DOWN	at	972796  
973843	[1047]	:	Key	71	UP	at	972916  
976020	[2177]	:	Key	97	DOWN	at	976020  
977144	[1124]	:	Key	97	UP	at	976132  
978812	[1668]	:	Key	98	DOWN	at	978812  
979943	[1131]	:	Key	98	UP	at	978948  
981788	[1845]	:	Key	97	DOWN	at	981788  
982912	[1124]	:	Key	97	UP	at	981908  
984188	[1276]	:	Key	98	DOWN	at	984188  
985311	[1123]	:	Key	98	UP	at	984348  
986476	[1165]	:	Key	98	DOWN	at	986476  
987595	[1119]	:	Key	98	UP	at	986604  
988804	[1209]	:	Key	97	DOWN	at	988804  
989930	[1126]	:	Key	97	UP	at	988908  
991116	[1186]	:	Key	98	DOWN	at	991116  
992245	[1129]	:	Key	98	UP	at	991236  
993236	[991]	:	Key	97	DOWN	at	993236  
994429	[1193]	:	Key	97	UP	at	993364  
1002692	[8263]	:	Key	71	DOWN	at	1002692 
1002999	[307]	:	Key	71	UP	at	1002844 
1005812	[2813]	:	Key	71	DOWN	at	1005812 
1005980	[168]	:	Key	71	UP	at	1005980 
1006644	[664]	:	Key	71	DOWN	at	1006644 
1009947	[3303]	:	Key	71	UP	at	1006804 
1010588	[641]	:	Key	71	DOWN	at	1010588 
1013881	[3293]	:	Key	71	UP	at	1010772 
1013980	[99]	:	Key	71	DOWN	at	1013980 
1017280	[3300]	:	Key	71	UP	at	1014148 
1017684	[404]	:	Key	71	DOWN	at	1017684 
1020973	[3289]	:	Key	71	UP	at	1017884 
1021404	[431]	:	Key	71	DOWN	at	1021404 
1024699	[3295]	:	Key	71	UP	at	1021548 
1024701	[2]	:	Key	71	DOWN	at	1024284 
1024702	[1]	:	Key	71	UP	at	1024444 
1027692	[2990]	:	Key	71	DOWN	at	1027692 
1030992	[3300]	:	Key	71	UP	at	1027867 
1031596	[604]	:	Key	71	DOWN	at	1031596 
1034895	[3299]	:	Key	71	UP	at	1031788 
1034896	[1]	:	Key	71	DOWN	at	1034220 
1034897	[1]	:	Key	71	UP	at	1034412 
1037420	[2523]	:	Key	71	DOWN	at	1037420 
1041317	[3897]	:	Key	71	UP	at	1037604 
1041924	[607]	:	Key	71	DOWN	at	1041924 
1042972	[1048]	:	Key	71	UP	at	1042099 
1044164	[1192]	:	Key	97	DOWN	at	1044164 
1045292	[1128]	:	Key	97	UP	at	1044308 
1046236	[944]	:	Key	97	DOWN	at	1046236 
1047356	[1120]	:	Key	97	UP	at	1046387 
1048220	[864]	:	Key	97	DOWN	at	1048220 
1049327	[1107]	:	Key	97	UP	at	1048365 
1050700	[1373]	:	Key	98	DOWN	at	1050700 
1051823	[1123]	:	Key	98	UP	at	1050844 
1052652	[829]	:	Key	98	DOWN	at	1052652 
1053772	[1120]	:	Key	98	UP	at	1052836 
1054708	[936]	:	Key	97	DOWN	at	1054708 
1055818	[1110]	:	Key	97	UP	at	1054852 
1057476	[1658]	:	Key	98	DOWN	at	1057476 
1058607	[1131]	:	Key	98	UP	at	1057628 
1061212	[2605]	:	Key	98	DOWN	at	1061212 
1062900	[1688]	:	Key	98	UP	at	1061428 
1063660	[760]	:	Key	71	DOWN	at	1063660 
1064701	[1041]	:	Key	71	UP	at	1063820 
1066412	[1711]	:	Key	98	DOWN	at	1066412 
1067531	[1119]	:	Key	98	UP	at	1066597 
1069732	[2201]	:	Key	97	DOWN	at	1069732 
1070850	[1118]	:	Key	97	UP	at	1069916 
1072252	[1402]	:	Key	98	DOWN	at	1072252 
1073367	[1115]	:	Key	98	UP	at	1072420 
1074796	[1429]	:	Key	98	DOWN	at	1074796 
1075913	[1117]	:	Key	98	UP	at	1074956 
1076996	[1083]	:	Key	98	DOWN	at	1076996 
1078114	[1118]	:	Key	98	UP	at	1077148 
1079036	[922]	:	Key	98	DOWN	at	1079036 
1080154	[1118]	:	Key	98	UP	at	1079180 
1081260	[1106]	:	Key	98	DOWN	at	1081260 
1082370	[1110]	:	Key	98	UP	at	1081396 
1083420	[1050]	:	Key	97	DOWN	at	1083420 
1084599	[1179]	:	Key	97	UP	at	1083549 
1085988	[1389]	:	Key	71	DOWN	at	1085988 
1086312	[324]	:	Key	71	UP	at	1086100 
1087588	[1276]	:	Key	71	DOWN	at	1087588 
1087716	[128]	:	Key	71	UP	at	1087716 
1088420	[704]	:	Key	71	DOWN	at	1088420 
1091722	[3302]	:	Key	71	UP	at	1088604 
1094660	[2938]	:	Key	71	DOWN	at	1094660 
1097955	[3295]	:	Key	71	UP	at	1094820 
1098684	[729]	:	Key	71	DOWN	at	1098684 
1101984	[3300]	:	Key	71	UP	at	1098932 
1103412	[1428]	:	Key	71	DOWN	at	1103412 
1106701	[3289]	:	Key	71	UP	at	1103628 
1108484	[1783]	:	Key	71	DOWN	at	1108484 
1111783	[3299]	:	Key	71	UP	at	1108668 
1111908	[125]	:	Key	71	DOWN	at	1111908 
1115211	[3303]	:	Key	71	UP	at	1112124 
1115213	[2]	:	Key	71	DOWN	at	1114508 
1115214	[1]	:	Key	71	UP	at	1114716 
1117284	[2070]	:	Key	71	DOWN	at	1117284 
1120586	[3302]	:	Key	71	UP	at	1117533 
1121332	[746]	:	Key	71	DOWN	at	1121332 
1125240	[3908]	:	Key	71	UP	at	1121524 
1125240	[0]	:	Key	71	DOWN	at	1124004 
1125240	[0]	:	Key	71	UP	at	1124212 
1125748	[508]	:	Key	71	DOWN	at	1125748 
1126795	[1047]	:	Key	71	UP	at	1125948 
1128828	[2033]	:	Key	98	DOWN	at	1128828 
1129949	[1121]	:	Key	98	UP	at	1129004 
1131724	[1775]	:	Key	98	DOWN	at	1131724 
1132851	[1127]	:	Key	98	UP	at	1131908 
1134308	[1457]	:	Key	98	DOWN	at	1134308 
1135435	[1127]	:	Key	98	UP	at	1134468 
1139804	[4369]	:	Key	98	DOWN	at	1139804 
1140934	[1130]	:	Key	98	UP	at	1139948 
1144244	[3310]	:	Key	97	DOWN	at	1144244 
1145374	[1130]	:	Key	97	UP	at	1144412 
1147916	[2542]	:	Key	98	DOWN	at	1147916 
1149050	[1134]	:	Key	98	UP	at	1148052 
1150396	[1346]	:	Key	97	DOWN	at	1150396 
1151514	[1118]	:	Key	97	UP	at	1150556 
1153509	[1995]	:	Key	97	DOWN	at	1153509 
1155185	[1676]	:	Key	97	UP	at	1153653 
1157052	[1867]	:	Key	71	DOWN	at	1157052 
1158093	[1041]	:	Key	71	UP	at	1157244 
1161700	[3607]	:	Key	98	DOWN	at	1161700 
1162833	[1133]	:	Key	98	UP	at	1161892 
1164156	[1323]	:	Key	98	DOWN	at	1164156 
1165259	[1103]	:	Key	98	UP	at	1164316 
1166028	[769]	:	Key	97	DOWN	at	1166028 
1167163	[1135]	:	Key	97	UP	at	1166196 
1168500	[1337]	:	Key	97	DOWN	at	1168500 
1169633	[1133]	:	Key	97	UP	at	1168716 
1170789	[1156]	:	Key	97	DOWN	at	1170789 
1171915	[1126]	:	Key	97	UP	at	1170916 
1173044	[1129]	:	Key	98	DOWN	at	1173044 
1174145	[1101]	:	Key	98	UP	at	1173181 
1175428	[1283]	:	Key	98	DOWN	at	1175428 
1176565	[1137]	:	Key	98	UP	at	1175588 
1177804	[1239]	:	Key	98	DOWN	at	1177804 
1178977	[1173]	:	Key	98	UP	at	1177948 
1180020	[1043]	:	Key	71	DOWN	at	1180020 
1180341	[321]	:	Key	71	UP	at	1180204 
1180996	[655]	:	Key	71	DOWN	at	1180996 
1181148	[152]	:	Key	71	UP	at	1181148 
1181812	[664]	:	Key	71	DOWN	at	1181812 
1185113	[3301]	:	Key	71	UP	at	1181964 
1185115	[2]	:	Key	71	DOWN	at	1184116 
1185116	[1]	:	Key	71	UP	at	1184292 
1186084	[968]	:	Key	71	DOWN	at	1186084 
1189386	[3302]	:	Key	71	UP	at	1186284 
1189388	[2]	:	Key	71	DOWN	at	1186572 
1189389	[1]	:	Key	71	UP	at	1186740 
1189876	[487]	:	Key	71	DOWN	at	1189876 
1193177	[3301]	:	Key	71	UP	at	1190013 
1193620	[443]	:	Key	71	DOWN	at	1193620 
1196911	[3291]	:	Key	71	UP	at	1193788 
1197404	[493]	:	Key	71	DOWN	at	1197404 
1200705	[3301]	:	Key	71	UP	at	1197580 
1201180	[475]	:	Key	71	DOWN	at	1201180 
1204470	[3290]	:	Key	71	UP	at	1201388 
1204472	[2]	:	Key	71	DOWN	at	1203644 
1204473	[1]	:	Key	71	UP	at	1203916 
1214100	[9627]	:	Key	71	DOWN	at	1214100 
1217404	[3304]	:	Key	71	UP	at	1214284 
1217406	[2]	:	Key	71	DOWN	at	1216660 
1217407	[1]	:	Key	71	UP	at	1216852 
1222156	[4749]	:	Key	71	DOWN	at	1222156 
1226066	[3910]	:	Key	71	UP	at	1222301 
1226066	[0]	:	Key	71	DOWN	at	1224581 
1226066	[0]	:	Key	71	UP	at	1224781 
1227012	[946]	:	Key	71	DOWN	at	1227012 
1228052	[1040]	:	Key	71	UP	at	1227180 
1230148	[2096]	:	Key	97	DOWN	at	1230148 
1231268	[1120]	:	Key	97	UP	at	1230316 
1232932	[1664]	:	Key	97	DOWN	at	1232932 
1234070	[1138]	:	Key	97	UP	at	1233092 
1234892	[822]	:	Key	97	DOWN	at	1234892 
1236019	[1127]	:	Key	97	UP	at	1235036 
1236740	[721]	:	Key	97	DOWN	at	1236740 
1237855	[1115]	:	Key	97	UP	at	1236876 
1238796	[941]	:	Key	97	DOWN	at	1238796 
1239925	[1129]	:	Key	97	UP	at	1238932 
1240541	[616]	:	Key	97	DOWN	at	1240541 
1241667	[1126]	:	Key	97	UP	at	1240677 
1242421	[754]	:	Key	97	DOWN	at	1242421 
1243549	[1128]	:	Key	97	UP	at	1242548 
1244564	[1015]	:	Key	98	DOWN	at	1244564 
1246255	[1691]	:	Key	98	UP	at	1244748 
1246948	[693]	:	Key	71	DOWN	at	1246948 
1247994	[1046]	:	Key	71	UP	at	1247108 
1250892	[2898]	:	Key	97	DOWN	at	1250892 
1252025	[1133]	:	Key	97	UP	at	1251028 
1254612	[2587]	:	Key	98	DOWN	at	1254612 
1255738	[1126]	:	Key	98	UP	at	1254780 
1256868	[1130]	:	Key	97	DOWN	at	1256868 
1257971	[1103]	:	Key	97	UP	at	1256996 
1259205	[1234]	:	Key	97	DOWN	at	1259205 
1260325	[1120]	:	Key	97	UP	at	1259373 
1261676	[1351]	:	Key	98	DOWN	at	1261676 
1262803	[1127]	:	Key	98	UP	at	1261876 
1263716	[913]	:	Key	98	DOWN	at	1263716 
1264852	[1136]	:	Key	98	UP	at	1263908 
1266252	[1400]	:	Key	97	DOWN	at	1266252 
1267378	[1126]	:	Key	97	UP	at	1266388 
1268604	[1226]	:	Key	98	DOWN	at	1268604 
1269814	[1210]	:	Key	98	UP	at	1268764 
1271132	[1318]	:	Key	71	DOWN	at	1271132 
1271455	[323]	:	Key	71	UP	at	1271324 
1272492	[1037]	:	Key	71	DOWN	at	1272492 
1272668	[176]	:	Key	71	UP	at	1272668 
1273092	[424]	:	Key	71	DOWN	at	1273092 
1276394	[3302]	:	Key	71	UP	at	1273276 
1276821	[427]	:	Key	71	DOWN	at	1276821 
1280124	[3303]	:	Key	71	UP	at	1276989 
1280126	[2]	:	Key	71	DOWN	at	1279293 
1280127	[1]	:	Key	71	UP	at	1279453 
1280628	[501]	:	Key	71	DOWN	at	1280628 
1283920	[3292]	:	Key	71	UP	at	1280796 
1284740	[820]	:	Key	71	DOWN	at	1284740 
1288028	[3288]	:	Key	71	UP	at	1284900 
1288460	[432]	:	Key	71	DOWN	at	1288460 
1291758	[3298]	:	Key	71	UP	at	1288644 
1292060	[302]	:	Key	71	DOWN	at	1292060 
1295357	[3297]	:	Key	71	UP	at	1292229 
1295757	[400]	:	Key	71	DOWN	at	1295757 
1299048	[3291]	:	Key	71	UP	at	1295941 
1299050	[2]	:	Key	71	DOWN	at	1298588 
1299051	[1]	:	Key	71	UP	at	1298828 
1300092	[1041]	:	Key	71	DOWN	at	1300092 
1304011	[3919]	:	Key	71	UP	at	1300276 
1304011	[0]	:	Key	71	DOWN	at	1302740 
1304011	[0]	:	Key	71	UP	at	1302924 
1305212	[1201]	:	Key	71	DOWN	at	1305212 
1306256	[1044]	:	Key	71	UP	at	1305396 
1307484	[1228]	:	Key	97	DOWN	at	1307484 
1308593	[1109]	:	Key	97	UP	at	1307612 
1309460	[867]	:	Key	98	DOWN	at	1309460 
1310601	[1141]	:	Key	98	UP	at	1309588 
1311693	[1092]	:	Key	98	DOWN	at	1311693 
1312800	[1107]	:	Key	98	UP	at	1311853 
1313581	[781]	:	Key	98	DOWN	at	1313581 
1314709	[1128]	:	Key	98	UP	at	1313733 
1315500	[791]	:	Key	97	DOWN	at	1315500 
1316630	[1130]	:	Key	97	UP	at	1315604 
1318052	[1422]	:	Key	97	DOWN	at	1318052 
1319178	[1126]	:	Key	97	UP	at	1318172 
1319924	[746]	:	Key	97	DOWN	at	1319924 
1321049	[1125]	:	Key	97	UP	at	1320052 
1321660	[611]	:	Key	97	DOWN	at	1321660 
1323350	[1690]	:	Key	97	UP	at	1321772 
1324156	[806]	:	Key	71	DOWN	at	1324156 
1325197	[1041]	:	Key	71	UP	at	1324316 
1326116	[919]	:	Key	98	DOWN	at	1326116 
1327238	[1122]	:	Key	98	UP	at	1326292 
1328381	[1143]	:	Key	98	DOWN	at	1328381 
1329503	[1122]	:	Key	98	UP	at	1328541 
1330213	[710]	:	Key	98	DOWN	at	1330213 
1331340	[1127]	:	Key	98	UP	at	1330365 
1332508	[1168]	:	Key	97	DOWN	at	1332508 
1333618	[1110]	:	Key	97	UP	at	1332660 
1334948	[1330]	:	Key	97	DOWN	at	1334948 
1336077	[1129]	:	Key	97	UP	at	1335092 
1337172	[1095]	:	Key	97	DOWN	at	1337172 
1338295	[1123]	:	Key	97	UP	at	1337292 
1339012	[717]	:	Key	98	DOWN	at	1339012 
1340125	[1113]	:	Key	98	UP	at	1339172 
1341668	[1543]	:	Key	97	DOWN	at	1341668 
1342887	[1219]	:	Key	97	UP	at	1341780 
1345037	[2150]	:	Key	71	DOWN	at	1345037 
1345365	[328]	:	Key	71	UP	at	1345181 
1371140	[25775]	:	Key	97	DOWN	at	1371140 
1371276	[136]	:	Key	97	UP	at	1371276 
1389292	[18016]	:	Key	97	DOWN	at	1389292 
1389460	[168]	:	Key	97	UP	at	1389460 
1417573	[28113]	:	Key	98	DOWN	at	1417573 
1417733	[160]	:	Key	98	UP	at	1417733 
1418789	[1056]	:	Key	97	DOWN	at	1418789 
1418989	[200]	:	Key	97	UP	at	1418989 
1422900	[3911]	:	Key	97	DOWN	at	1422900 
1423100	[200]	:	Key	97	UP	at	1423100 
1432221	[9121]	:	Key	97	DOWN	at	1432221 
1432413	[192]	:	Key	97	UP	at	1432413 
1448284	[15871]	:	Key	97	DOWN	at	1448284 
1448492	[208]	:	Key	97	UP	at	1448492 
1461444	[12952]	:	Key	97	DOWN	at	1461444 
1461636	[192]	:	Key	97	UP	at	1461636 
1468565	[6929]	:	Key	97	DOWN	at	1468565 
1468749	[184]	:	Key	97	UP	at	1468749 
1488949	[20200]	:	Key	97	DOWN	at	1488949 
1489149	[200]	:	Key	97	UP	at	1489149 
1498836	[9687]	:	Key	97	DOWN	at	1498836 
1499036	[200]	:	Key	97	UP	at	1499036 
1503413	[4377]	:	Key	97	DOWN	at	1503413 
1503589	[176]	:	Key	97	UP	at	1503589 
1515044	[11455]	:	Key	97	DOWN	at	1515044 
1515220	[176]	:	Key	97	UP	at	1515220 
1523885	[8665]	:	Key	97	DOWN	at	1523885 
1524053	[168]	:	Key	97	UP	at	1524053 
1539285	[15232]	:	Key	97	DOWN	at	1539285 
1539445	[160]	:	Key	97	UP	at	1539445 
1547468	[8023]	:	Key	97	DOWN	at	1547468 
1547652	[184]	:	Key	97	UP	at	1547652 
1562764	[15112]	:	Key	97	DOWN	at	1562764 
1562932	[168]	:	Key	97	UP	at	1562932 
1589925	[26993]	:	Key	98	DOWN	at	1589925 
1590093	[168]	:	Key	98	UP	at	1590093 
1591957	[1864]	:	Key	97	DOWN	at	1591957 
1592149	[192]	:	Key	97	UP	at	1592149 
1592501	[352]	:	Key	97	DOWN	at	1592501 
1592670	[169]	:	Key	97	UP	at	1592669 
1595949	[3279]	:	Key	98	DOWN	at	1595949 
1596141	[192]	:	Key	98	UP	at	1596141 
1599636	[3495]	:	Key	98	DOWN	at	1599636 
1599884	[248]	:	Key	98	UP	at	1599884 
1601732	[1848]	:	Key	97	DOWN	at	1601732 
1601892	[160]	:	Key	97	UP	at	1601892 
1602572	[680]	:	Key	71	DOWN	at	1602572 
1602764	[192]	:	Key	71	UP	at	1602764 
1603524	[760]	:	Key	71	DOWN	at	1603524 
1603684	[160]	:	Key	71	UP	at	1603684 
1604780	[1096]	:	Key	98	DOWN	at	1604780 
1604948	[168]	:	Key	98	UP	at	1604948 
1605724	[776]	:	Key	98	DOWN	at	1605724 
1605908	[184]	:	Key	98	UP	at	1605908 
1606188	[280]	:	Key	98	DOWN	at	1606188 
1606308	[120]	:	Key	98	UP	at	1606308 
1606420	[112]	:	Key	98	DOWN	at	1606420 
1606532	[112]	:	Key	98	UP	at	1606532 
1606636	[104]	:	Key	98	DOWN	at	1606636 
1606756	[120]	:	Key	98	UP	at	1606756 
1606868	[112]	:	Key	98	DOWN	at	1606868 
1606989	[121]	:	Key	98	UP	at	1606989 
1607469	[480]	:	Key	98	DOWN	at	1607469 
1607613	[144]	:	Key	98	UP	at	1607613 
1607845	[232]	:	Key	98	DOWN	at	1607845 
1608005	[160]	:	Key	98	UP	at	1608005 
1608237	[232]	:	Key	98	DOWN	at	1608237 
1608381	[144]	:	Key	98	UP	at	1608381 
1608573	[192]	:	Key	98	DOWN	at	1608573 
1608726	[153]	:	Key	98	UP	at	1608725 
1608933	[207]	:	Key	98	DOWN	at	1608933 
1609053	[120]	:	Key	98	UP	at	1609053 
1609365	[312]	:	Key	98	DOWN	at	1609365 
1609501	[136]	:	Key	98	UP	at	1609501 
1609725	[224]	:	Key	98	DOWN	at	1609725 
1609845	[120]	:	Key	98	UP	at	1609845 
1609981	[136]	:	Key	98	DOWN	at	1609981 
1610117	[136]	:	Key	98	UP	at	1610117 
1610293	[176]	:	Key	98	DOWN	at	1610293 
1610429	[136]	:	Key	98	UP	at	1610429 
1610621	[192]	:	Key	98	DOWN	at	1610621 
1610749	[128]	:	Key	98	UP	at	1610749 
1611221	[472]	:	Key	98	DOWN	at	1611221 
1611453	[232]	:	Key	98	UP	at	1611453 
1611613	[160]	:	Key	98	DOWN	at	1611613 
1611813	[200]	:	Key	98	UP	at	1611813 
1612525	[712]	:	Key	97	DOWN	at	1612525 
1613869	[1344]	:	Key	97	UP	at	1613869 
1614229	[360]	:	Key	98	DOWN	at	1614229 
1615276	[1047]	:	Key	98	UP	at	1615276 
1615428	[152]	:	Key	98	DOWN	at	1615428 
1615580	[152]	:	Key	98	UP	at	1615580 
1616612	[1032]	:	Key	71	DOWN	at	1616612 
1616796	[184]	:	Key	71	UP	at	1616796 
1617364	[568]	:	Key	59	DOWN	at	1617364 
1617516	[152]	:	Key	59	UP	at	1617516 
1617772	[256]	:	Key	59	DOWN	at	1617772 
1617916	[144]	:	Key	59	UP	at	1617916 
1619332	[1416]	:	Key	98	DOWN	at	1619332 
1619500	[168]	:	Key	98	UP	at	1619500 
1619804	[304]	:	Key	97	DOWN	at	1619804 
1620292	[488]	:	Key	97	UP	at	1620292 
1623364	[3072]	:	Key	97	DOWN	at	1623364 
1623972	[608]	:	Key	97	UP	at	1623972 
1624565	[593]	:	Key	97	DOWN	at	1624565 
1624701	[136]	:	Key	97	UP	at	1624701 
1624829	[128]	:	Key	97	DOWN	at	1624829 
1624926	[97]	:	Key	97	UP	at	1624917 
1625037	[111]	:	Key	97	DOWN	at	1625037 
1625125	[88]	:	Key	97	UP	at	1625125 
1626021	[896]	:	Key	97	DOWN	at	1626021 
1626157	[136]	:	Key	97	UP	at	1626157 
1626269	[112]	:	Key	97	DOWN	at	1626269 
1627397	[1128]	:	Key	97	UP	at	1627397 
1627525	[128]	:	Key	97	DOWN	at	1627525 
1627637	[112]	:	Key	97	UP	at	1627637 
1627773	[136]	:	Key	97	DOWN	at	1627773 
1627854	[81]	:	Key	97	UP	at	1627853 
1627965	[111]	:	Key	97	DOWN	at	1627965 
1628039	[74]	:	Key	97	UP	at	1628037 
1628149	[110]	:	Key	97	DOWN	at	1628149 
1628219	[70]	:	Key	97	UP	at	1628205 
1628325	[106]	:	Key	97	DOWN	at	1628325 
1628400	[75]	:	Key	97	UP	at	1628389 
1628501	[101]	:	Key	97	DOWN	at	1628501 
1628583	[82]	:	Key	97	UP	at	1628581 
1628685	[102]	:	Key	97	DOWN	at	1628685 
1628772	[87]	:	Key	97	UP	at	1628757 
1628853	[81]	:	Key	97	DOWN	at	1628853 
1628952	[99]	:	Key	97	UP	at	1628949 
1629037	[85]	:	Key	97	DOWN	at	1629037 
1629141	[104]	:	Key	97	UP	at	1629141 
1629245	[104]	:	Key	97	DOWN	at	1629245 
1629349	[104]	:	Key	97	UP	at	1629349 
1629461	[112]	:	Key	97	DOWN	at	1629461 
1629581	[120]	:	Key	97	UP	at	1629581 
1629789	[208]	:	Key	97	DOWN	at	1629789 
1629870	[81]	:	Key	97	UP	at	1629861 
1630509	[639]	:	Key	97	DOWN	at	1630509 
1631509	[1000]	:	Key	97	UP	at	1630741 
1636420	[4911]	:	Key	71	DOWN	at	1636420 
1636740	[320]	:	Key	71	UP	at	1636612 
1638220	[1480]	:	Key	71	DOWN	at	1638220 
1782869	[144649]	:	Key	71	DOWN	at	1782869 
1783061	[192]	:	Key	71	UP	at	1783061 
1783861	[800]	:	Key	71	DOWN	at	1783861 
1823159	[39298]	:	Key	71	DOWN	at	1821205 
1823160	[1]	:	Key	71	UP	at	1821413 
2288253	[465093]	:	Key	71	DOWN	at	2288253 
2288485	[232]	:	Key	71	UP	at	2288485 
2320709	[32224]	:	Key	97	DOWN	at	2320709 
2321709	[1000]	:	Key	97	UP	at	2320861 
2321837	[128]	:	Key	98	DOWN	at	2321837 
2322029	[192]	:	Key	98	UP	at	2322029 
2323541	[1512]	:	Key	71	DOWN	at	2323541 
2822053	[498512]	:	Key	71	DOWN	at	2822053 
2822573	[520]	:	Key	71	UP	at	2822573 
2825037	[2464]	:	Key	71	DOWN	at	2825037 
2825269	[232]	:	Key	71	UP	at	2825269 
2847877	[22608]	:	Key	71	DOWN	at	2847877 
2848069	[192]	:	Key	71	UP	at	2848069 
2849326	[1257]	:	Key	97	DOWN	at	2849326 
2850326	[1000]	:	Key	97	UP	at	2849486 
2850328	[2]	:	Key	98	DOWN	at	2849918 
2850329	[1]	:	Key	98	UP	at	2850110 
2851502	[1173]	:	Key	71	DOWN	at	2851502 
3342318	[490816]	:	Key	71	DOWN	at	3342318 
3342502	[184]	:	Key	71	UP	at	3342502 
3362982	[20480]	:	Key	71	DOWN	at	3362982 
3363262	[280]	:	Key	71	UP	at	3363262 
3371005	[7743]	:	Key	97	DOWN	at	3371005 
3372005	[1000]	:	Key	97	UP	at	3371206 
3372007	[2]	:	Key	98	DOWN	at	3371853 
3372096	[89]	:	Key	98	UP	at	3372094 
3373966	[1870]	:	Key	71	DOWN	at	3373966 
3848494	[474528]	:	Key	71	DOWN	at	3848494 
3848702	[208]	:	Key	71	UP	at	3848702 
3860413	[11711]	:	Key	71	DOWN	at	3860413 
3860653	[240]	:	Key	71	UP	at	3860653 
3880454	[19801]	:	Key	98	DOWN	at	3880454 
3880590	[136]	:	Key	98	UP	at	3880590 
3882126	[1536]	:	Key	97	DOWN	at	3882126 
3883126	[1000]	:	Key	97	UP	at	3882318 
3884285	[1159]	:	Key	71	DOWN	at	3884285 
4954202	[1069917]	:	Key	71	DOWN	at	4954202 
4954309	[107]	:	COGENT STOP
