Cog2000 log file Sun Mar 14 11:01:00 2021
gprim v1.33 Compiled:Aug 12 2015 (GLib DirectDraw v7 DX10.0 Compiled:Aug 12 2015)
Display:1024x768x32 59.99Hz
Attaching E:\Sahar Rajabi\Final MBMF+Drug Task\Cogent2000v1.33\Toolbox\CogInput.mexw64
CogInput v1.05 Compiled: May 20 2010
4	[4]	:	COGENT START
21642	[21638]	:	Key	97	DOWN	at	21641   
21800	[158]	:	Key	97	UP	at	21800   
22500	[700]	:	Key	97	DOWN	at	22500   
22580	[80]	:	Key	97	UP	at	22522   
35417	[12837]	:	Key	98	DOWN	at	35417   
35509	[92]	:	Key	98	UP	at	35506   
40001	[4492]	:	Key	98	DOWN	at	40001   
40209	[208]	:	Key	98	UP	at	40209   
40481	[272]	:	Key	98	DOWN	at	40481   
40592	[111]	:	Key	98	UP	at	40592   
40841	[249]	:	Key	98	DOWN	at	40841   
41017	[176]	:	Key	98	UP	at	41017   
41089	[72]	:	Key	71	DOWN	at	41089   
41233	[144]	:	Key	71	UP	at	41233   
42857	[1624]	:	Key	98	DOWN	at	42857   
43025	[168]	:	Key	98	UP	at	43025   
45097	[2072]	:	Key	98	DOWN	at	45097   
45297	[200]	:	Key	98	UP	at	45297   
45777	[480]	:	Key	97	DOWN	at	45777   
45912	[135]	:	Key	97	UP	at	45912   
46048	[136]	:	Key	97	DOWN	at	46048   
46176	[128]	:	Key	97	UP	at	46176   
46304	[128]	:	Key	97	DOWN	at	46304   
47304	[1000]	:	Key	97	UP	at	46352   
47306	[2]	:	Key	97	DOWN	at	46634   
47307	[1]	:	Key	97	UP	at	46762   
47308	[1]	:	Key	97	DOWN	at	46929   
47309	[1]	:	Key	97	UP	at	47057   
48097	[788]	:	Key	71	DOWN	at	48097   
48224	[127]	:	Key	71	UP	at	48224   
52475	[4251]	:	Key	71	DOWN	at	52475   
55851	[3376]	:	Key	71	UP	at	52495   
57249	[1398]	:	Key	71	DOWN	at	57249   
60560	[3311]	:	Key	71	UP	at	57426   
61057	[497]	:	Key	71	DOWN	at	61057   
64355	[3298]	:	Key	71	UP	at	61226   
65296	[941]	:	Key	71	DOWN	at	65296   
68594	[3298]	:	Key	71	UP	at	65473   
68760	[166]	:	Key	71	DOWN	at	68760   
72060	[3300]	:	Key	71	UP	at	68913   
72937	[877]	:	Key	71	DOWN	at	72937   
76235	[3298]	:	Key	71	UP	at	73130   
76913	[678]	:	Key	71	DOWN	at	76913   
80213	[3300]	:	Key	71	UP	at	77097   
80961	[748]	:	Key	71	DOWN	at	80961   
84245	[3284]	:	Key	71	UP	at	81178   
84496	[251]	:	Key	71	DOWN	at	84496   
87795	[3299]	:	Key	71	UP	at	84665   
88497	[702]	:	Key	71	DOWN	at	88497   
91797	[3300]	:	Key	71	UP	at	88681   
92473	[676]	:	Key	71	DOWN	at	92473   
95773	[3300]	:	Key	71	UP	at	92682   
96529	[756]	:	Key	71	DOWN	at	96529   
99818	[3289]	:	Key	71	UP	at	96752   
100425	[607]	:	Key	71	DOWN	at	100425  
103717	[3292]	:	Key	71	UP	at	100634  
104296	[579]	:	Key	71	DOWN	at	104296  
107584	[3288]	:	Key	71	UP	at	104497  
108153	[569]	:	Key	71	DOWN	at	108153  
111441	[3288]	:	Key	71	UP	at	108338  
112268	[827]	:	Key	71	DOWN	at	112268  
115567	[3299]	:	Key	71	UP	at	112288  
116105	[538]	:	Key	71	DOWN	at	116105  
119393	[3288]	:	Key	71	UP	at	116314  
120176	[783]	:	Key	71	DOWN	at	120176  
123474	[3298]	:	Key	71	UP	at	120392  
123817	[343]	:	Key	71	DOWN	at	123817  
127119	[3302]	:	Key	71	UP	at	124018  
127828	[709]	:	Key	71	DOWN	at	127828  
131114	[3286]	:	Key	71	UP	at	127848  
132048	[934]	:	Key	71	DOWN	at	132048  
135346	[3298]	:	Key	71	UP	at	132234  
135825	[479]	:	Key	71	DOWN	at	135825  
139120	[3295]	:	Key	71	UP	at	136009  
139464	[344]	:	Key	71	DOWN	at	139464  
142755	[3291]	:	Key	71	UP	at	139665  
143249	[494]	:	Key	71	DOWN	at	143249  
146536	[3287]	:	Key	71	UP	at	143442  
147129	[593]	:	Key	71	DOWN	at	147129  
150418	[3289]	:	Key	71	UP	at	147330  
151105	[687]	:	Key	71	DOWN	at	151105  
154405	[3300]	:	Key	71	UP	at	151306  
155312	[907]	:	Key	71	DOWN	at	155312  
158613	[3301]	:	Key	71	UP	at	155512  
159513	[900]	:	Key	71	DOWN	at	159513  
162812	[3299]	:	Key	71	UP	at	159697  
162937	[125]	:	Key	71	DOWN	at	162937  
166238	[3301]	:	Key	71	UP	at	163130  
166513	[275]	:	Key	71	DOWN	at	166513  
169813	[3300]	:	Key	71	UP	at	166698  
170465	[652]	:	Key	71	DOWN	at	170465  
173753	[3288]	:	Key	71	UP	at	170672  
174456	[703]	:	Key	71	DOWN	at	174456  
177756	[3300]	:	Key	71	UP	at	174640  
178353	[597]	:	Key	71	DOWN	at	178353  
181644	[3291]	:	Key	71	UP	at	178570  
182113	[469]	:	Key	71	DOWN	at	182113  
185401	[3288]	:	Key	71	UP	at	182266  
186025	[624]	:	Key	71	DOWN	at	186025  
189319	[3294]	:	Key	71	UP	at	186233  
190144	[825]	:	Key	71	DOWN	at	190144  
193443	[3299]	:	Key	71	UP	at	190401  
193993	[550]	:	Key	71	DOWN	at	193993  
197281	[3288]	:	Key	71	UP	at	194194  
197609	[328]	:	Key	71	DOWN	at	197609  
200896	[3287]	:	Key	71	UP	at	197794  
201409	[513]	:	Key	71	DOWN	at	201409  
204705	[3296]	:	Key	71	UP	at	201586  
205113	[408]	:	Key	71	DOWN	at	205113  
208401	[3288]	:	Key	71	UP	at	205306  
208976	[575]	:	Key	71	DOWN	at	208976  
212266	[3290]	:	Key	71	UP	at	209193  
212801	[535]	:	Key	71	DOWN	at	212801  
216100	[3299]	:	Key	71	UP	at	212986  
216561	[461]	:	Key	71	DOWN	at	216561  
219849	[3288]	:	Key	71	UP	at	216762  
220665	[816]	:	Key	71	DOWN	at	220665  
223964	[3299]	:	Key	71	UP	at	220848  
224808	[844]	:	Key	71	DOWN	at	224808  
228096	[3288]	:	Key	71	UP	at	225001  
228721	[625]	:	Key	71	DOWN	at	228721  
232008	[3287]	:	Key	71	UP	at	228914  
232804	[796]	:	Key	71	DOWN	at	232804  
236104	[3300]	:	Key	71	UP	at	232824  
236609	[505]	:	Key	71	DOWN	at	236609  
240609	[4000]	:	Key	71	UP	at	236856  
241927	[1318]	:	Key	71	DOWN	at	241927  
242988	[1061]	:	Key	71	UP	at	242112  
244807	[1819]	:	Key	98	DOWN	at	244807  
245940	[1133]	:	Key	98	UP	at	245032  
246864	[924]	:	Key	97	DOWN	at	246864  
247981	[1117]	:	Key	97	UP	at	246952  
249352	[1371]	:	Key	97	DOWN	at	249352  
250467	[1115]	:	Key	97	UP	at	249448  
252856	[2389]	:	Key	98	DOWN	at	252856  
253975	[1119]	:	Key	98	UP	at	253000  
255424	[1449]	:	Key	97	DOWN	at	255424  
256547	[1123]	:	Key	97	UP	at	255560  
257416	[869]	:	Key	97	DOWN	at	257416  
258529	[1113]	:	Key	97	UP	at	257536  
259607	[1078]	:	Key	97	DOWN	at	259607  
260728	[1121]	:	Key	97	UP	at	259702  
261959	[1231]	:	Key	98	DOWN	at	261959  
263702	[1743]	:	Key	98	UP	at	262103  
265008	[1306]	:	Key	71	DOWN	at	265008  
266066	[1058]	:	Key	71	UP	at	265144  
268440	[2374]	:	Key	97	DOWN	at	268440  
269545	[1105]	:	Key	97	UP	at	268536  
270448	[903]	:	Key	97	DOWN	at	270448  
271575	[1127]	:	Key	97	UP	at	270544  
272480	[905]	:	Key	98	DOWN	at	272480  
273592	[1112]	:	Key	98	UP	at	272584  
274496	[904]	:	Key	97	DOWN	at	274496  
275629	[1133]	:	Key	97	UP	at	274584  
276815	[1186]	:	Key	98	DOWN	at	276815  
277920	[1105]	:	Key	98	UP	at	276983  
279399	[1479]	:	Key	98	DOWN	at	279399  
280516	[1117]	:	Key	98	UP	at	279511  
281272	[756]	:	Key	97	DOWN	at	281272  
282385	[1113]	:	Key	97	UP	at	281400  
283480	[1095]	:	Key	97	DOWN	at	283480  
284676	[1196]	:	Key	97	UP	at	283592  
285904	[1228]	:	Key	71	DOWN	at	285904  
286238	[334]	:	Key	71	UP	at	286032  
287096	[858]	:	Key	71	DOWN	at	287096  
287224	[128]	:	Key	71	UP	at	287224  
288464	[1240]	:	Key	71	DOWN	at	288464  
291763	[3299]	:	Key	71	UP	at	288664  
294096	[2333]	:	Key	71	DOWN	at	294096  
297397	[3301]	:	Key	71	UP	at	294312  
297399	[2]	:	Key	71	DOWN	at	295080  
297400	[1]	:	Key	71	UP	at	295256  
297896	[496]	:	Key	71	DOWN	at	297896  
301196	[3300]	:	Key	71	UP	at	298072  
301808	[612]	:	Key	71	DOWN	at	301808  
305096	[3288]	:	Key	71	UP	at	301984  
305592	[496]	:	Key	71	DOWN	at	305592  
308864	[3272]	:	Key	71	UP	at	305752  
309184	[320]	:	Key	71	DOWN	at	309184  
312477	[3293]	:	Key	71	UP	at	309336  
312815	[338]	:	Key	71	DOWN	at	312815  
316111	[3296]	:	Key	71	UP	at	312999  
316400	[289]	:	Key	71	DOWN	at	316400  
319699	[3299]	:	Key	71	UP	at	316560  
319992	[293]	:	Key	71	DOWN	at	319992  
323292	[3300]	:	Key	71	UP	at	320160  
323294	[2]	:	Key	71	DOWN	at	322496  
323295	[1]	:	Key	71	UP	at	322696  
324064	[769]	:	Key	71	DOWN	at	324064  
327366	[3302]	:	Key	71	UP	at	324216  
327368	[2]	:	Key	71	DOWN	at	326416  
327369	[1]	:	Key	71	UP	at	326608  
327824	[455]	:	Key	71	DOWN	at	327824  
331112	[3288]	:	Key	71	UP	at	328016  
331471	[359]	:	Key	71	DOWN	at	331471  
334762	[3291]	:	Key	71	UP	at	331655  
334824	[62]	:	Key	71	DOWN	at	334824  
338125	[3301]	:	Key	71	UP	at	335016  
338127	[2]	:	Key	71	DOWN	at	337256  
338128	[1]	:	Key	71	UP	at	337472  
338552	[424]	:	Key	71	DOWN	at	338552  
341841	[3289]	:	Key	71	UP	at	338720  
342224	[383]	:	Key	71	DOWN	at	342224  
345524	[3300]	:	Key	71	UP	at	342400  
345912	[388]	:	Key	71	DOWN	at	345912  
349813	[3901]	:	Key	71	UP	at	346072  
350344	[531]	:	Key	71	DOWN	at	350344  
351385	[1041]	:	Key	71	UP	at	350472  
352656	[1271]	:	Key	97	DOWN	at	352656  
353779	[1123]	:	Key	97	UP	at	352776  
354928	[1149]	:	Key	98	DOWN	at	354928  
356061	[1133]	:	Key	98	UP	at	355080  
357264	[1203]	:	Key	97	DOWN	at	357264  
358399	[1135]	:	Key	97	UP	at	357384  
359336	[937]	:	Key	97	DOWN	at	359336  
360466	[1130]	:	Key	97	UP	at	359424  
361400	[934]	:	Key	97	DOWN	at	361400  
362542	[1142]	:	Key	97	UP	at	361512  
363456	[914]	:	Key	97	DOWN	at	363456  
364586	[1130]	:	Key	97	UP	at	363592  
365503	[917]	:	Key	97	DOWN	at	365503  
366622	[1119]	:	Key	97	UP	at	365615  
367720	[1098]	:	Key	98	DOWN	at	367720  
369436	[1716]	:	Key	98	UP	at	367904  
370704	[1268]	:	Key	71	DOWN	at	370704  
371723	[1019]	:	Key	71	UP	at	370848  
372832	[1109]	:	Key	98	DOWN	at	372832  
373970	[1138]	:	Key	98	UP	at	373008  
374832	[862]	:	Key	97	DOWN	at	374832  
375950	[1118]	:	Key	97	UP	at	374960  
376744	[794]	:	Key	97	DOWN	at	376744  
377868	[1124]	:	Key	97	UP	at	376856  
378656	[788]	:	Key	98	DOWN	at	378656  
379789	[1133]	:	Key	98	UP	at	378816  
381144	[1355]	:	Key	97	DOWN	at	381144  
382242	[1098]	:	Key	97	UP	at	381280  
382999	[757]	:	Key	97	DOWN	at	382999  
384108	[1109]	:	Key	97	UP	at	383128  
385680	[1572]	:	Key	98	DOWN	at	385680  
386807	[1127]	:	Key	98	UP	at	385832  
388096	[1289]	:	Key	97	DOWN	at	388096  
389277	[1181]	:	Key	97	UP	at	388200  
390504	[1227]	:	Key	71	DOWN	at	390504  
390866	[362]	:	Key	71	UP	at	390632  
392224	[1358]	:	Key	71	DOWN	at	392224  
392360	[136]	:	Key	71	UP	at	392360  
393696	[1336]	:	Key	71	DOWN	at	393696  
393848	[152]	:	Key	71	UP	at	393848  
394136	[288]	:	Key	97	DOWN	at	394136  
394296	[160]	:	Key	97	UP	at	394296  
394736	[440]	:	Key	97	DOWN	at	394736  
394896	[160]	:	Key	97	UP	at	394896  
395248	[352]	:	Key	97	DOWN	at	395248  
395448	[200]	:	Key	97	UP	at	395448  
395848	[400]	:	Key	97	DOWN	at	395848  
396064	[216]	:	Key	97	UP	at	396064  
396920	[856]	:	Key	97	DOWN	at	396920  
397096	[176]	:	Key	97	UP	at	397096  
397360	[264]	:	Key	97	DOWN	at	397360  
397520	[160]	:	Key	97	UP	at	397520  
397720	[200]	:	Key	97	DOWN	at	397720  
397880	[160]	:	Key	97	UP	at	397880  
398112	[232]	:	Key	97	DOWN	at	398112  
398232	[120]	:	Key	97	UP	at	398232  
398456	[224]	:	Key	97	DOWN	at	398456  
398608	[152]	:	Key	97	UP	at	398608  
398768	[160]	:	Key	97	DOWN	at	398768  
398896	[128]	:	Key	97	UP	at	398896  
398992	[96]	:	Key	97	DOWN	at	398992  
399103	[111]	:	Key	97	UP	at	399103  
399352	[249]	:	Key	97	DOWN	at	399352  
399496	[144]	:	Key	97	UP	at	399496  
399616	[120]	:	Key	97	DOWN	at	399616  
399711	[95]	:	Key	97	UP	at	399711  
399832	[121]	:	Key	97	DOWN	at	399832  
399911	[79]	:	Key	97	UP	at	399911  
400016	[105]	:	Key	97	DOWN	at	400016  
400116	[100]	:	Key	97	UP	at	400088  
400208	[92]	:	Key	97	DOWN	at	400208  
400291	[83]	:	Key	97	UP	at	400272  
400408	[117]	:	Key	97	DOWN	at	400408  
400488	[80]	:	Key	97	UP	at	400479  
400591	[103]	:	Key	97	DOWN	at	400591  
400676	[85]	:	Key	97	UP	at	400663  
400775	[99]	:	Key	97	DOWN	at	400775  
400855	[80]	:	Key	97	UP	at	400855  
400959	[104]	:	Key	97	DOWN	at	400959  
401959	[1000]	:	Key	97	UP	at	401032  
401961	[2]	:	Key	97	DOWN	at	401136  
401962	[1]	:	Key	97	UP	at	401184  
401963	[1]	:	Key	71	DOWN	at	401592  
401964	[1]	:	Key	71	UP	at	401664  
403264	[1300]	:	Key	71	DOWN	at	403264  
403576	[312]	:	Key	71	UP	at	403360  
404760	[1184]	:	Key	71	DOWN	at	404760  
474720	[69960]	:	Key	71	DOWN	at	474720  
474864	[144]	:	Key	71	UP	at	474864  
475376	[512]	:	Key	71	DOWN	at	475376  
946391	[471015]	:	Key	71	DOWN	at	946391  
946687	[296]	:	Key	71	UP	at	946687  
998167	[51480]	:	Key	97	DOWN	at	998167  
999167	[1000]	:	Key	97	UP	at	998343  
999423	[256]	:	Key	98	DOWN	at	999423  
999583	[160]	:	Key	98	UP	at	999583  
1000639	[1056]	:	Key	71	DOWN	at	1000639 
1527141	[526502]	:	Key	98	DOWN	at	1527141 
1527309	[168]	:	Key	98	UP	at	1527309 
1529213	[1904]	:	Key	97	DOWN	at	1529213 
1530213	[1000]	:	Key	97	UP	at	1529389 
1531613	[1400]	:	Key	71	DOWN	at	1531613 
2057411	[525798]	:	Key	98	DOWN	at	2057411 
2057643	[232]	:	Key	98	UP	at	2057643 
2060795	[3152]	:	Key	97	DOWN	at	2060795 
2061795	[1000]	:	Key	97	UP	at	2061027 
2063123	[1328]	:	Key	71	DOWN	at	2063123 
2567379	[504256]	:	Key	98	DOWN	at	2567379 
2567531	[152]	:	Key	98	UP	at	2567531 
2585875	[18344]	:	Key	98	DOWN	at	2585875 
2586115	[240]	:	Key	98	UP	at	2586115 
2586419	[304]	:	Key	97	DOWN	at	2586419 
2587419	[1000]	:	Key	97	UP	at	2586595 
2588756	[1337]	:	Key	71	DOWN	at	2588756 
3048467	[459711]	:	Key	71	DOWN	at	3048467 
3048481	[14]	:	COGENT STOP
