Cog2000 log file Tue Mar 09 11:37:58 2021
gprim v1.33 Compiled:Aug 12 2015 (GLib DirectDraw v7 DX10.0 Compiled:Aug 12 2015)
Display:1024x768x32 59.99Hz
Attaching E:\Sahar Rajabi\Final MBMF+Drug Task\Cogent2000v1.33\Toolbox\CogInput.mexw64
CogInput v1.05 Compiled: May 20 2010
4	[4]	:	COGENT START
12239	[12235]	:	Key	98	DOWN	at	12238   
12431	[192]	:	Key	98	UP	at	12430   
12774	[343]	:	Key	97	DOWN	at	12774   
12990	[216]	:	Key	97	UP	at	12990   
20094	[7104]	:	Key	97	DOWN	at	20094   
20278	[184]	:	Key	97	UP	at	20278   
28054	[7776]	:	Key	97	DOWN	at	28054   
29054	[1000]	:	Key	97	UP	at	28207   
29342	[288]	:	Key	71	DOWN	at	29342   
29483	[141]	:	Key	71	UP	at	29390   
31534	[2051]	:	Key	71	DOWN	at	31534   
34931	[3397]	:	Key	71	UP	at	31671   
35966	[1035]	:	Key	71	DOWN	at	35966   
39283	[3317]	:	Key	71	UP	at	36109   
41421	[2138]	:	Key	71	DOWN	at	41421   
44710	[3289]	:	Key	71	UP	at	41542   
45302	[592]	:	Key	71	DOWN	at	45302   
48599	[3297]	:	Key	71	UP	at	45422   
49761	[1162]	:	Key	71	DOWN	at	49761   
53027	[3266]	:	Key	71	UP	at	49781   
53725	[698]	:	Key	71	DOWN	at	53725   
56992	[3267]	:	Key	71	UP	at	53869   
57621	[629]	:	Key	71	DOWN	at	57621   
60891	[3270]	:	Key	71	UP	at	57773   
61590	[699]	:	Key	71	DOWN	at	61590   
64855	[3265]	:	Key	71	UP	at	61750   
65749	[894]	:	Key	71	DOWN	at	65749   
69019	[3270]	:	Key	71	UP	at	65901   
69686	[667]	:	Key	71	DOWN	at	69686   
72953	[3267]	:	Key	71	UP	at	69869   
73469	[516]	:	Key	71	DOWN	at	73469   
76736	[3267]	:	Key	71	UP	at	73653   
77645	[909]	:	Key	71	DOWN	at	77645   
80913	[3268]	:	Key	71	UP	at	77919   
81917	[1004]	:	Key	71	DOWN	at	81917   
85186	[3269]	:	Key	71	UP	at	82126   
86133	[947]	:	Key	71	DOWN	at	86133   
89433	[3300]	:	Key	71	UP	at	86302   
89878	[445]	:	Key	71	DOWN	at	89878   
93177	[3299]	:	Key	71	UP	at	90078   
93686	[509]	:	Key	71	DOWN	at	93686   
96975	[3289]	:	Key	71	UP	at	93878   
97638	[663]	:	Key	71	DOWN	at	97638   
100925	[3287]	:	Key	71	UP	at	97807   
101542	[617]	:	Key	71	DOWN	at	101542  
104840	[3298]	:	Key	71	UP	at	101734  
105286	[446]	:	Key	71	DOWN	at	105286  
108588	[3302]	:	Key	71	UP	at	105495  
108942	[354]	:	Key	71	DOWN	at	108942  
112242	[3300]	:	Key	71	UP	at	109473  
112534	[292]	:	Key	71	DOWN	at	112534  
115812	[3278]	:	Key	71	UP	at	112718  
116158	[346]	:	Key	71	DOWN	at	116158  
119424	[3266]	:	Key	71	UP	at	116326  
120069	[645]	:	Key	71	DOWN	at	120069  
123334	[3265]	:	Key	71	UP	at	120293  
123813	[479]	:	Key	71	DOWN	at	123813  
127079	[3266]	:	Key	71	UP	at	124305  
127541	[462]	:	Key	71	DOWN	at	127541  
130806	[3265]	:	Key	71	UP	at	127717  
131470	[664]	:	Key	71	DOWN	at	131470  
134736	[3266]	:	Key	71	UP	at	131702  
135206	[470]	:	Key	71	DOWN	at	135206  
138472	[3266]	:	Key	71	UP	at	135398  
139433	[961]	:	Key	71	DOWN	at	139433  
142699	[3266]	:	Key	71	UP	at	139453  
143357	[658]	:	Key	71	DOWN	at	143357  
146625	[3268]	:	Key	71	UP	at	143557  
147118	[493]	:	Key	71	DOWN	at	147118  
150417	[3299]	:	Key	71	UP	at	147294  
151094	[677]	:	Key	71	DOWN	at	151094  
154392	[3298]	:	Key	71	UP	at	151255  
155006	[614]	:	Key	71	DOWN	at	155006  
158293	[3287]	:	Key	71	UP	at	155167  
158742	[449]	:	Key	71	DOWN	at	158742  
162030	[3288]	:	Key	71	UP	at	158935  
162605	[575]	:	Key	71	DOWN	at	162605  
165892	[3287]	:	Key	71	UP	at	162799  
166487	[595]	:	Key	71	DOWN	at	166487  
169765	[3278]	:	Key	71	UP	at	166688  
170470	[705]	:	Key	71	DOWN	at	170470  
173769	[3299]	:	Key	71	UP	at	170639  
174230	[461]	:	Key	71	DOWN	at	174230  
177521	[3291]	:	Key	71	UP	at	174431  
178069	[548]	:	Key	71	DOWN	at	178069  
181356	[3287]	:	Key	71	UP	at	178255  
182046	[690]	:	Key	71	DOWN	at	182046  
185332	[3286]	:	Key	71	UP	at	182245  
185902	[570]	:	Key	71	DOWN	at	185902  
189195	[3293]	:	Key	71	UP	at	186103  
189630	[435]	:	Key	71	DOWN	at	189630  
192920	[3290]	:	Key	71	UP	at	189799  
193582	[662]	:	Key	71	DOWN	at	193582  
196872	[3290]	:	Key	71	UP	at	193775  
197326	[454]	:	Key	71	DOWN	at	197326  
200622	[3296]	:	Key	71	UP	at	197527  
201006	[384]	:	Key	71	DOWN	at	201006  
204294	[3288]	:	Key	71	UP	at	201223  
204702	[408]	:	Key	71	DOWN	at	204702  
207995	[3293]	:	Key	71	UP	at	204887  
208470	[475]	:	Key	71	DOWN	at	208470  
211762	[3292]	:	Key	71	UP	at	208671  
211830	[68]	:	Key	71	DOWN	at	211830  
215119	[3289]	:	Key	71	UP	at	211999  
215470	[351]	:	Key	71	DOWN	at	215470  
219435	[3965]	:	Key	71	UP	at	215663  
230025	[10590]	:	Key	71	DOWN	at	230025  
231055	[1030]	:	Key	71	UP	at	230127  
232901	[1846]	:	Key	98	DOWN	at	232901  
234023	[1122]	:	Key	98	UP	at	233127  
236055	[2032]	:	Key	97	DOWN	at	236055  
237193	[1138]	:	Key	97	UP	at	236247  
238126	[933]	:	Key	97	DOWN	at	238126  
239246	[1120]	:	Key	97	UP	at	238278  
241670	[2424]	:	Key	98	DOWN	at	241670  
242792	[1122]	:	Key	98	UP	at	241823  
244713	[1921]	:	Key	97	DOWN	at	244713  
245823	[1110]	:	Key	97	UP	at	244733  
247326	[1503]	:	Key	97	DOWN	at	247326  
248454	[1128]	:	Key	97	UP	at	247495  
249597	[1143]	:	Key	98	DOWN	at	249597  
250713	[1116]	:	Key	98	UP	at	249733  
252093	[1380]	:	Key	98	DOWN	at	252093  
253831	[1738]	:	Key	98	UP	at	252230  
255287	[1456]	:	Key	71	DOWN	at	255287  
256329	[1042]	:	Key	71	UP	at	255463  
258670	[2341]	:	Key	98	DOWN	at	258670  
259791	[1121]	:	Key	98	UP	at	258790  
261173	[1382]	:	Key	97	DOWN	at	261173  
262312	[1139]	:	Key	97	UP	at	261301  
264165	[1853]	:	Key	98	DOWN	at	264165  
265284	[1119]	:	Key	98	UP	at	264285  
266150	[866]	:	Key	97	DOWN	at	266150  
267271	[1121]	:	Key	97	UP	at	266302  
268381	[1110]	:	Key	98	DOWN	at	268381  
269497	[1116]	:	Key	98	UP	at	268485  
270462	[965]	:	Key	98	DOWN	at	270462  
271583	[1121]	:	Key	98	UP	at	270558  
272502	[919]	:	Key	97	DOWN	at	272502  
273627	[1125]	:	Key	97	UP	at	272655  
275033	[1406]	:	Key	97	DOWN	at	275033  
276224	[1191]	:	Key	97	UP	at	275044  
278046	[1822]	:	Key	71	DOWN	at	278046  
278414	[368]	:	Key	71	UP	at	278239  
280590	[2176]	:	Key	71	DOWN	at	280590  
280750	[160]	:	Key	71	UP	at	280750  
281854	[1104]	:	Key	71	DOWN	at	281854  
285155	[3301]	:	Key	71	UP	at	282007  
285157	[2]	:	Key	71	DOWN	at	282175  
285158	[1]	:	Key	71	UP	at	282351  
285798	[640]	:	Key	71	DOWN	at	285798  
289092	[3294]	:	Key	71	UP	at	285991  
289873	[781]	:	Key	71	DOWN	at	289873  
293160	[3287]	:	Key	71	UP	at	289893  
293478	[318]	:	Key	71	DOWN	at	293478  
296774	[3296]	:	Key	71	UP	at	293701  
297181	[407]	:	Key	71	DOWN	at	297181  
300479	[3298]	:	Key	71	UP	at	297389  
301085	[606]	:	Key	71	DOWN	at	301085  
304374	[3289]	:	Key	71	UP	at	301293  
304932	[558]	:	Key	71	DOWN	at	304932  
308233	[3301]	:	Key	71	UP	at	305102  
308709	[476]	:	Key	71	DOWN	at	308709  
312009	[3300]	:	Key	71	UP	at	308893  
312445	[436]	:	Key	71	DOWN	at	312445  
315734	[3289]	:	Key	71	UP	at	312621  
316133	[399]	:	Key	71	DOWN	at	316133  
319434	[3301]	:	Key	71	UP	at	316341  
319436	[2]	:	Key	71	DOWN	at	318629  
319437	[1]	:	Key	71	UP	at	318821  
321053	[1616]	:	Key	71	DOWN	at	321053  
324352	[3299]	:	Key	71	UP	at	321229  
324757	[405]	:	Key	71	DOWN	at	324757  
328059	[3302]	:	Key	71	UP	at	324933  
328525	[466]	:	Key	71	DOWN	at	328525  
331824	[3299]	:	Key	71	UP	at	328661  
332101	[277]	:	Key	71	DOWN	at	332101  
335387	[3286]	:	Key	71	UP	at	332245  
335389	[2]	:	Key	71	DOWN	at	334477  
335390	[1]	:	Key	71	UP	at	334637  
335877	[487]	:	Key	71	DOWN	at	335877  
339165	[3288]	:	Key	71	UP	at	336021  
339556	[391]	:	Key	71	DOWN	at	339556  
343455	[3899]	:	Key	71	UP	at	339725  
343997	[542]	:	Key	71	DOWN	at	343997  
345036	[1039]	:	Key	71	UP	at	344125  
346653	[1617]	:	Key	97	DOWN	at	346653  
347784	[1131]	:	Key	97	UP	at	346757  
348725	[941]	:	Key	98	DOWN	at	348725  
349835	[1110]	:	Key	98	UP	at	348869  
350549	[714]	:	Key	97	DOWN	at	350549  
351660	[1111]	:	Key	97	UP	at	350693  
352525	[865]	:	Key	97	DOWN	at	352525  
353651	[1126]	:	Key	97	UP	at	352677  
354461	[810]	:	Key	97	DOWN	at	354461  
355580	[1119]	:	Key	97	UP	at	354597  
356557	[977]	:	Key	97	DOWN	at	356557  
357670	[1113]	:	Key	97	UP	at	356693  
359141	[1471]	:	Key	97	DOWN	at	359141  
360266	[1125]	:	Key	97	UP	at	359269  
361349	[1083]	:	Key	98	DOWN	at	361349  
363034	[1685]	:	Key	98	UP	at	361501  
365013	[1979]	:	Key	71	DOWN	at	365013  
366058	[1045]	:	Key	71	UP	at	365157  
368085	[2027]	:	Key	98	DOWN	at	368085  
369204	[1119]	:	Key	98	UP	at	368205  
371141	[1937]	:	Key	97	DOWN	at	371141  
372267	[1126]	:	Key	97	UP	at	371269  
373093	[826]	:	Key	97	DOWN	at	373093  
374219	[1126]	:	Key	97	UP	at	373189  
375494	[1275]	:	Key	98	DOWN	at	375494  
376625	[1131]	:	Key	98	UP	at	375629  
377677	[1052]	:	Key	97	DOWN	at	377677  
378801	[1124]	:	Key	97	UP	at	377797  
380085	[1284]	:	Key	98	DOWN	at	380085  
381204	[1119]	:	Key	98	UP	at	380173  
383013	[1809]	:	Key	98	DOWN	at	383013  
384146	[1133]	:	Key	98	UP	at	383125  
385061	[915]	:	Key	97	DOWN	at	385061  
386257	[1196]	:	Key	97	UP	at	385173  
387621	[1364]	:	Key	71	DOWN	at	387621  
387944	[323]	:	Key	71	UP	at	387797  
388565	[621]	:	Key	71	DOWN	at	388565  
388717	[152]	:	Key	71	UP	at	388717  
389173	[456]	:	Key	71	DOWN	at	389173  
392475	[3302]	:	Key	71	UP	at	389325  
392477	[2]	:	Key	71	DOWN	at	389381  
392478	[1]	:	Key	71	UP	at	389445  
393245	[767]	:	Key	71	DOWN	at	393245  
396534	[3289]	:	Key	71	UP	at	393422  
397037	[503]	:	Key	71	DOWN	at	397037  
400337	[3300]	:	Key	71	UP	at	397197  
400339	[2]	:	Key	71	DOWN	at	400157  
400373	[34]	:	Key	71	UP	at	400373  
402661	[2288]	:	Key	71	DOWN	at	402661  
405956	[3295]	:	Key	71	UP	at	402789  
406365	[409]	:	Key	71	DOWN	at	406365  
409655	[3290]	:	Key	71	UP	at	406549  
410238	[583]	:	Key	71	DOWN	at	410238  
413527	[3289]	:	Key	71	UP	at	410406  
415509	[1982]	:	Key	71	DOWN	at	415509  
418810	[3301]	:	Key	71	UP	at	415669  
419365	[555]	:	Key	71	DOWN	at	419365  
423265	[3900]	:	Key	71	UP	at	419533  
423997	[732]	:	Key	71	DOWN	at	423997  
425039	[1042]	:	Key	71	UP	at	424165  
426685	[1646]	:	Key	98	DOWN	at	426685  
427820	[1135]	:	Key	98	UP	at	426821  
428686	[866]	:	Key	97	DOWN	at	428686  
429804	[1118]	:	Key	97	UP	at	428830  
430709	[905]	:	Key	97	DOWN	at	430709  
431820	[1111]	:	Key	97	UP	at	430845  
432853	[1033]	:	Key	97	DOWN	at	432853  
433979	[1126]	:	Key	97	UP	at	432989  
434645	[666]	:	Key	97	DOWN	at	434645  
435773	[1128]	:	Key	97	UP	at	434773  
436805	[1032]	:	Key	97	DOWN	at	436805  
437935	[1130]	:	Key	97	UP	at	436941  
439037	[1102]	:	Key	97	DOWN	at	439037  
440156	[1119]	:	Key	97	UP	at	439173  
441293	[1137]	:	Key	98	DOWN	at	441293  
442985	[1692]	:	Key	98	UP	at	441477  
444173	[1188]	:	Key	71	DOWN	at	444173  
445223	[1050]	:	Key	71	UP	at	444317  
447013	[1790]	:	Key	98	DOWN	at	447013  
448133	[1120]	:	Key	98	UP	at	447117  
449253	[1120]	:	Key	98	DOWN	at	449253  
450361	[1108]	:	Key	98	UP	at	449349  
451381	[1020]	:	Key	98	DOWN	at	451381  
452494	[1113]	:	Key	98	UP	at	451533  
453925	[1431]	:	Key	98	DOWN	at	453925  
455064	[1139]	:	Key	98	UP	at	454029  
456285	[1221]	:	Key	97	DOWN	at	456285  
457401	[1116]	:	Key	97	UP	at	456397  
458421	[1020]	:	Key	97	DOWN	at	458421  
459536	[1115]	:	Key	97	UP	at	458541  
460573	[1037]	:	Key	98	DOWN	at	460573  
461690	[1117]	:	Key	98	UP	at	460725  
462942	[1252]	:	Key	98	DOWN	at	462942  
464134	[1192]	:	Key	98	UP	at	463078  
466141	[2007]	:	Key	71	DOWN	at	466141  
466464	[323]	:	Key	71	UP	at	466325  
466869	[405]	:	Key	71	DOWN	at	466869  
467013	[144]	:	Key	71	UP	at	467013  
467605	[592]	:	Key	71	DOWN	at	467605  
470892	[3287]	:	Key	71	UP	at	467733  
470894	[2]	:	Key	71	DOWN	at	468877  
470895	[1]	:	Key	71	UP	at	469069  
472213	[1318]	:	Key	71	DOWN	at	472213  
475511	[3298]	:	Key	71	UP	at	472397  
476245	[734]	:	Key	71	DOWN	at	476245  
479535	[3290]	:	Key	71	UP	at	476429  
480134	[599]	:	Key	71	DOWN	at	480134  
483425	[3291]	:	Key	71	UP	at	480310  
484205	[780]	:	Key	71	DOWN	at	484205  
487491	[3286]	:	Key	71	UP	at	484373  
488037	[546]	:	Key	71	DOWN	at	488037  
491325	[3288]	:	Key	71	UP	at	488213  
491789	[464]	:	Key	71	DOWN	at	491789  
495077	[3288]	:	Key	71	UP	at	491981  
495079	[2]	:	Key	71	DOWN	at	494925  
495080	[1]	:	Key	71	UP	at	495077  
497149	[2069]	:	Key	71	DOWN	at	497149  
501050	[3901]	:	Key	71	UP	at	497309  
501541	[491]	:	Key	71	DOWN	at	501541  
502583	[1042]	:	Key	71	UP	at	501733  
503573	[990]	:	Key	97	DOWN	at	503573  
504693	[1120]	:	Key	97	UP	at	503725  
505765	[1072]	:	Key	97	DOWN	at	505765  
506865	[1100]	:	Key	97	UP	at	505893  
508397	[1532]	:	Key	97	DOWN	at	508397  
509485	[1088]	:	Key	97	UP	at	508557  
510597	[1112]	:	Key	97	DOWN	at	510597  
511708	[1111]	:	Key	97	UP	at	510749  
512509	[801]	:	Key	97	DOWN	at	512509  
513604	[1095]	:	Key	97	UP	at	512645  
514325	[721]	:	Key	97	DOWN	at	514325  
515451	[1126]	:	Key	97	UP	at	514453  
516645	[1194]	:	Key	98	DOWN	at	516645  
517770	[1125]	:	Key	98	UP	at	516822  
518605	[835]	:	Key	97	DOWN	at	518605  
520297	[1692]	:	Key	97	UP	at	518756  
521277	[980]	:	Key	71	DOWN	at	521277  
522321	[1044]	:	Key	71	UP	at	521421  
523277	[956]	:	Key	98	DOWN	at	523277  
524397	[1120]	:	Key	98	UP	at	523421  
526469	[2072]	:	Key	97	DOWN	at	526469  
527572	[1103]	:	Key	97	UP	at	526581  
528909	[1337]	:	Key	97	DOWN	at	528909  
529993	[1084]	:	Key	97	UP	at	529045  
531101	[1108]	:	Key	98	DOWN	at	531101  
532214	[1113]	:	Key	98	UP	at	531245  
533294	[1080]	:	Key	97	DOWN	at	533294  
534408	[1114]	:	Key	97	UP	at	533413  
535598	[1190]	:	Key	98	DOWN	at	535598  
536727	[1129]	:	Key	98	UP	at	535742  
537629	[902]	:	Key	97	DOWN	at	537629  
538739	[1110]	:	Key	97	UP	at	537749  
539693	[954]	:	Key	97	DOWN	at	539693  
540877	[1184]	:	Key	97	UP	at	539813  
542125	[1248]	:	Key	71	DOWN	at	542125  
542446	[321]	:	Key	71	UP	at	542261  
542957	[511]	:	Key	97	DOWN	at	542957  
543125	[168]	:	Key	97	UP	at	543125  
543757	[632]	:	Key	71	DOWN	at	543757  
543925	[168]	:	Key	71	UP	at	543925  
544725	[800]	:	Key	71	DOWN	at	544725  
548021	[3296]	:	Key	71	UP	at	544869  
548023	[2]	:	Key	71	DOWN	at	544941  
548024	[1]	:	Key	71	UP	at	545053  
548693	[669]	:	Key	71	DOWN	at	548693  
551981	[3288]	:	Key	71	UP	at	548829  
552470	[489]	:	Key	71	DOWN	at	552470  
555769	[3299]	:	Key	71	UP	at	552614  
556277	[508]	:	Key	71	DOWN	at	556277  
559567	[3290]	:	Key	71	UP	at	556421  
559569	[2]	:	Key	71	DOWN	at	558797  
559570	[1]	:	Key	71	UP	at	558941  
560309	[739]	:	Key	71	DOWN	at	560309  
563609	[3300]	:	Key	71	UP	at	560437  
563611	[2]	:	Key	71	DOWN	at	562757  
563612	[1]	:	Key	71	UP	at	562837  
564469	[857]	:	Key	71	DOWN	at	564469  
567765	[3296]	:	Key	71	UP	at	564573  
568166	[401]	:	Key	71	DOWN	at	568166  
571466	[3300]	:	Key	71	UP	at	568318  
571893	[427]	:	Key	71	DOWN	at	571893  
575801	[3908]	:	Key	71	UP	at	572062  
576293	[492]	:	Key	71	DOWN	at	576293  
577343	[1050]	:	Key	71	UP	at	576445  
578269	[926]	:	Key	97	DOWN	at	578269  
579395	[1126]	:	Key	97	UP	at	578389  
580477	[1082]	:	Key	98	DOWN	at	580477  
581601	[1124]	:	Key	98	UP	at	580629  
582357	[756]	:	Key	97	DOWN	at	582357  
583495	[1138]	:	Key	97	UP	at	582485  
584581	[1086]	:	Key	98	DOWN	at	584581  
585699	[1118]	:	Key	98	UP	at	584870  
586614	[915]	:	Key	97	DOWN	at	586614  
587721	[1107]	:	Key	97	UP	at	586742  
588789	[1068]	:	Key	97	DOWN	at	588789  
589900	[1111]	:	Key	97	UP	at	588893  
590661	[761]	:	Key	97	DOWN	at	590661  
591779	[1118]	:	Key	97	UP	at	590765  
592589	[810]	:	Key	97	DOWN	at	592589  
594277	[1688]	:	Key	97	UP	at	592693  
595381	[1104]	:	Key	71	DOWN	at	595381  
596417	[1036]	:	Key	71	UP	at	595509  
597589	[1172]	:	Key	97	DOWN	at	597589  
598703	[1114]	:	Key	97	UP	at	597685  
599837	[1134]	:	Key	97	DOWN	at	599837  
600956	[1119]	:	Key	97	UP	at	599973  
601741	[785]	:	Key	97	DOWN	at	601741  
602868	[1127]	:	Key	97	UP	at	601869  
603726	[858]	:	Key	97	DOWN	at	603726  
604832	[1106]	:	Key	97	UP	at	603806  
606373	[1541]	:	Key	98	DOWN	at	606373  
607492	[1119]	:	Key	98	UP	at	606518  
609005	[1513]	:	Key	98	DOWN	at	609005  
610128	[1123]	:	Key	98	UP	at	609093  
611517	[1389]	:	Key	98	DOWN	at	611517  
612628	[1111]	:	Key	98	UP	at	611613  
613413	[785]	:	Key	97	DOWN	at	613413  
614591	[1178]	:	Key	97	UP	at	613517  
615757	[1166]	:	Key	71	DOWN	at	615757  
616076	[319]	:	Key	71	UP	at	615917  
616485	[409]	:	Key	71	DOWN	at	616485  
616685	[200]	:	Key	71	UP	at	616685  
617453	[768]	:	Key	71	DOWN	at	617453  
620749	[3296]	:	Key	71	UP	at	617605  
621230	[481]	:	Key	71	DOWN	at	621230  
624525	[3295]	:	Key	71	UP	at	621390  
624957	[432]	:	Key	71	DOWN	at	624957  
628259	[3302]	:	Key	71	UP	at	625102  
628261	[2]	:	Key	71	DOWN	at	627373  
628262	[1]	:	Key	71	UP	at	627517  
628989	[727]	:	Key	71	DOWN	at	628989  
632289	[3300]	:	Key	71	UP	at	629149  
632637	[348]	:	Key	71	DOWN	at	632637  
635936	[3299]	:	Key	71	UP	at	632789  
636373	[437]	:	Key	71	DOWN	at	636373  
639661	[3288]	:	Key	71	UP	at	636541  
640118	[457]	:	Key	71	DOWN	at	640118  
643406	[3288]	:	Key	71	UP	at	640262  
643781	[375]	:	Key	71	DOWN	at	643781  
647670	[3889]	:	Key	71	UP	at	643957  
648053	[383]	:	Key	71	DOWN	at	648053  
649102	[1049]	:	Key	71	UP	at	648205  
650533	[1431]	:	Key	98	DOWN	at	650533  
651637	[1104]	:	Key	98	UP	at	650677  
652893	[1256]	:	Key	97	DOWN	at	652893  
653989	[1096]	:	Key	97	UP	at	653013  
654934	[945]	:	Key	97	DOWN	at	654934  
656056	[1122]	:	Key	97	UP	at	655070  
656798	[742]	:	Key	97	DOWN	at	656798  
657925	[1127]	:	Key	97	UP	at	656926  
658734	[809]	:	Key	97	DOWN	at	658734  
659857	[1123]	:	Key	97	UP	at	658854  
660893	[1036]	:	Key	98	DOWN	at	660893  
662005	[1112]	:	Key	98	UP	at	661021  
662941	[936]	:	Key	97	DOWN	at	662941  
664050	[1109]	:	Key	97	UP	at	663069  
664941	[891]	:	Key	97	DOWN	at	664941  
666633	[1692]	:	Key	97	UP	at	665069  
667637	[1004]	:	Key	71	DOWN	at	667637  
668680	[1043]	:	Key	71	UP	at	667781  
671261	[2581]	:	Key	98	DOWN	at	671261  
672379	[1118]	:	Key	98	UP	at	671357  
673894	[1515]	:	Key	97	DOWN	at	673894  
674994	[1100]	:	Key	97	UP	at	673998  
676301	[1307]	:	Key	97	DOWN	at	676301  
677404	[1103]	:	Key	97	UP	at	676414  
678141	[737]	:	Key	97	DOWN	at	678141  
679252	[1111]	:	Key	97	UP	at	678270  
680389	[1137]	:	Key	98	DOWN	at	680389  
681529	[1140]	:	Key	98	UP	at	680469  
683013	[1484]	:	Key	98	DOWN	at	683013  
684144	[1131]	:	Key	98	UP	at	683125  
685253	[1109]	:	Key	97	DOWN	at	685253  
686361	[1108]	:	Key	97	UP	at	685373  
687933	[1572]	:	Key	98	DOWN	at	687933  
689108	[1175]	:	Key	98	UP	at	688101  
690822	[1714]	:	Key	71	DOWN	at	690822  
691186	[364]	:	Key	71	UP	at	690958  
693382	[2196]	:	Key	71	DOWN	at	693382  
693550	[168]	:	Key	71	UP	at	693550  
695093	[1543]	:	Key	71	DOWN	at	695093  
695229	[136]	:	Key	71	UP	at	695229  
730965	[35736]	:	Key	97	DOWN	at	730965  
731173	[208]	:	Key	97	UP	at	731173  
736477	[5304]	:	Key	97	DOWN	at	736477  
736645	[168]	:	Key	97	UP	at	736645  
745374	[8729]	:	Key	97	DOWN	at	745374  
745494	[120]	:	Key	97	UP	at	745494  
748366	[2872]	:	Key	97	DOWN	at	748366  
748526	[160]	:	Key	97	UP	at	748526  
750629	[2103]	:	Key	97	DOWN	at	750629  
750773	[144]	:	Key	97	UP	at	750773  
751149	[376]	:	Key	97	DOWN	at	751149  
751277	[128]	:	Key	97	UP	at	751277  
751925	[648]	:	Key	97	DOWN	at	751925  
752069	[144]	:	Key	97	UP	at	752069  
752477	[408]	:	Key	97	DOWN	at	752477  
752629	[152]	:	Key	97	UP	at	752629  
752869	[240]	:	Key	97	DOWN	at	752869  
752981	[112]	:	Key	97	UP	at	752981  
753285	[304]	:	Key	97	DOWN	at	753285  
753397	[112]	:	Key	97	UP	at	753397  
754373	[976]	:	Key	97	DOWN	at	754373  
754517	[144]	:	Key	97	UP	at	754517  
754813	[296]	:	Key	97	DOWN	at	754813  
754949	[136]	:	Key	97	UP	at	754949  
755453	[504]	:	Key	97	DOWN	at	755453  
755597	[144]	:	Key	97	UP	at	755597  
755813	[216]	:	Key	97	DOWN	at	755813  
755965	[152]	:	Key	97	UP	at	755965  
756229	[264]	:	Key	97	DOWN	at	756229  
756357	[128]	:	Key	97	UP	at	756357  
756605	[248]	:	Key	97	DOWN	at	756605  
756709	[104]	:	Key	97	UP	at	756709  
756917	[208]	:	Key	97	DOWN	at	756917  
757045	[128]	:	Key	97	UP	at	757045  
757277	[232]	:	Key	97	DOWN	at	757277  
757413	[136]	:	Key	97	UP	at	757413  
757621	[208]	:	Key	97	DOWN	at	757621  
757765	[144]	:	Key	97	UP	at	757765  
757925	[160]	:	Key	97	DOWN	at	757925  
758925	[1000]	:	Key	97	UP	at	758045  
760246	[1321]	:	Key	71	DOWN	at	760246  
760554	[308]	:	Key	71	UP	at	760438  
761414	[860]	:	Key	71	DOWN	at	761414  
833326	[71912]	:	Key	71	DOWN	at	833326  
833534	[208]	:	Key	71	UP	at	833534  
834014	[480]	:	Key	71	DOWN	at	834014  
1318805	[484791]	:	Key	71	DOWN	at	1318805 
1318981	[176]	:	Key	71	UP	at	1318981 
1359654	[40673]	:	Key	97	DOWN	at	1359654 
1360654	[1000]	:	Key	97	UP	at	1359838 
1360918	[264]	:	Key	98	DOWN	at	1360918 
1361078	[160]	:	Key	98	UP	at	1361078 
1361838	[760]	:	Key	71	DOWN	at	1361838 
1897810	[535972]	:	Key	97	DOWN	at	1897810 
1898810	[1000]	:	Key	97	UP	at	1897954 
1900346	[1536]	:	Key	71	DOWN	at	1900346 
2426169	[525823]	:	Key	97	DOWN	at	2426169 
2427169	[1000]	:	Key	97	UP	at	2426313 
2428657	[1488]	:	Key	71	DOWN	at	2428657 
2954209	[525552]	:	Key	97	DOWN	at	2954209 
2955209	[1000]	:	Key	97	UP	at	2954377 
2957481	[2272]	:	Key	71	DOWN	at	2957481 
3423490	[466009]	:	Key	71	DOWN	at	3423490 
3423530	[40]	:	COGENT STOP
