Cog2000 log file Sat Dec 19 23:40:59 2020
gprim v1.33 Compiled:Aug 12 2015 (GLib DirectDraw v7 DX12.0 Compiled:Aug 12 2015)
Display:1024x768x32 59.99Hz
Attaching C:\Sahar Rajabi\Final MBMF+Drug Task\Cogent2000v1.33\Toolbox\CogInput.mexw64
CogInput v1.05 Compiled: May 20 2010
4	[4]	:	COGENT START
74444	[74440]	:	Key	97	DOWN	at	74442   
74569	[125]	:	Key	97	UP	at	74569   
78386	[3817]	:	Key	97	DOWN	at	78385   
78522	[136]	:	Key	97	UP	at	78521   
129794	[51272]	:	Key	97	DOWN	at	129794  
130794	[1000]	:	Key	97	UP	at	129937  
135867	[5073]	:	Key	71	DOWN	at	135866  
136110	[243]	:	Key	71	UP	at	135977  
139243	[3133]	:	Key	71	DOWN	at	139242  
142682	[3439]	:	Key	71	UP	at	139336  
145578	[2896]	:	Key	71	DOWN	at	145578  
148914	[3336]	:	Key	71	UP	at	145665  
150402	[1488]	:	Key	71	DOWN	at	150402  
153715	[3313]	:	Key	71	UP	at	150520  
154874	[1159]	:	Key	71	DOWN	at	154873  
158184	[3310]	:	Key	71	UP	at	155041  
158185	[1]	:	Key	71	DOWN	at	157402  
158186	[1]	:	Key	71	UP	at	157560  
159035	[849]	:	Key	71	DOWN	at	159034  
162343	[3308]	:	Key	71	UP	at	159153  
163370	[1027]	:	Key	71	DOWN	at	163370  
166687	[3317]	:	Key	71	UP	at	163530  
166688	[1]	:	Key	71	DOWN	at	166057  
166689	[1]	:	Key	71	UP	at	166210  
168505	[1816]	:	Key	71	DOWN	at	168504  
171816	[3311]	:	Key	71	UP	at	168609  
171842	[26]	:	Key	71	DOWN	at	171842  
175150	[3308]	:	Key	71	UP	at	172009  
176090	[940]	:	Key	71	DOWN	at	176090  
179403	[3313]	:	Key	71	UP	at	176185  
180761	[1358]	:	Key	71	DOWN	at	180761  
184070	[3309]	:	Key	71	UP	at	180920  
186266	[2196]	:	Key	71	DOWN	at	186265  
189575	[3309]	:	Key	71	UP	at	186393  
191145	[1570]	:	Key	71	DOWN	at	191144  
194446	[3301]	:	Key	71	UP	at	191249  
194447	[1]	:	Key	71	DOWN	at	194010  
194448	[1]	:	Key	71	UP	at	194137  
195298	[850]	:	Key	71	DOWN	at	195297  
198609	[3311]	:	Key	71	UP	at	195433  
198610	[1]	:	Key	71	DOWN	at	197673  
198611	[1]	:	Key	71	UP	at	197817  
199472	[861]	:	Key	71	DOWN	at	199472  
202780	[3308]	:	Key	71	UP	at	199682  
202781	[1]	:	Key	71	DOWN	at	202041  
202782	[1]	:	Key	71	UP	at	202201  
203802	[1020]	:	Key	71	DOWN	at	203802  
207110	[3308]	:	Key	71	UP	at	203944  
208546	[1436]	:	Key	71	DOWN	at	208545  
211855	[3309]	:	Key	71	UP	at	208665  
212409	[554]	:	Key	71	DOWN	at	212409  
215716	[3307]	:	Key	71	UP	at	212657  
215717	[1]	:	Key	71	DOWN	at	215050  
215718	[1]	:	Key	71	UP	at	215192  
217754	[2036]	:	Key	71	DOWN	at	217754  
221065	[3311]	:	Key	71	UP	at	217889  
222241	[1176]	:	Key	71	DOWN	at	222241  
225550	[3309]	:	Key	71	UP	at	222409  
229178	[3628]	:	Key	71	DOWN	at	229177  
232494	[3316]	:	Key	71	UP	at	229337  
235970	[3476]	:	Key	71	DOWN	at	235970  
239282	[3312]	:	Key	71	UP	at	236050  
246546	[7264]	:	Key	71	DOWN	at	246546  
249854	[3308]	:	Key	71	UP	at	246673  
249855	[1]	:	Key	71	DOWN	at	249561  
249856	[1]	:	Key	71	UP	at	249681  
250739	[883]	:	Key	71	DOWN	at	250738  
254051	[3312]	:	Key	71	UP	at	250889  
255081	[1030]	:	Key	71	DOWN	at	255081  
258398	[3317]	:	Key	71	UP	at	255186  
258399	[1]	:	Key	71	DOWN	at	257425  
258399	[0]	:	Key	71	UP	at	257562  
259010	[611]	:	Key	71	DOWN	at	259009  
262319	[3309]	:	Key	71	UP	at	259194  
262320	[1]	:	Key	71	DOWN	at	261593  
262321	[1]	:	Key	71	UP	at	261738  
265859	[3538]	:	Key	71	DOWN	at	265858  
269165	[3306]	:	Key	71	UP	at	266009  
270850	[1685]	:	Key	71	DOWN	at	270849  
274160	[3310]	:	Key	71	UP	at	271090  
274161	[1]	:	Key	71	DOWN	at	273865  
274162	[1]	:	Key	71	UP	at	274018  
274874	[712]	:	Key	71	DOWN	at	274873  
278184	[3310]	:	Key	71	UP	at	275033  
279905	[1721]	:	Key	71	DOWN	at	279905  
283213	[3308]	:	Key	71	UP	at	280088  
283804	[591]	:	Key	71	DOWN	at	283802  
287115	[3311]	:	Key	71	UP	at	283938  
287116	[1]	:	Key	71	DOWN	at	286466  
287117	[1]	:	Key	71	UP	at	286625  
289634	[2517]	:	Key	71	DOWN	at	289634  
292945	[3311]	:	Key	71	UP	at	289825  
294201	[1256]	:	Key	71	DOWN	at	294201  
297510	[3309]	:	Key	71	UP	at	294361  
298074	[564]	:	Key	71	DOWN	at	298073  
301384	[3310]	:	Key	71	UP	at	298241  
301986	[602]	:	Key	71	DOWN	at	301986  
305291	[3305]	:	Key	71	UP	at	302152  
306026	[735]	:	Key	71	DOWN	at	306025  
309340	[3314]	:	Key	71	UP	at	306185  
310978	[1638]	:	Key	71	DOWN	at	310977  
314284	[3306]	:	Key	71	UP	at	311097  
315035	[751]	:	Key	71	DOWN	at	315034  
318343	[3308]	:	Key	71	UP	at	315178  
318922	[579]	:	Key	71	DOWN	at	318922  
322235	[3313]	:	Key	71	UP	at	319034  
322236	[1]	:	Key	71	DOWN	at	321561  
322237	[1]	:	Key	71	UP	at	321697  
323968	[1731]	:	Key	71	DOWN	at	323968  
327276	[3308]	:	Key	71	UP	at	324161  
327277	[1]	:	Key	71	DOWN	at	326297  
327278	[1]	:	Key	71	UP	at	326521  
328217	[939]	:	Key	71	DOWN	at	328216  
331527	[3310]	:	Key	71	UP	at	328370  
335483	[3956]	:	Key	71	DOWN	at	335482  
338791	[3308]	:	Key	71	UP	at	335642  
341674	[2883]	:	Key	71	DOWN	at	341673  
344982	[3308]	:	Key	71	UP	at	341873  
346304	[1322]	:	Key	71	DOWN	at	346304  
349612	[3308]	:	Key	71	UP	at	346449  
352793	[3181]	:	Key	71	DOWN	at	352793  
356101	[3308]	:	Key	71	UP	at	352954  
357994	[1893]	:	Key	71	DOWN	at	357993  
361305	[3311]	:	Key	71	UP	at	358161  
362370	[1065]	:	Key	71	DOWN	at	362370  
365680	[3310]	:	Key	71	UP	at	362505  
368386	[2706]	:	Key	71	DOWN	at	368386  
371696	[3310]	:	Key	71	UP	at	368513  
379546	[7850]	:	Key	71	DOWN	at	379546  
383499	[3953]	:	Key	71	UP	at	379690  
394274	[10775]	:	Key	71	DOWN	at	394272  
395323	[1049]	:	Key	71	UP	at	394417  
396411	[1088]	:	Key	97	DOWN	at	396410  
397530	[1119]	:	Key	97	UP	at	396504  
398427	[897]	:	Key	97	DOWN	at	398426  
399538	[1111]	:	Key	97	UP	at	398529  
400793	[1255]	:	Key	98	DOWN	at	400793  
401909	[1116]	:	Key	98	UP	at	400898  
403338	[1429]	:	Key	98	DOWN	at	403338  
404445	[1107]	:	Key	98	UP	at	403457  
405433	[988]	:	Key	97	DOWN	at	405433  
406558	[1125]	:	Key	97	UP	at	405562  
407539	[981]	:	Key	97	DOWN	at	407538  
408657	[1118]	:	Key	97	UP	at	407624  
409643	[986]	:	Key	97	DOWN	at	409642  
410758	[1115]	:	Key	97	UP	at	409729  
411898	[1140]	:	Key	98	DOWN	at	411898  
413571	[1673]	:	Key	98	UP	at	412049  
415433	[1862]	:	Key	71	DOWN	at	415433  
416480	[1047]	:	Key	71	UP	at	415625  
423778	[7298]	:	Key	97	DOWN	at	423778  
424897	[1119]	:	Key	97	UP	at	423914  
426354	[1457]	:	Key	97	DOWN	at	426353  
427469	[1115]	:	Key	97	UP	at	426441  
429369	[1900]	:	Key	98	DOWN	at	429369  
430478	[1109]	:	Key	98	UP	at	429514  
431811	[1333]	:	Key	97	DOWN	at	431810  
432943	[1132]	:	Key	97	UP	at	431921  
434106	[1163]	:	Key	98	DOWN	at	434106  
435220	[1114]	:	Key	98	UP	at	434225  
436889	[1669]	:	Key	98	DOWN	at	436889  
438008	[1119]	:	Key	98	UP	at	437002  
438770	[762]	:	Key	97	DOWN	at	438769  
439901	[1131]	:	Key	97	UP	at	438874  
440762	[861]	:	Key	97	DOWN	at	440762  
441934	[1172]	:	Key	97	UP	at	440890  
443994	[2060]	:	Key	71	DOWN	at	443993  
444317	[323]	:	Key	71	UP	at	444225  
445185	[868]	:	Key	71	DOWN	at	445185  
445434	[249]	:	Key	71	UP	at	445434  
446985	[1551]	:	Key	71	DOWN	at	446985  
450295	[3310]	:	Key	71	UP	at	447130  
454282	[3987]	:	Key	71	DOWN	at	454281  
457591	[3309]	:	Key	71	UP	at	454433  
457592	[1]	:	Key	71	DOWN	at	455217  
457593	[1]	:	Key	71	UP	at	455393  
459217	[1624]	:	Key	71	DOWN	at	459217  
462528	[3311]	:	Key	71	UP	at	459330  
463801	[1273]	:	Key	71	DOWN	at	463801  
467110	[3309]	:	Key	71	UP	at	463946  
479441	[12331]	:	Key	71	DOWN	at	479441  
482755	[3314]	:	Key	71	UP	at	479546  
482756	[1]	:	Key	71	DOWN	at	481873  
482757	[1]	:	Key	71	UP	at	482017  
484979	[2222]	:	Key	71	DOWN	at	484978  
488289	[3310]	:	Key	71	UP	at	485113  
489049	[760]	:	Key	71	DOWN	at	489049  
492361	[3312]	:	Key	71	UP	at	489242  
493434	[1073]	:	Key	71	DOWN	at	493433  
496743	[3309]	:	Key	71	UP	at	493562  
521921	[25178]	:	Key	71	DOWN	at	521921  
525232	[3311]	:	Key	71	UP	at	522081  
527075	[1843]	:	Key	71	DOWN	at	527074  
530383	[3308]	:	Key	71	UP	at	527322  
535050	[4667]	:	Key	71	DOWN	at	535050  
538360	[3310]	:	Key	71	UP	at	535193  
540570	[2210]	:	Key	71	DOWN	at	540570  
543875	[3305]	:	Key	71	UP	at	540690  
544369	[494]	:	Key	71	DOWN	at	544369  
547675	[3306]	:	Key	71	UP	at	544521  
548378	[703]	:	Key	71	DOWN	at	548377  
551689	[3311]	:	Key	71	UP	at	548506  
552283	[594]	:	Key	71	DOWN	at	552281  
555594	[3311]	:	Key	71	UP	at	552449  
555595	[1]	:	Key	71	DOWN	at	554666  
555596	[1]	:	Key	71	UP	at	554817  
556074	[478]	:	Key	71	DOWN	at	556073  
559981	[3907]	:	Key	71	UP	at	556241  
562889	[2908]	:	Key	71	DOWN	at	562889  
563941	[1052]	:	Key	71	UP	at	563034  
565650	[1709]	:	Key	97	DOWN	at	565650  
566773	[1123]	:	Key	97	UP	at	565778  
567538	[765]	:	Key	98	DOWN	at	567538  
568655	[1117]	:	Key	98	UP	at	567689  
569769	[1114]	:	Key	97	DOWN	at	569769  
570873	[1104]	:	Key	97	UP	at	569865  
572809	[1936]	:	Key	97	DOWN	at	572809  
573918	[1109]	:	Key	97	UP	at	572889  
575170	[1252]	:	Key	98	DOWN	at	575170  
576296	[1126]	:	Key	98	UP	at	575282  
581514	[5218]	:	Key	97	DOWN	at	581514  
582638	[1124]	:	Key	97	UP	at	581633  
584323	[1685]	:	Key	97	DOWN	at	584322  
585436	[1113]	:	Key	97	UP	at	584482  
586313	[877]	:	Key	98	DOWN	at	586313  
587993	[1680]	:	Key	98	UP	at	586482  
589858	[1865]	:	Key	71	DOWN	at	589858  
590911	[1053]	:	Key	71	UP	at	590042  
592250	[1339]	:	Key	98	DOWN	at	592249  
593381	[1131]	:	Key	98	UP	at	592345  
595065	[1684]	:	Key	97	DOWN	at	595065  
596192	[1127]	:	Key	97	UP	at	595217  
597522	[1330]	:	Key	97	DOWN	at	597522  
598632	[1110]	:	Key	97	UP	at	597674  
600034	[1402]	:	Key	98	DOWN	at	600034  
601152	[1118]	:	Key	98	UP	at	600194  
602467	[1315]	:	Key	97	DOWN	at	602466  
603589	[1122]	:	Key	97	UP	at	602618  
604450	[861]	:	Key	97	DOWN	at	604449  
605577	[1127]	:	Key	97	UP	at	604578  
606658	[1081]	:	Key	98	DOWN	at	606658  
607769	[1111]	:	Key	98	UP	at	606850  
609163	[1394]	:	Key	97	DOWN	at	609162  
610321	[1158]	:	Key	97	UP	at	609338  
612258	[1937]	:	Key	71	DOWN	at	612258  
612578	[320]	:	Key	71	UP	at	612442  
613770	[1192]	:	Key	71	DOWN	at	613770  
613977	[207]	:	Key	71	UP	at	613977  
615025	[1048]	:	Key	71	DOWN	at	615025  
618335	[3310]	:	Key	71	UP	at	615169  
618794	[459]	:	Key	71	DOWN	at	618793  
622103	[3309]	:	Key	71	UP	at	618994  
622104	[1]	:	Key	71	DOWN	at	621346  
622105	[1]	:	Key	71	UP	at	621578  
622914	[809]	:	Key	71	DOWN	at	622913  
626224	[3310]	:	Key	71	UP	at	623057  
626225	[1]	:	Key	71	DOWN	at	625306  
626226	[1]	:	Key	71	UP	at	625441  
626849	[623]	:	Key	71	DOWN	at	626849  
630157	[3308]	:	Key	71	UP	at	627002  
630158	[1]	:	Key	71	DOWN	at	629066  
630159	[1]	:	Key	71	UP	at	629378  
630586	[427]	:	Key	71	DOWN	at	630586  
633893	[3307]	:	Key	71	UP	at	630730  
634299	[406]	:	Key	71	DOWN	at	634298  
637608	[3309]	:	Key	71	UP	at	634522  
637609	[1]	:	Key	71	DOWN	at	636610  
637610	[1]	:	Key	71	UP	at	636922  
637905	[295]	:	Key	71	DOWN	at	637905  
641214	[3309]	:	Key	71	UP	at	638058  
641215	[1]	:	Key	71	DOWN	at	640473  
641216	[1]	:	Key	71	UP	at	640634  
641698	[482]	:	Key	71	DOWN	at	641697  
645599	[3901]	:	Key	71	UP	at	641881  
645599	[0]	:	Key	71	DOWN	at	644097  
645599	[0]	:	Key	71	UP	at	644250  
649938	[4339]	:	Key	71	DOWN	at	649938  
650979	[1041]	:	Key	71	UP	at	650121  
652385	[1406]	:	Key	98	DOWN	at	652385  
653493	[1108]	:	Key	98	UP	at	652529  
654849	[1356]	:	Key	97	DOWN	at	654849  
655978	[1129]	:	Key	97	UP	at	654985  
657771	[1793]	:	Key	97	DOWN	at	657770  
658887	[1116]	:	Key	97	UP	at	657897  
660386	[1499]	:	Key	97	DOWN	at	660385  
661499	[1113]	:	Key	97	UP	at	660490  
662834	[1335]	:	Key	97	DOWN	at	662833  
663943	[1109]	:	Key	97	UP	at	662930  
665394	[1451]	:	Key	97	DOWN	at	665394  
666513	[1119]	:	Key	97	UP	at	665513  
667529	[1016]	:	Key	97	DOWN	at	667529  
668639	[1110]	:	Key	97	UP	at	667666  
669769	[1130]	:	Key	98	DOWN	at	669769  
671429	[1660]	:	Key	98	UP	at	669930  
672953	[1524]	:	Key	71	DOWN	at	672953  
673998	[1045]	:	Key	71	UP	at	673154  
675754	[1756]	:	Key	98	DOWN	at	675754  
676874	[1120]	:	Key	98	UP	at	675865  
678514	[1640]	:	Key	98	DOWN	at	678514  
679632	[1118]	:	Key	98	UP	at	678674  
682162	[2530]	:	Key	97	DOWN	at	682162  
683276	[1114]	:	Key	97	UP	at	682297  
685035	[1759]	:	Key	98	DOWN	at	685034  
686161	[1126]	:	Key	98	UP	at	685170  
688266	[2105]	:	Key	97	DOWN	at	688265  
689377	[1111]	:	Key	97	UP	at	688394  
691235	[1858]	:	Key	97	DOWN	at	691234  
692342	[1107]	:	Key	97	UP	at	691369  
693491	[1149]	:	Key	98	DOWN	at	693491  
694620	[1129]	:	Key	98	UP	at	693602  
696306	[1686]	:	Key	98	DOWN	at	696306  
697491	[1185]	:	Key	98	UP	at	696490  
699474	[1983]	:	Key	71	DOWN	at	699474  
699792	[318]	:	Key	71	UP	at	699625  
701371	[1579]	:	Key	71	DOWN	at	701370  
701507	[136]	:	Key	71	UP	at	701506  
703945	[2438]	:	Key	71	DOWN	at	703945  
704227	[282]	:	Key	71	UP	at	704226  
704706	[479]	:	Key	97	DOWN	at	704706  
704865	[159]	:	Key	97	UP	at	704865  
706418	[1553]	:	Key	97	DOWN	at	706418  
706538	[120]	:	Key	97	UP	at	706537  
713546	[7008]	:	Key	97	DOWN	at	713545  
713633	[87]	:	Key	97	UP	at	713633  
722753	[9120]	:	Key	97	DOWN	at	722753  
722849	[96]	:	Key	97	UP	at	722849  
726394	[3545]	:	Key	97	DOWN	at	726394  
726507	[113]	:	Key	97	UP	at	726506  
736331	[9824]	:	Key	97	DOWN	at	736330  
736506	[175]	:	Key	97	UP	at	736505  
741594	[5088]	:	Key	97	DOWN	at	741593  
741770	[176]	:	Key	97	UP	at	741769  
749225	[7455]	:	Key	97	DOWN	at	749225  
749411	[186]	:	Key	97	UP	at	749410  
760097	[10686]	:	Key	97	DOWN	at	760097  
760242	[145]	:	Key	97	UP	at	760241  
773771	[13529]	:	Key	97	DOWN	at	773770  
773914	[143]	:	Key	97	UP	at	773913  
776137	[2223]	:	Key	97	DOWN	at	776137  
776220	[83]	:	Key	97	UP	at	776201  
781834	[5614]	:	Key	97	DOWN	at	781833  
781946	[112]	:	Key	97	UP	at	781945  
790890	[8944]	:	Key	97	DOWN	at	790889  
790972	[82]	:	Key	97	UP	at	790953  
798369	[7397]	:	Key	97	DOWN	at	798369  
798507	[138]	:	Key	97	UP	at	798506  
803578	[5071]	:	Key	97	DOWN	at	803578  
803714	[136]	:	Key	97	UP	at	803714  
812635	[8921]	:	Key	97	DOWN	at	812634  
812882	[247]	:	Key	97	UP	at	812881  
817459	[4577]	:	Key	97	DOWN	at	817458  
817691	[232]	:	Key	97	UP	at	817690  
824234	[6543]	:	Key	97	DOWN	at	824234  
824394	[160]	:	Key	97	UP	at	824394  
831970	[7576]	:	Key	97	DOWN	at	831970  
832130	[160]	:	Key	97	UP	at	832129  
833457	[1327]	:	Key	97	DOWN	at	833457  
834457	[1000]	:	Key	97	UP	at	833690  
837738	[3281]	:	Key	97	DOWN	at	837737  
837939	[201]	:	Key	97	UP	at	837938  
847955	[10016]	:	Key	71	DOWN	at	847954  
848259	[304]	:	Key	71	UP	at	848082  
849474	[1215]	:	Key	71	DOWN	at	849473  
1118249	[268775]	:	Key	71	DOWN	at	1118249 
1118410	[161]	:	Key	71	UP	at	1118410 
1119243	[833]	:	Key	71	DOWN	at	1119243 
2011901	[892658]	:	Key	97	DOWN	at	2011900 
2012900	[999]	:	Key	97	UP	at	2012059 
2018332	[5432]	:	Key	71	DOWN	at	2018331 
2890659	[872327]	:	Key	97	DOWN	at	2890659 
2891659	[1000]	:	Key	97	UP	at	2890772 
2904149	[12490]	:	Key	71	DOWN	at	2904148 
3542230	[638081]	:	Key	71	DOWN	at	3542229 
3542390	[160]	:	Key	71	UP	at	3542389 
3548054	[5664]	:	Key	97	DOWN	at	3548053 
3549054	[1000]	:	Key	97	UP	at	3548245 
3550421	[1367]	:	Key	71	DOWN	at	3550421 
4181518	[631097]	:	Key	97	DOWN	at	4181518 
4182519	[1001]	:	Key	97	UP	at	4181604 
4183974	[1455]	:	Key	98	DOWN	at	4183973 
4184174	[200]	:	Key	98	UP	at	4184174 
4186710	[2536]	:	Key	71	DOWN	at	4186709 
4701191	[514481]	:	Key	97	DOWN	at	4701190 
4701326	[135]	:	Key	97	UP	at	4701326 
4702374	[1048]	:	Key	97	DOWN	at	4702373 
4702551	[177]	:	Key	97	UP	at	4702551 
4703006	[455]	:	Key	71	DOWN	at	4703006 
4703044	[38]	:	COGENT STOP
