Cog2000 log file Sat Dec 12 23:12:21 2020
gprim v1.33 Compiled:Aug 12 2015 (GLib DirectDraw v7 DX12.0 Compiled:Aug 12 2015)
Display:1024x768x32 59.99Hz
Attaching C:\Sahar Rajabi\Final MBMF+Drug Task\Cogent2000v1.33\Toolbox\CogInput.mexw64
CogInput v1.05 Compiled: May 20 2010
5	[5]	:	COGENT START
20730	[20725]	:	Key	97	DOWN	at	20728   
20874	[144]	:	Key	97	UP	at	20873   
27074	[6200]	:	Key	97	DOWN	at	27073   
27157	[83]	:	Key	97	UP	at	27153   
38594	[11437]	:	Key	97	DOWN	at	38593   
39593	[999]	:	Key	97	UP	at	38672   
39595	[2]	:	Key	97	DOWN	at	39529   
39776	[181]	:	Key	97	UP	at	39776   
48474	[8698]	:	Key	71	DOWN	at	48473   
48673	[199]	:	Key	71	UP	at	48641   
52362	[3689]	:	Key	71	DOWN	at	52361   
55780	[3418]	:	Key	71	UP	at	52474   
57170	[1390]	:	Key	71	DOWN	at	57170   
60488	[3318]	:	Key	71	UP	at	57394   
64146	[3658]	:	Key	71	DOWN	at	64146   
67454	[3308]	:	Key	71	UP	at	64239   
68706	[1252]	:	Key	71	DOWN	at	68706   
72013	[3307]	:	Key	71	UP	at	68833   
72634	[621]	:	Key	71	DOWN	at	72633   
75941	[3307]	:	Key	71	UP	at	72770   
77691	[1750]	:	Key	71	DOWN	at	77690   
80997	[3306]	:	Key	71	UP	at	77808   
82370	[1373]	:	Key	71	DOWN	at	82369   
85678	[3308]	:	Key	71	UP	at	82505   
88098	[2420]	:	Key	71	DOWN	at	88097   
91405	[3307]	:	Key	71	UP	at	88241   
93162	[1757]	:	Key	71	DOWN	at	93161   
96457	[3295]	:	Key	71	UP	at	93273   
97810	[1353]	:	Key	71	DOWN	at	97809   
101115	[3305]	:	Key	71	UP	at	97929   
101770	[655]	:	Key	71	DOWN	at	101770  
105080	[3310]	:	Key	71	UP	at	102066  
109634	[4554]	:	Key	71	DOWN	at	109632  
112941	[3307]	:	Key	71	UP	at	109825  
113778	[837]	:	Key	71	DOWN	at	113778  
117089	[3311]	:	Key	71	UP	at	113946  
118552	[1463]	:	Key	71	DOWN	at	118552  
121861	[3309]	:	Key	71	UP	at	118673  
148617	[26756]	:	Key	71	DOWN	at	148617  
151921	[3304]	:	Key	71	UP	at	148793  
156497	[4576]	:	Key	71	DOWN	at	156497  
159806	[3309]	:	Key	71	UP	at	156649  
162554	[2748]	:	Key	71	DOWN	at	162554  
165859	[3305]	:	Key	71	UP	at	162680  
167210	[1351]	:	Key	71	DOWN	at	167208  
170520	[3310]	:	Key	71	UP	at	167329  
178313	[7793]	:	Key	71	DOWN	at	178313  
181620	[3307]	:	Key	71	UP	at	178465  
183995	[2375]	:	Key	71	DOWN	at	183994  
187293	[3298]	:	Key	71	UP	at	184105  
189025	[1732]	:	Key	71	DOWN	at	189025  
192334	[3309]	:	Key	71	UP	at	189161  
205930	[13596]	:	Key	71	DOWN	at	205929  
209237	[3307]	:	Key	71	UP	at	206066  
210402	[1165]	:	Key	71	DOWN	at	210401  
213711	[3309]	:	Key	71	UP	at	210544  
215201	[1490]	:	Key	71	DOWN	at	215200  
218511	[3310]	:	Key	71	UP	at	215337  
219467	[956]	:	Key	71	DOWN	at	219466  
222773	[3306]	:	Key	71	UP	at	219625  
229378	[6605]	:	Key	71	DOWN	at	229377  
232690	[3312]	:	Key	71	UP	at	229569  
234674	[1984]	:	Key	71	DOWN	at	234674  
237980	[3306]	:	Key	71	UP	at	234857  
238403	[423]	:	Key	71	DOWN	at	238402  
241712	[3309]	:	Key	71	UP	at	238570  
242650	[938]	:	Key	71	DOWN	at	242649  
245957	[3307]	:	Key	71	UP	at	242801  
246737	[780]	:	Key	71	DOWN	at	246736  
250046	[3309]	:	Key	71	UP	at	246945  
250047	[1]	:	Key	71	DOWN	at	249698  
250048	[1]	:	Key	71	UP	at	249946  
251483	[1435]	:	Key	71	DOWN	at	251482  
254788	[3305]	:	Key	71	UP	at	251641  
255563	[775]	:	Key	71	DOWN	at	255562  
258870	[3307]	:	Key	71	UP	at	255728  
264440	[5570]	:	Key	71	DOWN	at	264440  
267746	[3306]	:	Key	71	UP	at	264706  
269153	[1407]	:	Key	71	DOWN	at	269153  
272458	[3305]	:	Key	71	UP	at	269322  
275417	[2959]	:	Key	71	DOWN	at	275417  
278723	[3306]	:	Key	71	UP	at	275609  
280209	[1486]	:	Key	71	DOWN	at	280209  
283516	[3307]	:	Key	71	UP	at	280378  
299898	[16382]	:	Key	71	DOWN	at	299897  
303206	[3308]	:	Key	71	UP	at	300018  
305003	[1797]	:	Key	71	DOWN	at	305002  
308307	[3304]	:	Key	71	UP	at	305145  
308308	[1]	:	Key	71	DOWN	at	307585  
308309	[1]	:	Key	71	UP	at	307698  
309041	[732]	:	Key	71	DOWN	at	309041  
312350	[3309]	:	Key	71	UP	at	309161  
313369	[1019]	:	Key	71	DOWN	at	313369  
316674	[3305]	:	Key	71	UP	at	313506  
318361	[1687]	:	Key	71	DOWN	at	318361  
321670	[3309]	:	Key	71	UP	at	318514  
324179	[2509]	:	Key	71	DOWN	at	324178  
327486	[3307]	:	Key	71	UP	at	324377  
328290	[804]	:	Key	71	DOWN	at	328289  
331601	[3311]	:	Key	71	UP	at	328466  
332882	[1281]	:	Key	71	DOWN	at	332882  
336187	[3305]	:	Key	71	UP	at	333081  
336189	[2]	:	Key	71	DOWN	at	335409  
336190	[1]	:	Key	71	UP	at	335578  
347394	[11204]	:	Key	71	DOWN	at	347394  
350702	[3308]	:	Key	71	UP	at	347649  
371554	[20852]	:	Key	71	DOWN	at	371554  
374854	[3300]	:	Key	71	UP	at	371730  
375522	[668]	:	Key	71	DOWN	at	375522  
378828	[3306]	:	Key	71	UP	at	375705  
380283	[1455]	:	Key	71	DOWN	at	380281  
384244	[3961]	:	Key	71	UP	at	380529  
474945	[90701]	:	Key	71	DOWN	at	474945  
475995	[1050]	:	Key	71	UP	at	475098  
477625	[1630]	:	Key	97	DOWN	at	477625  
478743	[1118]	:	Key	97	UP	at	477770  
479523	[780]	:	Key	97	DOWN	at	479522  
480634	[1111]	:	Key	97	UP	at	479665  
481601	[967]	:	Key	97	DOWN	at	481601  
482731	[1130]	:	Key	97	UP	at	481713  
483594	[863]	:	Key	98	DOWN	at	483593  
484717	[1123]	:	Key	98	UP	at	483762  
486011	[1294]	:	Key	98	DOWN	at	486010  
487117	[1106]	:	Key	98	UP	at	486138  
488186	[1069]	:	Key	97	DOWN	at	488185  
489302	[1116]	:	Key	97	UP	at	488281  
490265	[963]	:	Key	97	DOWN	at	490265  
491374	[1109]	:	Key	97	UP	at	490368  
492291	[917]	:	Key	98	DOWN	at	492290  
493957	[1666]	:	Key	98	UP	at	492434  
495834	[1877]	:	Key	71	DOWN	at	495834  
496877	[1043]	:	Key	71	UP	at	495945  
498427	[1550]	:	Key	98	DOWN	at	498426  
499541	[1114]	:	Key	98	UP	at	498561  
501194	[1653]	:	Key	97	DOWN	at	501193  
502299	[1105]	:	Key	97	UP	at	501282  
503658	[1359]	:	Key	98	DOWN	at	503658  
504785	[1127]	:	Key	98	UP	at	503760  
505594	[809]	:	Key	97	DOWN	at	505594  
506704	[1110]	:	Key	97	UP	at	505681  
507914	[1210]	:	Key	98	DOWN	at	507914  
509019	[1105]	:	Key	98	UP	at	508042  
510137	[1118]	:	Key	98	DOWN	at	510137  
511246	[1109]	:	Key	98	UP	at	510306  
511962	[716]	:	Key	98	DOWN	at	511962  
513091	[1129]	:	Key	98	UP	at	512082  
514184	[1093]	:	Key	98	DOWN	at	514184  
515369	[1185]	:	Key	98	UP	at	514298  
526954	[11585]	:	Key	71	DOWN	at	526953  
527275	[321]	:	Key	71	UP	at	527105  
529571	[2296]	:	Key	71	DOWN	at	529570  
529682	[111]	:	Key	71	UP	at	529681  
532490	[2808]	:	Key	71	DOWN	at	532489  
535799	[3309]	:	Key	71	UP	at	532609  
536658	[859]	:	Key	71	DOWN	at	536658  
539964	[3306]	:	Key	71	UP	at	536770  
539966	[2]	:	Key	71	DOWN	at	539322  
539967	[1]	:	Key	71	UP	at	539450  
543521	[3554]	:	Key	71	DOWN	at	543521  
546830	[3309]	:	Key	71	UP	at	543642  
546831	[1]	:	Key	71	DOWN	at	546673  
546852	[21]	:	Key	71	UP	at	546833  
549411	[2559]	:	Key	71	DOWN	at	549409  
552719	[3308]	:	Key	71	UP	at	549577  
553338	[619]	:	Key	71	DOWN	at	553337  
556643	[3305]	:	Key	71	UP	at	553513  
556930	[287]	:	Key	71	DOWN	at	556930  
560238	[3308]	:	Key	71	UP	at	557137  
568017	[7779]	:	Key	71	DOWN	at	568017  
571325	[3308]	:	Key	71	UP	at	568209  
572546	[1221]	:	Key	71	DOWN	at	572545  
575850	[3304]	:	Key	71	UP	at	572778  
576675	[825]	:	Key	71	DOWN	at	576674  
579979	[3304]	:	Key	71	UP	at	576977  
582890	[2911]	:	Key	71	DOWN	at	582890  
586195	[3305]	:	Key	71	UP	at	583042  
586873	[678]	:	Key	71	DOWN	at	586873  
590179	[3306]	:	Key	71	UP	at	587074  
590842	[663]	:	Key	71	DOWN	at	590842  
594148	[3306]	:	Key	71	UP	at	591033  
594167	[19]	:	Key	71	DOWN	at	594161  
594443	[276]	:	Key	71	UP	at	594442  
594922	[479]	:	Key	71	DOWN	at	594921  
598227	[3305]	:	Key	71	UP	at	595113  
598228	[1]	:	Key	71	DOWN	at	597402  
598229	[1]	:	Key	71	UP	at	597546  
614642	[16413]	:	Key	71	DOWN	at	614642  
617947	[3305]	:	Key	71	UP	at	614818  
619833	[1886]	:	Key	71	DOWN	at	619833  
623139	[3306]	:	Key	71	UP	at	620041  
631370	[8231]	:	Key	71	DOWN	at	631369  
635276	[3906]	:	Key	71	UP	at	631490  
737019	[101743]	:	Key	71	DOWN	at	737018  
738067	[1048]	:	Key	71	UP	at	737097  
739394	[1327]	:	Key	97	DOWN	at	739394  
740524	[1130]	:	Key	97	UP	at	739514  
741185	[661]	:	Key	98	DOWN	at	741185  
742309	[1124]	:	Key	98	UP	at	741338  
743177	[868]	:	Key	97	DOWN	at	743177  
744302	[1125]	:	Key	97	UP	at	743305  
745241	[939]	:	Key	97	DOWN	at	745241  
746349	[1108]	:	Key	97	UP	at	745362  
746979	[630]	:	Key	97	DOWN	at	746979  
748086	[1107]	:	Key	97	UP	at	747074  
748850	[764]	:	Key	97	DOWN	at	748850  
749980	[1130]	:	Key	97	UP	at	748977  
751090	[1110]	:	Key	97	DOWN	at	751090  
752198	[1108]	:	Key	97	UP	at	751227  
753155	[957]	:	Key	98	DOWN	at	753154  
754804	[1649]	:	Key	98	UP	at	753273  
759154	[4350]	:	Key	71	DOWN	at	759153  
760207	[1053]	:	Key	71	UP	at	759394  
761249	[1042]	:	Key	98	DOWN	at	761249  
762366	[1117]	:	Key	98	UP	at	761337  
763283	[917]	:	Key	97	DOWN	at	763282  
764389	[1106]	:	Key	97	UP	at	763458  
765402	[1013]	:	Key	97	DOWN	at	765402  
766536	[1134]	:	Key	97	UP	at	765546  
767209	[673]	:	Key	98	DOWN	at	767209  
768317	[1108]	:	Key	98	UP	at	767354  
769027	[710]	:	Key	97	DOWN	at	769026  
770143	[1116]	:	Key	97	UP	at	769154  
771562	[1419]	:	Key	97	DOWN	at	771562  
772682	[1120]	:	Key	97	UP	at	771707  
773627	[945]	:	Key	98	DOWN	at	773626  
774759	[1132]	:	Key	98	UP	at	773746  
775675	[916]	:	Key	97	DOWN	at	775675  
776852	[1177]	:	Key	97	UP	at	775818  
779074	[2222]	:	Key	71	DOWN	at	779074  
779388	[314]	:	Key	71	UP	at	779289  
806883	[27495]	:	Key	71	DOWN	at	806881  
807058	[175]	:	Key	71	UP	at	807058  
807427	[369]	:	Key	71	DOWN	at	807426  
807601	[174]	:	Key	71	UP	at	807601  
807746	[145]	:	Key	71	DOWN	at	807746  
807931	[185]	:	Key	71	UP	at	807929  
808682	[751]	:	Key	71	DOWN	at	808682  
808899	[217]	:	Key	71	UP	at	808899  
809547	[648]	:	Key	71	DOWN	at	809546  
809681	[134]	:	Key	71	UP	at	809681  
809866	[185]	:	Key	71	DOWN	at	809866  
809995	[129]	:	Key	71	UP	at	809995  
810209	[214]	:	Key	71	DOWN	at	810209  
810354	[145]	:	Key	71	UP	at	810354  
817889	[7535]	:	Key	97	DOWN	at	817889  
818074	[185]	:	Key	97	UP	at	818074  
821641	[3567]	:	Key	97	DOWN	at	821641  
821771	[130]	:	Key	97	UP	at	821770  
828147	[6376]	:	Key	98	DOWN	at	828146  
828330	[183]	:	Key	98	UP	at	828330  
833202	[4872]	:	Key	97	DOWN	at	833201  
833388	[186]	:	Key	97	UP	at	833387  
838130	[4742]	:	Key	97	DOWN	at	838130  
838433	[303]	:	Key	97	UP	at	838433  
839258	[825]	:	Key	98	DOWN	at	839258  
839410	[152]	:	Key	98	UP	at	839410  
841842	[2432]	:	Key	97	DOWN	at	841841  
842059	[217]	:	Key	97	UP	at	842058  
853027	[10968]	:	Key	97	DOWN	at	853026  
853219	[192]	:	Key	97	UP	at	853218  
864059	[10840]	:	Key	97	DOWN	at	864058  
864227	[168]	:	Key	97	UP	at	864226  
876770	[12543]	:	Key	97	DOWN	at	876770  
877034	[264]	:	Key	97	UP	at	877034  
884258	[7224]	:	Key	97	DOWN	at	884258  
884402	[144]	:	Key	97	UP	at	884402  
898650	[14248]	:	Key	97	DOWN	at	898650  
898825	[175]	:	Key	97	UP	at	898825  
908891	[10066]	:	Key	97	DOWN	at	908890  
909091	[200]	:	Key	97	UP	at	909091  
916338	[7247]	:	Key	97	DOWN	at	916337  
916490	[152]	:	Key	97	UP	at	916490  
921131	[4641]	:	Key	97	DOWN	at	921130  
921281	[150]	:	Key	97	UP	at	921281  
926105	[4824]	:	Key	97	DOWN	at	926105  
926276	[171]	:	Key	97	UP	at	926275  
938339	[12063]	:	Key	97	DOWN	at	938338  
938506	[167]	:	Key	97	UP	at	938506  
943617	[5111]	:	Key	97	DOWN	at	943617  
943827	[210]	:	Key	97	UP	at	943826  
952788	[8961]	:	Key	97	DOWN	at	952787  
952979	[191]	:	Key	97	UP	at	952979  
966891	[13912]	:	Key	97	DOWN	at	966889  
967017	[126]	:	Key	97	UP	at	967017  
973643	[6626]	:	Key	97	DOWN	at	973642  
973786	[143]	:	Key	97	UP	at	973786  
979939	[6153]	:	Key	97	DOWN	at	979938  
980123	[184]	:	Key	97	UP	at	980122  
989514	[9391]	:	Key	97	DOWN	at	989514  
989682	[168]	:	Key	97	UP	at	989682  
991618	[1936]	:	Key	97	DOWN	at	991618  
992619	[1001]	:	Key	97	UP	at	991818  
992987	[368]	:	Key	97	DOWN	at	992987  
993267	[280]	:	Key	97	UP	at	993266  
996274	[3007]	:	Key	97	DOWN	at	996274  
996482	[208]	:	Key	97	UP	at	996481  
998107	[1625]	:	Key	71	DOWN	at	998106  
998402	[295]	:	Key	71	UP	at	998394  
1001194	[2792]	:	Key	71	DOWN	at	1001194 
1097771	[96577]	:	Key	71	DOWN	at	1097770 
1097946	[175]	:	Key	71	UP	at	1097946 
1098762	[816]	:	Key	71	DOWN	at	1098762 
1833259	[734497]	:	Key	97	DOWN	at	1833259 
1834260	[1001]	:	Key	97	UP	at	1833412 
1837180	[2920]	:	Key	71	DOWN	at	1837179 
2736621	[899441]	:	Key	97	DOWN	at	2736620 
2737620	[999]	:	Key	97	UP	at	2736763 
2737622	[2]	:	Key	97	DOWN	at	2737420 
2737623	[1]	:	Key	97	UP	at	2737539 
2741717	[4094]	:	Key	71	DOWN	at	2741716 
3655308	[913591]	:	Key	97	DOWN	at	3655308 
3656308	[1000]	:	Key	97	UP	at	3655476 
3657614	[1306]	:	Key	71	DOWN	at	3657613 
4243855	[586241]	:	Key	97	DOWN	at	4243854 
4244855	[1000]	:	Key	97	UP	at	4244006 
4246086	[1231]	:	Key	71	DOWN	at	4246086 
4845688	[599602]	:	Key	71	DOWN	at	4845686 
4845739	[51]	:	COGENT STOP
