Cog2000 log file Sun Dec 06 10:17:51 2020
gprim v1.33 Compiled:Aug 12 2015 (GLib DirectDraw v7 DX10.0 Compiled:Aug 12 2015)
Display:1024x768x32 60.02Hz
Attaching E:\Sahar Rajabi\Final MBMF+Drug Task\Cogent2000v1.33\Toolbox\CogInput.mexw64
CogInput v1.05 Compiled: May 20 2010
5	[5]	:	COGENT START
63948	[63943]	:	Key	98	DOWN	at	63947   
64114	[166]	:	Key	98	UP	at	64114   
75043	[10929]	:	Key	98	DOWN	at	75043   
75267	[224]	:	Key	98	UP	at	75267   
76611	[1344]	:	Key	97	DOWN	at	76611   
76698	[87]	:	Key	97	UP	at	76659   
87794	[11096]	:	Key	97	DOWN	at	87794   
87922	[128]	:	Key	97	UP	at	87922   
105522	[17600]	:	Key	97	DOWN	at	105522  
106522	[1000]	:	Key	97	UP	at	105620  
118403	[11881]	:	Key	71	DOWN	at	118403  
118572	[169]	:	Key	71	UP	at	118539  
122659	[4087]	:	Key	71	DOWN	at	122659  
126019	[3360]	:	Key	71	UP	at	122804  
128788	[2769]	:	Key	71	DOWN	at	128788  
132104	[3316]	:	Key	71	UP	at	128924  
134595	[2491]	:	Key	71	DOWN	at	134595  
137893	[3298]	:	Key	71	UP	at	134732  
139915	[2022]	:	Key	71	DOWN	at	139915  
143218	[3303]	:	Key	71	UP	at	140044  
144155	[937]	:	Key	71	DOWN	at	144155  
147457	[3302]	:	Key	71	UP	at	144268  
151179	[3722]	:	Key	71	DOWN	at	151179  
154481	[3302]	:	Key	71	UP	at	151268  
156555	[2074]	:	Key	71	DOWN	at	156555  
159854	[3299]	:	Key	71	UP	at	156692  
161830	[1976]	:	Key	71	DOWN	at	161830  
165129	[3299]	:	Key	71	UP	at	161850  
166483	[1354]	:	Key	71	DOWN	at	166483  
169786	[3303]	:	Key	71	UP	at	166612  
170747	[961]	:	Key	71	DOWN	at	170747  
174046	[3299]	:	Key	71	UP	at	170883  
176526	[2480]	:	Key	71	DOWN	at	176526  
179828	[3302]	:	Key	71	UP	at	176546  
183323	[3495]	:	Key	71	DOWN	at	183323  
186624	[3301]	:	Key	71	UP	at	183452  
187987	[1363]	:	Key	71	DOWN	at	187987  
191286	[3299]	:	Key	71	UP	at	188148  
194602	[3316]	:	Key	71	DOWN	at	194602  
197903	[3301]	:	Key	71	UP	at	194716  
200187	[2284]	:	Key	71	DOWN	at	200187  
203488	[3301]	:	Key	71	UP	at	200348  
204459	[971]	:	Key	71	DOWN	at	204459  
207759	[3300]	:	Key	71	UP	at	204596  
210627	[2868]	:	Key	71	DOWN	at	210627  
213929	[3302]	:	Key	71	UP	at	210780  
215779	[1850]	:	Key	71	DOWN	at	215779  
219077	[3298]	:	Key	71	UP	at	215949  
221862	[2785]	:	Key	71	DOWN	at	221862  
225165	[3303]	:	Key	71	UP	at	221882  
230403	[5238]	:	Key	71	DOWN	at	230403  
233706	[3303]	:	Key	71	UP	at	230596  
236454	[2748]	:	Key	71	DOWN	at	236454  
239755	[3301]	:	Key	71	UP	at	236474  
241091	[1336]	:	Key	71	DOWN	at	241091  
244380	[3289]	:	Key	71	UP	at	241228  
244382	[2]	:	Key	71	DOWN	at	244123  
244383	[1]	:	Key	71	UP	at	244267  
249964	[5581]	:	Key	71	DOWN	at	249964  
253266	[3302]	:	Key	71	UP	at	250093  
255100	[1834]	:	Key	71	DOWN	at	255100  
258399	[3299]	:	Key	71	UP	at	255244  
262251	[3852]	:	Key	71	DOWN	at	262251  
265552	[3301]	:	Key	71	UP	at	262412  
267484	[1932]	:	Key	71	DOWN	at	267484  
270786	[3302]	:	Key	71	UP	at	267661  
279931	[9145]	:	Key	71	DOWN	at	279931  
283234	[3303]	:	Key	71	UP	at	280076  
284466	[1232]	:	Key	71	DOWN	at	284466  
287767	[3301]	:	Key	71	UP	at	284636  
288875	[1108]	:	Key	71	DOWN	at	288875  
292174	[3299]	:	Key	71	UP	at	289043  
293147	[973]	:	Key	71	DOWN	at	293147  
296448	[3301]	:	Key	71	UP	at	293292  
298163	[1715]	:	Key	71	DOWN	at	298163  
301465	[3302]	:	Key	71	UP	at	298316  
302411	[946]	:	Key	71	DOWN	at	302411  
305708	[3297]	:	Key	71	UP	at	302603  
307236	[1528]	:	Key	71	DOWN	at	307236  
310539	[3303]	:	Key	71	UP	at	307388  
312070	[1531]	:	Key	71	DOWN	at	312070  
315371	[3301]	:	Key	71	UP	at	312090  
317787	[2416]	:	Key	71	DOWN	at	317787  
321089	[3302]	:	Key	71	UP	at	317916  
322036	[947]	:	Key	71	DOWN	at	322036  
325336	[3300]	:	Key	71	UP	at	322180  
326726	[1390]	:	Key	71	DOWN	at	326726  
330027	[3301]	:	Key	71	UP	at	326746  
332499	[2472]	:	Key	71	DOWN	at	332499  
335791	[3292]	:	Key	71	UP	at	332634  
336626	[835]	:	Key	71	DOWN	at	336626  
339914	[3288]	:	Key	71	UP	at	336778  
344314	[4400]	:	Key	71	DOWN	at	344314  
347615	[3301]	:	Key	71	UP	at	344458  
348746	[1131]	:	Key	71	DOWN	at	348746  
352045	[3299]	:	Key	71	UP	at	348922  
354258	[2213]	:	Key	71	DOWN	at	354258  
357558	[3300]	:	Key	71	UP	at	354394  
360746	[3188]	:	Key	71	DOWN	at	360746  
364049	[3303]	:	Key	71	UP	at	360874  
365002	[953]	:	Key	71	DOWN	at	365002  
368303	[3301]	:	Key	71	UP	at	365162  
369482	[1179]	:	Key	71	DOWN	at	369482  
372784	[3302]	:	Key	71	UP	at	369650  
374579	[1795]	:	Key	71	DOWN	at	374579  
377880	[3301]	:	Key	71	UP	at	374771  
378946	[1066]	:	Key	71	DOWN	at	378946  
382247	[3301]	:	Key	71	UP	at	379098  
383066	[819]	:	Key	71	DOWN	at	383066  
387054	[3988]	:	Key	71	UP	at	383242  
416114	[29060]	:	Key	71	DOWN	at	416114  
417170	[1056]	:	Key	71	UP	at	416226  
418914	[1744]	:	Key	97	DOWN	at	418914  
420033	[1119]	:	Key	97	UP	at	419042  
420866	[833]	:	Key	98	DOWN	at	420866  
421978	[1112]	:	Key	98	UP	at	421026  
423098	[1120]	:	Key	97	DOWN	at	423098  
424190	[1092]	:	Key	97	UP	at	423210  
425203	[1013]	:	Key	97	DOWN	at	425203  
426320	[1117]	:	Key	97	UP	at	425315  
427411	[1091]	:	Key	97	DOWN	at	427411  
428513	[1102]	:	Key	97	UP	at	427530  
429227	[714]	:	Key	97	DOWN	at	429227  
430365	[1138]	:	Key	97	UP	at	429346  
431394	[1029]	:	Key	98	DOWN	at	431394  
432513	[1119]	:	Key	98	UP	at	431514  
433362	[849]	:	Key	97	DOWN	at	433362  
435107	[1745]	:	Key	97	UP	at	433458  
449066	[13959]	:	Key	71	DOWN	at	449066  
450113	[1047]	:	Key	71	UP	at	449162  
451554	[1441]	:	Key	97	DOWN	at	451554  
452688	[1134]	:	Key	97	UP	at	451642  
453626	[938]	:	Key	97	DOWN	at	453626  
454755	[1129]	:	Key	97	UP	at	453722  
455634	[879]	:	Key	98	DOWN	at	455634  
456767	[1133]	:	Key	98	UP	at	455786  
458442	[1675]	:	Key	97	DOWN	at	458442  
459585	[1143]	:	Key	97	UP	at	458530  
460707	[1122]	:	Key	97	DOWN	at	460707  
461832	[1125]	:	Key	97	UP	at	460811  
462890	[1058]	:	Key	97	DOWN	at	462890  
464006	[1116]	:	Key	97	UP	at	462979  
464978	[972]	:	Key	97	DOWN	at	464978  
466098	[1120]	:	Key	97	UP	at	465066  
466818	[720]	:	Key	97	DOWN	at	466818  
468041	[1223]	:	Key	97	UP	at	466938  
475522	[7481]	:	Key	71	DOWN	at	475522  
475842	[320]	:	Key	71	UP	at	475738  
477026	[1184]	:	Key	71	DOWN	at	477026  
477227	[201]	:	Key	71	UP	at	477227  
478171	[944]	:	Key	71	DOWN	at	478171  
481474	[3303]	:	Key	71	UP	at	478331  
481476	[2]	:	Key	71	DOWN	at	481339  
481477	[1]	:	Key	71	UP	at	481459  
482186	[709]	:	Key	71	DOWN	at	482186  
485465	[3279]	:	Key	71	UP	at	482243  
485465	[0]	:	Key	71	DOWN	at	482875  
485466	[1]	:	Key	71	UP	at	482963  
488698	[3232]	:	Key	71	DOWN	at	488698  
492003	[3305]	:	Key	71	UP	at	488810  
492005	[2]	:	Key	71	DOWN	at	491642  
492006	[1]	:	Key	71	UP	at	491722  
494178	[2172]	:	Key	71	DOWN	at	494178  
497475	[3297]	:	Key	71	UP	at	494346  
498578	[1103]	:	Key	71	DOWN	at	498578  
501866	[3288]	:	Key	71	UP	at	498722  
504410	[2544]	:	Key	71	DOWN	at	504410  
507701	[3291]	:	Key	71	UP	at	504538  
512171	[4470]	:	Key	71	DOWN	at	512171  
515461	[3290]	:	Key	71	UP	at	512307  
516475	[1014]	:	Key	71	DOWN	at	516475  
519770	[3295]	:	Key	71	UP	at	516602  
523202	[3432]	:	Key	71	DOWN	at	523202  
526496	[3294]	:	Key	71	UP	at	523330  
527306	[810]	:	Key	71	DOWN	at	527306  
530596	[3290]	:	Key	71	UP	at	527458  
531643	[1047]	:	Key	71	DOWN	at	531643  
534943	[3300]	:	Key	71	UP	at	531787  
539930	[4987]	:	Key	71	DOWN	at	539930  
543231	[3301]	:	Key	71	UP	at	540074  
543818	[587]	:	Key	71	DOWN	at	543818  
547107	[3289]	:	Key	71	UP	at	543946  
549411	[2304]	:	Key	71	DOWN	at	549411  
552712	[3301]	:	Key	71	UP	at	549563  
553826	[1114]	:	Key	71	DOWN	at	553826  
557128	[3302]	:	Key	71	UP	at	553946  
559282	[2154]	:	Key	71	DOWN	at	559282  
563185	[3903]	:	Key	71	UP	at	559418  
566635	[3450]	:	Key	71	DOWN	at	566635  
567681	[1046]	:	Key	71	UP	at	566731  
568659	[978]	:	Key	97	DOWN	at	568659  
569777	[1118]	:	Key	97	UP	at	568739  
570747	[970]	:	Key	98	DOWN	at	570747  
571877	[1130]	:	Key	98	UP	at	570866  
572602	[725]	:	Key	97	DOWN	at	572602  
573715	[1113]	:	Key	97	UP	at	572698  
575346	[1631]	:	Key	97	DOWN	at	575346  
576474	[1128]	:	Key	97	UP	at	575434  
577290	[816]	:	Key	98	DOWN	at	577290  
578402	[1112]	:	Key	98	UP	at	577386  
579314	[912]	:	Key	97	DOWN	at	579314  
580433	[1119]	:	Key	97	UP	at	579426  
581202	[769]	:	Key	97	DOWN	at	581202  
582322	[1120]	:	Key	97	UP	at	581298  
583019	[697]	:	Key	97	DOWN	at	583019  
584708	[1689]	:	Key	97	UP	at	583139  
588930	[4222]	:	Key	71	DOWN	at	588930  
589973	[1043]	:	Key	71	UP	at	589019  
591242	[1269]	:	Key	98	DOWN	at	591242  
592366	[1124]	:	Key	98	UP	at	591370  
593114	[748]	:	Key	98	DOWN	at	593114  
594248	[1134]	:	Key	98	UP	at	593210  
595066	[818]	:	Key	97	DOWN	at	595066  
596185	[1119]	:	Key	97	UP	at	595178  
597130	[945]	:	Key	98	DOWN	at	597130  
598251	[1121]	:	Key	98	UP	at	597242  
599106	[855]	:	Key	98	DOWN	at	599106  
600245	[1139]	:	Key	98	UP	at	599242  
601467	[1222]	:	Key	97	DOWN	at	601467  
602595	[1128]	:	Key	97	UP	at	601587  
603891	[1296]	:	Key	98	DOWN	at	603891  
605026	[1135]	:	Key	98	UP	at	603995  
605827	[801]	:	Key	98	DOWN	at	605827  
607036	[1209]	:	Key	98	UP	at	605938  
608906	[1870]	:	Key	71	DOWN	at	608906  
609190	[284]	:	Key	71	UP	at	608970  
740051	[130861]	:	Key	71	DOWN	at	740051  
740171	[120]	:	Key	71	UP	at	740171  
741555	[1384]	:	Key	97	DOWN	at	741555  
741717	[162]	:	Key	97	UP	at	741691  
747986	[6269]	:	Key	97	DOWN	at	747986  
748090	[104]	:	Key	97	UP	at	748090  
767450	[19360]	:	Key	97	DOWN	at	767450  
767554	[104]	:	Key	97	UP	at	767554  
780939	[13385]	:	Key	98	DOWN	at	780939  
781139	[200]	:	Key	98	UP	at	781139  
791194	[10055]	:	Key	97	DOWN	at	791194  
791338	[144]	:	Key	97	UP	at	791338  
792611	[1273]	:	Key	97	DOWN	at	792611  
792779	[168]	:	Key	97	UP	at	792779  
806130	[13351]	:	Key	97	DOWN	at	806130  
806266	[136]	:	Key	97	UP	at	806266  
824730	[18464]	:	Key	97	DOWN	at	824730  
824850	[120]	:	Key	97	UP	at	824850  
830123	[5273]	:	Key	97	DOWN	at	830123  
830259	[136]	:	Key	97	UP	at	830259  
841818	[11559]	:	Key	97	DOWN	at	841818  
841930	[112]	:	Key	97	UP	at	841930  
855018	[13088]	:	Key	97	DOWN	at	855018  
855154	[136]	:	Key	97	UP	at	855154  
864395	[9241]	:	Key	97	DOWN	at	864395  
864547	[152]	:	Key	97	UP	at	864547  
879491	[14944]	:	Key	97	DOWN	at	879491  
879683	[192]	:	Key	97	UP	at	879683  
888155	[8472]	:	Key	97	DOWN	at	888155  
888363	[208]	:	Key	97	UP	at	888363  
905219	[16856]	:	Key	97	DOWN	at	905219  
905403	[184]	:	Key	97	UP	at	905403  
914010	[8607]	:	Key	97	DOWN	at	914010  
914179	[169]	:	Key	97	UP	at	914179  
923275	[9096]	:	Key	97	DOWN	at	923275  
923451	[176]	:	Key	97	UP	at	923451  
948546	[25095]	:	Key	97	DOWN	at	948546  
948746	[200]	:	Key	97	UP	at	948746  
970075	[21329]	:	Key	97	DOWN	at	970075  
970211	[136]	:	Key	97	UP	at	970211  
982322	[12111]	:	Key	97	DOWN	at	982322  
982506	[184]	:	Key	97	UP	at	982506  
990931	[8425]	:	Key	97	DOWN	at	990931  
991123	[192]	:	Key	97	UP	at	991123  
1035202	[44079]	:	Key	97	DOWN	at	1035202 
1036202	[1000]	:	Key	97	UP	at	1035306 
1040771	[4569]	:	Key	71	DOWN	at	1040771 
1041074	[303]	:	Key	71	UP	at	1040915 
1042779	[1705]	:	Key	71	DOWN	at	1042779 
1211611	[168832]	:	Key	71	DOWN	at	1211611 
1211698	[87]	:	Key	71	UP	at	1211675 
1213395	[1697]	:	Key	71	DOWN	at	1213395 
2443228	[1229833]	:	Key	97	DOWN	at	2443228 
2444228	[1000]	:	Key	97	UP	at	2443372 
2447556	[3328]	:	Key	71	DOWN	at	2447556 
3371357	[923801]	:	Key	98	DOWN	at	3371357 
3371501	[144]	:	Key	98	UP	at	3371501 
3371725	[224]	:	Key	97	DOWN	at	3371725 
3372725	[1000]	:	Key	97	UP	at	3371877 
3372725	[0]	:	Key	97	DOWN	at	3372556 
3372860	[135]	:	Key	97	UP	at	3372860 
3417941	[45081]	:	Key	71	DOWN	at	3417941 
4399798	[981857]	:	Key	97	DOWN	at	4399798 
4400798	[1000]	:	Key	97	UP	at	4399910 
4440621	[39823]	:	Key	71	DOWN	at	4440621 
5378198	[937577]	:	Key	97	DOWN	at	5378198 
5379198	[1000]	:	Key	97	UP	at	5378390 
5388086	[8888]	:	Key	71	DOWN	at	5388086 
6918455	[1530369]	:	Key	71	DOWN	at	6918455 
6918512	[57]	:	COGENT STOP
