Cog2000 log file Tue Dec 08 10:18:47 2020
gprim v1.33 Compiled:Aug 12 2015 (GLib DirectDraw v7 DX10.0 Compiled:Aug 12 2015)
Display:1024x768x32 60.02Hz
Attaching E:\Sahar Rajabi\Final MBMF+Drug Task\Cogent2000v1.33\Toolbox\CogInput.mexw64
CogInput v1.05 Compiled: May 20 2010
4	[4]	:	COGENT START
53468	[53464]	:	Key	97	DOWN	at	53468   
53636	[168]	:	Key	97	UP	at	53636   
73524	[19888]	:	Key	98	DOWN	at	73524   
73724	[200]	:	Key	98	UP	at	73724   
74044	[320]	:	Key	97	DOWN	at	74044   
74236	[192]	:	Key	97	UP	at	74236   
75116	[880]	:	Key	97	DOWN	at	75116   
75276	[160]	:	Key	97	UP	at	75276   
75788	[512]	:	Key	98	DOWN	at	75788   
75956	[168]	:	Key	98	UP	at	75956   
76092	[136]	:	Key	98	DOWN	at	76092   
76236	[144]	:	Key	98	UP	at	76236   
76363	[127]	:	Key	98	DOWN	at	76363   
76483	[120]	:	Key	98	UP	at	76483   
76692	[209]	:	Key	97	DOWN	at	76692   
76819	[127]	:	Key	97	UP	at	76819   
76971	[152]	:	Key	97	DOWN	at	76971   
77108	[137]	:	Key	97	UP	at	77108   
142652	[65544]	:	Key	97	DOWN	at	142652  
143652	[1000]	:	Key	97	UP	at	142812  
200124	[56472]	:	Key	71	DOWN	at	200124  
200317	[193]	:	Key	71	UP	at	200236  
203524	[3207]	:	Key	71	DOWN	at	203524  
206881	[3357]	:	Key	71	UP	at	203652  
209844	[2963]	:	Key	71	DOWN	at	209844  
213154	[3310]	:	Key	71	UP	at	210012  
214628	[1474]	:	Key	71	DOWN	at	214628  
217928	[3300]	:	Key	71	UP	at	214828  
220108	[2180]	:	Key	71	DOWN	at	220108  
223408	[3300]	:	Key	71	UP	at	220293  
225660	[2252]	:	Key	71	DOWN	at	225660  
228961	[3301]	:	Key	71	UP	at	225852  
229868	[907]	:	Key	71	DOWN	at	229868  
233168	[3300]	:	Key	71	UP	at	230044  
234276	[1108]	:	Key	71	DOWN	at	234276  
237567	[3291]	:	Key	71	UP	at	234460  
237569	[2]	:	Key	71	DOWN	at	237477  
237692	[123]	:	Key	71	UP	at	237692  
238652	[960]	:	Key	71	DOWN	at	238652  
241953	[3301]	:	Key	71	UP	at	238836  
243292	[1339]	:	Key	71	DOWN	at	243292  
246590	[3298]	:	Key	71	UP	at	243476  
248020	[1430]	:	Key	71	DOWN	at	248020  
251323	[3303]	:	Key	71	UP	at	248228  
252348	[1025]	:	Key	71	DOWN	at	252348  
255648	[3300]	:	Key	71	UP	at	252548  
257236	[1588]	:	Key	71	DOWN	at	257236  
260539	[3303]	:	Key	71	UP	at	257476  
262420	[1881]	:	Key	71	DOWN	at	262420  
265720	[3300]	:	Key	71	UP	at	262604  
266596	[876]	:	Key	71	DOWN	at	266596  
269875	[3279]	:	Key	71	UP	at	266772  
269916	[41]	:	Key	71	DOWN	at	269916  
273204	[3288]	:	Key	71	UP	at	270084  
273772	[568]	:	Key	71	DOWN	at	273772  
277060	[3288]	:	Key	71	UP	at	273996  
277660	[600]	:	Key	71	DOWN	at	277660  
280959	[3299]	:	Key	71	UP	at	277876  
281356	[397]	:	Key	71	DOWN	at	281356  
284659	[3303]	:	Key	71	UP	at	281548  
285148	[489]	:	Key	71	DOWN	at	285148  
288438	[3290]	:	Key	71	UP	at	285340  
289133	[695]	:	Key	71	DOWN	at	289133  
292410	[3277]	:	Key	71	UP	at	289317  
293100	[690]	:	Key	71	DOWN	at	293100  
296401	[3301]	:	Key	71	UP	at	293324  
297028	[627]	:	Key	71	DOWN	at	297028  
300325	[3297]	:	Key	71	UP	at	297188  
300844	[519]	:	Key	71	DOWN	at	300844  
304144	[3300]	:	Key	71	UP	at	301060  
304804	[660]	:	Key	71	DOWN	at	304804  
308081	[3277]	:	Key	71	UP	at	305019  
308748	[667]	:	Key	71	DOWN	at	308748  
312049	[3301]	:	Key	71	UP	at	308916  
312780	[731]	:	Key	71	DOWN	at	312780  
316069	[3289]	:	Key	71	UP	at	312948  
316508	[439]	:	Key	71	DOWN	at	316508  
319799	[3291]	:	Key	71	UP	at	316676  
320236	[437]	:	Key	71	DOWN	at	320236  
323525	[3289]	:	Key	71	UP	at	320436  
324285	[760]	:	Key	71	DOWN	at	324285  
327586	[3301]	:	Key	71	UP	at	324429  
327588	[2]	:	Key	71	DOWN	at	327580  
327756	[168]	:	Key	71	UP	at	327756  
332148	[4392]	:	Key	71	DOWN	at	332148  
335451	[3303]	:	Key	71	UP	at	332308  
337908	[2457]	:	Key	71	DOWN	at	337908  
341207	[3299]	:	Key	71	UP	at	338020  
342876	[1669]	:	Key	71	DOWN	at	342876  
346179	[3303]	:	Key	71	UP	at	343085  
346852	[673]	:	Key	71	DOWN	at	346852  
350140	[3288]	:	Key	71	UP	at	347044  
350828	[688]	:	Key	71	DOWN	at	350828  
354119	[3291]	:	Key	71	UP	at	351004  
355548	[1429]	:	Key	71	DOWN	at	355548  
358846	[3298]	:	Key	71	UP	at	355708  
359741	[895]	:	Key	71	DOWN	at	359741  
363042	[3301]	:	Key	71	UP	at	359901  
364716	[1674]	:	Key	71	DOWN	at	364716  
368021	[3305]	:	Key	71	UP	at	364852  
370180	[2159]	:	Key	71	DOWN	at	370180  
373458	[3278]	:	Key	71	UP	at	370300  
374980	[1522]	:	Key	71	DOWN	at	374980  
378270	[3290]	:	Key	71	UP	at	375124  
378772	[502]	:	Key	71	DOWN	at	378772  
382062	[3290]	:	Key	71	UP	at	378917  
382064	[2]	:	Key	71	DOWN	at	379565  
382065	[1]	:	Key	71	UP	at	379701  
382516	[451]	:	Key	71	DOWN	at	382516  
385821	[3305]	:	Key	71	UP	at	382692  
386292	[471]	:	Key	71	DOWN	at	386292  
389597	[3305]	:	Key	71	UP	at	386468  
389599	[2]	:	Key	71	DOWN	at	388476  
389600	[1]	:	Key	71	UP	at	389076  
391172	[1572]	:	Key	71	DOWN	at	391172  
394460	[3288]	:	Key	71	UP	at	391332  
397180	[2720]	:	Key	71	DOWN	at	397180  
400483	[3303]	:	Key	71	UP	at	397421  
401996	[1513]	:	Key	71	DOWN	at	401996  
405297	[3301]	:	Key	71	UP	at	402204  
406620	[1323]	:	Key	71	DOWN	at	406620  
409921	[3301]	:	Key	71	UP	at	406812  
410437	[516]	:	Key	71	DOWN	at	410437  
413726	[3289]	:	Key	71	UP	at	410637  
430509	[16783]	:	Key	71	DOWN	at	430509  
434509	[4000]	:	Key	71	UP	at	430653  
458212	[23703]	:	Key	71	DOWN	at	458212  
459256	[1044]	:	Key	71	UP	at	458380  
461132	[1876]	:	Key	97	DOWN	at	461132  
462271	[1139]	:	Key	97	UP	at	461324  
463245	[974]	:	Key	98	DOWN	at	463245  
464354	[1109]	:	Key	98	UP	at	463597  
465669	[1315]	:	Key	98	DOWN	at	465669  
466771	[1102]	:	Key	98	UP	at	465837  
467796	[1025]	:	Key	98	DOWN	at	467796  
468915	[1119]	:	Key	98	UP	at	467956  
471612	[2697]	:	Key	98	DOWN	at	471612  
472723	[1111]	:	Key	98	UP	at	471772  
474212	[1489]	:	Key	98	DOWN	at	474212  
475350	[1138]	:	Key	98	UP	at	474420  
477908	[2558]	:	Key	98	DOWN	at	477908  
479043	[1135]	:	Key	98	UP	at	478052  
480140	[1097]	:	Key	97	DOWN	at	480140  
481872	[1732]	:	Key	97	UP	at	480277  
490148	[8276]	:	Key	71	DOWN	at	490148  
491196	[1048]	:	Key	71	UP	at	490308  
492988	[1792]	:	Key	97	DOWN	at	492988  
494129	[1141]	:	Key	97	UP	at	493156  
495596	[1467]	:	Key	97	DOWN	at	495596  
496739	[1143]	:	Key	97	UP	at	495756  
498365	[1626]	:	Key	97	DOWN	at	498365  
499485	[1120]	:	Key	97	UP	at	498533  
501413	[1928]	:	Key	97	DOWN	at	501413  
502534	[1121]	:	Key	97	UP	at	501596  
504196	[1662]	:	Key	97	DOWN	at	504196  
505320	[1124]	:	Key	97	UP	at	504397  
506364	[1044]	:	Key	97	DOWN	at	506364  
507509	[1145]	:	Key	97	UP	at	506556  
509220	[1711]	:	Key	98	DOWN	at	509220  
510361	[1141]	:	Key	98	UP	at	509460  
511588	[1227]	:	Key	97	DOWN	at	511588  
512782	[1194]	:	Key	97	UP	at	511796  
520395	[7613]	:	Key	71	DOWN	at	520395  
520730	[335]	:	Key	71	UP	at	520557  
525764	[5034]	:	Key	71	DOWN	at	525764  
525988	[224]	:	Key	71	UP	at	525988  
527420	[1432]	:	Key	71	DOWN	at	527420  
530716	[3296]	:	Key	71	UP	at	527556  
533965	[3249]	:	Key	71	DOWN	at	533965  
537266	[3301]	:	Key	71	UP	at	534125  
541652	[4386]	:	Key	71	DOWN	at	541652  
544952	[3300]	:	Key	71	UP	at	541796  
546396	[1444]	:	Key	71	DOWN	at	546396  
549698	[3302]	:	Key	71	UP	at	546564  
553229	[3531]	:	Key	71	DOWN	at	553229  
556532	[3303]	:	Key	71	UP	at	553381  
560516	[3984]	:	Key	71	DOWN	at	560516  
563819	[3303]	:	Key	71	UP	at	560684  
564948	[1129]	:	Key	71	DOWN	at	564948  
568249	[3301]	:	Key	71	UP	at	565108  
574188	[5939]	:	Key	71	DOWN	at	574188  
577491	[3303]	:	Key	71	UP	at	574373  
582916	[5425]	:	Key	71	DOWN	at	582916  
586217	[3301]	:	Key	71	UP	at	583124  
587309	[1092]	:	Key	71	DOWN	at	587309  
590609	[3300]	:	Key	71	UP	at	587477  
592060	[1451]	:	Key	71	DOWN	at	592060  
595340	[3280]	:	Key	71	UP	at	592229  
598124	[2784]	:	Key	71	DOWN	at	598124  
601392	[3268]	:	Key	71	UP	at	598300  
603901	[2509]	:	Key	71	DOWN	at	603901  
607202	[3301]	:	Key	71	UP	at	604077  
609180	[1978]	:	Key	71	DOWN	at	609180  
612481	[3301]	:	Key	71	UP	at	609341  
618212	[5731]	:	Key	71	DOWN	at	618212  
621514	[3302]	:	Key	71	UP	at	618380  
625637	[4123]	:	Key	71	DOWN	at	625637  
629566	[3929]	:	Key	71	UP	at	625821  
634932	[5366]	:	Key	71	DOWN	at	634932  
635952	[1020]	:	Key	71	UP	at	635084  
637596	[1644]	:	Key	97	DOWN	at	637596  
638719	[1123]	:	Key	97	UP	at	637733  
640061	[1342]	:	Key	98	DOWN	at	640061  
641189	[1128]	:	Key	98	UP	at	640237  
642549	[1360]	:	Key	97	DOWN	at	642549  
643683	[1134]	:	Key	97	UP	at	642709  
645604	[1921]	:	Key	97	DOWN	at	645604  
646739	[1135]	:	Key	97	UP	at	645748  
648100	[1361]	:	Key	98	DOWN	at	648100  
649229	[1129]	:	Key	98	UP	at	648260  
650268	[1039]	:	Key	97	DOWN	at	650268  
651395	[1127]	:	Key	97	UP	at	650420  
653188	[1793]	:	Key	97	DOWN	at	653188  
654301	[1113]	:	Key	97	UP	at	653364  
656157	[1856]	:	Key	97	DOWN	at	656157  
657858	[1701]	:	Key	97	UP	at	656301  
663772	[5914]	:	Key	71	DOWN	at	663772  
664817	[1045]	:	Key	71	UP	at	663933  
666708	[1891]	:	Key	97	DOWN	at	666708  
667825	[1117]	:	Key	97	UP	at	666892  
669276	[1451]	:	Key	97	DOWN	at	669276  
670411	[1135]	:	Key	97	UP	at	669452  
672044	[1633]	:	Key	97	DOWN	at	672044  
673174	[1130]	:	Key	97	UP	at	672188  
674933	[1759]	:	Key	98	DOWN	at	674933  
676066	[1133]	:	Key	98	UP	at	675101  
678021	[1955]	:	Key	98	DOWN	at	678021  
679146	[1125]	:	Key	98	UP	at	678221  
680468	[1322]	:	Key	97	DOWN	at	680468  
681602	[1134]	:	Key	97	UP	at	680621  
683588	[1986]	:	Key	98	DOWN	at	683588  
684709	[1121]	:	Key	98	UP	at	683828  
686428	[1719]	:	Key	98	DOWN	at	686428  
687639	[1211]	:	Key	98	UP	at	686636  
691789	[4150]	:	Key	71	DOWN	at	691789  
692119	[330]	:	Key	71	UP	at	691973  
692941	[822]	:	Key	71	DOWN	at	692941  
693125	[184]	:	Key	71	UP	at	693125  
694485	[1360]	:	Key	71	DOWN	at	694485  
697787	[3302]	:	Key	71	UP	at	694621  
698132	[345]	:	Key	71	DOWN	at	698132  
701410	[3278]	:	Key	71	UP	at	698276  
701868	[458]	:	Key	71	DOWN	at	701868  
705145	[3277]	:	Key	71	UP	at	701988  
708157	[3012]	:	Key	71	DOWN	at	708157  
711458	[3301]	:	Key	71	UP	at	708309  
717404	[5946]	:	Key	71	DOWN	at	717404  
720705	[3301]	:	Key	71	UP	at	717532  
721676	[971]	:	Key	71	DOWN	at	721676  
724975	[3299]	:	Key	71	UP	at	721852  
728293	[3318]	:	Key	71	DOWN	at	728293  
731593	[3300]	:	Key	71	UP	at	728509  
741620	[10027]	:	Key	71	DOWN	at	741620  
745538	[3918]	:	Key	71	UP	at	741756  
746573	[1035]	:	Key	71	DOWN	at	746573  
747615	[1042]	:	Key	71	UP	at	746717  
749149	[1534]	:	Key	97	DOWN	at	749149  
750280	[1131]	:	Key	97	UP	at	749333  
752588	[2308]	:	Key	97	DOWN	at	752588  
753702	[1114]	:	Key	97	UP	at	752780  
756388	[2686]	:	Key	97	DOWN	at	756388  
757504	[1116]	:	Key	97	UP	at	756564  
760069	[2565]	:	Key	97	DOWN	at	760069  
761196	[1127]	:	Key	97	UP	at	760261  
764245	[3049]	:	Key	97	DOWN	at	764245  
765354	[1109]	:	Key	97	UP	at	764405  
766909	[1555]	:	Key	97	DOWN	at	766909  
768040	[1131]	:	Key	97	UP	at	767125  
768613	[573]	:	Key	97	DOWN	at	768613  
769743	[1130]	:	Key	97	UP	at	768748  
770596	[853]	:	Key	97	DOWN	at	770596  
772302	[1706]	:	Key	97	UP	at	770716  
774028	[1726]	:	Key	71	DOWN	at	774028  
775077	[1049]	:	Key	71	UP	at	774172  
775388	[311]	:	Key	97	DOWN	at	775388  
776516	[1128]	:	Key	97	UP	at	775484  
776517	[1]	:	Key	97	DOWN	at	775604  
776517	[0]	:	Key	97	UP	at	775700  
776518	[1]	:	Key	97	DOWN	at	775844  
776518	[0]	:	Key	97	UP	at	775916  
776518	[0]	:	Key	97	DOWN	at	776076  
776519	[1]	:	Key	97	UP	at	776164  
776519	[0]	:	Key	97	DOWN	at	776308  
776520	[1]	:	Key	97	UP	at	776388  
776556	[36]	:	Key	97	DOWN	at	776556  
777688	[1132]	:	Key	97	UP	at	776620  
777689	[1]	:	Key	97	DOWN	at	776788  
777690	[1]	:	Key	97	UP	at	776860  
777690	[0]	:	Key	97	DOWN	at	777004  
777691	[1]	:	Key	97	UP	at	777068  
777691	[0]	:	Key	97	DOWN	at	777501  
777692	[1]	:	Key	97	UP	at	777589  
777901	[209]	:	Key	98	DOWN	at	777901  
779042	[1141]	:	Key	98	UP	at	778117  
779043	[1]	:	Key	97	DOWN	at	778717  
779044	[1]	:	Key	97	UP	at	778757  
779045	[1]	:	Key	97	DOWN	at	778965  
779046	[1]	:	Key	97	UP	at	779045  
779221	[175]	:	Key	97	DOWN	at	779221  
780329	[1108]	:	Key	97	UP	at	779325  
780330	[1]	:	Key	97	DOWN	at	779485  
780330	[0]	:	Key	97	UP	at	779589  
780331	[1]	:	Key	97	DOWN	at	779757  
780331	[0]	:	Key	97	UP	at	779861  
780331	[0]	:	Key	97	DOWN	at	780029  
780332	[1]	:	Key	97	UP	at	780109  
780597	[265]	:	Key	97	DOWN	at	780597  
781718	[1121]	:	Key	97	UP	at	780677  
783237	[1519]	:	Key	98	DOWN	at	783237  
784356	[1119]	:	Key	98	UP	at	783413  
785349	[993]	:	Key	98	DOWN	at	785349  
786457	[1108]	:	Key	98	UP	at	785517  
791276	[4819]	:	Key	97	DOWN	at	791276  
792469	[1193]	:	Key	97	UP	at	791452  
793828	[1359]	:	Key	71	DOWN	at	793828  
794152	[324]	:	Key	71	UP	at	794116  
794468	[316]	:	Key	71	DOWN	at	794468  
794612	[144]	:	Key	71	UP	at	794612  
795349	[737]	:	Key	71	DOWN	at	795349  
798648	[3299]	:	Key	71	UP	at	795509  
799317	[669]	:	Key	71	DOWN	at	799317  
802583	[3266]	:	Key	71	UP	at	799509  
803164	[581]	:	Key	71	DOWN	at	803164  
806454	[3290]	:	Key	71	UP	at	803373  
808124	[1670]	:	Key	71	DOWN	at	808124  
811424	[3300]	:	Key	71	UP	at	808332  
812140	[716]	:	Key	71	DOWN	at	812140  
815441	[3301]	:	Key	71	UP	at	812316  
815741	[300]	:	Key	71	DOWN	at	815741  
819041	[3300]	:	Key	71	UP	at	815901  
819869	[828]	:	Key	71	DOWN	at	819869  
823170	[3301]	:	Key	71	UP	at	820037  
823916	[746]	:	Key	71	DOWN	at	823916  
827791	[3875]	:	Key	71	UP	at	824052  
829084	[1293]	:	Key	71	DOWN	at	829084  
830130	[1046]	:	Key	71	UP	at	829252  
831453	[1323]	:	Key	98	DOWN	at	831453  
832568	[1115]	:	Key	98	UP	at	831629  
833605	[1037]	:	Key	97	DOWN	at	833605  
834724	[1119]	:	Key	97	UP	at	833749  
836741	[2017]	:	Key	97	DOWN	at	836741  
837869	[1128]	:	Key	97	UP	at	836885  
839924	[2055]	:	Key	97	DOWN	at	839924  
841050	[1126]	:	Key	97	UP	at	840069  
841892	[842]	:	Key	97	DOWN	at	841892  
843020	[1128]	:	Key	97	UP	at	842004  
845540	[2520]	:	Key	97	DOWN	at	845540  
846667	[1127]	:	Key	97	UP	at	845700  
848029	[1362]	:	Key	98	DOWN	at	848029  
849163	[1134]	:	Key	98	UP	at	848245  
851805	[2642]	:	Key	97	DOWN	at	851805  
853518	[1713]	:	Key	97	UP	at	851973  
854085	[567]	:	Key	71	DOWN	at	854085  
855128	[1043]	:	Key	71	UP	at	854293  
856653	[1525]	:	Key	97	DOWN	at	856653  
857791	[1138]	:	Key	97	UP	at	856805  
860076	[2285]	:	Key	98	DOWN	at	860076  
861211	[1135]	:	Key	98	UP	at	860276  
863476	[2265]	:	Key	98	DOWN	at	863476  
864581	[1105]	:	Key	98	UP	at	863700  
865709	[1128]	:	Key	98	DOWN	at	865709  
866827	[1118]	:	Key	98	UP	at	865901  
869413	[2586]	:	Key	98	DOWN	at	869413  
870549	[1136]	:	Key	98	UP	at	869613  
873333	[2784]	:	Key	97	DOWN	at	873333  
874471	[1138]	:	Key	97	UP	at	873509  
877396	[2925]	:	Key	98	DOWN	at	877396  
878537	[1141]	:	Key	98	UP	at	877588  
880380	[1843]	:	Key	97	DOWN	at	880380  
881592	[1212]	:	Key	97	UP	at	880532  
883661	[2069]	:	Key	71	DOWN	at	883661  
883954	[293]	:	Key	71	UP	at	883885  
884277	[323]	:	Key	71	DOWN	at	884277  
884405	[128]	:	Key	71	UP	at	884405  
885701	[1296]	:	Key	71	DOWN	at	885701  
889003	[3302]	:	Key	71	UP	at	885861  
889509	[506]	:	Key	71	DOWN	at	889509  
892801	[3292]	:	Key	71	UP	at	889717  
893348	[547]	:	Key	71	DOWN	at	893348  
896636	[3288]	:	Key	71	UP	at	893492  
896636	[0]	:	Key	71	DOWN	at	896524  
896692	[56]	:	Key	71	UP	at	896692  
903461	[6769]	:	Key	71	DOWN	at	903461  
906763	[3302]	:	Key	71	UP	at	903677  
913108	[6345]	:	Key	71	DOWN	at	913108  
916410	[3302]	:	Key	71	UP	at	913308  
917485	[1075]	:	Key	71	DOWN	at	917485  
920786	[3301]	:	Key	71	UP	at	917677  
921517	[731]	:	Key	71	DOWN	at	921517  
924807	[3290]	:	Key	71	UP	at	921709  
925269	[462]	:	Key	71	DOWN	at	925269  
929154	[3885]	:	Key	71	UP	at	925461  
929580	[426]	:	Key	71	DOWN	at	929580  
930627	[1047]	:	Key	71	UP	at	929805  
931900	[1273]	:	Key	97	DOWN	at	931900  
932986	[1086]	:	Key	97	UP	at	932060  
934909	[1923]	:	Key	97	DOWN	at	934909  
936032	[1123]	:	Key	97	UP	at	935085  
938269	[2237]	:	Key	97	DOWN	at	938269  
939397	[1128]	:	Key	97	UP	at	938453  
941789	[2392]	:	Key	97	DOWN	at	941789  
942930	[1141]	:	Key	97	UP	at	941941  
944997	[2067]	:	Key	98	DOWN	at	944997  
946140	[1143]	:	Key	98	UP	at	945277  
947804	[1664]	:	Key	97	DOWN	at	947804  
948936	[1132]	:	Key	97	UP	at	947956  
950684	[1748]	:	Key	97	DOWN	at	950684  
951811	[1127]	:	Key	97	UP	at	950836  
953717	[1906]	:	Key	97	DOWN	at	953717  
955400	[1683]	:	Key	97	UP	at	953893  
955925	[525]	:	Key	71	DOWN	at	955925  
956958	[1033]	:	Key	71	UP	at	956109  
958565	[1607]	:	Key	98	DOWN	at	958565  
959689	[1124]	:	Key	98	UP	at	958805  
961541	[1852]	:	Key	97	DOWN	at	961541  
962673	[1132]	:	Key	97	UP	at	961709  
966148	[3475]	:	Key	98	DOWN	at	966148  
967288	[1140]	:	Key	98	UP	at	966396  
968388	[1100]	:	Key	98	DOWN	at	968388  
969509	[1121]	:	Key	98	UP	at	968644  
971949	[2440]	:	Key	98	DOWN	at	971949  
973079	[1130]	:	Key	98	UP	at	972189  
974941	[1862]	:	Key	98	DOWN	at	974941  
976080	[1139]	:	Key	98	UP	at	975165  
976829	[749]	:	Key	98	DOWN	at	976829  
977949	[1120]	:	Key	98	UP	at	977053  
981085	[3136]	:	Key	97	DOWN	at	981085  
982273	[1188]	:	Key	97	UP	at	981229  
983332	[1059]	:	Key	71	DOWN	at	983332  
983659	[327]	:	Key	71	UP	at	983524  
984436	[777]	:	Key	71	DOWN	at	984436  
984604	[168]	:	Key	71	UP	at	984604  
985300	[696]	:	Key	71	DOWN	at	985300  
988603	[3303]	:	Key	71	UP	at	985484  
988605	[2]	:	Key	71	DOWN	at	986244  
988606	[1]	:	Key	71	UP	at	986372  
990781	[2175]	:	Key	71	DOWN	at	990781  
994082	[3301]	:	Key	71	UP	at	990941  
994621	[539]	:	Key	71	DOWN	at	994621  
997922	[3301]	:	Key	71	UP	at	994829  
998548	[626]	:	Key	71	DOWN	at	998548  
1001846	[3298]	:	Key	71	UP	at	998740  
1003900	[2054]	:	Key	71	DOWN	at	1003900 
1007202	[3302]	:	Key	71	UP	at	1004012 
1007725	[523]	:	Key	71	DOWN	at	1007725 
1011026	[3301]	:	Key	71	UP	at	1007885 
1011837	[811]	:	Key	71	DOWN	at	1011837 
1015137	[3300]	:	Key	71	UP	at	1012029 
1015765	[628]	:	Key	71	DOWN	at	1015765 
1019683	[3918]	:	Key	71	UP	at	1015957 
1020124	[441]	:	Key	71	DOWN	at	1020124 
1021171	[1047]	:	Key	71	UP	at	1020260 
1025037	[3866]	:	Key	98	DOWN	at	1025037 
1026178	[1141]	:	Key	98	UP	at	1025229 
1027973	[1795]	:	Key	97	DOWN	at	1027973 
1029082	[1109]	:	Key	97	UP	at	1028148 
1030141	[1059]	:	Key	97	DOWN	at	1030141 
1031244	[1103]	:	Key	97	UP	at	1030317 
1033261	[2017]	:	Key	98	DOWN	at	1033261 
1034400	[1139]	:	Key	98	UP	at	1033444 
1038364	[3964]	:	Key	97	DOWN	at	1038364 
1039482	[1118]	:	Key	97	UP	at	1038548 
1041021	[1539]	:	Key	98	DOWN	at	1041021 
1042146	[1125]	:	Key	98	UP	at	1041325 
1044340	[2194]	:	Key	98	DOWN	at	1044340 
1045453	[1113]	:	Key	98	UP	at	1044605 
1050581	[5128]	:	Key	98	DOWN	at	1050581 
1052263	[1682]	:	Key	98	UP	at	1050837 
1070900	[18637]	:	Key	71	DOWN	at	1070900 
1071942	[1042]	:	Key	71	UP	at	1071076 
1074989	[3047]	:	Key	98	DOWN	at	1074989 
1076115	[1126]	:	Key	98	UP	at	1075165 
1078533	[2418]	:	Key	97	DOWN	at	1078533 
1079653	[1120]	:	Key	97	UP	at	1078709 
1080485	[832]	:	Key	97	DOWN	at	1080485 
1081603	[1118]	:	Key	97	UP	at	1080645 
1082221	[618]	:	Key	97	DOWN	at	1082221 
1083338	[1117]	:	Key	97	UP	at	1082397 
1085653	[2315]	:	Key	98	DOWN	at	1085653 
1086783	[1130]	:	Key	98	UP	at	1085805 
1088100	[1317]	:	Key	98	DOWN	at	1088100 
1089217	[1117]	:	Key	98	UP	at	1088261 
1090340	[1123]	:	Key	98	DOWN	at	1090340 
1091461	[1121]	:	Key	98	UP	at	1090540 
1093253	[1792]	:	Key	98	DOWN	at	1093253 
1094444	[1191]	:	Key	98	UP	at	1093405 
1095285	[841]	:	Key	71	DOWN	at	1095285 
1095596	[311]	:	Key	71	UP	at	1095477 
1096013	[417]	:	Key	71	DOWN	at	1096013 
1096173	[160]	:	Key	71	UP	at	1096173 
1116453	[20280]	:	Key	71	DOWN	at	1116453 
1119748	[3295]	:	Key	71	UP	at	1116613 
1121965	[2217]	:	Key	71	DOWN	at	1121965 
1125248	[3283]	:	Key	71	UP	at	1122133 
1134965	[9717]	:	Key	71	DOWN	at	1134965 
1138266	[3301]	:	Key	71	UP	at	1135157 
1139893	[1627]	:	Key	71	DOWN	at	1139893 
1143196	[3303]	:	Key	71	UP	at	1140069 
1146989	[3793]	:	Key	71	DOWN	at	1146989 
1150287	[3298]	:	Key	71	UP	at	1147149 
1153645	[3358]	:	Key	71	DOWN	at	1153645 
1156945	[3300]	:	Key	71	UP	at	1153797 
1157685	[740]	:	Key	71	DOWN	at	1157685 
1160973	[3288]	:	Key	71	UP	at	1157853 
1161716	[743]	:	Key	71	DOWN	at	1161716 
1165633	[3917]	:	Key	71	UP	at	1161900 
1168445	[2812]	:	Key	71	DOWN	at	1168445 
1169493	[1048]	:	Key	71	UP	at	1168605 
1170461	[968]	:	Key	97	DOWN	at	1170461 
1171592	[1131]	:	Key	97	UP	at	1170621 
1173237	[1645]	:	Key	97	DOWN	at	1173237 
1174359	[1122]	:	Key	97	UP	at	1173413 
1175229	[870]	:	Key	97	DOWN	at	1175229 
1176343	[1114]	:	Key	97	UP	at	1175381 
1178460	[2117]	:	Key	97	DOWN	at	1178460 
1179573	[1113]	:	Key	97	UP	at	1178620 
1181285	[1712]	:	Key	97	DOWN	at	1181285 
1182421	[1136]	:	Key	97	UP	at	1181413 
1183581	[1160]	:	Key	97	DOWN	at	1183581 
1184701	[1120]	:	Key	97	UP	at	1183741 
1186861	[2160]	:	Key	97	DOWN	at	1186861 
1187974	[1113]	:	Key	97	UP	at	1187013 
1188869	[895]	:	Key	98	DOWN	at	1188869 
1190534	[1665]	:	Key	98	UP	at	1189077 
1191765	[1231]	:	Key	71	DOWN	at	1191765 
1192807	[1042]	:	Key	71	UP	at	1191933 
1194780	[1973]	:	Key	98	DOWN	at	1194780 
1195906	[1126]	:	Key	98	UP	at	1194965 
1197028	[1122]	:	Key	98	DOWN	at	1197028 
1198142	[1114]	:	Key	98	UP	at	1197189 
1199533	[1391]	:	Key	97	DOWN	at	1199533 
1200663	[1130]	:	Key	97	UP	at	1199853 
1201893	[1230]	:	Key	97	DOWN	at	1201893 
1203003	[1110]	:	Key	97	UP	at	1202053 
1206037	[3034]	:	Key	98	DOWN	at	1206037 
1207176	[1139]	:	Key	98	UP	at	1206197 
1208509	[1333]	:	Key	98	DOWN	at	1208509 
1209634	[1125]	:	Key	98	UP	at	1208661 
1211669	[2035]	:	Key	97	DOWN	at	1211669 
1212792	[1123]	:	Key	97	UP	at	1211821 
1213676	[884]	:	Key	98	DOWN	at	1213676 
1214887	[1211]	:	Key	98	UP	at	1213820 
1239077	[24190]	:	Key	71	DOWN	at	1239077 
1239408	[331]	:	Key	71	UP	at	1239261 
1255029	[15621]	:	Key	71	DOWN	at	1255029 
1255205	[176]	:	Key	71	UP	at	1255205 
1256445	[1240]	:	Key	71	DOWN	at	1256445 
1259747	[3302]	:	Key	71	UP	at	1256565 
1260277	[530]	:	Key	71	DOWN	at	1260277 
1263578	[3301]	:	Key	71	UP	at	1260477 
1264581	[1003]	:	Key	71	DOWN	at	1264581 
1267880	[3299]	:	Key	71	UP	at	1264741 
1271757	[3877]	:	Key	71	DOWN	at	1271757 
1275058	[3301]	:	Key	71	UP	at	1271917 
1276165	[1107]	:	Key	71	DOWN	at	1276165 
1279465	[3300]	:	Key	71	UP	at	1276301 
1281989	[2524]	:	Key	71	DOWN	at	1281989 
1285280	[3291]	:	Key	71	UP	at	1282157 
1290733	[5453]	:	Key	71	DOWN	at	1290733 
1294034	[3301]	:	Key	71	UP	at	1290893 
1295445	[1411]	:	Key	71	DOWN	at	1295445 
1299346	[3901]	:	Key	71	UP	at	1295629 
1304581	[5235]	:	Key	71	DOWN	at	1304581 
1305632	[1051]	:	Key	71	UP	at	1304685 
1306829	[1197]	:	Key	98	DOWN	at	1306829 
1307943	[1114]	:	Key	98	UP	at	1306925 
1309261	[1318]	:	Key	98	DOWN	at	1309261 
1310376	[1115]	:	Key	98	UP	at	1309373 
1311517	[1141]	:	Key	98	DOWN	at	1311517 
1312652	[1135]	:	Key	98	UP	at	1311653 
1314005	[1353]	:	Key	98	DOWN	at	1314005 
1315127	[1122]	:	Key	98	UP	at	1314181 
1316029	[902]	:	Key	97	DOWN	at	1316029 
1317142	[1113]	:	Key	97	UP	at	1316197 
1318772	[1630]	:	Key	97	DOWN	at	1318772 
1319910	[1138]	:	Key	97	UP	at	1318933 
1320925	[1015]	:	Key	97	DOWN	at	1320925 
1322047	[1122]	:	Key	97	UP	at	1321069 
1322789	[742]	:	Key	97	DOWN	at	1322789 
1324471	[1682]	:	Key	97	UP	at	1322925 
1325053	[582]	:	Key	71	DOWN	at	1325053 
1326088	[1035]	:	Key	71	UP	at	1325213 
1327325	[1237]	:	Key	98	DOWN	at	1327325 
1328431	[1106]	:	Key	98	UP	at	1327453 
1329421	[990]	:	Key	98	DOWN	at	1329421 
1330539	[1118]	:	Key	98	UP	at	1329589 
1331973	[1434]	:	Key	98	DOWN	at	1331973 
1333093	[1120]	:	Key	98	UP	at	1332221 
1334453	[1360]	:	Key	97	DOWN	at	1334453 
1335590	[1137]	:	Key	97	UP	at	1334637 
1337133	[1543]	:	Key	97	DOWN	at	1337133 
1338269	[1136]	:	Key	97	UP	at	1337366 
1339613	[1344]	:	Key	97	DOWN	at	1339613 
1340752	[1139]	:	Key	97	UP	at	1339837 
1342413	[1661]	:	Key	98	DOWN	at	1342413 
1343536	[1123]	:	Key	98	UP	at	1342653 
1344701	[1165]	:	Key	97	DOWN	at	1344701 
1345903	[1202]	:	Key	97	UP	at	1344837 
1346733	[830]	:	Key	71	DOWN	at	1346733 
1347046	[313]	:	Key	71	UP	at	1346941 
1347629	[583]	:	Key	71	DOWN	at	1347629 
1347773	[144]	:	Key	71	UP	at	1347773 
1351549	[3776]	:	Key	71	DOWN	at	1351549 
1354848	[3299]	:	Key	71	UP	at	1351709 
1357029	[2181]	:	Key	71	DOWN	at	1357029 
1360315	[3286]	:	Key	71	UP	at	1357181 
1360397	[82]	:	Key	71	DOWN	at	1360397 
1363698	[3301]	:	Key	71	UP	at	1360533 
1364093	[395]	:	Key	71	DOWN	at	1364093 
1367382	[3289]	:	Key	71	UP	at	1364205 
1367861	[479]	:	Key	71	DOWN	at	1367861 
1371150	[3289]	:	Key	71	UP	at	1367989 
1371150	[0]	:	Key	71	DOWN	at	1370885 
1371150	[0]	:	Key	71	UP	at	1371028 
1373269	[2119]	:	Key	71	DOWN	at	1373269 
1376569	[3300]	:	Key	71	UP	at	1373477 
1376989	[420]	:	Key	71	DOWN	at	1376989 
1380290	[3301]	:	Key	71	UP	at	1377125 
1380677	[387]	:	Key	71	DOWN	at	1380677 
1384578	[3901]	:	Key	71	UP	at	1380821 
1386629	[2051]	:	Key	71	DOWN	at	1386629 
1387679	[1050]	:	Key	71	UP	at	1386733 
1388812	[1133]	:	Key	97	DOWN	at	1388812 
1389931	[1119]	:	Key	97	UP	at	1388948 
1391517	[1586]	:	Key	98	DOWN	at	1391517 
1392641	[1124]	:	Key	98	UP	at	1391669 
1393333	[692]	:	Key	97	DOWN	at	1393333 
1394439	[1106]	:	Key	97	UP	at	1393485 
1395925	[1486]	:	Key	97	DOWN	at	1395925 
1397054	[1129]	:	Key	97	UP	at	1396085 
1397997	[943]	:	Key	98	DOWN	at	1397997 
1399115	[1118]	:	Key	98	UP	at	1398157 
1400885	[1770]	:	Key	97	DOWN	at	1400885 
1402008	[1123]	:	Key	97	UP	at	1401061 
1402869	[861]	:	Key	97	DOWN	at	1402869 
1403998	[1129]	:	Key	97	UP	at	1403029 
1405045	[1047]	:	Key	97	DOWN	at	1405045 
1406740	[1695]	:	Key	97	UP	at	1405188 
1408173	[1433]	:	Key	71	DOWN	at	1408173 
1409223	[1050]	:	Key	71	UP	at	1408318 
1410125	[902]	:	Key	97	DOWN	at	1410125 
1411254	[1129]	:	Key	97	UP	at	1410277 
1412373	[1119]	:	Key	97	DOWN	at	1412373 
1413494	[1121]	:	Key	97	UP	at	1412533 
1414245	[751]	:	Key	97	DOWN	at	1414245 
1415378	[1133]	:	Key	97	UP	at	1414405 
1416389	[1011]	:	Key	97	DOWN	at	1416389 
1417516	[1127]	:	Key	97	UP	at	1416549 
1418621	[1105]	:	Key	98	DOWN	at	1418621 
1419714	[1093]	:	Key	98	UP	at	1418765 
1421861	[2147]	:	Key	97	DOWN	at	1421861 
1422983	[1122]	:	Key	97	UP	at	1422053 
1424574	[1591]	:	Key	97	DOWN	at	1424574 
1425704	[1130]	:	Key	97	UP	at	1424734 
1426781	[1077]	:	Key	97	DOWN	at	1426781 
1428009	[1228]	:	Key	97	UP	at	1426917 
1431741	[3732]	:	Key	71	DOWN	at	1431741 
1432072	[331]	:	Key	71	UP	at	1431893 
1536445	[104373]	:	Key	97	DOWN	at	1536445 
1536629	[184]	:	Key	97	UP	at	1536629 
1568581	[31952]	:	Key	98	DOWN	at	1568581 
1568805	[224]	:	Key	98	UP	at	1568805 
1570069	[1264]	:	Key	98	DOWN	at	1570069 
1570277	[208]	:	Key	98	UP	at	1570277 
1570565	[288]	:	Key	97	DOWN	at	1570565 
1570757	[192]	:	Key	97	UP	at	1570757 
1571021	[264]	:	Key	97	DOWN	at	1571021 
1571189	[168]	:	Key	97	UP	at	1571189 
1602461	[31272]	:	Key	98	DOWN	at	1602461 
1602622	[161]	:	Key	98	UP	at	1602622 
1604789	[2167]	:	Key	97	DOWN	at	1604789 
1604949	[160]	:	Key	97	UP	at	1604949 
1605109	[160]	:	Key	97	DOWN	at	1605109 
1605253	[144]	:	Key	97	UP	at	1605253 
1639373	[34120]	:	Key	97	DOWN	at	1639373 
1639501	[128]	:	Key	97	UP	at	1639501 
1664021	[24520]	:	Key	97	DOWN	at	1664021 
1664141	[120]	:	Key	97	UP	at	1664141 
1749237	[85096]	:	Key	97	DOWN	at	1749237 
1749453	[216]	:	Key	97	UP	at	1749453 
1762006	[12553]	:	Key	97	DOWN	at	1762006 
1762165	[159]	:	Key	97	UP	at	1762165 
1795606	[33441]	:	Key	97	DOWN	at	1795606 
1795782	[176]	:	Key	97	UP	at	1795782 
1814557	[18775]	:	Key	97	DOWN	at	1814557 
1814693	[136]	:	Key	97	UP	at	1814693 
1868206	[53513]	:	Key	97	DOWN	at	1868206 
1868325	[119]	:	Key	97	UP	at	1868325 
1888013	[19688]	:	Key	98	DOWN	at	1888013 
1888141	[128]	:	Key	98	UP	at	1888141 
1888541	[400]	:	Key	97	DOWN	at	1888541 
1888645	[104]	:	Key	97	UP	at	1888645 
1888813	[168]	:	Key	97	DOWN	at	1888813 
1888925	[112]	:	Key	97	UP	at	1888925 
1905253	[16328]	:	Key	97	DOWN	at	1905253 
1905469	[216]	:	Key	97	UP	at	1905469 
1943757	[38288]	:	Key	97	DOWN	at	1943757 
1943917	[160]	:	Key	97	UP	at	1943917 
1958525	[14608]	:	Key	97	DOWN	at	1958525 
1958733	[208]	:	Key	97	UP	at	1958733 
1973414	[14681]	:	Key	97	DOWN	at	1973414 
1973621	[207]	:	Key	97	UP	at	1973621 
2007862	[34241]	:	Key	97	DOWN	at	2007862 
2008078	[216]	:	Key	97	UP	at	2008078 
2016301	[8223]	:	Key	97	DOWN	at	2016301 
2016493	[192]	:	Key	97	UP	at	2016493 
2018061	[1568]	:	Key	98	DOWN	at	2018061 
2018261	[200]	:	Key	98	UP	at	2018261 
2018445	[184]	:	Key	98	DOWN	at	2018445 
2018605	[160]	:	Key	98	UP	at	2018605 
2023838	[5233]	:	Key	97	DOWN	at	2023838 
2024030	[192]	:	Key	97	UP	at	2024030 
2057101	[33071]	:	Key	97	DOWN	at	2057101 
2057184	[83]	:	Key	97	UP	at	2057141 
2058302	[1118]	:	Key	98	DOWN	at	2058302 
2058462	[160]	:	Key	98	UP	at	2058462 
2059389	[927]	:	Key	97	DOWN	at	2059389 
2059558	[169]	:	Key	97	UP	at	2059558 
2101165	[41607]	:	Key	97	DOWN	at	2101165 
2101333	[168]	:	Key	97	UP	at	2101333 
2118005	[16672]	:	Key	97	DOWN	at	2118005 
2118237	[232]	:	Key	97	UP	at	2118237 
2188813	[70576]	:	Key	97	DOWN	at	2188813 
2189813	[1000]	:	Key	97	UP	at	2189005 
2197918	[8105]	:	Key	71	DOWN	at	2197918 
2198234	[316]	:	Key	71	UP	at	2198142 
2201438	[3204]	:	Key	71	DOWN	at	2201438 
2383061	[181623]	:	Key	71	DOWN	at	2383061 
2383161	[100]	:	Key	71	UP	at	2383109 
2387742	[4581]	:	Key	71	DOWN	at	2387742 
3216686	[828944]	:	Key	97	DOWN	at	3216686 
3217686	[1000]	:	Key	97	UP	at	3216887 
3223502	[5816]	:	Key	71	DOWN	at	3223502 
3829047	[605545]	:	Key	97	DOWN	at	3829047 
3830047	[1000]	:	Key	97	UP	at	3829231 
3831367	[1320]	:	Key	71	DOWN	at	3831367 
4524736	[693369]	:	Key	97	DOWN	at	4524736 
4525736	[1000]	:	Key	97	UP	at	4524896 
4528911	[3175]	:	Key	98	DOWN	at	4528911 
4529095	[184]	:	Key	98	UP	at	4529095 
4529791	[696]	:	Key	71	DOWN	at	4529791 
5315488	[785697]	:	Key	97	DOWN	at	5315488 
5316488	[1000]	:	Key	97	UP	at	5315576 
5319344	[2856]	:	Key	71	DOWN	at	5319344 
5976105	[656761]	:	Key	71	DOWN	at	5976105 
5976190	[85]	:	COGENT STOP
