Cog2000 log file Mon Dec 14 22:28:16 2020
gprim v1.33 Compiled:Aug 12 2015 (GLib DirectDraw v7 DX12.0 Compiled:Aug 12 2015)
Display:1024x768x32 60.02Hz
Attaching C:\Sahar Rajabi\Final MBMF+Drug Task\Cogent2000v1.33\Toolbox\CogInput.mexw64
CogInput v1.05 Compiled: May 20 2010
5	[5]	:	COGENT START
60218	[60213]	:	Key	97	DOWN	at	60216   
60344	[126]	:	Key	97	UP	at	60344   
62104	[1760]	:	Key	97	DOWN	at	62103   
62215	[111]	:	Key	97	UP	at	62215   
62551	[336]	:	Key	97	DOWN	at	62551   
63552	[1001]	:	Key	97	UP	at	62689   
66023	[2471]	:	Key	71	DOWN	at	66023   
66205	[182]	:	Key	71	UP	at	66175   
71320	[5115]	:	Key	71	DOWN	at	71320   
74742	[3422]	:	Key	71	UP	at	71408   
76608	[1866]	:	Key	71	DOWN	at	76608   
79921	[3313]	:	Key	71	UP	at	76736   
85656	[5735]	:	Key	71	DOWN	at	85656   
88964	[3308]	:	Key	71	UP	at	85831   
89873	[909]	:	Key	71	DOWN	at	89872   
93181	[3308]	:	Key	71	UP	at	90055   
94785	[1604]	:	Key	71	DOWN	at	94784   
98097	[3312]	:	Key	71	UP	at	94992   
98705	[608]	:	Key	71	DOWN	at	98704   
102014	[3309]	:	Key	71	UP	at	98912   
102015	[1]	:	Key	71	DOWN	at	101848  
102036	[21]	:	Key	71	UP	at	102015  
105856	[3820]	:	Key	71	DOWN	at	105856  
109166	[3310]	:	Key	71	UP	at	106033  
110946	[1780]	:	Key	71	DOWN	at	110945  
114250	[3304]	:	Key	71	UP	at	111136  
116727	[2477]	:	Key	71	DOWN	at	116727  
120040	[3313]	:	Key	71	UP	at	116872  
121977	[1937]	:	Key	71	DOWN	at	121976  
125275	[3298]	:	Key	71	UP	at	122167  
126249	[974]	:	Key	71	DOWN	at	126247  
129551	[3302]	:	Key	71	UP	at	126456  
132377	[2826]	:	Key	71	DOWN	at	132375  
135689	[3312]	:	Key	71	UP	at	132673  
136856	[1167]	:	Key	71	DOWN	at	136855  
140160	[3304]	:	Key	71	UP	at	137144  
140969	[809]	:	Key	71	DOWN	at	140968  
144279	[3310]	:	Key	71	UP	at	141384  
149561	[5282]	:	Key	71	DOWN	at	149560  
152871	[3310]	:	Key	71	UP	at	149968  
163529	[10658]	:	Key	71	DOWN	at	163528  
166834	[3305]	:	Key	71	UP	at	163728  
168112	[1278]	:	Key	71	DOWN	at	168112  
171420	[3308]	:	Key	71	UP	at	168408  
185416	[13996]	:	Key	71	DOWN	at	185415  
188722	[3306]	:	Key	71	UP	at	185720  
193264	[4542]	:	Key	71	DOWN	at	193264  
196568	[3304]	:	Key	71	UP	at	193576  
200536	[3968]	:	Key	71	DOWN	at	200535  
203843	[3307]	:	Key	71	UP	at	200847  
207752	[3909]	:	Key	71	DOWN	at	207752  
211062	[3310]	:	Key	71	UP	at	208017  
225880	[14818]	:	Key	71	DOWN	at	225880  
229187	[3307]	:	Key	71	UP	at	226120  
235904	[6717]	:	Key	71	DOWN	at	235904  
239213	[3309]	:	Key	71	UP	at	236224  
240127	[914]	:	Key	71	DOWN	at	240127  
243432	[3305]	:	Key	71	UP	at	240424  
243937	[505]	:	Key	71	DOWN	at	243936  
247244	[3307]	:	Key	71	UP	at	244223  
266001	[18757]	:	Key	71	DOWN	at	266001  
269310	[3309]	:	Key	71	UP	at	266288  
272817	[3507]	:	Key	71	DOWN	at	272817  
276122	[3305]	:	Key	71	UP	at	273072  
287489	[11367]	:	Key	71	DOWN	at	287488  
290795	[3306]	:	Key	71	UP	at	287720  
306503	[15708]	:	Key	71	DOWN	at	306503  
309811	[3308]	:	Key	71	UP	at	306769  
310816	[1005]	:	Key	71	DOWN	at	310815  
314119	[3303]	:	Key	71	UP	at	311048  
318665	[4546]	:	Key	71	DOWN	at	318664  
321970	[3305]	:	Key	71	UP	at	318879  
325560	[3590]	:	Key	71	DOWN	at	325560  
328869	[3309]	:	Key	71	UP	at	325848  
331857	[2988]	:	Key	71	DOWN	at	331856  
335164	[3307]	:	Key	71	UP	at	332136  
338545	[3381]	:	Key	71	DOWN	at	338544  
341854	[3309]	:	Key	71	UP	at	338801  
342624	[770]	:	Key	71	DOWN	at	342624  
345931	[3307]	:	Key	71	UP	at	342880  
349833	[3902]	:	Key	71	DOWN	at	349832  
353139	[3306]	:	Key	71	UP	at	350017  
355976	[2837]	:	Key	71	DOWN	at	355976  
359284	[3308]	:	Key	71	UP	at	356192  
360561	[1277]	:	Key	71	DOWN	at	360560  
363863	[3302]	:	Key	71	UP	at	360784  
364321	[458]	:	Key	71	DOWN	at	364320  
367626	[3305]	:	Key	71	UP	at	364601  
370568	[2942]	:	Key	71	DOWN	at	370568  
373875	[3307]	:	Key	71	UP	at	370775  
379224	[5349]	:	Key	71	DOWN	at	379224  
382530	[3306]	:	Key	71	UP	at	379496  
388992	[6462]	:	Key	71	DOWN	at	388992  
392298	[3306]	:	Key	71	UP	at	389224  
398032	[5734]	:	Key	71	DOWN	at	398032  
401340	[3308]	:	Key	71	UP	at	398320  
404617	[3277]	:	Key	71	DOWN	at	404616  
407923	[3306]	:	Key	71	UP	at	404849  
411279	[3356]	:	Key	71	DOWN	at	411279  
414585	[3306]	:	Key	71	UP	at	411504  
416256	[1671]	:	Key	71	DOWN	at	416256  
419564	[3308]	:	Key	71	UP	at	416575  
420951	[1387]	:	Key	71	DOWN	at	420951  
424260	[3309]	:	Key	71	UP	at	421247  
428024	[3764]	:	Key	71	DOWN	at	428023  
431975	[3951]	:	Key	71	UP	at	428313  
444281	[12306]	:	Key	71	DOWN	at	444280  
445329	[1048]	:	Key	71	UP	at	444416  
448746	[3417]	:	Key	97	DOWN	at	448745  
449874	[1128]	:	Key	97	UP	at	448944  
453538	[3664]	:	Key	98	DOWN	at	453537  
454654	[1116]	:	Key	98	UP	at	453711  
455961	[1307]	:	Key	97	DOWN	at	455960  
457073	[1112]	:	Key	97	UP	at	456145  
459177	[2104]	:	Key	97	DOWN	at	459177  
460298	[1121]	:	Key	97	UP	at	459345  
464144	[3846]	:	Key	97	DOWN	at	464144  
465268	[1124]	:	Key	97	UP	at	464328  
467154	[1886]	:	Key	97	DOWN	at	467153  
468247	[1093]	:	Key	97	UP	at	467320  
469289	[1042]	:	Key	97	DOWN	at	469288  
470425	[1136]	:	Key	97	UP	at	469479  
473160	[2735]	:	Key	98	DOWN	at	473160  
474855	[1695]	:	Key	98	UP	at	473352  
475857	[1002]	:	Key	71	DOWN	at	475856  
476908	[1051]	:	Key	71	UP	at	476097  
478208	[1300]	:	Key	97	DOWN	at	478207  
479336	[1128]	:	Key	97	UP	at	478400  
480905	[1569]	:	Key	97	DOWN	at	480905  
482031	[1126]	:	Key	97	UP	at	481119  
483801	[1770]	:	Key	97	DOWN	at	483801  
484924	[1123]	:	Key	97	UP	at	484082  
486736	[1812]	:	Key	97	DOWN	at	486736  
487855	[1119]	:	Key	97	UP	at	486953  
490440	[2585]	:	Key	97	DOWN	at	490440  
491556	[1116]	:	Key	97	UP	at	490744  
492872	[1316]	:	Key	98	DOWN	at	492872  
494001	[1129]	:	Key	98	UP	at	493159  
495175	[1174]	:	Key	98	DOWN	at	495175  
496285	[1110]	:	Key	98	UP	at	495321  
500047	[3762]	:	Key	97	DOWN	at	500047  
501246	[1199]	:	Key	97	UP	at	500265  
502216	[970]	:	Key	71	DOWN	at	502216  
502541	[325]	:	Key	71	UP	at	502408  
503056	[515]	:	Key	71	DOWN	at	503056  
503289	[233]	:	Key	71	UP	at	503289  
503625	[336]	:	Key	71	DOWN	at	503625  
506939	[3314]	:	Key	71	UP	at	503727  
506940	[1]	:	Key	71	DOWN	at	503864  
506941	[1]	:	Key	71	UP	at	503944  
506942	[1]	:	Key	71	DOWN	at	504049  
506943	[1]	:	Key	71	UP	at	504119  
506944	[1]	:	Key	71	DOWN	at	504393  
506945	[1]	:	Key	71	UP	at	504441  
506947	[2]	:	Key	71	DOWN	at	504696  
506948	[1]	:	Key	71	UP	at	504783  
506949	[1]	:	Key	71	DOWN	at	504888  
506950	[1]	:	Key	71	UP	at	504968  
506951	[1]	:	Key	71	DOWN	at	505113  
506952	[1]	:	Key	71	UP	at	505192  
506954	[2]	:	Key	71	DOWN	at	505304  
506955	[1]	:	Key	71	UP	at	505393  
506956	[1]	:	Key	71	DOWN	at	505495  
506957	[1]	:	Key	71	UP	at	505567  
506958	[1]	:	Key	71	DOWN	at	505696  
506959	[1]	:	Key	71	UP	at	505793  
506960	[1]	:	Key	71	DOWN	at	505976  
506960	[0]	:	Key	71	UP	at	506096  
506961	[1]	:	Key	71	DOWN	at	506233  
506962	[1]	:	Key	71	UP	at	506272  
507256	[294]	:	Key	71	DOWN	at	507256  
510562	[3306]	:	Key	71	UP	at	507329  
510672	[110]	:	Key	71	DOWN	at	510671  
513979	[3307]	:	Key	71	UP	at	510695  
515823	[1844]	:	Key	71	DOWN	at	515823  
519130	[3307]	:	Key	71	UP	at	515849  
519970	[840]	:	Key	71	DOWN	at	519969  
523278	[3308]	:	Key	71	UP	at	520025  
525368	[2090]	:	Key	71	DOWN	at	525367  
528674	[3306]	:	Key	71	UP	at	525391  
529753	[1079]	:	Key	71	DOWN	at	529753  
533058	[3305]	:	Key	71	UP	at	529801  
535169	[2111]	:	Key	71	DOWN	at	535168  
538478	[3309]	:	Key	71	UP	at	535184  
542264	[3786]	:	Key	71	DOWN	at	542264  
545574	[3310]	:	Key	71	UP	at	542520  
556064	[10490]	:	Key	71	DOWN	at	556063  
559372	[3308]	:	Key	71	UP	at	556144  
559682	[310]	:	Key	71	DOWN	at	559681  
562987	[3305]	:	Key	71	UP	at	559872  
563911	[924]	:	Key	71	DOWN	at	563911  
567219	[3308]	:	Key	71	UP	at	564121  
568049	[830]	:	Key	71	DOWN	at	568049  
571353	[3304]	:	Key	71	UP	at	568217  
572728	[1375]	:	Key	71	DOWN	at	572728  
576035	[3307]	:	Key	71	UP	at	572841  
577289	[1254]	:	Key	71	DOWN	at	577289  
580596	[3307]	:	Key	71	UP	at	577439  
584944	[4348]	:	Key	71	DOWN	at	584944  
588855	[3911]	:	Key	71	UP	at	585192  
591465	[2610]	:	Key	71	DOWN	at	591465  
592506	[1041]	:	Key	71	UP	at	591689  
593592	[1086]	:	Key	97	DOWN	at	593592  
594713	[1121]	:	Key	97	UP	at	593760  
595769	[1056]	:	Key	98	DOWN	at	595768  
596878	[1109]	:	Key	98	UP	at	595967  
597615	[737]	:	Key	97	DOWN	at	597615  
598719	[1104]	:	Key	97	UP	at	597816  
600737	[2018]	:	Key	97	DOWN	at	600736  
601859	[1122]	:	Key	97	UP	at	600945  
603297	[1438]	:	Key	97	DOWN	at	603297  
604415	[1118]	:	Key	97	UP	at	603496  
605545	[1130]	:	Key	97	DOWN	at	605544  
606657	[1112]	:	Key	97	UP	at	605849  
608457	[1800]	:	Key	97	DOWN	at	608456  
609565	[1108]	:	Key	97	UP	at	608705  
610792	[1227]	:	Key	98	DOWN	at	610792  
612469	[1677]	:	Key	98	UP	at	611000  
613136	[667]	:	Key	71	DOWN	at	613136  
614185	[1049]	:	Key	71	UP	at	613360  
614929	[744]	:	Key	98	DOWN	at	614929  
616043	[1114]	:	Key	98	UP	at	615153  
617202	[1159]	:	Key	97	DOWN	at	617201  
618310	[1108]	:	Key	97	UP	at	617352  
619704	[1394]	:	Key	97	DOWN	at	619704  
620823	[1119]	:	Key	97	UP	at	619863  
622385	[1562]	:	Key	98	DOWN	at	622385  
623500	[1115]	:	Key	98	UP	at	622543  
624521	[1021]	:	Key	97	DOWN	at	624520  
625649	[1128]	:	Key	97	UP	at	624696  
627281	[1632]	:	Key	98	DOWN	at	627281  
628390	[1109]	:	Key	98	UP	at	627624  
628696	[306]	:	Key	98	DOWN	at	628696  
629820	[1124]	:	Key	98	UP	at	628816  
630729	[909]	:	Key	97	DOWN	at	630729  
631909	[1180]	:	Key	97	UP	at	630896  
633242	[1333]	:	Key	71	DOWN	at	633241  
633558	[316]	:	Key	71	UP	at	633473  
634105	[547]	:	Key	71	DOWN	at	634105  
634297	[192]	:	Key	71	UP	at	634297  
634761	[464]	:	Key	71	DOWN	at	634761  
638068	[3307]	:	Key	71	UP	at	634863  
643224	[5156]	:	Key	71	DOWN	at	643224  
646532	[3308]	:	Key	71	UP	at	643393  
649017	[2485]	:	Key	71	DOWN	at	649016  
652325	[3308]	:	Key	71	UP	at	649120  
653025	[700]	:	Key	71	DOWN	at	653025  
656333	[3308]	:	Key	71	UP	at	653080  
657969	[1636]	:	Key	71	DOWN	at	657968  
661276	[3307]	:	Key	71	UP	at	658040  
662528	[1252]	:	Key	71	DOWN	at	662528  
665838	[3310]	:	Key	71	UP	at	662592  
666487	[649]	:	Key	71	DOWN	at	666487  
669795	[3308]	:	Key	71	UP	at	666568  
673160	[3365]	:	Key	71	DOWN	at	673160  
677062	[3902]	:	Key	71	UP	at	673273  
678386	[1324]	:	Key	71	DOWN	at	678385  
679437	[1051]	:	Key	71	UP	at	678551  
680778	[1341]	:	Key	98	DOWN	at	680777  
681905	[1127]	:	Key	98	UP	at	681009  
682922	[1017]	:	Key	97	DOWN	at	682921  
684031	[1109]	:	Key	97	UP	at	683112  
684928	[897]	:	Key	97	DOWN	at	684928  
686038	[1110]	:	Key	97	UP	at	685168  
686841	[803]	:	Key	97	DOWN	at	686840  
687954	[1113]	:	Key	97	UP	at	687048  
689297	[1343]	:	Key	97	DOWN	at	689296  
690412	[1115]	:	Key	97	UP	at	689457  
691458	[1046]	:	Key	97	DOWN	at	691457  
692582	[1124]	:	Key	97	UP	at	691640  
693754	[1172]	:	Key	97	DOWN	at	693753  
694860	[1106]	:	Key	97	UP	at	693968  
696538	[1678]	:	Key	98	DOWN	at	696536  
698210	[1672]	:	Key	98	UP	at	696777  
699193	[983]	:	Key	71	DOWN	at	699192  
700236	[1043]	:	Key	71	UP	at	699376  
701992	[1756]	:	Key	98	DOWN	at	701992  
703106	[1114]	:	Key	98	UP	at	702201  
704001	[895]	:	Key	98	DOWN	at	704001  
705122	[1121]	:	Key	98	UP	at	704193  
706431	[1309]	:	Key	97	DOWN	at	706431  
707545	[1114]	:	Key	97	UP	at	706624  
708865	[1320]	:	Key	98	DOWN	at	708864  
709975	[1110]	:	Key	98	UP	at	709113  
711608	[1633]	:	Key	97	DOWN	at	711608  
712718	[1110]	:	Key	97	UP	at	711800  
713521	[803]	:	Key	97	DOWN	at	713521  
714649	[1128]	:	Key	97	UP	at	713729  
715553	[904]	:	Key	98	DOWN	at	715553  
716677	[1124]	:	Key	98	UP	at	715809  
718385	[1708]	:	Key	97	DOWN	at	718385  
719549	[1164]	:	Key	97	UP	at	718809  
720584	[1035]	:	Key	71	DOWN	at	720584  
720902	[318]	:	Key	71	UP	at	720841  
722666	[1764]	:	Key	71	DOWN	at	722665  
722864	[198]	:	Key	71	UP	at	722864  
723905	[1041]	:	Key	71	DOWN	at	723905  
727213	[3308]	:	Key	71	UP	at	724049  
727214	[1]	:	Key	71	DOWN	at	725872  
727215	[1]	:	Key	71	UP	at	726008  
727760	[545]	:	Key	71	DOWN	at	727760  
731067	[3307]	:	Key	71	UP	at	727952  
731369	[302]	:	Key	71	DOWN	at	731367  
734669	[3300]	:	Key	71	UP	at	731633  
735081	[412]	:	Key	71	DOWN	at	735080  
738385	[3304]	:	Key	71	UP	at	735353  
738722	[337]	:	Key	71	DOWN	at	738721  
742027	[3305]	:	Key	71	UP	at	739016  
743544	[1517]	:	Key	71	DOWN	at	743544  
746848	[3304]	:	Key	71	UP	at	743752  
746873	[25]	:	Key	71	DOWN	at	746871  
750182	[3309]	:	Key	71	UP	at	747168  
750207	[25]	:	Key	71	DOWN	at	750207  
754101	[3894]	:	Key	71	UP	at	750464  
754101	[0]	:	Key	71	DOWN	at	753817  
754102	[1]	:	Key	71	UP	at	754065  
755642	[1540]	:	Key	71	DOWN	at	755641  
756688	[1046]	:	Key	71	UP	at	755880  
757536	[848]	:	Key	97	DOWN	at	757536  
758645	[1109]	:	Key	97	UP	at	757704  
759488	[843]	:	Key	97	DOWN	at	759488  
760612	[1124]	:	Key	97	UP	at	759688  
762225	[1613]	:	Key	97	DOWN	at	762224  
763342	[1117]	:	Key	97	UP	at	762409  
764394	[1052]	:	Key	97	DOWN	at	764393  
765504	[1110]	:	Key	97	UP	at	764609  
766273	[769]	:	Key	97	DOWN	at	766272  
767391	[1118]	:	Key	97	UP	at	766472  
768984	[1593]	:	Key	97	DOWN	at	768984  
770095	[1111]	:	Key	97	UP	at	769217  
771441	[1346]	:	Key	97	DOWN	at	771439  
772553	[1112]	:	Key	97	UP	at	771904  
773400	[847]	:	Key	71	DOWN	at	773399  
773529	[129]	:	Key	71	UP	at	773528  
773576	[47]	:	Key	97	DOWN	at	773576  
775230	[1654]	:	Key	98	DOWN	at	773616  
775230	[0]	:	Key	97	UP	at	773656  
775231	[1]	:	Key	98	UP	at	773800  
775562	[331]	:	Key	71	DOWN	at	775561  
776609	[1047]	:	Key	71	UP	at	775793  
777904	[1295]	:	Key	97	DOWN	at	777904  
779032	[1128]	:	Key	97	UP	at	778095  
780177	[1145]	:	Key	97	DOWN	at	780177  
781287	[1110]	:	Key	97	UP	at	780424  
783241	[1954]	:	Key	97	DOWN	at	783240  
784349	[1108]	:	Key	97	UP	at	783536  
785465	[1116]	:	Key	98	DOWN	at	785464  
786574	[1109]	:	Key	98	UP	at	785745  
787905	[1331]	:	Key	97	DOWN	at	787904  
789022	[1117]	:	Key	97	UP	at	788168  
790249	[1227]	:	Key	98	DOWN	at	790249  
791377	[1128]	:	Key	98	UP	at	790545  
792336	[959]	:	Key	97	DOWN	at	792336  
793461	[1125]	:	Key	97	UP	at	792609  
795082	[1621]	:	Key	97	DOWN	at	795081  
796246	[1164]	:	Key	97	UP	at	795297  
796953	[707]	:	Key	71	DOWN	at	796953  
797273	[320]	:	Key	71	UP	at	797208  
797769	[496]	:	Key	71	DOWN	at	797769  
797960	[191]	:	Key	71	UP	at	797960  
800185	[2225]	:	Key	71	DOWN	at	800184  
803493	[3308]	:	Key	71	UP	at	800401  
803494	[1]	:	Key	71	DOWN	at	802656  
803495	[1]	:	Key	71	UP	at	802840  
804145	[650]	:	Key	71	DOWN	at	804145  
807454	[3309]	:	Key	71	UP	at	804376  
807810	[356]	:	Key	71	DOWN	at	807808  
811116	[3306]	:	Key	71	UP	at	808016  
811192	[76]	:	Key	71	DOWN	at	811192  
814503	[3311]	:	Key	71	UP	at	811425  
814929	[426]	:	Key	71	DOWN	at	814929  
818237	[3308]	:	Key	71	UP	at	815168  
818265	[28]	:	Key	71	DOWN	at	818264  
821575	[3310]	:	Key	71	UP	at	818528  
821913	[338]	:	Key	71	DOWN	at	821913  
825217	[3304]	:	Key	71	UP	at	822144  
825609	[392]	:	Key	71	DOWN	at	825608  
829519	[3910]	:	Key	71	UP	at	825841  
830442	[923]	:	Key	71	DOWN	at	830441  
831483	[1041]	:	Key	71	UP	at	830649  
832738	[1255]	:	Key	97	DOWN	at	832737  
833858	[1120]	:	Key	97	UP	at	832953  
835770	[1912]	:	Key	98	DOWN	at	835770  
836899	[1129]	:	Key	98	UP	at	835992  
837561	[662]	:	Key	97	DOWN	at	837561  
838675	[1114]	:	Key	97	UP	at	837745  
839737	[1062]	:	Key	97	DOWN	at	839737  
840862	[1125]	:	Key	97	UP	at	839928  
842457	[1595]	:	Key	97	DOWN	at	842456  
843566	[1109]	:	Key	97	UP	at	842657  
844593	[1027]	:	Key	97	DOWN	at	844593  
845712	[1119]	:	Key	97	UP	at	844769  
846785	[1073]	:	Key	97	DOWN	at	846784  
847900	[1115]	:	Key	97	UP	at	846937  
848760	[860]	:	Key	97	DOWN	at	848760  
850428	[1668]	:	Key	97	UP	at	848897  
850945	[517]	:	Key	71	DOWN	at	850944  
851995	[1050]	:	Key	71	UP	at	851161  
853385	[1390]	:	Key	97	DOWN	at	853384  
854513	[1128]	:	Key	97	UP	at	853545  
855705	[1192]	:	Key	97	DOWN	at	855704  
856823	[1118]	:	Key	97	UP	at	855874  
858081	[1258]	:	Key	97	DOWN	at	858080  
859195	[1114]	:	Key	97	UP	at	858225  
861121	[1926]	:	Key	97	DOWN	at	861121  
862227	[1106]	:	Key	97	UP	at	861296  
864137	[1910]	:	Key	98	DOWN	at	864137  
865263	[1126]	:	Key	98	UP	at	864368  
866186	[923]	:	Key	97	DOWN	at	866185  
867295	[1109]	:	Key	98	DOWN	at	866344  
867295	[0]	:	Key	97	UP	at	866457  
867296	[1]	:	Key	98	UP	at	866640  
870136	[2840]	:	Key	98	DOWN	at	870136  
871263	[1127]	:	Key	98	UP	at	870480  
873913	[2650]	:	Key	97	DOWN	at	873912  
875084	[1171]	:	Key	97	UP	at	874080  
875642	[558]	:	Key	71	DOWN	at	875641  
875966	[324]	:	Key	71	UP	at	875912  
876272	[306]	:	Key	71	DOWN	at	876272  
876481	[209]	:	Key	71	UP	at	876479  
876729	[248]	:	Key	71	DOWN	at	876728  
880035	[3306]	:	Key	71	UP	at	876880  
880036	[1]	:	Key	71	DOWN	at	877121  
880037	[1]	:	Key	71	UP	at	877360  
880456	[419]	:	Key	71	DOWN	at	880456  
883761	[3305]	:	Key	71	UP	at	880680  
883762	[1]	:	Key	71	DOWN	at	883272  
883763	[1]	:	Key	71	UP	at	883553  
885585	[1822]	:	Key	71	DOWN	at	885584  
888893	[3308]	:	Key	71	UP	at	885857  
890202	[1309]	:	Key	71	DOWN	at	890201  
893509	[3307]	:	Key	71	UP	at	890465  
894362	[853]	:	Key	71	DOWN	at	894361  
897669	[3307]	:	Key	71	UP	at	894640  
898400	[731]	:	Key	71	DOWN	at	898400  
901707	[3307]	:	Key	71	UP	at	898640  
901985	[278]	:	Key	71	DOWN	at	901984  
905290	[3305]	:	Key	71	UP	at	902233  
907178	[1888]	:	Key	71	DOWN	at	907177  
911086	[3908]	:	Key	71	UP	at	907448  
913370	[2284]	:	Key	71	DOWN	at	913369  
914413	[1043]	:	Key	71	UP	at	913545  
915376	[963]	:	Key	98	DOWN	at	915376  
916497	[1121]	:	Key	98	UP	at	915576  
917233	[736]	:	Key	97	DOWN	at	917233  
918339	[1106]	:	Key	97	UP	at	917393  
919297	[958]	:	Key	97	DOWN	at	919297  
920421	[1124]	:	Key	97	UP	at	919481  
921346	[925]	:	Key	97	DOWN	at	921345  
922459	[1113]	:	Key	97	UP	at	921473  
923522	[1063]	:	Key	97	DOWN	at	923521  
924661	[1139]	:	Key	97	UP	at	923672  
927377	[2716]	:	Key	98	DOWN	at	927377  
928491	[1114]	:	Key	98	UP	at	927577  
929794	[1303]	:	Key	97	DOWN	at	929793  
930923	[1129]	:	Key	97	UP	at	929977  
932009	[1086]	:	Key	97	DOWN	at	932009  
933681	[1672]	:	Key	97	UP	at	932168  
934153	[472]	:	Key	71	DOWN	at	934153  
935195	[1042]	:	Key	71	UP	at	934361  
936864	[1669]	:	Key	98	DOWN	at	936864  
937977	[1113]	:	Key	98	UP	at	937041  
938914	[937]	:	Key	97	DOWN	at	938913  
940018	[1104]	:	Key	97	UP	at	939088  
941049	[1031]	:	Key	97	DOWN	at	941048  
942157	[1108]	:	Key	97	UP	at	941193  
942953	[796]	:	Key	97	DOWN	at	942953  
944081	[1128]	:	Key	97	UP	at	943121  
945042	[961]	:	Key	98	DOWN	at	945042  
946173	[1131]	:	Key	98	UP	at	945232  
947513	[1340]	:	Key	98	DOWN	at	947512  
948625	[1112]	:	Key	98	UP	at	947689  
949658	[1033]	:	Key	97	DOWN	at	949657  
950766	[1108]	:	Key	97	UP	at	949825  
952128	[1362]	:	Key	98	DOWN	at	952128  
953302	[1174]	:	Key	98	UP	at	952344  
957529	[4227]	:	Key	71	DOWN	at	957529  
957842	[313]	:	Key	71	UP	at	957776  
959986	[2144]	:	Key	71	DOWN	at	959985  
960232	[246]	:	Key	71	UP	at	960232  
961434	[1202]	:	Key	98	DOWN	at	961433  
961642	[208]	:	Key	98	UP	at	961641  
962144	[502]	:	Key	97	DOWN	at	962144  
962402	[258]	:	Key	97	UP	at	962401  
964378	[1976]	:	Key	97	DOWN	at	964377  
964521	[143]	:	Key	97	UP	at	964521  
968450	[3929]	:	Key	97	DOWN	at	968449  
968633	[183]	:	Key	97	UP	at	968632  
975161	[6528]	:	Key	98	DOWN	at	975160  
975353	[192]	:	Key	98	UP	at	975352  
976785	[1432]	:	Key	97	DOWN	at	976785  
976945	[160]	:	Key	97	UP	at	976944  
988410	[11465]	:	Key	97	DOWN	at	988409  
988585	[175]	:	Key	97	UP	at	988584  
1000361	[11776]	:	Key	69	DOWN	at	1000361 
1000458	[97]	:	Key	69	UP	at	1000457 
1004578	[4120]	:	Key	98	DOWN	at	1004577 
1004704	[126]	:	Key	98	UP	at	1004704 
1018545	[13841]	:	Key	97	DOWN	at	1018545 
1018706	[161]	:	Key	97	UP	at	1018705 
1030289	[11583]	:	Key	97	DOWN	at	1030288 
1030441	[152]	:	Key	97	UP	at	1030441 
1058266	[27825]	:	Key	97	DOWN	at	1058265 
1058457	[191]	:	Key	97	UP	at	1058457 
1068105	[9648]	:	Key	97	DOWN	at	1068105 
1068241	[136]	:	Key	97	UP	at	1068241 
1087369	[19128]	:	Key	97	DOWN	at	1087368 
1087521	[152]	:	Key	97	UP	at	1087520 
1104714	[17193]	:	Key	97	DOWN	at	1104713 
1104849	[135]	:	Key	97	UP	at	1104849 
1117944	[13095]	:	Key	97	DOWN	at	1117944 
1118097	[153]	:	Key	97	UP	at	1118097 
1132242	[14145]	:	Key	97	DOWN	at	1132241 
1132361	[119]	:	Key	97	UP	at	1132361 
1142041	[9680]	:	Key	97	DOWN	at	1142040 
1142186	[145]	:	Key	97	UP	at	1142185 
1161043	[18857]	:	Key	97	DOWN	at	1161042 
1161152	[109]	:	Key	97	UP	at	1161152 
1174122	[12970]	:	Key	97	DOWN	at	1174121 
1174282	[160]	:	Key	97	UP	at	1174282 
1181082	[6800]	:	Key	97	DOWN	at	1181081 
1181226	[144]	:	Key	97	UP	at	1181225 
1183922	[2696]	:	Key	97	DOWN	at	1183921 
1184081	[159]	:	Key	97	UP	at	1184081 
1185568	[1487]	:	Key	97	DOWN	at	1185568 
1185786	[218]	:	Key	97	UP	at	1185785 
1186617	[831]	:	Key	98	DOWN	at	1186617 
1186914	[297]	:	Key	98	UP	at	1186913 
1187417	[503]	:	Key	97	DOWN	at	1187417 
1187545	[128]	:	Key	97	UP	at	1187545 
1190762	[3217]	:	Key	97	DOWN	at	1190760 
1190848	[86]	:	Key	97	UP	at	1190848 
1202881	[12033]	:	Key	97	DOWN	at	1202880 
1203059	[178]	:	Key	97	UP	at	1203058 
1204857	[1798]	:	Key	97	DOWN	at	1204857 
1205857	[1000]	:	Key	97	UP	at	1205032 
1217769	[11912]	:	Key	71	DOWN	at	1217768 
1218076	[307]	:	Key	71	UP	at	1217912 
1222874	[4798]	:	Key	71	DOWN	at	1222873 
1313186	[90312]	:	Key	71	DOWN	at	1313185 
1313266	[80]	:	Key	71	UP	at	1313266 
1315145	[1879]	:	Key	71	DOWN	at	1315145 
1914818	[599673]	:	Key	97	DOWN	at	1914818 
1915818	[1000]	:	Key	97	UP	at	1914938 
1917875	[2057]	:	Key	71	DOWN	at	1917874 
2505267	[587392]	:	Key	95	DOWN	at	2505266 
2505305	[38]	:	Key	95	UP	at	2505305 
2506834	[1529]	:	Key	97	DOWN	at	2506833 
2507834	[1000]	:	Key	97	UP	at	2506994 
2508835	[1001]	:	Key	71	DOWN	at	2508834 
3077836	[569001]	:	Key	97	DOWN	at	3077835 
3078836	[1000]	:	Key	97	UP	at	3077916 
3079843	[1007]	:	Key	71	DOWN	at	3079842 
3674995	[595152]	:	Key	97	DOWN	at	3674995 
3675995	[1000]	:	Key	97	UP	at	3675108 
3676413	[418]	:	Key	71	DOWN	at	3676412 
4171868	[495455]	:	Key	59	DOWN	at	4171868 
4171965	[97]	:	Key	59	UP	at	4171965 
4173171	[1206]	:	Key	71	DOWN	at	4173171 
4173218	[47]	:	COGENT STOP
