Cog2000 log file Mon Dec 21 22:24:13 2020
gprim v1.33 Compiled:Aug 12 2015 (GLib DirectDraw v7 DX12.0 Compiled:Aug 12 2015)
Display:1024x768x32 60.02Hz
Attaching C:\Sahar Rajabi\Final MBMF+Drug Task\Cogent2000v1.33\Toolbox\CogInput.mexw64
CogInput v1.05 Compiled: May 20 2010
5	[5]	:	COGENT START
93003	[92998]	:	Key	97	DOWN	at	93001   
93155	[152]	:	Key	97	UP	at	93153   
107480	[14325]	:	Key	97	DOWN	at	107480  
107650	[170]	:	Key	97	UP	at	107650  
109745	[2095]	:	Key	97	DOWN	at	109745  
110747	[1002]	:	Key	97	UP	at	109953  
116728	[5981]	:	Key	98	DOWN	at	116728  
116897	[169]	:	Key	98	UP	at	116896  
117794	[897]	:	Key	98	DOWN	at	117794  
117896	[102]	:	Key	98	UP	at	117896  
118018	[122]	:	Key	98	DOWN	at	118017  
118129	[111]	:	Key	98	UP	at	118129  
119344	[1215]	:	Key	71	DOWN	at	119344  
119510	[166]	:	Key	71	UP	at	119480  
122456	[2946]	:	Key	71	DOWN	at	122456  
125900	[3444]	:	Key	71	UP	at	122618  
127233	[1333]	:	Key	71	DOWN	at	127232  
130548	[3315]	:	Key	71	UP	at	127417  
131690	[1142]	:	Key	71	DOWN	at	131689  
135000	[3310]	:	Key	71	UP	at	131865  
138482	[3482]	:	Key	71	DOWN	at	138481  
141796	[3314]	:	Key	71	UP	at	138729  
143506	[1710]	:	Key	71	DOWN	at	143506  
146813	[3307]	:	Key	71	UP	at	143777  
148842	[2029]	:	Key	71	DOWN	at	148841  
152150	[3308]	:	Key	71	UP	at	149065  
157066	[4916]	:	Key	71	DOWN	at	157066  
160377	[3311]	:	Key	71	UP	at	157313  
163497	[3120]	:	Key	71	DOWN	at	163497  
166809	[3312]	:	Key	71	UP	at	163705  
172497	[5688]	:	Key	71	DOWN	at	172496  
175808	[3311]	:	Key	71	UP	at	172689  
180465	[4657]	:	Key	71	DOWN	at	180464  
183778	[3313]	:	Key	71	UP	at	180776  
189145	[5367]	:	Key	71	DOWN	at	189145  
192452	[3307]	:	Key	71	UP	at	189384  
195618	[3166]	:	Key	71	DOWN	at	195618  
198929	[3311]	:	Key	71	UP	at	195857  
199755	[826]	:	Key	71	DOWN	at	199754  
203068	[3313]	:	Key	71	UP	at	200074  
203779	[711]	:	Key	71	DOWN	at	203778  
207085	[3306]	:	Key	71	UP	at	204001  
213130	[6045]	:	Key	71	DOWN	at	213130  
216439	[3309]	:	Key	71	UP	at	213337  
220929	[4490]	:	Key	71	DOWN	at	220929  
224238	[3309]	:	Key	71	UP	at	221184  
225178	[940]	:	Key	71	DOWN	at	225178  
228487	[3309]	:	Key	71	UP	at	225442  
244642	[16155]	:	Key	71	DOWN	at	244642  
247953	[3311]	:	Key	71	UP	at	244825  
256072	[8119]	:	Key	71	DOWN	at	256072  
259380	[3308]	:	Key	71	UP	at	256113  
287699	[28319]	:	Key	71	DOWN	at	287697  
291011	[3312]	:	Key	71	UP	at	287906  
293714	[2703]	:	Key	71	DOWN	at	293713  
297026	[3312]	:	Key	71	UP	at	293881  
303049	[6023]	:	Key	71	DOWN	at	303048  
306359	[3310]	:	Key	71	UP	at	303305  
312146	[5787]	:	Key	71	DOWN	at	312146  
315458	[3312]	:	Key	71	UP	at	312440  
316361	[903]	:	Key	71	DOWN	at	316361  
319674	[3313]	:	Key	71	UP	at	316593  
320354	[680]	:	Key	71	DOWN	at	320353  
323661	[3307]	:	Key	71	UP	at	320561  
327658	[3997]	:	Key	71	DOWN	at	327658  
330969	[3311]	:	Key	71	UP	at	327929  
332523	[1554]	:	Key	71	DOWN	at	332522  
335835	[3312]	:	Key	71	UP	at	332770  
342434	[6599]	:	Key	71	DOWN	at	342433  
345747	[3313]	:	Key	71	UP	at	342785  
348026	[2279]	:	Key	71	DOWN	at	348025  
351333	[3307]	:	Key	71	UP	at	348218  
352034	[701]	:	Key	71	DOWN	at	352033  
355344	[3310]	:	Key	71	UP	at	352234  
358232	[2888]	:	Key	71	DOWN	at	358232  
361539	[3307]	:	Key	71	UP	at	358544  
363674	[2135]	:	Key	71	DOWN	at	363673  
366988	[3314]	:	Key	71	UP	at	363928  
367634	[646]	:	Key	71	DOWN	at	367633  
370943	[3309]	:	Key	71	UP	at	367921  
377330	[6387]	:	Key	71	DOWN	at	377329  
380639	[3309]	:	Key	71	UP	at	377369  
381658	[1019]	:	Key	71	DOWN	at	381657  
384967	[3309]	:	Key	71	UP	at	381890  
390153	[5186]	:	Key	71	DOWN	at	390153  
393463	[3310]	:	Key	71	UP	at	390441  
396770	[3307]	:	Key	71	DOWN	at	396770  
400079	[3309]	:	Key	71	UP	at	397050  
400682	[603]	:	Key	71	DOWN	at	400681  
403991	[3309]	:	Key	71	UP	at	400921  
405195	[1204]	:	Key	71	DOWN	at	405194  
408505	[3310]	:	Key	71	UP	at	405473  
412433	[3928]	:	Key	71	DOWN	at	412433  
415746	[3313]	:	Key	71	UP	at	412642  
425698	[9952]	:	Key	71	DOWN	at	425698  
429002	[3304]	:	Key	71	UP	at	425993  
430339	[1337]	:	Key	71	DOWN	at	430338  
433649	[3310]	:	Key	71	UP	at	430410  
436459	[2810]	:	Key	71	DOWN	at	436458  
439764	[3305]	:	Key	71	UP	at	436481  
441929	[2165]	:	Key	71	DOWN	at	441929  
445238	[3309]	:	Key	71	UP	at	441977  
447728	[2490]	:	Key	71	DOWN	at	447728  
451034	[3306]	:	Key	71	UP	at	447865  
453922	[2888]	:	Key	71	DOWN	at	453922  
457229	[3307]	:	Key	71	UP	at	454257  
458969	[1740]	:	Key	71	DOWN	at	458968  
462276	[3307]	:	Key	71	UP	at	459337  
464394	[2118]	:	Key	71	DOWN	at	464394  
468353	[3959]	:	Key	71	UP	at	464690  
480346	[11993]	:	Key	71	DOWN	at	480345  
481393	[1047]	:	Key	71	UP	at	480610  
490186	[8793]	:	Key	97	DOWN	at	490185  
491313	[1127]	:	Key	97	UP	at	490329  
493625	[2312]	:	Key	97	DOWN	at	493625  
494746	[1121]	:	Key	97	UP	at	493785  
496065	[1319]	:	Key	97	DOWN	at	496065  
497192	[1127]	:	Key	97	UP	at	496281  
499450	[2258]	:	Key	98	DOWN	at	499450  
500577	[1127]	:	Key	98	UP	at	499633  
501969	[1392]	:	Key	97	DOWN	at	501969  
503087	[1118]	:	Key	97	UP	at	502193  
503978	[891]	:	Key	97	DOWN	at	503977  
505114	[1136]	:	Key	97	UP	at	504170  
506609	[1495]	:	Key	97	DOWN	at	506609  
507734	[1125]	:	Key	97	UP	at	506817  
509801	[2067]	:	Key	98	DOWN	at	509801  
511477	[1676]	:	Key	98	UP	at	510097  
512330	[853]	:	Key	71	DOWN	at	512328  
513371	[1041]	:	Key	71	UP	at	512577  
514970	[1599]	:	Key	97	DOWN	at	514970  
516092	[1122]	:	Key	97	UP	at	515184  
517595	[1503]	:	Key	97	DOWN	at	517594  
518735	[1140]	:	Key	97	UP	at	517793  
521106	[2371]	:	Key	98	DOWN	at	521105  
522212	[1106]	:	Key	98	UP	at	521520  
523331	[1119]	:	Key	97	DOWN	at	523330  
524441	[1110]	:	Key	97	UP	at	523522  
525755	[1314]	:	Key	98	DOWN	at	525754  
526865	[1110]	:	Key	98	UP	at	525969  
528234	[1369]	:	Key	98	DOWN	at	528234  
529347	[1113]	:	Key	98	UP	at	528506  
530331	[984]	:	Key	97	DOWN	at	530330  
531458	[1127]	:	Key	97	UP	at	530538  
533386	[1928]	:	Key	97	DOWN	at	533385  
534568	[1182]	:	Key	97	UP	at	533650  
535362	[794]	:	Key	71	DOWN	at	535361  
535686	[324]	:	Key	71	UP	at	535594  
536953	[1267]	:	Key	71	DOWN	at	536953  
537210	[257]	:	Key	71	UP	at	537210  
537771	[561]	:	Key	71	DOWN	at	537770  
541087	[3316]	:	Key	71	UP	at	537873  
541088	[1]	:	Key	71	DOWN	at	537984  
541089	[1]	:	Key	71	UP	at	538082  
541090	[1]	:	Key	71	DOWN	at	538202  
541091	[1]	:	Key	71	UP	at	538249  
541092	[1]	:	Key	71	DOWN	at	538401  
541093	[1]	:	Key	71	UP	at	538417  
541094	[1]	:	Key	71	DOWN	at	538617  
541095	[1]	:	Key	71	UP	at	538706  
541096	[1]	:	Key	71	DOWN	at	539801  
541098	[2]	:	Key	71	UP	at	539874  
541099	[1]	:	Key	71	DOWN	at	540001  
541100	[1]	:	Key	71	UP	at	540090  
541101	[1]	:	Key	71	DOWN	at	540178  
541102	[1]	:	Key	71	UP	at	540297  
541104	[2]	:	Key	71	DOWN	at	540385  
541105	[1]	:	Key	71	UP	at	540490  
541105	[0]	:	Key	71	DOWN	at	540618  
541106	[1]	:	Key	71	UP	at	540705  
541107	[1]	:	Key	71	DOWN	at	540842  
541108	[1]	:	Key	71	UP	at	540921  
541130	[22]	:	Key	71	DOWN	at	541114  
541209	[79]	:	Key	71	UP	at	541209  
541417	[208]	:	Key	71	DOWN	at	541417  
544733	[3316]	:	Key	71	UP	at	541482  
544734	[1]	:	Key	71	DOWN	at	541642  
544735	[1]	:	Key	71	UP	at	541738  
544736	[1]	:	Key	71	DOWN	at	541897  
544737	[1]	:	Key	71	UP	at	542009  
544738	[1]	:	Key	71	DOWN	at	542145  
544739	[1]	:	Key	71	UP	at	542233  
544740	[1]	:	Key	71	DOWN	at	542410  
544741	[1]	:	Key	71	UP	at	542498  
544743	[2]	:	Key	71	DOWN	at	542705  
544744	[1]	:	Key	71	UP	at	542794  
544745	[1]	:	Key	71	DOWN	at	542961  
544746	[1]	:	Key	71	UP	at	543042  
544747	[1]	:	Key	71	DOWN	at	543178  
544748	[1]	:	Key	71	UP	at	543265  
544749	[1]	:	Key	71	DOWN	at	543402  
544750	[1]	:	Key	71	UP	at	543490  
544751	[1]	:	Key	71	DOWN	at	543889  
544752	[1]	:	Key	71	UP	at	544009  
544753	[1]	:	Key	71	DOWN	at	544138  
544754	[1]	:	Key	71	UP	at	544234  
544755	[1]	:	Key	71	DOWN	at	544362  
544757	[2]	:	Key	71	UP	at	544465  
544758	[1]	:	Key	71	DOWN	at	544586  
544760	[2]	:	Key	71	UP	at	544674  
544801	[41]	:	Key	71	DOWN	at	544801  
548116	[3315]	:	Key	71	UP	at	544889  
548117	[1]	:	Key	71	DOWN	at	545001  
548118	[1]	:	Key	71	UP	at	545098  
548119	[1]	:	Key	71	DOWN	at	545202  
548120	[1]	:	Key	71	UP	at	545298  
548121	[1]	:	Key	71	DOWN	at	545433  
548122	[1]	:	Key	71	UP	at	545513  
548124	[2]	:	Key	71	DOWN	at	545682  
548126	[2]	:	Key	71	UP	at	545769  
548127	[1]	:	Key	71	DOWN	at	545914  
548128	[1]	:	Key	71	UP	at	546027  
548129	[1]	:	Key	71	DOWN	at	546154  
548130	[1]	:	Key	71	UP	at	546265  
548132	[2]	:	Key	71	DOWN	at	546377  
548133	[1]	:	Key	71	UP	at	546489  
548134	[1]	:	Key	71	DOWN	at	546601  
548135	[1]	:	Key	71	UP	at	546714  
548136	[1]	:	Key	71	DOWN	at	546825  
548137	[1]	:	Key	71	UP	at	546913  
548138	[1]	:	Key	71	DOWN	at	547026  
548139	[1]	:	Key	71	UP	at	547130  
548140	[1]	:	Key	71	DOWN	at	547258  
548141	[1]	:	Key	71	UP	at	547361  
548143	[2]	:	Key	71	DOWN	at	547482  
548144	[1]	:	Key	71	UP	at	547577  
548145	[1]	:	Key	71	DOWN	at	547721  
548147	[2]	:	Key	71	UP	at	547809  
548148	[1]	:	Key	71	DOWN	at	547961  
548149	[1]	:	Key	71	UP	at	548058  
548202	[53]	:	Key	71	DOWN	at	548201  
551509	[3307]	:	Key	71	UP	at	548298  
551510	[1]	:	Key	71	DOWN	at	548617  
551511	[1]	:	Key	71	UP	at	548721  
551512	[1]	:	Key	71	DOWN	at	548857  
551513	[1]	:	Key	71	UP	at	548961  
551514	[1]	:	Key	71	DOWN	at	549089  
551515	[1]	:	Key	71	UP	at	549186  
551516	[1]	:	Key	71	DOWN	at	549586  
551517	[1]	:	Key	71	UP	at	549697  
551518	[1]	:	Key	71	DOWN	at	549849  
551519	[1]	:	Key	71	UP	at	549938  
551520	[1]	:	Key	71	DOWN	at	550113  
551521	[1]	:	Key	71	UP	at	550266  
551522	[1]	:	Key	71	DOWN	at	550409  
552346	[824]	:	Key	71	UP	at	552346  
552466	[120]	:	Key	71	DOWN	at	552465  
555776	[3310]	:	Key	71	UP	at	552617  
555777	[1]	:	Key	71	DOWN	at	553418  
555778	[1]	:	Key	71	UP	at	553553  
555779	[1]	:	Key	71	DOWN	at	553722  
555780	[1]	:	Key	71	UP	at	553833  
555781	[1]	:	Key	71	DOWN	at	553993  
555782	[1]	:	Key	71	UP	at	554098  
555783	[1]	:	Key	71	DOWN	at	554274  
555785	[2]	:	Key	71	UP	at	554378  
555817	[32]	:	Key	71	DOWN	at	555817  
559126	[3309]	:	Key	71	UP	at	556034  
559234	[108]	:	Key	71	DOWN	at	559234  
562544	[3310]	:	Key	71	UP	at	559473  
562545	[1]	:	Key	71	DOWN	at	561186  
562546	[1]	:	Key	71	UP	at	561433  
563561	[1015]	:	Key	71	DOWN	at	563561  
566873	[3312]	:	Key	71	UP	at	563738  
568417	[1544]	:	Key	71	DOWN	at	568417  
571726	[3309]	:	Key	71	UP	at	568681  
571747	[21]	:	Key	71	DOWN	at	571736  
571970	[223]	:	Key	71	UP	at	571970  
574642	[2672]	:	Key	71	DOWN	at	574641  
577949	[3307]	:	Key	71	UP	at	574938  
579802	[1853]	:	Key	71	DOWN	at	579800  
583111	[3309]	:	Key	71	UP	at	580001  
584130	[1019]	:	Key	71	DOWN	at	584130  
587440	[3310]	:	Key	71	UP	at	584329  
591465	[4025]	:	Key	71	DOWN	at	591465  
594781	[3316]	:	Key	71	UP	at	591697  
595890	[1109]	:	Key	71	DOWN	at	595889  
599198	[3308]	:	Key	71	UP	at	596266  
600994	[1796]	:	Key	71	DOWN	at	600993  
604303	[3309]	:	Key	71	UP	at	601314  
608435	[4132]	:	Key	71	DOWN	at	608435  
612349	[3914]	:	Key	71	UP	at	608714  
615041	[2692]	:	Key	71	DOWN	at	615041  
616085	[1044]	:	Key	71	UP	at	615289  
617050	[965]	:	Key	97	DOWN	at	617050  
618160	[1110]	:	Key	97	UP	at	617201  
619330	[1170]	:	Key	98	DOWN	at	619329  
620456	[1126]	:	Key	98	UP	at	619489  
621336	[880]	:	Key	97	DOWN	at	621336  
622447	[1111]	:	Key	97	UP	at	621506  
623546	[1099]	:	Key	97	DOWN	at	623546  
624660	[1114]	:	Key	97	UP	at	623705  
626674	[2014]	:	Key	97	DOWN	at	626673  
627780	[1106]	:	Key	97	UP	at	626866  
628930	[1150]	:	Key	97	DOWN	at	628930  
630039	[1109]	:	Key	97	UP	at	629089  
631482	[1443]	:	Key	97	DOWN	at	631481  
632607	[1125]	:	Key	97	UP	at	631641  
634282	[1675]	:	Key	98	DOWN	at	634281  
635938	[1656]	:	Key	98	UP	at	634513  
636858	[920]	:	Key	71	DOWN	at	636856  
637900	[1042]	:	Key	71	UP	at	637065  
639050	[1150]	:	Key	98	DOWN	at	639049  
640168	[1118]	:	Key	98	UP	at	639274  
641665	[1497]	:	Key	97	DOWN	at	641665  
642778	[1113]	:	Key	97	UP	at	641826  
643962	[1184]	:	Key	97	DOWN	at	643962  
645073	[1111]	:	Key	97	UP	at	644185  
646242	[1169]	:	Key	98	DOWN	at	646242  
647370	[1128]	:	Key	98	UP	at	646505  
648449	[1079]	:	Key	97	DOWN	at	648449  
649559	[1110]	:	Key	97	UP	at	648609  
650826	[1267]	:	Key	97	DOWN	at	650825  
651932	[1106]	:	Key	97	UP	at	651050  
653194	[1262]	:	Key	98	DOWN	at	653194  
654326	[1132]	:	Key	98	UP	at	653449  
655434	[1108]	:	Key	97	DOWN	at	655433  
656601	[1167]	:	Key	97	UP	at	655601  
662314	[5713]	:	Key	71	DOWN	at	662314  
662628	[314]	:	Key	71	UP	at	662561  
668619	[5991]	:	Key	71	DOWN	at	668618  
668873	[254]	:	Key	71	UP	at	668873  
674705	[5832]	:	Key	97	DOWN	at	674705  
674889	[184]	:	Key	97	UP	at	674889  
674970	[81]	:	Key	98	DOWN	at	674970  
675041	[71]	:	Key	98	UP	at	675018  
675522	[481]	:	Key	97	DOWN	at	675521  
675681	[159]	:	Key	97	UP	at	675681  
676961	[1280]	:	Key	98	DOWN	at	676961  
677122	[161]	:	Key	98	UP	at	677122  
677737	[615]	:	Key	98	DOWN	at	677737  
677851	[114]	:	Key	98	UP	at	677850  
678370	[519]	:	Key	98	DOWN	at	678369  
678489	[119]	:	Key	98	UP	at	678489  
679658	[1169]	:	Key	71	DOWN	at	679658  
679986	[328]	:	Key	71	UP	at	679985  
701153	[21167]	:	Key	97	DOWN	at	701153  
701314	[161]	:	Key	97	UP	at	701314  
701443	[129]	:	Key	98	DOWN	at	701442  
701562	[119]	:	Key	98	UP	at	701561  
701794	[232]	:	Key	98	DOWN	at	701794  
701962	[168]	:	Key	98	UP	at	701961  
702809	[847]	:	Key	59	DOWN	at	702809  
702915	[106]	:	Key	59	UP	at	702914  
703801	[886]	:	Key	71	DOWN	at	703801  
703986	[185]	:	Key	71	UP	at	703985  
725683	[21697]	:	Key	97	DOWN	at	725682  
725834	[151]	:	Key	97	UP	at	725833  
726306	[472]	:	Key	97	DOWN	at	726305  
726425	[119]	:	Key	97	UP	at	726425  
726826	[401]	:	Key	98	DOWN	at	726826  
726945	[119]	:	Key	98	UP	at	726945  
732345	[5400]	:	Key	98	DOWN	at	732345  
732466	[121]	:	Key	98	UP	at	732466  
732562	[96]	:	Key	98	DOWN	at	732562  
732689	[127]	:	Key	98	UP	at	732689  
733009	[320]	:	Key	97	DOWN	at	733009  
733131	[122]	:	Key	97	UP	at	733130  
734138	[1007]	:	Key	98	DOWN	at	734138  
734290	[152]	:	Key	98	UP	at	734290  
737482	[3192]	:	Key	97	DOWN	at	737481  
737557	[75]	:	Key	97	UP	at	737545  
738411	[854]	:	Key	98	DOWN	at	738410  
738530	[119]	:	Key	98	UP	at	738530  
738713	[183]	:	Key	98	DOWN	at	738713  
738835	[122]	:	Key	98	UP	at	738834  
738953	[118]	:	Key	97	DOWN	at	738953  
739050	[97]	:	Key	97	UP	at	739050  
739218	[168]	:	Key	97	DOWN	at	739218  
739291	[73]	:	Key	97	UP	at	739289  
739505	[214]	:	Key	97	DOWN	at	739505  
739590	[85]	:	Key	97	UP	at	739577  
740131	[541]	:	Key	98	DOWN	at	740130  
740267	[136]	:	Key	98	UP	at	740266  
740385	[118]	:	Key	98	DOWN	at	740385  
740462	[77]	:	Key	98	UP	at	740457  
740577	[115]	:	Key	98	DOWN	at	740577  
740651	[74]	:	Key	98	UP	at	740633  
741002	[351]	:	Key	97	DOWN	at	741001  
741106	[104]	:	Key	97	UP	at	741105  
741202	[96]	:	Key	97	DOWN	at	741201  
741273	[71]	:	Key	97	UP	at	741273  
741370	[97]	:	Key	97	DOWN	at	741370  
741449	[79]	:	Key	97	UP	at	741426  
741546	[97]	:	Key	97	DOWN	at	741545  
741628	[82]	:	Key	97	UP	at	741602  
741723	[95]	:	Key	97	DOWN	at	741722  
741811	[88]	:	Key	97	UP	at	741810  
741977	[166]	:	Key	97	DOWN	at	741977  
742107	[130]	:	Key	97	UP	at	742106  
742953	[846]	:	Key	97	DOWN	at	742953  
743029	[76]	:	Key	97	UP	at	743017  
743899	[870]	:	Key	97	DOWN	at	743898  
743980	[81]	:	Key	97	UP	at	743970  
744491	[511]	:	Key	97	DOWN	at	744490  
744571	[80]	:	Key	97	UP	at	744561  
745587	[1016]	:	Key	97	DOWN	at	745586  
745667	[80]	:	Key	97	UP	at	745649  
746410	[743]	:	Key	97	DOWN	at	746410  
746561	[151]	:	Key	97	UP	at	746561  
746915	[354]	:	Key	97	DOWN	at	746914  
747066	[151]	:	Key	97	UP	at	747066  
750962	[3896]	:	Key	97	DOWN	at	750961  
751075	[113]	:	Key	97	UP	at	751074  
753514	[2439]	:	Key	97	DOWN	at	753514  
753738	[224]	:	Key	97	UP	at	753737  
754058	[320]	:	Key	97	DOWN	at	754057  
754267	[209]	:	Key	97	UP	at	754266  
754553	[286]	:	Key	97	DOWN	at	754553  
754755	[202]	:	Key	97	UP	at	754754  
755291	[536]	:	Key	97	DOWN	at	755290  
755475	[184]	:	Key	97	UP	at	755474  
757170	[1695]	:	Key	97	DOWN	at	757170  
757329	[159]	:	Key	97	UP	at	757329  
757841	[512]	:	Key	97	DOWN	at	757841  
757979	[138]	:	Key	97	UP	at	757978  
758794	[815]	:	Key	97	DOWN	at	758794  
759794	[1000]	:	Key	97	UP	at	758889  
763738	[3944]	:	Key	98	DOWN	at	763738  
763809	[71]	:	Key	98	UP	at	763809  
763921	[112]	:	Key	98	DOWN	at	763921  
763979	[58]	:	Key	98	UP	at	763978  
764098	[119]	:	Key	98	DOWN	at	764098  
764137	[39]	:	Key	98	UP	at	764137  
764241	[104]	:	Key	98	DOWN	at	764241  
764306	[65]	:	Key	98	UP	at	764306  
764418	[112]	:	Key	98	DOWN	at	764418  
764482	[64]	:	Key	98	UP	at	764481  
764586	[104]	:	Key	98	DOWN	at	764585  
764683	[97]	:	Key	98	UP	at	764682  
767730	[3047]	:	Key	71	DOWN	at	767730  
768027	[297]	:	Key	71	UP	at	767938  
769497	[1470]	:	Key	71	DOWN	at	769497  
845738	[76241]	:	Key	71	DOWN	at	845738  
845923	[185]	:	Key	71	UP	at	845922  
848002	[2079]	:	Key	71	DOWN	at	848002  
1408083	[560081]	:	Key	97	DOWN	at	1408082 
1409082	[999]	:	Key	97	UP	at	1408154 
1410436	[1354]	:	Key	71	DOWN	at	1410435 
2011076	[600640]	:	Key	97	DOWN	at	2011075 
2012076	[1000]	:	Key	97	UP	at	2011179 
2013940	[1864]	:	Key	71	DOWN	at	2013939 
2613659	[599719]	:	Key	97	DOWN	at	2613659 
2614659	[1000]	:	Key	97	UP	at	2613747 
2639821	[25162]	:	Key	71	DOWN	at	2639819 
3285965	[646144]	:	Key	97	DOWN	at	3285965 
3286965	[1000]	:	Key	97	UP	at	3286044 
3307356	[20391]	:	Key	71	DOWN	at	3307356 
3924934	[617578]	:	Key	71	DOWN	at	3924934 
3925002	[68]	:	COGENT STOP
