Cog2000 log file Mon Aug 01 10:16:31 2022
gprim v1.33 Compiled:Aug 12 2015 (GLib DirectDraw v7 DX12.0 Compiled:Aug 12 2015)
Display:1024x768x32 59.99Hz
Attaching C:\Users\Carelab\Desktop\Final MBMF+Drug Task\Cogent2000v1.33\Toolbox\CogInput.mexw64
CogInput v1.05 Compiled: May 20 2010
4	[4]	:	COGENT START
31941	[31937]	:	Key	98	DOWN	at	31939   
32122	[181]	:	Key	98	UP	at	32121   
32570	[448]	:	Key	97	DOWN	at	32570   
32762	[192]	:	Key	97	UP	at	32762   
44948	[12186]	:	Key	97	DOWN	at	44947   
45083	[135]	:	Key	97	UP	at	45083   
73393	[28310]	:	Key	97	DOWN	at	73393   
74393	[1000]	:	Key	97	UP	at	73594   
84779	[10386]	:	Key	97	DOWN	at	84778   
84980	[201]	:	Key	97	UP	at	84979   
89330	[4350]	:	Key	71	DOWN	at	89330   
89563	[233]	:	Key	71	UP	at	89562   
94715	[5152]	:	Key	71	DOWN	at	94715   
98072	[3357]	:	Key	71	UP	at	94881   
105137	[7065]	:	Key	71	DOWN	at	105137  
108436	[3299]	:	Key	71	UP	at	105297  
112482	[4046]	:	Key	71	DOWN	at	112481  
115766	[3284]	:	Key	71	UP	at	112650  
119794	[4028]	:	Key	71	DOWN	at	119793  
123077	[3283]	:	Key	71	UP	at	119961  
125482	[2405]	:	Key	71	DOWN	at	125482  
128764	[3282]	:	Key	71	UP	at	125642  
132595	[3831]	:	Key	71	DOWN	at	132595  
135881	[3286]	:	Key	71	UP	at	132729  
138578	[2697]	:	Key	71	DOWN	at	138577  
141864	[3286]	:	Key	71	UP	at	138731  
143347	[1483]	:	Key	71	DOWN	at	143347  
146633	[3286]	:	Key	71	UP	at	143483  
149595	[2962]	:	Key	71	DOWN	at	149594  
152879	[3284]	:	Key	71	UP	at	149721  
154546	[1667]	:	Key	71	DOWN	at	154546  
157824	[3278]	:	Key	71	UP	at	154673  
160060	[2236]	:	Key	71	DOWN	at	160059  
163346	[3286]	:	Key	71	UP	at	160234  
166449	[3103]	:	Key	71	DOWN	at	166449  
169732	[3283]	:	Key	71	UP	at	166586  
172529	[2797]	:	Key	71	DOWN	at	172529  
175819	[3290]	:	Key	71	UP	at	172675  
178355	[2536]	:	Key	71	DOWN	at	178354  
181641	[3286]	:	Key	71	UP	at	178491  
183970	[2329]	:	Key	71	DOWN	at	183969  
187253	[3283]	:	Key	71	UP	at	184130  
189962	[2709]	:	Key	71	DOWN	at	189962  
193246	[3284]	:	Key	71	UP	at	190090  
194891	[1645]	:	Key	71	DOWN	at	194890  
198174	[3283]	:	Key	71	UP	at	195010  
201266	[3092]	:	Key	71	DOWN	at	201266  
204560	[3294]	:	Key	71	UP	at	201426  
205753	[1193]	:	Key	71	DOWN	at	205753  
209039	[3286]	:	Key	71	UP	at	205914  
210451	[1412]	:	Key	71	DOWN	at	210450  
213732	[3281]	:	Key	71	UP	at	210594  
217481	[3749]	:	Key	71	DOWN	at	217481  
220777	[3296]	:	Key	71	UP	at	217625  
222651	[1874]	:	Key	71	DOWN	at	222650  
225933	[3282]	:	Key	71	UP	at	222818  
227290	[1357]	:	Key	71	DOWN	at	227290  
230573	[3283]	:	Key	71	UP	at	227425  
230575	[2]	:	Key	71	DOWN	at	227602  
230576	[1]	:	Key	71	UP	at	227794  
233140	[2564]	:	Key	71	DOWN	at	233139  
236416	[3276]	:	Key	71	UP	at	233250  
240242	[3826]	:	Key	71	DOWN	at	240241  
243527	[3285]	:	Key	71	UP	at	240361  
247587	[4060]	:	Key	71	DOWN	at	247586  
250869	[3282]	:	Key	71	UP	at	247722  
251811	[942]	:	Key	71	DOWN	at	251810  
255093	[3282]	:	Key	71	UP	at	251961  
256536	[1443]	:	Key	71	DOWN	at	256536  
259820	[3284]	:	Key	71	UP	at	256682  
260680	[860]	:	Key	71	DOWN	at	260680  
263955	[3275]	:	Key	71	UP	at	260810  
266473	[2518]	:	Key	71	DOWN	at	266473  
269759	[3286]	:	Key	71	UP	at	266603  
270681	[922]	:	Key	71	DOWN	at	270681  
273962	[3281]	:	Key	71	UP	at	270841  
274713	[751]	:	Key	71	DOWN	at	274713  
277993	[3280]	:	Key	71	UP	at	274849  
279658	[1665]	:	Key	71	DOWN	at	279657  
282947	[3289]	:	Key	71	UP	at	279801  
283745	[798]	:	Key	71	DOWN	at	283745  
287025	[3280]	:	Key	71	UP	at	283883  
291226	[4201]	:	Key	71	DOWN	at	291225  
294515	[3289]	:	Key	71	UP	at	291387  
296050	[1535]	:	Key	71	DOWN	at	296050  
299333	[3283]	:	Key	71	UP	at	296202  
303257	[3924]	:	Key	71	DOWN	at	303257  
306540	[3283]	:	Key	71	UP	at	303370  
308835	[2295]	:	Key	71	DOWN	at	308834  
312120	[3285]	:	Key	71	UP	at	308971  
315961	[3841]	:	Key	71	DOWN	at	315961  
319247	[3286]	:	Key	71	UP	at	316113  
320754	[1507]	:	Key	71	DOWN	at	320754  
324037	[3283]	:	Key	71	UP	at	320898  
326713	[2676]	:	Key	71	DOWN	at	326713  
329998	[3285]	:	Key	71	UP	at	326850  
330867	[869]	:	Key	71	DOWN	at	330866  
334152	[3285]	:	Key	71	UP	at	331001  
335849	[1697]	:	Key	71	DOWN	at	335849  
339134	[3285]	:	Key	71	UP	at	335985  
340745	[1611]	:	Key	71	DOWN	at	340745  
344027	[3282]	:	Key	71	UP	at	340890  
344666	[639]	:	Key	71	DOWN	at	344665  
347947	[3281]	:	Key	71	UP	at	344802  
351425	[3478]	:	Key	71	DOWN	at	351425  
354707	[3282]	:	Key	71	UP	at	351537  
356219	[1512]	:	Key	71	DOWN	at	356218  
359503	[3284]	:	Key	71	UP	at	356354  
364722	[5219]	:	Key	71	DOWN	at	364721  
368578	[3856]	:	Key	71	UP	at	364858  
394386	[25808]	:	Key	71	DOWN	at	394386  
395414	[1028]	:	Key	71	UP	at	394562  
397298	[1884]	:	Key	97	DOWN	at	397297  
398374	[1076]	:	Key	97	UP	at	397450  
400244	[1870]	:	Key	97	DOWN	at	400243  
401315	[1071]	:	Key	97	UP	at	400379  
402442	[1127]	:	Key	98	DOWN	at	402442  
403506	[1064]	:	Key	98	UP	at	402586  
406170	[2664]	:	Key	97	DOWN	at	406170  
407239	[1069]	:	Key	97	UP	at	406305  
408274	[1035]	:	Key	97	DOWN	at	408274  
409359	[1085]	:	Key	97	UP	at	408394  
410555	[1196]	:	Key	98	DOWN	at	410554  
411623	[1068]	:	Key	98	UP	at	410673  
413570	[1947]	:	Key	97	DOWN	at	413569  
414640	[1070]	:	Key	97	UP	at	413698  
416665	[2025]	:	Key	98	DOWN	at	416665  
418279	[1614]	:	Key	98	UP	at	416737  
426633	[8354]	:	Key	71	DOWN	at	426633  
427660	[1027]	:	Key	71	UP	at	426762  
430034	[2374]	:	Key	97	DOWN	at	430034  
431104	[1070]	:	Key	97	UP	at	430131  
432555	[1451]	:	Key	97	DOWN	at	432554  
433624	[1069]	:	Key	97	UP	at	432649  
434634	[1010]	:	Key	97	DOWN	at	434633  
435699	[1065]	:	Key	97	UP	at	434753  
437466	[1767]	:	Key	98	DOWN	at	437465  
438533	[1067]	:	Key	98	UP	at	437578  
440130	[1597]	:	Key	97	DOWN	at	440129  
441199	[1069]	:	Key	97	UP	at	440250  
442354	[1155]	:	Key	98	DOWN	at	442354  
443421	[1067]	:	Key	98	UP	at	442465  
444601	[1180]	:	Key	98	DOWN	at	444601  
445687	[1086]	:	Key	98	UP	at	444723  
447313	[1626]	:	Key	98	DOWN	at	447313  
448424	[1111]	:	Key	98	UP	at	447377  
452283	[3859]	:	Key	71	DOWN	at	452282  
452557	[274]	:	Key	71	UP	at	452426  
489459	[36902]	:	Key	97	DOWN	at	489458  
489537	[78]	:	Key	97	UP	at	489536  
564394	[74857]	:	Key	97	DOWN	at	564393  
564555	[161]	:	Key	97	UP	at	564554  
578771	[14216]	:	Key	97	DOWN	at	578770  
578922	[151]	:	Key	97	UP	at	578922  
588586	[9664]	:	Key	97	DOWN	at	588586  
588747	[161]	:	Key	97	UP	at	588746  
598154	[9407]	:	Key	97	DOWN	at	598154  
598313	[159]	:	Key	97	UP	at	598313  
633105	[34792]	:	Key	97	DOWN	at	633105  
633314	[209]	:	Key	97	UP	at	633314  
639682	[6368]	:	Key	97	DOWN	at	639681  
639842	[160]	:	Key	97	UP	at	639841  
649177	[9335]	:	Key	97	DOWN	at	649177  
649331	[154]	:	Key	97	UP	at	649330  
656881	[7550]	:	Key	97	DOWN	at	656881  
657018	[137]	:	Key	97	UP	at	657017  
666172	[9154]	:	Key	97	DOWN	at	666171  
666313	[141]	:	Key	97	UP	at	666313  
679002	[12689]	:	Key	97	DOWN	at	679001  
679147	[145]	:	Key	97	UP	at	679146  
685978	[6831]	:	Key	97	DOWN	at	685977  
686114	[136]	:	Key	97	UP	at	686113  
700473	[14359]	:	Key	97	DOWN	at	700473  
700643	[170]	:	Key	97	UP	at	700642  
707306	[6663]	:	Key	97	DOWN	at	707306  
707483	[177]	:	Key	97	UP	at	707482  
718218	[10735]	:	Key	97	DOWN	at	718218  
718410	[192]	:	Key	97	UP	at	718409  
745017	[26607]	:	Key	97	DOWN	at	745017  
745170	[153]	:	Key	97	UP	at	745169  
754505	[9335]	:	Key	97	DOWN	at	754505  
754683	[178]	:	Key	97	UP	at	754682  
768315	[13632]	:	Key	97	DOWN	at	768314  
768450	[135]	:	Key	97	UP	at	768449  
790202	[21752]	:	Key	97	DOWN	at	790202  
790362	[160]	:	Key	97	UP	at	790361  
801986	[11624]	:	Key	97	DOWN	at	801986  
802987	[1001]	:	Key	97	UP	at	802129  
820745	[17758]	:	Key	71	DOWN	at	820745  
821009	[264]	:	Key	71	UP	at	820873  
822961	[1952]	:	Key	71	DOWN	at	822961  
955834	[132873]	:	Key	71	DOWN	at	955833  
956033	[199]	:	Key	71	UP	at	956032  
957994	[1961]	:	Key	71	DOWN	at	957993  
1753954	[795960]	:	Key	97	DOWN	at	1753953 
1754954	[1000]	:	Key	97	UP	at	1754055 
1769928	[14974]	:	Key	71	DOWN	at	1769927 
2380096	[610168]	:	Key	97	DOWN	at	2380096 
2381097	[1001]	:	Key	97	UP	at	2380288 
2382703	[1606]	:	Key	71	DOWN	at	2382703 
3009544	[626841]	:	Key	97	DOWN	at	3009543 
3010543	[999]	:	Key	97	UP	at	3009718 
3026934	[16391]	:	Key	71	DOWN	at	3026933 
3617477	[590543]	:	Key	97	DOWN	at	3617477 
3618478	[1001]	:	Key	97	UP	at	3617749 
3620661	[2183]	:	Key	71	DOWN	at	3620661 
4717644	[1096983]	:	Key	71	DOWN	at	4717644 
4717669	[25]	:	COGENT STOP
