Cog2000 log file Sat Jan 09 23:32:44 2021
gprim v1.33 Compiled:Aug 12 2015 (GLib DirectDraw v7 DX12.0 Compiled:Aug 12 2015)
Display:1024x768x32 60.06Hz
Attaching C:\Sahar Rajabi\Final MBMF+Drug Task\Cogent2000v1.33\Toolbox\CogInput.mexw64
CogInput v1.05 Compiled: May 20 2010
3	[3]	:	COGENT START
27213	[27210]	:	Key	97	DOWN	at	27211   
27405	[192]	:	Key	97	UP	at	27403   
43956	[16551]	:	Key	97	DOWN	at	43956   
44132	[176]	:	Key	97	UP	at	44132   
65019	[20887]	:	Key	97	DOWN	at	65019   
66019	[1000]	:	Key	97	UP	at	65171   
66180	[161]	:	Key	97	DOWN	at	66179   
66333	[153]	:	Key	97	UP	at	66332   
68197	[1864]	:	Key	98	DOWN	at	68196   
68395	[198]	:	Key	98	UP	at	68395   
82772	[14377]	:	Key	71	DOWN	at	82771   
82972	[200]	:	Key	71	UP	at	82971   
86731	[3759]	:	Key	71	DOWN	at	86731   
90084	[3353]	:	Key	71	UP	at	86899   
91285	[1201]	:	Key	71	DOWN	at	91284   
94620	[3335]	:	Key	71	UP	at	91442   
95764	[1144]	:	Key	71	DOWN	at	95764   
99073	[3309]	:	Key	71	UP	at	95954   
100188	[1115]	:	Key	71	DOWN	at	100187  
103497	[3309]	:	Key	71	UP	at	100324  
105645	[2148]	:	Key	71	DOWN	at	105644  
108949	[3304]	:	Key	71	UP	at	105787  
110556	[1607]	:	Key	71	DOWN	at	110555  
113862	[3306]	:	Key	71	UP	at	110691  
115043	[1181]	:	Key	71	DOWN	at	115043  
118349	[3306]	:	Key	71	UP	at	115179  
119419	[1070]	:	Key	71	DOWN	at	119419  
122727	[3308]	:	Key	71	UP	at	119564  
123738	[1011]	:	Key	71	DOWN	at	123738  
127048	[3310]	:	Key	71	UP	at	123892  
127084	[36]	:	Key	71	DOWN	at	127083  
130395	[3311]	:	Key	71	UP	at	127212  
130562	[167]	:	Key	71	DOWN	at	130562  
133872	[3310]	:	Key	71	UP	at	130699  
142621	[8749]	:	Key	71	DOWN	at	142620  
145927	[3306]	:	Key	71	UP	at	142795  
147004	[1077]	:	Key	71	DOWN	at	147004  
150312	[3308]	:	Key	71	UP	at	147171  
151548	[1236]	:	Key	71	DOWN	at	151548  
154856	[3308]	:	Key	71	UP	at	151706  
155564	[708]	:	Key	71	DOWN	at	155563  
158874	[3310]	:	Key	71	UP	at	155723  
158875	[1]	:	Key	71	DOWN	at	158619  
158876	[1]	:	Key	71	UP	at	158796  
162181	[3305]	:	Key	71	DOWN	at	162180  
165487	[3306]	:	Key	71	UP	at	162395  
166403	[916]	:	Key	71	DOWN	at	166402  
169710	[3307]	:	Key	71	UP	at	166588  
170620	[910]	:	Key	71	DOWN	at	170619  
173929	[3309]	:	Key	71	UP	at	170779  
174644	[715]	:	Key	71	DOWN	at	174642  
177958	[3314]	:	Key	71	UP	at	174819  
180363	[2405]	:	Key	71	DOWN	at	180363  
183672	[3309]	:	Key	71	UP	at	180515  
184693	[1021]	:	Key	71	DOWN	at	184692  
188001	[3308]	:	Key	71	UP	at	184851  
188876	[875]	:	Key	71	DOWN	at	188876  
192187	[3311]	:	Key	71	UP	at	189036  
193755	[1568]	:	Key	71	DOWN	at	193754  
197066	[3311]	:	Key	71	UP	at	193956  
199819	[2753]	:	Key	71	DOWN	at	199819  
203128	[3309]	:	Key	71	UP	at	199972  
205108	[1980]	:	Key	71	DOWN	at	205108  
208415	[3307]	:	Key	71	UP	at	205275  
209564	[1149]	:	Key	71	DOWN	at	209563  
212871	[3307]	:	Key	71	UP	at	209724  
213731	[860]	:	Key	71	DOWN	at	213731  
217042	[3311]	:	Key	71	UP	at	213875  
217475	[433]	:	Key	71	DOWN	at	217475  
220786	[3311]	:	Key	71	UP	at	217676  
222181	[1395]	:	Key	71	DOWN	at	222180  
225485	[3304]	:	Key	71	UP	at	222355  
226268	[783]	:	Key	71	DOWN	at	226267  
229575	[3307]	:	Key	71	UP	at	226435  
230845	[1270]	:	Key	71	DOWN	at	230844  
234151	[3306]	:	Key	71	UP	at	231011  
236659	[2508]	:	Key	71	DOWN	at	236659  
239967	[3308]	:	Key	71	UP	at	236803  
242020	[2053]	:	Key	71	DOWN	at	242019  
245330	[3310]	:	Key	71	UP	at	242187  
246883	[1553]	:	Key	71	DOWN	at	246883  
250192	[3309]	:	Key	71	UP	at	247059  
252482	[2290]	:	Key	71	DOWN	at	252482  
255790	[3308]	:	Key	71	UP	at	252659  
256517	[727]	:	Key	71	DOWN	at	256516  
259822	[3305]	:	Key	71	UP	at	256697  
261492	[1670]	:	Key	71	DOWN	at	261492  
264802	[3310]	:	Key	71	UP	at	261683  
266610	[1808]	:	Key	71	DOWN	at	266610  
269917	[3307]	:	Key	71	UP	at	266788  
270915	[998]	:	Key	71	DOWN	at	270915  
274222	[3307]	:	Key	71	UP	at	271114  
276948	[2726]	:	Key	71	DOWN	at	276947  
280255	[3307]	:	Key	71	UP	at	277195  
282491	[2236]	:	Key	71	DOWN	at	282491  
285797	[3306]	:	Key	71	UP	at	282651  
288187	[2390]	:	Key	71	DOWN	at	288187  
291497	[3310]	:	Key	71	UP	at	288355  
293852	[2355]	:	Key	71	DOWN	at	293852  
297158	[3306]	:	Key	71	UP	at	294499  
299892	[2734]	:	Key	71	DOWN	at	299892  
303198	[3306]	:	Key	71	UP	at	300236  
306339	[3141]	:	Key	71	DOWN	at	306339  
309647	[3308]	:	Key	71	UP	at	306666  
310564	[917]	:	Key	71	DOWN	at	310564  
313868	[3304]	:	Key	71	UP	at	310940  
316515	[2647]	:	Key	71	DOWN	at	316515  
319823	[3308]	:	Key	71	UP	at	316859  
321893	[2070]	:	Key	71	DOWN	at	321892  
325820	[3927]	:	Key	71	UP	at	322188  
361373	[35553]	:	Key	71	DOWN	at	361371  
362421	[1048]	:	Key	71	UP	at	361595  
367548	[5127]	:	Key	97	DOWN	at	367547  
368679	[1131]	:	Key	97	UP	at	367724  
369965	[1286]	:	Key	98	DOWN	at	369964  
371079	[1114]	:	Key	98	UP	at	370123  
372349	[1270]	:	Key	97	DOWN	at	372348  
373467	[1118]	:	Key	97	UP	at	372483  
376876	[3409]	:	Key	97	DOWN	at	376876  
377983	[1107]	:	Key	97	UP	at	377019  
381283	[3300]	:	Key	97	DOWN	at	381283  
382391	[1108]	:	Key	97	UP	at	381428  
383772	[1381]	:	Key	97	DOWN	at	383771  
384883	[1111]	:	Key	97	UP	at	383915  
387821	[2938]	:	Key	98	DOWN	at	387820  
388929	[1108]	:	Key	98	UP	at	387971  
391109	[2180]	:	Key	97	DOWN	at	391108  
392766	[1657]	:	Key	97	UP	at	391242  
403595	[10829]	:	Key	71	DOWN	at	403595  
404639	[1044]	:	Key	71	UP	at	403732  
407628	[2989]	:	Key	97	DOWN	at	407627  
408740	[1112]	:	Key	97	UP	at	407756  
410307	[1567]	:	Key	98	DOWN	at	410307  
411414	[1107]	:	Key	98	UP	at	410442  
416795	[5381]	:	Key	98	DOWN	at	416795  
417914	[1119]	:	Key	98	UP	at	416915  
421114	[3200]	:	Key	98	DOWN	at	421114  
422227	[1113]	:	Key	98	UP	at	421268  
424851	[2624]	:	Key	97	DOWN	at	424850  
425961	[1110]	:	Key	97	UP	at	424987  
427819	[1858]	:	Key	98	DOWN	at	427818  
428925	[1106]	:	Key	98	UP	at	427971  
430787	[1862]	:	Key	97	DOWN	at	430786  
431899	[1112]	:	Key	97	UP	at	430939  
435867	[3968]	:	Key	98	DOWN	at	435867  
437045	[1178]	:	Key	98	UP	at	436004  
446237	[9192]	:	Key	71	DOWN	at	446236  
446562	[325]	:	Key	71	UP	at	446483  
450411	[3849]	:	Key	71	DOWN	at	450411  
450756	[345]	:	Key	71	UP	at	450755  
452221	[1465]	:	Key	71	DOWN	at	452220  
455530	[3309]	:	Key	71	UP	at	452499  
456971	[1441]	:	Key	71	DOWN	at	456971  
460276	[3305]	:	Key	71	UP	at	457148  
467106	[6830]	:	Key	71	DOWN	at	467106  
470412	[3306]	:	Key	71	UP	at	467379  
471267	[855]	:	Key	71	DOWN	at	471267  
474572	[3305]	:	Key	71	UP	at	471491  
476011	[1439]	:	Key	71	DOWN	at	476011  
479316	[3305]	:	Key	71	UP	at	476227  
482123	[2807]	:	Key	71	DOWN	at	482123  
485430	[3307]	:	Key	71	UP	at	482403  
487627	[2197]	:	Key	71	DOWN	at	487627  
490934	[3307]	:	Key	71	UP	at	487883  
493187	[2253]	:	Key	71	DOWN	at	493187  
496495	[3308]	:	Key	71	UP	at	493619  
498627	[2132]	:	Key	71	DOWN	at	498627  
501933	[3306]	:	Key	71	UP	at	498955  
502667	[734]	:	Key	71	DOWN	at	502667  
505974	[3307]	:	Key	71	UP	at	502955  
509490	[3516]	:	Key	71	DOWN	at	509490  
512798	[3308]	:	Key	71	UP	at	509779  
513626	[828]	:	Key	71	DOWN	at	513626  
516933	[3307]	:	Key	71	UP	at	513946  
517683	[750]	:	Key	71	DOWN	at	517683  
520991	[3308]	:	Key	71	UP	at	518034  
525332	[4341]	:	Key	71	DOWN	at	525331  
528637	[3305]	:	Key	71	UP	at	526059  
531819	[3182]	:	Key	71	DOWN	at	531819  
535129	[3310]	:	Key	71	UP	at	532236  
538660	[3531]	:	Key	71	DOWN	at	538659  
542557	[3897]	:	Key	71	UP	at	539043  
548101	[5544]	:	Key	71	DOWN	at	548100  
549147	[1046]	:	Key	71	UP	at	548476  
551468	[2321]	:	Key	97	DOWN	at	551468  
552579	[1111]	:	Key	97	UP	at	551627  
553946	[1367]	:	Key	98	DOWN	at	553946  
555051	[1105]	:	Key	98	UP	at	554099  
556836	[1785]	:	Key	97	DOWN	at	556835  
557946	[1110]	:	Key	97	UP	at	557003  
559963	[2017]	:	Key	97	DOWN	at	559963  
561078	[1115]	:	Key	97	UP	at	560124  
563476	[2398]	:	Key	98	DOWN	at	563475  
564588	[1112]	:	Key	98	UP	at	563619  
566483	[1895]	:	Key	97	DOWN	at	566483  
567611	[1128]	:	Key	97	UP	at	566635  
569635	[2024]	:	Key	97	DOWN	at	569635  
570757	[1122]	:	Key	97	UP	at	569770  
572827	[2070]	:	Key	97	DOWN	at	572827  
574475	[1648]	:	Key	97	UP	at	572962  
576491	[2016]	:	Key	71	DOWN	at	576491  
577541	[1050]	:	Key	71	UP	at	576739  
580468	[2927]	:	Key	98	DOWN	at	580467  
581588	[1120]	:	Key	98	UP	at	580627  
583307	[1719]	:	Key	98	DOWN	at	583307  
584426	[1119]	:	Key	98	UP	at	583508  
586004	[1578]	:	Key	97	DOWN	at	586003  
587113	[1109]	:	Key	97	UP	at	586172  
589253	[2140]	:	Key	98	DOWN	at	589251  
590360	[1107]	:	Key	98	UP	at	589435  
592779	[2419]	:	Key	98	DOWN	at	592779  
593893	[1114]	:	Key	98	UP	at	592947  
595227	[1334]	:	Key	97	DOWN	at	595226  
596349	[1122]	:	Key	97	UP	at	595379  
600011	[3662]	:	Key	98	DOWN	at	600011  
601123	[1112]	:	Key	98	UP	at	600163  
602771	[1648]	:	Key	98	DOWN	at	602770  
603936	[1165]	:	Key	98	UP	at	602915  
610659	[6723]	:	Key	71	DOWN	at	610658  
610966	[307]	:	Key	71	UP	at	610931  
612234	[1268]	:	Key	71	DOWN	at	612234  
612507	[273]	:	Key	71	UP	at	612507  
618868	[6361]	:	Key	71	DOWN	at	618868  
622177	[3309]	:	Key	71	UP	at	619107  
622883	[706]	:	Key	71	DOWN	at	622883  
626192	[3309]	:	Key	71	UP	at	623115  
627971	[1779]	:	Key	71	DOWN	at	627970  
631279	[3308]	:	Key	71	UP	at	628259  
632058	[779]	:	Key	71	DOWN	at	632058  
635367	[3309]	:	Key	71	UP	at	632434  
636299	[932]	:	Key	71	DOWN	at	636298  
639604	[3305]	:	Key	71	UP	at	636683  
641492	[1888]	:	Key	71	DOWN	at	641491  
644800	[3308]	:	Key	71	UP	at	641907  
645604	[804]	:	Key	71	DOWN	at	645603  
648913	[3309]	:	Key	71	UP	at	646100  
649731	[818]	:	Key	71	DOWN	at	649731  
653640	[3909]	:	Key	71	UP	at	650043  
657804	[4164]	:	Key	71	DOWN	at	657804  
658846	[1042]	:	Key	71	UP	at	658067  
660259	[1413]	:	Key	97	DOWN	at	660258  
661368	[1109]	:	Key	97	UP	at	660403  
662507	[1139]	:	Key	98	DOWN	at	662507  
663639	[1132]	:	Key	98	UP	at	662658  
664922	[1283]	:	Key	98	DOWN	at	664922  
666035	[1113]	:	Key	98	UP	at	665059  
667203	[1168]	:	Key	97	DOWN	at	667202  
668317	[1114]	:	Key	97	UP	at	667348  
669906	[1589]	:	Key	98	DOWN	at	669906  
671019	[1113]	:	Key	98	UP	at	670076  
672196	[1177]	:	Key	97	DOWN	at	672195  
673300	[1104]	:	Key	97	UP	at	672339  
675146	[1846]	:	Key	97	DOWN	at	675146  
676254	[1108]	:	Key	97	UP	at	675306  
677619	[1365]	:	Key	98	DOWN	at	677619  
679266	[1647]	:	Key	98	UP	at	677787  
680346	[1080]	:	Key	71	DOWN	at	680346  
681399	[1053]	:	Key	71	UP	at	680572  
682636	[1237]	:	Key	98	DOWN	at	682635  
683755	[1119]	:	Key	98	UP	at	682779  
685355	[1600]	:	Key	97	DOWN	at	685355  
686469	[1114]	:	Key	97	UP	at	685500  
689524	[3055]	:	Key	97	DOWN	at	689523  
690637	[1113]	:	Key	97	UP	at	689635  
691620	[983]	:	Key	98	DOWN	at	691619  
692735	[1115]	:	Key	98	UP	at	691786  
694106	[1371]	:	Key	97	DOWN	at	694106  
695214	[1108]	:	Key	97	UP	at	694251  
696490	[1276]	:	Key	98	DOWN	at	696490  
697583	[1093]	:	Key	98	UP	at	696635  
699563	[1980]	:	Key	98	DOWN	at	699563  
700689	[1126]	:	Key	98	UP	at	699723  
701709	[1020]	:	Key	97	DOWN	at	701708  
702868	[1159]	:	Key	97	UP	at	701843  
704907	[2039]	:	Key	71	DOWN	at	704907  
705348	[441]	:	Key	71	UP	at	705347  
705820	[472]	:	Key	71	DOWN	at	705820  
706180	[360]	:	Key	71	UP	at	706180  
708476	[2296]	:	Key	71	DOWN	at	708475  
711784	[3308]	:	Key	71	UP	at	708651  
711786	[2]	:	Key	71	DOWN	at	710435  
711787	[1]	:	Key	71	UP	at	710507  
714316	[2529]	:	Key	71	DOWN	at	714315  
717621	[3305]	:	Key	71	UP	at	714603  
720563	[2942]	:	Key	71	DOWN	at	720563  
723872	[3309]	:	Key	71	UP	at	720874  
726050	[2178]	:	Key	71	DOWN	at	726050  
729362	[3312]	:	Key	71	UP	at	726482  
731162	[1800]	:	Key	71	DOWN	at	731162  
734472	[3310]	:	Key	71	UP	at	731450  
737106	[2634]	:	Key	71	DOWN	at	737106  
740412	[3306]	:	Key	71	UP	at	737475  
741467	[1055]	:	Key	71	DOWN	at	741467  
744777	[3310]	:	Key	71	UP	at	741819  
745658	[881]	:	Key	71	DOWN	at	745658  
749558	[3900]	:	Key	71	UP	at	745978  
750092	[534]	:	Key	71	DOWN	at	750091  
751135	[1043]	:	Key	71	UP	at	750395  
752499	[1364]	:	Key	98	DOWN	at	752499  
753614	[1115]	:	Key	98	UP	at	752643  
754716	[1102]	:	Key	97	DOWN	at	754715  
755828	[1112]	:	Key	97	UP	at	754859  
756619	[791]	:	Key	97	DOWN	at	756619  
757726	[1107]	:	Key	97	UP	at	756738  
759082	[1356]	:	Key	97	DOWN	at	759082  
760194	[1112]	:	Key	97	UP	at	759219  
761627	[1433]	:	Key	97	DOWN	at	761626  
762733	[1106]	:	Key	97	UP	at	761755  
764348	[1615]	:	Key	97	DOWN	at	764347  
765461	[1113]	:	Key	97	UP	at	764474  
767036	[1575]	:	Key	97	DOWN	at	767035  
768143	[1107]	:	Key	97	UP	at	767170  
769468	[1325]	:	Key	98	DOWN	at	769467  
771121	[1653]	:	Key	98	UP	at	769612  
772756	[1635]	:	Key	71	DOWN	at	772755  
773803	[1047]	:	Key	71	UP	at	773179  
776754	[2951]	:	Key	98	DOWN	at	776754  
777864	[1110]	:	Key	98	UP	at	776891  
779148	[1284]	:	Key	98	DOWN	at	779147  
780253	[1105]	:	Key	98	UP	at	779290  
782036	[1783]	:	Key	97	DOWN	at	782036  
783144	[1108]	:	Key	97	UP	at	782170  
784628	[1484]	:	Key	98	DOWN	at	784627  
785751	[1123]	:	Key	98	UP	at	784795  
787163	[1412]	:	Key	98	DOWN	at	787163  
788261	[1098]	:	Key	98	UP	at	787338  
789844	[1583]	:	Key	97	DOWN	at	789842  
790957	[1113]	:	Key	97	UP	at	789987  
791906	[949]	:	Key	98	DOWN	at	791906  
793024	[1118]	:	Key	98	UP	at	792051  
793947	[923]	:	Key	97	DOWN	at	793947  
795105	[1158]	:	Key	97	UP	at	794091  
797219	[2114]	:	Key	71	DOWN	at	797218  
797548	[329]	:	Key	71	UP	at	797548  
798371	[823]	:	Key	71	DOWN	at	798371  
798739	[368]	:	Key	71	UP	at	798739  
804172	[5433]	:	Key	71	DOWN	at	804171  
807480	[3308]	:	Key	71	UP	at	804434  
808939	[1459]	:	Key	71	DOWN	at	808939  
812247	[3308]	:	Key	71	UP	at	809036  
812249	[2]	:	Key	71	DOWN	at	809635  
812250	[1]	:	Key	71	UP	at	809843  
814874	[2624]	:	Key	71	DOWN	at	814874  
818181	[3307]	:	Key	71	UP	at	815139  
819379	[1198]	:	Key	71	DOWN	at	819379  
822692	[3313]	:	Key	71	UP	at	819786  
822694	[2]	:	Key	71	DOWN	at	820827  
822695	[1]	:	Key	71	UP	at	820915  
824682	[1987]	:	Key	71	DOWN	at	824682  
827989	[3307]	:	Key	71	UP	at	824963  
830419	[2430]	:	Key	71	DOWN	at	830419  
833728	[3309]	:	Key	71	UP	at	830626  
834588	[860]	:	Key	71	DOWN	at	834587  
837896	[3308]	:	Key	71	UP	at	834883  
839748	[1852]	:	Key	71	DOWN	at	839748  
843658	[3910]	:	Key	71	UP	at	839986  
845578	[1920]	:	Key	71	DOWN	at	845578  
846620	[1042]	:	Key	71	UP	at	845874  
847659	[1039]	:	Key	97	DOWN	at	847659  
848774	[1115]	:	Key	97	UP	at	847778  
849748	[974]	:	Key	97	DOWN	at	849747  
850868	[1120]	:	Key	97	UP	at	849867  
851948	[1080]	:	Key	97	DOWN	at	851947  
853060	[1112]	:	Key	97	UP	at	852035  
855164	[2104]	:	Key	98	DOWN	at	855163  
856278	[1114]	:	Key	98	UP	at	855298  
857859	[1581]	:	Key	98	DOWN	at	857859  
858971	[1112]	:	Key	98	UP	at	857979  
860371	[1400]	:	Key	97	DOWN	at	860370  
861486	[1115]	:	Key	97	UP	at	860507  
862522	[1036]	:	Key	97	DOWN	at	862522  
863623	[1101]	:	Key	97	UP	at	862643  
865419	[1796]	:	Key	98	DOWN	at	865419  
867069	[1650]	:	Key	98	UP	at	865546  
869788	[2719]	:	Key	71	DOWN	at	869787  
870832	[1044]	:	Key	71	UP	at	870051  
871675	[843]	:	Key	98	DOWN	at	871675  
872772	[1097]	:	Key	98	UP	at	871803  
874251	[1479]	:	Key	97	DOWN	at	874250  
875338	[1087]	:	Key	97	UP	at	874386  
877068	[1730]	:	Key	98	DOWN	at	877067  
878180	[1112]	:	Key	98	UP	at	877203  
879803	[1623]	:	Key	98	DOWN	at	879803  
880902	[1099]	:	Key	98	UP	at	879947  
882292	[1390]	:	Key	98	DOWN	at	882291  
883400	[1108]	:	Key	98	UP	at	882419  
884524	[1124]	:	Key	98	DOWN	at	884524  
885643	[1119]	:	Key	98	UP	at	884659  
887116	[1473]	:	Key	98	DOWN	at	887115  
888222	[1106]	:	Key	98	UP	at	887251  
889787	[1565]	:	Key	97	DOWN	at	889786  
890948	[1161]	:	Key	97	UP	at	889907  
893595	[2647]	:	Key	71	DOWN	at	893595  
893901	[306]	:	Key	71	UP	at	893859  
913427	[19526]	:	Key	97	DOWN	at	913427  
913618	[191]	:	Key	97	UP	at	913618  
924059	[10441]	:	Key	97	DOWN	at	924058  
924194	[135]	:	Key	97	UP	at	924194  
937475	[13281]	:	Key	97	DOWN	at	937474  
937731	[256]	:	Key	97	UP	at	937731  
947380	[9649]	:	Key	97	DOWN	at	947379  
947580	[200]	:	Key	97	UP	at	947579  
985531	[37951]	:	Key	97	DOWN	at	985530  
985692	[161]	:	Key	97	UP	at	985691  
1005508	[19816]	:	Key	97	DOWN	at	1005507 
1005676	[168]	:	Key	97	UP	at	1005675 
1011402	[5726]	:	Key	97	DOWN	at	1011402 
1011564	[162]	:	Key	97	UP	at	1011562 
1023724	[12160]	:	Key	97	DOWN	at	1023723 
1023908	[184]	:	Key	97	UP	at	1023907 
1031138	[7230]	:	Key	97	DOWN	at	1031137 
1031324	[186]	:	Key	97	UP	at	1031323 
1043915	[12591]	:	Key	97	DOWN	at	1043914 
1044050	[135]	:	Key	97	UP	at	1044050 
1056028	[11978]	:	Key	97	DOWN	at	1056027 
1056146	[118]	:	Key	97	UP	at	1056146 
1064803	[8657]	:	Key	97	DOWN	at	1064802 
1064955	[152]	:	Key	97	UP	at	1064954 
1076459	[11504]	:	Key	97	DOWN	at	1076458 
1076676	[217]	:	Key	97	UP	at	1076675 
1084578	[7902]	:	Key	97	DOWN	at	1084578 
1084715	[137]	:	Key	97	UP	at	1084715 
1102644	[17929]	:	Key	97	DOWN	at	1102643 
1102779	[135]	:	Key	97	UP	at	1102778 
1124755	[21976]	:	Key	98	DOWN	at	1124754 
1124914	[159]	:	Key	98	UP	at	1124914 
1131364	[6450]	:	Key	98	DOWN	at	1131363 
1131523	[159]	:	Key	98	UP	at	1131523 
1132691	[1168]	:	Key	97	DOWN	at	1132690 
1132844	[153]	:	Key	97	UP	at	1132843 
1133044	[200]	:	Key	97	DOWN	at	1133043 
1133188	[144]	:	Key	97	UP	at	1133187 
1135627	[2439]	:	Key	97	DOWN	at	1135627 
1135843	[216]	:	Key	97	UP	at	1135842 
1144106	[8263]	:	Key	97	DOWN	at	1144106 
1144276	[170]	:	Key	97	UP	at	1144275 
1160619	[16343]	:	Key	97	DOWN	at	1160619 
1160850	[231]	:	Key	97	UP	at	1160850 
1170075	[9225]	:	Key	97	DOWN	at	1170074 
1170267	[192]	:	Key	97	UP	at	1170267 
1223506	[53239]	:	Key	97	DOWN	at	1223506 
1224507	[1001]	:	Key	97	UP	at	1223698 
1229028	[4521]	:	Key	71	DOWN	at	1229027 
1229317	[289]	:	Key	71	UP	at	1229274 
1233098	[3781]	:	Key	71	DOWN	at	1233098 
1335859	[102761]	:	Key	71	DOWN	at	1335859 
1335978	[119]	:	Key	71	UP	at	1335978 
1337227	[1249]	:	Key	71	DOWN	at	1337226 
1862530	[525303]	:	Key	71	DOWN	at	1862530 
1862761	[231]	:	Key	71	UP	at	1862761 
1928019	[65258]	:	Key	97	DOWN	at	1928018 
1929019	[1000]	:	Key	97	UP	at	1928114 
1934115	[5096]	:	Key	71	DOWN	at	1934115 
2513987	[579872]	:	Key	97	DOWN	at	2513986 
2514986	[999]	:	Key	97	UP	at	2514105 
2520002	[5016]	:	Key	71	DOWN	at	2520001 
3084352	[564350]	:	Key	97	DOWN	at	3084352 
3085352	[1000]	:	Key	97	UP	at	3084537 
3090417	[5065]	:	Key	71	DOWN	at	3090416 
3688064	[597647]	:	Key	97	DOWN	at	3688064 
3689064	[1000]	:	Key	97	UP	at	3688201 
3692985	[3921]	:	Key	71	DOWN	at	3692985 
4807105	[1114120]	:	Key	71	DOWN	at	4807104 
4807144	[39]	:	COGENT STOP
