Cog2000 log file Tue Jan 19 11:06:23 2021
gprim v1.33 Compiled:Aug 12 2015 (GLib DirectDraw v7 DX10.0 Compiled:Aug 12 2015)
Display:1024x768x32 60.02Hz
Attaching E:\Sahar Rajabi\Final MBMF+Drug Task\Cogent2000v1.33\Toolbox\CogInput.mexw64
CogInput v1.05 Compiled: May 20 2010
3	[3]	:	COGENT START
17348	[17345]	:	Key	97	DOWN	at	17348   
17460	[112]	:	Key	97	UP	at	17460   
25828	[8368]	:	Key	97	DOWN	at	25828   
26012	[184]	:	Key	97	UP	at	26012   
27813	[1801]	:	Key	97	DOWN	at	27813   
28813	[1000]	:	Key	97	UP	at	27973   
36108	[7295]	:	Key	71	DOWN	at	36108   
36300	[192]	:	Key	71	UP	at	36300   
37548	[1248]	:	Key	71	DOWN	at	37548   
40958	[3410]	:	Key	71	UP	at	37732   
44741	[3783]	:	Key	71	DOWN	at	44741   
48054	[3313]	:	Key	71	UP	at	44941   
50340	[2286]	:	Key	71	DOWN	at	50340   
53639	[3299]	:	Key	71	UP	at	50548   
54900	[1261]	:	Key	71	DOWN	at	54900   
58197	[3297]	:	Key	71	UP	at	55156   
59236	[1039]	:	Key	71	DOWN	at	59236   
62524	[3288]	:	Key	71	UP	at	59444   
63525	[1001]	:	Key	71	DOWN	at	63525   
66820	[3295]	:	Key	71	UP	at	63725   
67740	[920]	:	Key	71	DOWN	at	67740   
71039	[3299]	:	Key	71	UP	at	67964   
71764	[725]	:	Key	71	DOWN	at	71764   
75054	[3290]	:	Key	71	UP	at	71996   
75444	[390]	:	Key	71	DOWN	at	75444   
78744	[3300]	:	Key	71	UP	at	75708   
79340	[596]	:	Key	71	DOWN	at	79340   
82627	[3287]	:	Key	71	UP	at	79589   
83053	[426]	:	Key	71	DOWN	at	83053   
86352	[3299]	:	Key	71	UP	at	83301   
86940	[588]	:	Key	71	DOWN	at	86940   
90231	[3291]	:	Key	71	UP	at	87204   
90948	[717]	:	Key	71	DOWN	at	90948   
94248	[3300]	:	Key	71	UP	at	91188   
99893	[5645]	:	Key	71	DOWN	at	99893   
103193	[3300]	:	Key	71	UP	at	100101  
104460	[1267]	:	Key	71	DOWN	at	104460  
107758	[3298]	:	Key	71	UP	at	104716  
108708	[950]	:	Key	71	DOWN	at	108708  
112007	[3299]	:	Key	71	UP	at	108940  
112009	[2]	:	Key	71	DOWN	at	111924  
112010	[1]	:	Key	71	UP	at	112004  
112844	[834]	:	Key	71	DOWN	at	112844  
116132	[3288]	:	Key	71	UP	at	113020  
117085	[953]	:	Key	71	DOWN	at	117085  
120385	[3300]	:	Key	71	UP	at	117301  
120884	[499]	:	Key	71	DOWN	at	120884  
124183	[3299]	:	Key	71	UP	at	121132  
125380	[1197]	:	Key	71	DOWN	at	125380  
128680	[3300]	:	Key	71	UP	at	125628  
130060	[1380]	:	Key	71	DOWN	at	130060  
133359	[3299]	:	Key	71	UP	at	130356  
134269	[910]	:	Key	71	DOWN	at	134269  
137557	[3288]	:	Key	71	UP	at	134517  
140716	[3159]	:	Key	71	DOWN	at	140716  
144016	[3300]	:	Key	71	UP	at	140956  
144018	[2]	:	Key	71	DOWN	at	141012  
144019	[1]	:	Key	71	UP	at	141028  
144652	[633]	:	Key	71	DOWN	at	144652  
147948	[3296]	:	Key	71	UP	at	144892  
148380	[432]	:	Key	71	DOWN	at	148380  
151676	[3296]	:	Key	71	UP	at	148612  
152205	[529]	:	Key	71	DOWN	at	152205  
155491	[3286]	:	Key	71	UP	at	152445  
156132	[641]	:	Key	71	DOWN	at	156132  
159431	[3299]	:	Key	71	UP	at	156420  
159844	[413]	:	Key	71	DOWN	at	159844  
163143	[3299]	:	Key	71	UP	at	160124  
163620	[477]	:	Key	71	DOWN	at	163620  
166919	[3299]	:	Key	71	UP	at	163964  
167309	[390]	:	Key	71	DOWN	at	167309  
170598	[3289]	:	Key	71	UP	at	167549  
171813	[1215]	:	Key	71	DOWN	at	171813  
175113	[3300]	:	Key	71	UP	at	172069  
175916	[803]	:	Key	71	DOWN	at	175916  
179204	[3288]	:	Key	71	UP	at	176164  
179844	[640]	:	Key	71	DOWN	at	179844  
183145	[3301]	:	Key	71	UP	at	180116  
184821	[1676]	:	Key	71	DOWN	at	184821  
188120	[3299]	:	Key	71	UP	at	185141  
188573	[453]	:	Key	71	DOWN	at	188573  
191872	[3299]	:	Key	71	UP	at	188837  
192996	[1124]	:	Key	71	DOWN	at	192996  
196295	[3299]	:	Key	71	UP	at	193260  
197740	[1445]	:	Key	71	DOWN	at	197740  
201041	[3301]	:	Key	71	UP	at	198076  
201460	[419]	:	Key	71	DOWN	at	201460  
204761	[3301]	:	Key	71	UP	at	201740  
205285	[524]	:	Key	71	DOWN	at	205285  
208585	[3300]	:	Key	71	UP	at	205589  
208587	[2]	:	Key	71	DOWN	at	207693  
208588	[1]	:	Key	71	UP	at	207852  
209748	[1160]	:	Key	71	DOWN	at	209748  
213048	[3300]	:	Key	71	UP	at	210028  
213884	[836]	:	Key	71	DOWN	at	213884  
217182	[3298]	:	Key	71	UP	at	214092  
217796	[614]	:	Key	71	DOWN	at	217796  
221092	[3296]	:	Key	71	UP	at	218028  
221637	[545]	:	Key	71	DOWN	at	221637  
224925	[3288]	:	Key	71	UP	at	221917  
226484	[1559]	:	Key	71	DOWN	at	226484  
229783	[3299]	:	Key	71	UP	at	226805  
230460	[677]	:	Key	71	DOWN	at	230460  
233752	[3292]	:	Key	71	UP	at	230692  
234220	[468]	:	Key	71	DOWN	at	234220  
237512	[3292]	:	Key	71	UP	at	234524  
238141	[629]	:	Key	71	DOWN	at	238141  
241419	[3278]	:	Key	71	UP	at	238373  
242173	[754]	:	Key	71	DOWN	at	242173  
246114	[3941]	:	Key	71	UP	at	242372  
256461	[10347]	:	Key	71	DOWN	at	256461  
257505	[1044]	:	Key	71	UP	at	256620  
264628	[7123]	:	Key	97	DOWN	at	264628  
265721	[1093]	:	Key	97	UP	at	264836  
267788	[2067]	:	Key	97	DOWN	at	267788  
268881	[1093]	:	Key	97	UP	at	267940  
271076	[2195]	:	Key	97	DOWN	at	271076  
272175	[1099]	:	Key	97	UP	at	271212  
273837	[1662]	:	Key	98	DOWN	at	273837  
274959	[1122]	:	Key	98	UP	at	273973  
277165	[2206]	:	Key	97	DOWN	at	277165  
278285	[1120]	:	Key	97	UP	at	277309  
279268	[983]	:	Key	97	DOWN	at	279268  
280388	[1120]	:	Key	97	UP	at	279412  
280948	[560]	:	Key	97	DOWN	at	280948  
282078	[1130]	:	Key	97	UP	at	281092  
283212	[1134]	:	Key	98	DOWN	at	283212  
284924	[1712]	:	Key	98	UP	at	283356  
289581	[4657]	:	Key	71	DOWN	at	289581  
290624	[1043]	:	Key	71	UP	at	289805  
292989	[2365]	:	Key	98	DOWN	at	292989  
294125	[1136]	:	Key	98	UP	at	293149  
295556	[1431]	:	Key	97	DOWN	at	295556  
296676	[1120]	:	Key	97	UP	at	295709  
297916	[1240]	:	Key	98	DOWN	at	297916  
299047	[1131]	:	Key	98	UP	at	298069  
300564	[1517]	:	Key	97	DOWN	at	300564  
301691	[1127]	:	Key	97	UP	at	300724  
303076	[1385]	:	Key	98	DOWN	at	303076  
304190	[1114]	:	Key	98	UP	at	303212  
305116	[926]	:	Key	98	DOWN	at	305116  
306243	[1127]	:	Key	98	UP	at	305244  
308005	[1762]	:	Key	97	DOWN	at	308005  
309128	[1123]	:	Key	97	UP	at	308173  
310197	[1069]	:	Key	97	DOWN	at	310197  
311352	[1155]	:	Key	97	UP	at	310325  
314213	[2861]	:	Key	71	DOWN	at	314213  
314536	[323]	:	Key	71	UP	at	314516  
317572	[3036]	:	Key	71	DOWN	at	317572  
317748	[176]	:	Key	71	UP	at	317748  
319140	[1392]	:	Key	71	DOWN	at	319140  
322442	[3302]	:	Key	71	UP	at	319388  
325877	[3435]	:	Key	71	DOWN	at	325877  
329175	[3298]	:	Key	71	UP	at	326069  
330101	[926]	:	Key	71	DOWN	at	330101  
333400	[3299]	:	Key	71	UP	at	330317  
334332	[932]	:	Key	71	DOWN	at	334332  
337632	[3300]	:	Key	71	UP	at	334700  
338100	[468]	:	Key	71	DOWN	at	338100  
341401	[3301]	:	Key	71	UP	at	338356  
342325	[924]	:	Key	71	DOWN	at	342325  
345613	[3288]	:	Key	71	UP	at	342533  
346165	[552]	:	Key	71	DOWN	at	346165  
349463	[3298]	:	Key	71	UP	at	346365  
349844	[381]	:	Key	71	DOWN	at	349844  
353132	[3288]	:	Key	71	UP	at	350061  
353764	[632]	:	Key	71	DOWN	at	353764  
357053	[3289]	:	Key	71	UP	at	354012  
357055	[2]	:	Key	71	DOWN	at	356132  
357056	[1]	:	Key	71	UP	at	356652  
357324	[268]	:	Key	71	DOWN	at	357324  
360618	[3294]	:	Key	71	UP	at	357524  
361325	[707]	:	Key	71	DOWN	at	361325  
364613	[3288]	:	Key	71	UP	at	361517  
365061	[448]	:	Key	71	DOWN	at	365061  
368361	[3300]	:	Key	71	UP	at	365261  
368756	[395]	:	Key	71	DOWN	at	368756  
372047	[3291]	:	Key	71	UP	at	368948  
372540	[493]	:	Key	71	DOWN	at	372540  
375832	[3292]	:	Key	71	UP	at	372724  
376436	[604]	:	Key	71	DOWN	at	376436  
379724	[3288]	:	Key	71	UP	at	376612  
380301	[577]	:	Key	71	DOWN	at	380301  
384191	[3890]	:	Key	71	UP	at	380493  
387196	[3005]	:	Key	71	DOWN	at	387196  
388246	[1050]	:	Key	71	UP	at	387396  
389036	[790]	:	Key	97	DOWN	at	389036  
390159	[1123]	:	Key	97	UP	at	389172  
390860	[701]	:	Key	98	DOWN	at	390860  
391988	[1128]	:	Key	98	UP	at	390996  
393308	[1320]	:	Key	97	DOWN	at	393308  
394450	[1142]	:	Key	97	UP	at	393436  
395429	[979]	:	Key	97	DOWN	at	395429  
396548	[1119]	:	Key	97	UP	at	395581  
398453	[1905]	:	Key	97	DOWN	at	398453  
399586	[1133]	:	Key	97	UP	at	398581  
400485	[899]	:	Key	97	DOWN	at	400485  
401616	[1131]	:	Key	97	UP	at	400621  
403429	[1813]	:	Key	97	DOWN	at	403429  
404553	[1124]	:	Key	97	UP	at	403589  
405300	[747]	:	Key	98	DOWN	at	405300  
406995	[1695]	:	Key	98	UP	at	405444  
407980	[985]	:	Key	71	DOWN	at	407980  
409027	[1047]	:	Key	71	UP	at	408188  
410180	[1153]	:	Key	98	DOWN	at	410180  
411290	[1110]	:	Key	98	UP	at	410308  
412661	[1371]	:	Key	97	DOWN	at	412661  
413771	[1110]	:	Key	97	UP	at	412805  
415485	[1714]	:	Key	97	DOWN	at	415485  
416618	[1133]	:	Key	97	UP	at	415645  
417637	[1019]	:	Key	98	DOWN	at	417637  
418757	[1120]	:	Key	98	UP	at	417797  
419837	[1080]	:	Key	97	DOWN	at	419837  
420970	[1133]	:	Key	97	UP	at	419981  
422588	[1618]	:	Key	98	DOWN	at	422588  
423716	[1128]	:	Key	98	UP	at	422732  
426092	[2376]	:	Key	97	DOWN	at	426092  
427217	[1125]	:	Key	97	UP	at	426276  
429629	[2412]	:	Key	97	DOWN	at	429629  
430811	[1182]	:	Key	97	UP	at	429789  
431653	[842]	:	Key	71	DOWN	at	431653  
431944	[291]	:	Key	71	UP	at	431853  
432301	[357]	:	Key	71	DOWN	at	432301  
432453	[152]	:	Key	71	UP	at	432453  
432973	[520]	:	Key	71	DOWN	at	432973  
436274	[3301]	:	Key	71	UP	at	433141  
436276	[2]	:	Key	71	DOWN	at	433293  
436277	[1]	:	Key	71	UP	at	433469  
436278	[1]	:	Key	71	DOWN	at	433597  
436279	[1]	:	Key	71	UP	at	434157  
437189	[910]	:	Key	71	DOWN	at	437189  
440473	[3284]	:	Key	71	UP	at	437341  
442092	[1619]	:	Key	71	DOWN	at	442092  
445392	[3300]	:	Key	71	UP	at	442308  
446068	[676]	:	Key	71	DOWN	at	446068  
449356	[3288]	:	Key	71	UP	at	446236  
449925	[569]	:	Key	71	DOWN	at	449925  
453214	[3289]	:	Key	71	UP	at	450133  
453757	[543]	:	Key	71	DOWN	at	453757  
457046	[3289]	:	Key	71	UP	at	453989  
457572	[526]	:	Key	71	DOWN	at	457572  
460864	[3292]	:	Key	71	UP	at	457796  
461308	[444]	:	Key	71	DOWN	at	461308  
465206	[3898]	:	Key	71	UP	at	461556  
465206	[0]	:	Key	71	DOWN	at	464853  
465301	[95]	:	Key	71	UP	at	465301  
466069	[768]	:	Key	71	DOWN	at	466069  
467111	[1042]	:	Key	71	UP	at	466309  
468773	[1662]	:	Key	97	DOWN	at	468773  
469894	[1121]	:	Key	97	UP	at	468909  
470813	[919]	:	Key	98	DOWN	at	470813  
471939	[1126]	:	Key	98	UP	at	470941  
473757	[1818]	:	Key	97	DOWN	at	473757  
474887	[1130]	:	Key	97	UP	at	473908  
476180	[1293]	:	Key	97	DOWN	at	476180  
477305	[1125]	:	Key	97	UP	at	476316  
478484	[1179]	:	Key	97	DOWN	at	478484  
479583	[1099]	:	Key	97	UP	at	478620  
480716	[1133]	:	Key	97	DOWN	at	480716  
481833	[1117]	:	Key	97	UP	at	480868  
483757	[1924]	:	Key	97	DOWN	at	483757  
484883	[1126]	:	Key	97	UP	at	483893  
486373	[1490]	:	Key	98	DOWN	at	486373  
488036	[1663]	:	Key	98	UP	at	486533  
488549	[513]	:	Key	71	DOWN	at	488549  
489596	[1047]	:	Key	71	UP	at	488741  
491037	[1441]	:	Key	98	DOWN	at	491037  
492160	[1123]	:	Key	98	UP	at	491181  
493412	[1252]	:	Key	98	DOWN	at	493412  
494503	[1091]	:	Key	98	UP	at	493548  
496204	[1701]	:	Key	97	DOWN	at	496204  
497322	[1118]	:	Key	97	UP	at	496348  
499285	[1963]	:	Key	98	DOWN	at	499285  
500405	[1120]	:	Key	98	UP	at	499461  
502701	[2296]	:	Key	97	DOWN	at	502701  
503824	[1123]	:	Key	97	UP	at	502893  
504861	[1037]	:	Key	97	DOWN	at	504861  
505984	[1123]	:	Key	97	UP	at	505037  
507117	[1133]	:	Key	98	DOWN	at	507117  
508233	[1116]	:	Key	98	UP	at	507253  
509628	[1395]	:	Key	97	DOWN	at	509628  
510816	[1188]	:	Key	97	UP	at	509692  
511628	[812]	:	Key	71	DOWN	at	511628  
511950	[322]	:	Key	71	UP	at	511916  
512500	[550]	:	Key	71	DOWN	at	512500  
512748	[248]	:	Key	71	UP	at	512748  
516155	[3407]	:	Key	71	DOWN	at	516155  
519453	[3298]	:	Key	71	UP	at	516484  
520245	[792]	:	Key	71	DOWN	at	520245  
523544	[3299]	:	Key	71	UP	at	520469  
524765	[1221]	:	Key	71	DOWN	at	524765  
528063	[3298]	:	Key	71	UP	at	525029  
529140	[1077]	:	Key	71	DOWN	at	529140  
532439	[3299]	:	Key	71	UP	at	529380  
534533	[2094]	:	Key	71	DOWN	at	534533  
537827	[3294]	:	Key	71	UP	at	534749  
538405	[578]	:	Key	71	DOWN	at	538405  
541701	[3296]	:	Key	71	UP	at	538653  
542421	[720]	:	Key	71	DOWN	at	542421  
545708	[3287]	:	Key	71	UP	at	542693  
546332	[624]	:	Key	71	DOWN	at	546332  
550228	[3896]	:	Key	71	UP	at	546548  
550748	[520]	:	Key	71	DOWN	at	550748  
551796	[1048]	:	Key	71	UP	at	550988  
552741	[945]	:	Key	97	DOWN	at	552741  
553871	[1130]	:	Key	97	UP	at	552885  
554861	[990]	:	Key	97	DOWN	at	554861  
555973	[1112]	:	Key	97	UP	at	555013  
556997	[1024]	:	Key	97	DOWN	at	556997  
558129	[1132]	:	Key	97	UP	at	557141  
559053	[924]	:	Key	97	DOWN	at	559053  
560172	[1119]	:	Key	97	UP	at	559205  
561149	[977]	:	Key	97	DOWN	at	561149  
562268	[1119]	:	Key	97	UP	at	561317  
564012	[1744]	:	Key	97	DOWN	at	564012  
565151	[1139]	:	Key	97	UP	at	564172  
567684	[2533]	:	Key	98	DOWN	at	567684  
568808	[1124]	:	Key	98	UP	at	567884  
571109	[2301]	:	Key	97	DOWN	at	571109  
572801	[1692]	:	Key	97	UP	at	571253  
573581	[780]	:	Key	71	DOWN	at	573581  
574627	[1046]	:	Key	71	UP	at	573805  
576173	[1546]	:	Key	97	DOWN	at	576173  
577294	[1121]	:	Key	97	UP	at	576357  
578501	[1207]	:	Key	98	DOWN	at	578501  
579640	[1139]	:	Key	98	UP	at	578621  
582028	[2388]	:	Key	97	DOWN	at	582028  
583150	[1122]	:	Key	97	UP	at	582188  
584260	[1110]	:	Key	98	DOWN	at	584260  
585370	[1110]	:	Key	98	UP	at	584428  
587421	[2051]	:	Key	97	DOWN	at	587421  
588544	[1123]	:	Key	97	UP	at	587597  
589797	[1253]	:	Key	98	DOWN	at	589797  
590906	[1109]	:	Key	98	UP	at	589933  
592733	[1827]	:	Key	97	DOWN	at	592733  
593841	[1108]	:	Key	97	UP	at	592909  
595501	[1660]	:	Key	97	DOWN	at	595501  
596690	[1189]	:	Key	97	UP	at	595677  
598557	[1867]	:	Key	71	DOWN	at	598557  
598892	[335]	:	Key	71	UP	at	598892  
599364	[472]	:	Key	71	DOWN	at	599364  
599764	[400]	:	Key	71	UP	at	599764  
602364	[2600]	:	Key	71	DOWN	at	602364  
605665	[3301]	:	Key	71	UP	at	602708  
607029	[1364]	:	Key	71	DOWN	at	607029  
610328	[3299]	:	Key	71	UP	at	607261  
610909	[581]	:	Key	71	DOWN	at	610909  
614204	[3295]	:	Key	71	UP	at	611205  
614789	[585]	:	Key	71	DOWN	at	614789  
618077	[3288]	:	Key	71	UP	at	615124  
619092	[1015]	:	Key	71	DOWN	at	619092  
622390	[3298]	:	Key	71	UP	at	619340  
623069	[679]	:	Key	71	DOWN	at	623069  
626360	[3291]	:	Key	71	UP	at	623317  
626877	[517]	:	Key	71	DOWN	at	626877  
630165	[3288]	:	Key	71	UP	at	627085  
630557	[392]	:	Key	71	DOWN	at	630557  
634439	[3882]	:	Key	71	UP	at	630757  
636204	[1765]	:	Key	71	DOWN	at	636204  
637244	[1040]	:	Key	71	UP	at	636452  
639029	[1785]	:	Key	97	DOWN	at	639029  
640143	[1114]	:	Key	97	UP	at	639197  
641637	[1494]	:	Key	98	DOWN	at	641637  
642756	[1119]	:	Key	98	UP	at	641773  
643813	[1057]	:	Key	97	DOWN	at	643813  
644918	[1105]	:	Key	97	UP	at	643981  
646437	[1519]	:	Key	97	DOWN	at	646437  
647557	[1120]	:	Key	97	UP	at	646621  
648309	[752]	:	Key	97	DOWN	at	648309  
649408	[1099]	:	Key	97	UP	at	648485  
650325	[917]	:	Key	97	DOWN	at	650325  
651429	[1104]	:	Key	97	UP	at	650493  
652508	[1079]	:	Key	97	DOWN	at	652508  
653619	[1111]	:	Key	97	UP	at	652676  
655028	[1409]	:	Key	97	DOWN	at	655028  
656703	[1675]	:	Key	97	UP	at	655180  
660453	[3750]	:	Key	71	DOWN	at	660453  
661504	[1051]	:	Key	71	UP	at	660733  
662773	[1269]	:	Key	97	DOWN	at	662773  
663869	[1096]	:	Key	97	UP	at	662957  
665109	[1240]	:	Key	97	DOWN	at	665109  
666218	[1109]	:	Key	97	UP	at	665269  
667693	[1475]	:	Key	97	DOWN	at	667693  
668811	[1118]	:	Key	97	UP	at	667869  
670228	[1417]	:	Key	97	DOWN	at	670228  
671350	[1122]	:	Key	97	UP	at	670404  
672676	[1326]	:	Key	98	DOWN	at	672676  
673780	[1104]	:	Key	98	UP	at	672820  
675005	[1225]	:	Key	98	DOWN	at	675005  
676122	[1117]	:	Key	98	UP	at	675141  
677965	[1843]	:	Key	98	DOWN	at	677965  
679091	[1126]	:	Key	98	UP	at	678173  
680469	[1378]	:	Key	97	DOWN	at	680469  
681650	[1181]	:	Key	97	UP	at	680637  
684949	[3299]	:	Key	71	DOWN	at	684949  
685257	[308]	:	Key	71	UP	at	685189  
689292	[4035]	:	Key	71	DOWN	at	689292  
689476	[184]	:	Key	71	UP	at	689476  
719829	[30353]	:	Key	97	DOWN	at	719829  
720061	[232]	:	Key	97	UP	at	720061  
730613	[10552]	:	Key	97	DOWN	at	730613  
730781	[168]	:	Key	97	UP	at	730781  
732901	[2120]	:	Key	97	DOWN	at	732901  
733093	[192]	:	Key	97	UP	at	733093  
734141	[1048]	:	Key	98	DOWN	at	734141  
734301	[160]	:	Key	98	UP	at	734301  
743084	[8783]	:	Key	97	DOWN	at	743084  
743292	[208]	:	Key	97	UP	at	743292  
752901	[9609]	:	Key	97	DOWN	at	752901  
753045	[144]	:	Key	97	UP	at	753045  
765869	[12824]	:	Key	97	DOWN	at	765869  
766189	[320]	:	Key	97	UP	at	766189  
781909	[15720]	:	Key	97	DOWN	at	781909  
782285	[376]	:	Key	97	UP	at	782285  
787341	[5056]	:	Key	97	DOWN	at	787341  
787605	[264]	:	Key	97	UP	at	787605  
794484	[6879]	:	Key	97	DOWN	at	794484  
794796	[312]	:	Key	97	UP	at	794796  
802165	[7369]	:	Key	97	DOWN	at	802165  
802389	[224]	:	Key	97	UP	at	802389  
812484	[10095]	:	Key	97	DOWN	at	812484  
812772	[288]	:	Key	97	UP	at	812772  
813612	[840]	:	Key	98	DOWN	at	813612  
814013	[401]	:	Key	98	UP	at	814013  
814301	[288]	:	Key	97	DOWN	at	814301  
814581	[280]	:	Key	97	UP	at	814581  
821005	[6424]	:	Key	97	DOWN	at	821005  
821333	[328]	:	Key	97	UP	at	821333  
830020	[8687]	:	Key	97	DOWN	at	830020  
830276	[256]	:	Key	97	UP	at	830276  
845501	[15225]	:	Key	97	DOWN	at	845501  
845765	[264]	:	Key	97	UP	at	845765  
854509	[8744]	:	Key	97	DOWN	at	854509  
854701	[192]	:	Key	97	UP	at	854701  
861853	[7152]	:	Key	97	DOWN	at	861853  
862069	[216]	:	Key	97	UP	at	862069  
876453	[14384]	:	Key	97	DOWN	at	876453  
876653	[200]	:	Key	97	UP	at	876653  
880293	[3640]	:	Key	97	DOWN	at	880293  
880485	[192]	:	Key	97	UP	at	880485  
890077	[9592]	:	Key	97	DOWN	at	890077  
890269	[192]	:	Key	97	UP	at	890269  
899333	[9064]	:	Key	97	DOWN	at	899333  
899580	[247]	:	Key	97	UP	at	899580  
902453	[2873]	:	Key	97	DOWN	at	902453  
903453	[1000]	:	Key	97	UP	at	902709  
903455	[2]	:	Key	97	DOWN	at	903381  
903701	[246]	:	Key	97	UP	at	903701  
908013	[4312]	:	Key	71	DOWN	at	908013  
908315	[302]	:	Key	71	UP	at	908237  
911085	[2770]	:	Key	71	DOWN	at	911085  
983189	[72104]	:	Key	71	DOWN	at	983189  
983533	[344]	:	Key	71	UP	at	983533  
983973	[440]	:	Key	71	DOWN	at	983973  
1453956	[469983]	:	Key	71	DOWN	at	1453956 
1454156	[200]	:	Key	71	UP	at	1454156 
1456412	[2256]	:	Key	71	DOWN	at	1456412 
1456684	[272]	:	Key	71	UP	at	1456684 
1456900	[216]	:	Key	71	DOWN	at	1456900 
1457116	[216]	:	Key	71	UP	at	1457116 
1457684	[568]	:	Key	97	DOWN	at	1457684 
1457940	[256]	:	Key	97	UP	at	1457940 
1508564	[50624]	:	Key	97	DOWN	at	1508564 
1509564	[1000]	:	Key	97	UP	at	1508724 
1511828	[2264]	:	Key	71	DOWN	at	1511828 
2032213	[520385]	:	Key	71	DOWN	at	2032213 
2032421	[208]	:	Key	71	UP	at	2032421 
2034029	[1608]	:	Key	97	DOWN	at	2034029 
2034309	[280]	:	Key	97	UP	at	2034309 
2062637	[28328]	:	Key	97	DOWN	at	2062637 
2063637	[1000]	:	Key	97	UP	at	2062885 
2063637	[0]	:	Key	97	DOWN	at	2063101 
2063637	[0]	:	Key	97	UP	at	2063309 
2066077	[2440]	:	Key	71	DOWN	at	2066077 
2628220	[562143]	:	Key	97	DOWN	at	2628220 
2629220	[1000]	:	Key	97	UP	at	2628308 
2635597	[6377]	:	Key	71	DOWN	at	2635597 
3211153	[575556]	:	Key	97	DOWN	at	3211153 
3212153	[1000]	:	Key	97	UP	at	3211265 
3216313	[4160]	:	Key	71	DOWN	at	3216313 
3782801	[566488]	:	Key	71	DOWN	at	3782801 
3782884	[83]	:	COGENT STOP
