Cog2000 log file Sat Jan 23 10:05:08 2021
gprim v1.33 Compiled:Aug 12 2015 (GLib DirectDraw v7 DX10.0 Compiled:Aug 12 2015)
Display:1024x768x32 59.99Hz
Attaching E:\Sahar Rajabi\Final MBMF+Drug Task\Cogent2000v1.33\Toolbox\CogInput.mexw64
CogInput v1.05 Compiled: May 20 2010
4	[4]	:	COGENT START
4732	[4728]	:	Key	97	DOWN	at	4731    
4924	[192]	:	Key	97	UP	at	4923    
5971	[1047]	:	Key	97	DOWN	at	5971    
6139	[168]	:	Key	97	UP	at	6139    
11675	[5536]	:	Key	97	DOWN	at	11675   
12675	[1000]	:	Key	97	UP	at	11851   
18420	[5745]	:	Key	71	DOWN	at	18420   
18868	[448]	:	Key	71	UP	at	18868   
19556	[688]	:	Key	71	DOWN	at	19556   
22953	[3397]	:	Key	71	UP	at	19748   
24435	[1482]	:	Key	71	DOWN	at	24435   
27743	[3308]	:	Key	71	UP	at	24691   
28619	[876]	:	Key	71	DOWN	at	28619   
31907	[3288]	:	Key	71	UP	at	28923   
32235	[328]	:	Key	71	DOWN	at	32235   
35531	[3296]	:	Key	71	UP	at	32619   
35556	[25]	:	Key	71	DOWN	at	35556   
38857	[3301]	:	Key	71	UP	at	35804   
39723	[866]	:	Key	71	DOWN	at	39723   
43023	[3300]	:	Key	71	UP	at	39995   
43024	[1]	:	Key	71	DOWN	at	42123   
43025	[1]	:	Key	71	UP	at	42339   
43987	[962]	:	Key	71	DOWN	at	43987   
47285	[3298]	:	Key	71	UP	at	44211   
47915	[630]	:	Key	71	DOWN	at	47915   
51207	[3292]	:	Key	71	UP	at	48131   
51420	[213]	:	Key	71	DOWN	at	51420   
54719	[3299]	:	Key	71	UP	at	51780   
55156	[437]	:	Key	71	DOWN	at	55156   
58441	[3285]	:	Key	71	UP	at	55404   
58923	[482]	:	Key	71	DOWN	at	58923   
62211	[3288]	:	Key	71	UP	at	59147   
62819	[608]	:	Key	71	DOWN	at	62819   
66106	[3287]	:	Key	71	UP	at	63035   
66651	[545]	:	Key	71	DOWN	at	66651   
69934	[3283]	:	Key	71	UP	at	66875   
70468	[534]	:	Key	71	DOWN	at	70468   
73756	[3288]	:	Key	71	UP	at	70660   
74299	[543]	:	Key	71	DOWN	at	74299   
77587	[3288]	:	Key	71	UP	at	74571   
78011	[424]	:	Key	71	DOWN	at	78011   
81300	[3289]	:	Key	71	UP	at	78251   
81723	[423]	:	Key	71	DOWN	at	81723   
85014	[3291]	:	Key	71	UP	at	81939   
85307	[293]	:	Key	71	DOWN	at	85307   
88606	[3299]	:	Key	71	UP	at	85555   
89324	[718]	:	Key	71	DOWN	at	89324   
92623	[3299]	:	Key	71	UP	at	89547   
94147	[1524]	:	Key	71	DOWN	at	94147   
97437	[3290]	:	Key	71	UP	at	94355   
97995	[558]	:	Key	71	DOWN	at	97995   
101295	[3300]	:	Key	71	UP	at	98211   
102107	[812]	:	Key	71	DOWN	at	102107  
105394	[3287]	:	Key	71	UP	at	102299  
105868	[474]	:	Key	71	DOWN	at	105868  
109157	[3289]	:	Key	71	UP	at	106060  
109619	[462]	:	Key	71	DOWN	at	109619  
112907	[3288]	:	Key	71	UP	at	109828  
113443	[536]	:	Key	71	DOWN	at	113443  
116731	[3288]	:	Key	71	UP	at	113627  
117243	[512]	:	Key	71	DOWN	at	117243  
120530	[3287]	:	Key	71	UP	at	117459  
121260	[730]	:	Key	71	DOWN	at	121260  
124560	[3300]	:	Key	71	UP	at	121452  
125108	[548]	:	Key	71	DOWN	at	125108  
128405	[3297]	:	Key	71	UP	at	125308  
128979	[574]	:	Key	71	DOWN	at	128979  
132265	[3286]	:	Key	71	UP	at	129187  
132747	[482]	:	Key	71	DOWN	at	132747  
136035	[3288]	:	Key	71	UP	at	132939  
136037	[2]	:	Key	71	DOWN	at	135539  
136038	[1]	:	Key	71	UP	at	135899  
137163	[1125]	:	Key	71	DOWN	at	137163  
140463	[3300]	:	Key	71	UP	at	137331  
140948	[485]	:	Key	71	DOWN	at	140948  
144247	[3299]	:	Key	71	UP	at	141140  
145163	[916]	:	Key	71	DOWN	at	145163  
148455	[3292]	:	Key	71	UP	at	145332  
149155	[700]	:	Key	71	DOWN	at	149155  
152454	[3299]	:	Key	71	UP	at	149371  
153099	[645]	:	Key	71	DOWN	at	153099  
156387	[3288]	:	Key	71	UP	at	153251  
157644	[1257]	:	Key	71	DOWN	at	157644  
160943	[3299]	:	Key	71	UP	at	157924  
162395	[1452]	:	Key	71	DOWN	at	162395  
165694	[3299]	:	Key	71	UP	at	162572  
166507	[813]	:	Key	71	DOWN	at	166507  
169795	[3288]	:	Key	71	UP	at	166691  
170371	[576]	:	Key	71	DOWN	at	170371  
173657	[3286]	:	Key	71	UP	at	170571  
174436	[779]	:	Key	71	DOWN	at	174436  
177724	[3288]	:	Key	71	UP	at	174644  
178476	[752]	:	Key	71	DOWN	at	178476  
181775	[3299]	:	Key	71	UP	at	178675  
182131	[356]	:	Key	71	DOWN	at	182131  
185430	[3299]	:	Key	71	UP	at	182331  
186331	[901]	:	Key	71	DOWN	at	186331  
189631	[3300]	:	Key	71	UP	at	186531  
190075	[444]	:	Key	71	DOWN	at	190075  
193372	[3297]	:	Key	71	UP	at	190243  
194892	[1520]	:	Key	71	DOWN	at	194892  
198192	[3300]	:	Key	71	UP	at	195068  
198587	[395]	:	Key	71	DOWN	at	198587  
201886	[3299]	:	Key	71	UP	at	198796  
202419	[533]	:	Key	71	DOWN	at	202419  
205707	[3288]	:	Key	71	UP	at	202587  
206531	[824]	:	Key	71	DOWN	at	206531  
210511	[3980]	:	Key	71	UP	at	206771  
217363	[6852]	:	Key	71	DOWN	at	217363  
218417	[1054]	:	Key	71	UP	at	217555  
219819	[1402]	:	Key	97	DOWN	at	219819  
220920	[1101]	:	Key	97	UP	at	219971  
222595	[1675]	:	Key	97	DOWN	at	222595  
223702	[1107]	:	Key	97	UP	at	222739  
224731	[1029]	:	Key	97	DOWN	at	224731  
225858	[1127]	:	Key	97	UP	at	224867  
226932	[1074]	:	Key	98	DOWN	at	226932  
228045	[1113]	:	Key	98	UP	at	227084  
229444	[1399]	:	Key	98	DOWN	at	229444  
230571	[1127]	:	Key	98	UP	at	229596  
231500	[929]	:	Key	97	DOWN	at	231500  
232613	[1113]	:	Key	97	UP	at	231635  
234299	[1686]	:	Key	97	DOWN	at	234299  
235401	[1102]	:	Key	97	UP	at	234451  
236395	[994]	:	Key	98	DOWN	at	236395  
238093	[1698]	:	Key	98	UP	at	236579  
239651	[1558]	:	Key	71	DOWN	at	239651  
240695	[1044]	:	Key	71	UP	at	239867  
241811	[1116]	:	Key	98	DOWN	at	241811  
242930	[1119]	:	Key	98	UP	at	241939  
243900	[970]	:	Key	97	DOWN	at	243900  
245004	[1104]	:	Key	97	UP	at	244036  
246524	[1520]	:	Key	97	DOWN	at	246524  
247661	[1137]	:	Key	97	UP	at	246596  
248860	[1199]	:	Key	97	DOWN	at	248860  
249976	[1116]	:	Key	97	UP	at	248996  
251443	[1467]	:	Key	98	DOWN	at	251443  
252560	[1117]	:	Key	98	UP	at	251572  
254643	[2083]	:	Key	97	DOWN	at	254643  
255771	[1128]	:	Key	97	UP	at	254787  
257499	[1728]	:	Key	97	DOWN	at	257499  
258625	[1126]	:	Key	97	UP	at	257627  
260202	[1577]	:	Key	97	DOWN	at	260202  
261392	[1190]	:	Key	97	UP	at	260346  
262796	[1404]	:	Key	71	DOWN	at	262796  
263140	[344]	:	Key	71	UP	at	263140  
263572	[432]	:	Key	71	DOWN	at	263572  
263852	[280]	:	Key	71	UP	at	263852  
268475	[4623]	:	Key	71	DOWN	at	268475  
271778	[3303]	:	Key	71	UP	at	268668  
272481	[703]	:	Key	71	DOWN	at	272481  
275770	[3289]	:	Key	71	UP	at	272737  
276369	[599]	:	Key	71	DOWN	at	276369  
279664	[3295]	:	Key	71	UP	at	276657  
280242	[578]	:	Key	71	DOWN	at	280242  
283524	[3282]	:	Key	71	UP	at	280442  
283994	[470]	:	Key	71	DOWN	at	283994  
287282	[3288]	:	Key	71	UP	at	284242  
288337	[1055]	:	Key	71	DOWN	at	288337  
291636	[3299]	:	Key	71	UP	at	288569  
292177	[541]	:	Key	71	DOWN	at	292177  
295476	[3299]	:	Key	71	UP	at	292417  
296034	[558]	:	Key	71	DOWN	at	296034  
299333	[3299]	:	Key	71	UP	at	296306  
300010	[677]	:	Key	71	DOWN	at	300010  
303309	[3299]	:	Key	71	UP	at	300250  
303905	[596]	:	Key	71	DOWN	at	303905  
307198	[3293]	:	Key	71	UP	at	304114  
307841	[643]	:	Key	71	DOWN	at	307841  
311131	[3290]	:	Key	71	UP	at	308073  
312065	[934]	:	Key	71	DOWN	at	312065  
315364	[3299]	:	Key	71	UP	at	312393  
316074	[710]	:	Key	71	DOWN	at	316074  
319356	[3282]	:	Key	71	UP	at	316306  
319874	[518]	:	Key	71	DOWN	at	319874  
323162	[3288]	:	Key	71	UP	at	320090  
323809	[647]	:	Key	71	DOWN	at	323809  
327105	[3296]	:	Key	71	UP	at	324001  
327569	[464]	:	Key	71	DOWN	at	327569  
331468	[3899]	:	Key	71	UP	at	327793  
334714	[3246]	:	Key	71	DOWN	at	334714  
335754	[1040]	:	Key	71	UP	at	334914  
336953	[1199]	:	Key	97	DOWN	at	336953  
338061	[1108]	:	Key	97	UP	at	337122  
338825	[764]	:	Key	98	DOWN	at	338825  
339929	[1104]	:	Key	98	UP	at	338954  
341009	[1080]	:	Key	97	DOWN	at	341009  
342120	[1111]	:	Key	97	UP	at	341137  
342849	[729]	:	Key	97	DOWN	at	342849  
343962	[1113]	:	Key	97	UP	at	342977  
345153	[1191]	:	Key	97	DOWN	at	345153  
346274	[1121]	:	Key	97	UP	at	345297  
347425	[1151]	:	Key	97	DOWN	at	347425  
348552	[1127]	:	Key	97	UP	at	347545  
350186	[1634]	:	Key	97	DOWN	at	350186  
351295	[1109]	:	Key	97	UP	at	350314  
352314	[1019]	:	Key	98	DOWN	at	352314  
353996	[1682]	:	Key	98	UP	at	352450  
357289	[3293]	:	Key	71	DOWN	at	357289  
358337	[1048]	:	Key	71	UP	at	357458  
359305	[968]	:	Key	98	DOWN	at	359305  
360424	[1119]	:	Key	98	UP	at	359433  
361409	[985]	:	Key	97	DOWN	at	361409  
362539	[1130]	:	Key	97	UP	at	361529  
363681	[1142]	:	Key	97	DOWN	at	363681  
364815	[1134]	:	Key	97	UP	at	363841  
366066	[1251]	:	Key	98	DOWN	at	366066  
367188	[1122]	:	Key	98	UP	at	366194  
368242	[1054]	:	Key	97	DOWN	at	368242  
369361	[1119]	:	Key	97	UP	at	368370  
370186	[825]	:	Key	97	DOWN	at	370186  
371312	[1126]	:	Key	97	UP	at	370314  
372402	[1090]	:	Key	98	DOWN	at	372402  
373517	[1115]	:	Key	98	UP	at	372538  
375569	[2052]	:	Key	98	DOWN	at	375569  
376764	[1195]	:	Key	98	UP	at	375746  
385306	[8542]	:	Key	71	DOWN	at	385306  
385615	[309]	:	Key	71	UP	at	385498  
386218	[603]	:	Key	71	DOWN	at	386218  
386386	[168]	:	Key	71	UP	at	386386  
387274	[888]	:	Key	71	DOWN	at	387274  
390565	[3291]	:	Key	71	UP	at	387450  
391386	[821]	:	Key	71	DOWN	at	391386  
394686	[3300]	:	Key	71	UP	at	391586  
395353	[667]	:	Key	71	DOWN	at	395353  
398641	[3288]	:	Key	71	UP	at	395545  
399129	[488]	:	Key	71	DOWN	at	399129  
402428	[3299]	:	Key	71	UP	at	399289  
403562	[1134]	:	Key	71	DOWN	at	403562  
406861	[3299]	:	Key	71	UP	at	403738  
407826	[965]	:	Key	71	DOWN	at	407826  
411114	[3288]	:	Key	71	UP	at	408010  
411937	[823]	:	Key	71	DOWN	at	411937  
415226	[3289]	:	Key	71	UP	at	412153  
415705	[479]	:	Key	71	DOWN	at	415705  
419622	[3917]	:	Key	71	UP	at	415897  
422570	[2948]	:	Key	71	DOWN	at	422570  
423616	[1046]	:	Key	71	UP	at	422826  
424858	[1242]	:	Key	98	DOWN	at	424858  
425985	[1127]	:	Key	98	UP	at	425026  
426906	[921]	:	Key	97	DOWN	at	426906  
428027	[1121]	:	Key	97	UP	at	427049  
429217	[1190]	:	Key	97	DOWN	at	429217  
430335	[1118]	:	Key	97	UP	at	429386  
431089	[754]	:	Key	97	DOWN	at	431089  
432197	[1108]	:	Key	97	UP	at	431225  
433105	[908]	:	Key	97	DOWN	at	433105  
434212	[1107]	:	Key	97	UP	at	433241  
435329	[1117]	:	Key	97	DOWN	at	435329  
436452	[1123]	:	Key	97	UP	at	435473  
437186	[734]	:	Key	97	DOWN	at	437186  
438275	[1089]	:	Key	97	UP	at	437330  
439122	[847]	:	Key	98	DOWN	at	439122  
440791	[1669]	:	Key	98	UP	at	439274  
443746	[2955]	:	Key	71	DOWN	at	443746  
444787	[1041]	:	Key	71	UP	at	443946  
445713	[926]	:	Key	98	DOWN	at	445713  
446834	[1121]	:	Key	98	UP	at	445865  
447865	[1031]	:	Key	98	DOWN	at	447865  
448978	[1113]	:	Key	98	UP	at	448009  
449905	[927]	:	Key	97	DOWN	at	449905  
451016	[1111]	:	Key	97	UP	at	450057  
451993	[977]	:	Key	98	DOWN	at	451993  
453115	[1122]	:	Key	98	UP	at	452137  
454330	[1215]	:	Key	97	DOWN	at	454330  
455447	[1117]	:	Key	97	UP	at	454482  
456730	[1283]	:	Key	97	DOWN	at	456730  
457848	[1118]	:	Key	97	UP	at	456882  
458650	[802]	:	Key	98	DOWN	at	458650  
459766	[1116]	:	Key	98	UP	at	458810  
460650	[884]	:	Key	98	DOWN	at	460650  
461835	[1185]	:	Key	98	UP	at	460802  
473634	[11799]	:	Key	71	DOWN	at	473634  
473959	[325]	:	Key	71	UP	at	473842  
478154	[4195]	:	Key	71	DOWN	at	478154  
478434	[280]	:	Key	71	UP	at	478434  
479770	[1336]	:	Key	59	DOWN	at	479770  
479946	[176]	:	Key	59	UP	at	479946  
480690	[744]	:	Key	98	DOWN	at	480690  
480913	[223]	:	Key	97	DOWN	at	480913  
481001	[88]	:	Key	98	UP	at	480929  
481058	[57]	:	Key	95	DOWN	at	481058  
481186	[128]	:	Key	97	UP	at	481186  
481354	[168]	:	Key	95	UP	at	481354  
482625	[1271]	:	Key	97	DOWN	at	482625  
482785	[160]	:	Key	97	UP	at	482785  
490218	[7433]	:	Key	97	DOWN	at	490218  
490346	[128]	:	Key	97	UP	at	490346  
493466	[3120]	:	Key	97	DOWN	at	493466  
493610	[144]	:	Key	97	UP	at	493610  
494610	[1000]	:	Key	97	DOWN	at	494610  
494762	[152]	:	Key	97	UP	at	494762  
495698	[936]	:	Key	97	DOWN	at	495698  
495866	[168]	:	Key	97	UP	at	495866  
499729	[3863]	:	Key	97	DOWN	at	499729  
499833	[104]	:	Key	97	UP	at	499833  
504537	[4704]	:	Key	97	DOWN	at	504537  
504705	[168]	:	Key	97	UP	at	504705  
505193	[488]	:	Key	97	DOWN	at	505193  
505353	[160]	:	Key	97	UP	at	505353  
507162	[1809]	:	Key	97	DOWN	at	507162  
507338	[176]	:	Key	97	UP	at	507338  
508050	[712]	:	Key	97	DOWN	at	508050  
508194	[144]	:	Key	97	UP	at	508194  
509074	[880]	:	Key	97	DOWN	at	509074  
509250	[176]	:	Key	97	UP	at	509250  
511546	[2296]	:	Key	97	DOWN	at	511546  
511690	[144]	:	Key	97	UP	at	511690  
515282	[3592]	:	Key	97	DOWN	at	515282  
515457	[175]	:	Key	97	UP	at	515457  
515953	[496]	:	Key	97	DOWN	at	515953  
516186	[233]	:	Key	97	UP	at	516186  
516921	[735]	:	Key	97	DOWN	at	516921  
517337	[416]	:	Key	97	UP	at	517337  
518393	[1056]	:	Key	97	DOWN	at	518393  
518544	[151]	:	Key	97	UP	at	518544  
520407	[1863]	:	Key	97	DOWN	at	520407  
520567	[160]	:	Key	97	UP	at	520567  
525720	[5153]	:	Key	97	DOWN	at	525720  
525872	[152]	:	Key	97	UP	at	525872  
536423	[10551]	:	Key	71	DOWN	at	536423  
536759	[336]	:	Key	71	UP	at	536759  
537599	[840]	:	Key	71	DOWN	at	537599  
537871	[272]	:	Key	71	UP	at	537871  
538847	[976]	:	Key	59	DOWN	at	538847  
538999	[152]	:	Key	59	UP	at	538999  
541200	[2201]	:	Key	71	DOWN	at	541200  
541424	[224]	:	Key	71	UP	at	541424  
548119	[6695]	:	Key	71	DOWN	at	548119  
548639	[520]	:	Key	71	UP	at	548639  
554359	[5720]	:	Key	98	DOWN	at	554359  
554615	[256]	:	Key	98	UP	at	554615  
554663	[48]	:	Key	97	DOWN	at	554663  
554967	[304]	:	Key	97	UP	at	554967  
555511	[544]	:	Key	98	DOWN	at	555511  
555695	[184]	:	Key	98	UP	at	555695  
556271	[576]	:	Key	98	DOWN	at	556271  
556431	[160]	:	Key	98	UP	at	556431  
557055	[624]	:	Key	98	DOWN	at	557055  
557207	[152]	:	Key	98	UP	at	557207  
557711	[504]	:	Key	97	DOWN	at	557711  
557863	[152]	:	Key	97	UP	at	557863  
557984	[121]	:	Key	97	DOWN	at	557984  
558144	[160]	:	Key	97	UP	at	558144  
558264	[120]	:	Key	97	DOWN	at	558264  
558424	[160]	:	Key	97	UP	at	558424  
559120	[696]	:	Key	97	DOWN	at	559120  
560120	[1000]	:	Key	97	UP	at	559320  
560120	[0]	:	Key	97	DOWN	at	559456  
560120	[0]	:	Key	97	UP	at	559672  
563656	[3536]	:	Key	71	DOWN	at	563656  
563951	[295]	:	Key	71	UP	at	563896  
567320	[3369]	:	Key	71	DOWN	at	567320  
644191	[76871]	:	Key	71	DOWN	at	644191  
644663	[472]	:	Key	71	UP	at	644663  
645055	[392]	:	Key	71	DOWN	at	645055  
1188646	[543591]	:	Key	97	DOWN	at	1188646 
1189646	[1000]	:	Key	97	UP	at	1188806 
1192845	[3199]	:	Key	71	DOWN	at	1192845 
1752142	[559297]	:	Key	97	DOWN	at	1752142 
1753142	[1000]	:	Key	97	UP	at	1752374 
1762677	[9535]	:	Key	71	DOWN	at	1762677 
2342813	[580136]	:	Key	97	DOWN	at	2342813 
2343813	[1000]	:	Key	97	UP	at	2342934 
2349253	[5440]	:	Key	71	DOWN	at	2349253 
2912900	[563647]	:	Key	97	DOWN	at	2912900 
2913900	[1000]	:	Key	97	UP	at	2913020 
2922245	[8345]	:	Key	97	DOWN	at	2922245 
2922373	[128]	:	Key	97	UP	at	2922373 
2927053	[4680]	:	Key	97	DOWN	at	2927053 
2927309	[256]	:	Key	97	UP	at	2927309 
2928828	[1519]	:	Key	71	DOWN	at	2928828 
3999139	[1070311]	:	Key	71	DOWN	at	3999139 
3999217	[78]	:	COGENT STOP
