Cog2000 log file Wed Jan 13 10:59:30 2021
gprim v1.33 Compiled:Aug 12 2015 (GLib DirectDraw v7 DX10.0 Compiled:Aug 12 2015)
Display:1024x768x32 60.02Hz
Attaching E:\Sahar Rajabi\Final MBMF+Drug Task\Cogent2000v1.33\Toolbox\CogInput.mexw64
CogInput v1.05 Compiled: May 20 2010
5	[5]	:	COGENT START
39872	[39867]	:	Key	98	DOWN	at	39872   
39986	[114]	:	Key	98	UP	at	39985   
40209	[223]	:	Key	97	DOWN	at	40209   
40385	[176]	:	Key	97	UP	at	40385   
41176	[791]	:	Key	98	DOWN	at	41176   
41337	[161]	:	Key	98	UP	at	41337   
41897	[560]	:	Key	98	DOWN	at	41897   
42008	[111]	:	Key	98	UP	at	42008   
42240	[232]	:	Key	97	DOWN	at	42240   
42344	[104]	:	Key	97	UP	at	42344   
42441	[97]	:	Key	97	DOWN	at	42441   
42538	[97]	:	Key	97	UP	at	42504   
42609	[71]	:	Key	97	DOWN	at	42609   
43609	[1000]	:	Key	97	UP	at	42665   
43611	[2]	:	Key	97	DOWN	at	42770   
43612	[1]	:	Key	97	UP	at	42826   
45779	[2167]	:	Key	97	DOWN	at	45779   
45799	[20]	:	Key	97	UP	at	45799   
46131	[332]	:	Key	71	DOWN	at	46131   
46259	[128]	:	Key	71	UP	at	46259   
49737	[3478]	:	Key	71	DOWN	at	49737   
53152	[3415]	:	Key	71	UP	at	49906   
56257	[3105]	:	Key	71	DOWN	at	56257   
59554	[3297]	:	Key	71	UP	at	56442   
62968	[3414]	:	Key	71	DOWN	at	62968   
66242	[3274]	:	Key	71	UP	at	63185   
67937	[1695]	:	Key	71	DOWN	at	67937   
71203	[3266]	:	Key	71	UP	at	68129   
72984	[1781]	:	Key	71	DOWN	at	72984   
76250	[3266]	:	Key	71	UP	at	73176   
79344	[3094]	:	Key	71	DOWN	at	79344   
82609	[3265]	:	Key	71	UP	at	79536   
86297	[3688]	:	Key	71	DOWN	at	86297   
89563	[3266]	:	Key	71	UP	at	86513   
91204	[1641]	:	Key	71	DOWN	at	91204   
94471	[3267]	:	Key	71	UP	at	91224   
98544	[4073]	:	Key	71	DOWN	at	98544   
101823	[3279]	:	Key	71	UP	at	98737   
103145	[1322]	:	Key	71	DOWN	at	103145  
106435	[3290]	:	Key	71	UP	at	103354  
114040	[7605]	:	Key	71	DOWN	at	114040  
117334	[3294]	:	Key	71	UP	at	114242  
120281	[2947]	:	Key	71	DOWN	at	120281  
123568	[3287]	:	Key	71	UP	at	120924  
124361	[793]	:	Key	71	DOWN	at	124361  
127653	[3292]	:	Key	71	UP	at	124561  
128344	[691]	:	Key	71	DOWN	at	128344  
131628	[3284]	:	Key	71	UP	at	128538  
133024	[1396]	:	Key	71	DOWN	at	133024  
136303	[3279]	:	Key	71	UP	at	133241  
137970	[1667]	:	Key	71	DOWN	at	137970  
141263	[3293]	:	Key	71	UP	at	138210  
142153	[890]	:	Key	71	DOWN	at	142153  
145449	[3296]	:	Key	71	UP	at	142416  
147801	[2352]	:	Key	71	DOWN	at	147801  
151091	[3290]	:	Key	71	UP	at	148041  
156353	[5262]	:	Key	71	DOWN	at	156353  
159631	[3278]	:	Key	71	UP	at	156722  
168164	[8533]	:	Key	71	DOWN	at	168164  
171458	[3294]	:	Key	71	UP	at	168289  
174537	[3079]	:	Key	71	DOWN	at	174537  
177841	[3304]	:	Key	71	UP	at	174825  
180008	[2167]	:	Key	71	DOWN	at	180008  
183296	[3288]	:	Key	71	UP	at	180200  
184800	[1504]	:	Key	71	DOWN	at	184800  
188074	[3274]	:	Key	71	UP	at	185000  
191137	[3063]	:	Key	71	DOWN	at	191137  
194436	[3299]	:	Key	71	UP	at	191322  
195329	[893]	:	Key	71	DOWN	at	195329  
198630	[3301]	:	Key	71	UP	at	195796  
200409	[1779]	:	Key	71	DOWN	at	200409  
203708	[3299]	:	Key	71	UP	at	200578  
208201	[4493]	:	Key	71	DOWN	at	208201  
211491	[3290]	:	Key	71	UP	at	208386  
214745	[3254]	:	Key	71	DOWN	at	214745  
218038	[3293]	:	Key	71	UP	at	214922  
219872	[1834]	:	Key	71	DOWN	at	219872  
223170	[3298]	:	Key	71	UP	at	220058  
223833	[663]	:	Key	71	DOWN	at	223833  
227134	[3301]	:	Key	71	UP	at	224001  
230945	[3811]	:	Key	71	DOWN	at	230945  
234244	[3299]	:	Key	71	UP	at	231122  
236168	[1924]	:	Key	71	DOWN	at	236168  
239467	[3299]	:	Key	71	UP	at	236418  
241890	[2423]	:	Key	71	DOWN	at	241890  
245189	[3299]	:	Key	71	UP	at	242066  
247601	[2412]	:	Key	71	DOWN	at	247601  
250899	[3298]	:	Key	71	UP	at	247802  
252072	[1173]	:	Key	71	DOWN	at	252072  
255364	[3292]	:	Key	71	UP	at	252250  
258791	[3427]	:	Key	71	DOWN	at	258791  
262089	[3298]	:	Key	71	UP	at	258985  
264737	[2648]	:	Key	71	DOWN	at	264737  
268037	[3300]	:	Key	71	UP	at	264882  
269200	[1163]	:	Key	71	DOWN	at	269200  
272496	[3296]	:	Key	71	UP	at	269377  
273265	[769]	:	Key	71	DOWN	at	273265  
276550	[3285]	:	Key	71	UP	at	273466  
278577	[2027]	:	Key	71	DOWN	at	278577  
281873	[3296]	:	Key	71	UP	at	278698  
283369	[1496]	:	Key	71	DOWN	at	283369  
286668	[3299]	:	Key	71	UP	at	283530  
288121	[1453]	:	Key	71	DOWN	at	288121  
291409	[3288]	:	Key	71	UP	at	288282  
293433	[2024]	:	Key	71	DOWN	at	293433  
296733	[3300]	:	Key	71	UP	at	293641  
299785	[3052]	:	Key	71	DOWN	at	299785  
303083	[3298]	:	Key	71	UP	at	299962  
305009	[1926]	:	Key	71	DOWN	at	305009  
308310	[3301]	:	Key	71	UP	at	305162  
314785	[6475]	:	Key	71	DOWN	at	314785  
318084	[3299]	:	Key	71	UP	at	314890  
319489	[1405]	:	Key	71	DOWN	at	319489  
322790	[3301]	:	Key	71	UP	at	319674  
325185	[2395]	:	Key	71	DOWN	at	325185  
329173	[3988]	:	Key	71	UP	at	325298  
335185	[6012]	:	Key	71	DOWN	at	335185  
336239	[1054]	:	Key	71	UP	at	335370  
337369	[1130]	:	Key	97	DOWN	at	337369  
338488	[1119]	:	Key	97	UP	at	337528  
339281	[793]	:	Key	97	DOWN	at	339281  
340405	[1124]	:	Key	97	UP	at	339426  
341385	[980]	:	Key	97	DOWN	at	341385  
342501	[1116]	:	Key	97	UP	at	341538  
343369	[868]	:	Key	98	DOWN	at	343369  
344489	[1120]	:	Key	98	UP	at	343538  
345304	[815]	:	Key	97	DOWN	at	345304  
346416	[1112]	:	Key	97	UP	at	345795  
347281	[865]	:	Key	97	DOWN	at	347281  
348393	[1112]	:	Key	97	UP	at	347442  
349697	[1304]	:	Key	98	DOWN	at	349697  
350816	[1119]	:	Key	98	UP	at	349842  
351713	[897]	:	Key	98	DOWN	at	351713  
353418	[1705]	:	Key	98	UP	at	351874  
356584	[3166]	:	Key	71	DOWN	at	356584  
357630	[1046]	:	Key	71	UP	at	356778  
358768	[1138]	:	Key	97	DOWN	at	358768  
359880	[1112]	:	Key	97	UP	at	358880  
361268	[1388]	:	Key	97	DOWN	at	361268  
362392	[1124]	:	Key	97	UP	at	361288  
363360	[968]	:	Key	98	DOWN	at	363360  
364473	[1113]	:	Key	98	UP	at	363519  
365872	[1399]	:	Key	98	DOWN	at	365872  
366989	[1117]	:	Key	98	UP	at	366056  
368040	[1051]	:	Key	98	DOWN	at	368040  
369157	[1117]	:	Key	98	UP	at	368176  
370448	[1291]	:	Key	98	DOWN	at	370448  
371574	[1126]	:	Key	98	UP	at	370616  
372672	[1098]	:	Key	97	DOWN	at	372672  
373800	[1128]	:	Key	97	UP	at	372792  
374664	[864]	:	Key	97	DOWN	at	374664  
375878	[1214]	:	Key	97	UP	at	374816  
377496	[1618]	:	Key	71	DOWN	at	377496  
377870	[374]	:	Key	71	UP	at	377656  
379304	[1434]	:	Key	71	DOWN	at	379304  
379496	[192]	:	Key	71	UP	at	379496  
388760	[9264]	:	Key	71	DOWN	at	388760  
392048	[3288]	:	Key	71	UP	at	388904  
394744	[2696]	:	Key	71	DOWN	at	394744  
398042	[3298]	:	Key	71	UP	at	394888  
400168	[2126]	:	Key	71	DOWN	at	400168  
403467	[3299]	:	Key	71	UP	at	400304  
405504	[2037]	:	Key	71	DOWN	at	405504  
408803	[3299]	:	Key	71	UP	at	405752  
409640	[837]	:	Key	71	DOWN	at	409640  
412930	[3290]	:	Key	71	UP	at	409784  
412932	[2]	:	Key	71	DOWN	at	411704  
412933	[1]	:	Key	71	UP	at	411896  
414896	[1963]	:	Key	71	DOWN	at	414896  
418195	[3299]	:	Key	71	UP	at	415032  
420120	[1925]	:	Key	71	DOWN	at	420120  
423422	[3302]	:	Key	71	UP	at	420264  
424624	[1202]	:	Key	71	DOWN	at	424624  
427923	[3299]	:	Key	71	UP	at	424752  
429472	[1549]	:	Key	71	DOWN	at	429472  
432760	[3288]	:	Key	71	UP	at	429632  
434313	[1553]	:	Key	71	DOWN	at	434313  
437613	[3300]	:	Key	71	UP	at	434465  
439224	[1611]	:	Key	71	DOWN	at	439224  
442523	[3299]	:	Key	71	UP	at	439376  
444720	[2197]	:	Key	71	DOWN	at	444720  
448021	[3301]	:	Key	71	UP	at	444872  
449400	[1379]	:	Key	71	DOWN	at	449400  
452701	[3301]	:	Key	71	UP	at	449568  
453568	[867]	:	Key	71	DOWN	at	453568  
456861	[3293]	:	Key	71	UP	at	453728  
457464	[603]	:	Key	71	DOWN	at	457464  
460753	[3289]	:	Key	71	UP	at	457648  
462368	[1615]	:	Key	71	DOWN	at	462368  
466276	[3908]	:	Key	71	UP	at	462552  
468464	[2188]	:	Key	71	DOWN	at	468464  
469505	[1041]	:	Key	71	UP	at	468616  
469512	[7]	:	Key	98	DOWN	at	469512  
470624	[1112]	:	Key	98	UP	at	469632  
471936	[1312]	:	Key	98	DOWN	at	471936  
473063	[1127]	:	Key	98	UP	at	472072  
473984	[921]	:	Key	97	DOWN	at	473984  
475108	[1124]	:	Key	97	UP	at	474112  
476024	[916]	:	Key	97	DOWN	at	476024  
477152	[1128]	:	Key	97	UP	at	476160  
478072	[920]	:	Key	97	DOWN	at	478072  
479188	[1116]	:	Key	97	UP	at	478208  
480008	[820]	:	Key	97	DOWN	at	480008  
481110	[1102]	:	Key	97	UP	at	480144  
482288	[1178]	:	Key	97	DOWN	at	482288  
483417	[1129]	:	Key	97	UP	at	482448  
484344	[927]	:	Key	98	DOWN	at	484344  
486035	[1691]	:	Key	98	UP	at	484488  
488296	[2261]	:	Key	71	DOWN	at	488296  
489337	[1041]	:	Key	71	UP	at	488425  
490968	[1631]	:	Key	98	DOWN	at	490968  
492088	[1120]	:	Key	98	UP	at	491120  
493504	[1416]	:	Key	97	DOWN	at	493504  
494608	[1104]	:	Key	97	UP	at	493640  
495624	[1016]	:	Key	97	DOWN	at	495624  
496713	[1089]	:	Key	97	UP	at	495776  
497456	[743]	:	Key	98	DOWN	at	497456  
498572	[1116]	:	Key	98	UP	at	497584  
499728	[1156]	:	Key	97	DOWN	at	499728  
500847	[1119]	:	Key	97	UP	at	499848  
501872	[1025]	:	Key	97	DOWN	at	501872  
503002	[1130]	:	Key	97	UP	at	502024  
504273	[1271]	:	Key	98	DOWN	at	504273  
505386	[1113]	:	Key	98	UP	at	504441  
506232	[846]	:	Key	97	DOWN	at	506232  
507414	[1182]	:	Key	97	UP	at	506393  
508624	[1210]	:	Key	71	DOWN	at	508624  
508935	[311]	:	Key	71	UP	at	508848  
509480	[545]	:	Key	71	DOWN	at	509480  
509648	[168]	:	Key	71	UP	at	509648  
513991	[4343]	:	Key	71	DOWN	at	513991  
517293	[3302]	:	Key	71	UP	at	514128  
519087	[1794]	:	Key	71	DOWN	at	519087  
522381	[3294]	:	Key	71	UP	at	519248  
523895	[1514]	:	Key	71	DOWN	at	523895  
527196	[3301]	:	Key	71	UP	at	524049  
527976	[780]	:	Key	71	DOWN	at	527976  
531275	[3299]	:	Key	71	UP	at	528112  
532912	[1637]	:	Key	71	DOWN	at	532912  
536212	[3300]	:	Key	71	UP	at	533272  
537792	[1580]	:	Key	71	DOWN	at	537792  
541094	[3302]	:	Key	71	UP	at	538000  
541864	[770]	:	Key	71	DOWN	at	541864  
545165	[3301]	:	Key	71	UP	at	542016  
548128	[2963]	:	Key	71	DOWN	at	548128  
552037	[3909]	:	Key	71	UP	at	548312  
554080	[2043]	:	Key	71	DOWN	at	554080  
555121	[1041]	:	Key	71	UP	at	554192  
556144	[1023]	:	Key	98	DOWN	at	556144  
557251	[1107]	:	Key	98	UP	at	556280  
558121	[870]	:	Key	97	DOWN	at	558121  
559241	[1120]	:	Key	97	UP	at	558248  
560216	[975]	:	Key	97	DOWN	at	560216  
561354	[1138]	:	Key	97	UP	at	560368  
562104	[750]	:	Key	97	DOWN	at	562104  
563219	[1115]	:	Key	97	UP	at	562232  
564112	[893]	:	Key	97	DOWN	at	564112  
565233	[1121]	:	Key	97	UP	at	564256  
566520	[1287]	:	Key	97	DOWN	at	566520  
567629	[1109]	:	Key	97	UP	at	566632  
568952	[1323]	:	Key	97	DOWN	at	568952  
570062	[1110]	:	Key	97	UP	at	569104  
571048	[986]	:	Key	98	DOWN	at	571048  
572725	[1677]	:	Key	98	UP	at	571200  
573945	[1220]	:	Key	71	DOWN	at	573945  
574990	[1045]	:	Key	71	UP	at	574065  
576104	[1114]	:	Key	98	DOWN	at	576104  
577227	[1123]	:	Key	98	UP	at	576240  
578344	[1117]	:	Key	98	DOWN	at	578344  
579458	[1114]	:	Key	98	UP	at	578480  
580488	[1030]	:	Key	97	DOWN	at	580488  
581605	[1117]	:	Key	97	UP	at	580608  
582704	[1099]	:	Key	98	DOWN	at	582704  
583826	[1122]	:	Key	98	UP	at	582816  
584960	[1134]	:	Key	97	DOWN	at	584960  
586073	[1113]	:	Key	97	UP	at	585120  
587248	[1175]	:	Key	97	DOWN	at	587248  
588365	[1117]	:	Key	97	UP	at	587408  
589616	[1251]	:	Key	98	DOWN	at	589616  
590727	[1111]	:	Key	98	UP	at	589760  
592345	[1618]	:	Key	98	DOWN	at	592345  
593531	[1186]	:	Key	98	UP	at	592489  
594864	[1333]	:	Key	71	DOWN	at	594864  
595188	[324]	:	Key	71	UP	at	595033  
596856	[1668]	:	Key	71	DOWN	at	596856  
596968	[112]	:	Key	71	UP	at	596968  
598280	[1312]	:	Key	98	DOWN	at	598280  
598400	[120]	:	Key	98	UP	at	598400  
598904	[504]	:	Key	97	DOWN	at	598904  
599040	[136]	:	Key	97	UP	at	599040  
601072	[2032]	:	Key	97	DOWN	at	601072  
601168	[96]	:	Key	97	UP	at	601168  
601648	[480]	:	Key	97	DOWN	at	601648  
601768	[120]	:	Key	97	UP	at	601768  
602128	[360]	:	Key	97	DOWN	at	602128  
602220	[92]	:	Key	97	UP	at	602200  
602888	[668]	:	Key	97	DOWN	at	602888  
602965	[77]	:	Key	97	UP	at	602960  
603296	[331]	:	Key	97	DOWN	at	603296  
603383	[87]	:	Key	97	UP	at	603376  
603720	[337]	:	Key	97	DOWN	at	603720  
603804	[84]	:	Key	97	UP	at	603800  
604128	[324]	:	Key	97	DOWN	at	604128  
604216	[88]	:	Key	97	UP	at	604216  
604480	[264]	:	Key	97	DOWN	at	604480  
604561	[81]	:	Key	97	UP	at	604560  
604816	[255]	:	Key	97	DOWN	at	604816  
604920	[104]	:	Key	97	UP	at	604920  
605288	[368]	:	Key	97	DOWN	at	605288  
605392	[104]	:	Key	97	UP	at	605392  
605720	[328]	:	Key	97	DOWN	at	605720  
605808	[88]	:	Key	97	UP	at	605808  
606088	[280]	:	Key	97	DOWN	at	606088  
606192	[104]	:	Key	97	UP	at	606192  
606496	[304]	:	Key	97	DOWN	at	606496  
606592	[96]	:	Key	97	UP	at	606592  
606904	[312]	:	Key	97	DOWN	at	606904  
607048	[144]	:	Key	97	UP	at	607048  
607424	[376]	:	Key	97	DOWN	at	607424  
607528	[104]	:	Key	97	UP	at	607528  
607792	[264]	:	Key	97	DOWN	at	607792  
607928	[136]	:	Key	97	UP	at	607928  
608168	[240]	:	Key	97	DOWN	at	608168  
608288	[120]	:	Key	97	UP	at	608288  
608849	[561]	:	Key	97	DOWN	at	608849  
608977	[128]	:	Key	97	UP	at	608977  
609721	[744]	:	Key	97	DOWN	at	609721  
610721	[1000]	:	Key	97	UP	at	609809  
615184	[4463]	:	Key	71	DOWN	at	615184  
615492	[308]	:	Key	71	UP	at	615344  
617232	[1740]	:	Key	71	DOWN	at	617232  
617314	[82]	:	Key	71	UP	at	617304  
711728	[94414]	:	Key	71	DOWN	at	711728  
711848	[120]	:	Key	71	UP	at	711848  
713104	[1256]	:	Key	71	DOWN	at	713104  
1334743	[621639]	:	Key	97	DOWN	at	1334743 
1335743	[1000]	:	Key	97	UP	at	1334879 
1338143	[2400]	:	Key	71	DOWN	at	1338143 
1928262	[590119]	:	Key	97	DOWN	at	1928262 
1929262	[1000]	:	Key	97	UP	at	1928358 
1930814	[1552]	:	Key	71	DOWN	at	1930814 
2524933	[594119]	:	Key	97	DOWN	at	2524933 
2525933	[1000]	:	Key	97	UP	at	2525053 
2528668	[2735]	:	Key	71	DOWN	at	2528668 
3109198	[580530]	:	Key	97	DOWN	at	3109198 
3110198	[1000]	:	Key	97	UP	at	3109318 
3111461	[1263]	:	Key	71	DOWN	at	3111461 
3727013	[615552]	:	Key	71	DOWN	at	3727013 
3727086	[73]	:	COGENT STOP
