Cog2000 log file Tue Jan 05 23:13:53 2021
gprim v1.33 Compiled:Aug 12 2015 (GLib DirectDraw v7 DX12.0 Compiled:Aug 12 2015)
Display:1024x768x32 60.02Hz
Attaching C:\Sahar Rajabi\Final MBMF+Drug Task\Cogent2000v1.33\Toolbox\CogInput.mexw64
CogInput v1.05 Compiled: May 20 2010
6	[6]	:	COGENT START
9630	[9624]	:	Key	97	DOWN	at	9630    
9765	[135]	:	Key	97	UP	at	9757    
11343	[1578]	:	Key	97	DOWN	at	11342   
11414	[71]	:	Key	97	UP	at	11414   
14807	[3393]	:	Key	97	DOWN	at	14806   
15806	[999]	:	Key	97	UP	at	14854   
15806	[0]	:	Key	97	DOWN	at	15349   
15807	[1]	:	Key	97	UP	at	15469   
15983	[176]	:	Key	97	DOWN	at	15982   
16119	[136]	:	Key	97	UP	at	16117   
18614	[2495]	:	Key	97	DOWN	at	18613   
18734	[120]	:	Key	97	UP	at	18734   
20086	[1352]	:	Key	71	DOWN	at	20085   
20214	[128]	:	Key	71	UP	at	20213   
37631	[17417]	:	Key	71	DOWN	at	37630   
41081	[3450]	:	Key	71	UP	at	37774   
48887	[7806]	:	Key	71	DOWN	at	48886   
52224	[3337]	:	Key	71	UP	at	48982   
61661	[9437]	:	Key	71	DOWN	at	61661   
64971	[3310]	:	Key	71	UP	at	61798   
67439	[2468]	:	Key	71	DOWN	at	67438   
70749	[3310]	:	Key	71	UP	at	67574   
72406	[1657]	:	Key	71	DOWN	at	72406   
75720	[3314]	:	Key	71	UP	at	72550   
78607	[2887]	:	Key	71	DOWN	at	78606   
81918	[3311]	:	Key	71	UP	at	78766   
85638	[3720]	:	Key	71	DOWN	at	85638   
88945	[3307]	:	Key	71	UP	at	85798   
92365	[3420]	:	Key	71	DOWN	at	92365   
95676	[3311]	:	Key	71	UP	at	92518   
100638	[4962]	:	Key	71	DOWN	at	100638  
103947	[3309]	:	Key	71	UP	at	100846  
108270	[4323]	:	Key	71	DOWN	at	108269  
111581	[3311]	:	Key	71	UP	at	108445  
115391	[3810]	:	Key	71	DOWN	at	115390  
118664	[3273]	:	Key	71	UP	at	115630  
121750	[3086]	:	Key	71	DOWN	at	121750  
125059	[3309]	:	Key	71	UP	at	121910  
137983	[12924]	:	Key	71	DOWN	at	137982  
141292	[3309]	:	Key	71	UP	at	138093  
142015	[723]	:	Key	71	DOWN	at	142014  
145323	[3308]	:	Key	71	UP	at	142141  
147326	[2003]	:	Key	71	DOWN	at	147325  
150636	[3310]	:	Key	71	UP	at	147438  
154287	[3651]	:	Key	71	DOWN	at	154287  
157596	[3309]	:	Key	71	UP	at	154399  
158367	[771]	:	Key	71	DOWN	at	158366  
161677	[3310]	:	Key	71	UP	at	158494  
165351	[3674]	:	Key	71	DOWN	at	165350  
168661	[3310]	:	Key	71	UP	at	165478  
171150	[2489]	:	Key	71	DOWN	at	171150  
174459	[3309]	:	Key	71	UP	at	171247  
176910	[2451]	:	Key	71	DOWN	at	176909  
180219	[3309]	:	Key	71	UP	at	177045  
183005	[2786]	:	Key	71	DOWN	at	183005  
186314	[3309]	:	Key	71	UP	at	183183  
188102	[1788]	:	Key	71	DOWN	at	188101  
191411	[3309]	:	Key	71	UP	at	188237  
196470	[5059]	:	Key	71	DOWN	at	196470  
199778	[3308]	:	Key	71	UP	at	196598  
200582	[804]	:	Key	71	DOWN	at	200582  
203888	[3306]	:	Key	71	UP	at	200733  
204566	[678]	:	Key	71	DOWN	at	204566  
207875	[3309]	:	Key	71	UP	at	204702  
209311	[1436]	:	Key	71	DOWN	at	209310  
212622	[3311]	:	Key	71	UP	at	209502  
214495	[1873]	:	Key	71	DOWN	at	214494  
217802	[3307]	:	Key	71	UP	at	214606  
220037	[2235]	:	Key	71	DOWN	at	220037  
223347	[3310]	:	Key	71	UP	at	220190  
224461	[1114]	:	Key	71	DOWN	at	224461  
227768	[3307]	:	Key	71	UP	at	224590  
228567	[799]	:	Key	71	DOWN	at	228566  
231876	[3309]	:	Key	71	UP	at	228694  
235774	[3898]	:	Key	71	DOWN	at	235774  
239085	[3311]	:	Key	71	UP	at	235885  
240318	[1233]	:	Key	71	DOWN	at	240318  
243629	[3311]	:	Key	71	UP	at	242965  
245543	[1914]	:	Key	71	DOWN	at	245543  
248848	[3305]	:	Key	71	UP	at	245661  
250358	[1510]	:	Key	71	DOWN	at	250358  
253664	[3306]	:	Key	71	UP	at	250494  
254431	[767]	:	Key	71	DOWN	at	254430  
257741	[3310]	:	Key	71	UP	at	254517  
260613	[2872]	:	Key	71	DOWN	at	260613  
263921	[3308]	:	Key	71	UP	at	260765  
265943	[2022]	:	Key	71	DOWN	at	265942  
269251	[3308]	:	Key	71	UP	at	266071  
269927	[676]	:	Key	71	DOWN	at	269926  
273238	[3311]	:	Key	71	UP	at	270045  
273727	[489]	:	Key	71	DOWN	at	273726  
277038	[3311]	:	Key	71	UP	at	273863  
280022	[2984]	:	Key	71	DOWN	at	280021  
283327	[3305]	:	Key	71	UP	at	280174  
285126	[1799]	:	Key	71	DOWN	at	285126  
288436	[3310]	:	Key	71	UP	at	285294  
289575	[1139]	:	Key	71	DOWN	at	289574  
292885	[3310]	:	Key	71	UP	at	289686  
295335	[2450]	:	Key	71	DOWN	at	295334  
298639	[3304]	:	Key	71	UP	at	295495  
299902	[1263]	:	Key	71	DOWN	at	299902  
303211	[3309]	:	Key	71	UP	at	299997  
304815	[1604]	:	Key	71	DOWN	at	304814  
308124	[3309]	:	Key	71	UP	at	304975  
309071	[947]	:	Key	71	DOWN	at	309071  
312376	[3305]	:	Key	71	UP	at	309173  
314543	[2167]	:	Key	71	DOWN	at	314542  
317848	[3305]	:	Key	71	UP	at	314726  
320527	[2679]	:	Key	71	DOWN	at	320527  
324492	[3965]	:	Key	71	UP	at	320671  
333198	[8706]	:	Key	71	DOWN	at	333197  
334253	[1055]	:	Key	71	UP	at	333326  
335766	[1513]	:	Key	97	DOWN	at	335766  
336885	[1119]	:	Key	97	UP	at	335877  
337614	[729]	:	Key	97	DOWN	at	337614  
338720	[1106]	:	Key	97	UP	at	337709  
339790	[1070]	:	Key	97	DOWN	at	339790  
340915	[1125]	:	Key	97	UP	at	339887  
341830	[915]	:	Key	98	DOWN	at	341830  
342945	[1115]	:	Key	98	UP	at	341942  
344247	[1302]	:	Key	97	DOWN	at	344246  
345356	[1109]	:	Key	97	UP	at	344357  
346319	[963]	:	Key	97	DOWN	at	346318  
347441	[1122]	:	Key	97	UP	at	346406  
348399	[958]	:	Key	97	DOWN	at	348398  
349514	[1115]	:	Key	97	UP	at	348462  
350702	[1188]	:	Key	98	DOWN	at	350702  
352387	[1685]	:	Key	98	UP	at	350823  
354270	[1883]	:	Key	71	DOWN	at	354269  
355314	[1044]	:	Key	71	UP	at	354374  
356654	[1340]	:	Key	97	DOWN	at	356654  
357766	[1112]	:	Key	97	UP	at	356774  
358663	[897]	:	Key	97	DOWN	at	358662  
359776	[1113]	:	Key	97	UP	at	358774  
360501	[725]	:	Key	98	DOWN	at	360501  
361609	[1108]	:	Key	98	UP	at	360630  
362591	[982]	:	Key	97	DOWN	at	362590  
363705	[1114]	:	Key	97	UP	at	362710  
364367	[662]	:	Key	98	DOWN	at	364365  
365485	[1118]	:	Key	98	UP	at	364510  
366247	[762]	:	Key	98	DOWN	at	366245  
367363	[1116]	:	Key	98	UP	at	366382  
368159	[796]	:	Key	98	DOWN	at	368158  
369289	[1130]	:	Key	98	UP	at	368302  
370447	[1158]	:	Key	98	DOWN	at	370447  
371634	[1187]	:	Key	98	UP	at	370590  
373942	[2308]	:	Key	71	DOWN	at	373942  
374272	[330]	:	Key	71	UP	at	374110  
375630	[1358]	:	Key	71	DOWN	at	375629  
375790	[160]	:	Key	71	UP	at	375790  
381965	[6175]	:	Key	71	DOWN	at	381965  
385275	[3310]	:	Key	71	UP	at	382134  
386493	[1218]	:	Key	71	DOWN	at	386493  
389799	[3306]	:	Key	71	UP	at	386630  
392151	[2352]	:	Key	71	DOWN	at	392150  
395459	[3308]	:	Key	71	UP	at	392303  
396879	[1420]	:	Key	71	DOWN	at	396878  
400192	[3313]	:	Key	71	UP	at	397015  
400911	[719]	:	Key	71	DOWN	at	400911  
404220	[3309]	:	Key	71	UP	at	401053  
408007	[3787]	:	Key	71	DOWN	at	408006  
411317	[3310]	:	Key	71	UP	at	408102  
412728	[1411]	:	Key	71	DOWN	at	412727  
416036	[3308]	:	Key	71	UP	at	413006  
418623	[2587]	:	Key	71	DOWN	at	418623  
421924	[3301]	:	Key	71	UP	at	418815  
423870	[1946]	:	Key	71	DOWN	at	423870  
427176	[3306]	:	Key	71	UP	at	424014  
428104	[928]	:	Key	71	DOWN	at	428103  
431412	[3308]	:	Key	71	UP	at	428326  
433070	[1658]	:	Key	71	DOWN	at	433070  
436378	[3308]	:	Key	71	UP	at	433222  
437863	[1485]	:	Key	71	DOWN	at	437863  
441172	[3309]	:	Key	71	UP	at	438022  
444391	[3219]	:	Key	71	DOWN	at	444390  
447703	[3312]	:	Key	71	UP	at	444599  
448566	[863]	:	Key	71	DOWN	at	448566  
451876	[3310]	:	Key	71	UP	at	448758  
452487	[611]	:	Key	71	DOWN	at	452486  
455799	[3312]	:	Key	71	UP	at	452637  
457575	[1776]	:	Key	71	DOWN	at	457574  
461479	[3904]	:	Key	71	UP	at	457758  
463055	[1576]	:	Key	71	DOWN	at	463054  
464097	[1042]	:	Key	71	UP	at	463205  
464910	[813]	:	Key	97	DOWN	at	464910  
466022	[1112]	:	Key	97	UP	at	464999  
466959	[937]	:	Key	98	DOWN	at	466959  
468083	[1124]	:	Key	98	UP	at	467062  
469143	[1060]	:	Key	97	DOWN	at	469142  
470253	[1110]	:	Key	97	UP	at	469270  
471470	[1217]	:	Key	97	DOWN	at	471470  
472581	[1111]	:	Key	97	UP	at	471598  
473783	[1202]	:	Key	97	DOWN	at	473782  
474889	[1106]	:	Key	97	UP	at	473901  
475903	[1014]	:	Key	97	DOWN	at	475902  
477016	[1113]	:	Key	97	UP	at	476030  
477927	[911]	:	Key	97	DOWN	at	477927  
479057	[1130]	:	Key	97	UP	at	478029  
479863	[806]	:	Key	98	DOWN	at	479863  
481539	[1676]	:	Key	98	UP	at	479989  
483734	[2195]	:	Key	71	DOWN	at	483734  
484788	[1054]	:	Key	71	UP	at	483863  
486200	[1412]	:	Key	97	DOWN	at	486198  
487307	[1107]	:	Key	97	UP	at	486293  
489263	[1956]	:	Key	97	DOWN	at	489262  
490404	[1141]	:	Key	97	UP	at	489366  
492360	[1956]	:	Key	98	DOWN	at	492359  
493472	[1112]	:	Key	98	UP	at	492469  
495240	[1768]	:	Key	98	DOWN	at	495239  
496373	[1133]	:	Key	98	UP	at	495349  
498198	[1825]	:	Key	97	DOWN	at	498198  
499306	[1108]	:	Key	97	UP	at	498302  
500575	[1269]	:	Key	97	DOWN	at	500575  
501680	[1105]	:	Key	97	UP	at	500687  
503080	[1400]	:	Key	98	DOWN	at	503079  
504186	[1106]	:	Key	98	UP	at	503167  
505271	[1085]	:	Key	97	DOWN	at	505271  
506444	[1173]	:	Key	97	UP	at	505375  
510423	[3979]	:	Key	71	DOWN	at	510422  
510742	[319]	:	Key	71	UP	at	510575  
511622	[880]	:	Key	71	DOWN	at	511622  
511773	[151]	:	Key	71	UP	at	511773  
512078	[305]	:	Key	71	DOWN	at	512078  
515389	[3311]	:	Key	71	UP	at	512182  
515390	[1]	:	Key	71	DOWN	at	512429  
515390	[0]	:	Key	71	UP	at	512582  
517519	[2129]	:	Key	71	DOWN	at	517518  
520828	[3309]	:	Key	71	UP	at	517804  
527279	[6451]	:	Key	71	DOWN	at	527278  
530587	[3308]	:	Key	71	UP	at	527398  
531542	[955]	:	Key	71	DOWN	at	531542  
534851	[3309]	:	Key	71	UP	at	531701  
536247	[1396]	:	Key	71	DOWN	at	536246  
539552	[3305]	:	Key	71	UP	at	536374  
541054	[1502]	:	Key	71	DOWN	at	541054  
544365	[3311]	:	Key	71	UP	at	541222  
545093	[728]	:	Key	71	DOWN	at	545093  
548399	[3306]	:	Key	71	UP	at	545222  
550072	[1673]	:	Key	71	DOWN	at	550071  
553974	[3902]	:	Key	71	UP	at	550197  
555702	[1728]	:	Key	71	DOWN	at	555702  
556744	[1042]	:	Key	71	UP	at	556278  
558375	[1631]	:	Key	98	DOWN	at	558375  
559492	[1117]	:	Key	98	UP	at	558470  
561534	[2042]	:	Key	97	DOWN	at	561534  
562669	[1135]	:	Key	97	UP	at	561630  
563590	[921]	:	Key	97	DOWN	at	563590  
564695	[1105]	:	Key	97	UP	at	563718  
565767	[1072]	:	Key	97	DOWN	at	565767  
566899	[1132]	:	Key	97	UP	at	565846  
568247	[1348]	:	Key	97	DOWN	at	568246  
569355	[1108]	:	Key	97	UP	at	568367  
571118	[1763]	:	Key	97	DOWN	at	571117  
572233	[1115]	:	Key	97	UP	at	571247  
573414	[1181]	:	Key	97	DOWN	at	573414  
574520	[1106]	:	Key	97	UP	at	573534  
575686	[1166]	:	Key	98	DOWN	at	575685  
577337	[1651]	:	Key	98	UP	at	575750  
578736	[1399]	:	Key	71	DOWN	at	578735  
579778	[1042]	:	Key	71	UP	at	578902  
581678	[1900]	:	Key	98	DOWN	at	581678  
582796	[1118]	:	Key	98	UP	at	581790  
584742	[1946]	:	Key	98	DOWN	at	584742  
585854	[1112]	:	Key	98	UP	at	584830  
587830	[1976]	:	Key	97	DOWN	at	587829  
588945	[1115]	:	Key	97	UP	at	587942  
590423	[1478]	:	Key	98	DOWN	at	590422  
591534	[1111]	:	Key	98	UP	at	590518  
593079	[1545]	:	Key	97	DOWN	at	593078  
594194	[1115]	:	Key	97	UP	at	593181  
595527	[1333]	:	Key	97	DOWN	at	595526  
596639	[1112]	:	Key	97	UP	at	595630  
598047	[1408]	:	Key	98	DOWN	at	598046  
599173	[1126]	:	Key	98	UP	at	598126  
600639	[1466]	:	Key	98	DOWN	at	600638  
601805	[1166]	:	Key	98	UP	at	600775  
604911	[3106]	:	Key	71	DOWN	at	604910  
605236	[325]	:	Key	71	UP	at	605126  
606663	[1427]	:	Key	71	DOWN	at	606663  
606911	[248]	:	Key	71	UP	at	606910  
630927	[24016]	:	Key	71	DOWN	at	630927  
631069	[142]	:	Key	71	UP	at	631069  
632006	[937]	:	Key	97	DOWN	at	632006  
632099	[93]	:	Key	97	UP	at	632062  
636078	[3979]	:	Key	71	DOWN	at	636077  
636239	[161]	:	Key	71	UP	at	636239  
641239	[5000]	:	Key	98	DOWN	at	641239  
641430	[191]	:	Key	98	UP	at	641429  
642128	[698]	:	Key	97	DOWN	at	642126  
642246	[118]	:	Key	97	UP	at	642246  
642485	[239]	:	Key	97	DOWN	at	642485  
642607	[122]	:	Key	97	UP	at	642606  
643128	[521]	:	Key	97	DOWN	at	643127  
643215	[87]	:	Key	97	UP	at	643214  
643383	[168]	:	Key	97	DOWN	at	643382  
643460	[77]	:	Key	97	UP	at	643413  
643758	[298]	:	Key	97	DOWN	at	643758  
643846	[88]	:	Key	97	UP	at	643830  
644567	[721]	:	Key	97	DOWN	at	644566  
644663	[96]	:	Key	97	UP	at	644662  
644998	[335]	:	Key	97	DOWN	at	644998  
645103	[105]	:	Key	97	UP	at	645103  
645350	[247]	:	Key	97	DOWN	at	645350  
645456	[106]	:	Key	97	UP	at	645455  
645703	[247]	:	Key	97	DOWN	at	645702  
645776	[73]	:	Key	97	UP	at	645774  
646085	[309]	:	Key	97	DOWN	at	646085  
646169	[84]	:	Key	97	UP	at	646143  
646431	[262]	:	Key	97	DOWN	at	646430  
646514	[83]	:	Key	97	UP	at	646477  
646823	[309]	:	Key	97	DOWN	at	646823  
646911	[88]	:	Key	97	UP	at	646894  
647221	[310]	:	Key	97	DOWN	at	647221  
647306	[85]	:	Key	97	UP	at	647269  
647639	[333]	:	Key	97	DOWN	at	647639  
647719	[80]	:	Key	97	UP	at	647686  
648432	[713]	:	Key	97	DOWN	at	648431  
648516	[84]	:	Key	97	UP	at	648510  
649119	[603]	:	Key	97	DOWN	at	649118  
649207	[88]	:	Key	97	UP	at	649206  
649550	[343]	:	Key	97	DOWN	at	649550  
649635	[85]	:	Key	97	UP	at	649631  
649990	[355]	:	Key	97	DOWN	at	649990  
650086	[96]	:	Key	97	UP	at	650086  
650559	[473]	:	Key	98	DOWN	at	650558  
650680	[121]	:	Key	98	UP	at	650679  
663431	[12751]	:	Key	97	DOWN	at	663431  
663535	[104]	:	Key	97	UP	at	663534  
666862	[3327]	:	Key	97	DOWN	at	666862  
666966	[104]	:	Key	97	UP	at	666966  
667991	[1025]	:	Key	97	DOWN	at	667990  
668991	[1000]	:	Key	97	UP	at	668127  
669216	[225]	:	Key	71	DOWN	at	669215  
669520	[304]	:	Key	71	UP	at	669351  
671975	[2455]	:	Key	71	DOWN	at	671974  
760584	[88609]	:	Key	22	DOWN	at	760583  
760702	[118]	:	Key	22	UP	at	760702  
763366	[2664]	:	Key	71	DOWN	at	763366  
763512	[146]	:	Key	71	UP	at	763511  
764528	[1016]	:	Key	71	DOWN	at	764527  
1428320	[663792]	:	Key	97	DOWN	at	1428319 
1429320	[1000]	:	Key	97	UP	at	1428415 
1429322	[2]	:	Key	98	DOWN	at	1429015 
1429323	[1]	:	Key	98	UP	at	1429135 
1430991	[1668]	:	Key	71	DOWN	at	1430991 
2182417	[751426]	:	Key	71	DOWN	at	2182416 
2182561	[144]	:	Key	71	UP	at	2182561 
2183152	[591]	:	Key	97	DOWN	at	2183152 
2184152	[1000]	:	Key	97	UP	at	2183232 
2184153	[1]	:	Key	98	DOWN	at	2183945 
2184154	[1]	:	Key	98	UP	at	2184072 
2185560	[1406]	:	Key	71	DOWN	at	2185560 
2855640	[670080]	:	Key	97	DOWN	at	2855640 
2856641	[1001]	:	Key	97	UP	at	2855713 
2857657	[1016]	:	Key	71	DOWN	at	2857656 
3482611	[624954]	:	Key	97	DOWN	at	3482610 
3483610	[999]	:	Key	97	UP	at	3482704 
3483612	[2]	:	Key	98	DOWN	at	3483521 
3483714	[102]	:	Key	98	UP	at	3483649 
3484466	[752]	:	Key	71	DOWN	at	3484465 
4262210	[777744]	:	Key	52	DOWN	at	4262210 
4262355	[145]	:	Key	52	UP	at	4262355 
4263594	[1239]	:	Key	59	DOWN	at	4263593 
4263738	[144]	:	Key	59	UP	at	4263738 
4265379	[1641]	:	Key	69	DOWN	at	4265379 
4265514	[135]	:	Key	69	UP	at	4265514 
4266345	[831]	:	Key	71	DOWN	at	4266345 
4266411	[66]	:	COGENT STOP
