Cog2000 log file Tue Dec 29 23:14:43 2020
gprim v1.33 Compiled:Aug 12 2015 (GLib DirectDraw v7 DX12.0 Compiled:Aug 12 2015)
Display:1024x768x32 59.99Hz
Attaching C:\Sahar Rajabi\Final MBMF+Drug Task\Cogent2000v1.33\Toolbox\CogInput.mexw64
CogInput v1.05 Compiled: May 20 2010
5	[5]	:	COGENT START
34155	[34150]	:	Key	98	DOWN	at	34154   
34259	[104]	:	Key	98	UP	at	34258   
34972	[713]	:	Key	97	DOWN	at	34971   
35084	[112]	:	Key	97	UP	at	35083   
73235	[38151]	:	Key	98	DOWN	at	73235   
73341	[106]	:	Key	98	UP	at	73340   
74619	[1278]	:	Key	97	DOWN	at	74619   
74692	[73]	:	Key	97	UP	at	74683   
74931	[239]	:	Key	97	DOWN	at	74931   
75012	[81]	:	Key	97	UP	at	75011   
132618	[57606]	:	Key	97	DOWN	at	132618  
133618	[1000]	:	Key	97	UP	at	132747  
133763	[145]	:	Key	98	DOWN	at	133762  
133980	[217]	:	Key	98	UP	at	133980  
172811	[38831]	:	Key	71	DOWN	at	172811  
173010	[199]	:	Key	71	UP	at	172971  
187676	[14666]	:	Key	71	DOWN	at	187675  
191116	[3440]	:	Key	71	UP	at	187827  
198836	[7720]	:	Key	71	DOWN	at	198835  
202155	[3319]	:	Key	71	UP	at	198987  
209515	[7360]	:	Key	71	DOWN	at	209515  
212829	[3314]	:	Key	71	UP	at	209667  
217284	[4455]	:	Key	71	DOWN	at	217283  
220594	[3310]	:	Key	71	UP	at	217420  
232180	[11586]	:	Key	71	DOWN	at	232179  
235493	[3313]	:	Key	71	UP	at	232299  
240788	[5295]	:	Key	71	DOWN	at	240788  
244098	[3310]	:	Key	71	UP	at	240907  
247292	[3194]	:	Key	71	DOWN	at	247291  
250603	[3311]	:	Key	71	UP	at	247428  
252300	[1697]	:	Key	71	DOWN	at	252300  
255612	[3312]	:	Key	71	UP	at	252411  
257947	[2335]	:	Key	71	DOWN	at	257947  
261261	[3314]	:	Key	71	UP	at	258059  
262491	[1230]	:	Key	71	DOWN	at	262490  
265801	[3310]	:	Key	71	UP	at	262660  
267461	[1660]	:	Key	71	DOWN	at	267459  
270771	[3310]	:	Key	71	UP	at	267611  
274981	[4210]	:	Key	71	DOWN	at	274980  
278290	[3309]	:	Key	71	UP	at	275115  
279700	[1410]	:	Key	71	DOWN	at	279700  
283006	[3306]	:	Key	71	UP	at	279836  
285493	[2487]	:	Key	71	DOWN	at	285492  
288808	[3315]	:	Key	71	UP	at	285628  
292244	[3436]	:	Key	71	DOWN	at	292244  
295552	[3308]	:	Key	71	UP	at	292396  
299531	[3979]	:	Key	71	DOWN	at	299531  
302843	[3312]	:	Key	71	UP	at	299739  
306971	[4128]	:	Key	71	DOWN	at	306971  
310283	[3312]	:	Key	71	UP	at	307115  
311667	[1384]	:	Key	71	DOWN	at	311667  
314977	[3310]	:	Key	71	UP	at	311828  
316332	[1355]	:	Key	71	DOWN	at	316332  
319641	[3309]	:	Key	71	UP	at	316499  
326997	[7356]	:	Key	71	DOWN	at	326996  
330307	[3310]	:	Key	71	UP	at	327148  
332475	[2168]	:	Key	71	DOWN	at	332475  
335788	[3313]	:	Key	71	UP	at	332651  
338228	[2440]	:	Key	71	DOWN	at	338228  
341539	[3311]	:	Key	71	UP	at	338364  
351076	[9537]	:	Key	71	DOWN	at	351075  
354387	[3311]	:	Key	71	UP	at	351228  
359443	[5056]	:	Key	71	DOWN	at	359443  
362752	[3309]	:	Key	71	UP	at	359563  
365284	[2532]	:	Key	71	DOWN	at	365283  
368593	[3309]	:	Key	71	UP	at	365380  
370453	[1860]	:	Key	71	DOWN	at	370452  
373759	[3306]	:	Key	71	UP	at	370603  
374949	[1190]	:	Key	71	DOWN	at	374948  
378259	[3310]	:	Key	71	UP	at	375075  
380988	[2729]	:	Key	71	DOWN	at	380987  
384296	[3308]	:	Key	71	UP	at	381107  
385844	[1548]	:	Key	71	DOWN	at	385844  
389154	[3310]	:	Key	71	UP	at	386003  
389939	[785]	:	Key	71	DOWN	at	389939  
393251	[3312]	:	Key	71	UP	at	390099  
395652	[2401]	:	Key	71	DOWN	at	395651  
398963	[3311]	:	Key	71	UP	at	395796  
403203	[4240]	:	Key	71	DOWN	at	403203  
406513	[3310]	:	Key	71	UP	at	403339  
408212	[1699]	:	Key	71	DOWN	at	408212  
411523	[3311]	:	Key	71	UP	at	408356  
413140	[1617]	:	Key	71	DOWN	at	413140  
416448	[3308]	:	Key	71	UP	at	413267  
420114	[3666]	:	Key	71	DOWN	at	420114  
423430	[3316]	:	Key	71	UP	at	420276  
424419	[989]	:	Key	71	DOWN	at	424419  
427727	[3308]	:	Key	71	UP	at	424612  
429780	[2053]	:	Key	71	DOWN	at	429779  
433092	[3312]	:	Key	71	UP	at	429939  
434844	[1752]	:	Key	71	DOWN	at	434843  
438156	[3312]	:	Key	71	UP	at	435059  
439172	[1016]	:	Key	71	DOWN	at	439172  
442483	[3311]	:	Key	71	UP	at	439388  
444628	[2145]	:	Key	71	DOWN	at	444627  
447938	[3310]	:	Key	71	UP	at	444771  
449243	[1305]	:	Key	71	DOWN	at	449243  
452553	[3310]	:	Key	71	UP	at	449355  
455117	[2564]	:	Key	71	DOWN	at	455116  
458428	[3311]	:	Key	71	UP	at	455260  
461036	[2608]	:	Key	71	DOWN	at	461036  
464349	[3313]	:	Key	71	UP	at	461164  
466253	[1904]	:	Key	71	DOWN	at	466252  
469561	[3308]	:	Key	71	UP	at	466387  
472268	[2707]	:	Key	71	DOWN	at	472268  
475583	[3315]	:	Key	71	UP	at	472420  
476957	[1374]	:	Key	71	DOWN	at	476956  
480268	[3311]	:	Key	71	UP	at	477060  
481875	[1607]	:	Key	71	DOWN	at	481875  
485186	[3311]	:	Key	71	UP	at	481979  
486619	[1433]	:	Key	71	DOWN	at	486619  
490577	[3958]	:	Key	71	UP	at	486772  
512740	[22163]	:	Key	71	DOWN	at	512739  
513802	[1062]	:	Key	71	UP	at	512883  
515283	[1481]	:	Key	97	DOWN	at	515283  
516395	[1112]	:	Key	97	UP	at	515428  
517212	[817]	:	Key	98	DOWN	at	517212  
518332	[1120]	:	Key	98	UP	at	517364  
519323	[991]	:	Key	97	DOWN	at	519323  
520431	[1108]	:	Key	97	UP	at	519443  
521571	[1140]	:	Key	97	DOWN	at	521571  
522693	[1122]	:	Key	97	UP	at	521683  
523676	[983]	:	Key	97	DOWN	at	523676  
524789	[1113]	:	Key	97	UP	at	523780  
525637	[848]	:	Key	97	DOWN	at	525636  
526757	[1120]	:	Key	97	UP	at	525732  
528093	[1336]	:	Key	98	DOWN	at	528093  
529227	[1134]	:	Key	98	UP	at	528188  
530061	[834]	:	Key	97	DOWN	at	530059  
531737	[1676]	:	Key	97	UP	at	530147  
545603	[13866]	:	Key	71	DOWN	at	545603  
546654	[1051]	:	Key	71	UP	at	545731  
548108	[1454]	:	Key	97	DOWN	at	548107  
549226	[1118]	:	Key	97	UP	at	548196  
550979	[1753]	:	Key	97	DOWN	at	550979  
552110	[1131]	:	Key	97	UP	at	551059  
553324	[1214]	:	Key	98	DOWN	at	553323  
554434	[1110]	:	Key	98	UP	at	553420  
555285	[851]	:	Key	98	DOWN	at	555284  
556403	[1118]	:	Key	98	UP	at	555363  
557862	[1459]	:	Key	97	DOWN	at	557859  
558990	[1128]	:	Key	97	UP	at	557947  
559845	[855]	:	Key	97	DOWN	at	559844  
560959	[1114]	:	Key	97	UP	at	559923  
562244	[1285]	:	Key	97	DOWN	at	562244  
563370	[1126]	:	Key	97	UP	at	562324  
564388	[1018]	:	Key	97	DOWN	at	564388  
565579	[1191]	:	Key	97	UP	at	564459  
572140	[6561]	:	Key	71	DOWN	at	572139  
572462	[322]	:	Key	71	UP	at	572284  
614828	[42366]	:	Key	97	DOWN	at	614828  
614923	[95]	:	Key	97	UP	at	614915  
630843	[15920]	:	Key	97	DOWN	at	630843  
630932	[89]	:	Key	97	UP	at	630931  
648557	[17625]	:	Key	97	DOWN	at	648556  
648661	[104]	:	Key	97	UP	at	648660  
675516	[26855]	:	Key	97	DOWN	at	675516  
675617	[101]	:	Key	97	UP	at	675588  
706372	[30755]	:	Key	97	DOWN	at	706372  
706484	[112]	:	Key	97	UP	at	706484  
745203	[38719]	:	Key	97	DOWN	at	745203  
745284	[81]	:	Key	97	UP	at	745283  
758140	[12856]	:	Key	97	DOWN	at	758140  
758228	[88]	:	Key	97	UP	at	758228  
777661	[19433]	:	Key	97	DOWN	at	777661  
777789	[128]	:	Key	97	UP	at	777788  
792044	[14255]	:	Key	97	DOWN	at	792044  
792151	[107]	:	Key	97	UP	at	792124  
812043	[19892]	:	Key	97	DOWN	at	812043  
812137	[94]	:	Key	97	UP	at	812133  
839715	[27578]	:	Key	97	DOWN	at	839715  
839828	[113]	:	Key	97	UP	at	839828  
850963	[11135]	:	Key	97	DOWN	at	850963  
851060	[97]	:	Key	97	UP	at	851035  
878781	[27721]	:	Key	97	DOWN	at	878780  
878858	[77]	:	Key	97	UP	at	878843  
892725	[13867]	:	Key	98	DOWN	at	892724  
892844	[119]	:	Key	98	UP	at	892843  
893083	[239]	:	Key	98	DOWN	at	893083  
893172	[89]	:	Key	98	UP	at	893172  
893308	[136]	:	Key	98	DOWN	at	893308  
893383	[75]	:	Key	98	UP	at	893371  
893460	[77]	:	Key	98	DOWN	at	893460  
894620	[1160]	:	Key	98	UP	at	894620  
894756	[136]	:	Key	98	DOWN	at	894756  
894835	[79]	:	Key	98	UP	at	894835  
894915	[80]	:	Key	98	DOWN	at	894915  
895011	[96]	:	Key	98	UP	at	895011  
895117	[106]	:	Key	98	DOWN	at	895116  
895192	[75]	:	Key	98	UP	at	895179  
895277	[85]	:	Key	98	DOWN	at	895276  
895348	[71]	:	Key	98	UP	at	895323  
895420	[72]	:	Key	98	DOWN	at	895420  
895498	[78]	:	Key	98	UP	at	895468  
895517	[19]	:	Key	98	DOWN	at	895516  
895580	[63]	:	Key	98	UP	at	895580  
895684	[104]	:	Key	98	DOWN	at	895684  
895770	[86]	:	Key	98	UP	at	895732  
895828	[58]	:	Key	98	DOWN	at	895828  
895900	[72]	:	Key	98	UP	at	895883  
895965	[65]	:	Key	98	DOWN	at	895964  
896036	[71]	:	Key	98	UP	at	896035  
898155	[2119]	:	Key	97	DOWN	at	898155  
898228	[73]	:	Key	97	UP	at	898227  
900716	[2488]	:	Key	98	DOWN	at	900716  
900820	[104]	:	Key	98	UP	at	900820  
901373	[553]	:	Key	97	DOWN	at	901372  
901469	[96]	:	Key	97	UP	at	901469  
901660	[191]	:	Key	97	DOWN	at	901660  
901744	[84]	:	Key	97	UP	at	901740  
915204	[13460]	:	Key	97	DOWN	at	915204  
915301	[97]	:	Key	97	UP	at	915300  
931621	[16320]	:	Key	97	DOWN	at	931620  
931740	[119]	:	Key	97	UP	at	931740  
933748	[2008]	:	Key	97	DOWN	at	933748  
933844	[96]	:	Key	97	UP	at	933844  
935630	[1786]	:	Key	97	DOWN	at	935628  
935700	[70]	:	Key	97	UP	at	935699  
942404	[6704]	:	Key	97	DOWN	at	942404  
942542	[138]	:	Key	97	UP	at	942541  
949149	[6607]	:	Key	97	DOWN	at	949148  
949238	[89]	:	Key	97	UP	at	949237  
956006	[6768]	:	Key	97	DOWN	at	956004  
956100	[94]	:	Key	97	UP	at	956099  
972125	[16025]	:	Key	97	DOWN	at	972124  
972228	[103]	:	Key	97	UP	at	972227  
981956	[9728]	:	Key	97	DOWN	at	981955  
982036	[80]	:	Key	97	UP	at	982036  
990555	[8519]	:	Key	97	DOWN	at	990555  
990701	[146]	:	Key	97	UP	at	990700  
991428	[727]	:	Key	98	DOWN	at	991428  
991532	[104]	:	Key	98	UP	at	991532  
992413	[881]	:	Key	97	DOWN	at	992412  
992515	[102]	:	Key	97	UP	at	992515  
1000837	[8322]	:	Key	97	DOWN	at	1000836 
1000965	[128]	:	Key	97	UP	at	1000964 
1001965	[1000]	:	Key	97	DOWN	at	1001964 
1002124	[159]	:	Key	97	UP	at	1002123 
1003885	[1761]	:	Key	98	DOWN	at	1003884 
1004013	[128]	:	Key	98	UP	at	1004012 
1005492	[1479]	:	Key	97	DOWN	at	1005491 
1005572	[80]	:	Key	97	UP	at	1005572 
1020037	[14465]	:	Key	97	DOWN	at	1020036 
1020181	[144]	:	Key	97	UP	at	1020180 
1054245	[34064]	:	Key	97	DOWN	at	1054245 
1054333	[88]	:	Key	97	UP	at	1054332 
1071422	[17089]	:	Key	97	DOWN	at	1071421 
1071540	[118]	:	Key	97	UP	at	1071540 
1092765	[21225]	:	Key	97	DOWN	at	1092765 
1092931	[166]	:	Key	97	UP	at	1092931 
1106556	[13625]	:	Key	97	DOWN	at	1106556 
1106701	[145]	:	Key	97	UP	at	1106700 
1110757	[4056]	:	Key	98	DOWN	at	1110756 
1110877	[120]	:	Key	98	UP	at	1110876 
1111789	[912]	:	Key	98	DOWN	at	1111788 
1111884	[95]	:	Key	98	UP	at	1111883 
1113237	[1353]	:	Key	98	DOWN	at	1113236 
1113310	[73]	:	Key	98	UP	at	1113309 
1128661	[15351]	:	Key	98	DOWN	at	1128660 
1128781	[120]	:	Key	98	UP	at	1128780 
1129198	[417]	:	Key	98	DOWN	at	1129197 
1129316	[118]	:	Key	98	UP	at	1129316 
1130109	[793]	:	Key	98	DOWN	at	1130108 
1130237	[128]	:	Key	98	UP	at	1130237 
1131317	[1080]	:	Key	98	DOWN	at	1131317 
1131413	[96]	:	Key	98	UP	at	1131413 
1133156	[1743]	:	Key	97	DOWN	at	1133156 
1133245	[89]	:	Key	97	UP	at	1133245 
1133404	[159]	:	Key	97	DOWN	at	1133404 
1133486	[82]	:	Key	97	UP	at	1133484 
1133989	[503]	:	Key	97	DOWN	at	1133989 
1134063	[74]	:	Key	97	UP	at	1134053 
1134628	[565]	:	Key	97	DOWN	at	1134627 
1134723	[95]	:	Key	97	UP	at	1134676 
1135302	[579]	:	Key	97	DOWN	at	1135301 
1135381	[79]	:	Key	97	UP	at	1135380 
1135854	[473]	:	Key	97	DOWN	at	1135853 
1135922	[68]	:	Key	97	UP	at	1135916 
1162148	[26226]	:	Key	98	DOWN	at	1162148 
1162233	[85]	:	Key	98	UP	at	1162219 
1162908	[675]	:	Key	98	DOWN	at	1162908 
1162997	[89]	:	Key	98	UP	at	1162996 
1169294	[6297]	:	Key	98	DOWN	at	1169293 
1169406	[112]	:	Key	98	UP	at	1169405 
1173251	[3845]	:	Key	98	DOWN	at	1173251 
1173349	[98]	:	Key	98	UP	at	1173348 
1181228	[7879]	:	Key	98	DOWN	at	1181228 
1181365	[137]	:	Key	98	UP	at	1181364 
1191517	[10152]	:	Key	97	DOWN	at	1191516 
1192604	[1087]	:	Key	97	UP	at	1192604 
1192772	[168]	:	Key	97	DOWN	at	1192772 
1192893	[121]	:	Key	97	UP	at	1192893 
1193076	[183]	:	Key	97	DOWN	at	1193075 
1193149	[73]	:	Key	97	UP	at	1193148 
1193317	[168]	:	Key	97	DOWN	at	1193316 
1193429	[112]	:	Key	97	UP	at	1193429 
1193676	[247]	:	Key	97	DOWN	at	1193676 
1193766	[90]	:	Key	97	UP	at	1193765 
1194125	[359]	:	Key	97	DOWN	at	1194124 
1194202	[77]	:	Key	97	UP	at	1194197 
1196348	[2146]	:	Key	97	DOWN	at	1196348 
1197349	[1001]	:	Key	97	UP	at	1196437 
1278406	[81057]	:	Key	71	DOWN	at	1278405 
1278709	[303]	:	Key	71	UP	at	1278507 
1281308	[2599]	:	Key	71	DOWN	at	1281308 
1418366	[137058]	:	Key	71	DOWN	at	1418365 
1418462	[96]	:	Key	71	UP	at	1418461 
1420405	[1943]	:	Key	71	DOWN	at	1420405 
2195662	[775257]	:	Key	97	DOWN	at	2195662 
2196663	[1001]	:	Key	97	UP	at	2195781 
2199502	[2839]	:	Key	71	DOWN	at	2199501 
2934248	[734746]	:	Key	98	DOWN	at	2934247 
2934358	[110]	:	Key	98	UP	at	2934357 
2935150	[792]	:	Key	97	DOWN	at	2935150 
2936150	[1000]	:	Key	97	UP	at	2935278 
2938598	[2448]	:	Key	71	DOWN	at	2938598 
3705047	[766449]	:	Key	97	DOWN	at	3705047 
3706048	[1001]	:	Key	97	UP	at	3705223 
3706050	[2]	:	Key	98	DOWN	at	3705878 
3706051	[1]	:	Key	98	UP	at	3705999 
3716407	[10356]	:	Key	71	DOWN	at	3716407 
4486423	[770016]	:	Key	97	DOWN	at	4486423 
4487424	[1001]	:	Key	97	UP	at	4486488 
4490640	[3216]	:	Key	71	DOWN	at	4490640 
5657243	[1166603]	:	Key	71	DOWN	at	5657242 
5657266	[23]	:	COGENT STOP
