Cog2000 log file Wed Mar 03 10:10:13 2021
gprim v1.33 Compiled:Aug 12 2015 (GLib DirectDraw v7 DX10.0 Compiled:Aug 12 2015)
Display:1024x768x32 60.02Hz
Attaching E:\saharrajabi\final mbmf+drug task\cogent2000v1.33\toolbox\CogInput.mexw64
CogInput v1.05 Compiled: May 20 2010
3	[3]	:	COGENT START
46528	[46525]	:	Key	97	DOWN	at	46528   
46728	[200]	:	Key	97	UP	at	46728   
63784	[17056]	:	Key	97	DOWN	at	63784   
63945	[161]	:	Key	97	UP	at	63945   
98600	[34655]	:	Key	97	DOWN	at	98600   
99600	[1000]	:	Key	97	UP	at	98768   
99738	[138]	:	Key	97	DOWN	at	99617   
99840	[102]	:	Key	97	UP	at	99840   
152728	[52888]	:	Key	97	DOWN	at	152728  
152880	[152]	:	Key	97	UP	at	152880  
158889	[6009]	:	Key	71	DOWN	at	158889  
159162	[273]	:	Key	71	UP	at	159017  
171585	[12423]	:	Key	71	DOWN	at	171585  
175000	[3415]	:	Key	71	UP	at	171745  
187935	[12935]	:	Key	71	DOWN	at	187935  
187935	[0]	:	Key	71	UP	at	187935  
197055	[9120]	:	Key	71	DOWN	at	197055  
200357	[3302]	:	Key	71	UP	at	197104  
205605	[5248]	:	Key	71	DOWN	at	205605  
208906	[3301]	:	Key	71	UP	at	205725  
221220	[12314]	:	Key	71	DOWN	at	221220  
224514	[3294]	:	Key	71	UP	at	221349  
226779	[2265]	:	Key	71	DOWN	at	226779  
230080	[3301]	:	Key	71	UP	at	226891  
233195	[3115]	:	Key	71	DOWN	at	233195  
236496	[3301]	:	Key	71	UP	at	233308  
240243	[3747]	:	Key	71	DOWN	at	240243  
243542	[3299]	:	Key	71	UP	at	240387  
250547	[7005]	:	Key	71	DOWN	at	250547  
253850	[3303]	:	Key	71	UP	at	250868  
256914	[3064]	:	Key	71	DOWN	at	256914  
260214	[3300]	:	Key	71	UP	at	257252  
262963	[2749]	:	Key	71	DOWN	at	262963  
266264	[3301]	:	Key	71	UP	at	262983  
270759	[4495]	:	Key	71	DOWN	at	270759  
274061	[3302]	:	Key	71	UP	at	270984  
275310	[1249]	:	Key	71	DOWN	at	275310  
278610	[3300]	:	Key	71	UP	at	275672  
283943	[5333]	:	Key	71	DOWN	at	283943  
287232	[3289]	:	Key	71	UP	at	284208  
292997	[5765]	:	Key	71	DOWN	at	292997  
292997	[0]	:	Key	71	UP	at	292997  
297535	[4538]	:	Key	71	DOWN	at	297535  
300837	[3302]	:	Key	71	UP	at	297863  
304255	[3418]	:	Key	71	DOWN	at	304255  
307556	[3301]	:	Key	71	UP	at	304520  
308806	[1250]	:	Key	71	DOWN	at	308806  
312105	[3299]	:	Key	71	UP	at	309160  
317263	[5158]	:	Key	71	DOWN	at	317263  
320565	[3302]	:	Key	71	UP	at	317535  
326071	[5506]	:	Key	71	DOWN	at	326071  
329373	[3302]	:	Key	71	UP	at	326264  
335966	[6593]	:	Key	71	DOWN	at	335966  
339267	[3301]	:	Key	71	UP	at	336127  
345719	[6452]	:	Key	71	DOWN	at	345719  
349022	[3303]	:	Key	71	UP	at	345862  
353598	[4576]	:	Key	71	DOWN	at	353598  
356898	[3300]	:	Key	71	UP	at	353695  
359527	[2629]	:	Key	71	DOWN	at	359527  
362829	[3302]	:	Key	71	UP	at	359760  
365383	[2554]	:	Key	71	DOWN	at	365383  
368684	[3301]	:	Key	71	UP	at	365551  
373111	[4427]	:	Key	71	DOWN	at	373111  
376414	[3303]	:	Key	71	UP	at	373344  
379630	[3216]	:	Key	71	DOWN	at	379630  
382930	[3300]	:	Key	71	UP	at	379935  
383998	[1068]	:	Key	71	DOWN	at	383998  
387300	[3302]	:	Key	71	UP	at	384205  
392094	[4794]	:	Key	71	DOWN	at	392094  
395395	[3301]	:	Key	71	UP	at	392335  
396485	[1090]	:	Key	71	DOWN	at	396485  
399785	[3300]	:	Key	71	UP	at	396775  
418725	[18940]	:	Key	71	DOWN	at	418725  
422025	[3300]	:	Key	71	UP	at	419350  
424702	[2677]	:	Key	71	DOWN	at	424702  
428004	[3302]	:	Key	71	UP	at	424935  
443836	[15832]	:	Key	71	DOWN	at	443836  
447139	[3303]	:	Key	71	UP	at	444101  
455452	[8313]	:	Key	71	DOWN	at	455452  
458753	[3301]	:	Key	71	UP	at	455844  
460500	[1747]	:	Key	71	DOWN	at	460500  
463802	[3302]	:	Key	71	UP	at	460797  
464900	[1098]	:	Key	71	DOWN	at	464900  
468201	[3301]	:	Key	71	UP	at	465141  
468203	[2]	:	Key	71	DOWN	at	467740  
468204	[1]	:	Key	71	UP	at	467996  
471339	[3135]	:	Key	71	DOWN	at	471339  
474641	[3302]	:	Key	71	UP	at	471547  
474643	[2]	:	Key	71	DOWN	at	474403  
474755	[112]	:	Key	71	UP	at	474755  
476452	[1697]	:	Key	71	DOWN	at	476452  
479755	[3303]	:	Key	71	UP	at	476612  
484155	[4400]	:	Key	71	DOWN	at	484155  
487456	[3301]	:	Key	71	UP	at	484356  
495596	[8140]	:	Key	71	DOWN	at	495596  
498898	[3302]	:	Key	71	UP	at	495780  
501155	[2257]	:	Key	71	DOWN	at	501155  
504445	[3290]	:	Key	71	UP	at	501508  
507219	[2774]	:	Key	71	DOWN	at	507219  
510521	[3302]	:	Key	71	UP	at	507491  
512099	[1578]	:	Key	71	DOWN	at	512099  
515395	[3296]	:	Key	71	UP	at	512356  
518785	[3390]	:	Key	71	DOWN	at	518785  
522085	[3300]	:	Key	71	UP	at	518907  
528330	[6245]	:	Key	71	DOWN	at	528330  
531630	[3300]	:	Key	71	UP	at	528578  
531632	[2]	:	Key	71	DOWN	at	530819  
531633	[1]	:	Key	71	UP	at	531123  
533112	[1479]	:	Key	71	DOWN	at	533112  
533114	[2]	:	Key	71	UP	at	533114  
536414	[3300]	:	Key	71	DOWN	at	536299  
536666	[252]	:	Key	71	UP	at	536666  
538066	[1400]	:	Key	71	DOWN	at	538066  
541354	[3288]	:	Key	71	UP	at	538177  
561472	[20118]	:	Key	71	DOWN	at	561472  
565449	[3977]	:	Key	71	UP	at	561640  
606038	[40589]	:	Key	71	DOWN	at	606038  
607088	[1050]	:	Key	71	UP	at	606175  
608620	[1532]	:	Key	97	DOWN	at	608620  
609771	[1151]	:	Key	97	UP	at	608805  
610700	[929]	:	Key	98	DOWN	at	610700  
611823	[1123]	:	Key	98	UP	at	610877  
614700	[2877]	:	Key	97	DOWN	at	614700  
615827	[1127]	:	Key	97	UP	at	614844  
617092	[1265]	:	Key	97	DOWN	at	617092  
618201	[1109]	:	Key	97	UP	at	617253  
619861	[1660]	:	Key	97	DOWN	at	619861  
620994	[1133]	:	Key	97	UP	at	620053  
622083	[1089]	:	Key	97	DOWN	at	622083  
623195	[1112]	:	Key	97	UP	at	623161  
627131	[3936]	:	Key	98	DOWN	at	627131  
628262	[1131]	:	Key	98	UP	at	627308  
629370	[1108]	:	Key	97	DOWN	at	629370  
631070	[1700]	:	Key	97	UP	at	629530  
644954	[13884]	:	Key	71	DOWN	at	644954  
645974	[1020]	:	Key	71	UP	at	645051  
648034	[2060]	:	Key	98	DOWN	at	648034  
649179	[1145]	:	Key	98	UP	at	648202  
657130	[7951]	:	Key	97	DOWN	at	657130  
658242	[1112]	:	Key	97	UP	at	657283  
671794	[13552]	:	Key	98	DOWN	at	671794  
672909	[1115]	:	Key	98	UP	at	671906  
674810	[1901]	:	Key	97	DOWN	at	674810  
675937	[1127]	:	Key	97	UP	at	674882  
678306	[2369]	:	Key	97	DOWN	at	678306  
679442	[1136]	:	Key	97	UP	at	678386  
681201	[1759]	:	Key	97	DOWN	at	681201  
682318	[1117]	:	Key	97	UP	at	681289  
684217	[1899]	:	Key	97	DOWN	at	684217  
685339	[1122]	:	Key	97	UP	at	684321  
686474	[1135]	:	Key	97	DOWN	at	686474  
687637	[1163]	:	Key	97	UP	at	686562  
691050	[3413]	:	Key	71	DOWN	at	691050  
691374	[324]	:	Key	71	UP	at	691131  
693306	[1932]	:	Key	71	DOWN	at	693306  
693386	[80]	:	Key	71	UP	at	693386  
694114	[728]	:	Key	71	DOWN	at	694114  
697417	[3303]	:	Key	71	UP	at	694203  
704203	[6786]	:	Key	71	DOWN	at	704203  
707506	[3303]	:	Key	71	UP	at	704283  
713189	[5683]	:	Key	71	DOWN	at	713189  
713190	[1]	:	Key	71	UP	at	713190  
713190	[0]	:	Key	71	DOWN	at	713190  
713190	[0]	:	Key	71	UP	at	713190  
718576	[5386]	:	Key	71	DOWN	at	718576  
721876	[3300]	:	Key	71	UP	at	718816  
724045	[2169]	:	Key	71	DOWN	at	724045  
727346	[3301]	:	Key	71	UP	at	724285  
734012	[6666]	:	Key	71	DOWN	at	734012  
737312	[3300]	:	Key	71	UP	at	734197  
741444	[4132]	:	Key	71	DOWN	at	741444  
744745	[3301]	:	Key	71	UP	at	741628  
745531	[786]	:	Key	71	DOWN	at	745531  
748817	[3286]	:	Key	71	UP	at	745772  
751459	[2642]	:	Key	71	DOWN	at	751459  
754760	[3301]	:	Key	71	UP	at	751612  
755355	[595]	:	Key	71	DOWN	at	755355  
758658	[3303]	:	Key	71	UP	at	755483  
759276	[618]	:	Key	71	DOWN	at	759276  
762572	[3296]	:	Key	71	UP	at	759460  
762574	[2]	:	Key	71	DOWN	at	760805  
762575	[1]	:	Key	71	UP	at	760988  
763738	[1163]	:	Key	71	DOWN	at	763738  
767039	[3301]	:	Key	71	UP	at	763907  
770274	[3235]	:	Key	71	DOWN	at	770274  
773574	[3300]	:	Key	71	UP	at	770379  
774315	[741]	:	Key	71	DOWN	at	774315  
777606	[3291]	:	Key	71	UP	at	774459  
783130	[5524]	:	Key	71	DOWN	at	783130  
786431	[3301]	:	Key	71	UP	at	783259  
791779	[5348]	:	Key	71	DOWN	at	791779  
795688	[3909]	:	Key	71	UP	at	792019  
796458	[770]	:	Key	71	DOWN	at	796458  
797500	[1042]	:	Key	71	UP	at	796563  
799154	[1654]	:	Key	97	DOWN	at	799154  
800268	[1114]	:	Key	97	UP	at	799250  
801650	[1382]	:	Key	98	DOWN	at	801650  
802779	[1129]	:	Key	98	UP	at	801778  
804858	[2079]	:	Key	97	DOWN	at	804858  
805986	[1128]	:	Key	97	UP	at	804985  
808875	[2889]	:	Key	97	DOWN	at	808875  
810010	[1135]	:	Key	97	UP	at	808986  
813098	[3088]	:	Key	98	DOWN	at	813098  
814212	[1114]	:	Key	98	UP	at	813299  
815891	[1679]	:	Key	97	DOWN	at	815891  
817025	[1134]	:	Key	97	UP	at	816099  
818241	[1216]	:	Key	97	DOWN	at	818241  
819364	[1123]	:	Key	97	UP	at	818379  
822050	[2686]	:	Key	97	DOWN	at	822050  
823752	[1702]	:	Key	97	UP	at	822153  
827035	[3283]	:	Key	71	DOWN	at	827035  
828078	[1043]	:	Key	71	UP	at	827147  
831634	[3556]	:	Key	98	DOWN	at	831634  
832749	[1115]	:	Key	98	UP	at	831738  
835154	[2405]	:	Key	98	DOWN	at	835154  
836285	[1131]	:	Key	98	UP	at	835323  
838418	[2133]	:	Key	97	DOWN	at	838418  
839533	[1115]	:	Key	97	UP	at	838539  
842794	[3261]	:	Key	98	DOWN	at	842794  
843922	[1128]	:	Key	98	UP	at	842938  
848546	[4624]	:	Key	98	DOWN	at	848546  
849670	[1124]	:	Key	98	UP	at	848683  
851043	[1373]	:	Key	97	DOWN	at	851043  
852171	[1128]	:	Key	97	UP	at	851138  
854330	[2159]	:	Key	98	DOWN	at	854330  
855453	[1123]	:	Key	98	UP	at	854434  
857850	[2397]	:	Key	98	DOWN	at	857850  
859074	[1224]	:	Key	98	UP	at	857961  
864313	[5239]	:	Key	71	DOWN	at	864313  
864629	[316]	:	Key	71	UP	at	864410  
866034	[1405]	:	Key	71	DOWN	at	866034  
866129	[95]	:	Key	71	UP	at	866129  
867865	[1736]	:	Key	71	DOWN	at	867865  
871168	[3303]	:	Key	71	UP	at	868026  
872481	[1313]	:	Key	71	DOWN	at	872481  
875782	[3301]	:	Key	71	UP	at	872706  
878286	[2504]	:	Key	71	DOWN	at	878286  
878286	[0]	:	Key	71	UP	at	878286  
881589	[3303]	:	Key	71	DOWN	at	881082  
881591	[2]	:	Key	71	UP	at	881314  
884409	[2818]	:	Key	71	DOWN	at	884409  
887699	[3290]	:	Key	71	UP	at	884594  
890617	[2918]	:	Key	71	DOWN	at	890617  
893920	[3303]	:	Key	71	UP	at	890802  
893922	[2]	:	Key	71	DOWN	at	893290  
893923	[1]	:	Key	71	UP	at	893410  
894625	[702]	:	Key	71	DOWN	at	894625  
897926	[3301]	:	Key	71	UP	at	894816  
898354	[428]	:	Key	71	DOWN	at	898354  
901655	[3301]	:	Key	71	UP	at	898562  
903266	[1611]	:	Key	71	DOWN	at	903266  
907172	[3906]	:	Key	71	UP	at	903442  
907173	[1]	:	Key	71	DOWN	at	906026  
907173	[0]	:	Key	71	UP	at	906210  
909153	[1980]	:	Key	71	DOWN	at	909153  
910204	[1051]	:	Key	71	UP	at	909322  
911312	[1108]	:	Key	97	DOWN	at	911312  
912425	[1113]	:	Key	97	UP	at	911400  
913570	[1145]	:	Key	98	DOWN	at	913570  
914704	[1134]	:	Key	98	UP	at	913673  
915674	[970]	:	Key	98	DOWN	at	915674  
916806	[1132]	:	Key	98	UP	at	915793  
917602	[796]	:	Key	97	DOWN	at	917602  
918729	[1127]	:	Key	97	UP	at	917705  
920001	[1272]	:	Key	98	DOWN	at	920001  
921124	[1123]	:	Key	98	UP	at	920129  
923297	[2173]	:	Key	97	DOWN	at	923297  
923297	[0]	:	Key	97	UP	at	923297  
924423	[1126]	:	Key	97	DOWN	at	923298  
924424	[1]	:	Key	97	UP	at	923466  
925793	[1369]	:	Key	97	DOWN	at	925793  
926921	[1128]	:	Key	97	UP	at	925970  
927897	[976]	:	Key	98	DOWN	at	927897  
929589	[1692]	:	Key	98	UP	at	928088  
930665	[1076]	:	Key	71	DOWN	at	930665  
931716	[1051]	:	Key	71	UP	at	930825  
933529	[1813]	:	Key	98	DOWN	at	933529  
934653	[1124]	:	Key	98	UP	at	933714  
936729	[2076]	:	Key	98	DOWN	at	936729  
937842	[1113]	:	Key	98	UP	at	936921  
939297	[1455]	:	Key	97	DOWN	at	939297  
940417	[1120]	:	Key	97	UP	at	939474  
941713	[1296]	:	Key	98	DOWN	at	941713  
942844	[1131]	:	Key	98	UP	at	941898  
944505	[1661]	:	Key	98	DOWN	at	944505  
945637	[1132]	:	Key	98	UP	at	944674  
946977	[1340]	:	Key	98	DOWN	at	946977  
948095	[1118]	:	Key	98	UP	at	947178  
949890	[1795]	:	Key	98	DOWN	at	949890  
951013	[1123]	:	Key	98	UP	at	950050  
953306	[2293]	:	Key	97	DOWN	at	953306  
953306	[0]	:	Key	97	UP	at	953306  
954490	[1184]	:	Key	97	DOWN	at	953307  
954490	[0]	:	Key	97	UP	at	953434  
956202	[1712]	:	Key	71	DOWN	at	956202  
956535	[333]	:	Key	71	UP	at	956322  
977992	[21457]	:	Key	97	DOWN	at	977992  
978184	[192]	:	Key	97	UP	at	978184  
1005996	[27812]	:	Key	97	DOWN	at	1005996 
1006079	[83]	:	Key	97	UP	at	1006077 
1063447	[57368]	:	Key	97	DOWN	at	1063447 
1063559	[112]	:	Key	97	UP	at	1063559 
1076103	[12544]	:	Key	98	DOWN	at	1076103 
1076295	[192]	:	Key	98	UP	at	1076295 
1079927	[3632]	:	Key	97	DOWN	at	1079927 
1080055	[128]	:	Key	97	UP	at	1080055 
1083375	[3320]	:	Key	98	DOWN	at	1083375 
1083567	[192]	:	Key	98	UP	at	1083567 
1088376	[4809]	:	Key	97	DOWN	at	1088376 
1088376	[0]	:	Key	97	UP	at	1088376 
1088459	[83]	:	Key	97	DOWN	at	1088377 
1088560	[101]	:	Key	97	UP	at	1088560 
1093864	[5304]	:	Key	98	DOWN	at	1093864 
1094088	[224]	:	Key	98	UP	at	1094088 
1097056	[2968]	:	Key	97	DOWN	at	1097056 
1097223	[167]	:	Key	97	UP	at	1097223 
1105535	[8312]	:	Key	97	DOWN	at	1105535 
1105711	[176]	:	Key	97	UP	at	1105711 
1131944	[26233]	:	Key	97	DOWN	at	1131944 
1132128	[184]	:	Key	97	UP	at	1132128 
1167125	[34997]	:	Key	97	DOWN	at	1167125 
1167397	[272]	:	Key	97	UP	at	1167397 
1179142	[11745]	:	Key	97	DOWN	at	1179142 
1179406	[264]	:	Key	97	UP	at	1179406 
1206509	[27103]	:	Key	97	DOWN	at	1206509 
1206709	[200]	:	Key	97	UP	at	1206709 
1226148	[19439]	:	Key	97	DOWN	at	1226148 
1226364	[216]	:	Key	97	UP	at	1226364 
1240380	[14016]	:	Key	97	DOWN	at	1240380 
1240596	[216]	:	Key	97	UP	at	1240596 
1256868	[16272]	:	Key	97	DOWN	at	1256868 
1257076	[208]	:	Key	97	UP	at	1257076 
1268468	[11392]	:	Key	97	DOWN	at	1268468 
1268468	[0]	:	Key	97	UP	at	1268468 
1291412	[22944]	:	Key	97	DOWN	at	1291412 
1291660	[248]	:	Key	97	UP	at	1291660 
1308620	[16960]	:	Key	97	DOWN	at	1308620 
1308771	[151]	:	Key	97	UP	at	1308771 
1333812	[25041]	:	Key	97	DOWN	at	1333812 
1333956	[144]	:	Key	97	UP	at	1333956 
1354803	[20847]	:	Key	97	DOWN	at	1354803 
1355043	[240]	:	Key	97	UP	at	1355043 
1376267	[21224]	:	Key	97	DOWN	at	1376267 
1376418	[151]	:	Key	97	UP	at	1376418 
1392459	[16041]	:	Key	97	DOWN	at	1392459 
1392619	[160]	:	Key	97	UP	at	1392619 
1410938	[18319]	:	Key	97	DOWN	at	1410938 
1411083	[145]	:	Key	97	UP	at	1411083 
1484056	[72973]	:	Key	97	DOWN	at	1484056 
1485056	[1000]	:	Key	97	UP	at	1484169 
1491393	[6337]	:	Key	97	DOWN	at	1491393 
1491625	[232]	:	Key	97	UP	at	1491625 
1494217	[2592]	:	Key	71	DOWN	at	1494217 
1494515	[298]	:	Key	71	UP	at	1494330 
1497409	[2894]	:	Key	71	DOWN	at	1497409 
1684685	[187276]	:	Key	71	DOWN	at	1684685 
1684846	[161]	:	Key	71	UP	at	1684846 
1687381	[2535]	:	Key	71	DOWN	at	1687381 
1692478	[5097]	:	Key	71	DOWN	at	1691877 
1692479	[1]	:	Key	71	UP	at	1692125 
2028451	[335972]	:	Key	71	DOWN	at	2028384 
2238721	[210270]	:	Key	71	DOWN	at	2238721 
2239121	[400]	:	Key	71	UP	at	2239121 
2276470	[37349]	:	Key	71	DOWN	at	2276470 
2276582	[112]	:	Key	71	UP	at	2276582 
2276990	[408]	:	Key	97	DOWN	at	2276990 
2277070	[80]	:	Key	97	UP	at	2277070 
2277303	[233]	:	Key	98	DOWN	at	2277303 
2277383	[80]	:	Key	98	UP	at	2277383 
2325106	[47723]	:	Key	97	DOWN	at	2325106 
2326106	[1000]	:	Key	97	UP	at	2325275 
2326986	[880]	:	Key	71	DOWN	at	2326986 
2332066	[5080]	:	Key	71	DOWN	at	2331476 
2332067	[1]	:	Key	71	UP	at	2331588 
2922008	[589941]	:	Key	97	DOWN	at	2922008 
2923008	[1000]	:	Key	97	UP	at	2922161 
2924071	[1063]	:	Key	71	DOWN	at	2924071 
3572711	[648640]	:	Key	97	DOWN	at	3572711 
3573711	[1000]	:	Key	97	UP	at	3572808 
3574423	[712]	:	Key	71	DOWN	at	3574423 
4180676	[606253]	:	Key	97	DOWN	at	4180676 
4181676	[1000]	:	Key	97	UP	at	4180862 
4182412	[736]	:	Key	71	DOWN	at	4182412 
5323876	[1141464]	:	Key	71	DOWN	at	5323876 
5324325	[449]	:	Key	71	UP	at	5324061 
5324359	[34]	:	COGENT STOP
