Cog2000 log file Mon Mar 15 10:33:39 2021
gprim v1.33 Compiled:Aug 12 2015 (GLib DirectDraw v7 DX10.0 Compiled:Aug 12 2015)
Display:1024x768x32 60.02Hz
Attaching E:\saharrajabi\final mbmf+drug task\cogent2000v1.33\toolbox\CogInput.mexw64
CogInput v1.05 Compiled: May 20 2010
7	[7]	:	COGENT START
28850	[28843]	:	Key	97	DOWN	at	28849   
29008	[158]	:	Key	97	UP	at	29008   
30617	[1609]	:	Key	97	DOWN	at	30617   
30728	[111]	:	Key	97	UP	at	30728   
31320	[592]	:	Key	97	DOWN	at	31320   
32320	[1000]	:	Key	97	UP	at	31465   
33281	[961]	:	Key	97	DOWN	at	33281   
33293	[12]	:	Key	97	UP	at	33293   
34928	[1635]	:	Key	97	DOWN	at	34928   
35168	[240]	:	Key	97	UP	at	35168   
36329	[1161]	:	Key	71	DOWN	at	36329   
36494	[165]	:	Key	71	UP	at	36473   
36801	[307]	:	Key	71	DOWN	at	36801   
40184	[3383]	:	Key	71	UP	at	36882   
46297	[6113]	:	Key	71	DOWN	at	46297   
49593	[3296]	:	Key	71	UP	at	46482   
51241	[1648]	:	Key	71	DOWN	at	51241   
54541	[3300]	:	Key	71	UP	at	51593   
55601	[1060]	:	Key	71	DOWN	at	55601   
58900	[3299]	:	Key	71	UP	at	55946   
60001	[1101]	:	Key	71	DOWN	at	60001   
63303	[3302]	:	Key	71	UP	at	60474   
82664	[19361]	:	Key	71	DOWN	at	82664   
85965	[3301]	:	Key	71	UP	at	82794   
90754	[4789]	:	Key	71	DOWN	at	90754   
94054	[3300]	:	Key	71	UP	at	90962   
96785	[2731]	:	Key	71	DOWN	at	96785   
100084	[3299]	:	Key	71	UP	at	97098   
104400	[4316]	:	Key	71	DOWN	at	104400  
107700	[3300]	:	Key	71	UP	at	104656  
113247	[5547]	:	Key	71	DOWN	at	113247  
116546	[3299]	:	Key	71	UP	at	113512  
122174	[5628]	:	Key	71	DOWN	at	122174  
125470	[3296]	:	Key	71	UP	at	123314  
130054	[4584]	:	Key	71	DOWN	at	130054  
133334	[3280]	:	Key	71	UP	at	130167  
134421	[1087]	:	Key	71	DOWN	at	134421  
137714	[3293]	:	Key	71	UP	at	134597  
139965	[2251]	:	Key	71	DOWN	at	139965  
143256	[3291]	:	Key	71	UP	at	140166  
147510	[4254]	:	Key	71	DOWN	at	147510  
150792	[3282]	:	Key	71	UP	at	147782  
158543	[7751]	:	Key	71	DOWN	at	158543  
161811	[3268]	:	Key	71	UP	at	158662  
163054	[1243]	:	Key	71	DOWN	at	163054  
166340	[3286]	:	Key	71	UP	at	163246  
170933	[4593]	:	Key	71	DOWN	at	170933  
174226	[3293]	:	Key	71	UP	at	171085  
177975	[3749]	:	Key	71	DOWN	at	177975  
181261	[3286]	:	Key	71	UP	at	178063  
184142	[2881]	:	Key	71	DOWN	at	184142  
187432	[3290]	:	Key	71	UP	at	184311  
193846	[6414]	:	Key	71	DOWN	at	193846  
197143	[3297]	:	Key	71	UP	at	194199  
202486	[5343]	:	Key	71	DOWN	at	202486  
205770	[3284]	:	Key	71	UP	at	202830  
210566	[4796]	:	Key	71	DOWN	at	210566  
213863	[3297]	:	Key	71	UP	at	210695  
215047	[1184]	:	Key	71	DOWN	at	215047  
218347	[3300]	:	Key	71	UP	at	215231  
218950	[603]	:	Key	71	DOWN	at	218950  
222238	[3288]	:	Key	71	UP	at	219135  
223030	[792]	:	Key	71	DOWN	at	223030  
226318	[3288]	:	Key	71	UP	at	223287  
228365	[2047]	:	Key	71	DOWN	at	228365  
228367	[2]	:	Key	71	UP	at	228366  
234247	[5880]	:	Key	71	DOWN	at	234247  
237548	[3301]	:	Key	71	UP	at	234471  
238974	[1426]	:	Key	71	DOWN	at	238974  
242253	[3279]	:	Key	71	UP	at	239207  
243368	[1115]	:	Key	71	DOWN	at	243368  
243370	[2]	:	Key	71	UP	at	243370  
248775	[5405]	:	Key	71	DOWN	at	248775  
252076	[3301]	:	Key	71	UP	at	249103  
253206	[1130]	:	Key	71	DOWN	at	253206  
256507	[3301]	:	Key	71	UP	at	253495  
258377	[1870]	:	Key	71	DOWN	at	258377  
258377	[0]	:	Key	71	UP	at	258377  
268701	[10324]	:	Key	71	DOWN	at	268701  
272001	[3300]	:	Key	71	UP	at	268806  
273381	[1380]	:	Key	71	DOWN	at	273381  
273383	[2]	:	Key	71	UP	at	273383  
277972	[4589]	:	Key	71	DOWN	at	277972  
281272	[3300]	:	Key	71	UP	at	278300  
283205	[1933]	:	Key	71	DOWN	at	283205  
286506	[3301]	:	Key	71	UP	at	283474  
287332	[826]	:	Key	71	DOWN	at	287332  
290620	[3288]	:	Key	71	UP	at	288402  
291915	[1295]	:	Key	71	DOWN	at	291915  
295215	[3300]	:	Key	71	UP	at	292109  
296660	[1445]	:	Key	71	DOWN	at	296660  
299960	[3300]	:	Key	71	UP	at	296804  
303399	[3439]	:	Key	71	DOWN	at	303399  
303399	[0]	:	Key	71	UP	at	303399  
308140	[4741]	:	Key	71	DOWN	at	308140  
311440	[3300]	:	Key	71	UP	at	308221  
315429	[3989]	:	Key	71	DOWN	at	315429  
318718	[3289]	:	Key	71	UP	at	315709  
323180	[4462]	:	Key	71	DOWN	at	323180  
326482	[3302]	:	Key	71	UP	at	323325  
331348	[4866]	:	Key	71	DOWN	at	331348  
334648	[3300]	:	Key	71	UP	at	331573  
338053	[3405]	:	Key	71	DOWN	at	338053  
341353	[3300]	:	Key	71	UP	at	338189  
353716	[12363]	:	Key	71	DOWN	at	353716  
357016	[3300]	:	Key	71	UP	at	353941  
359633	[2617]	:	Key	71	DOWN	at	359633  
363608	[3975]	:	Key	71	UP	at	360090  
426690	[63082]	:	Key	71	DOWN	at	426690  
427739	[1049]	:	Key	71	UP	at	426794  
428761	[1022]	:	Key	97	DOWN	at	428761  
429900	[1139]	:	Key	97	UP	at	428937  
430657	[757]	:	Key	97	DOWN	at	430657  
431780	[1123]	:	Key	97	UP	at	430874  
432609	[829]	:	Key	97	DOWN	at	432609  
433733	[1124]	:	Key	97	UP	at	432834  
435505	[1772]	:	Key	98	DOWN	at	435505  
436638	[1133]	:	Key	98	UP	at	435706  
437313	[675]	:	Key	97	DOWN	at	437313  
438468	[1155]	:	Key	97	UP	at	438468  
439194	[726]	:	Key	97	DOWN	at	439194  
440330	[1136]	:	Key	97	UP	at	439442  
441306	[976]	:	Key	98	DOWN	at	441306  
442463	[1157]	:	Key	98	UP	at	441682  
444258	[1795]	:	Key	98	DOWN	at	444258  
445984	[1726]	:	Key	98	UP	at	444482  
450401	[4417]	:	Key	71	DOWN	at	450401  
451438	[1037]	:	Key	71	UP	at	450650  
453467	[2029]	:	Key	97	DOWN	at	453467  
453467	[0]	:	Key	97	UP	at	453467  
454596	[1129]	:	Key	97	DOWN	at	453468  
454597	[1]	:	Key	97	UP	at	453690  
456418	[1821]	:	Key	97	DOWN	at	456418  
457538	[1120]	:	Key	97	UP	at	456778  
458673	[1135]	:	Key	98	DOWN	at	458673  
459792	[1119]	:	Key	98	UP	at	459066  
460841	[1049]	:	Key	97	DOWN	at	460841  
461964	[1123]	:	Key	97	UP	at	461218  
463009	[1045]	:	Key	98	DOWN	at	463009  
464124	[1115]	:	Key	98	UP	at	463338  
465745	[1621]	:	Key	98	DOWN	at	465745  
466871	[1126]	:	Key	98	UP	at	466170  
468471	[1600]	:	Key	97	DOWN	at	468471  
468471	[0]	:	Key	97	UP	at	468471  
469589	[1118]	:	Key	97	DOWN	at	468642  
469590	[1]	:	Key	97	UP	at	468890  
470857	[1267]	:	Key	97	DOWN	at	470857  
472061	[1204]	:	Key	97	UP	at	471266  
475400	[3339]	:	Key	71	DOWN	at	475400  
475727	[327]	:	Key	71	UP	at	475520  
476416	[689]	:	Key	71	DOWN	at	476416  
476743	[327]	:	Key	71	UP	at	476743  
477464	[721]	:	Key	71	DOWN	at	477464  
480768	[3304]	:	Key	71	UP	at	477720  
485055	[4287]	:	Key	71	DOWN	at	485055  
488353	[3298]	:	Key	71	UP	at	485480  
493359	[5006]	:	Key	71	DOWN	at	493359  
496657	[3298]	:	Key	71	UP	at	493608  
498489	[1832]	:	Key	71	DOWN	at	498489  
501789	[3300]	:	Key	71	UP	at	498632  
502422	[633]	:	Key	71	DOWN	at	502422  
505712	[3290]	:	Key	71	UP	at	502655  
506614	[902]	:	Key	71	DOWN	at	506614  
509903	[3289]	:	Key	71	UP	at	506887  
510493	[590]	:	Key	71	DOWN	at	510493  
513770	[3277]	:	Key	71	UP	at	510758  
514301	[531]	:	Key	71	DOWN	at	514301  
517597	[3296]	:	Key	71	UP	at	514558  
518043	[446]	:	Key	71	DOWN	at	518043  
521328	[3285]	:	Key	71	UP	at	518340  
521835	[507]	:	Key	71	DOWN	at	521835  
525122	[3287]	:	Key	71	UP	at	522035  
525572	[450]	:	Key	71	DOWN	at	525572  
528857	[3285]	:	Key	71	UP	at	525709  
534971	[6114]	:	Key	71	DOWN	at	534971  
538269	[3298]	:	Key	71	UP	at	535116  
540314	[2045]	:	Key	71	DOWN	at	540314  
543612	[3298]	:	Key	71	UP	at	540515  
546995	[3383]	:	Key	71	DOWN	at	546995  
550296	[3301]	:	Key	71	UP	at	547225  
550760	[464]	:	Key	71	DOWN	at	550760  
554059	[3299]	:	Key	71	UP	at	550921  
556752	[2693]	:	Key	71	DOWN	at	556752  
560673	[3921]	:	Key	71	UP	at	557105  
561561	[888]	:	Key	71	DOWN	at	561561  
562611	[1050]	:	Key	71	UP	at	561936  
563792	[1181]	:	Key	97	DOWN	at	563792  
564899	[1107]	:	Key	97	UP	at	564073  
565776	[877]	:	Key	98	DOWN	at	565776  
566902	[1126]	:	Key	98	UP	at	566017  
567575	[673]	:	Key	97	DOWN	at	567575  
568703	[1128]	:	Key	97	UP	at	567871  
569598	[895]	:	Key	97	DOWN	at	569598  
570714	[1116]	:	Key	97	UP	at	569863  
571838	[1124]	:	Key	97	DOWN	at	571838  
572962	[1124]	:	Key	97	UP	at	572159  
573670	[708]	:	Key	97	DOWN	at	573670  
574792	[1122]	:	Key	97	UP	at	573975  
575718	[926]	:	Key	98	DOWN	at	575718  
576841	[1123]	:	Key	98	UP	at	576143  
577637	[796]	:	Key	98	DOWN	at	577637  
579317	[1680]	:	Key	98	UP	at	577910  
580877	[1560]	:	Key	71	DOWN	at	580877  
581920	[1043]	:	Key	71	UP	at	581149  
583156	[1236]	:	Key	98	DOWN	at	583156  
584274	[1118]	:	Key	98	UP	at	583437  
585516	[1242]	:	Key	97	DOWN	at	585516  
586642	[1126]	:	Key	97	UP	at	585941  
587300	[658]	:	Key	97	DOWN	at	587300  
588554	[1254]	:	Key	97	UP	at	588554  
589308	[754]	:	Key	98	DOWN	at	589308  
590418	[1110]	:	Key	98	UP	at	589677  
591236	[818]	:	Key	97	DOWN	at	591236  
592371	[1135]	:	Key	97	UP	at	591509  
593611	[1240]	:	Key	98	DOWN	at	593611  
594727	[1116]	:	Key	98	UP	at	593965  
595868	[1141]	:	Key	98	DOWN	at	595868  
596990	[1122]	:	Key	98	UP	at	596166  
597978	[988]	:	Key	97	DOWN	at	597978  
599172	[1194]	:	Key	97	UP	at	598298  
600385	[1213]	:	Key	71	DOWN	at	600385  
600707	[322]	:	Key	71	UP	at	600648  
601312	[605]	:	Key	71	DOWN	at	601312  
601560	[248]	:	Key	71	UP	at	601560  
604168	[2608]	:	Key	71	DOWN	at	604168  
607470	[3302]	:	Key	71	UP	at	604393  
610016	[2546]	:	Key	71	DOWN	at	610016  
613316	[3300]	:	Key	71	UP	at	610233  
614448	[1132]	:	Key	71	DOWN	at	614448  
617745	[3297]	:	Key	71	UP	at	614617  
618548	[803]	:	Key	71	DOWN	at	618548  
621845	[3297]	:	Key	71	UP	at	618689  
622360	[515]	:	Key	71	DOWN	at	622360  
625659	[3299]	:	Key	71	UP	at	622609  
626352	[693]	:	Key	71	DOWN	at	626352  
629642	[3290]	:	Key	71	UP	at	626577  
630193	[551]	:	Key	71	DOWN	at	630193  
633482	[3289]	:	Key	71	UP	at	630386  
634113	[631]	:	Key	71	DOWN	at	634113  
638013	[3900]	:	Key	71	UP	at	634305  
640640	[2627]	:	Key	71	DOWN	at	640640  
641687	[1047]	:	Key	71	UP	at	640657  
641688	[1]	:	Key	71	DOWN	at	640697  
641688	[0]	:	Key	71	UP	at	640777  
641689	[1]	:	Key	71	DOWN	at	640913  
641689	[0]	:	Key	71	UP	at	640969  
642598	[909]	:	Key	98	DOWN	at	642598  
643713	[1115]	:	Key	98	UP	at	642838  
645134	[1421]	:	Key	97	DOWN	at	645134  
646253	[1119]	:	Key	97	UP	at	645455  
647118	[865]	:	Key	97	DOWN	at	647118  
648237	[1119]	:	Key	97	UP	at	647464  
648959	[722]	:	Key	97	DOWN	at	648959  
650071	[1112]	:	Key	97	UP	at	649264  
651983	[1912]	:	Key	97	DOWN	at	651983  
653125	[1142]	:	Key	97	UP	at	652255  
653967	[842]	:	Key	97	DOWN	at	653967  
655086	[1119]	:	Key	97	UP	at	654310  
656190	[1104]	:	Key	97	DOWN	at	656190  
657319	[1129]	:	Key	97	UP	at	656495  
658238	[919]	:	Key	98	DOWN	at	658238  
659924	[1686]	:	Key	98	UP	at	658575  
661158	[1234]	:	Key	71	DOWN	at	661158  
662178	[1020]	:	Key	71	UP	at	661399  
663570	[1392]	:	Key	98	DOWN	at	663570  
664693	[1123]	:	Key	98	UP	at	663711  
665799	[1106]	:	Key	98	DOWN	at	665799  
666900	[1101]	:	Key	98	UP	at	666231  
668111	[1211]	:	Key	97	DOWN	at	668111  
669245	[1134]	:	Key	97	UP	at	668495  
670278	[1033]	:	Key	98	DOWN	at	670278  
671395	[1117]	:	Key	98	UP	at	670647  
672878	[1483]	:	Key	97	DOWN	at	672878  
674005	[1127]	:	Key	97	UP	at	673239  
675495	[1490]	:	Key	97	DOWN	at	675495  
676624	[1129]	:	Key	97	UP	at	675863  
678571	[1947]	:	Key	98	DOWN	at	678571  
678571	[0]	:	Key	98	UP	at	678571  
679691	[1120]	:	Key	98	DOWN	at	678572  
679692	[1]	:	Key	98	UP	at	678598  
681382	[1690]	:	Key	98	DOWN	at	681382  
682565	[1183]	:	Key	98	UP	at	681839  
683959	[1394]	:	Key	71	DOWN	at	683959  
684341	[382]	:	Key	71	UP	at	684326  
712710	[28369]	:	Key	71	DOWN	at	712710  
712774	[64]	:	Key	71	UP	at	712774  
715790	[3016]	:	Key	71	DOWN	at	715790  
715902	[112]	:	Key	71	UP	at	715902  
716030	[128]	:	Key	71	DOWN	at	716030  
716110	[80]	:	Key	71	UP	at	716110  
716558	[448]	:	Key	59	DOWN	at	716558  
716622	[64]	:	Key	59	UP	at	716622  
718885	[2263]	:	Key	71	DOWN	at	718885  
719085	[200]	:	Key	71	UP	at	719085  
719981	[896]	:	Key	71	DOWN	at	719981  
720165	[184]	:	Key	71	UP	at	720165  
720805	[640]	:	Key	59	DOWN	at	720805  
720877	[72]	:	Key	59	UP	at	720877  
721093	[216]	:	Key	97	DOWN	at	721093  
721200	[107]	:	Key	97	UP	at	721180  
726212	[5012]	:	Key	97	DOWN	at	726212  
726348	[136]	:	Key	97	UP	at	726348  
727684	[1336]	:	Key	97	DOWN	at	727684  
727876	[192]	:	Key	97	UP	at	727876  
728612	[736]	:	Key	97	DOWN	at	728612  
728748	[136]	:	Key	97	UP	at	728748  
729412	[664]	:	Key	97	DOWN	at	729412  
729564	[152]	:	Key	97	UP	at	729564  
730092	[528]	:	Key	97	DOWN	at	730092  
730260	[168]	:	Key	97	UP	at	730260  
730764	[504]	:	Key	97	DOWN	at	730764  
730932	[168]	:	Key	97	UP	at	730932  
731468	[536]	:	Key	97	DOWN	at	731468  
731652	[184]	:	Key	97	UP	at	731652  
732148	[496]	:	Key	97	DOWN	at	732148  
732316	[168]	:	Key	97	UP	at	732316  
732804	[488]	:	Key	97	DOWN	at	732804  
732956	[152]	:	Key	97	UP	at	732956  
740805	[7849]	:	Key	97	DOWN	at	740805  
740973	[168]	:	Key	97	UP	at	740973  
745037	[4064]	:	Key	97	DOWN	at	745037  
745220	[183]	:	Key	97	UP	at	745220  
753610	[8390]	:	Key	97	DOWN	at	753610  
753692	[82]	:	Key	97	UP	at	753611  
753692	[0]	:	Key	97	DOWN	at	753612  
753692	[0]	:	Key	97	UP	at	753612  
756773	[3081]	:	Key	97	DOWN	at	756773  
756957	[184]	:	Key	97	UP	at	756957  
758437	[1480]	:	Key	97	DOWN	at	758437  
758629	[192]	:	Key	97	UP	at	758629  
760229	[1600]	:	Key	97	DOWN	at	760229  
760429	[200]	:	Key	97	UP	at	760429  
761949	[1520]	:	Key	97	DOWN	at	761949  
762141	[192]	:	Key	97	UP	at	762141  
762780	[639]	:	Key	97	DOWN	at	762780  
762964	[184]	:	Key	97	UP	at	762964  
763589	[625]	:	Key	97	DOWN	at	763589  
763733	[144]	:	Key	97	UP	at	763733  
765580	[1847]	:	Key	97	DOWN	at	765580  
766580	[1000]	:	Key	97	UP	at	765709  
770724	[4144]	:	Key	71	DOWN	at	770724  
771046	[322]	:	Key	71	UP	at	770925  
771692	[646]	:	Key	71	DOWN	at	771692  
839017	[67325]	:	Key	71	DOWN	at	839017  
839095	[78]	:	Key	71	UP	at	839073  
840266	[1171]	:	Key	71	DOWN	at	840266  
1354573	[514307]	:	Key	71	DOWN	at	1354573 
1354629	[56]	:	Key	71	UP	at	1354629 
1376213	[21584]	:	Key	97	DOWN	at	1376213 
1377213	[1000]	:	Key	97	UP	at	1376318 
1378221	[1008]	:	Key	71	DOWN	at	1378221 
1971720	[593499]	:	Key	97	DOWN	at	1971720 
1972720	[1000]	:	Key	97	UP	at	1971817 
1973928	[1208]	:	Key	71	DOWN	at	1973928 
2629528	[655600]	:	Key	97	DOWN	at	2629528 
2630528	[1000]	:	Key	97	UP	at	2629529 
2631658	[1130]	:	Key	71	DOWN	at	2631658 
3220271	[588613]	:	Key	97	DOWN	at	3220271 
3221271	[1000]	:	Key	97	UP	at	3220464 
3221975	[704]	:	Key	71	DOWN	at	3221975 
4272019	[1050044]	:	Key	71	DOWN	at	4272019 
4272461	[442]	:	Key	71	UP	at	4272084 
4272503	[42]	:	COGENT STOP
