Cog2000 log file Wed Mar 10 10:19:57 2021
gprim v1.33 Compiled:Aug 12 2015 (GLib DirectDraw v7 DX10.0 Compiled:Aug 12 2015)
Display:1024x768x32 60.02Hz
Attaching E:\saharrajabi\final mbmf+drug task\cogent2000v1.33\toolbox\CogInput.mexw64
CogInput v1.05 Compiled: May 20 2010
3	[3]	:	COGENT START
11025	[11022]	:	Key	97	DOWN	at	11025   
11117	[92]	:	Key	97	UP	at	11026   
11118	[1]	:	Key	97	DOWN	at	11026   
11227	[109]	:	Key	97	UP	at	11227   
23163	[11936]	:	Key	97	DOWN	at	23163   
23267	[104]	:	Key	97	UP	at	23267   
38187	[14920]	:	Key	97	DOWN	at	38187   
39187	[1000]	:	Key	97	UP	at	38299   
51682	[12495]	:	Key	71	DOWN	at	51682   
51886	[204]	:	Key	71	UP	at	51794   
57987	[6101]	:	Key	71	DOWN	at	57987   
61406	[3419]	:	Key	71	UP	at	58212   
63843	[2437]	:	Key	71	DOWN	at	63843   
67143	[3300]	:	Key	71	UP	at	64066   
69898	[2755]	:	Key	71	DOWN	at	69898   
73194	[3296]	:	Key	71	UP	at	71073   
74971	[1777]	:	Key	71	DOWN	at	74971   
78271	[3300]	:	Key	71	UP	at	75100   
80850	[2579]	:	Key	71	DOWN	at	80850   
84146	[3296]	:	Key	71	UP	at	80987   
86538	[2392]	:	Key	71	DOWN	at	86538   
89835	[3297]	:	Key	71	UP	at	86675   
91891	[2056]	:	Key	71	DOWN	at	91891   
95190	[3299]	:	Key	71	UP	at	92036   
97251	[2061]	:	Key	71	DOWN	at	97251   
100551	[3300]	:	Key	71	UP	at	97372   
101466	[915]	:	Key	71	DOWN	at	101466  
104767	[3301]	:	Key	71	UP	at	101595  
104769	[2]	:	Key	71	DOWN	at	104659  
104770	[1]	:	Key	71	UP	at	104763  
106291	[1521]	:	Key	71	DOWN	at	106291  
109592	[3301]	:	Key	71	UP	at	106347  
110467	[875]	:	Key	71	DOWN	at	110467  
113767	[3300]	:	Key	71	UP	at	110596  
114891	[1124]	:	Key	71	DOWN	at	114891  
118191	[3300]	:	Key	71	UP	at	115012  
125666	[7475]	:	Key	71	DOWN	at	125666  
128966	[3300]	:	Key	71	UP	at	125803  
129834	[868]	:	Key	71	DOWN	at	129834  
133135	[3301]	:	Key	71	UP	at	130019  
134010	[875]	:	Key	71	DOWN	at	134010  
137309	[3299]	:	Key	71	UP	at	134195  
138465	[1156]	:	Key	71	DOWN	at	138465  
141763	[3298]	:	Key	71	UP	at	138745  
143657	[1894]	:	Key	71	DOWN	at	143657  
146947	[3290]	:	Key	71	UP	at	143874  
147641	[694]	:	Key	71	DOWN	at	147641  
150929	[3288]	:	Key	71	UP	at	147890  
151800	[871]	:	Key	71	DOWN	at	151800  
155099	[3299]	:	Key	71	UP	at	152074  
156441	[1342]	:	Key	71	DOWN	at	156441  
159741	[3300]	:	Key	71	UP	at	156617  
161109	[1368]	:	Key	71	DOWN	at	161109  
161111	[2]	:	Key	71	UP	at	161110  
165119	[4008]	:	Key	71	DOWN	at	165119  
168418	[3299]	:	Key	71	UP	at	165366  
169367	[949]	:	Key	71	DOWN	at	169367  
172666	[3299]	:	Key	71	UP	at	169766  
173310	[644]	:	Key	71	DOWN	at	173310  
176589	[3279]	:	Key	71	UP	at	173775  
177293	[704]	:	Key	71	DOWN	at	177293  
180578	[3285]	:	Key	71	UP	at	177741  
181213	[635]	:	Key	71	DOWN	at	181213  
184512	[3299]	:	Key	71	UP	at	181494  
185923	[1411]	:	Key	71	DOWN	at	185923  
189221	[3298]	:	Key	71	UP	at	186212  
193944	[4723]	:	Key	71	DOWN	at	193944  
197242	[3298]	:	Key	71	UP	at	194169  
200881	[3639]	:	Key	71	DOWN	at	200881  
204182	[3301]	:	Key	71	UP	at	201058  
209680	[5498]	:	Key	71	DOWN	at	209680  
212976	[3296]	:	Key	71	UP	at	209937  
213809	[833]	:	Key	71	DOWN	at	213809  
217096	[3287]	:	Key	71	UP	at	214025  
218311	[1215]	:	Key	71	DOWN	at	218311  
221611	[3300]	:	Key	71	UP	at	218576  
222774	[1163]	:	Key	71	DOWN	at	222774  
226073	[3299]	:	Key	71	UP	at	222999  
227925	[1852]	:	Key	71	DOWN	at	227925  
231225	[3300]	:	Key	71	UP	at	228069  
234525	[3300]	:	Key	71	DOWN	at	234525  
237825	[3300]	:	Key	71	UP	at	234790  
240477	[2652]	:	Key	71	DOWN	at	240477  
243777	[3300]	:	Key	71	UP	at	240717  
247781	[4004]	:	Key	71	DOWN	at	247781  
251081	[3300]	:	Key	71	UP	at	248005  
251684	[603]	:	Key	71	DOWN	at	251684  
254973	[3289]	:	Key	71	UP	at	251885  
255612	[639]	:	Key	71	DOWN	at	255612  
258911	[3299]	:	Key	71	UP	at	255836  
260291	[1380]	:	Key	71	DOWN	at	260291  
263591	[3300]	:	Key	71	UP	at	260612  
265028	[1437]	:	Key	71	DOWN	at	265028  
268316	[3288]	:	Key	71	UP	at	266168  
270092	[1776]	:	Key	71	DOWN	at	270092  
273392	[3300]	:	Key	71	UP	at	270285  
275268	[1876]	:	Key	71	DOWN	at	275268  
278567	[3299]	:	Key	71	UP	at	275573  
279884	[1317]	:	Key	71	DOWN	at	279884  
283183	[3299]	:	Key	71	UP	at	281188  
283676	[493]	:	Key	71	DOWN	at	283676  
286976	[3300]	:	Key	71	UP	at	283957  
289212	[2236]	:	Key	71	DOWN	at	289212  
292512	[3300]	:	Key	71	UP	at	289461  
293300	[788]	:	Key	71	DOWN	at	293300  
296590	[3290]	:	Key	71	UP	at	293341  
296592	[2]	:	Key	71	DOWN	at	293509  
296593	[1]	:	Key	71	UP	at	294101  
297700	[1107]	:	Key	71	DOWN	at	297700  
301658	[3958]	:	Key	71	UP	at	297996  
303683	[2025]	:	Key	71	DOWN	at	303683  
304723	[1040]	:	Key	71	UP	at	303916  
305707	[984]	:	Key	97	DOWN	at	305707  
306850	[1143]	:	Key	97	UP	at	305914  
307787	[937]	:	Key	98	DOWN	at	307787  
308972	[1185]	:	Key	98	UP	at	307931  
309955	[983]	:	Key	97	DOWN	at	309955  
311084	[1129]	:	Key	97	UP	at	310124  
312328	[1244]	:	Key	97	DOWN	at	312328  
313409	[1081]	:	Key	97	UP	at	312481  
314465	[1056]	:	Key	97	DOWN	at	314465  
315588	[1123]	:	Key	97	UP	at	314633  
319265	[3677]	:	Key	97	DOWN	at	319265  
320375	[1110]	:	Key	97	UP	at	319425  
321857	[1482]	:	Key	97	DOWN	at	321857  
322984	[1127]	:	Key	97	UP	at	322002  
324200	[1216]	:	Key	98	DOWN	at	324200  
325880	[1680]	:	Key	98	UP	at	324369  
333960	[8080]	:	Key	71	DOWN	at	333960  
335014	[1054]	:	Key	71	UP	at	334232  
336881	[1867]	:	Key	98	DOWN	at	336881  
337999	[1118]	:	Key	98	UP	at	337034  
341182	[3183]	:	Key	97	DOWN	at	341182  
341182	[0]	:	Key	97	UP	at	341182  
342301	[1119]	:	Key	97	DOWN	at	341185  
342302	[1]	:	Key	97	UP	at	341466  
343777	[1475]	:	Key	98	DOWN	at	343777  
344898	[1121]	:	Key	98	UP	at	344082  
346192	[1294]	:	Key	97	DOWN	at	346192  
347318	[1126]	:	Key	97	UP	at	346521  
348944	[1626]	:	Key	98	DOWN	at	348944  
350047	[1103]	:	Key	98	UP	at	349305  
351336	[1289]	:	Key	98	DOWN	at	351336  
352442	[1106]	:	Key	98	UP	at	351673  
353265	[823]	:	Key	97	DOWN	at	353265  
354379	[1114]	:	Key	97	UP	at	353610  
356197	[1818]	:	Key	97	DOWN	at	356197  
356197	[0]	:	Key	97	UP	at	356197  
356197	[0]	:	Key	97	DOWN	at	356197  
356286	[89]	:	COGENT STOP
Cog2000 log file Wed Mar 10 10:27:37 2021
gprim v1.33 Compiled:Aug 12 2015 (GLib DirectDraw v7 DX10.0 Compiled:Aug 12 2015)
Display:1024x768x32 59.99Hz
Attaching E:\saharrajabi\final mbmf+drug task\cogent2000v1.33\toolbox\CogInput.mexw64
CogInput v1.05 Compiled: May 20 2010
2	[2]	:	COGENT START
1470	[1468]	:	Key	97	DOWN	at	1469    
1592	[122]	:	Key	97	UP	at	1592    
2288	[696]	:	Key	97	DOWN	at	2288    
2496	[208]	:	Key	97	UP	at	2496    
3376	[880]	:	Key	97	DOWN	at	3376    
4376	[1000]	:	Key	97	UP	at	3553    
7567	[3191]	:	Key	71	DOWN	at	7567    
7639	[72]	:	Key	71	UP	at	7639    
12630	[4991]	:	Key	71	DOWN	at	12630   
15974	[3344]	:	Key	71	UP	at	12792   
20240	[4266]	:	Key	71	DOWN	at	20240   
23544	[3304]	:	Key	71	UP	at	20544   
25375	[1831]	:	Key	71	DOWN	at	25375   
28675	[3300]	:	Key	71	UP	at	25680   
29638	[963]	:	Key	71	DOWN	at	29638   
32924	[3286]	:	Key	71	UP	at	29830   
33431	[507]	:	Key	71	DOWN	at	33431   
36720	[3289]	:	Key	71	UP	at	33694   
38144	[1424]	:	Key	71	DOWN	at	38144   
41444	[3300]	:	Key	71	UP	at	38456   
43887	[2443]	:	Key	71	DOWN	at	43887   
47187	[3300]	:	Key	71	UP	at	44168   
53135	[5948]	:	Key	71	DOWN	at	53135   
56435	[3300]	:	Key	71	UP	at	53215   
57718	[1283]	:	Key	71	DOWN	at	57718   
61006	[3288]	:	Key	71	UP	at	57911   
62646	[1640]	:	Key	71	DOWN	at	62646   
65913	[3267]	:	Key	71	UP	at	62742   
67702	[1789]	:	Key	71	DOWN	at	67702   
71002	[3300]	:	Key	71	UP	at	67838   
71967	[965]	:	Key	71	DOWN	at	71967   
75268	[3301]	:	Key	71	UP	at	72240   
76515	[1247]	:	Key	71	DOWN	at	76515   
76516	[1]	:	Key	71	UP	at	76516   
80390	[3874]	:	Key	71	DOWN	at	80390   
83681	[3291]	:	Key	71	UP	at	80655   
84414	[733]	:	Key	71	DOWN	at	84414   
87714	[3300]	:	Key	71	UP	at	84693   
88359	[645]	:	Key	71	DOWN	at	88359   
91647	[3288]	:	Key	71	UP	at	88623   
92286	[639]	:	Key	71	DOWN	at	92286   
95586	[3300]	:	Key	71	UP	at	92527   
96262	[676]	:	Key	71	DOWN	at	96262   
99561	[3299]	:	Key	71	UP	at	96589   
101582	[2021]	:	Key	71	DOWN	at	101582  
104881	[3299]	:	Key	71	UP	at	101871  
110062	[5181]	:	Key	71	DOWN	at	110062  
113363	[3301]	:	Key	71	UP	at	110391  
115030	[1667]	:	Key	71	DOWN	at	115030  
118330	[3300]	:	Key	71	UP	at	115503  
120086	[1756]	:	Key	71	DOWN	at	120086  
123378	[3292]	:	Key	71	UP	at	120397  
125262	[1884]	:	Key	71	DOWN	at	125262  
128562	[3300]	:	Key	71	UP	at	125631  
129045	[483]	:	Key	71	DOWN	at	129045  
132345	[3300]	:	Key	71	UP	at	129366  
132958	[613]	:	Key	71	DOWN	at	132958  
136258	[3300]	:	Key	71	UP	at	133277  
139150	[2892]	:	Key	71	DOWN	at	139150  
142449	[3299]	:	Key	71	UP	at	139407  
147438	[4989]	:	Key	71	DOWN	at	147438  
150738	[3300]	:	Key	71	UP	at	147647  
152574	[1836]	:	Key	71	DOWN	at	152574  
155874	[3300]	:	Key	71	UP	at	152855  
159007	[3133]	:	Key	71	DOWN	at	159007  
162306	[3299]	:	Key	71	UP	at	159231  
163686	[1380]	:	Key	71	DOWN	at	163686  
166988	[3302]	:	Key	71	UP	at	163919  
167694	[706]	:	Key	71	DOWN	at	167694  
170982	[3288]	:	Key	71	UP	at	167999  
172470	[1488]	:	Key	71	DOWN	at	172470  
175748	[3278]	:	Key	71	UP	at	172909  
176742	[994]	:	Key	71	DOWN	at	176742  
180041	[3299]	:	Key	71	UP	at	177111  
182302	[2261]	:	Key	71	DOWN	at	182302  
185603	[3301]	:	Key	71	UP	at	182551  
186662	[1059]	:	Key	71	DOWN	at	186662  
189964	[3302]	:	Key	71	UP	at	186935  
191430	[1466]	:	Key	71	DOWN	at	191430  
194730	[3300]	:	Key	71	UP	at	191775  
196575	[1845]	:	Key	71	DOWN	at	196575  
199874	[3299]	:	Key	71	UP	at	196807  
201070	[1196]	:	Key	71	DOWN	at	201070  
204369	[3299]	:	Key	71	UP	at	201295  
204989	[620]	:	Key	71	DOWN	at	204989  
208277	[3288]	:	Key	71	UP	at	205198  
209277	[1000]	:	Key	71	DOWN	at	209277  
212576	[3299]	:	Key	71	UP	at	209646  
216030	[3454]	:	Key	71	DOWN	at	216030  
219329	[3299]	:	Key	71	UP	at	216270  
220541	[1212]	:	Key	71	DOWN	at	220541  
223841	[3300]	:	Key	71	UP	at	220790  
224397	[556]	:	Key	71	DOWN	at	224397  
227687	[3290]	:	Key	71	UP	at	224677  
228734	[1047]	:	Key	71	DOWN	at	228734  
232026	[3292]	:	Key	71	UP	at	228965  
233261	[1235]	:	Key	71	DOWN	at	233261  
236563	[3302]	:	Key	71	UP	at	233614  
238157	[1594]	:	Key	71	DOWN	at	238157  
241456	[3299]	:	Key	71	UP	at	238646  
242381	[925]	:	Key	71	DOWN	at	242381  
245682	[3301]	:	Key	71	UP	at	242726  
253549	[7867]	:	Key	97	DOWN	at	253549  
253813	[264]	:	Key	97	UP	at	253813  
254221	[408]	:	Key	71	DOWN	at	254221  
258144	[3923]	:	Key	71	UP	at	254350  
262326	[4182]	:	Key	71	DOWN	at	262326  
263372	[1046]	:	Key	71	UP	at	262702  
264573	[1201]	:	Key	97	DOWN	at	264573  
265696	[1123]	:	Key	97	UP	at	264774  
266757	[1061]	:	Key	97	DOWN	at	266757  
267883	[1126]	:	Key	97	UP	at	266997  
268749	[866]	:	Key	97	DOWN	at	268749  
269872	[1123]	:	Key	97	UP	at	268950  
271609	[1737]	:	Key	98	DOWN	at	271609  
271609	[0]	:	Key	98	UP	at	271609  
272741	[1132]	:	Key	98	DOWN	at	271610  
272742	[1]	:	Key	98	UP	at	271909  
273812	[1070]	:	Key	97	DOWN	at	273812  
274943	[1131]	:	Key	97	UP	at	274101  
276051	[1108]	:	Key	97	DOWN	at	276051  
277178	[1127]	:	Key	97	UP	at	276389  
278004	[826]	:	Key	97	DOWN	at	278004  
279131	[1127]	:	Key	97	UP	at	278341  
280077	[946]	:	Key	98	DOWN	at	280077  
281779	[1702]	:	Key	98	UP	at	280397  
287115	[5336]	:	Key	71	DOWN	at	287115  
288164	[1049]	:	Key	71	UP	at	287460  
289435	[1271]	:	Key	97	DOWN	at	289435  
290560	[1125]	:	Key	97	UP	at	289700  
291683	[1123]	:	Key	97	DOWN	at	291683  
292778	[1095]	:	Key	97	UP	at	291972  
293859	[1081]	:	Key	98	DOWN	at	293859  
294987	[1128]	:	Key	98	UP	at	294212  
295923	[936]	:	Key	97	DOWN	at	295923  
297044	[1121]	:	Key	97	UP	at	296234  
298164	[1120]	:	Key	98	DOWN	at	298164  
299291	[1127]	:	Key	98	UP	at	298468  
300380	[1089]	:	Key	98	DOWN	at	300380  
301654	[1274]	:	Key	98	UP	at	301654  
302179	[525]	:	Key	97	DOWN	at	302179  
303309	[1130]	:	Key	97	UP	at	302452  
304779	[1470]	:	Key	97	DOWN	at	304779  
305964	[1185]	:	Key	97	UP	at	305060  
307947	[1983]	:	Key	71	DOWN	at	307947  
308320	[373]	:	Key	71	UP	at	308108  
314900	[6580]	:	Key	97	DOWN	at	314900  
315084	[184]	:	Key	97	UP	at	315084  
355308	[40224]	:	Key	97	DOWN	at	355308  
355547	[239]	:	Key	97	UP	at	355547  
371021	[15474]	:	Key	97	DOWN	at	371021  
371270	[249]	:	Key	97	UP	at	371270  
380011	[8741]	:	Key	71	DOWN	at	380011  
380155	[144]	:	Key	71	UP	at	380155  
380659	[504]	:	Key	97	DOWN	at	380659  
380760	[101]	:	Key	97	UP	at	380747  
388748	[7988]	:	Key	97	DOWN	at	388748  
388980	[232]	:	Key	97	UP	at	388980  
401699	[12719]	:	Key	97	DOWN	at	401699  
401924	[225]	:	Key	97	UP	at	401924  
408548	[6624]	:	Key	97	DOWN	at	408548  
408699	[151]	:	Key	97	UP	at	408699  
422963	[14264]	:	Key	97	DOWN	at	422963  
423220	[257]	:	Key	97	UP	at	423220  
438076	[14856]	:	Key	97	DOWN	at	438076  
438292	[216]	:	Key	97	UP	at	438292  
454204	[15912]	:	Key	97	DOWN	at	454204  
454460	[256]	:	Key	97	UP	at	454460  
465635	[11175]	:	Key	97	DOWN	at	465635  
466712	[1077]	:	Key	97	UP	at	466712  
477660	[10948]	:	Key	97	DOWN	at	477660  
477900	[240]	:	Key	97	UP	at	477900  
496716	[18816]	:	Key	97	DOWN	at	496716  
496808	[92]	:	Key	97	UP	at	496717  
503955	[7147]	:	Key	97	DOWN	at	503955  
504211	[256]	:	Key	97	UP	at	504211  
512292	[8081]	:	Key	97	DOWN	at	512292  
512523	[231]	:	Key	97	UP	at	512523  
521299	[8776]	:	Key	97	DOWN	at	521299  
521547	[248]	:	Key	97	UP	at	521547  
529771	[8224]	:	Key	97	DOWN	at	529771  
530044	[273]	:	Key	97	UP	at	530044  
537867	[7823]	:	Key	97	DOWN	at	537867  
538099	[232]	:	Key	97	UP	at	538099  
546988	[8889]	:	Key	97	DOWN	at	546988  
547228	[240]	:	Key	97	UP	at	547228  
548756	[1528]	:	Key	97	DOWN	at	548756  
549756	[1000]	:	Key	97	UP	at	548980  
554923	[5167]	:	Key	71	DOWN	at	554923  
555247	[324]	:	Key	71	UP	at	555164  
556751	[1504]	:	Key	71	DOWN	at	556751  
556751	[0]	:	Key	71	UP	at	556751  
632730	[75979]	:	Key	71	DOWN	at	632730  
632841	[111]	:	Key	71	UP	at	632841  
633609	[768]	:	Key	71	DOWN	at	633609  
1188058	[554449]	:	Key	97	DOWN	at	1188058 
1189058	[1000]	:	Key	97	UP	at	1188243 
1190074	[1016]	:	Key	71	DOWN	at	1190074 
1740807	[550733]	:	Key	97	DOWN	at	1740807 
1741807	[1000]	:	Key	97	UP	at	1740895 
1742694	[887]	:	Key	71	DOWN	at	1742694 
2287801	[545107]	:	Key	97	DOWN	at	2287801 
2288801	[1000]	:	Key	97	UP	at	2287882 
2290194	[1393]	:	Key	71	DOWN	at	2290194 
2831063	[540869]	:	Key	97	DOWN	at	2831063 
2832063	[1000]	:	Key	97	UP	at	2831152 
2834048	[1985]	:	Key	71	DOWN	at	2834048 
3393664	[559616]	:	Key	71	DOWN	at	3393664 
3393676	[12]	:	COGENT STOP
