Cog2000 log file Tue Nov 24 10:09:46 2020
gprim v1.33 Compiled:Aug 12 2015 (GLib DirectDraw v7 DX10.0 Compiled:Aug 12 2015)
Display:1024x768x32 60.02Hz
Attaching E:\Sahar Rajabi\Final MBMF+Drug Task\Cogent2000v1.33\Toolbox\CogInput.mexw64
CogInput v1.05 Compiled: May 20 2010
4	[4]	:	COGENT START
40924	[40920]	:	Key	97	DOWN	at	40923   
41108	[184]	:	Key	97	UP	at	41107   
56627	[15519]	:	Key	97	DOWN	at	56627   
56730	[103]	:	Key	97	UP	at	56730   
80290	[23560]	:	Key	97	DOWN	at	80290   
81290	[1000]	:	Key	97	UP	at	80379   
118090	[36800]	:	Key	71	DOWN	at	118090  
118315	[225]	:	Key	71	UP	at	118281  
128467	[10152]	:	Key	71	DOWN	at	128467  
131901	[3434]	:	Key	71	UP	at	128539  
137146	[5245]	:	Key	71	DOWN	at	137146  
140458	[3312]	:	Key	71	UP	at	137243  
145339	[4881]	:	Key	71	DOWN	at	145339  
148642	[3303]	:	Key	71	UP	at	145452  
151994	[3352]	:	Key	71	DOWN	at	151994  
155293	[3299]	:	Key	71	UP	at	152187  
155842	[549]	:	Key	71	DOWN	at	155842  
159132	[3290]	:	Key	71	UP	at	156067  
159530	[398]	:	Key	71	DOWN	at	159530  
162825	[3295]	:	Key	71	UP	at	159700  
163547	[722]	:	Key	71	DOWN	at	163547  
166833	[3286]	:	Key	71	UP	at	163740  
167802	[969]	:	Key	71	DOWN	at	167802  
171101	[3299]	:	Key	71	UP	at	167971  
172434	[1333]	:	Key	71	DOWN	at	172434  
175738	[3304]	:	Key	71	UP	at	172603  
178107	[2369]	:	Key	71	DOWN	at	178107  
181409	[3302]	:	Key	71	UP	at	178244  
185586	[4177]	:	Key	71	DOWN	at	185586  
188864	[3278]	:	Key	71	UP	at	185834  
190121	[1257]	:	Key	71	DOWN	at	190121  
193417	[3296]	:	Key	71	UP	at	190267  
193466	[49]	:	Key	71	DOWN	at	193466  
196756	[3290]	:	Key	71	UP	at	193635  
197690	[934]	:	Key	71	DOWN	at	197690  
200991	[3301]	:	Key	71	UP	at	197850  
201979	[988]	:	Key	71	DOWN	at	201979  
205281	[3302]	:	Key	71	UP	at	202186  
205810	[529]	:	Key	71	DOWN	at	205810  
209101	[3291]	:	Key	71	UP	at	205979  
209770	[669]	:	Key	71	DOWN	at	209770  
213059	[3289]	:	Key	71	UP	at	209939  
214499	[1440]	:	Key	71	DOWN	at	214499  
217796	[3297]	:	Key	71	UP	at	214660  
218594	[798]	:	Key	71	DOWN	at	218594  
221862	[3268]	:	Key	71	UP	at	218739  
223034	[1172]	:	Key	71	DOWN	at	223034  
226312	[3278]	:	Key	71	UP	at	223178  
227786	[1474]	:	Key	71	DOWN	at	227786  
231073	[3287]	:	Key	71	UP	at	227955  
232451	[1378]	:	Key	71	DOWN	at	232451  
235750	[3299]	:	Key	71	UP	at	232604  
237866	[2116]	:	Key	71	DOWN	at	237866  
241159	[3293]	:	Key	71	UP	at	238059  
242402	[1243]	:	Key	71	DOWN	at	242402  
245704	[3302]	:	Key	71	UP	at	242603  
247603	[1899]	:	Key	71	DOWN	at	247603  
250903	[3300]	:	Key	71	UP	at	247772  
252371	[1468]	:	Key	71	DOWN	at	252371  
255660	[3289]	:	Key	71	UP	at	252515  
259041	[3381]	:	Key	71	DOWN	at	259041  
262344	[3303]	:	Key	71	UP	at	259228  
267083	[4739]	:	Key	71	DOWN	at	267083  
270384	[3301]	:	Key	71	UP	at	267252  
270386	[2]	:	Key	71	DOWN	at	270332  
270829	[443]	:	Key	71	UP	at	270829  
272610	[1781]	:	Key	71	DOWN	at	272610  
275914	[3304]	:	Key	71	UP	at	272747  
279186	[3272]	:	Key	71	DOWN	at	279186  
282488	[3302]	:	Key	71	UP	at	279363  
282490	[2]	:	Key	71	DOWN	at	281587  
282491	[1]	:	Key	71	UP	at	281835  
284547	[2056]	:	Key	71	DOWN	at	284547  
287841	[3294]	:	Key	71	UP	at	284700  
290082	[2241]	:	Key	71	DOWN	at	290082  
293383	[3301]	:	Key	71	UP	at	290260  
296634	[3251]	:	Key	71	DOWN	at	296634  
299934	[3300]	:	Key	71	UP	at	296811  
303595	[3661]	:	Key	71	DOWN	at	303595  
306897	[3302]	:	Key	71	UP	at	303788  
308795	[1898]	:	Key	71	DOWN	at	308795  
312095	[3300]	:	Key	71	UP	at	308940  
314330	[2235]	:	Key	71	DOWN	at	314330  
317623	[3293]	:	Key	71	UP	at	314515  
317625	[2]	:	Key	71	DOWN	at	317116  
317626	[1]	:	Key	71	UP	at	317292  
320355	[2729]	:	Key	71	DOWN	at	320355  
323657	[3302]	:	Key	71	UP	at	320540  
325051	[1394]	:	Key	71	DOWN	at	325051  
328349	[3298]	:	Key	71	UP	at	325211  
329146	[797]	:	Key	71	DOWN	at	329146  
332423	[3277]	:	Key	71	UP	at	329323  
333082	[659]	:	Key	71	DOWN	at	333082  
336383	[3301]	:	Key	71	UP	at	333274  
336899	[516]	:	Key	71	DOWN	at	336899  
340202	[3303]	:	Key	71	UP	at	337116  
342658	[2456]	:	Key	71	DOWN	at	342658  
345960	[3302]	:	Key	71	UP	at	342867  
348058	[2098]	:	Key	71	DOWN	at	348058  
351336	[3278]	:	Key	71	UP	at	348283  
354731	[3395]	:	Key	97	DOWN	at	354731  
354891	[160]	:	Key	97	UP	at	354891  
357371	[2480]	:	Key	71	DOWN	at	357371  
360674	[3303]	:	Key	71	UP	at	357548  
362083	[1409]	:	Key	71	DOWN	at	362083  
365380	[3297]	:	Key	71	UP	at	362299  
365382	[2]	:	Key	71	DOWN	at	365211  
365404	[22]	:	Key	71	UP	at	365404  
366898	[1494]	:	Key	71	DOWN	at	366898  
370202	[3304]	:	Key	71	UP	at	367115  
370260	[58]	:	Key	71	DOWN	at	370260  
373561	[3301]	:	Key	71	UP	at	370436  
374195	[634]	:	Key	71	DOWN	at	374195  
378173	[3978]	:	Key	71	UP	at	374364  
378173	[0]	:	Key	71	DOWN	at	377052  
378173	[0]	:	Key	71	UP	at	377228  
396618	[18445]	:	Key	97	DOWN	at	396618  
396738	[120]	:	Key	97	UP	at	396738  
402138	[5400]	:	Key	97	DOWN	at	402138  
402418	[280]	:	Key	97	UP	at	402418  
413034	[10616]	:	Key	71	DOWN	at	413034  
414085	[1051]	:	Key	71	UP	at	413163  
418338	[4253]	:	Key	97	DOWN	at	418338  
419474	[1136]	:	Key	97	UP	at	418515  
421626	[2152]	:	Key	98	DOWN	at	421626  
422756	[1130]	:	Key	98	UP	at	421763  
424419	[1663]	:	Key	97	DOWN	at	424419  
425545	[1126]	:	Key	97	UP	at	424508  
429275	[3730]	:	Key	97	DOWN	at	429275  
430404	[1129]	:	Key	97	UP	at	429386  
433018	[2614]	:	Key	98	DOWN	at	433018  
434150	[1132]	:	Key	98	UP	at	433098  
437794	[3644]	:	Key	97	DOWN	at	437794  
438921	[1127]	:	Key	97	UP	at	437898  
441659	[2738]	:	Key	98	DOWN	at	441659  
442790	[1131]	:	Key	98	UP	at	441770  
446147	[3357]	:	Key	97	DOWN	at	446147  
447893	[1746]	:	Key	97	UP	at	446234  
462507	[14614]	:	Key	71	DOWN	at	462507  
463564	[1057]	:	Key	71	UP	at	462700  
468082	[4518]	:	Key	98	DOWN	at	468082  
469215	[1133]	:	Key	98	UP	at	468267  
472738	[3523]	:	Key	100	DOWN	at	472738  
472858	[120]	:	Key	100	UP	at	472858  
473618	[760]	:	Key	98	DOWN	at	473618  
474745	[1127]	:	Key	98	UP	at	473755  
478067	[3322]	:	Key	97	DOWN	at	478067  
479186	[1119]	:	Key	97	UP	at	478162  
482707	[3521]	:	Key	98	DOWN	at	482707  
483830	[1123]	:	Key	98	UP	at	482835  
488050	[4220]	:	Key	97	DOWN	at	488050  
489176	[1126]	:	Key	97	UP	at	488170  
492163	[2987]	:	Key	97	DOWN	at	492163  
493281	[1118]	:	Key	97	UP	at	492282  
495966	[2685]	:	Key	97	DOWN	at	495966  
497094	[1128]	:	Key	97	UP	at	495986  
502666	[5572]	:	Key	98	DOWN	at	502666  
503877	[1211]	:	Key	98	UP	at	502883  
514578	[10701]	:	Key	71	DOWN	at	514578  
514922	[344]	:	Key	71	UP	at	514772  
524234	[9312]	:	Key	71	DOWN	at	524234  
524338	[104]	:	Key	71	UP	at	524338  
526891	[2553]	:	Key	71	DOWN	at	526891  
530194	[3303]	:	Key	71	UP	at	527020  
530196	[2]	:	Key	71	DOWN	at	529676  
530197	[1]	:	Key	71	UP	at	529820  
532611	[2414]	:	Key	71	DOWN	at	532611  
535914	[3303]	:	Key	71	UP	at	532780  
537634	[1720]	:	Key	71	DOWN	at	537634  
540935	[3301]	:	Key	71	UP	at	537779  
542394	[1459]	:	Key	71	DOWN	at	542394  
545696	[3302]	:	Key	71	UP	at	542531  
545698	[2]	:	Key	71	DOWN	at	545404  
545699	[1]	:	Key	71	UP	at	545596  
548091	[2392]	:	Key	71	DOWN	at	548091  
551391	[3300]	:	Key	71	UP	at	548260  
552155	[764]	:	Key	71	DOWN	at	552155  
555444	[3289]	:	Key	71	UP	at	552308  
556565	[1121]	:	Key	71	DOWN	at	556565  
559867	[3302]	:	Key	71	UP	at	556585  
559869	[2]	:	Key	71	DOWN	at	559667  
559870	[1]	:	Key	71	UP	at	559859  
562115	[2245]	:	Key	71	DOWN	at	562115  
565415	[3300]	:	Key	71	UP	at	562348  
566787	[1372]	:	Key	71	DOWN	at	566787  
570088	[3301]	:	Key	71	UP	at	566988  
571133	[1045]	:	Key	71	DOWN	at	571133  
574419	[3286]	:	Key	71	UP	at	571153  
574419	[0]	:	Key	71	DOWN	at	574291  
574474	[55]	:	Key	71	UP	at	574474  
575779	[1305]	:	Key	71	DOWN	at	575779  
579064	[3285]	:	Key	71	UP	at	575994  
580035	[971]	:	Key	71	DOWN	at	580035  
583330	[3295]	:	Key	71	UP	at	580244  
584819	[1489]	:	Key	71	DOWN	at	584819  
588121	[3302]	:	Key	71	UP	at	585012  
588122	[1]	:	Key	71	DOWN	at	588052  
588195	[73]	:	Key	71	UP	at	588195  
590363	[2168]	:	Key	71	DOWN	at	590363  
593668	[3305]	:	Key	71	UP	at	590604  
594881	[1213]	:	Key	71	DOWN	at	594881  
598183	[3302]	:	Key	71	UP	at	595051  
598185	[2]	:	Key	71	DOWN	at	597724  
598186	[1]	:	Key	71	UP	at	597940  
599379	[1193]	:	Key	71	DOWN	at	599379  
603282	[3903]	:	Key	71	UP	at	599604  
603282	[0]	:	Key	71	DOWN	at	602250  
603282	[0]	:	Key	71	UP	at	602443  
604378	[1096]	:	Key	71	DOWN	at	604378  
605421	[1043]	:	Key	71	UP	at	604514  
609714	[4293]	:	Key	97	DOWN	at	609714  
610798	[1084]	:	Key	97	UP	at	609842  
612178	[1380]	:	Key	98	DOWN	at	612178  
613268	[1090]	:	Key	98	UP	at	612274  
618819	[5551]	:	Key	98	DOWN	at	618819  
619948	[1129]	:	Key	98	UP	at	618922  
622803	[2855]	:	Key	97	DOWN	at	622803  
623924	[1121]	:	Key	97	UP	at	622890  
626834	[2910]	:	Key	98	DOWN	at	626834  
627950	[1116]	:	Key	98	UP	at	626938  
630965	[3015]	:	Key	97	DOWN	at	630965  
632085	[1120]	:	Key	97	UP	at	630985  
635907	[3822]	:	Key	98	DOWN	at	635907  
637049	[1142]	:	Key	98	UP	at	635994  
641082	[4033]	:	Key	97	DOWN	at	641082  
642769	[1687]	:	Key	97	UP	at	641201  
644785	[2016]	:	Key	71	DOWN	at	644785  
645839	[1054]	:	Key	71	UP	at	644929  
648689	[2850]	:	Key	98	DOWN	at	648689  
649814	[1125]	:	Key	98	UP	at	648777  
652850	[3036]	:	Key	98	DOWN	at	652850  
653969	[1119]	:	Key	98	UP	at	652962  
658002	[4033]	:	Key	97	DOWN	at	658002  
659118	[1116]	:	Key	97	UP	at	658074  
660953	[1835]	:	Key	98	DOWN	at	660953  
662086	[1133]	:	Key	98	UP	at	661065  
663481	[1395]	:	Key	98	DOWN	at	663481  
664630	[1149]	:	Key	98	UP	at	663577  
668402	[3772]	:	Key	97	DOWN	at	668402  
669528	[1126]	:	Key	97	UP	at	668490  
673106	[3578]	:	Key	98	DOWN	at	673106  
674236	[1130]	:	Key	98	UP	at	673178  
677378	[3142]	:	Key	98	DOWN	at	677378  
678559	[1181]	:	Key	98	UP	at	677481  
683225	[4666]	:	Key	71	DOWN	at	683225  
683537	[312]	:	Key	71	UP	at	683393  
684898	[1361]	:	Key	71	DOWN	at	684898  
685018	[120]	:	Key	71	UP	at	685018  
688882	[3864]	:	Key	71	DOWN	at	688882  
692188	[3306]	:	Key	71	UP	at	689018  
692189	[1]	:	Key	71	DOWN	at	691778  
692190	[1]	:	Key	71	UP	at	691922  
692938	[748]	:	Key	71	DOWN	at	692938  
696239	[3301]	:	Key	71	UP	at	693114  
698817	[2578]	:	Key	71	DOWN	at	698817  
702118	[3301]	:	Key	71	UP	at	699009  
704178	[2060]	:	Key	71	DOWN	at	704178  
707472	[3294]	:	Key	71	UP	at	704362  
711353	[3881]	:	Key	71	DOWN	at	711353  
714654	[3301]	:	Key	71	UP	at	711530  
717377	[2723]	:	Key	71	DOWN	at	717377  
720679	[3302]	:	Key	71	UP	at	717537  
722066	[1387]	:	Key	71	DOWN	at	722066  
725355	[3289]	:	Key	71	UP	at	722306  
726026	[671]	:	Key	71	DOWN	at	726026  
729939	[3913]	:	Key	71	UP	at	726202  
731121	[1182]	:	Key	71	DOWN	at	731121  
732165	[1044]	:	Key	71	UP	at	731217  
736433	[4268]	:	Key	98	DOWN	at	736433  
737575	[1142]	:	Key	98	UP	at	736562  
739474	[1899]	:	Key	98	DOWN	at	739474  
740601	[1127]	:	Key	98	UP	at	739586  
743178	[2577]	:	Key	98	DOWN	at	743178  
744309	[1131]	:	Key	98	UP	at	743274  
748521	[4212]	:	Key	98	DOWN	at	748521  
749602	[1081]	:	Key	98	UP	at	748585  
753401	[3799]	:	Key	98	DOWN	at	753401  
754520	[1119]	:	Key	98	UP	at	753513  
757130	[2610]	:	Key	97	DOWN	at	757130  
758264	[1134]	:	Key	97	UP	at	757218  
761658	[3394]	:	Key	97	DOWN	at	761658  
762772	[1114]	:	Key	97	UP	at	761746  
764506	[1734]	:	Key	98	DOWN	at	764506  
766200	[1694]	:	Key	98	UP	at	764546  
766200	[0]	:	Key	98	DOWN	at	764609  
766200	[0]	:	Key	98	UP	at	764625  
770809	[4609]	:	Key	71	DOWN	at	770809  
771858	[1049]	:	Key	71	UP	at	770969  
775674	[3816]	:	Key	98	DOWN	at	775674  
776801	[1127]	:	Key	98	UP	at	775778  
779146	[2345]	:	Key	98	DOWN	at	779146  
780260	[1114]	:	Key	98	UP	at	779234  
783194	[2934]	:	Key	97	DOWN	at	783194  
784318	[1124]	:	Key	97	UP	at	783289  
787377	[3059]	:	Key	98	DOWN	at	787377  
788505	[1128]	:	Key	98	UP	at	787497  
790786	[2281]	:	Key	98	DOWN	at	790786  
791911	[1125]	:	Key	98	UP	at	790882  
794474	[2563]	:	Key	98	DOWN	at	794474  
795591	[1117]	:	Key	98	UP	at	794514  
796970	[1379]	:	Key	98	DOWN	at	796970  
798106	[1136]	:	Key	98	UP	at	797082  
801497	[3391]	:	Key	97	DOWN	at	801497  
802686	[1189]	:	Key	97	UP	at	801609  
807450	[4764]	:	Key	71	DOWN	at	807450  
807774	[324]	:	Key	71	UP	at	807674  
809458	[1684]	:	Key	71	DOWN	at	809458  
809618	[160]	:	Key	71	UP	at	809618  
812578	[2960]	:	Key	71	DOWN	at	812578  
815881	[3303]	:	Key	71	UP	at	812746  
817346	[1465]	:	Key	71	DOWN	at	817346  
820648	[3302]	:	Key	71	UP	at	817570  
820650	[2]	:	Key	71	DOWN	at	820050  
820651	[1]	:	Key	71	UP	at	820242  
822489	[1838]	:	Key	71	DOWN	at	822489  
825790	[3301]	:	Key	71	UP	at	822697  
827170	[1380]	:	Key	71	DOWN	at	827170  
830470	[3300]	:	Key	71	UP	at	827410  
832122	[1652]	:	Key	71	DOWN	at	832122  
835422	[3300]	:	Key	71	UP	at	832322  
835423	[1]	:	Key	71	DOWN	at	834890  
835424	[1]	:	Key	71	UP	at	835122  
836970	[1546]	:	Key	71	DOWN	at	836970  
840271	[3301]	:	Key	71	UP	at	837170  
840889	[618]	:	Key	71	DOWN	at	840889  
844168	[3279]	:	Key	71	UP	at	841113  
845098	[930]	:	Key	71	DOWN	at	845098  
848965	[3867]	:	Key	71	UP	at	845370  
849330	[365]	:	Key	71	DOWN	at	849330  
850375	[1045]	:	Key	71	UP	at	849538  
852194	[1819]	:	Key	98	DOWN	at	852194  
853333	[1139]	:	Key	98	UP	at	852330  
856425	[3092]	:	Key	97	DOWN	at	856425  
857552	[1127]	:	Key	97	UP	at	856537  
858817	[1265]	:	Key	97	DOWN	at	858817  
859923	[1106]	:	Key	97	UP	at	858921  
861474	[1551]	:	Key	97	DOWN	at	861474  
862612	[1138]	:	Key	97	UP	at	861578  
866250	[3638]	:	Key	98	DOWN	at	866250  
867376	[1126]	:	Key	98	UP	at	866362  
869898	[2522]	:	Key	97	DOWN	at	869898  
871015	[1117]	:	Key	97	UP	at	869994  
873441	[2426]	:	Key	97	DOWN	at	873441  
874581	[1140]	:	Key	97	UP	at	873529  
876922	[2341]	:	Key	97	DOWN	at	876922  
878590	[1668]	:	Key	97	UP	at	877026  
880242	[1652]	:	Key	71	DOWN	at	880242  
881285	[1043]	:	Key	71	UP	at	880362  
883642	[2357]	:	Key	97	DOWN	at	883642  
884780	[1138]	:	Key	97	UP	at	883770  
886610	[1830]	:	Key	98	DOWN	at	886610  
887749	[1139]	:	Key	98	UP	at	886738  
890345	[2596]	:	Key	97	DOWN	at	890345  
891464	[1119]	:	Key	97	UP	at	890441  
892633	[1169]	:	Key	98	DOWN	at	892633  
893744	[1111]	:	Key	98	UP	at	892745  
895826	[2082]	:	Key	98	DOWN	at	895826  
896957	[1131]	:	Key	98	UP	at	895930  
898650	[1693]	:	Key	97	DOWN	at	898650  
899781	[1131]	:	Key	97	UP	at	898762  
903426	[3645]	:	Key	97	DOWN	at	903426  
904545	[1119]	:	Key	97	UP	at	903554  
909305	[4760]	:	Key	97	DOWN	at	909305  
910455	[1150]	:	Key	97	UP	at	909442  
913522	[3067]	:	Key	71	DOWN	at	913522  
913845	[323]	:	Key	71	UP	at	913658  
915714	[1869]	:	Key	71	DOWN	at	915714  
915890	[176]	:	Key	71	UP	at	915890  
917698	[1808]	:	Key	71	DOWN	at	917698  
921001	[3303]	:	Key	71	UP	at	917850  
921001	[0]	:	Key	71	DOWN	at	919354  
921001	[0]	:	Key	71	UP	at	919498  
922978	[1977]	:	Key	71	DOWN	at	922978  
926280	[3302]	:	Key	71	UP	at	923154  
929690	[3410]	:	Key	71	DOWN	at	929690  
932990	[3300]	:	Key	71	UP	at	929922  
933682	[692]	:	Key	71	DOWN	at	933682  
936971	[3289]	:	Key	71	UP	at	933858  
938762	[1791]	:	Key	71	DOWN	at	938762  
942064	[3302]	:	Key	71	UP	at	938946  
942064	[0]	:	Key	71	DOWN	at	941953  
942217	[153]	:	Key	71	UP	at	942217  
943489	[1272]	:	Key	71	DOWN	at	943489  
946759	[3270]	:	Key	71	UP	at	943697  
952538	[5779]	:	Key	71	DOWN	at	952538  
955838	[3300]	:	Key	71	UP	at	952722  
956794	[956]	:	Key	71	DOWN	at	956794  
960716	[3922]	:	Key	71	UP	at	956962  
960717	[1]	:	Key	71	DOWN	at	959050  
960717	[0]	:	Key	71	UP	at	959242  
961161	[444]	:	Key	71	DOWN	at	961161  
962180	[1019]	:	Key	71	UP	at	961321  
964730	[2550]	:	Key	97	DOWN	at	964730  
965843	[1113]	:	Key	97	UP	at	964866  
967322	[1479]	:	Key	97	DOWN	at	967322  
968453	[1131]	:	Key	97	UP	at	967450  
971562	[3109]	:	Key	97	DOWN	at	971562  
972680	[1118]	:	Key	97	UP	at	971666  
974530	[1850]	:	Key	98	DOWN	at	974530  
975658	[1128]	:	Key	98	UP	at	974618  
976874	[1216]	:	Key	98	DOWN	at	976874  
978013	[1139]	:	Key	98	UP	at	976978  
979825	[1812]	:	Key	97	DOWN	at	979825  
980954	[1129]	:	Key	97	UP	at	979921  
983890	[2936]	:	Key	97	DOWN	at	983890  
985016	[1126]	:	Key	97	UP	at	983994  
986162	[1146]	:	Key	98	DOWN	at	986162  
987866	[1704]	:	Key	98	UP	at	986266  
989218	[1352]	:	Key	71	DOWN	at	989218  
990262	[1044]	:	Key	71	UP	at	989362  
992210	[1948]	:	Key	98	DOWN	at	992210  
993324	[1114]	:	Key	98	UP	at	992314  
995850	[2526]	:	Key	97	DOWN	at	995850  
996981	[1131]	:	Key	97	UP	at	995929  
998922	[1941]	:	Key	98	DOWN	at	998922  
1000046	[1124]	:	Key	98	UP	at	999026  
1002058	[2012]	:	Key	98	DOWN	at	1002058 
1003190	[1132]	:	Key	98	UP	at	1002170 
1006090	[2900]	:	Key	98	DOWN	at	1006090 
1007222	[1132]	:	Key	98	UP	at	1006210 
1009634	[2412]	:	Key	98	DOWN	at	1009634 
1010727	[1093]	:	Key	98	UP	at	1009746 
1012658	[1931]	:	Key	98	DOWN	at	1012658 
1013795	[1137]	:	Key	98	UP	at	1012753 
1016033	[2238]	:	Key	98	DOWN	at	1016033 
1017206	[1173]	:	Key	98	UP	at	1016153 
1024810	[7604]	:	Key	71	DOWN	at	1024810 
1025127	[317]	:	Key	71	UP	at	1025026 
1027066	[1939]	:	Key	71	DOWN	at	1027066 
1027281	[215]	:	Key	71	UP	at	1027281 
1029089	[1808]	:	Key	71	DOWN	at	1029089 
1032391	[3302]	:	Key	71	UP	at	1029290 
1035586	[3195]	:	Key	71	DOWN	at	1035586 
1038887	[3301]	:	Key	71	UP	at	1035938 
1039634	[747]	:	Key	71	DOWN	at	1039634 
1042923	[3289]	:	Key	71	UP	at	1039801 
1043521	[598]	:	Key	71	DOWN	at	1043521 
1046813	[3292]	:	Key	71	UP	at	1043704 
1048538	[1725]	:	Key	71	DOWN	at	1048538 
1051828	[3290]	:	Key	71	UP	at	1048730 
1053578	[1750]	:	Key	71	DOWN	at	1053578 
1056878	[3300]	:	Key	71	UP	at	1053770 
1057314	[436]	:	Key	71	DOWN	at	1057314 
1060615	[3301]	:	Key	71	UP	at	1057490 
1061138	[523]	:	Key	71	DOWN	at	1061138 
1065038	[3900]	:	Key	71	UP	at	1061330 
1066954	[1916]	:	Key	71	DOWN	at	1066954 
1068006	[1052]	:	Key	71	UP	at	1067145 
1069890	[1884]	:	Key	97	DOWN	at	1069890 
1071019	[1129]	:	Key	97	UP	at	1070010 
1073818	[2799]	:	Key	97	DOWN	at	1073818 
1074943	[1125]	:	Key	97	UP	at	1073954 
1078034	[3091]	:	Key	97	DOWN	at	1078034 
1079168	[1134]	:	Key	97	UP	at	1078162 
1080906	[1738]	:	Key	98	DOWN	at	1080906 
1082026	[1120]	:	Key	98	UP	at	1081042 
1085929	[3903]	:	Key	97	DOWN	at	1085929 
1087046	[1117]	:	Key	97	UP	at	1086058 
1088218	[1172]	:	Key	98	DOWN	at	1088218 
1089344	[1126]	:	Key	98	UP	at	1088314 
1092530	[3186]	:	Key	97	DOWN	at	1092530 
1093642	[1112]	:	Key	97	UP	at	1092650 
1094834	[1192]	:	Key	98	DOWN	at	1094834 
1096511	[1677]	:	Key	98	UP	at	1094930 
1097906	[1395]	:	Key	71	DOWN	at	1097906 
1098945	[1039]	:	Key	71	UP	at	1098058 
1100233	[1288]	:	Key	98	DOWN	at	1100233 
1101333	[1100]	:	Key	98	UP	at	1100354 
1103113	[1780]	:	Key	98	DOWN	at	1103113 
1104257	[1144]	:	Key	98	UP	at	1103233 
1107026	[2769]	:	Key	97	DOWN	at	1107026 
1108159	[1133]	:	Key	97	UP	at	1107122 
1109874	[1715]	:	Key	97	DOWN	at	1109874 
1111008	[1134]	:	Key	97	UP	at	1109962 
1112458	[1450]	:	Key	97	DOWN	at	1112458 
1113583	[1125]	:	Key	97	UP	at	1112562 
1116274	[2691]	:	Key	98	DOWN	at	1116274 
1117393	[1119]	:	Key	98	UP	at	1116386 
1118866	[1473]	:	Key	98	DOWN	at	1118866 
1120008	[1142]	:	Key	98	UP	at	1118985 
1121306	[1298]	:	Key	98	DOWN	at	1121306 
1122495	[1189]	:	Key	98	UP	at	1121386 
1145322	[22827]	:	Key	71	DOWN	at	1145322 
1145602	[280]	:	Key	71	UP	at	1145490 
1153522	[7920]	:	Key	71	DOWN	at	1153522 
1153650	[128]	:	Key	71	UP	at	1153650 
1157066	[3416]	:	Key	71	DOWN	at	1157066 
1160368	[3302]	:	Key	71	UP	at	1157227 
1160890	[522]	:	Key	71	DOWN	at	1160890 
1164189	[3299]	:	Key	71	UP	at	1161090 
1164978	[789]	:	Key	71	DOWN	at	1164978 
1168278	[3300]	:	Key	71	UP	at	1165154 
1168794	[516]	:	Key	71	DOWN	at	1168794 
1172083	[3289]	:	Key	71	UP	at	1168954 
1173322	[1239]	:	Key	71	DOWN	at	1173322 
1176623	[3301]	:	Key	71	UP	at	1173490 
1179106	[2483]	:	Key	71	DOWN	at	1179106 
1182396	[3290]	:	Key	71	UP	at	1179322 
1182396	[0]	:	Key	71	DOWN	at	1181714 
1182397	[1]	:	Key	71	UP	at	1181858 
1183658	[1261]	:	Key	71	DOWN	at	1183658 
1186959	[3301]	:	Key	71	UP	at	1183818 
1188322	[1363]	:	Key	71	DOWN	at	1188322 
1192229	[3907]	:	Key	71	UP	at	1188498 
1192730	[501]	:	Key	71	DOWN	at	1192730 
1193774	[1044]	:	Key	71	UP	at	1192795 
1193775	[1]	:	Key	71	DOWN	at	1192867 
1193775	[0]	:	Key	71	UP	at	1192931 
1196426	[2651]	:	Key	97	DOWN	at	1196426 
1197543	[1117]	:	Key	97	UP	at	1196546 
1198898	[1355]	:	Key	97	DOWN	at	1198898 
1200021	[1123]	:	Key	97	UP	at	1198994 
1202882	[2861]	:	Key	97	DOWN	at	1202882 
1204010	[1128]	:	Key	97	UP	at	1202970 
1205362	[1352]	:	Key	97	DOWN	at	1205362 
1206479	[1117]	:	Key	97	UP	at	1205458 
1207810	[1331]	:	Key	97	DOWN	at	1207810 
1208933	[1123]	:	Key	97	UP	at	1207921 
1211018	[2085]	:	Key	97	DOWN	at	1211018 
1212140	[1122]	:	Key	97	UP	at	1211146 
1214826	[2686]	:	Key	98	DOWN	at	1214826 
1215959	[1133]	:	Key	98	UP	at	1214930 
1217058	[1099]	:	Key	98	DOWN	at	1217058 
1218730	[1672]	:	Key	98	UP	at	1217162 
1221602	[2872]	:	Key	71	DOWN	at	1221602 
1222649	[1047]	:	Key	71	UP	at	1221754 
1224186	[1537]	:	Key	98	DOWN	at	1224186 
1225317	[1131]	:	Key	98	UP	at	1224306 
1228234	[2917]	:	Key	98	DOWN	at	1228234 
1229360	[1126]	:	Key	98	UP	at	1228370 
1230810	[1450]	:	Key	98	DOWN	at	1230810 
1231937	[1127]	:	Key	98	UP	at	1230898 
1233986	[2049]	:	Key	97	DOWN	at	1233986 
1235096	[1110]	:	Key	97	UP	at	1234106 
1237418	[2322]	:	Key	98	DOWN	at	1237418 
1238539	[1121]	:	Key	98	UP	at	1237522 
1241090	[2551]	:	Key	98	DOWN	at	1241090 
1242227	[1137]	:	Key	98	UP	at	1241242 
1243401	[1174]	:	Key	97	DOWN	at	1243401 
1244508	[1107]	:	Key	97	UP	at	1243537 
1246570	[2062]	:	Key	98	DOWN	at	1246570 
1247757	[1187]	:	Key	98	UP	at	1246682 
1249746	[1989]	:	Key	71	DOWN	at	1249746 
1250073	[327]	:	Key	71	UP	at	1249914 
1250626	[553]	:	Key	71	DOWN	at	1250626 
1250770	[144]	:	Key	71	UP	at	1250770 
1253442	[2672]	:	Key	71	DOWN	at	1253442 
1256741	[3299]	:	Key	71	UP	at	1253594 
1258186	[1445]	:	Key	71	DOWN	at	1258186 
1261488	[3302]	:	Key	71	UP	at	1258322 
1261489	[1]	:	Key	71	DOWN	at	1260618 
1261490	[1]	:	Key	71	UP	at	1260730 
1262426	[936]	:	Key	71	DOWN	at	1262426 
1265725	[3299]	:	Key	71	UP	at	1262571 
1266498	[773]	:	Key	71	DOWN	at	1266498 
1269786	[3288]	:	Key	71	UP	at	1266674 
1271050	[1264]	:	Key	71	DOWN	at	1271050 
1274349	[3299]	:	Key	71	UP	at	1271202 
1275146	[797]	:	Key	71	DOWN	at	1275146 
1278424	[3278]	:	Key	71	UP	at	1275314 
1278513	[89]	:	Key	71	DOWN	at	1278513 
1281801	[3288]	:	Key	71	UP	at	1278634 
1282226	[425]	:	Key	71	DOWN	at	1282226 
1286129	[3903]	:	Key	71	UP	at	1282370 
1286129	[0]	:	Key	71	DOWN	at	1284578 
1286129	[0]	:	Key	71	UP	at	1284770 
1289634	[3505]	:	Key	71	DOWN	at	1289634 
1290676	[1042]	:	Key	71	UP	at	1289786 
1292442	[1766]	:	Key	97	DOWN	at	1292442 
1293582	[1140]	:	Key	97	UP	at	1292562 
1295122	[1540]	:	Key	98	DOWN	at	1295122 
1296223	[1101]	:	Key	98	UP	at	1295242 
1297619	[1396]	:	Key	98	DOWN	at	1297619 
1298751	[1132]	:	Key	98	UP	at	1297730 
1300266	[1515]	:	Key	98	DOWN	at	1300266 
1301411	[1145]	:	Key	98	UP	at	1300386 
1303298	[1887]	:	Key	97	DOWN	at	1303298 
1304426	[1128]	:	Key	97	UP	at	1303402 
1306794	[2368]	:	Key	97	DOWN	at	1306794 
1307925	[1131]	:	Key	97	UP	at	1306898 
1311202	[3277]	:	Key	97	DOWN	at	1311202 
1312330	[1128]	:	Key	97	UP	at	1311322 
1314171	[1841]	:	Key	97	DOWN	at	1314171 
1315872	[1701]	:	Key	97	UP	at	1314266 
1317058	[1186]	:	Key	71	DOWN	at	1317058 
1318110	[1052]	:	Key	71	UP	at	1317186 
1319666	[1556]	:	Key	98	DOWN	at	1319666 
1320799	[1133]	:	Key	98	UP	at	1319754 
1322938	[2139]	:	Key	98	DOWN	at	1322938 
1324074	[1136]	:	Key	98	UP	at	1323042 
1325642	[1568]	:	Key	98	DOWN	at	1325642 
1326771	[1129]	:	Key	98	UP	at	1325754 
1328066	[1295]	:	Key	97	DOWN	at	1328066 
1329180	[1114]	:	Key	97	UP	at	1328162 
1331251	[2071]	:	Key	97	DOWN	at	1331251 
1332381	[1130]	:	Key	97	UP	at	1331371 
1335546	[3165]	:	Key	97	DOWN	at	1335546 
1336674	[1128]	:	Key	97	UP	at	1335658 
1338434	[1760]	:	Key	98	DOWN	at	1338434 
1339574	[1140]	:	Key	98	UP	at	1338546 
1343002	[3428]	:	Key	97	DOWN	at	1343002 
1344185	[1183]	:	Key	97	UP	at	1343098 
1350075	[5890]	:	Key	71	DOWN	at	1350075 
1350398	[323]	:	Key	71	UP	at	1350283 
1351578	[1180]	:	Key	71	DOWN	at	1351578 
1351778	[200]	:	Key	71	UP	at	1351778 
1353338	[1560]	:	Key	71	DOWN	at	1353338 
1356638	[3300]	:	Key	71	UP	at	1353466 
1357730	[1092]	:	Key	71	DOWN	at	1357730 
1361028	[3298]	:	Key	71	UP	at	1357882 
1363050	[2022]	:	Key	71	DOWN	at	1363050 
1366352	[3302]	:	Key	71	UP	at	1363170 
1367835	[1483]	:	Key	71	DOWN	at	1367835 
1371134	[3299]	:	Key	71	UP	at	1367987 
1371136	[2]	:	Key	71	DOWN	at	1370690 
1371137	[1]	:	Key	71	UP	at	1370858 
1373226	[2089]	:	Key	71	DOWN	at	1373226 
1376503	[3277]	:	Key	71	UP	at	1373426 
1376504	[1]	:	Key	71	DOWN	at	1375882 
1376504	[0]	:	Key	71	UP	at	1376042 
1378322	[1818]	:	Key	71	DOWN	at	1378322 
1381624	[3302]	:	Key	71	UP	at	1378514 
1381914	[290]	:	Key	71	DOWN	at	1381914 
1385218	[3304]	:	Key	71	UP	at	1382114 
1385220	[2]	:	Key	71	DOWN	at	1384699 
1385221	[1]	:	Key	71	UP	at	1384899 
1387418	[2197]	:	Key	71	DOWN	at	1387418 
1391331	[3913]	:	Key	71	UP	at	1387619 
1391746	[415]	:	Key	71	DOWN	at	1391746 
1392785	[1039]	:	Key	71	UP	at	1391946 
1394418	[1633]	:	Key	97	DOWN	at	1394418 
1395548	[1130]	:	Key	97	UP	at	1394538 
1396834	[1286]	:	Key	98	DOWN	at	1396834 
1397939	[1105]	:	Key	98	UP	at	1396938 
1399546	[1607]	:	Key	97	DOWN	at	1399546 
1400661	[1115]	:	Key	97	UP	at	1399650 
1401739	[1078]	:	Key	97	DOWN	at	1401739 
1402854	[1115]	:	Key	97	UP	at	1401851 
1405090	[2236]	:	Key	98	DOWN	at	1405090 
1406209	[1119]	:	Key	98	UP	at	1405186 
1407698	[1489]	:	Key	97	DOWN	at	1407698 
1408807	[1109]	:	Key	97	UP	at	1407826 
1410618	[1811]	:	Key	97	DOWN	at	1410618 
1411729	[1111]	:	Key	97	UP	at	1410738 
1412858	[1129]	:	Key	97	DOWN	at	1412858 
1414542	[1684]	:	Key	97	UP	at	1412970 
1416010	[1468]	:	Key	71	DOWN	at	1416010 
1417048	[1038]	:	Key	71	UP	at	1416130 
1418579	[1531]	:	Key	97	DOWN	at	1418579 
1419707	[1128]	:	Key	97	UP	at	1418731 
1421515	[1808]	:	Key	97	DOWN	at	1421515 
1422673	[1158]	:	Key	97	UP	at	1421691 
1424122	[1449]	:	Key	97	DOWN	at	1424122 
1425267	[1145]	:	Key	97	UP	at	1424290 
1427530	[2263]	:	Key	97	DOWN	at	1427530 
1428658	[1128]	:	Key	97	UP	at	1427682 
1429890	[1232]	:	Key	98	DOWN	at	1429890 
1430986	[1096]	:	Key	98	UP	at	1429986 
1432290	[1304]	:	Key	97	DOWN	at	1432290 
1433423	[1133]	:	Key	97	UP	at	1432426 
1434450	[1027]	:	Key	97	DOWN	at	1434450 
1435577	[1127]	:	Key	97	UP	at	1434578 
1436811	[1234]	:	Key	97	DOWN	at	1436811 
1438052	[1241]	:	Key	97	UP	at	1436963 
1441922	[3870]	:	Key	71	DOWN	at	1441922 
1442245	[323]	:	Key	71	UP	at	1442018 
1502274	[60029]	:	Key	97	DOWN	at	1502274 
1502430	[156]	:	Key	97	UP	at	1502370 
1552754	[50324]	:	Key	97	DOWN	at	1552754 
1552858	[104]	:	Key	97	UP	at	1552858 
1586802	[33944]	:	Key	71	DOWN	at	1586802 
1586922	[120]	:	Key	71	UP	at	1586922 
1601498	[14576]	:	Key	71	DOWN	at	1601498 
1601610	[112]	:	Key	71	UP	at	1601610 
1604610	[3000]	:	Key	97	DOWN	at	1604610 
1604754	[144]	:	Key	97	UP	at	1604754 
1624530	[19776]	:	Key	97	DOWN	at	1624530 
1624674	[144]	:	Key	97	UP	at	1624674 
1654610	[29936]	:	Key	97	DOWN	at	1654610 
1654722	[112]	:	Key	97	UP	at	1654722 
1677722	[23000]	:	Key	97	DOWN	at	1677722 
1677874	[152]	:	Key	97	UP	at	1677874 
1688050	[10176]	:	Key	97	DOWN	at	1688050 
1688194	[144]	:	Key	97	UP	at	1688194 
1709570	[21376]	:	Key	97	DOWN	at	1709570 
1709714	[144]	:	Key	97	UP	at	1709714 
1721819	[12105]	:	Key	97	DOWN	at	1721819 
1721906	[87]	:	Key	97	UP	at	1721899 
1734811	[12905]	:	Key	97	DOWN	at	1734811 
1734955	[144]	:	Key	97	UP	at	1734955 
1753899	[18944]	:	Key	97	DOWN	at	1753899 
1753985	[86]	:	Key	97	UP	at	1753955 
1767234	[13249]	:	Key	97	DOWN	at	1767234 
1767322	[88]	:	Key	97	UP	at	1767322 
1787523	[20201]	:	Key	97	DOWN	at	1787523 
1787608	[85]	:	Key	97	UP	at	1787555 
1801986	[14378]	:	Key	97	DOWN	at	1801986 
1802098	[112]	:	Key	97	UP	at	1802098 
1823019	[20921]	:	Key	97	DOWN	at	1823019 
1823155	[136]	:	Key	97	UP	at	1823155 
1852178	[29023]	:	Key	97	DOWN	at	1852178 
1852315	[137]	:	Key	97	UP	at	1852314 
1866106	[13791]	:	Key	97	DOWN	at	1866106 
1866258	[152]	:	Key	97	UP	at	1866258 
1887178	[20920]	:	Key	97	DOWN	at	1887178 
1887490	[312]	:	Key	97	UP	at	1887490 
1906026	[18536]	:	Key	97	DOWN	at	1906026 
1906186	[160]	:	Key	97	UP	at	1906186 
1913771	[7585]	:	Key	71	DOWN	at	1913771 
1913955	[184]	:	Key	71	UP	at	1913955 
1914947	[992]	:	Key	71	DOWN	at	1914947 
1915243	[296]	:	Key	71	UP	at	1915243 
1916019	[776]	:	Key	97	DOWN	at	1916019 
1917019	[1000]	:	Key	97	UP	at	1916186 
1917189	[170]	:	Key	97	DOWN	at	1917155 
1917427	[238]	:	Key	97	UP	at	1917427 
1925475	[8048]	:	Key	71	DOWN	at	1925475 
1925778	[303]	:	Key	71	UP	at	1925651 
1927771	[1993]	:	Key	71	DOWN	at	1927771 
2133882	[206111]	:	Key	71	DOWN	at	2133882 
2134002	[120]	:	Key	71	UP	at	2134002 
2135403	[1401]	:	Key	71	DOWN	at	2135403 
2816219	[680816]	:	Key	97	DOWN	at	2816219 
2817219	[1000]	:	Key	97	UP	at	2816411 
2822427	[5208]	:	Key	71	DOWN	at	2822427 
3484068	[661641]	:	Key	71	DOWN	at	3484068 
3484564	[496]	:	Key	71	UP	at	3484564 
3485492	[928]	:	Key	71	DOWN	at	3485492 
3485884	[392]	:	Key	71	UP	at	3485884 
3488484	[2600]	:	Key	97	DOWN	at	3488484 
3489484	[1000]	:	Key	97	UP	at	3488644 
3491644	[2160]	:	Key	71	DOWN	at	3491644 
4083788	[592144]	:	Key	97	DOWN	at	4083788 
4084788	[1000]	:	Key	97	UP	at	4083940 
4086620	[1832]	:	Key	71	DOWN	at	4086620 
4651140	[564520]	:	Key	97	DOWN	at	4651140 
4652140	[1000]	:	Key	97	UP	at	4651276 
4653765	[1625]	:	Key	71	DOWN	at	4653765 
5628782	[975017]	:	Key	71	DOWN	at	5628781 
5628875	[93]	:	COGENT STOP
