Cog2000 log file Tue Dec 29 10:03:47 2020
gprim v1.33 Compiled:Aug 12 2015 (GLib DirectDraw v7 DX10.0 Compiled:Aug 12 2015)
Display:1024x768x32 59.99Hz
Attaching E:\Sahar Rajabi\Final MBMF+Drug Task\Cogent2000v1.33\Toolbox\CogInput.mexw64
CogInput v1.05 Compiled: May 20 2010
4	[4]	:	COGENT START
37279	[37275]	:	Key	71	DOWN	at	37278   
37455	[176]	:	Key	71	UP	at	37454   
51373	[13918]	:	Key	97	DOWN	at	51373   
51526	[153]	:	Key	97	UP	at	51526   
55183	[3657]	:	Key	97	DOWN	at	55183   
55351	[168]	:	Key	97	UP	at	55351   
57134	[1783]	:	Key	97	DOWN	at	57134   
58134	[1000]	:	Key	97	UP	at	57271   
64406	[6272]	:	Key	71	DOWN	at	64406   
64581	[175]	:	Key	71	UP	at	64581   
69302	[4721]	:	Key	71	DOWN	at	69302   
72695	[3393]	:	Key	71	UP	at	69463   
76478	[3783]	:	Key	71	DOWN	at	76478   
79788	[3310]	:	Key	71	UP	at	76671   
80654	[866]	:	Key	71	DOWN	at	80654   
83944	[3290]	:	Key	71	UP	at	80862   
85302	[1358]	:	Key	71	DOWN	at	85302   
88605	[3303]	:	Key	71	UP	at	85599   
91246	[2641]	:	Key	71	DOWN	at	91246   
94549	[3303]	:	Key	71	UP	at	91463   
95310	[761]	:	Key	71	DOWN	at	95310   
98599	[3289]	:	Key	71	UP	at	95575   
101261	[2662]	:	Key	71	DOWN	at	101261  
104562	[3301]	:	Key	71	UP	at	101447  
107647	[3085]	:	Key	71	DOWN	at	107647  
110948	[3301]	:	Key	71	UP	at	107879  
112086	[1138]	:	Key	71	DOWN	at	112086  
115386	[3300]	:	Key	71	UP	at	112311  
116390	[1004]	:	Key	71	DOWN	at	116390  
119681	[3291]	:	Key	71	UP	at	116583  
120750	[1069]	:	Key	71	DOWN	at	120750  
124052	[3302]	:	Key	71	UP	at	120949  
124894	[842]	:	Key	71	DOWN	at	124894  
128195	[3301]	:	Key	71	UP	at	125095  
130437	[2242]	:	Key	71	DOWN	at	130437  
133740	[3303]	:	Key	71	UP	at	130622  
138382	[4642]	:	Key	71	DOWN	at	138382  
141683	[3301]	:	Key	71	UP	at	138559  
143959	[2276]	:	Key	71	DOWN	at	143959  
147262	[3303]	:	Key	71	UP	at	144127  
149030	[1768]	:	Key	71	DOWN	at	149030  
152321	[3291]	:	Key	71	UP	at	149223  
153558	[1237]	:	Key	71	DOWN	at	153558  
156858	[3300]	:	Key	71	UP	at	153743  
157757	[899]	:	Key	71	DOWN	at	157757  
161055	[3298]	:	Key	71	UP	at	157933  
161806	[751]	:	Key	71	DOWN	at	161806  
165093	[3287]	:	Key	71	UP	at	161975  
166430	[1337]	:	Key	71	DOWN	at	166430  
169730	[3300]	:	Key	71	UP	at	166615  
170638	[908]	:	Key	71	DOWN	at	170638  
173923	[3285]	:	Key	71	UP	at	170815  
175198	[1275]	:	Key	71	DOWN	at	175198  
178497	[3299]	:	Key	71	UP	at	175415  
181510	[3013]	:	Key	71	DOWN	at	181510  
184810	[3300]	:	Key	71	UP	at	181727  
185438	[628]	:	Key	71	DOWN	at	185438  
188727	[3289]	:	Key	71	UP	at	185631  
189454	[727]	:	Key	71	DOWN	at	189454  
192744	[3290]	:	Key	71	UP	at	189661  
195305	[2561]	:	Key	71	DOWN	at	195305  
198606	[3301]	:	Key	71	UP	at	195325  
201614	[3008]	:	Key	71	DOWN	at	201614  
204915	[3301]	:	Key	71	UP	at	201775  
205798	[883]	:	Key	71	DOWN	at	205798  
209086	[3288]	:	Key	71	UP	at	206030  
210185	[1099]	:	Key	71	DOWN	at	210185  
213484	[3299]	:	Key	71	UP	at	210205  
214175	[691]	:	Key	71	DOWN	at	214175  
217477	[3302]	:	Key	71	UP	at	214376  
218222	[745]	:	Key	71	DOWN	at	218222  
221510	[3288]	:	Key	71	UP	at	218439  
222022	[512]	:	Key	71	DOWN	at	222022  
225322	[3300]	:	Key	71	UP	at	222175  
225918	[596]	:	Key	71	DOWN	at	225918  
229214	[3296]	:	Key	71	UP	at	226095  
230350	[1136]	:	Key	71	DOWN	at	230350  
233647	[3297]	:	Key	71	UP	at	230551  
234366	[719]	:	Key	71	DOWN	at	234366  
237664	[3298]	:	Key	71	UP	at	234543  
238670	[1006]	:	Key	71	DOWN	at	238670  
241970	[3300]	:	Key	71	UP	at	238901  
244037	[2067]	:	Key	71	DOWN	at	244037  
247336	[3299]	:	Key	71	UP	at	244207  
248039	[703]	:	Key	71	DOWN	at	248039  
251334	[3295]	:	Key	71	UP	at	248223  
251918	[584]	:	Key	71	DOWN	at	251918  
255206	[3288]	:	Key	71	UP	at	252127  
256910	[1704]	:	Key	71	DOWN	at	256910  
260204	[3294]	:	Key	71	UP	at	257142  
263445	[3241]	:	Key	71	DOWN	at	263445  
266733	[3288]	:	Key	71	UP	at	263807  
267919	[1186]	:	Key	71	DOWN	at	267919  
271219	[3300]	:	Key	71	UP	at	268119  
275638	[4419]	:	Key	71	DOWN	at	275638  
278938	[3300]	:	Key	71	UP	at	275855  
282991	[4053]	:	Key	71	DOWN	at	282991  
286290	[3299]	:	Key	71	UP	at	283223  
288606	[2316]	:	Key	71	DOWN	at	288606  
291904	[3298]	:	Key	71	UP	at	288839  
292798	[894]	:	Key	71	DOWN	at	292798  
296085	[3287]	:	Key	71	UP	at	293030  
296710	[625]	:	Key	71	DOWN	at	296710  
299996	[3286]	:	Key	71	UP	at	296911  
302071	[2075]	:	Key	71	DOWN	at	302071  
306030	[3959]	:	Key	71	UP	at	302239  
307038	[1008]	:	Key	71	DOWN	at	307038  
308084	[1046]	:	Key	71	UP	at	307269  
309750	[1666]	:	Key	97	DOWN	at	309750  
310868	[1118]	:	Key	97	UP	at	309959  
312542	[1674]	:	Key	97	DOWN	at	312542  
313663	[1121]	:	Key	97	UP	at	312798  
315273	[1610]	:	Key	97	DOWN	at	315273  
316397	[1124]	:	Key	97	UP	at	315294  
317302	[905]	:	Key	98	DOWN	at	317302  
318432	[1130]	:	Key	98	UP	at	317472  
319654	[1222]	:	Key	97	DOWN	at	319654  
320770	[1116]	:	Key	97	UP	at	319863  
321710	[940]	:	Key	97	DOWN	at	321710  
322836	[1126]	:	Key	97	UP	at	321887  
323846	[1010]	:	Key	97	DOWN	at	323846  
324971	[1125]	:	Key	97	UP	at	324006  
326094	[1123]	:	Key	98	DOWN	at	326094  
327836	[1742]	:	Key	98	UP	at	326247  
331366	[3530]	:	Key	71	DOWN	at	331366  
332422	[1056]	:	Key	71	UP	at	331647  
333725	[1303]	:	Key	97	DOWN	at	333725  
334840	[1115]	:	Key	97	UP	at	333911  
336335	[1495]	:	Key	97	DOWN	at	336335  
337475	[1140]	:	Key	97	UP	at	336511  
338174	[699]	:	Key	98	DOWN	at	338174  
339292	[1118]	:	Key	98	UP	at	338359  
340254	[962]	:	Key	97	DOWN	at	340254  
341374	[1120]	:	Key	97	UP	at	340431  
342246	[872]	:	Key	98	DOWN	at	342246  
343375	[1129]	:	Key	98	UP	at	342358  
344502	[1127]	:	Key	98	DOWN	at	344502  
345625	[1123]	:	Key	98	UP	at	344937  
346494	[869]	:	Key	97	DOWN	at	346494  
347620	[1126]	:	Key	97	UP	at	346671  
348686	[1066]	:	Key	98	DOWN	at	348686  
349894	[1208]	:	Key	98	UP	at	348847  
352206	[2312]	:	Key	71	DOWN	at	352206  
352679	[473]	:	Key	71	UP	at	352679  
353335	[656]	:	Key	71	DOWN	at	353335  
353654	[319]	:	Key	71	UP	at	353654  
356550	[2896]	:	Key	71	DOWN	at	356550  
359841	[3291]	:	Key	71	UP	at	356879  
361021	[1180]	:	Key	71	DOWN	at	361021  
364321	[3300]	:	Key	71	UP	at	361383  
365414	[1093]	:	Key	71	DOWN	at	365414  
368712	[3298]	:	Key	71	UP	at	365709  
369662	[950]	:	Key	71	DOWN	at	369662  
372950	[3288]	:	Key	71	UP	at	369887  
374391	[1441]	:	Key	71	DOWN	at	374391  
377692	[3301]	:	Key	71	UP	at	374953  
378454	[762]	:	Key	71	DOWN	at	378454  
381753	[3299]	:	Key	71	UP	at	378663  
382850	[1097]	:	Key	71	DOWN	at	382850  
386138	[3288]	:	Key	71	UP	at	383061  
389231	[3093]	:	Key	71	DOWN	at	389231  
392521	[3290]	:	Key	71	UP	at	389439  
393414	[893]	:	Key	71	DOWN	at	393414  
396702	[3288]	:	Key	71	UP	at	393615  
399278	[2576]	:	Key	71	DOWN	at	399278  
402578	[3300]	:	Key	71	UP	at	399527  
403006	[428]	:	Key	71	DOWN	at	403006  
406305	[3299]	:	Key	71	UP	at	403207  
406671	[366]	:	Key	71	DOWN	at	406671  
409962	[3291]	:	Key	71	UP	at	406936  
410678	[716]	:	Key	71	DOWN	at	410678  
413978	[3300]	:	Key	71	UP	at	410902  
415102	[1124]	:	Key	71	DOWN	at	415102  
418402	[3300]	:	Key	71	UP	at	415357  
419198	[796]	:	Key	71	DOWN	at	419198  
422489	[3291]	:	Key	71	UP	at	419367  
423847	[1358]	:	Key	71	DOWN	at	423847  
427757	[3910]	:	Key	71	UP	at	424079  
428830	[1073]	:	Key	71	DOWN	at	428830  
429877	[1047]	:	Key	71	UP	at	429111  
431374	[1497]	:	Key	97	DOWN	at	431374  
432495	[1121]	:	Key	97	UP	at	431623  
433390	[895]	:	Key	98	DOWN	at	433390  
434503	[1113]	:	Key	98	UP	at	433559  
436021	[1518]	:	Key	97	DOWN	at	436021  
437138	[1117]	:	Key	97	UP	at	436215  
438038	[900]	:	Key	97	DOWN	at	438038  
439157	[1119]	:	Key	97	UP	at	438254  
439822	[665]	:	Key	97	DOWN	at	439822  
440945	[1123]	:	Key	97	UP	at	440000  
442022	[1077]	:	Key	97	DOWN	at	442022  
443139	[1117]	:	Key	97	UP	at	442206  
444351	[1212]	:	Key	98	DOWN	at	444351  
445482	[1131]	:	Key	98	UP	at	444422  
446231	[749]	:	Key	98	DOWN	at	446231  
447938	[1707]	:	Key	98	UP	at	446358  
450097	[2159]	:	Key	71	DOWN	at	450097  
451147	[1050]	:	Key	71	UP	at	450225  
452654	[1507]	:	Key	97	DOWN	at	452654  
453778	[1124]	:	Key	97	UP	at	452855  
454870	[1092]	:	Key	97	DOWN	at	454870  
455971	[1101]	:	Key	97	UP	at	455063  
456942	[971]	:	Key	97	DOWN	at	456942  
458073	[1131]	:	Key	97	UP	at	457143  
458774	[701]	:	Key	98	DOWN	at	458774  
459880	[1106]	:	Key	98	UP	at	458984  
461254	[1374]	:	Key	97	DOWN	at	461254  
462371	[1117]	:	Key	97	UP	at	461471  
463558	[1187]	:	Key	97	DOWN	at	463558  
464681	[1123]	:	Key	97	UP	at	463759  
465682	[1001]	:	Key	98	DOWN	at	465682  
465682	[0]	:	Key	98	UP	at	465682  
467702	[2020]	:	Key	97	DOWN	at	467702  
468891	[1189]	:	Key	97	UP	at	467935  
470462	[1571]	:	Key	71	DOWN	at	470462  
470776	[314]	:	Key	71	UP	at	470742  
472462	[1686]	:	Key	71	DOWN	at	472462  
472806	[344]	:	Key	71	UP	at	472806  
474102	[1296]	:	Key	71	DOWN	at	474102  
477404	[3302]	:	Key	71	UP	at	474511  
480457	[3053]	:	Key	71	DOWN	at	480457  
483756	[3299]	:	Key	71	UP	at	480545  
485414	[1658]	:	Key	71	DOWN	at	485414  
488714	[3300]	:	Key	71	UP	at	485677  
489701	[987]	:	Key	71	DOWN	at	489701  
493001	[3300]	:	Key	71	UP	at	489941  
493566	[565]	:	Key	71	DOWN	at	493566  
496867	[3301]	:	Key	71	UP	at	493830  
497341	[474]	:	Key	71	DOWN	at	497341  
500640	[3299]	:	Key	71	UP	at	497678  
503917	[3277]	:	Key	71	DOWN	at	503917  
507206	[3289]	:	Key	71	UP	at	504229  
509077	[1871]	:	Key	71	DOWN	at	509077  
512975	[3898]	:	Key	71	UP	at	509533  
513582	[607]	:	Key	71	DOWN	at	513582  
514629	[1047]	:	Key	71	UP	at	513846  
515605	[976]	:	Key	98	DOWN	at	515605  
516717	[1112]	:	Key	98	UP	at	515756  
518092	[1375]	:	Key	97	DOWN	at	518092  
519220	[1128]	:	Key	97	UP	at	518317  
520381	[1161]	:	Key	97	DOWN	at	520381  
521508	[1127]	:	Key	97	UP	at	520613  
522517	[1009]	:	Key	97	DOWN	at	522517  
523631	[1114]	:	Key	97	UP	at	522701  
524733	[1102]	:	Key	97	DOWN	at	524733  
525844	[1111]	:	Key	97	UP	at	524965  
527326	[1482]	:	Key	97	DOWN	at	527326  
528455	[1129]	:	Key	97	UP	at	527542  
529462	[1007]	:	Key	97	DOWN	at	529462  
530585	[1123]	:	Key	97	UP	at	529702  
531310	[725]	:	Key	98	DOWN	at	531310  
532982	[1672]	:	Key	98	UP	at	531470  
534389	[1407]	:	Key	71	DOWN	at	534389  
535429	[1040]	:	Key	71	UP	at	534565  
536685	[1256]	:	Key	98	DOWN	at	536685  
537792	[1107]	:	Key	98	UP	at	536861  
539053	[1261]	:	Key	98	DOWN	at	539053  
540161	[1108]	:	Key	98	UP	at	539245  
541349	[1188]	:	Key	97	DOWN	at	541349  
542465	[1116]	:	Key	97	UP	at	541509  
543229	[764]	:	Key	98	DOWN	at	543229  
544354	[1125]	:	Key	98	UP	at	543349  
545446	[1092]	:	Key	97	DOWN	at	545446  
546576	[1130]	:	Key	97	UP	at	545582  
547838	[1262]	:	Key	97	DOWN	at	547838  
548953	[1115]	:	Key	97	UP	at	547998  
550349	[1396]	:	Key	98	DOWN	at	550349  
551469	[1120]	:	Key	98	UP	at	550526  
552461	[992]	:	Key	97	DOWN	at	552461  
553626	[1165]	:	Key	97	UP	at	552621  
555669	[2043]	:	Key	71	DOWN	at	555669  
556085	[416]	:	Key	71	UP	at	556085  
557029	[944]	:	Key	71	DOWN	at	557029  
557437	[408]	:	Key	71	UP	at	557437  
558381	[944]	:	Key	71	DOWN	at	558381  
561679	[3298]	:	Key	71	UP	at	558909  
563286	[1607]	:	Key	71	DOWN	at	563286  
566582	[3296]	:	Key	71	UP	at	563670  
567309	[727]	:	Key	71	DOWN	at	567309  
570598	[3289]	:	Key	71	UP	at	567621  
571093	[495]	:	Key	71	DOWN	at	571093  
574382	[3289]	:	Key	71	UP	at	571373  
575333	[951]	:	Key	71	DOWN	at	575333  
578632	[3299]	:	Key	71	UP	at	575597  
579029	[397]	:	Key	71	DOWN	at	579029  
582329	[3300]	:	Key	71	UP	at	579381  
587253	[4924]	:	Key	71	DOWN	at	587253  
590541	[3288]	:	Key	71	UP	at	587501  
591253	[712]	:	Key	71	DOWN	at	591253  
595149	[3896]	:	Key	71	UP	at	591541  
597502	[2353]	:	Key	71	DOWN	at	597502  
598543	[1041]	:	Key	71	UP	at	597694  
599414	[871]	:	Key	97	DOWN	at	599414  
600545	[1131]	:	Key	97	UP	at	599558  
601982	[1437]	:	Key	97	DOWN	at	601982  
603100	[1118]	:	Key	97	UP	at	602166  
604109	[1009]	:	Key	97	DOWN	at	604109  
605231	[1122]	:	Key	97	UP	at	604333  
606077	[846]	:	Key	97	DOWN	at	606077  
607207	[1130]	:	Key	97	UP	at	606277  
608301	[1094]	:	Key	97	DOWN	at	608301  
609408	[1107]	:	Key	97	UP	at	608485  
610357	[949]	:	Key	97	DOWN	at	610357  
611478	[1121]	:	Key	97	UP	at	610541  
612485	[1007]	:	Key	98	DOWN	at	612485  
613596	[1111]	:	Key	98	UP	at	612597  
614870	[1274]	:	Key	97	DOWN	at	614870  
616555	[1685]	:	Key	97	UP	at	615022  
617870	[1315]	:	Key	71	DOWN	at	617870  
618913	[1043]	:	Key	71	UP	at	618030  
619822	[909]	:	Key	97	DOWN	at	619822  
620951	[1129]	:	Key	97	UP	at	619965  
621589	[638]	:	Key	97	DOWN	at	621589  
622715	[1126]	:	Key	97	UP	at	621758  
623861	[1146]	:	Key	97	DOWN	at	623861  
624974	[1113]	:	Key	97	UP	at	624077  
626661	[1687]	:	Key	97	DOWN	at	626661  
627776	[1115]	:	Key	97	UP	at	626917  
629781	[2005]	:	Key	98	DOWN	at	629781  
630906	[1125]	:	Key	98	UP	at	629869  
630907	[1]	:	Key	97	DOWN	at	629917  
630907	[0]	:	Key	97	UP	at	630237  
632110	[1203]	:	Key	97	DOWN	at	632110  
633220	[1110]	:	Key	97	UP	at	632294  
635510	[2290]	:	Key	98	DOWN	at	635510  
636617	[1107]	:	Key	98	UP	at	635598  
637901	[1284]	:	Key	97	DOWN	at	637901  
639068	[1167]	:	Key	97	UP	at	638174  
640541	[1473]	:	Key	71	DOWN	at	640541  
640852	[311]	:	Key	71	UP	at	640821  
641653	[801]	:	Key	71	DOWN	at	641653  
641957	[304]	:	Key	71	UP	at	641957  
643173	[1216]	:	Key	71	DOWN	at	643173  
646474	[3301]	:	Key	71	UP	at	643357  
647373	[899]	:	Key	71	DOWN	at	647373  
650662	[3289]	:	Key	71	UP	at	647581  
651350	[688]	:	Key	71	DOWN	at	651350  
654641	[3291]	:	Key	71	UP	at	651614  
655469	[828]	:	Key	71	DOWN	at	655469  
658768	[3299]	:	Key	71	UP	at	655797  
659333	[565]	:	Key	71	DOWN	at	659333  
662622	[3289]	:	Key	71	UP	at	659549  
663365	[743]	:	Key	71	DOWN	at	663365  
666660	[3295]	:	Key	71	UP	at	663637  
668758	[2098]	:	Key	71	DOWN	at	668758  
672056	[3298]	:	Key	71	UP	at	669054  
672566	[510]	:	Key	71	DOWN	at	672566  
676469	[3903]	:	Key	71	UP	at	672854  
677397	[928]	:	Key	71	DOWN	at	677397  
678437	[1040]	:	Key	71	UP	at	677637  
679325	[888]	:	Key	97	DOWN	at	679325  
680435	[1110]	:	Key	97	UP	at	679509  
681509	[1074]	:	Key	98	DOWN	at	681509  
682611	[1102]	:	Key	98	UP	at	681709  
683781	[1170]	:	Key	98	DOWN	at	683781  
684914	[1133]	:	Key	98	UP	at	684037  
685870	[956]	:	Key	97	DOWN	at	685870  
686983	[1113]	:	Key	97	UP	at	686086  
687998	[1015]	:	Key	97	DOWN	at	687998  
689118	[1120]	:	Key	97	UP	at	688206  
689718	[600]	:	Key	97	DOWN	at	689718  
690834	[1116]	:	Key	97	UP	at	689966  
691717	[883]	:	Key	97	DOWN	at	691717  
692834	[1117]	:	Key	97	UP	at	691974  
693485	[651]	:	Key	97	DOWN	at	693485  
695166	[1681]	:	Key	97	UP	at	693693  
696685	[1519]	:	Key	71	DOWN	at	696685  
697726	[1041]	:	Key	71	UP	at	696973  
699021	[1295]	:	Key	97	DOWN	at	699021  
700124	[1103]	:	Key	97	UP	at	699229  
701445	[1321]	:	Key	97	DOWN	at	701445  
702557	[1112]	:	Key	97	UP	at	701685  
703942	[1385]	:	Key	97	DOWN	at	703942  
705048	[1106]	:	Key	97	UP	at	704222  
706126	[1078]	:	Key	97	DOWN	at	706126  
707242	[1116]	:	Key	97	UP	at	706366  
708302	[1060]	:	Key	98	DOWN	at	708302  
709417	[1115]	:	Key	98	UP	at	708534  
710677	[1260]	:	Key	98	DOWN	at	710677  
711774	[1097]	:	Key	98	UP	at	710861  
712997	[1223]	:	Key	98	DOWN	at	712997  
714104	[1107]	:	Key	98	UP	at	713189  
714885	[781]	:	Key	97	DOWN	at	714885  
716059	[1174]	:	Key	97	UP	at	715093  
719493	[3434]	:	Key	71	DOWN	at	719493  
719918	[425]	:	Key	71	UP	at	719918  
721342	[1424]	:	Key	71	DOWN	at	721342  
721998	[656]	:	Key	71	UP	at	721998  
722494	[496]	:	Key	71	DOWN	at	722494  
725791	[3297]	:	Key	71	UP	at	722782  
725793	[2]	:	Key	71	DOWN	at	725350  
725794	[1]	:	Key	71	UP	at	725598  
726661	[867]	:	Key	71	DOWN	at	726661  
729961	[3300]	:	Key	71	UP	at	726877  
729963	[2]	:	Key	71	DOWN	at	729517  
729964	[1]	:	Key	71	UP	at	729741  
730629	[665]	:	Key	71	DOWN	at	730629  
733917	[3288]	:	Key	71	UP	at	730869  
734093	[176]	:	Key	71	DOWN	at	734093  
737392	[3299]	:	Key	71	UP	at	734325  
737394	[2]	:	Key	71	DOWN	at	736693  
737395	[1]	:	Key	71	UP	at	736989  
737950	[555]	:	Key	71	DOWN	at	737950  
741247	[3297]	:	Key	71	UP	at	738214  
741249	[2]	:	Key	71	DOWN	at	740710  
741250	[1]	:	Key	71	UP	at	740966  
741950	[700]	:	Key	71	DOWN	at	741950  
745242	[3292]	:	Key	71	UP	at	742414  
745244	[2]	:	Key	71	DOWN	at	744478  
745245	[1]	:	Key	71	UP	at	744758  
745749	[504]	:	Key	71	DOWN	at	745749  
749038	[3289]	:	Key	71	UP	at	745974  
749040	[2]	:	Key	71	DOWN	at	748173  
749041	[1]	:	Key	71	UP	at	748429  
749613	[572]	:	Key	71	DOWN	at	749613  
753538	[3925]	:	Key	71	UP	at	749845  
753538	[0]	:	Key	71	DOWN	at	752565  
753538	[0]	:	Key	71	UP	at	752821  
754886	[1348]	:	Key	71	DOWN	at	754886  
755926	[1040]	:	Key	71	UP	at	755038  
757158	[1232]	:	Key	98	DOWN	at	757158  
758263	[1105]	:	Key	98	UP	at	757326  
759678	[1415]	:	Key	97	DOWN	at	759678  
760808	[1130]	:	Key	97	UP	at	759846  
761574	[766]	:	Key	97	DOWN	at	761574  
762700	[1126]	:	Key	97	UP	at	761750  
763893	[1193]	:	Key	97	DOWN	at	763893  
765014	[1121]	:	Key	97	UP	at	764061  
766181	[1167]	:	Key	97	DOWN	at	766181  
767293	[1112]	:	Key	97	UP	at	766357  
768245	[952]	:	Key	98	DOWN	at	768245  
769362	[1117]	:	Key	98	UP	at	768413  
770421	[1059]	:	Key	97	DOWN	at	770421  
771530	[1109]	:	Key	97	UP	at	770589  
772254	[724]	:	Key	97	DOWN	at	772254  
773929	[1675]	:	Key	97	UP	at	772446  
775422	[1493]	:	Key	71	DOWN	at	775422  
776469	[1047]	:	Key	71	UP	at	775582  
777206	[737]	:	Key	98	DOWN	at	777206  
778331	[1125]	:	Key	98	UP	at	777390  
779566	[1235]	:	Key	97	DOWN	at	779566  
780703	[1137]	:	Key	97	UP	at	779758  
781813	[1110]	:	Key	97	DOWN	at	781813  
782925	[1112]	:	Key	97	UP	at	782029  
783885	[960]	:	Key	97	DOWN	at	783885  
784992	[1107]	:	Key	97	UP	at	784069  
786157	[1165]	:	Key	98	DOWN	at	786157  
787269	[1112]	:	Key	98	UP	at	786341  
788077	[808]	:	Key	98	DOWN	at	788077  
789197	[1120]	:	Key	98	UP	at	788261  
790262	[1065]	:	Key	97	DOWN	at	790262  
791377	[1115]	:	Key	97	UP	at	790430  
792502	[1125]	:	Key	98	DOWN	at	792502  
793692	[1190]	:	Key	98	UP	at	792702  
798117	[4425]	:	Key	71	DOWN	at	798117  
798435	[318]	:	Key	71	UP	at	798389  
800933	[2498]	:	Key	71	DOWN	at	800933  
801205	[272]	:	Key	71	UP	at	801205  
803405	[2200]	:	Key	97	DOWN	at	803405  
803557	[152]	:	Key	97	UP	at	803557  
805797	[2240]	:	Key	97	DOWN	at	805797  
806053	[256]	:	Key	97	UP	at	806053  
807190	[1137]	:	Key	97	DOWN	at	807190  
807382	[192]	:	Key	97	UP	at	807382  
808326	[944]	:	Key	97	DOWN	at	808326  
808590	[264]	:	Key	97	UP	at	808590  
811190	[2600]	:	Key	97	DOWN	at	811190  
811422	[232]	:	Key	97	UP	at	811422  
813622	[2200]	:	Key	97	DOWN	at	813622  
813846	[224]	:	Key	97	UP	at	813846  
815206	[1360]	:	Key	97	DOWN	at	815206  
815453	[247]	:	Key	97	UP	at	815453  
816093	[640]	:	Key	97	DOWN	at	816093  
816389	[296]	:	Key	97	UP	at	816389  
819493	[3104]	:	Key	97	DOWN	at	819493  
820109	[616]	:	Key	97	UP	at	820109  
824093	[3984]	:	Key	97	DOWN	at	824093  
824373	[280]	:	Key	97	UP	at	824373  
827286	[2913]	:	Key	97	DOWN	at	827286  
827734	[448]	:	Key	97	UP	at	827734  
828502	[768]	:	Key	97	DOWN	at	828502  
828758	[256]	:	Key	97	UP	at	828758  
836749	[7991]	:	Key	97	DOWN	at	836749  
836981	[232]	:	Key	97	UP	at	836981  
839037	[2056]	:	Key	97	DOWN	at	839037  
839277	[240]	:	Key	97	UP	at	839277  
843622	[4345]	:	Key	97	DOWN	at	843622  
843846	[224]	:	Key	97	UP	at	843846  
844606	[760]	:	Key	97	DOWN	at	844606  
845206	[600]	:	Key	97	UP	at	845206  
852653	[7447]	:	Key	97	DOWN	at	852653  
852861	[208]	:	Key	97	UP	at	852861  
860134	[7273]	:	Key	97	DOWN	at	860134  
860326	[192]	:	Key	97	UP	at	860326  
866990	[6664]	:	Key	97	DOWN	at	866990  
867198	[208]	:	Key	97	UP	at	867198  
869629	[2431]	:	Key	97	DOWN	at	869629  
870629	[1000]	:	Key	97	UP	at	869958  
872837	[2208]	:	Key	97	DOWN	at	872837  
873045	[208]	:	Key	97	UP	at	873045  
874629	[1584]	:	Key	71	DOWN	at	874629  
874929	[300]	:	Key	71	UP	at	874829  
877174	[2245]	:	Key	71	DOWN	at	877174  
959981	[82807]	:	Key	71	DOWN	at	959981  
960229	[248]	:	Key	71	UP	at	960229  
960797	[568]	:	Key	71	DOWN	at	960797  
1559910	[599113]	:	Key	71	DOWN	at	1559910 
1560102	[192]	:	Key	71	UP	at	1560102 
1561710	[1608]	:	Key	97	DOWN	at	1561710 
1562710	[1000]	:	Key	97	UP	at	1561902 
1563718	[1008]	:	Key	71	DOWN	at	1563718 
2143359	[579641]	:	Key	97	DOWN	at	2143359 
2144359	[1000]	:	Key	97	UP	at	2143519 
2147350	[2991]	:	Key	71	DOWN	at	2147350 
2725783	[578433]	:	Key	97	DOWN	at	2725783 
2726783	[1000]	:	Key	97	UP	at	2726055 
2727799	[1016]	:	Key	71	DOWN	at	2727799 
3313112	[585313]	:	Key	97	DOWN	at	3313112 
3314112	[1000]	:	Key	97	UP	at	3313264 
3315527	[1415]	:	Key	71	DOWN	at	3315527 
4186032	[870505]	:	Key	71	DOWN	at	4186032 
4186096	[64]	:	COGENT STOP
