Cog2000 log file Sat Nov 28 23:30:27 2020
gprim v1.33 Compiled:Aug 12 2015 (GLib DirectDraw v7 DX12.0 Compiled:Aug 12 2015)
Display:1024x768x32 59.99Hz
Attaching C:\Sahar Rajabi\Final MBMF+Drug Task\Cogent2000v1.33\Toolbox\CogInput.mexw64
CogInput v1.05 Compiled: May 20 2010
2	[2]	:	COGENT START
30890	[30888]	:	Key	71	DOWN	at	30888   
31184	[294]	:	Key	71	UP	at	31183   
32095	[911]	:	Key	97	DOWN	at	32095   
32182	[87]	:	Key	97	UP	at	32182   
36456	[4274]	:	Key	97	DOWN	at	36456   
36532	[76]	:	Key	97	UP	at	36519   
39744	[3212]	:	Key	97	DOWN	at	39743   
40744	[1000]	:	Key	97	UP	at	39872   
50433	[9689]	:	Key	71	DOWN	at	50432   
50536	[103]	:	Key	71	UP	at	50536   
53921	[3385]	:	Key	71	DOWN	at	53920   
57283	[3362]	:	Key	71	UP	at	54072   
60599	[3316]	:	Key	71	DOWN	at	60599   
63904	[3305]	:	Key	71	UP	at	60759   
67303	[3399]	:	Key	71	DOWN	at	67303   
70612	[3309]	:	Key	71	UP	at	67520   
72080	[1468]	:	Key	71	DOWN	at	72080   
75388	[3308]	:	Key	71	UP	at	72352   
79617	[4229]	:	Key	71	DOWN	at	79616   
82925	[3308]	:	Key	71	UP	at	79767   
85481	[2556]	:	Key	71	DOWN	at	85480   
88789	[3308]	:	Key	71	UP	at	85768   
91025	[2236]	:	Key	71	DOWN	at	91024   
94331	[3306]	:	Key	71	UP	at	91287   
95311	[980]	:	Key	71	DOWN	at	95311   
98619	[3308]	:	Key	71	UP	at	95463   
100705	[2086]	:	Key	71	DOWN	at	100704  
104014	[3309]	:	Key	71	UP	at	100951  
104881	[867]	:	Key	71	DOWN	at	104880  
108187	[3306]	:	Key	71	UP	at	105135  
110465	[2278]	:	Key	71	DOWN	at	110464  
113774	[3309]	:	Key	71	UP	at	110656  
114761	[987]	:	Key	71	DOWN	at	114761  
118073	[3312]	:	Key	71	UP	at	115016  
119520	[1447]	:	Key	71	DOWN	at	119520  
122829	[3309]	:	Key	71	UP	at	119735  
123456	[627]	:	Key	71	DOWN	at	123456  
126764	[3308]	:	Key	71	UP	at	123679  
129520	[2756]	:	Key	71	DOWN	at	129520  
132828	[3308]	:	Key	71	UP	at	129711  
134017	[1189]	:	Key	71	DOWN	at	134017  
137329	[3312]	:	Key	71	UP	at	134232  
137895	[566]	:	Key	71	DOWN	at	137895  
141207	[3312]	:	Key	71	UP	at	138104  
142561	[1354]	:	Key	71	DOWN	at	142560  
145868	[3307]	:	Key	71	UP	at	142808  
148616	[2748]	:	Key	71	DOWN	at	148616  
151923	[3307]	:	Key	71	UP	at	148823  
152961	[1038]	:	Key	71	DOWN	at	152960  
156267	[3306]	:	Key	71	UP	at	153239  
157087	[820]	:	Key	71	DOWN	at	157087  
160397	[3310]	:	Key	71	UP	at	157336  
161104	[707]	:	Key	71	DOWN	at	161104  
164411	[3307]	:	Key	71	UP	at	161312  
166648	[2237]	:	Key	71	DOWN	at	166648  
169954	[3306]	:	Key	71	UP	at	166832  
170977	[1023]	:	Key	71	DOWN	at	170976  
174286	[3309]	:	Key	71	UP	at	171167  
175232	[946]	:	Key	71	DOWN	at	175232  
178543	[3311]	:	Key	71	UP	at	175583  
182415	[3872]	:	Key	71	DOWN	at	182415  
185727	[3312]	:	Key	71	UP	at	182704  
188313	[2586]	:	Key	71	DOWN	at	188312  
191620	[3307]	:	Key	71	UP	at	188471  
192360	[740]	:	Key	71	DOWN	at	192360  
195668	[3308]	:	Key	71	UP	at	192543  
197897	[2229]	:	Key	71	DOWN	at	197896  
201206	[3309]	:	Key	71	UP	at	198143  
201919	[713]	:	Key	71	DOWN	at	201919  
205227	[3308]	:	Key	71	UP	at	202136  
211089	[5862]	:	Key	71	DOWN	at	211088  
214398	[3309]	:	Key	71	UP	at	211296  
215841	[1443]	:	Key	71	DOWN	at	215840  
219152	[3311]	:	Key	71	UP	at	216024  
223057	[3905]	:	Key	71	DOWN	at	223057  
226362	[3305]	:	Key	71	UP	at	223304  
227457	[1095]	:	Key	71	DOWN	at	227457  
230766	[3309]	:	Key	71	UP	at	227655  
238457	[7691]	:	Key	71	DOWN	at	238456  
241766	[3309]	:	Key	71	UP	at	238784  
246592	[4826]	:	Key	71	DOWN	at	246591  
249901	[3309]	:	Key	71	UP	at	246832  
250712	[811]	:	Key	71	DOWN	at	250711  
254020	[3308]	:	Key	71	UP	at	251063  
256616	[2596]	:	Key	71	DOWN	at	256615  
259922	[3306]	:	Key	71	UP	at	256968  
260841	[919]	:	Key	71	DOWN	at	260839  
264149	[3308]	:	Key	71	UP	at	261048  
269040	[4891]	:	Key	71	DOWN	at	269040  
272350	[3310]	:	Key	71	UP	at	269255  
272952	[602]	:	Key	71	DOWN	at	272952  
276261	[3309]	:	Key	71	UP	at	273288  
281312	[5051]	:	Key	71	DOWN	at	281312  
284622	[3310]	:	Key	71	UP	at	281585  
288831	[4209]	:	Key	71	DOWN	at	288831  
292140	[3309]	:	Key	71	UP	at	289073  
294856	[2716]	:	Key	71	DOWN	at	294856  
298166	[3310]	:	Key	71	UP	at	295072  
299632	[1466]	:	Key	71	DOWN	at	299632  
302939	[3307]	:	Key	71	UP	at	299864  
307913	[4974]	:	Key	71	DOWN	at	307912  
311221	[3308]	:	Key	71	UP	at	308200  
312145	[924]	:	Key	71	DOWN	at	312144  
315454	[3309]	:	Key	71	UP	at	312360  
318640	[3186]	:	Key	71	DOWN	at	318640  
322560	[3920]	:	Key	71	UP	at	318840  
325520	[2960]	:	Key	71	DOWN	at	325520  
326567	[1047]	:	Key	71	UP	at	325816  
328169	[1602]	:	Key	97	DOWN	at	328169  
329289	[1120]	:	Key	97	UP	at	328328  
330480	[1191]	:	Key	98	DOWN	at	330479  
331590	[1110]	:	Key	98	UP	at	330616  
333024	[1434]	:	Key	97	DOWN	at	333024  
334126	[1102]	:	Key	97	UP	at	333159  
335751	[1625]	:	Key	97	DOWN	at	335751  
336872	[1121]	:	Key	97	UP	at	335905  
338040	[1168]	:	Key	97	DOWN	at	338039  
339148	[1108]	:	Key	97	UP	at	338208  
340551	[1403]	:	Key	97	DOWN	at	340551  
341664	[1113]	:	Key	97	UP	at	340696  
343239	[1575]	:	Key	98	DOWN	at	343239  
344348	[1109]	:	Key	98	UP	at	343368  
346809	[2461]	:	Key	97	DOWN	at	346808  
348472	[1663]	:	Key	97	UP	at	346967  
350695	[2223]	:	Key	71	DOWN	at	350695  
351742	[1047]	:	Key	71	UP	at	350840  
362840	[11098]	:	Key	98	DOWN	at	362840  
363962	[1122]	:	Key	98	UP	at	363063  
366121	[2159]	:	Key	100	DOWN	at	366120  
366343	[222]	:	Key	100	UP	at	366343  
367096	[753]	:	Key	100	DOWN	at	367096  
367377	[281]	:	Key	100	UP	at	367377  
368303	[926]	:	Key	97	DOWN	at	368303  
369417	[1114]	:	Key	97	UP	at	368481  
370896	[1479]	:	Key	97	DOWN	at	370895  
372002	[1106]	:	Key	97	UP	at	371049  
375095	[3093]	:	Key	98	DOWN	at	375095  
376201	[1106]	:	Key	98	UP	at	375233  
378201	[2000]	:	Key	98	DOWN	at	378200  
379335	[1134]	:	Key	98	UP	at	378368  
380952	[1617]	:	Key	98	DOWN	at	380952  
382081	[1129]	:	Key	98	UP	at	381120  
382896	[815]	:	Key	97	DOWN	at	382896  
384025	[1129]	:	Key	97	UP	at	383049  
385103	[1078]	:	Key	97	DOWN	at	385103  
386282	[1179]	:	Key	97	UP	at	385264  
388592	[2310]	:	Key	71	DOWN	at	388592  
388920	[328]	:	Key	71	UP	at	388855  
390064	[1144]	:	Key	71	DOWN	at	390064  
390144	[80]	:	Key	71	UP	at	390144  
394017	[3873]	:	Key	71	DOWN	at	394017  
397331	[3314]	:	Key	71	UP	at	394167  
406105	[8774]	:	Key	71	DOWN	at	406105  
409415	[3310]	:	Key	71	UP	at	406264  
412153	[2738]	:	Key	71	DOWN	at	412153  
415461	[3308]	:	Key	71	UP	at	412320  
417529	[2068]	:	Key	71	DOWN	at	417528  
420836	[3307]	:	Key	71	UP	at	417728  
421864	[1028]	:	Key	71	DOWN	at	421864  
425175	[3311]	:	Key	71	UP	at	422056  
437520	[12345]	:	Key	71	DOWN	at	437520  
440824	[3304]	:	Key	71	UP	at	437696  
443465	[2641]	:	Key	71	DOWN	at	443465  
446770	[3305]	:	Key	71	UP	at	443632  
447865	[1095]	:	Key	71	DOWN	at	447864  
451173	[3308]	:	Key	71	UP	at	448047  
454344	[3171]	:	Key	71	DOWN	at	454344  
457646	[3302]	:	Key	71	UP	at	454480  
463848	[6202]	:	Key	71	DOWN	at	463848  
467156	[3308]	:	Key	71	UP	at	463975  
472089	[4933]	:	Key	71	DOWN	at	472088  
475397	[3308]	:	Key	71	UP	at	472239  
476280	[883]	:	Key	71	DOWN	at	476280  
479586	[3306]	:	Key	71	UP	at	476424  
483559	[3973]	:	Key	71	DOWN	at	483559  
486867	[3308]	:	Key	71	UP	at	483713  
487608	[741]	:	Key	71	DOWN	at	487607  
490914	[3306]	:	Key	71	UP	at	487768  
494681	[3767]	:	Key	71	DOWN	at	494679  
497989	[3308]	:	Key	71	UP	at	494848  
500576	[2587]	:	Key	71	DOWN	at	500576  
504474	[3898]	:	Key	71	UP	at	500695  
506722	[2248]	:	Key	71	DOWN	at	506721  
507764	[1042]	:	Key	71	UP	at	506936  
509368	[1604]	:	Key	97	DOWN	at	509368  
510484	[1116]	:	Key	97	UP	at	509544  
512018	[1534]	:	Key	98	DOWN	at	512017  
513121	[1103]	:	Key	98	UP	at	512183  
514913	[1792]	:	Key	97	DOWN	at	514913  
516025	[1112]	:	Key	97	UP	at	515063  
518913	[2888]	:	Key	97	DOWN	at	518912  
520023	[1110]	:	Key	97	UP	at	519129  
521607	[1584]	:	Key	97	DOWN	at	521607  
522717	[1110]	:	Key	97	UP	at	521799  
524913	[2196]	:	Key	97	DOWN	at	524912  
526020	[1107]	:	Key	97	UP	at	525103  
527864	[1844]	:	Key	97	DOWN	at	527864  
528981	[1117]	:	Key	97	UP	at	528025  
531098	[2117]	:	Key	98	DOWN	at	531097  
532769	[1671]	:	Key	98	UP	at	531272  
538969	[6200]	:	Key	71	DOWN	at	538969  
540010	[1041]	:	Key	71	UP	at	539289  
541745	[1735]	:	Key	98	DOWN	at	541744  
542853	[1108]	:	Key	98	UP	at	541865  
545097	[2244]	:	Key	97	DOWN	at	545096  
546216	[1119]	:	Key	97	UP	at	545256  
547906	[1690]	:	Key	97	DOWN	at	547905  
549015	[1109]	:	Key	97	UP	at	547992  
550449	[1434]	:	Key	98	DOWN	at	550448  
551564	[1115]	:	Key	98	UP	at	550616  
553488	[1924]	:	Key	97	DOWN	at	553488  
554612	[1124]	:	Key	97	UP	at	553640  
557930	[3318]	:	Key	97	DOWN	at	557929  
559044	[1114]	:	Key	97	UP	at	558064  
560464	[1420]	:	Key	98	DOWN	at	560464  
561570	[1106]	:	Key	98	UP	at	560592  
562873	[1303]	:	Key	97	DOWN	at	562873  
564027	[1154]	:	Key	97	UP	at	563008  
569169	[5142]	:	Key	71	DOWN	at	569168  
569488	[319]	:	Key	71	UP	at	569360  
570417	[929]	:	Key	71	DOWN	at	570416  
570577	[160]	:	Key	71	UP	at	570577  
574305	[3728]	:	Key	71	DOWN	at	574305  
577615	[3310]	:	Key	71	UP	at	574511  
583696	[6081]	:	Key	71	DOWN	at	583696  
587006	[3310]	:	Key	71	UP	at	583944  
589519	[2513]	:	Key	71	DOWN	at	589519  
592827	[3308]	:	Key	71	UP	at	589863  
593888	[1061]	:	Key	71	DOWN	at	593888  
597200	[3312]	:	Key	71	UP	at	594168  
598097	[897]	:	Key	71	DOWN	at	598097  
601403	[3306]	:	Key	71	UP	at	598504  
602617	[1214]	:	Key	71	DOWN	at	602617  
605925	[3308]	:	Key	71	UP	at	603095  
606641	[716]	:	Key	71	DOWN	at	606641  
609950	[3309]	:	Key	71	UP	at	607032  
612017	[2067]	:	Key	71	DOWN	at	612017  
615921	[3904]	:	Key	71	UP	at	612431  
616505	[584]	:	Key	71	DOWN	at	616504  
617552	[1047]	:	Key	71	UP	at	616760  
618961	[1409]	:	Key	97	DOWN	at	618960  
620080	[1119]	:	Key	97	UP	at	619041  
621953	[1873]	:	Key	98	DOWN	at	621952  
623074	[1121]	:	Key	98	UP	at	622161  
624274	[1200]	:	Key	97	DOWN	at	624273  
625382	[1108]	:	Key	97	UP	at	624432  
626697	[1315]	:	Key	97	DOWN	at	626696  
627805	[1108]	:	Key	97	UP	at	626856  
628825	[1020]	:	Key	97	DOWN	at	628825  
629941	[1116]	:	Key	97	UP	at	628967  
631386	[1445]	:	Key	98	DOWN	at	631385  
632492	[1106]	:	Key	98	UP	at	631535  
634353	[1861]	:	Key	98	DOWN	at	634353  
635484	[1131]	:	Key	98	UP	at	634480  
637049	[1565]	:	Key	98	DOWN	at	637048  
638722	[1673]	:	Key	98	UP	at	637120  
640410	[1688]	:	Key	71	DOWN	at	640409  
641460	[1050]	:	Key	71	UP	at	640664  
643641	[2181]	:	Key	98	DOWN	at	643640  
644755	[1114]	:	Key	98	UP	at	643816  
646681	[1926]	:	Key	98	DOWN	at	646680  
647789	[1108]	:	Key	98	UP	at	646873  
649552	[1763]	:	Key	97	DOWN	at	649552  
650673	[1121]	:	Key	97	UP	at	649568  
651921	[1248]	:	Key	98	DOWN	at	651921  
653046	[1125]	:	Key	98	UP	at	652073  
654657	[1611]	:	Key	97	DOWN	at	654657  
655769	[1112]	:	Key	97	UP	at	654745  
657185	[1416]	:	Key	97	DOWN	at	657184  
658316	[1131]	:	Key	97	UP	at	657337  
659201	[885]	:	Key	98	DOWN	at	659200  
660312	[1111]	:	Key	98	UP	at	659352  
662376	[2064]	:	Key	98	DOWN	at	662376  
663561	[1185]	:	Key	98	UP	at	662488  
665498	[1937]	:	Key	71	DOWN	at	665497  
665823	[325]	:	Key	71	UP	at	665759  
666368	[545]	:	Key	71	DOWN	at	666368  
666495	[127]	:	Key	71	UP	at	666495  
669185	[2690]	:	Key	71	DOWN	at	669184  
672496	[3311]	:	Key	71	UP	at	669321  
678273	[5777]	:	Key	71	DOWN	at	678273  
681579	[3306]	:	Key	71	UP	at	678489  
681581	[2]	:	Key	71	DOWN	at	678512  
681582	[1]	:	Key	71	UP	at	678528  
682680	[1098]	:	Key	71	DOWN	at	682680  
685990	[3310]	:	Key	71	UP	at	682992  
687455	[1465]	:	Key	71	DOWN	at	687455  
690763	[3308]	:	Key	71	UP	at	687872  
691585	[822]	:	Key	71	DOWN	at	691585  
694895	[3310]	:	Key	71	UP	at	691833  
696272	[1377]	:	Key	71	DOWN	at	696272  
699581	[3309]	:	Key	71	UP	at	696504  
701584	[2003]	:	Key	71	DOWN	at	701584  
704891	[3307]	:	Key	71	UP	at	701792  
706401	[1510]	:	Key	71	DOWN	at	706401  
710303	[3902]	:	Key	71	UP	at	706592  
710784	[481]	:	Key	71	DOWN	at	710784  
711826	[1042]	:	Key	71	UP	at	710992  
713129	[1303]	:	Key	97	DOWN	at	713129  
714248	[1119]	:	Key	97	UP	at	713263  
715785	[1537]	:	Key	97	DOWN	at	715785  
716905	[1120]	:	Key	97	UP	at	715872  
718360	[1455]	:	Key	98	DOWN	at	718360  
719471	[1111]	:	Key	98	UP	at	718464  
721857	[2386]	:	Key	97	DOWN	at	721857  
722977	[1120]	:	Key	97	UP	at	722041  
724537	[1560]	:	Key	97	DOWN	at	724536  
725643	[1106]	:	Key	97	UP	at	724680  
726833	[1190]	:	Key	97	DOWN	at	726832  
727955	[1122]	:	Key	97	UP	at	727001  
729257	[1302]	:	Key	98	DOWN	at	729256  
730375	[1118]	:	Key	98	UP	at	729408  
732401	[2026]	:	Key	97	DOWN	at	732400  
734075	[1674]	:	Key	97	UP	at	732625  
735697	[1622]	:	Key	71	DOWN	at	735696  
736743	[1046]	:	Key	71	UP	at	735992  
738136	[1393]	:	Key	97	DOWN	at	738136  
739244	[1108]	:	Key	97	UP	at	738265  
740231	[987]	:	Key	98	DOWN	at	740231  
741358	[1127]	:	Key	98	UP	at	740369  
742674	[1316]	:	Key	97	DOWN	at	742673  
743787	[1113]	:	Key	97	UP	at	742801  
744904	[1117]	:	Key	97	DOWN	at	744904  
746009	[1105]	:	Key	97	UP	at	745025  
747464	[1455]	:	Key	98	DOWN	at	747464  
748573	[1109]	:	Key	98	UP	at	747568  
751912	[3339]	:	Key	97	DOWN	at	751912  
753030	[1118]	:	Key	97	UP	at	752024  
754826	[1796]	:	Key	97	DOWN	at	754826  
755951	[1125]	:	Key	97	UP	at	754896  
757344	[1393]	:	Key	98	DOWN	at	757344  
758514	[1170]	:	Key	98	UP	at	757472  
760177	[1663]	:	Key	71	DOWN	at	760176  
760601	[424]	:	Key	71	UP	at	760600  
761233	[632]	:	Key	71	DOWN	at	761232  
761442	[209]	:	Key	71	UP	at	761441  
762624	[1182]	:	Key	71	DOWN	at	762624  
765928	[3304]	:	Key	71	UP	at	762905  
772121	[6193]	:	Key	71	DOWN	at	772120  
775429	[3308]	:	Key	71	UP	at	772361  
776161	[732]	:	Key	71	DOWN	at	776161  
779469	[3308]	:	Key	71	UP	at	776401  
781081	[1612]	:	Key	71	DOWN	at	781080  
784389	[3308]	:	Key	71	UP	at	781313  
791377	[6988]	:	Key	71	DOWN	at	791377  
794683	[3306]	:	Key	71	UP	at	791600  
795688	[1005]	:	Key	71	DOWN	at	795688  
799000	[3312]	:	Key	71	UP	at	795937  
799730	[730]	:	Key	71	DOWN	at	799729  
803041	[3311]	:	Key	71	UP	at	800009  
804905	[1864]	:	Key	71	DOWN	at	804904  
808818	[3913]	:	Key	71	UP	at	805152  
809216	[398]	:	Key	71	DOWN	at	809216  
810268	[1052]	:	Key	71	UP	at	809511  
811713	[1445]	:	Key	97	DOWN	at	811713  
812820	[1107]	:	Key	97	UP	at	811848  
814408	[1588]	:	Key	98	DOWN	at	814408  
815517	[1109]	:	Key	98	UP	at	814545  
817080	[1563]	:	Key	97	DOWN	at	817080  
818201	[1121]	:	Key	97	UP	at	817208  
820144	[1943]	:	Key	98	DOWN	at	820144  
821261	[1117]	:	Key	98	UP	at	820288  
822816	[1555]	:	Key	97	DOWN	at	822816  
823929	[1113]	:	Key	97	UP	at	822936  
825066	[1137]	:	Key	98	DOWN	at	825065  
826182	[1116]	:	Key	98	UP	at	825200  
827897	[1715]	:	Key	97	DOWN	at	827897  
829023	[1126]	:	Key	97	UP	at	828081  
830023	[1000]	:	Key	97	DOWN	at	830023  
831683	[1660]	:	Key	97	UP	at	830176  
834545	[2862]	:	Key	71	DOWN	at	834545  
835592	[1047]	:	Key	71	UP	at	834929  
836816	[1224]	:	Key	97	DOWN	at	836815  
837926	[1110]	:	Key	97	UP	at	836961  
839034	[1108]	:	Key	97	DOWN	at	839033  
840160	[1126]	:	Key	97	UP	at	839192  
841288	[1128]	:	Key	97	DOWN	at	841287  
842401	[1113]	:	Key	97	UP	at	841457  
843513	[1112]	:	Key	98	DOWN	at	843512  
844620	[1107]	:	Key	98	UP	at	843681  
845722	[1102]	:	Key	98	DOWN	at	845721  
846836	[1114]	:	Key	98	UP	at	845825  
848937	[2101]	:	Key	97	DOWN	at	848937  
850048	[1111]	:	Key	97	UP	at	849104  
851706	[1658]	:	Key	97	DOWN	at	851705  
852843	[1137]	:	Key	97	UP	at	851832  
854080	[1237]	:	Key	97	DOWN	at	854080  
855237	[1157]	:	Key	97	UP	at	854224  
856720	[1483]	:	Key	71	DOWN	at	856720  
857049	[329]	:	Key	71	UP	at	856960  
857592	[543]	:	Key	71	DOWN	at	857592  
857785	[193]	:	Key	71	UP	at	857783  
859985	[2200]	:	Key	71	DOWN	at	859984  
863290	[3305]	:	Key	71	UP	at	860201  
864146	[856]	:	Key	71	DOWN	at	864146  
867453	[3307]	:	Key	71	UP	at	864384  
868601	[1148]	:	Key	71	DOWN	at	868601  
871908	[3307]	:	Key	71	UP	at	868808  
875441	[3533]	:	Key	71	DOWN	at	875440  
878746	[3305]	:	Key	71	UP	at	875544  
879570	[824]	:	Key	71	DOWN	at	879569  
882880	[3310]	:	Key	71	UP	at	879768  
883898	[1018]	:	Key	71	DOWN	at	883897  
887205	[3307]	:	Key	71	UP	at	884104  
888080	[875]	:	Key	71	DOWN	at	888080  
891388	[3308]	:	Key	71	UP	at	888336  
893386	[1998]	:	Key	71	DOWN	at	893385  
897291	[3905]	:	Key	71	UP	at	893601  
897857	[566]	:	Key	71	DOWN	at	897857  
898899	[1042]	:	Key	71	UP	at	898168  
900033	[1134]	:	Key	98	DOWN	at	900033  
901143	[1110]	:	Key	98	UP	at	900249  
902058	[915]	:	Key	97	DOWN	at	902056  
903164	[1106]	:	Key	97	UP	at	902225  
904305	[1141]	:	Key	97	DOWN	at	904304  
905431	[1126]	:	Key	97	UP	at	904481  
906377	[946]	:	Key	97	DOWN	at	906377  
907486	[1109]	:	Key	97	UP	at	906537  
908689	[1203]	:	Key	97	DOWN	at	908689  
909812	[1123]	:	Key	97	UP	at	908777  
911209	[1397]	:	Key	98	DOWN	at	911208  
912325	[1116]	:	Key	98	UP	at	911385  
914209	[1884]	:	Key	97	DOWN	at	914209  
915325	[1116]	:	Key	97	UP	at	914328  
916577	[1252]	:	Key	97	DOWN	at	916577  
918235	[1658]	:	Key	97	UP	at	916704  
919857	[1622]	:	Key	71	DOWN	at	919857  
920909	[1052]	:	Key	71	UP	at	920024  
922345	[1436]	:	Key	98	DOWN	at	922345  
923465	[1120]	:	Key	98	UP	at	922504  
924426	[961]	:	Key	97	DOWN	at	924425  
925533	[1107]	:	Key	97	UP	at	924624  
926393	[860]	:	Key	97	DOWN	at	926392  
927506	[1113]	:	Key	97	UP	at	926560  
928681	[1175]	:	Key	97	DOWN	at	928680  
929789	[1108]	:	Key	97	UP	at	928825  
930778	[989]	:	Key	98	DOWN	at	930777  
931888	[1110]	:	Key	98	UP	at	930961  
933504	[1616]	:	Key	98	DOWN	at	933504  
934616	[1112]	:	Key	98	UP	at	933712  
935505	[889]	:	Key	97	DOWN	at	935504  
936614	[1109]	:	Key	97	UP	at	935665  
938218	[1604]	:	Key	98	DOWN	at	938217  
939384	[1166]	:	Key	98	UP	at	938384  
942689	[3305]	:	Key	71	DOWN	at	942688  
943033	[344]	:	Key	71	UP	at	943033  
947225	[4192]	:	Key	71	DOWN	at	947225  
947457	[232]	:	Key	71	UP	at	947457  
949664	[2207]	:	Key	71	DOWN	at	949664  
950217	[553]	:	Key	71	UP	at	950217  
951865	[1648]	:	Key	97	DOWN	at	951865  
952074	[209]	:	Key	97	UP	at	952073  
954536	[2462]	:	Key	97	DOWN	at	954536  
954713	[177]	:	Key	97	UP	at	954712  
955617	[904]	:	Key	97	DOWN	at	955617  
955810	[193]	:	Key	97	UP	at	955809  
957249	[1439]	:	Key	97	DOWN	at	957248  
957368	[119]	:	Key	97	UP	at	957368  
981730	[24362]	:	Key	97	DOWN	at	981729  
981857	[127]	:	Key	97	UP	at	981856  
998426	[16569]	:	Key	97	DOWN	at	998425  
998521	[95]	:	Key	97	UP	at	998521  
1007985	[9464]	:	Key	97	DOWN	at	1007985 
1008120	[135]	:	Key	97	UP	at	1008120 
1023865	[15745]	:	Key	97	DOWN	at	1023865 
1024017	[152]	:	Key	97	UP	at	1024017 
1032393	[8376]	:	Key	97	DOWN	at	1032392 
1032497	[104]	:	Key	97	UP	at	1032496 
1047127	[14630]	:	Key	97	DOWN	at	1047127 
1047233	[106]	:	Key	97	UP	at	1047232 
1054704	[7471]	:	Key	97	DOWN	at	1054704 
1054818	[114]	:	Key	97	UP	at	1054817 
1066274	[11456]	:	Key	97	DOWN	at	1066273 
1066386	[112]	:	Key	97	UP	at	1066385 
1081081	[14695]	:	Key	97	DOWN	at	1081081 
1081234	[153]	:	Key	97	UP	at	1081233 
1093433	[12199]	:	Key	97	DOWN	at	1093432 
1093745	[312]	:	Key	97	UP	at	1093745 
1100257	[6512]	:	Key	97	DOWN	at	1100257 
1100385	[128]	:	Key	97	UP	at	1100384 
1102946	[2561]	:	Key	97	DOWN	at	1102945 
1103114	[168]	:	Key	97	UP	at	1103113 
1110617	[7503]	:	Key	97	DOWN	at	1110616 
1110770	[153]	:	Key	97	UP	at	1110769 
1128146	[17376]	:	Key	97	DOWN	at	1128145 
1128425	[279]	:	Key	97	UP	at	1128425 
1138569	[10144]	:	Key	97	DOWN	at	1138569 
1138690	[121]	:	Key	97	UP	at	1138689 
1141785	[3095]	:	Key	97	DOWN	at	1141785 
1142786	[1001]	:	Key	97	UP	at	1141890 
1145617	[2831]	:	Key	97	DOWN	at	1145617 
1145745	[128]	:	Key	97	UP	at	1145744 
1147025	[1280]	:	Key	71	DOWN	at	1147025 
1147316	[291]	:	Key	71	UP	at	1147186 
1148969	[1653]	:	Key	71	DOWN	at	1148969 
1258800	[109831]	:	Key	71	DOWN	at	1258800 
1258938	[138]	:	Key	71	UP	at	1258937 
1260034	[1096]	:	Key	71	DOWN	at	1260033 
1838635	[578601]	:	Key	71	DOWN	at	1838634 
1839555	[920]	:	Key	71	UP	at	1839554 
1840083	[528]	:	Key	71	DOWN	at	1840082 
1840289	[206]	:	Key	71	UP	at	1840289 
1875538	[35249]	:	Key	71	DOWN	at	1875537 
1875850	[312]	:	Key	71	UP	at	1875849 
1879178	[3328]	:	Key	97	DOWN	at	1879177 
1880177	[999]	:	Key	97	UP	at	1879402 
1880179	[2]	:	Key	97	DOWN	at	1880034 
1880618	[439]	:	Key	97	UP	at	1880618 
1881281	[663]	:	Key	71	DOWN	at	1881281 
2470041	[588760]	:	Key	71	DOWN	at	2470041 
2470459	[418]	:	Key	71	UP	at	2470458 
2471250	[791]	:	Key	97	DOWN	at	2471250 
2472250	[1000]	:	Key	97	UP	at	2471370 
2472938	[688]	:	Key	71	DOWN	at	2472938 
3066092	[593154]	:	Key	97	DOWN	at	3066091 
3067091	[999]	:	Key	97	UP	at	3066218 
3067987	[896]	:	Key	71	DOWN	at	3067987 
3648853	[580866]	:	Key	97	DOWN	at	3648852 
3649853	[1000]	:	Key	97	UP	at	3649044 
3649854	[1]	:	Key	71	DOWN	at	3649676 
3650323	[469]	:	Key	71	UP	at	3650323 
3652939	[2616]	:	Key	71	DOWN	at	3652939 
4508525	[855586]	:	Key	71	DOWN	at	4508524 
4508572	[47]	:	COGENT STOP
