Cog2000 log file Tue Jun 14 10:57:14 2022
gprim v1.33 Compiled:Aug 12 2015 (GLib DirectDraw v7 DX12.0 Compiled:Aug 12 2015)
Display:1024x768x32 59.99Hz
Attaching C:\Users\Carelab\Desktop\Final MBMF+Drug Task\Cogent2000v1.33\Toolbox\CogInput.mexw64
CogInput v1.05 Compiled: May 20 2010
2	[2]	:	COGENT START
33439	[33437]	:	Key	97	DOWN	at	33437   
33655	[216]	:	Key	97	UP	at	33654   
46501	[12846]	:	Key	97	DOWN	at	46501   
46692	[191]	:	Key	97	UP	at	46692   
74135	[27443]	:	Key	97	DOWN	at	74134   
75135	[1000]	:	Key	97	UP	at	74261   
112535	[37400]	:	Key	71	DOWN	at	112534  
112838	[303]	:	Key	71	UP	at	112837  
116765	[3927]	:	Key	71	DOWN	at	116765  
120110	[3345]	:	Key	71	UP	at	117022  
127653	[7543]	:	Key	71	DOWN	at	127653  
130940	[3287]	:	Key	71	UP	at	127916  
136972	[6032]	:	Key	71	DOWN	at	136972  
140258	[3286]	:	Key	71	UP	at	137238  
144845	[4587]	:	Key	71	DOWN	at	144845  
148138	[3293]	:	Key	71	UP	at	145092  
151870	[3732]	:	Key	71	DOWN	at	151869  
155158	[3288]	:	Key	71	UP	at	152158  
156597	[1439]	:	Key	71	DOWN	at	156597  
159884	[3287]	:	Key	71	UP	at	156876  
161716	[1832]	:	Key	71	DOWN	at	161716  
165007	[3291]	:	Key	71	UP	at	162022  
168759	[3752]	:	Key	71	DOWN	at	168758  
172057	[3298]	:	Key	71	UP	at	169062  
173895	[1838]	:	Key	71	DOWN	at	173894  
177185	[3290]	:	Key	71	UP	at	174221  
179374	[2189]	:	Key	71	DOWN	at	179373  
182660	[3286]	:	Key	71	UP	at	179653  
183541	[881]	:	Key	71	DOWN	at	183541  
186829	[3288]	:	Key	71	UP	at	183830  
186958	[129]	:	Key	71	DOWN	at	186957  
190247	[3289]	:	Key	71	UP	at	187286  
190829	[582]	:	Key	71	DOWN	at	190829  
194119	[3290]	:	Key	71	UP	at	191164  
195031	[912]	:	Key	71	DOWN	at	195030  
198318	[3287]	:	Key	71	UP	at	195310  
198661	[343]	:	Key	71	DOWN	at	198660  
201947	[3286]	:	Key	71	UP	at	198973  
202749	[802]	:	Key	71	DOWN	at	202748  
206038	[3289]	:	Key	71	UP	at	203037  
207620	[1582]	:	Key	71	DOWN	at	207620  
210909	[3289]	:	Key	71	UP	at	207869  
212175	[1266]	:	Key	71	DOWN	at	212174  
215463	[3288]	:	Key	71	UP	at	212452  
215990	[527]	:	Key	71	DOWN	at	215989  
219279	[3289]	:	Key	71	UP	at	216277  
220278	[999]	:	Key	71	DOWN	at	220278  
223568	[3290]	:	Key	71	UP	at	220566  
223646	[78]	:	Key	71	DOWN	at	223646  
226933	[3287]	:	Key	71	UP	at	223966  
229502	[2569]	:	Key	71	DOWN	at	229501  
232791	[3289]	:	Key	71	UP	at	229789  
236431	[3640]	:	Key	71	DOWN	at	236430  
239718	[3287]	:	Key	71	UP	at	236725  
240869	[1151]	:	Key	71	DOWN	at	240869  
244157	[3288]	:	Key	71	UP	at	241141  
247190	[3033]	:	Key	71	DOWN	at	247189  
250475	[3285]	:	Key	71	UP	at	247478  
252455	[1980]	:	Key	71	DOWN	at	252454  
255743	[3288]	:	Key	71	UP	at	252734  
257918	[2175]	:	Key	71	DOWN	at	257918  
261204	[3286]	:	Key	71	UP	at	258228  
262132	[928]	:	Key	71	DOWN	at	262132  
265421	[3289]	:	Key	71	UP	at	262389  
266205	[784]	:	Key	71	DOWN	at	266205  
269498	[3293]	:	Key	71	UP	at	266469  
273981	[4483]	:	Key	71	DOWN	at	273981  
277270	[3289]	:	Key	71	UP	at	274252  
280519	[3249]	:	Key	71	DOWN	at	280518  
283808	[3289]	:	Key	71	UP	at	280789  
287071	[3263]	:	Key	71	DOWN	at	287070  
290360	[3289]	:	Key	71	UP	at	287325  
291294	[934]	:	Key	71	DOWN	at	291294  
294584	[3290]	:	Key	71	UP	at	291574  
299126	[4542]	:	Key	71	DOWN	at	299125  
302416	[3290]	:	Key	71	UP	at	299445  
305414	[2998]	:	Key	71	DOWN	at	305413  
308702	[3288]	:	Key	71	UP	at	305693  
313301	[4599]	:	Key	71	DOWN	at	313301  
316588	[3287]	:	Key	71	UP	at	313534  
317653	[1065]	:	Key	71	DOWN	at	317653  
320940	[3287]	:	Key	71	UP	at	317958  
321478	[538]	:	Key	71	DOWN	at	321478  
324765	[3287]	:	Key	71	UP	at	321789  
329789	[5024]	:	Key	71	DOWN	at	329788  
333084	[3295]	:	Key	71	UP	at	330093  
335054	[1970]	:	Key	71	DOWN	at	335053  
338342	[3288]	:	Key	71	UP	at	335309  
338927	[585]	:	Key	71	DOWN	at	338926  
342216	[3289]	:	Key	71	UP	at	339189  
344326	[2110]	:	Key	71	DOWN	at	344325  
347625	[3299]	:	Key	71	UP	at	344606  
348471	[846]	:	Key	71	DOWN	at	348470  
351758	[3287]	:	Key	71	UP	at	348717  
352558	[800]	:	Key	71	DOWN	at	352558  
355849	[3291]	:	Key	71	UP	at	352822  
358815	[2966]	:	Key	71	DOWN	at	358814  
362104	[3289]	:	Key	71	UP	at	359078  
362790	[686]	:	Key	71	DOWN	at	362789  
366079	[3289]	:	Key	71	UP	at	363053  
366534	[455]	:	Key	71	DOWN	at	366534  
369822	[3288]	:	Key	71	UP	at	366814  
370503	[681]	:	Key	71	DOWN	at	370502  
374361	[3858]	:	Key	71	UP	at	370829  
462712	[88351]	:	Key	71	DOWN	at	462711  
463740	[1028]	:	Key	71	UP	at	462925  
468678	[4938]	:	Key	97	DOWN	at	468677  
469748	[1070]	:	Key	97	UP	at	468894  
471222	[1474]	:	Key	97	DOWN	at	471222  
472290	[1068]	:	Key	97	UP	at	471478  
475686	[3396]	:	Key	98	DOWN	at	475685  
476756	[1070]	:	Key	98	UP	at	475894  
479334	[2578]	:	Key	98	DOWN	at	479333  
480401	[1067]	:	Key	98	UP	at	479525  
483559	[3158]	:	Key	97	DOWN	at	483558  
484629	[1070]	:	Key	97	UP	at	483757  
487991	[3362]	:	Key	97	DOWN	at	487990  
489057	[1066]	:	Key	97	UP	at	488173  
491358	[2301]	:	Key	97	DOWN	at	491357  
492427	[1069]	:	Key	97	UP	at	491550  
494918	[2491]	:	Key	97	DOWN	at	494917  
496529	[1611]	:	Key	97	UP	at	495109  
512998	[16469]	:	Key	71	DOWN	at	512998  
514023	[1025]	:	Key	71	UP	at	513245  
516207	[2184]	:	Key	98	DOWN	at	516206  
517277	[1070]	:	Key	98	UP	at	516335  
519110	[1833]	:	Key	98	DOWN	at	519109  
520177	[1067]	:	Key	98	UP	at	519301  
522807	[2630]	:	Key	97	DOWN	at	522806  
523875	[1068]	:	Key	97	UP	at	523014  
526422	[2547]	:	Key	97	DOWN	at	526422  
527491	[1069]	:	Key	97	UP	at	526629  
530894	[3403]	:	Key	98	DOWN	at	530893  
531962	[1068]	:	Key	98	UP	at	531070  
533479	[1517]	:	Key	97	DOWN	at	533479  
534547	[1068]	:	Key	97	UP	at	533678  
536143	[1596]	:	Key	97	DOWN	at	536142  
537211	[1068]	:	Key	97	UP	at	536333  
539397	[2186]	:	Key	98	DOWN	at	539397  
540505	[1108]	:	Key	98	UP	at	539550  
564560	[24055]	:	Key	71	DOWN	at	564559  
564831	[271]	:	Key	71	UP	at	564718  
569925	[5094]	:	Key	71	DOWN	at	569925  
570157	[232]	:	Key	71	UP	at	570157  
572030	[1873]	:	Key	71	DOWN	at	572030  
575320	[3290]	:	Key	71	UP	at	572213  
578327	[3007]	:	Key	71	DOWN	at	578326  
581611	[3284]	:	Key	71	UP	at	578493  
582567	[956]	:	Key	71	DOWN	at	582566  
585856	[3289]	:	Key	71	UP	at	582741  
589061	[3205]	:	Key	71	DOWN	at	589061  
592349	[3288]	:	Key	71	UP	at	589254  
593056	[707]	:	Key	71	DOWN	at	593055  
596341	[3285]	:	Key	71	UP	at	593230  
597814	[1473]	:	Key	71	DOWN	at	597813  
601102	[3288]	:	Key	71	UP	at	598038  
604391	[3289]	:	Key	71	DOWN	at	604390  
607677	[3286]	:	Key	71	UP	at	604558  
610215	[2538]	:	Key	71	DOWN	at	610214  
613497	[3282]	:	Key	71	UP	at	610406  
614134	[637]	:	Key	71	DOWN	at	614133  
617422	[3288]	:	Key	71	UP	at	614310  
620175	[2753]	:	Key	71	DOWN	at	620174  
623465	[3290]	:	Key	71	UP	at	620334  
624903	[1438]	:	Key	71	DOWN	at	624902  
628192	[3289]	:	Key	71	UP	at	625165  
629277	[1085]	:	Key	71	DOWN	at	629277  
632564	[3287]	:	Key	71	UP	at	629454  
633192	[628]	:	Key	71	DOWN	at	633191  
636481	[3289]	:	Key	71	UP	at	633414  
640981	[4500]	:	Key	71	DOWN	at	640981  
644268	[3287]	:	Key	71	UP	at	641142  
646838	[2570]	:	Key	71	DOWN	at	646837  
650128	[3290]	:	Key	71	UP	at	647047  
653182	[3054]	:	Key	71	DOWN	at	653181  
657024	[3842]	:	Key	71	UP	at	653389  
660703	[3679]	:	Key	71	DOWN	at	660702  
661725	[1022]	:	Key	71	UP	at	660895  
663021	[1296]	:	Key	97	DOWN	at	663021  
664089	[1068]	:	Key	97	UP	at	663173  
665247	[1158]	:	Key	97	DOWN	at	665246  
666315	[1068]	:	Key	97	UP	at	665365  
668287	[1972]	:	Key	97	DOWN	at	668286  
669356	[1069]	:	Key	97	UP	at	668437  
670311	[955]	:	Key	97	DOWN	at	670310  
671382	[1071]	:	Key	97	UP	at	670462  
672583	[1201]	:	Key	97	DOWN	at	672582  
673650	[1067]	:	Key	97	UP	at	672710  
675262	[1612]	:	Key	98	DOWN	at	675261  
676329	[1067]	:	Key	98	UP	at	675381  
678366	[2037]	:	Key	97	DOWN	at	678365  
679431	[1065]	:	Key	97	UP	at	678510  
682055	[2624]	:	Key	98	DOWN	at	682054  
683656	[1601]	:	Key	98	UP	at	682149  
685511	[1855]	:	Key	71	DOWN	at	685510  
686534	[1023]	:	Key	71	UP	at	685734  
688910	[2376]	:	Key	98	DOWN	at	688909  
689979	[1069]	:	Key	98	UP	at	689030  
691365	[1386]	:	Key	98	DOWN	at	691365  
692434	[1069]	:	Key	98	UP	at	691478  
693670	[1236]	:	Key	98	DOWN	at	693670  
694739	[1069]	:	Key	98	UP	at	693781  
697237	[2498]	:	Key	98	DOWN	at	697237  
698307	[1070]	:	Key	98	UP	at	697374  
699671	[1364]	:	Key	98	DOWN	at	699670  
700738	[1067]	:	Key	98	UP	at	699765  
701983	[1245]	:	Key	98	DOWN	at	701983  
703050	[1067]	:	Key	98	UP	at	702102  
704431	[1381]	:	Key	98	DOWN	at	704430  
705498	[1067]	:	Key	98	UP	at	704534  
707119	[1621]	:	Key	97	DOWN	at	707118  
708223	[1104]	:	Key	97	UP	at	707254  
712014	[3791]	:	Key	71	DOWN	at	712014  
712279	[265]	:	Key	71	UP	at	712221  
727742	[15463]	:	Key	97	DOWN	at	727742  
727800	[58]	:	Key	97	UP	at	727799  
753855	[26055]	:	Key	71	DOWN	at	753854  
754071	[216]	:	Key	71	UP	at	754070  
756501	[2430]	:	Key	97	DOWN	at	756501  
756614	[113]	:	Key	97	UP	at	756613  
786829	[30215]	:	Key	97	DOWN	at	786829  
786919	[90]	:	Key	97	UP	at	786918  
799439	[12520]	:	Key	97	DOWN	at	799438  
799541	[102]	:	Key	97	UP	at	799541  
832182	[32641]	:	Key	97	DOWN	at	832181  
832294	[112]	:	Key	97	UP	at	832294  
866968	[34674]	:	Key	97	DOWN	at	866967  
867110	[142]	:	Key	97	UP	at	867110  
874847	[7737]	:	Key	97	DOWN	at	874846  
874951	[104]	:	Key	97	UP	at	874951  
893238	[18287]	:	Key	97	DOWN	at	893237  
893382	[144]	:	Key	97	UP	at	893382  
905695	[12313]	:	Key	97	DOWN	at	905695  
905824	[129]	:	Key	97	UP	at	905823  
918341	[12517]	:	Key	97	DOWN	at	918341  
918535	[194]	:	Key	97	UP	at	918534  
936183	[17648]	:	Key	97	DOWN	at	936182  
936303	[120]	:	Key	97	UP	at	936302  
945189	[8886]	:	Key	97	DOWN	at	945189  
945318	[129]	:	Key	97	UP	at	945317  
961870	[16552]	:	Key	97	DOWN	at	961870  
961975	[105]	:	Key	97	UP	at	961975  
974495	[12520]	:	Key	97	DOWN	at	974495  
974645	[150]	:	Key	97	UP	at	974645  
988095	[13450]	:	Key	97	DOWN	at	988094  
988312	[217]	:	Key	97	UP	at	988311  
1010559	[22247]	:	Key	97	DOWN	at	1010558 
1010695	[136]	:	Key	97	UP	at	1010694 
1025998	[15303]	:	Key	97	DOWN	at	1025998 
1026135	[137]	:	Key	97	UP	at	1026134 
1059271	[33136]	:	Key	97	DOWN	at	1059270 
1059383	[112]	:	Key	97	UP	at	1059383 
1070766	[11383]	:	Key	97	DOWN	at	1070765 
1070879	[113]	:	Key	97	UP	at	1070878 
1073910	[3031]	:	Key	97	DOWN	at	1073909 
1074909	[999]	:	Key	97	UP	at	1074014 
1085167	[10258]	:	Key	71	DOWN	at	1085167 
1085424	[257]	:	Key	71	UP	at	1085333 
1087143	[1719]	:	Key	71	DOWN	at	1087142 
1222310	[135167]	:	Key	71	DOWN	at	1222309 
1222551	[241]	:	Key	71	UP	at	1222550 
1223903	[1352]	:	Key	71	DOWN	at	1223902 
1822286	[598383]	:	Key	97	DOWN	at	1822286 
1823287	[1001]	:	Key	97	UP	at	1822438 
1824503	[1216]	:	Key	71	DOWN	at	1824502 
2393935	[569432]	:	Key	97	DOWN	at	2393935 
2394936	[1001]	:	Key	97	UP	at	2394038 
2397191	[2255]	:	Key	71	DOWN	at	2397190 
3014586	[617395]	:	Key	97	DOWN	at	3014585 
3015586	[1000]	:	Key	97	UP	at	3014655 
3018184	[2598]	:	Key	71	DOWN	at	3018184 
3628649	[610465]	:	Key	97	DOWN	at	3628648 
3629648	[999]	:	Key	97	UP	at	3628761 
3633585	[3937]	:	Key	71	DOWN	at	3633584 
4406171	[772586]	:	Key	71	DOWN	at	4406170 
4406193	[22]	:	COGENT STOP
