Cog2000 log file Tue Jul 19 10:09:52 2022
gprim v1.33 Compiled:Aug 12 2015 (GLib DirectDraw v7 DX12.0 Compiled:Aug 12 2015)
Display:1024x768x32 59.77Hz
Attaching F:\Sahar Rajabi\Final MBMF+Drug Task\Cogent2000v1.33\Toolbox\CogInput.mexw64
CogInput v1.05 Compiled: May 20 2010
5	[5]	:	COGENT START
30556	[30551]	:	Key	97	DOWN	at	30556   
30644	[88]	:	Key	97	UP	at	30628   
40789	[10145]	:	Key	97	DOWN	at	40788   
40876	[87]	:	Key	97	UP	at	40876   
66005	[25129]	:	Key	97	DOWN	at	66005   
67005	[1000]	:	Key	97	UP	at	66085   
81772	[14767]	:	Key	71	DOWN	at	81772   
81994	[222]	:	Key	71	UP	at	81940   
85453	[3459]	:	Key	71	DOWN	at	85453   
88873	[3420]	:	Key	71	UP	at	85588   
90541	[1668]	:	Key	71	DOWN	at	90540   
93862	[3321]	:	Key	71	UP	at	90684   
95325	[1463]	:	Key	71	DOWN	at	95325   
98647	[3322]	:	Key	71	UP	at	95453   
100693	[2046]	:	Key	71	DOWN	at	100692  
103995	[3302]	:	Key	71	UP	at	100852  
106140	[2145]	:	Key	71	DOWN	at	106140  
109439	[3299]	:	Key	71	UP	at	106260  
110237	[798]	:	Key	71	DOWN	at	110236  
113549	[3312]	:	Key	71	UP	at	110316  
114541	[992]	:	Key	71	DOWN	at	114540  
117853	[3312]	:	Key	71	UP	at	114676  
118844	[991]	:	Key	71	DOWN	at	118844  
122155	[3311]	:	Key	71	UP	at	118956  
122869	[714]	:	Key	71	DOWN	at	122868  
126181	[3312]	:	Key	71	UP	at	123020  
126893	[712]	:	Key	71	DOWN	at	126893  
130196	[3303]	:	Key	71	UP	at	127029  
131286	[1090]	:	Key	71	DOWN	at	131285  
134597	[3311]	:	Key	71	UP	at	131421  
135212	[615]	:	Key	71	DOWN	at	135211  
138521	[3309]	:	Key	71	UP	at	135324  
139125	[604]	:	Key	71	DOWN	at	139124  
142435	[3310]	:	Key	71	UP	at	139228  
143196	[761]	:	Key	71	DOWN	at	143196  
146506	[3310]	:	Key	71	UP	at	143324  
148462	[1956]	:	Key	71	DOWN	at	148461  
151772	[3310]	:	Key	71	UP	at	148580  
152950	[1178]	:	Key	71	DOWN	at	152949  
156263	[3313]	:	Key	71	UP	at	153069  
157357	[1094]	:	Key	71	DOWN	at	157356  
160668	[3311]	:	Key	71	UP	at	157493  
161572	[904]	:	Key	71	DOWN	at	161572  
164881	[3309]	:	Key	71	UP	at	161669  
165708	[827]	:	Key	71	DOWN	at	165707  
169018	[3310]	:	Key	71	UP	at	165852  
169685	[667]	:	Key	71	DOWN	at	169684  
172997	[3312]	:	Key	71	UP	at	169844  
174134	[1137]	:	Key	71	DOWN	at	174133  
177443	[3309]	:	Key	71	UP	at	174261  
178221	[778]	:	Key	71	DOWN	at	178220  
181534	[3313]	:	Key	71	UP	at	178356  
182237	[703]	:	Key	71	DOWN	at	182236  
185563	[3326]	:	Key	71	UP	at	182364  
186446	[883]	:	Key	71	DOWN	at	186445  
189756	[3310]	:	Key	71	UP	at	186572  
190412	[656]	:	Key	71	DOWN	at	190412  
193726	[3314]	:	Key	71	UP	at	190556  
194285	[559]	:	Key	71	DOWN	at	194285  
197598	[3313]	:	Key	71	UP	at	194413  
198100	[502]	:	Key	71	DOWN	at	198100  
201410	[3310]	:	Key	71	UP	at	198261  
202534	[1124]	:	Key	71	DOWN	at	202533  
205846	[3312]	:	Key	71	UP	at	202661  
206390	[544]	:	Key	71	DOWN	at	206389  
209697	[3307]	:	Key	71	UP	at	206557  
210245	[548]	:	Key	71	DOWN	at	210245  
213556	[3311]	:	Key	71	UP	at	210396  
214270	[714]	:	Key	71	DOWN	at	214269  
217580	[3310]	:	Key	71	UP	at	214428  
218621	[1041]	:	Key	71	DOWN	at	218621  
221933	[3312]	:	Key	71	UP	at	218773  
222813	[880]	:	Key	71	DOWN	at	222813  
226126	[3313]	:	Key	71	UP	at	222973  
227669	[1543]	:	Key	71	DOWN	at	227668  
230979	[3310]	:	Key	71	UP	at	227836  
231765	[786]	:	Key	71	DOWN	at	231765  
235074	[3309]	:	Key	71	UP	at	231957  
236052	[978]	:	Key	71	DOWN	at	236051  
239362	[3310]	:	Key	71	UP	at	236204  
240486	[1124]	:	Key	71	DOWN	at	240485  
243796	[3310]	:	Key	71	UP	at	240637  
245069	[1273]	:	Key	71	DOWN	at	245068  
248383	[3314]	:	Key	71	UP	at	245236  
248908	[525]	:	Key	71	DOWN	at	248908  
252218	[3310]	:	Key	71	UP	at	249068  
252909	[691]	:	Key	71	DOWN	at	252909  
256219	[3310]	:	Key	71	UP	at	253085  
256781	[562]	:	Key	71	DOWN	at	256781  
260091	[3310]	:	Key	71	UP	at	256932  
261596	[1505]	:	Key	71	DOWN	at	261596  
264907	[3311]	:	Key	71	UP	at	261757  
265390	[483]	:	Key	71	DOWN	at	265389  
268700	[3310]	:	Key	71	UP	at	265533  
269853	[1153]	:	Key	71	DOWN	at	269852  
273165	[3312]	:	Key	71	UP	at	269988  
273933	[768]	:	Key	71	DOWN	at	273932  
277245	[3312]	:	Key	71	UP	at	274092  
277789	[544]	:	Key	71	DOWN	at	277788  
281101	[3312]	:	Key	71	UP	at	277932  
281629	[528]	:	Key	71	DOWN	at	281628  
284941	[3312]	:	Key	71	UP	at	281780  
286613	[1672]	:	Key	71	DOWN	at	286613  
290587	[3974]	:	Key	71	UP	at	286781  
307221	[16634]	:	Key	71	DOWN	at	307220  
308276	[1055]	:	Key	71	UP	at	307332  
309965	[1689]	:	Key	97	DOWN	at	309964  
311126	[1161]	:	Key	97	UP	at	310075  
311932	[806]	:	Key	97	DOWN	at	311932  
313065	[1133]	:	Key	97	UP	at	312036  
314404	[1339]	:	Key	97	DOWN	at	314404  
315550	[1146]	:	Key	97	UP	at	314524  
316372	[822]	:	Key	97	DOWN	at	316372  
317481	[1109]	:	Key	97	UP	at	316476  
318710	[1229]	:	Key	97	DOWN	at	318708  
319848	[1138]	:	Key	97	UP	at	318812  
320942	[1094]	:	Key	97	DOWN	at	320941  
322092	[1150]	:	Key	97	UP	at	321052  
323565	[1473]	:	Key	97	DOWN	at	323565  
324721	[1156]	:	Key	97	UP	at	323692  
326076	[1355]	:	Key	97	DOWN	at	326076  
327786	[1710]	:	Key	97	UP	at	326189  
330453	[2667]	:	Key	71	DOWN	at	330452  
331505	[1052]	:	Key	71	UP	at	330604  
334125	[2620]	:	Key	97	DOWN	at	334125  
335254	[1129]	:	Key	97	UP	at	334236  
336812	[1558]	:	Key	97	DOWN	at	336811  
337939	[1127]	:	Key	97	UP	at	336924  
338989	[1050]	:	Key	97	DOWN	at	338988  
340102	[1113]	:	Key	97	UP	at	339092  
341588	[1486]	:	Key	97	DOWN	at	341588  
342708	[1120]	:	Key	97	UP	at	341692  
344286	[1578]	:	Key	98	DOWN	at	344285  
345407	[1121]	:	Key	98	UP	at	344436  
346412	[1005]	:	Key	97	DOWN	at	346411  
347530	[1118]	:	Key	97	UP	at	346525  
349173	[1643]	:	Key	97	DOWN	at	349172  
350295	[1122]	:	Key	97	UP	at	349276  
351573	[1278]	:	Key	98	DOWN	at	351572  
352782	[1209]	:	Key	98	UP	at	351699  
355278	[2496]	:	Key	71	DOWN	at	355277  
355606	[328]	:	Key	71	UP	at	355460  
356517	[911]	:	Key	71	DOWN	at	356516  
356669	[152]	:	Key	71	UP	at	356668  
357693	[1024]	:	Key	71	DOWN	at	357692  
361007	[3314]	:	Key	71	UP	at	357796  
361540	[533]	:	Key	71	DOWN	at	361540  
364847	[3307]	:	Key	71	UP	at	361644  
365300	[453]	:	Key	71	DOWN	at	365299  
368609	[3309]	:	Key	71	UP	at	365443  
369014	[405]	:	Key	71	DOWN	at	369012  
372326	[3312]	:	Key	71	UP	at	369149  
372795	[469]	:	Key	71	DOWN	at	372795  
376095	[3300]	:	Key	71	UP	at	372917  
376541	[446]	:	Key	71	DOWN	at	376541  
379849	[3308]	:	Key	71	UP	at	376676  
380379	[530]	:	Key	71	DOWN	at	380379  
383690	[3311]	:	Key	71	UP	at	380515  
384109	[419]	:	Key	71	DOWN	at	384108  
387419	[3310]	:	Key	71	UP	at	384252  
387884	[465]	:	Key	71	DOWN	at	387884  
391194	[3310]	:	Key	71	UP	at	388012  
391691	[497]	:	Key	71	DOWN	at	391691  
395002	[3311]	:	Key	71	UP	at	391764  
395443	[441]	:	Key	71	DOWN	at	395443  
398749	[3306]	:	Key	71	UP	at	395564  
399195	[446]	:	Key	71	DOWN	at	399195  
402496	[3301]	:	Key	71	UP	at	399283  
403044	[548]	:	Key	71	DOWN	at	403044  
406354	[3310]	:	Key	71	UP	at	403188  
406781	[427]	:	Key	71	DOWN	at	406780  
410090	[3309]	:	Key	71	UP	at	406924  
410637	[547]	:	Key	71	DOWN	at	410637  
413948	[3311]	:	Key	71	UP	at	410805  
414635	[687]	:	Key	71	DOWN	at	414635  
418535	[3900]	:	Key	71	UP	at	414764  
421013	[2478]	:	Key	71	DOWN	at	421013  
422064	[1051]	:	Key	71	UP	at	421157  
423381	[1317]	:	Key	97	DOWN	at	423380  
424503	[1122]	:	Key	97	UP	at	423484  
425740	[1237]	:	Key	97	DOWN	at	425739  
426859	[1119]	:	Key	97	UP	at	425851  
427979	[1120]	:	Key	98	DOWN	at	427979  
429121	[1142]	:	Key	98	UP	at	428100  
430284	[1163]	:	Key	97	DOWN	at	430283  
431395	[1111]	:	Key	97	UP	at	430379  
432533	[1138]	:	Key	97	DOWN	at	432532  
433650	[1117]	:	Key	97	UP	at	432627  
434597	[947]	:	Key	97	DOWN	at	434595  
435712	[1115]	:	Key	97	UP	at	434715  
436876	[1164]	:	Key	97	DOWN	at	436875  
437992	[1116]	:	Key	97	UP	at	436995  
439541	[1549]	:	Key	97	DOWN	at	439540  
441193	[1652]	:	Key	97	UP	at	439644  
447709	[6516]	:	Key	71	DOWN	at	447708  
448763	[1054]	:	Key	71	UP	at	447868  
449853	[1090]	:	Key	98	DOWN	at	449852  
450978	[1125]	:	Key	98	UP	at	449972  
451982	[1004]	:	Key	97	DOWN	at	451981  
453120	[1138]	:	Key	97	UP	at	452085  
454294	[1174]	:	Key	97	DOWN	at	454293  
455427	[1133]	:	Key	97	UP	at	454397  
456325	[898]	:	Key	98	DOWN	at	456324  
457460	[1135]	:	Key	98	UP	at	456451  
458509	[1049]	:	Key	98	DOWN	at	458508  
459620	[1111]	:	Key	98	UP	at	458669  
461259	[1639]	:	Key	97	DOWN	at	461259  
462394	[1135]	:	Key	97	UP	at	461379  
464253	[1859]	:	Key	97	DOWN	at	464251  
465380	[1127]	:	Key	97	UP	at	464372  
466229	[849]	:	Key	98	DOWN	at	466228  
467406	[1177]	:	Key	98	UP	at	466389  
470133	[2727]	:	Key	71	DOWN	at	470132  
470450	[317]	:	Key	71	UP	at	470268  
603925	[133475]	:	Key	97	DOWN	at	603924  
604089	[164]	:	Key	97	UP	at	604020  
620325	[16236]	:	Key	97	DOWN	at	620325  
620443	[118]	:	Key	97	UP	at	620443  
647669	[27226]	:	Key	97	DOWN	at	647668  
647789	[120]	:	Key	97	UP	at	647788  
656245	[8456]	:	Key	97	DOWN	at	656244  
656389	[144]	:	Key	97	UP	at	656388  
680757	[24368]	:	Key	97	DOWN	at	680756  
680852	[95]	:	Key	97	UP	at	680844  
702084	[21232]	:	Key	97	DOWN	at	702083  
702179	[95]	:	Key	97	UP	at	702179  
710109	[7930]	:	Key	97	DOWN	at	710108  
710204	[95]	:	Key	97	UP	at	710204  
726222	[16018]	:	Key	97	DOWN	at	726221  
726333	[111]	:	Key	97	UP	at	726333  
734862	[8529]	:	Key	97	DOWN	at	734861  
734972	[110]	:	Key	97	UP	at	734971  
783334	[48362]	:	Key	97	DOWN	at	783333  
783414	[80]	:	Key	97	UP	at	783411  
801405	[17991]	:	Key	97	DOWN	at	801404  
801500	[95]	:	Key	97	UP	at	801500  
809949	[8449]	:	Key	97	DOWN	at	809949  
810063	[114]	:	Key	97	UP	at	810044  
826059	[15996]	:	Key	97	DOWN	at	826059  
826158	[99]	:	Key	97	UP	at	826157  
837485	[11327]	:	Key	97	DOWN	at	837485  
837587	[102]	:	Key	97	UP	at	837573  
856973	[19386]	:	Key	97	DOWN	at	856971  
857103	[130]	:	Key	97	UP	at	857068  
884148	[27045]	:	Key	97	DOWN	at	884148  
884261	[113]	:	Key	97	UP	at	884260  
895293	[11032]	:	Key	97	DOWN	at	895292  
895405	[112]	:	Key	97	UP	at	895404  
911797	[16392]	:	Key	97	DOWN	at	911796  
911887	[90]	:	Key	97	UP	at	911875  
921701	[9814]	:	Key	97	DOWN	at	921700  
921798	[97]	:	Key	97	UP	at	921764  
925044	[3246]	:	Key	97	DOWN	at	925044  
926045	[1001]	:	Key	97	UP	at	925116  
936364	[10319]	:	Key	71	DOWN	at	936364  
936668	[304]	:	Key	71	UP	at	936476  
938958	[2290]	:	Key	71	DOWN	at	938957  
939069	[111]	:	Key	71	UP	at	939044  
1083355	[144286]	:	Key	71	DOWN	at	1083355 
1083445	[90]	:	Key	71	UP	at	1083411 
1084499	[1054]	:	Key	71	DOWN	at	1084499 
1778363	[693864]	:	Key	97	DOWN	at	1778363 
1779364	[1001]	:	Key	97	UP	at	1778444 
1781731	[2367]	:	Key	71	DOWN	at	1781731 
2313179	[531448]	:	Key	71	DOWN	at	2313179 
2313307	[128]	:	Key	71	UP	at	2313307 
2315908	[2601]	:	Key	97	DOWN	at	2315907 
2316044	[136]	:	Key	97	UP	at	2316043 
2341259	[25215]	:	Key	71	DOWN	at	2341258 
2341348	[89]	:	Key	71	UP	at	2341347 
2343794	[2446]	:	Key	97	DOWN	at	2343794 
2343907	[113]	:	Key	97	UP	at	2343907 
2344004	[97]	:	Key	97	DOWN	at	2344003 
2344059	[55]	:	Key	97	UP	at	2344059 
2344146	[87]	:	Key	97	DOWN	at	2344146 
2344211	[65]	:	Key	97	UP	at	2344211 
2349668	[5457]	:	Key	97	DOWN	at	2349667 
2350668	[1000]	:	Key	97	UP	at	2349747 
2351379	[711]	:	Key	71	DOWN	at	2351379 
2898026	[546647]	:	Key	100	DOWN	at	2898026 
2898163	[137]	:	Key	100	UP	at	2898162 
2903651	[5488]	:	Key	71	DOWN	at	2903651 
2903812	[161]	:	Key	71	UP	at	2903811 
2912035	[8223]	:	Key	71	DOWN	at	2912034 
2912172	[137]	:	Key	71	UP	at	2912171 
2916444	[4272]	:	Key	97	DOWN	at	2916443 
2917444	[1000]	:	Key	97	UP	at	2916578 
2918515	[1071]	:	Key	71	DOWN	at	2918515 
3485499	[566984]	:	Key	97	DOWN	at	3485498 
3486498	[999]	:	Key	97	UP	at	3485562 
3486971	[473]	:	Key	71	DOWN	at	3486970 
4643394	[1156423]	:	Key	52	DOWN	at	4643394 
4643496	[102]	:	Key	52	UP	at	4643496 
4644330	[834]	:	Key	71	DOWN	at	4644329 
4644425	[95]	:	COGENT STOP
