Cog2000 log file Wed Jul 20 11:00:31 2022
gprim v1.33 Compiled:Aug 12 2015 (GLib DirectDraw v7 DX12.0 Compiled:Aug 12 2015)
Display:1024x768x32 59.77Hz
Attaching F:\Sahar Rajabi\Final MBMF+Drug Task\Cogent2000v1.33\Toolbox\CogInput.mexw64
CogInput v1.05 Compiled: May 20 2010
3	[3]	:	COGENT START
32995	[32992]	:	Key	97	DOWN	at	32992   
33163	[168]	:	Key	97	UP	at	33160   
50433	[17270]	:	Key	97	DOWN	at	50432   
50568	[135]	:	Key	97	UP	at	50567   
65360	[14792]	:	Key	97	DOWN	at	65360   
66361	[1001]	:	Key	97	UP	at	65599   
82112	[15751]	:	Key	71	DOWN	at	82112   
82303	[191]	:	Key	71	UP	at	82303   
86464	[4161]	:	Key	71	DOWN	at	86463   
89876	[3412]	:	Key	71	UP	at	86632   
94784	[4908]	:	Key	71	DOWN	at	94783   
98106	[3322]	:	Key	71	UP	at	95015   
100336	[2230]	:	Key	71	DOWN	at	100336  
103671	[3335]	:	Key	71	UP	at	100520  
106832	[3161]	:	Key	71	DOWN	at	106831  
110142	[3310]	:	Key	71	UP	at	107070  
111912	[1770]	:	Key	71	DOWN	at	111912  
115224	[3312]	:	Key	71	UP	at	112119  
118249	[3025]	:	Key	71	DOWN	at	118248  
121560	[3311]	:	Key	71	UP	at	118471  
122632	[1072]	:	Key	71	DOWN	at	122632  
125944	[3312]	:	Key	71	UP	at	122864  
127728	[1784]	:	Key	71	DOWN	at	127728  
131038	[3310]	:	Key	71	UP	at	127967  
132766	[1728]	:	Key	71	DOWN	at	132766  
136076	[3310]	:	Key	71	UP	at	132999  
137808	[1732]	:	Key	71	DOWN	at	137807  
141119	[3311]	:	Key	71	UP	at	138039  
142263	[1144]	:	Key	71	DOWN	at	142262  
145573	[3310]	:	Key	71	UP	at	142495  
148840	[3267]	:	Key	71	DOWN	at	148839  
152150	[3310]	:	Key	71	UP	at	149070  
153048	[898]	:	Key	71	DOWN	at	153047  
156360	[3312]	:	Key	71	UP	at	153311  
158663	[2303]	:	Key	71	DOWN	at	158663  
161973	[3310]	:	Key	71	UP	at	158927  
164167	[2194]	:	Key	71	DOWN	at	164167  
167477	[3310]	:	Key	71	UP	at	164423  
168536	[1059]	:	Key	71	DOWN	at	168536  
171849	[3313]	:	Key	71	UP	at	168800  
171851	[2]	:	Key	71	DOWN	at	170750  
171852	[1]	:	Key	71	UP	at	170926  
173465	[1613]	:	Key	71	DOWN	at	173464  
176776	[3311]	:	Key	71	UP	at	173640  
179033	[2257]	:	Key	71	DOWN	at	179032  
182345	[3312]	:	Key	71	UP	at	179264  
183391	[1046]	:	Key	71	DOWN	at	183390  
186698	[3307]	:	Key	71	UP	at	183614  
188665	[1967]	:	Key	71	DOWN	at	188664  
191975	[3310]	:	Key	71	UP	at	188919  
193120	[1145]	:	Key	71	DOWN	at	193119  
196433	[3313]	:	Key	71	UP	at	193335  
197576	[1143]	:	Key	71	DOWN	at	197576  
200886	[3310]	:	Key	71	UP	at	197792  
202128	[1242]	:	Key	71	DOWN	at	202127  
205438	[3310]	:	Key	71	UP	at	202360  
206320	[882]	:	Key	71	DOWN	at	206320  
209632	[3312]	:	Key	71	UP	at	206552  
211400	[1768]	:	Key	71	DOWN	at	211400  
214713	[3313]	:	Key	71	UP	at	211719  
215664	[951]	:	Key	71	DOWN	at	215663  
218974	[3310]	:	Key	71	UP	at	215879  
218976	[2]	:	Key	71	DOWN	at	218815  
218999	[23]	:	Key	71	UP	at	218983  
222607	[3608]	:	Key	71	DOWN	at	222607  
225917	[3310]	:	Key	71	UP	at	222855  
226952	[1035]	:	Key	71	DOWN	at	226950  
230264	[3312]	:	Key	71	UP	at	227230  
231216	[952]	:	Key	71	DOWN	at	231215  
234527	[3311]	:	Key	71	UP	at	231455  
235441	[914]	:	Key	71	DOWN	at	235440  
238750	[3309]	:	Key	71	UP	at	235703  
238752	[2]	:	Key	71	DOWN	at	238591  
238800	[48]	:	Key	71	UP	at	238799  
241647	[2847]	:	Key	71	DOWN	at	241646  
244958	[3311]	:	Key	71	UP	at	241864  
246888	[1930]	:	Key	71	DOWN	at	246887  
250200	[3312]	:	Key	71	UP	at	247159  
251679	[1479]	:	Key	71	DOWN	at	251678  
254985	[3306]	:	Key	71	UP	at	251950  
257648	[2663]	:	Key	71	DOWN	at	257647  
260959	[3311]	:	Key	71	UP	at	257822  
262952	[1993]	:	Key	71	DOWN	at	262951  
266264	[3312]	:	Key	71	UP	at	263199  
268352	[2088]	:	Key	71	DOWN	at	268351  
271664	[3312]	:	Key	71	UP	at	268615  
272272	[608]	:	Key	71	DOWN	at	272271  
275582	[3310]	:	Key	71	UP	at	272640  
276312	[730]	:	Key	71	DOWN	at	276312  
279623	[3311]	:	Key	71	UP	at	276543  
280952	[1329]	:	Key	71	DOWN	at	280952  
284264	[3312]	:	Key	71	UP	at	281208  
284768	[504]	:	Key	71	DOWN	at	284768  
288078	[3310]	:	Key	71	UP	at	285039  
289328	[1250]	:	Key	71	DOWN	at	289326  
292640	[3312]	:	Key	71	UP	at	289552  
297840	[5200]	:	Key	71	DOWN	at	297839  
301153	[3313]	:	Key	71	UP	at	298080  
302376	[1223]	:	Key	71	DOWN	at	302376  
305730	[3354]	:	Key	71	UP	at	302688  
307039	[1309]	:	Key	71	DOWN	at	307039  
310351	[3312]	:	Key	71	UP	at	307295  
311865	[1514]	:	Key	71	DOWN	at	311864  
315174	[3309]	:	Key	71	UP	at	312128  
316694	[1520]	:	Key	71	DOWN	at	316694  
320006	[3312]	:	Key	71	UP	at	316960  
320912	[906]	:	Key	71	DOWN	at	320911  
324223	[3311]	:	Key	71	UP	at	321167  
324615	[392]	:	Key	71	DOWN	at	324615  
328608	[3993]	:	Key	71	UP	at	325063  
351414	[22806]	:	Key	71	DOWN	at	351414  
352469	[1055]	:	Key	71	UP	at	351792  
355120	[2651]	:	Key	97	DOWN	at	355118  
356270	[1150]	:	Key	97	UP	at	355319  
359160	[2890]	:	Key	97	DOWN	at	359159  
360294	[1134]	:	Key	97	UP	at	359350  
362999	[2705]	:	Key	97	DOWN	at	362999  
364138	[1139]	:	Key	97	UP	at	363182  
365414	[1276]	:	Key	98	DOWN	at	365414  
366535	[1121]	:	Key	98	UP	at	365567  
367918	[1383]	:	Key	98	DOWN	at	367918  
369046	[1128]	:	Key	98	UP	at	368119  
371481	[2435]	:	Key	97	DOWN	at	371480  
372614	[1133]	:	Key	97	UP	at	371584  
374430	[1816]	:	Key	97	DOWN	at	374430  
375552	[1122]	:	Key	97	UP	at	374550  
376406	[854]	:	Key	97	DOWN	at	376406  
378098	[1692]	:	Key	97	UP	at	376502  
392441	[14343]	:	Key	71	DOWN	at	392439  
393500	[1059]	:	Key	71	UP	at	392678  
395640	[2140]	:	Key	97	DOWN	at	395639  
396796	[1156]	:	Key	97	UP	at	395774  
398638	[1842]	:	Key	97	DOWN	at	398638  
399747	[1109]	:	Key	97	UP	at	398734  
403072	[3325]	:	Key	98	DOWN	at	403070  
404215	[1143]	:	Key	98	UP	at	403230  
405678	[1463]	:	Key	98	DOWN	at	405678  
406791	[1113]	:	Key	98	UP	at	405830  
409008	[2217]	:	Key	98	DOWN	at	409008  
410151	[1143]	:	Key	98	UP	at	409150  
413056	[2905]	:	Key	97	DOWN	at	413055  
414190	[1134]	:	Key	97	UP	at	413150  
424112	[9922]	:	Key	98	DOWN	at	424112  
425242	[1130]	:	Key	98	UP	at	424311  
427584	[2342]	:	Key	97	DOWN	at	427583  
428767	[1183]	:	Key	97	UP	at	427639  
435393	[6626]	:	Key	71	DOWN	at	435392  
435711	[318]	:	Key	71	UP	at	435638  
439519	[3808]	:	Key	71	DOWN	at	439518  
439776	[257]	:	Key	71	UP	at	439775  
441976	[2200]	:	Key	71	DOWN	at	441975  
445288	[3312]	:	Key	71	UP	at	442287  
445290	[2]	:	Key	71	DOWN	at	443798  
445291	[1]	:	Key	71	UP	at	443864  
447016	[1725]	:	Key	71	DOWN	at	447016  
450330	[3314]	:	Key	71	UP	at	447263  
451496	[1166]	:	Key	71	DOWN	at	451495  
454805	[3309]	:	Key	71	UP	at	451662  
454807	[2]	:	Key	71	DOWN	at	454784  
454840	[33]	:	Key	71	UP	at	454839  
459119	[4279]	:	Key	71	DOWN	at	459119  
462429	[3310]	:	Key	71	UP	at	459343  
464399	[1970]	:	Key	71	DOWN	at	464399  
467709	[3310]	:	Key	71	UP	at	464534  
469039	[1330]	:	Key	71	DOWN	at	469039  
472349	[3310]	:	Key	71	UP	at	469199  
474224	[1875]	:	Key	71	DOWN	at	474223  
477536	[3312]	:	Key	71	UP	at	474471  
479952	[2416]	:	Key	71	DOWN	at	479952  
483264	[3312]	:	Key	71	UP	at	480247  
484102	[838]	:	Key	71	DOWN	at	484102  
487412	[3310]	:	Key	71	UP	at	484366  
489183	[1771]	:	Key	71	DOWN	at	489183  
492494	[3311]	:	Key	71	UP	at	489431  
492496	[2]	:	Key	71	DOWN	at	492359  
492519	[23]	:	Key	71	UP	at	492511  
494295	[1776]	:	Key	71	DOWN	at	494295  
497603	[3308]	:	Key	71	UP	at	494504  
498968	[1365]	:	Key	71	DOWN	at	498967  
502279	[3311]	:	Key	71	UP	at	499095  
503328	[1049]	:	Key	71	DOWN	at	503328  
506641	[3313]	:	Key	71	UP	at	503583  
507497	[856]	:	Key	71	DOWN	at	507496  
510809	[3312]	:	Key	71	UP	at	507727  
512159	[1350]	:	Key	71	DOWN	at	512159  
515470	[3311]	:	Key	71	UP	at	512392  
515472	[2]	:	Key	71	DOWN	at	515405  
515551	[79]	:	Key	71	UP	at	515551  
518424	[2873]	:	Key	71	DOWN	at	518423  
522330	[3906]	:	Key	71	UP	at	518751  
524536	[2206]	:	Key	71	DOWN	at	524535  
525590	[1054]	:	Key	71	UP	at	524743  
527510	[1920]	:	Key	98	DOWN	at	527510  
528644	[1134]	:	Key	98	UP	at	527631  
530102	[1458]	:	Key	97	DOWN	at	530102  
531255	[1153]	:	Key	97	UP	at	530215  
532840	[1585]	:	Key	97	DOWN	at	532839  
533978	[1138]	:	Key	97	UP	at	532958  
535911	[1933]	:	Key	97	DOWN	at	535910  
537024	[1113]	:	Key	97	UP	at	536023  
538952	[1928]	:	Key	97	DOWN	at	538951  
540088	[1136]	:	Key	97	UP	at	539062  
541751	[1663]	:	Key	98	DOWN	at	541750  
542867	[1116]	:	Key	98	UP	at	541968  
544559	[1692]	:	Key	97	DOWN	at	544558  
545681	[1122]	:	Key	97	UP	at	544638  
546919	[1238]	:	Key	97	DOWN	at	546918  
548581	[1662]	:	Key	97	UP	at	547014  
550255	[1674]	:	Key	71	DOWN	at	550254  
551303	[1048]	:	Key	71	UP	at	550406  
552792	[1489]	:	Key	98	DOWN	at	552791  
553937	[1145]	:	Key	98	UP	at	552958  
555582	[1645]	:	Key	98	DOWN	at	555582  
556722	[1140]	:	Key	98	UP	at	555727  
558776	[2054]	:	Key	97	DOWN	at	558775  
559900	[1124]	:	Key	97	UP	at	558895  
561270	[1370]	:	Key	97	DOWN	at	561270  
562393	[1123]	:	Key	97	UP	at	561366  
564159	[1766]	:	Key	97	DOWN	at	564158  
565275	[1116]	:	Key	97	UP	at	564231  
566880	[1605]	:	Key	97	DOWN	at	566879  
568011	[1131]	:	Key	97	UP	at	566990  
570568	[2557]	:	Key	98	DOWN	at	570566  
571711	[1143]	:	Key	98	UP	at	570735  
574806	[3095]	:	Key	97	DOWN	at	574806  
575978	[1172]	:	Key	97	UP	at	574895  
581168	[5190]	:	Key	71	DOWN	at	581168  
581519	[351]	:	Key	71	UP	at	581518  
583174	[1655]	:	Key	71	DOWN	at	583174  
583503	[329]	:	Key	71	UP	at	583503  
584528	[1025]	:	Key	71	DOWN	at	584527  
587840	[3312]	:	Key	71	UP	at	584784  
588920	[1080]	:	Key	71	DOWN	at	588919  
592230	[3310]	:	Key	71	UP	at	589295  
593214	[984]	:	Key	71	DOWN	at	593214  
596526	[3312]	:	Key	71	UP	at	593528  
597400	[874]	:	Key	71	DOWN	at	597399  
600704	[3304]	:	Key	71	UP	at	597614  
601623	[919]	:	Key	71	DOWN	at	601623  
604935	[3312]	:	Key	71	UP	at	601895  
605576	[641]	:	Key	71	DOWN	at	605575  
608886	[3310]	:	Key	71	UP	at	605848  
610039	[1153]	:	Key	71	DOWN	at	610038  
613349	[3310]	:	Key	71	UP	at	610350  
613976	[627]	:	Key	71	DOWN	at	613975  
617882	[3906]	:	Key	71	UP	at	614263  
617883	[1]	:	Key	71	DOWN	at	616855  
617883	[0]	:	Key	71	UP	at	617158  
620464	[2581]	:	Key	71	DOWN	at	620463  
621525	[1061]	:	Key	71	UP	at	620663  
622518	[993]	:	Key	97	DOWN	at	622518  
623626	[1108]	:	Key	97	UP	at	622631  
627702	[4076]	:	Key	97	DOWN	at	627702  
628837	[1135]	:	Key	97	UP	at	627815  
630960	[2123]	:	Key	97	DOWN	at	630959  
632085	[1125]	:	Key	97	UP	at	631079  
633504	[1419]	:	Key	97	DOWN	at	633503  
634641	[1137]	:	Key	97	UP	at	633631  
636247	[1606]	:	Key	98	DOWN	at	636246  
637364	[1117]	:	Key	98	UP	at	636414  
638536	[1172]	:	Key	97	DOWN	at	638534  
639670	[1134]	:	Key	97	UP	at	638670  
641271	[1601]	:	Key	98	DOWN	at	641270  
642401	[1130]	:	Key	98	UP	at	641446  
643464	[1063]	:	Key	97	DOWN	at	643463  
645122	[1658]	:	Key	97	UP	at	643566  
646752	[1630]	:	Key	71	DOWN	at	646752  
647811	[1059]	:	Key	71	UP	at	646903  
648879	[1068]	:	Key	97	DOWN	at	648878  
650003	[1124]	:	Key	97	UP	at	648974  
651367	[1364]	:	Key	97	DOWN	at	651366  
652483	[1116]	:	Key	97	UP	at	651462  
654024	[1541]	:	Key	97	DOWN	at	654023  
655160	[1136]	:	Key	97	UP	at	654142  
656119	[959]	:	Key	97	DOWN	at	656119  
657249	[1130]	:	Key	97	UP	at	656246  
658912	[1663]	:	Key	98	DOWN	at	658911  
660052	[1140]	:	Key	98	UP	at	659064  
661720	[1668]	:	Key	97	DOWN	at	661720  
662862	[1142]	:	Key	97	UP	at	661830  
664224	[1362]	:	Key	97	DOWN	at	664223  
665335	[1111]	:	Key	97	UP	at	664303  
666631	[1296]	:	Key	97	DOWN	at	666630  
667806	[1175]	:	Key	97	UP	at	666718  
672016	[4210]	:	Key	71	DOWN	at	672016  
672326	[310]	:	Key	71	UP	at	672302  
673768	[1442]	:	Key	71	DOWN	at	673767  
674000	[232]	:	Key	71	UP	at	674000  
674799	[799]	:	Key	71	DOWN	at	674798  
678110	[3311]	:	Key	71	UP	at	675062  
678784	[674]	:	Key	71	DOWN	at	678783  
682094	[3310]	:	Key	71	UP	at	678942  
682872	[778]	:	Key	71	DOWN	at	682871  
686184	[3312]	:	Key	71	UP	at	683079  
686752	[568]	:	Key	71	DOWN	at	686751  
690064	[3312]	:	Key	71	UP	at	687031  
692127	[2063]	:	Key	71	DOWN	at	692127  
695437	[3310]	:	Key	71	UP	at	692407  
695439	[2]	:	Key	71	DOWN	at	695174  
695462	[23]	:	Key	71	UP	at	695446  
696791	[1329]	:	Key	71	DOWN	at	696790  
700100	[3309]	:	Key	71	UP	at	697079  
700934	[834]	:	Key	71	DOWN	at	700934  
704245	[3311]	:	Key	71	UP	at	701286  
704247	[2]	:	Key	71	DOWN	at	703527  
704248	[1]	:	Key	71	UP	at	703743  
705246	[998]	:	Key	71	DOWN	at	705246  
709147	[3901]	:	Key	71	UP	at	705455  
709148	[1]	:	Key	71	DOWN	at	708247  
709148	[0]	:	Key	71	UP	at	708455  
712102	[2954]	:	Key	71	DOWN	at	712102  
713152	[1050]	:	Key	71	UP	at	712286  
713992	[840]	:	Key	97	DOWN	at	713991  
715127	[1135]	:	Key	97	UP	at	714086  
716208	[1081]	:	Key	98	DOWN	at	716207  
717340	[1132]	:	Key	98	UP	at	716383  
718359	[1019]	:	Key	97	DOWN	at	718358  
719488	[1129]	:	Key	97	UP	at	718454  
720672	[1184]	:	Key	97	DOWN	at	720672  
721799	[1127]	:	Key	97	UP	at	720799  
722640	[841]	:	Key	97	DOWN	at	722639  
723769	[1129]	:	Key	97	UP	at	722719  
724622	[853]	:	Key	98	DOWN	at	724622  
725751	[1129]	:	Key	98	UP	at	724822  
727127	[1376]	:	Key	97	DOWN	at	727127  
728241	[1114]	:	Key	97	UP	at	727230  
729431	[1190]	:	Key	98	DOWN	at	729430  
731082	[1651]	:	Key	98	UP	at	729623  
732600	[1518]	:	Key	71	DOWN	at	732600  
733650	[1050]	:	Key	71	UP	at	732776  
734792	[1142]	:	Key	98	DOWN	at	734790  
735921	[1129]	:	Key	98	UP	at	734919  
737182	[1261]	:	Key	97	DOWN	at	737182  
738341	[1159]	:	Key	97	UP	at	737246  
739840	[1499]	:	Key	98	DOWN	at	739839  
740967	[1127]	:	Key	98	UP	at	739951  
742014	[1047]	:	Key	97	DOWN	at	742014  
743125	[1111]	:	Key	97	UP	at	742110  
744360	[1235]	:	Key	97	DOWN	at	744359  
745489	[1129]	:	Key	97	UP	at	744447  
747016	[1527]	:	Key	98	DOWN	at	747015  
748149	[1133]	:	Key	98	UP	at	747183  
749472	[1323]	:	Key	98	DOWN	at	749471  
750596	[1124]	:	Key	98	UP	at	749639  
752033	[1437]	:	Key	97	DOWN	at	752031  
753211	[1178]	:	Key	97	UP	at	752133  
755351	[2140]	:	Key	71	DOWN	at	755350  
755669	[318]	:	Key	71	UP	at	755423  
808271	[52602]	:	Key	97	DOWN	at	808270  
808392	[121]	:	Key	97	UP	at	808359  
818278	[9886]	:	Key	97	DOWN	at	818278  
818381	[103]	:	Key	97	UP	at	818359  
835032	[16651]	:	Key	97	DOWN	at	835031  
835246	[214]	:	Key	97	UP	at	835246  
837288	[2042]	:	Key	98	DOWN	at	837288  
837488	[200]	:	Key	98	UP	at	837487  
845056	[7568]	:	Key	97	DOWN	at	845055  
845215	[159]	:	Key	97	UP	at	845214  
854743	[9528]	:	Key	97	DOWN	at	854743  
854887	[144]	:	Key	97	UP	at	854887  
865320	[10433]	:	Key	97	DOWN	at	865318  
865447	[127]	:	Key	97	UP	at	865446  
900367	[34920]	:	Key	97	DOWN	at	900366  
900654	[287]	:	Key	97	UP	at	900654  
905399	[4745]	:	Key	97	DOWN	at	905399  
905559	[160]	:	Key	97	UP	at	905559  
916271	[10712]	:	Key	97	DOWN	at	916271  
916566	[295]	:	Key	97	UP	at	916566  
922166	[5600]	:	Key	97	DOWN	at	922166  
922392	[226]	:	Key	97	UP	at	922391  
940400	[18008]	:	Key	97	DOWN	at	940400  
940584	[184]	:	Key	97	UP	at	940583  
954478	[13894]	:	Key	97	DOWN	at	954478  
954575	[97]	:	Key	97	UP	at	954574  
960478	[5903]	:	Key	97	DOWN	at	960478  
960567	[89]	:	Key	97	UP	at	960566  
973007	[12440]	:	Key	97	DOWN	at	973006  
973142	[135]	:	Key	97	UP	at	973142  
985503	[12361]	:	Key	97	DOWN	at	985502  
985799	[296]	:	Key	97	UP	at	985799  
996175	[10376]	:	Key	97	DOWN	at	996174  
996328	[153]	:	Key	97	UP	at	996327  
1026487	[30159]	:	Key	97	DOWN	at	1026487 
1026662	[175]	:	Key	97	UP	at	1026662 
1034575	[7913]	:	Key	97	DOWN	at	1034574 
1034743	[168]	:	Key	97	UP	at	1034742 
1053607	[18864]	:	Key	97	DOWN	at	1053606 
1053798	[191]	:	Key	97	UP	at	1053798 
1063911	[10113]	:	Key	97	DOWN	at	1063910 
1064192	[281]	:	Key	97	UP	at	1064191 
1066511	[2319]	:	Key	97	DOWN	at	1066510 
1067510	[999]	:	Key	97	UP	at	1066735 
1073015	[5505]	:	Key	71	DOWN	at	1073015 
1073317	[302]	:	Key	71	UP	at	1073199 
1081918	[8601]	:	Key	71	DOWN	at	1081918 
1211031	[129113]	:	Key	71	DOWN	at	1211031 
1211359	[328]	:	Key	71	UP	at	1211359 
1213567	[2208]	:	Key	71	DOWN	at	1213566 
1922352	[708785]	:	Key	97	DOWN	at	1922350 
1923350	[998]	:	Key	97	UP	at	1922446 
1924654	[1304]	:	Key	71	DOWN	at	1924654 
2566918	[642264]	:	Key	97	DOWN	at	2566917 
2567918	[1000]	:	Key	97	UP	at	2567005 
2569197	[1279]	:	Key	71	DOWN	at	2569197 
3206790	[637593]	:	Key	97	DOWN	at	3206789 
3207789	[999]	:	Key	97	UP	at	3206933 
3209220	[1431]	:	Key	71	DOWN	at	3209220 
3902941	[693721]	:	Key	97	DOWN	at	3902940 
3903941	[1000]	:	Key	97	UP	at	3903004 
3905308	[1367]	:	Key	71	DOWN	at	3905308 
5020013	[1114705]	:	Key	71	DOWN	at	5020013 
5020099	[86]	:	COGENT STOP
