Cog2000 log file Wed Jul 20 09:54:13 2022
gprim v1.33 Compiled:Aug 12 2015 (GLib DirectDraw v7 DX12.0 Compiled:Aug 12 2015)
Display:1024x768x32 60.02Hz
Attaching C:\Users\Carelab\Desktop\Final MBMF+Drug Task\Cogent2000v1.33\Toolbox\CogInput.mexw64
CogInput v1.05 Compiled: May 20 2010
5	[5]	:	COGENT START
29844	[29839]	:	Key	97	DOWN	at	29839   
29992	[148]	:	Key	97	UP	at	29990   
39702	[9710]	:	Key	97	DOWN	at	39702   
39879	[177]	:	Key	97	UP	at	39879   
62359	[22480]	:	Key	97	DOWN	at	62358   
63358	[999]	:	Key	97	UP	at	62543   
75745	[12387]	:	Key	71	DOWN	at	75744   
75974	[229]	:	Key	71	UP	at	75974   
80623	[4649]	:	Key	71	DOWN	at	80622   
84010	[3387]	:	Key	71	UP	at	80775   
89479	[5469]	:	Key	71	DOWN	at	89478   
92782	[3303]	:	Key	71	UP	at	89647   
95727	[2945]	:	Key	71	DOWN	at	95726   
99013	[3286]	:	Key	71	UP	at	95894   
101032	[2019]	:	Key	71	DOWN	at	101031  
104317	[3285]	:	Key	71	UP	at	101191  
106151	[1834]	:	Key	71	DOWN	at	106150  
109430	[3279]	:	Key	71	UP	at	106318  
111399	[1969]	:	Key	71	DOWN	at	111399  
114697	[3298]	:	Key	71	UP	at	111550  
118142	[3445]	:	Key	71	DOWN	at	118142  
121422	[3280]	:	Key	71	UP	at	118288  
123567	[2145]	:	Key	71	DOWN	at	123566  
126853	[3286]	:	Key	71	UP	at	123726  
130817	[3964]	:	Key	71	DOWN	at	130816  
134105	[3288]	:	Key	71	UP	at	130975  
142056	[7951]	:	Key	71	DOWN	at	142055  
145340	[3284]	:	Key	71	UP	at	142198  
148121	[2781]	:	Key	71	DOWN	at	148120  
151408	[3287]	:	Key	71	UP	at	148295  
152231	[823]	:	Key	71	DOWN	at	152231  
155519	[3288]	:	Key	71	UP	at	152432  
158624	[3105]	:	Key	71	DOWN	at	158623  
161906	[3282]	:	Key	71	UP	at	158815  
167942	[6036]	:	Key	71	DOWN	at	167942  
171229	[3287]	:	Key	71	UP	at	168167  
173664	[2435]	:	Key	71	DOWN	at	173663  
176945	[3281]	:	Key	71	UP	at	173831  
178807	[1862]	:	Key	71	DOWN	at	178807  
182094	[3287]	:	Key	71	UP	at	179046  
182927	[833]	:	Key	71	DOWN	at	182927  
186216	[3289]	:	Key	71	UP	at	183103  
188688	[2472]	:	Key	71	DOWN	at	188687  
191972	[3284]	:	Key	71	UP	at	189015  
199630	[7658]	:	Key	71	DOWN	at	199630  
202916	[3286]	:	Key	71	UP	at	199783  
206487	[3571]	:	Key	71	DOWN	at	206486  
209781	[3294]	:	Key	71	UP	at	206631  
212983	[3202]	:	Key	71	DOWN	at	212982  
216268	[3285]	:	Key	71	UP	at	213199  
218311	[2043]	:	Key	71	DOWN	at	218311  
221594	[3283]	:	Key	71	UP	at	218607  
224119	[2525]	:	Key	71	DOWN	at	224119  
227407	[3288]	:	Key	71	UP	at	224542  
232640	[5233]	:	Key	71	DOWN	at	232639  
235941	[3301]	:	Key	71	UP	at	233054  
237710	[1769]	:	Key	71	DOWN	at	237710  
240999	[3289]	:	Key	71	UP	at	237952  
241648	[649]	:	Key	71	DOWN	at	241647  
244934	[3286]	:	Key	71	UP	at	241806  
255320	[10386]	:	Key	71	DOWN	at	255319  
258598	[3278]	:	Key	71	UP	at	255543  
261360	[2762]	:	Key	71	DOWN	at	261358  
264641	[3281]	:	Key	71	UP	at	261664  
265663	[1022]	:	Key	71	DOWN	at	265663  
268949	[3286]	:	Key	71	UP	at	266030  
269734	[785]	:	Key	71	DOWN	at	269734  
273016	[3282]	:	Key	71	UP	at	270095  
275952	[2936]	:	Key	71	DOWN	at	275952  
279238	[3286]	:	Key	71	UP	at	276175  
280752	[1514]	:	Key	71	DOWN	at	280752  
284037	[3285]	:	Key	71	UP	at	280935  
284599	[562]	:	Key	71	DOWN	at	284598  
287887	[3288]	:	Key	71	UP	at	284848  
291313	[3426]	:	Key	71	DOWN	at	291312  
294598	[3285]	:	Key	71	UP	at	291584  
298511	[3913]	:	Key	71	DOWN	at	298511  
301796	[3285]	:	Key	71	UP	at	298783  
306088	[4292]	:	Key	71	DOWN	at	306087  
309372	[3284]	:	Key	71	UP	at	306464  
314606	[5234]	:	Key	71	DOWN	at	314606  
317890	[3284]	:	Key	71	UP	at	314799  
324678	[6788]	:	Key	71	DOWN	at	324678  
327964	[3286]	:	Key	71	UP	at	324927  
328880	[916]	:	Key	13	DOWN	at	328880  
329119	[239]	:	Key	13	UP	at	329119  
329367	[248]	:	Key	71	DOWN	at	329367  
332652	[3285]	:	Key	71	UP	at	329632  
340112	[7460]	:	Key	71	DOWN	at	340111  
343393	[3281]	:	Key	71	UP	at	340231  
349232	[5839]	:	Key	71	DOWN	at	349232  
352517	[3285]	:	Key	71	UP	at	349463  
353935	[1418]	:	Key	71	DOWN	at	353934  
357217	[3282]	:	Key	71	UP	at	354407  
358928	[1711]	:	Key	71	DOWN	at	358928  
362215	[3287]	:	Key	71	UP	at	359447  
366016	[3801]	:	Key	71	DOWN	at	366015  
369298	[3282]	:	Key	71	UP	at	366240  
370304	[1006]	:	Key	71	DOWN	at	370303  
373585	[3281]	:	Key	71	UP	at	370559  
377784	[4199]	:	Key	71	DOWN	at	377783  
381071	[3287]	:	Key	71	UP	at	378056  
382288	[1217]	:	Key	71	DOWN	at	382287  
385581	[3293]	:	Key	71	UP	at	382711  
386511	[930]	:	Key	71	DOWN	at	386510  
390376	[3865]	:	Key	71	UP	at	386974  
406081	[15705]	:	Key	71	DOWN	at	406080  
407109	[1028]	:	Key	71	UP	at	406279  
409831	[2722]	:	Key	98	DOWN	at	409831  
410912	[1081]	:	Key	98	UP	at	409983  
412671	[1759]	:	Key	97	DOWN	at	412670  
413743	[1072]	:	Key	97	UP	at	412846  
415288	[1545]	:	Key	97	DOWN	at	415287  
416361	[1073]	:	Key	97	UP	at	415502  
417800	[1439]	:	Key	97	DOWN	at	417799  
418878	[1078]	:	Key	97	UP	at	417951  
421488	[2610]	:	Key	97	DOWN	at	421487  
422556	[1068]	:	Key	97	UP	at	421622  
424278	[1722]	:	Key	97	DOWN	at	424278  
425352	[1074]	:	Key	97	UP	at	424439  
426248	[896]	:	Key	97	DOWN	at	426247  
427319	[1071]	:	Key	97	UP	at	426431  
428440	[1121]	:	Key	98	DOWN	at	428439  
430065	[1625]	:	Key	98	UP	at	428647  
444519	[14454]	:	Key	71	DOWN	at	444519  
445542	[1023]	:	Key	71	UP	at	444678  
447071	[1529]	:	Key	97	DOWN	at	447071  
448142	[1071]	:	Key	97	UP	at	447207  
449344	[1202]	:	Key	97	DOWN	at	449343  
450416	[1072]	:	Key	97	UP	at	449504  
451735	[1319]	:	Key	98	DOWN	at	451735  
452805	[1070]	:	Key	98	UP	at	451903  
455175	[2370]	:	Key	97	DOWN	at	455174  
456248	[1073]	:	Key	97	UP	at	455344  
458078	[1830]	:	Key	97	DOWN	at	458078  
459152	[1074]	:	Key	97	UP	at	458216  
460424	[1272]	:	Key	98	DOWN	at	460424  
461498	[1074]	:	Key	98	UP	at	460608  
462760	[1262]	:	Key	98	DOWN	at	462760  
463834	[1074]	:	Key	98	UP	at	462944  
465087	[1253]	:	Key	98	DOWN	at	465087  
466208	[1121]	:	Key	98	UP	at	465270  
472591	[6383]	:	Key	71	DOWN	at	472590  
472859	[268]	:	Key	71	UP	at	472727  
475536	[2677]	:	Key	71	DOWN	at	475536  
475711	[175]	:	Key	71	UP	at	475711  
476152	[441]	:	Key	71	DOWN	at	476152  
479440	[3288]	:	Key	71	UP	at	476304  
479442	[2]	:	Key	71	DOWN	at	476774  
479443	[1]	:	Key	71	UP	at	476928  
481846	[2403]	:	Key	71	DOWN	at	481846  
485126	[3280]	:	Key	71	UP	at	482071  
487945	[2819]	:	Key	71	DOWN	at	487944  
491238	[3293]	:	Key	71	UP	at	488152  
492545	[1307]	:	Key	71	DOWN	at	492544  
495827	[3282]	:	Key	71	UP	at	492736  
497720	[1893]	:	Key	71	DOWN	at	497720  
501007	[3287]	:	Key	71	UP	at	498000  
501864	[857]	:	Key	71	DOWN	at	501863  
505150	[3286]	:	Key	71	UP	at	502136  
510207	[5057]	:	Key	71	DOWN	at	510207  
513495	[3288]	:	Key	71	UP	at	510496  
514472	[977]	:	Key	71	DOWN	at	514472  
517758	[3286]	:	Key	71	UP	at	514744  
518135	[377]	:	Key	71	DOWN	at	518135  
521419	[3284]	:	Key	71	UP	at	518464  
523792	[2373]	:	Key	71	DOWN	at	523791  
527079	[3287]	:	Key	71	UP	at	524176  
527817	[738]	:	Key	71	DOWN	at	527816  
531106	[3289]	:	Key	71	UP	at	528135  
531680	[574]	:	Key	71	DOWN	at	531680  
534966	[3286]	:	Key	71	UP	at	531928  
535473	[507]	:	Key	71	DOWN	at	535472  
538760	[3287]	:	Key	71	UP	at	535719  
539289	[529]	:	Key	71	DOWN	at	539288  
542578	[3289]	:	Key	71	UP	at	539520  
543383	[805]	:	Key	71	DOWN	at	543383  
546671	[3288]	:	Key	71	UP	at	543655  
547599	[928]	:	Key	71	DOWN	at	547598  
551434	[3835]	:	Key	71	UP	at	547935  
551435	[1]	:	Key	71	DOWN	at	551200  
551639	[204]	:	Key	71	UP	at	551638  
554472	[2833]	:	Key	71	DOWN	at	554471  
555497	[1025]	:	Key	71	UP	at	554671  
556905	[1408]	:	Key	97	DOWN	at	556904  
557977	[1072]	:	Key	97	UP	at	557087  
560361	[2384]	:	Key	97	DOWN	at	560360  
561436	[1075]	:	Key	97	UP	at	560511  
562481	[1045]	:	Key	97	DOWN	at	562480  
563572	[1091]	:	Key	97	UP	at	562630  
564902	[1330]	:	Key	98	DOWN	at	564902  
565974	[1072]	:	Key	98	UP	at	565104  
567199	[1225]	:	Key	97	DOWN	at	567199  
568273	[1074]	:	Key	97	UP	at	567367  
570089	[1816]	:	Key	97	DOWN	at	570088  
571162	[1073]	:	Key	97	UP	at	570255  
572407	[1245]	:	Key	97	DOWN	at	572407  
573482	[1075]	:	Key	97	UP	at	572550  
575511	[2029]	:	Key	97	DOWN	at	575511  
577118	[1607]	:	Key	97	UP	at	575679  
579032	[1914]	:	Key	71	DOWN	at	579032  
580070	[1038]	:	Key	71	UP	at	579216  
582760	[2690]	:	Key	97	DOWN	at	582760  
583833	[1073]	:	Key	97	UP	at	582896  
585536	[1703]	:	Key	97	DOWN	at	585535  
586611	[1075]	:	Key	97	UP	at	585671  
587415	[804]	:	Key	97	DOWN	at	587415  
588489	[1074]	:	Key	97	UP	at	587544  
589935	[1446]	:	Key	98	DOWN	at	589935  
591009	[1074]	:	Key	98	UP	at	590128  
592263	[1254]	:	Key	98	DOWN	at	592263  
593335	[1072]	:	Key	98	UP	at	592416  
594463	[1128]	:	Key	98	DOWN	at	594463  
595535	[1072]	:	Key	98	UP	at	594631  
597215	[1680]	:	Key	97	DOWN	at	597215  
598291	[1076]	:	Key	97	UP	at	597374  
599064	[773]	:	Key	98	DOWN	at	599063  
600183	[1119]	:	Key	98	UP	at	599239  
602088	[1905]	:	Key	71	DOWN	at	602088  
602363	[275]	:	Key	71	UP	at	602216  
668968	[66605]	:	Key	71	DOWN	at	668968  
669216	[248]	:	Key	71	UP	at	669216  
669536	[320]	:	Key	71	DOWN	at	669536  
669761	[225]	:	Key	71	UP	at	669760  
669832	[71]	:	Key	97	DOWN	at	669831  
670009	[177]	:	Key	97	UP	at	670008  
688784	[18775]	:	Key	97	DOWN	at	688784  
688992	[208]	:	Key	97	UP	at	688991  
703513	[14521]	:	Key	97	DOWN	at	703512  
703680	[167]	:	Key	97	UP	at	703679  
711921	[8241]	:	Key	97	DOWN	at	711920  
712064	[143]	:	Key	97	UP	at	712064  
725336	[13272]	:	Key	97	DOWN	at	725335  
725512	[176]	:	Key	97	UP	at	725511  
761506	[35994]	:	Key	97	DOWN	at	761505  
761665	[159]	:	Key	97	UP	at	761664  
770318	[8653]	:	Key	97	DOWN	at	770318  
770488	[170]	:	Key	97	UP	at	770488  
785383	[14895]	:	Key	97	DOWN	at	785383  
785576	[193]	:	Key	97	UP	at	785576  
794417	[8841]	:	Key	97	DOWN	at	794416  
794527	[110]	:	Key	97	UP	at	794527  
804344	[9817]	:	Key	97	DOWN	at	804343  
804473	[129]	:	Key	97	UP	at	804472  
827225	[22752]	:	Key	97	DOWN	at	827224  
827368	[143]	:	Key	97	UP	at	827367  
836705	[9337]	:	Key	97	DOWN	at	836704  
836856	[151]	:	Key	97	UP	at	836856  
851281	[14425]	:	Key	97	DOWN	at	851280  
851346	[65]	:	Key	100	DOWN	at	851288  
851368	[22]	:	Key	100	UP	at	851367  
851417	[49]	:	Key	97	UP	at	851417  
860609	[9192]	:	Key	97	DOWN	at	860608  
860727	[118]	:	Key	97	UP	at	860727  
874826	[14099]	:	Key	97	DOWN	at	874825  
874930	[104]	:	Key	97	UP	at	874929  
925207	[50277]	:	Key	71	DOWN	at	925207  
925415	[208]	:	Key	71	UP	at	925415  
926719	[1304]	:	Key	71	DOWN	at	926719  
926969	[250]	:	Key	71	UP	at	926969  
928639	[1670]	:	Key	71	DOWN	at	928639  
928833	[194]	:	Key	71	UP	at	928833  
929393	[560]	:	Key	97	DOWN	at	929392  
929537	[144]	:	Key	97	UP	at	929536  
939688	[10151]	:	Key	97	DOWN	at	939687  
939841	[153]	:	Key	97	UP	at	939840  
956615	[16774]	:	Key	97	DOWN	at	956615  
956767	[152]	:	Key	97	UP	at	956767  
967448	[10681]	:	Key	97	DOWN	at	967448  
967650	[202]	:	Key	97	UP	at	967649  
989424	[21774]	:	Key	97	DOWN	at	989423  
990424	[1000]	:	Key	97	UP	at	989560  
990425	[1]	:	Key	71	DOWN	at	989928  
990427	[2]	:	Key	71	UP	at	990064  
990872	[445]	:	Key	97	DOWN	at	990871  
991058	[186]	:	Key	97	UP	at	991057  
995890	[4832]	:	Key	71	DOWN	at	995889  
996149	[259]	:	Key	71	UP	at	996055  
998391	[2242]	:	Key	71	DOWN	at	998391  
1238680	[240289]	:	Key	71	DOWN	at	1238680 
1238824	[144]	:	Key	71	UP	at	1238824 
1241024	[2200]	:	Key	71	DOWN	at	1241024 
1958427	[717403]	:	Key	97	DOWN	at	1958426 
1959426	[999]	:	Key	97	UP	at	1958538 
1961457	[2031]	:	Key	71	DOWN	at	1961457 
2674219	[712762]	:	Key	97	DOWN	at	2674219 
2675220	[1001]	:	Key	97	UP	at	2674769 
2676844	[1624]	:	Key	71	DOWN	at	2676843 
3386612	[709768]	:	Key	97	DOWN	at	3386611 
3387612	[1000]	:	Key	97	UP	at	3386938 
3391101	[3489]	:	Key	71	DOWN	at	3391100 
4048885	[657784]	:	Key	97	DOWN	at	4048885 
4049885	[1000]	:	Key	97	UP	at	4049532 
4050964	[1079]	:	Key	92	DOWN	at	4050963 
4051172	[208]	:	Key	92	UP	at	4051172 
4051908	[736]	:	Key	71	DOWN	at	4051908 
5282288	[1230380]	:	Key	71	DOWN	at	5282287 
5282316	[28]	:	COGENT STOP
