Cog2000 log file Wed Dec 16 10:18:31 2020
gprim v1.33 Compiled:Aug 12 2015 (GLib DirectDraw v7 DX10.0 Compiled:Aug 12 2015)
Display:1024x768x32 60.02Hz
Attaching E:\Sahar Rajabi\Final MBMF+Drug Task\Cogent2000v1.33\Toolbox\CogInput.mexw64
CogInput v1.05 Compiled: May 20 2010
4	[4]	:	COGENT START
13270	[13266]	:	Key	71	DOWN	at	13269   
13318	[48]	:	Key	71	UP	at	13317   
19330	[6012]	:	Key	71	DOWN	at	19330   
19331	[1]	:	Key	71	UP	at	19330   
46701	[27370]	:	Key	97	DOWN	at	46701   
46804	[103]	:	Key	97	UP	at	46804   
49652	[2848]	:	Key	97	DOWN	at	49652   
49732	[80]	:	Key	97	UP	at	49732   
51116	[1384]	:	Key	97	DOWN	at	51116   
52116	[1000]	:	Key	97	UP	at	51204   
55132	[3016]	:	Key	71	DOWN	at	55132   
55244	[112]	:	Key	71	UP	at	55228   
58876	[3632]	:	Key	71	DOWN	at	58876   
62227	[3351]	:	Key	71	UP	at	58980   
68029	[5802]	:	Key	71	DOWN	at	68029   
71309	[3280]	:	Key	71	UP	at	68188   
73532	[2223]	:	Key	71	DOWN	at	73532   
76809	[3277]	:	Key	71	UP	at	73678   
81202	[4393]	:	Key	71	DOWN	at	81202   
84470	[3268]	:	Key	71	UP	at	81389   
94007	[9537]	:	Key	71	DOWN	at	94007   
97274	[3267]	:	Key	71	UP	at	94027   
107900	[10626]	:	Key	71	DOWN	at	107900  
111167	[3267]	:	Key	71	UP	at	107996  
118404	[7237]	:	Key	71	DOWN	at	118404  
121672	[3268]	:	Key	71	UP	at	118516  
131341	[9669]	:	Key	71	DOWN	at	131341  
134642	[3301]	:	Key	71	UP	at	131454  
140981	[6339]	:	Key	71	DOWN	at	140981  
144280	[3299]	:	Key	71	UP	at	141141  
147668	[3388]	:	Key	71	DOWN	at	147668  
150965	[3297]	:	Key	71	UP	at	147805  
159925	[8960]	:	Key	71	DOWN	at	159925  
163218	[3293]	:	Key	71	UP	at	160038  
169917	[6699]	:	Key	71	DOWN	at	169917  
173214	[3297]	:	Key	71	UP	at	170054  
175381	[2167]	:	Key	71	DOWN	at	175381  
178679	[3298]	:	Key	71	UP	at	175518  
180357	[1678]	:	Key	71	DOWN	at	180357  
183645	[3288]	:	Key	71	UP	at	180493  
188964	[5319]	:	Key	71	DOWN	at	188964  
192231	[3267]	:	Key	71	UP	at	189094  
196388	[4157]	:	Key	71	DOWN	at	196388  
199655	[3267]	:	Key	71	UP	at	196508  
200821	[1166]	:	Key	71	DOWN	at	200821  
204124	[3303]	:	Key	71	UP	at	200950  
204709	[585]	:	Key	71	DOWN	at	204709  
207975	[3266]	:	Key	71	UP	at	204837  
210268	[2293]	:	Key	71	DOWN	at	210268  
213547	[3279]	:	Key	71	UP	at	210428  
215628	[2081]	:	Key	71	DOWN	at	215628  
218908	[3280]	:	Key	71	UP	at	215757  
220349	[1441]	:	Key	71	DOWN	at	220349  
223632	[3283]	:	Key	71	UP	at	220525  
225996	[2364]	:	Key	71	DOWN	at	225996  
229263	[3267]	:	Key	71	UP	at	226116  
230076	[813]	:	Key	71	DOWN	at	230076  
233343	[3267]	:	Key	71	UP	at	230158  
234228	[885]	:	Key	71	DOWN	at	234228  
237516	[3288]	:	Key	71	UP	at	234340  
238053	[537]	:	Key	71	DOWN	at	238053  
241332	[3279]	:	Key	71	UP	at	238173  
244836	[3504]	:	Key	71	DOWN	at	244836  
248114	[3278]	:	Key	71	UP	at	244972  
248988	[874]	:	Key	71	DOWN	at	248988  
252268	[3280]	:	Key	71	UP	at	249140  
253020	[752]	:	Key	71	DOWN	at	253020  
256289	[3269]	:	Key	71	UP	at	253156  
258300	[2011]	:	Key	71	DOWN	at	258300  
261565	[3265]	:	Key	71	UP	at	258428  
262180	[615]	:	Key	71	DOWN	at	262180  
265446	[3266]	:	Key	71	UP	at	262324  
269012	[3566]	:	Key	71	DOWN	at	269012  
272278	[3266]	:	Key	71	UP	at	269196  
273341	[1063]	:	Key	71	DOWN	at	273341  
276609	[3268]	:	Key	71	UP	at	273760  
277645	[1036]	:	Key	71	DOWN	at	277645  
280911	[3266]	:	Key	71	UP	at	277804  
282484	[1573]	:	Key	71	DOWN	at	282484  
285760	[3276]	:	Key	71	UP	at	282644  
286996	[1236]	:	Key	71	DOWN	at	286996  
290275	[3279]	:	Key	71	UP	at	287132  
292117	[1842]	:	Key	71	DOWN	at	292117  
295384	[3267]	:	Key	71	UP	at	292237  
296180	[796]	:	Key	71	DOWN	at	296180  
299467	[3287]	:	Key	71	UP	at	296300  
300261	[794]	:	Key	71	DOWN	at	300261  
303550	[3289]	:	Key	71	UP	at	300358  
303550	[0]	:	Key	71	DOWN	at	302846  
303551	[1]	:	Key	71	UP	at	302966  
304447	[896]	:	Key	71	DOWN	at	304447  
307747	[3300]	:	Key	71	UP	at	304467  
308501	[754]	:	Key	71	DOWN	at	308501  
311801	[3300]	:	Key	71	UP	at	308685  
312813	[1012]	:	Key	71	DOWN	at	312813  
316101	[3288]	:	Key	71	UP	at	312957  
316613	[512]	:	Key	71	DOWN	at	316613  
319910	[3297]	:	Key	71	UP	at	316742  
320308	[398]	:	Key	71	DOWN	at	320308  
323609	[3301]	:	Key	71	UP	at	320502  
323611	[2]	:	Key	71	DOWN	at	323125  
323612	[1]	:	Key	71	UP	at	323262  
324261	[649]	:	Key	71	DOWN	at	324261  
327544	[3283]	:	Key	71	UP	at	324374  
327544	[0]	:	Key	71	DOWN	at	327198  
327545	[1]	:	Key	71	UP	at	327301  
329037	[1492]	:	Key	71	DOWN	at	329037  
332304	[3267]	:	Key	71	UP	at	329181  
332304	[0]	:	Key	71	DOWN	at	331548  
332305	[1]	:	Key	71	UP	at	331734  
332965	[660]	:	Key	71	DOWN	at	332965  
336262	[3297]	:	Key	71	UP	at	333124  
336301	[39]	:	Key	71	DOWN	at	336301  
339602	[3301]	:	Key	71	UP	at	336462  
339625	[23]	:	Key	71	DOWN	at	339613  
339733	[108]	:	Key	71	UP	at	339733  
340757	[1024]	:	Key	71	DOWN	at	340757  
344722	[3965]	:	Key	71	UP	at	340901  
344723	[1]	:	Key	71	DOWN	at	343836  
344723	[0]	:	Key	71	UP	at	343982  
355173	[10450]	:	Key	71	DOWN	at	355173  
356226	[1053]	:	Key	71	UP	at	355270  
357709	[1483]	:	Key	97	DOWN	at	357709  
358902	[1193]	:	Key	97	UP	at	357789  
360221	[1319]	:	Key	97	DOWN	at	360221  
361361	[1140]	:	Key	97	UP	at	360317  
362508	[1147]	:	Key	97	DOWN	at	362508  
363626	[1118]	:	Key	97	UP	at	362604  
365013	[1387]	:	Key	98	DOWN	at	365013  
366150	[1137]	:	Key	98	UP	at	365124  
367109	[959]	:	Key	97	DOWN	at	367109  
368227	[1118]	:	Key	97	UP	at	367220  
369277	[1050]	:	Key	97	DOWN	at	369277  
370409	[1132]	:	Key	97	UP	at	369388  
371221	[812]	:	Key	97	DOWN	at	371221  
372359	[1138]	:	Key	97	UP	at	371285  
373093	[734]	:	Key	98	DOWN	at	373093  
374861	[1768]	:	Key	98	UP	at	373212  
380637	[5776]	:	Key	71	DOWN	at	380637  
381691	[1054]	:	Key	71	UP	at	380669  
383052	[1361]	:	Key	97	DOWN	at	383052  
384168	[1116]	:	Key	97	UP	at	383148  
385389	[1221]	:	Key	97	DOWN	at	385389  
386493	[1104]	:	Key	97	UP	at	385453  
388101	[1608]	:	Key	98	DOWN	at	388101  
389227	[1126]	:	Key	98	UP	at	388254  
390397	[1170]	:	Key	97	DOWN	at	390397  
391532	[1135]	:	Key	97	UP	at	390468  
392597	[1065]	:	Key	98	DOWN	at	392597  
393703	[1106]	:	Key	98	UP	at	392757  
394629	[926]	:	Key	98	DOWN	at	394629  
395756	[1127]	:	Key	98	UP	at	394781  
396613	[857]	:	Key	97	DOWN	at	396613  
397745	[1132]	:	Key	97	UP	at	396702  
398573	[828]	:	Key	97	DOWN	at	398573  
399807	[1234]	:	Key	97	UP	at	398669  
402925	[3118]	:	Key	71	DOWN	at	402925  
403261	[336]	:	Key	71	UP	at	403086  
405189	[1928]	:	Key	71	DOWN	at	405189  
405309	[120]	:	Key	71	UP	at	405309  
409661	[4352]	:	Key	71	DOWN	at	409661  
409797	[136]	:	Key	71	UP	at	409797  
438888	[29091]	:	Key	71	DOWN	at	438888  
438908	[20]	:	Key	71	UP	at	438908  
439620	[712]	:	Key	97	DOWN	at	439620  
439836	[216]	:	Key	97	UP	at	439836  
439876	[40]	:	Key	98	DOWN	at	439876  
440021	[145]	:	Key	98	UP	at	440021  
440596	[575]	:	Key	97	DOWN	at	440596  
440716	[120]	:	Key	97	UP	at	440716  
463005	[22289]	:	Key	97	DOWN	at	463005  
463157	[152]	:	Key	97	UP	at	463157  
465541	[2384]	:	Key	97	DOWN	at	465541  
465677	[136]	:	Key	97	UP	at	465677  
466709	[1032]	:	Key	97	DOWN	at	466709  
466869	[160]	:	Key	97	UP	at	466869  
469553	[2684]	:	Key	97	DOWN	at	469553  
469634	[81]	:	Key	97	UP	at	469555  
471109	[1475]	:	Key	97	DOWN	at	471109  
471236	[127]	:	Key	97	UP	at	471236  
484709	[13473]	:	Key	97	DOWN	at	484709  
484837	[128]	:	Key	97	UP	at	484837  
492549	[7712]	:	Key	97	DOWN	at	492549  
492652	[103]	:	Key	97	UP	at	492652  
495261	[2609]	:	Key	97	DOWN	at	495261  
495372	[111]	:	Key	97	UP	at	495372  
498341	[2969]	:	Key	97	DOWN	at	498341  
498461	[120]	:	Key	97	UP	at	498461  
522236	[23775]	:	Key	97	DOWN	at	522236  
522320	[84]	:	Key	97	UP	at	522318  
526181	[3861]	:	Key	97	DOWN	at	526181  
526292	[111]	:	Key	97	UP	at	526292  
533214	[6922]	:	Key	97	DOWN	at	533214  
533317	[103]	:	Key	97	UP	at	533317  
539085	[5768]	:	Key	97	DOWN	at	539085  
539213	[128]	:	Key	97	UP	at	539213  
544933	[5720]	:	Key	97	DOWN	at	544933  
545036	[103]	:	Key	97	UP	at	545036  
550910	[5874]	:	Key	97	DOWN	at	550910  
550995	[85]	:	Key	97	UP	at	550974  
553469	[2474]	:	Key	97	DOWN	at	553469  
553590	[121]	:	Key	97	UP	at	553590  
556021	[2431]	:	Key	97	DOWN	at	556021  
556158	[137]	:	Key	97	UP	at	556158  
559416	[3258]	:	Key	97	DOWN	at	559416  
559497	[81]	:	Key	97	UP	at	559436  
560973	[1476]	:	Key	97	DOWN	at	560973  
561973	[1000]	:	Key	97	UP	at	561102  
565285	[3312]	:	Key	71	DOWN	at	565285  
565590	[305]	:	Key	71	UP	at	565325  
567069	[1479]	:	Key	71	DOWN	at	567069  
567210	[141]	:	Key	71	UP	at	567149  
650789	[83579]	:	Key	71	DOWN	at	650789  
650900	[111]	:	Key	71	UP	at	650900  
651629	[729]	:	Key	71	DOWN	at	651629  
1332966	[681337]	:	Key	97	DOWN	at	1332966 
1333966	[1000]	:	Key	97	UP	at	1333038 
1335365	[1399]	:	Key	71	DOWN	at	1335365 
1956574	[621209]	:	Key	97	DOWN	at	1956574 
1957574	[1000]	:	Key	97	UP	at	1956655 
1964141	[6567]	:	Key	71	DOWN	at	1964141 
2550463	[586322]	:	Key	97	DOWN	at	2550463 
2551463	[1000]	:	Key	97	UP	at	2550560 
2553743	[2280]	:	Key	71	DOWN	at	2553743 
3182279	[628536]	:	Key	97	DOWN	at	3182279 
3183279	[1000]	:	Key	97	UP	at	3182368 
3187727	[4448]	:	Key	71	DOWN	at	3187727 
4216888	[1029161]	:	Key	71	DOWN	at	4216888 
4216955	[67]	:	COGENT STOP
