Cog2000 log file Wed Dec 23 10:08:15 2020
gprim v1.33 Compiled:Aug 12 2015 (GLib DirectDraw v7 DX10.0 Compiled:Aug 12 2015)
Display:1024x768x32 59.99Hz
Attaching E:\Sahar Rajabi\Final MBMF+Drug Task\Cogent2000v1.33\Toolbox\CogInput.mexw64
CogInput v1.05 Compiled: May 20 2010
3	[3]	:	COGENT START
5750	[5747]	:	Key	71	DOWN	at	5750    
5862	[112]	:	Key	71	UP	at	5862    
27046	[21184]	:	Key	97	DOWN	at	27046   
27254	[208]	:	Key	97	UP	at	27254   
28406	[1152]	:	Key	97	DOWN	at	28406   
28598	[192]	:	Key	97	UP	at	28598   
29669	[1071]	:	Key	97	DOWN	at	29669   
30669	[1000]	:	Key	97	UP	at	29814   
33966	[3297]	:	Key	71	DOWN	at	33966   
34076	[110]	:	Key	71	UP	at	34045   
41870	[7794]	:	Key	71	DOWN	at	41870   
45179	[3309]	:	Key	71	UP	at	41974   
47366	[2187]	:	Key	71	DOWN	at	47366   
50640	[3274]	:	Key	71	UP	at	47534   
51574	[934]	:	Key	71	DOWN	at	51574   
54842	[3268]	:	Key	71	UP	at	51694   
57566	[2724]	:	Key	71	DOWN	at	57566   
60857	[3291]	:	Key	71	UP	at	57671   
71509	[10652]	:	Key	71	DOWN	at	71509   
74776	[3267]	:	Key	71	UP	at	71661   
79350	[4574]	:	Key	71	DOWN	at	79350   
82616	[3266]	:	Key	71	UP	at	79478   
90918	[8302]	:	Key	71	DOWN	at	90918   
94184	[3266]	:	Key	71	UP	at	91070   
96382	[2198]	:	Key	71	DOWN	at	96382   
99648	[3266]	:	Key	71	UP	at	96590   
102109	[2461]	:	Key	71	DOWN	at	102109  
105375	[3266]	:	Key	71	UP	at	102285  
106453	[1078]	:	Key	71	DOWN	at	106453  
109719	[3266]	:	Key	71	UP	at	106565  
111390	[1671]	:	Key	71	DOWN	at	111390  
114658	[3268]	:	Key	71	UP	at	111566  
117022	[2364]	:	Key	71	DOWN	at	117022  
120290	[3268]	:	Key	71	UP	at	117206  
127166	[6876]	:	Key	71	DOWN	at	127166  
130440	[3274]	:	Key	71	UP	at	127294  
133062	[2622]	:	Key	71	DOWN	at	133062  
136335	[3273]	:	Key	71	UP	at	133215  
140181	[3846]	:	Key	71	DOWN	at	140181  
143479	[3298]	:	Key	71	UP	at	140341  
146547	[3068]	:	Key	71	DOWN	at	146547  
149846	[3299]	:	Key	71	UP	at	146710  
150606	[760]	:	Key	71	DOWN	at	150606  
153882	[3276]	:	Key	71	UP	at	150775  
155293	[1411]	:	Key	71	DOWN	at	155293  
158570	[3277]	:	Key	71	UP	at	155463  
161202	[2632]	:	Key	71	DOWN	at	161202  
164476	[3274]	:	Key	71	UP	at	161222  
171814	[7338]	:	Key	71	DOWN	at	171814  
175083	[3269]	:	Key	71	UP	at	172006  
176558	[1475]	:	Key	71	DOWN	at	176558  
179836	[3278]	:	Key	71	UP	at	176717  
182142	[2306]	:	Key	71	DOWN	at	182142  
185410	[3268]	:	Key	71	UP	at	182278  
187518	[2108]	:	Key	71	DOWN	at	187518  
190785	[3267]	:	Key	71	UP	at	187606  
191790	[1005]	:	Key	71	DOWN	at	191790  
195057	[3267]	:	Key	71	UP	at	191989  
195934	[877]	:	Key	71	DOWN	at	195934  
199200	[3266]	:	Key	71	UP	at	196118  
199200	[0]	:	Key	71	DOWN	at	199070  
199200	[0]	:	Key	71	UP	at	199182  
202350	[3150]	:	Key	71	DOWN	at	202350  
205648	[3298]	:	Key	71	UP	at	202423  
207446	[1798]	:	Key	71	DOWN	at	207446  
210723	[3277]	:	Key	71	UP	at	207517  
211701	[978]	:	Key	71	DOWN	at	211701  
214999	[3298]	:	Key	71	UP	at	211789  
217046	[2047]	:	Key	71	DOWN	at	217046  
220344	[3298]	:	Key	71	UP	at	217151  
221233	[889]	:	Key	71	DOWN	at	221233  
224533	[3300]	:	Key	71	UP	at	221253  
229237	[4704]	:	Key	71	DOWN	at	229237  
232536	[3299]	:	Key	71	UP	at	229342  
266726	[34190]	:	Key	71	DOWN	at	266726  
270025	[3299]	:	Key	71	UP	at	266816  
271134	[1109]	:	Key	71	DOWN	at	271134  
274438	[3304]	:	Key	71	UP	at	271278  
276150	[1712]	:	Key	71	DOWN	at	276150  
279451	[3301]	:	Key	71	UP	at	276319  
280134	[683]	:	Key	71	DOWN	at	280134  
283422	[3288]	:	Key	71	UP	at	280263  
336191	[52769]	:	Key	71	DOWN	at	336191  
339494	[3303]	:	Key	71	UP	at	336368  
339495	[1]	:	Key	71	DOWN	at	338712  
339495	[0]	:	Key	71	UP	at	338832  
340343	[848]	:	Key	71	DOWN	at	340343  
343632	[3289]	:	Key	71	UP	at	340504  
344095	[463]	:	Key	71	DOWN	at	344095  
347394	[3299]	:	Key	71	UP	at	344239  
395734	[48340]	:	Key	71	DOWN	at	395734  
399034	[3300]	:	Key	71	UP	at	395943  
400006	[972]	:	Key	71	DOWN	at	400006  
403308	[3302]	:	Key	71	UP	at	400214  
403310	[2]	:	Key	71	DOWN	at	402479  
403311	[1]	:	Key	71	UP	at	402646  
403998	[687]	:	Key	71	DOWN	at	403998  
407299	[3301]	:	Key	71	UP	at	404269  
408478	[1179]	:	Key	71	DOWN	at	408478  
411777	[3299]	:	Key	71	UP	at	408702  
440879	[29102]	:	Key	71	DOWN	at	440879  
444180	[3301]	:	Key	71	UP	at	440976  
444575	[395]	:	Key	71	DOWN	at	444575  
447874	[3299]	:	Key	71	UP	at	444752  
464062	[16188]	:	Key	71	DOWN	at	464062  
467351	[3289]	:	Key	71	UP	at	464240  
468686	[1335]	:	Key	71	DOWN	at	468686  
471985	[3299]	:	Key	71	UP	at	468879  
473526	[1541]	:	Key	71	DOWN	at	473526  
476814	[3288]	:	Key	71	UP	at	473655  
477934	[1120]	:	Key	71	DOWN	at	477934  
481927	[3993]	:	Key	71	UP	at	478128  
553591	[71664]	:	Key	71	DOWN	at	553591  
554614	[1023]	:	Key	71	UP	at	553712  
557815	[3201]	:	Key	97	DOWN	at	557815  
558994	[1179]	:	Key	97	UP	at	557918  
560414	[1420]	:	Key	97	DOWN	at	560414  
561543	[1129]	:	Key	97	UP	at	560503  
562887	[1344]	:	Key	97	DOWN	at	562887  
564014	[1127]	:	Key	97	UP	at	563040  
564983	[969]	:	Key	98	DOWN	at	564983  
566088	[1105]	:	Key	98	UP	at	565126  
566878	[790]	:	Key	97	DOWN	at	566878  
567998	[1120]	:	Key	97	UP	at	567032  
568967	[969]	:	Key	97	DOWN	at	568967  
570087	[1120]	:	Key	97	UP	at	569078  
570822	[735]	:	Key	98	DOWN	at	570822  
571975	[1153]	:	Key	98	UP	at	570966  
575862	[3887]	:	Key	98	DOWN	at	575862  
577553	[1691]	:	Key	98	UP	at	576111  
584495	[6942]	:	Key	71	DOWN	at	584495  
585545	[1050]	:	Key	71	UP	at	584616  
586718	[1173]	:	Key	97	DOWN	at	586718  
587836	[1118]	:	Key	97	UP	at	586822  
589422	[1586]	:	Key	97	DOWN	at	589422  
590537	[1115]	:	Key	97	UP	at	589503  
591271	[734]	:	Key	98	DOWN	at	591271  
592410	[1139]	:	Key	98	UP	at	591414  
593678	[1268]	:	Key	97	DOWN	at	593678  
594798	[1120]	:	Key	97	UP	at	593774  
595718	[920]	:	Key	98	DOWN	at	595718  
596835	[1117]	:	Key	98	UP	at	596129  
598079	[1244]	:	Key	98	DOWN	at	598079  
599221	[1142]	:	Key	98	UP	at	598183  
600454	[1233]	:	Key	97	DOWN	at	600454  
601569	[1115]	:	Key	97	UP	at	600550  
603206	[1637]	:	Key	97	DOWN	at	603206  
604408	[1202]	:	Key	97	UP	at	603286  
607622	[3214]	:	Key	71	DOWN	at	607622  
607951	[329]	:	Key	71	UP	at	607710  
608766	[815]	:	Key	71	DOWN	at	608766  
608926	[160]	:	Key	71	UP	at	608926  
609606	[680]	:	Key	71	DOWN	at	609606  
612896	[3290]	:	Key	71	UP	at	609759  
612898	[2]	:	Key	71	DOWN	at	612087  
612899	[1]	:	Key	71	UP	at	612247  
614150	[1251]	:	Key	71	DOWN	at	614150  
617438	[3288]	:	Key	71	UP	at	614327  
617440	[2]	:	Key	71	DOWN	at	615408  
617441	[1]	:	Key	71	UP	at	615568  
617442	[1]	:	Key	71	DOWN	at	616672  
617443	[1]	:	Key	71	UP	at	616880  
617951	[508]	:	Key	71	DOWN	at	617951  
621223	[3272]	:	Key	71	UP	at	618128  
621225	[2]	:	Key	71	DOWN	at	618880  
621226	[1]	:	Key	71	UP	at	619104  
621227	[1]	:	Key	71	DOWN	at	620006  
621228	[1]	:	Key	71	UP	at	620232  
622094	[866]	:	Key	71	DOWN	at	622094  
625395	[3301]	:	Key	71	UP	at	622295  
625397	[2]	:	Key	71	DOWN	at	623056  
625398	[1]	:	Key	71	UP	at	623272  
625399	[1]	:	Key	71	DOWN	at	624960  
625400	[1]	:	Key	71	UP	at	625144  
626401	[1001]	:	Key	71	DOWN	at	626401  
629703	[3302]	:	Key	71	UP	at	626421  
629705	[2]	:	Key	71	DOWN	at	627566  
629706	[1]	:	Key	71	UP	at	627791  
629707	[1]	:	Key	71	DOWN	at	628903  
629708	[1]	:	Key	71	UP	at	629118  
630726	[1018]	:	Key	71	DOWN	at	630726  
634028	[3302]	:	Key	71	UP	at	630919  
634030	[2]	:	Key	71	DOWN	at	631960  
634031	[1]	:	Key	71	UP	at	632176  
634032	[1]	:	Key	71	DOWN	at	633144  
634033	[1]	:	Key	71	UP	at	633320  
634663	[630]	:	Key	71	DOWN	at	634663  
637964	[3301]	:	Key	71	UP	at	634847  
637966	[2]	:	Key	71	DOWN	at	635856  
637967	[1]	:	Key	71	UP	at	636056  
637968	[1]	:	Key	71	DOWN	at	637438  
637969	[1]	:	Key	71	UP	at	637671  
638790	[821]	:	Key	71	DOWN	at	638790  
642079	[3289]	:	Key	71	UP	at	638982  
642079	[0]	:	Key	71	DOWN	at	640414  
642080	[1]	:	Key	71	UP	at	640574  
642951	[871]	:	Key	71	DOWN	at	642951  
646251	[3300]	:	Key	71	UP	at	643128  
648383	[2132]	:	Key	71	DOWN	at	648383  
651684	[3301]	:	Key	71	UP	at	648599  
651685	[1]	:	Key	71	DOWN	at	649776  
651686	[1]	:	Key	71	UP	at	649959  
651687	[1]	:	Key	71	DOWN	at	651224  
651688	[1]	:	Key	71	UP	at	651424  
652311	[623]	:	Key	71	DOWN	at	652311  
655611	[3300]	:	Key	71	UP	at	652464  
655613	[2]	:	Key	71	DOWN	at	653400  
655614	[1]	:	Key	71	UP	at	653512  
664406	[8792]	:	Key	71	DOWN	at	664406  
667697	[3291]	:	Key	71	UP	at	664527  
667699	[2]	:	Key	71	DOWN	at	666807  
667700	[1]	:	Key	71	UP	at	667000  
669639	[1939]	:	Key	71	DOWN	at	669639  
672927	[3288]	:	Key	71	UP	at	669832  
672929	[2]	:	Key	71	DOWN	at	672272  
672930	[1]	:	Key	71	UP	at	672496  
673639	[709]	:	Key	71	DOWN	at	673639  
676937	[3298]	:	Key	71	UP	at	673824  
676939	[2]	:	Key	71	DOWN	at	675392  
676940	[1]	:	Key	71	UP	at	675592  
676941	[1]	:	Key	71	DOWN	at	676280  
676942	[1]	:	Key	71	UP	at	676448  
677391	[449]	:	Key	71	DOWN	at	677391  
680660	[3269]	:	Key	71	UP	at	677526  
680660	[0]	:	Key	71	DOWN	at	678798  
680661	[1]	:	Key	71	UP	at	679014  
680661	[0]	:	Key	71	DOWN	at	679534  
680661	[0]	:	Key	71	UP	at	679702  
681422	[761]	:	Key	71	DOWN	at	681422  
685269	[3847]	:	Key	71	UP	at	681638  
685269	[0]	:	Key	71	DOWN	at	683550  
685270	[1]	:	Key	71	UP	at	683718  
688062	[2792]	:	Key	71	DOWN	at	688062  
689079	[1017]	:	Key	71	UP	at	688206  
691807	[2728]	:	Key	97	DOWN	at	691807  
692934	[1127]	:	Key	97	UP	at	691886  
697150	[4216]	:	Key	98	DOWN	at	697150  
698254	[1104]	:	Key	98	UP	at	697222  
699118	[864]	:	Key	97	DOWN	at	699118  
700233	[1115]	:	Key	97	UP	at	699222  
701289	[1056]	:	Key	97	DOWN	at	701289  
702380	[1091]	:	Key	97	UP	at	701309  
703375	[995]	:	Key	97	DOWN	at	703375  
704466	[1091]	:	Key	97	UP	at	703447  
705143	[677]	:	Key	97	DOWN	at	705143  
706230	[1087]	:	Key	97	UP	at	705215  
708174	[1944]	:	Key	97	DOWN	at	708174  
709263	[1089]	:	Key	97	UP	at	708206  
710222	[959]	:	Key	98	DOWN	at	710222  
711882	[1660]	:	Key	98	UP	at	710294  
713279	[1397]	:	Key	71	DOWN	at	713279  
714330	[1051]	:	Key	71	UP	at	713352  
715286	[956]	:	Key	98	DOWN	at	715286  
716400	[1114]	:	Key	98	UP	at	715359  
717454	[1054]	:	Key	98	DOWN	at	717454  
718567	[1113]	:	Key	98	UP	at	717542  
724527	[5960]	:	Key	97	DOWN	at	724527  
725639	[1112]	:	Key	97	UP	at	724630  
726887	[1248]	:	Key	98	DOWN	at	726887  
728010	[1123]	:	Key	98	UP	at	726982  
729527	[1517]	:	Key	97	DOWN	at	729527  
730652	[1125]	:	Key	97	UP	at	729607  
731820	[1168]	:	Key	97	DOWN	at	731820  
732930	[1110]	:	Key	97	UP	at	731862  
734175	[1245]	:	Key	98	DOWN	at	734175  
735299	[1124]	:	Key	98	UP	at	734270  
736430	[1131]	:	Key	97	DOWN	at	736430  
737607	[1177]	:	Key	97	UP	at	736486  
739135	[1528]	:	Key	71	DOWN	at	739135  
739434	[299]	:	Key	71	UP	at	739288  
740047	[613]	:	Key	71	DOWN	at	740047  
740167	[120]	:	Key	71	UP	at	740167  
740879	[712]	:	Key	71	DOWN	at	740879  
744151	[3272]	:	Key	71	UP	at	740982  
744151	[0]	:	Key	71	DOWN	at	741519  
744151	[0]	:	Key	71	UP	at	741606  
744152	[1]	:	Key	71	DOWN	at	742126  
744152	[0]	:	Key	71	UP	at	742216  
744152	[0]	:	Key	71	DOWN	at	742694  
744153	[1]	:	Key	71	UP	at	742808  
744153	[0]	:	Key	71	DOWN	at	743278  
744153	[0]	:	Key	71	UP	at	743382  
744154	[1]	:	Key	71	DOWN	at	743895  
744154	[0]	:	Key	71	UP	at	743974  
744527	[373]	:	Key	71	DOWN	at	744527  
747831	[3304]	:	Key	71	UP	at	744640  
747831	[0]	:	Key	71	DOWN	at	745128  
747831	[0]	:	Key	71	UP	at	745208  
747832	[1]	:	Key	71	DOWN	at	745632  
747832	[0]	:	Key	71	UP	at	745720  
747833	[1]	:	Key	71	DOWN	at	746482  
747833	[0]	:	Key	71	UP	at	746502  
747833	[0]	:	Key	71	DOWN	at	746778  
747833	[0]	:	Key	71	UP	at	746848  
747834	[1]	:	Key	71	DOWN	at	747302  
747834	[0]	:	Key	71	UP	at	747382  
747877	[43]	:	Key	71	DOWN	at	747877  
751180	[3303]	:	Key	71	UP	at	747965  
751180	[0]	:	Key	71	DOWN	at	748446  
751180	[0]	:	Key	71	UP	at	748542  
751181	[1]	:	Key	71	DOWN	at	748974  
751181	[0]	:	Key	71	UP	at	749046  
751181	[0]	:	Key	71	DOWN	at	749461  
751182	[1]	:	Key	71	UP	at	749517  
751182	[0]	:	Key	71	DOWN	at	749934  
751182	[0]	:	Key	71	UP	at	750022  
751182	[0]	:	Key	71	DOWN	at	750437  
751183	[1]	:	Key	71	UP	at	750510  
751183	[0]	:	Key	71	DOWN	at	750957  
751183	[0]	:	Key	71	UP	at	751029  
751517	[334]	:	Key	71	DOWN	at	751517  
754821	[3304]	:	Key	71	UP	at	751645  
754823	[2]	:	Key	71	DOWN	at	752046  
754824	[1]	:	Key	71	UP	at	752125  
754825	[1]	:	Key	71	DOWN	at	752557  
754826	[1]	:	Key	71	UP	at	752621  
754827	[1]	:	Key	71	DOWN	at	753005  
754829	[2]	:	Key	71	UP	at	753085  
754830	[1]	:	Key	71	DOWN	at	753765  
754831	[1]	:	Key	71	UP	at	753837  
754832	[1]	:	Key	71	DOWN	at	754574  
754833	[1]	:	Key	71	UP	at	754702  
755374	[541]	:	Key	71	DOWN	at	755374  
758666	[3292]	:	Key	71	UP	at	755510  
758668	[2]	:	Key	71	DOWN	at	755798  
758669	[1]	:	Key	71	UP	at	755886  
758670	[1]	:	Key	71	DOWN	at	756158  
758670	[0]	:	Key	71	UP	at	756262  
758671	[1]	:	Key	71	DOWN	at	756670  
758672	[1]	:	Key	71	UP	at	756758  
758673	[1]	:	Key	71	DOWN	at	757606  
758674	[1]	:	Key	71	UP	at	757710  
758675	[1]	:	Key	71	DOWN	at	758462  
758676	[1]	:	Key	71	UP	at	758598  
759006	[330]	:	Key	71	DOWN	at	759006  
762303	[3297]	:	Key	71	UP	at	759166  
762303	[0]	:	Key	71	DOWN	at	759462  
762304	[1]	:	Key	71	UP	at	759590  
762304	[0]	:	Key	71	DOWN	at	759990  
762304	[0]	:	Key	71	UP	at	760150  
762304	[0]	:	Key	71	DOWN	at	760606  
762305	[1]	:	Key	71	UP	at	760734  
762305	[0]	:	Key	71	DOWN	at	761302  
762305	[0]	:	Key	71	UP	at	761470  
762306	[1]	:	Key	71	DOWN	at	762262  
762430	[124]	:	Key	71	UP	at	762430  
762878	[448]	:	Key	71	DOWN	at	762878  
766184	[3306]	:	Key	71	UP	at	763110  
766184	[0]	:	Key	71	DOWN	at	763518  
766185	[1]	:	Key	71	UP	at	763646  
766185	[0]	:	Key	71	DOWN	at	764070  
766185	[0]	:	Key	71	UP	at	764206  
766185	[0]	:	Key	71	DOWN	at	764678  
766186	[1]	:	Key	71	UP	at	764846  
766186	[0]	:	Key	71	DOWN	at	765238  
766186	[0]	:	Key	71	UP	at	765366  
766187	[1]	:	Key	71	DOWN	at	765926  
766187	[0]	:	Key	71	UP	at	766006  
766318	[131]	:	Key	71	DOWN	at	766318  
770228	[3910]	:	Key	71	UP	at	766502  
770228	[0]	:	Key	71	DOWN	at	766846  
770228	[0]	:	Key	71	UP	at	767014  
770229	[1]	:	Key	71	DOWN	at	767510  
770229	[0]	:	Key	71	UP	at	767678  
770229	[0]	:	Key	71	DOWN	at	768069  
770229	[0]	:	Key	71	UP	at	768245  
770230	[1]	:	Key	71	DOWN	at	768629  
770230	[0]	:	Key	71	UP	at	768781  
770230	[0]	:	Key	71	DOWN	at	769285  
770230	[0]	:	Key	71	UP	at	769477  
771021	[791]	:	Key	71	DOWN	at	771021  
772062	[1041]	:	Key	71	UP	at	771157  
773710	[1648]	:	Key	98	DOWN	at	773710  
774841	[1131]	:	Key	98	UP	at	773846  
776182	[1341]	:	Key	97	DOWN	at	776182  
777319	[1137]	:	Key	97	UP	at	776254  
778414	[1095]	:	Key	97	DOWN	at	778414  
779551	[1137]	:	Key	97	UP	at	778486  
780222	[671]	:	Key	97	DOWN	at	780222  
781350	[1128]	:	Key	97	UP	at	780318  
782038	[688]	:	Key	97	DOWN	at	782038  
783179	[1141]	:	Key	97	UP	at	782142  
784214	[1035]	:	Key	97	DOWN	at	784214  
785341	[1127]	:	Key	97	UP	at	784270  
786245	[904]	:	Key	97	DOWN	at	786245  
787355	[1110]	:	Key	97	UP	at	786309  
788405	[1050]	:	Key	98	DOWN	at	788405  
790093	[1688]	:	Key	98	UP	at	788533  
791598	[1505]	:	Key	71	DOWN	at	791598  
792639	[1041]	:	Key	71	UP	at	791678  
793446	[807]	:	Key	98	DOWN	at	793446  
794560	[1114]	:	Key	98	UP	at	793574  
795662	[1102]	:	Key	98	DOWN	at	795662  
796771	[1109]	:	Key	98	UP	at	795774  
797518	[747]	:	Key	97	DOWN	at	797518  
798636	[1118]	:	Key	97	UP	at	797622  
799934	[1298]	:	Key	98	DOWN	at	799934  
801063	[1129]	:	Key	98	UP	at	800086  
803333	[2270]	:	Key	97	DOWN	at	803333  
804463	[1130]	:	Key	97	UP	at	803413  
806357	[1894]	:	Key	97	DOWN	at	806357  
807482	[1125]	:	Key	97	UP	at	806438  
808502	[1020]	:	Key	98	DOWN	at	808502  
809617	[1115]	:	Key	98	UP	at	808646  
811222	[1605]	:	Key	98	DOWN	at	811222  
812399	[1177]	:	Key	98	UP	at	811358  
814782	[2383]	:	Key	71	DOWN	at	814782  
815101	[319]	:	Key	71	UP	at	814854  
816422	[1321]	:	Key	71	DOWN	at	816422  
816526	[104]	:	Key	71	UP	at	816526  
819574	[3048]	:	Key	97	DOWN	at	819574  
819678	[104]	:	Key	97	UP	at	819661  
820334	[656]	:	Key	97	DOWN	at	820334  
820430	[96]	:	Key	97	UP	at	820406  
821181	[751]	:	Key	97	DOWN	at	821181  
821263	[82]	:	Key	97	UP	at	821237  
821709	[446]	:	Key	97	DOWN	at	821709  
821782	[73]	:	Key	97	UP	at	821773  
822213	[431]	:	Key	97	DOWN	at	822213  
822294	[81]	:	Key	97	UP	at	822293  
822645	[351]	:	Key	97	DOWN	at	822645  
822733	[88]	:	Key	97	UP	at	822733  
823117	[384]	:	Key	97	DOWN	at	823117  
823205	[88]	:	Key	97	UP	at	823205  
823557	[352]	:	Key	97	DOWN	at	823557  
823651	[94]	:	Key	97	UP	at	823645  
823989	[338]	:	Key	97	DOWN	at	823989  
824101	[112]	:	Key	97	UP	at	824101  
824454	[353]	:	Key	97	DOWN	at	824454  
824574	[120]	:	Key	97	UP	at	824574  
825334	[760]	:	Key	97	DOWN	at	825334  
825438	[104]	:	Key	97	UP	at	825438  
825886	[448]	:	Key	97	DOWN	at	825886  
825986	[100]	:	Key	97	UP	at	825950  
826326	[340]	:	Key	97	DOWN	at	826326  
826417	[91]	:	Key	97	UP	at	826406  
826870	[453]	:	Key	97	DOWN	at	826870  
826966	[96]	:	Key	97	UP	at	826966  
827366	[400]	:	Key	97	DOWN	at	827366  
827478	[112]	:	Key	97	UP	at	827478  
827846	[368]	:	Key	97	DOWN	at	827846  
827982	[136]	:	Key	97	UP	at	827982  
828326	[344]	:	Key	97	DOWN	at	828326  
828422	[96]	:	Key	97	UP	at	828422  
828830	[408]	:	Key	97	DOWN	at	828830  
828934	[104]	:	Key	97	UP	at	828934  
829678	[744]	:	Key	98	DOWN	at	829678  
829758	[80]	:	Key	98	UP	at	829758  
831062	[1304]	:	Key	97	DOWN	at	831062  
831148	[86]	:	Key	97	UP	at	831102  
831574	[426]	:	Key	97	DOWN	at	831574  
831670	[96]	:	Key	97	UP	at	831670  
833318	[1648]	:	Key	97	DOWN	at	833318  
834318	[1000]	:	Key	97	UP	at	833398  
835933	[1615]	:	Key	71	DOWN	at	835933  
836212	[279]	:	Key	71	UP	at	836053  
836925	[713]	:	Key	71	DOWN	at	836925  
1036806	[199881]	:	Key	71	DOWN	at	1036806 
1036898	[92]	:	Key	71	UP	at	1036886 
1040054	[3156]	:	Key	71	DOWN	at	1040054 
1691782	[651728]	:	Key	97	DOWN	at	1691782 
1692782	[1000]	:	Key	97	UP	at	1691878 
1694422	[1640]	:	Key	71	DOWN	at	1694422 
2423263	[728841]	:	Key	97	DOWN	at	2423263 
2424263	[1000]	:	Key	97	UP	at	2423343 
2426311	[2048]	:	Key	71	DOWN	at	2426311 
2986359	[560048]	:	Key	97	DOWN	at	2986359 
2987359	[1000]	:	Key	97	UP	at	2986543 
2990855	[3496]	:	Key	71	DOWN	at	2990855 
3968344	[977489]	:	Key	97	DOWN	at	3968344 
3969344	[1000]	:	Key	97	UP	at	3968488 
3971441	[2097]	:	Key	71	DOWN	at	3971441 
5056714	[1085273]	:	Key	71	DOWN	at	5056714 
5056781	[67]	:	COGENT STOP
