Cog2000 log file Wed Dec 09 10:15:15 2020
gprim v1.33 Compiled:Aug 12 2015 (GLib DirectDraw v7 DX10.0 Compiled:Aug 12 2015)
Display:1024x768x32 60.02Hz
Attaching E:\Sahar Rajabi\Final MBMF+Drug Task\Cogent2000v1.33\Toolbox\CogInput.mexw64
CogInput v1.05 Compiled: May 20 2010
15	[15]	:	COGENT START
28884	[28869]	:	Key	97	DOWN	at	28883   
29059	[175]	:	Key	97	UP	at	29059   
43619	[14560]	:	Key	97	DOWN	at	43619   
43723	[104]	:	Key	97	UP	at	43723   
62532	[18809]	:	Key	97	DOWN	at	62531   
63531	[999]	:	Key	97	UP	at	62660   
79596	[16065]	:	Key	71	DOWN	at	79596   
79783	[187]	:	Key	71	UP	at	79691   
82419	[2636]	:	Key	71	DOWN	at	82419   
85835	[3416]	:	Key	71	UP	at	82547   
89763	[3928]	:	Key	71	DOWN	at	89763   
93082	[3319]	:	Key	71	UP	at	89907   
96092	[3010]	:	Key	71	DOWN	at	96092   
99393	[3301]	:	Key	71	UP	at	96212   
101043	[1650]	:	Key	71	DOWN	at	101043  
104344	[3301]	:	Key	71	UP	at	101203  
106187	[1843]	:	Key	71	DOWN	at	106187  
109479	[3292]	:	Key	71	UP	at	106331  
111612	[2133]	:	Key	71	DOWN	at	111612  
114914	[3302]	:	Key	71	UP	at	111764  
116555	[1641]	:	Key	71	DOWN	at	116555  
119843	[3288]	:	Key	71	UP	at	116716  
121475	[1632]	:	Key	71	DOWN	at	121475  
124776	[3301]	:	Key	71	UP	at	121635  
125987	[1211]	:	Key	71	DOWN	at	125987  
129282	[3295]	:	Key	71	UP	at	126107  
130900	[1618]	:	Key	71	DOWN	at	130900  
134200	[3300]	:	Key	71	UP	at	131051  
134987	[787]	:	Key	71	DOWN	at	134987  
138276	[3289]	:	Key	71	UP	at	135147  
139899	[1623]	:	Key	71	DOWN	at	139899  
143170	[3271]	:	Key	71	UP	at	140051  
144252	[1082]	:	Key	71	DOWN	at	144252  
147542	[3290]	:	Key	71	UP	at	144420  
148308	[766]	:	Key	71	DOWN	at	148308  
151598	[3290]	:	Key	71	UP	at	148476  
153443	[1845]	:	Key	71	DOWN	at	153443  
156731	[3288]	:	Key	71	UP	at	153579  
157819	[1088]	:	Key	71	DOWN	at	157819  
161119	[3300]	:	Key	71	UP	at	157955  
162956	[1837]	:	Key	71	DOWN	at	162956  
166245	[3289]	:	Key	71	UP	at	163092  
167644	[1399]	:	Key	71	DOWN	at	167644  
170946	[3302]	:	Key	71	UP	at	167788  
171867	[921]	:	Key	71	DOWN	at	171867  
175170	[3303]	:	Key	71	UP	at	172011  
176659	[1489]	:	Key	71	DOWN	at	176659  
179953	[3294]	:	Key	71	UP	at	176803  
180412	[459]	:	Key	71	DOWN	at	180412  
183702	[3290]	:	Key	71	UP	at	180564  
185556	[1854]	:	Key	71	DOWN	at	185556  
188859	[3303]	:	Key	71	UP	at	185708  
189843	[984]	:	Key	71	DOWN	at	189843  
193145	[3302]	:	Key	71	UP	at	189979  
195675	[2530]	:	Key	71	DOWN	at	195675  
198975	[3300]	:	Key	71	UP	at	195811  
201324	[2349]	:	Key	71	DOWN	at	201324  
204620	[3296]	:	Key	71	UP	at	201420  
206211	[1591]	:	Key	71	DOWN	at	206211  
209503	[3292]	:	Key	71	UP	at	206347  
218148	[8645]	:	Key	71	DOWN	at	218148  
221451	[3303]	:	Key	71	UP	at	218300  
223275	[1824]	:	Key	71	DOWN	at	223275  
226564	[3289]	:	Key	71	UP	at	223411  
228683	[2119]	:	Key	71	DOWN	at	228683  
231981	[3298]	:	Key	71	UP	at	228819  
232724	[743]	:	Key	71	DOWN	at	232724  
236013	[3289]	:	Key	71	UP	at	232844  
249020	[13007]	:	Key	71	DOWN	at	249020  
252319	[3299]	:	Key	71	UP	at	249164  
258707	[6388]	:	Key	71	DOWN	at	258707  
262005	[3298]	:	Key	71	UP	at	258851  
263227	[1222]	:	Key	71	DOWN	at	263227  
266528	[3301]	:	Key	71	UP	at	263387  
270236	[3708]	:	Key	71	DOWN	at	270236  
273539	[3303]	:	Key	71	UP	at	270396  
276131	[2592]	:	Key	71	DOWN	at	276131  
279415	[3284]	:	Key	71	UP	at	276260  
280251	[836]	:	Key	71	DOWN	at	280251  
283527	[3276]	:	Key	71	UP	at	280387  
288364	[4837]	:	Key	71	DOWN	at	288364  
291665	[3301]	:	Key	71	UP	at	288508  
294611	[2946]	:	Key	71	DOWN	at	294611  
297900	[3289]	:	Key	71	UP	at	294771  
299539	[1639]	:	Key	71	DOWN	at	299539  
302839	[3300]	:	Key	71	UP	at	299779  
306268	[3429]	:	Key	71	DOWN	at	306268  
309568	[3300]	:	Key	71	UP	at	306412  
310931	[1363]	:	Key	71	DOWN	at	310931  
314232	[3301]	:	Key	71	UP	at	311116  
316595	[2363]	:	Key	71	DOWN	at	316595  
319897	[3302]	:	Key	71	UP	at	316763  
321556	[1659]	:	Key	71	DOWN	at	321556  
324856	[3300]	:	Key	71	UP	at	321732  
332499	[7643]	:	Key	71	DOWN	at	332499  
335788	[3289]	:	Key	71	UP	at	332659  
337100	[1312]	:	Key	71	DOWN	at	337100  
340398	[3298]	:	Key	71	UP	at	337252  
340596	[198]	:	Key	71	DOWN	at	340596  
343884	[3288]	:	Key	71	UP	at	340828  
345299	[1415]	:	Key	71	DOWN	at	345299  
348573	[3274]	:	Key	71	UP	at	345435  
349347	[774]	:	Key	71	DOWN	at	349347  
353316	[3969]	:	Key	71	UP	at	349531  
370123	[16807]	:	Key	71	DOWN	at	370123  
371168	[1045]	:	Key	71	UP	at	370235  
372364	[1196]	:	Key	97	DOWN	at	372364  
373463	[1099]	:	Key	97	UP	at	372484  
374508	[1045]	:	Key	98	DOWN	at	374508  
375628	[1120]	:	Key	98	UP	at	374660  
377012	[1384]	:	Key	97	DOWN	at	377012  
378146	[1134]	:	Key	97	UP	at	377140  
379364	[1218]	:	Key	97	DOWN	at	379364  
380460	[1096]	:	Key	97	UP	at	379484  
383059	[2599]	:	Key	97	DOWN	at	383059  
384179	[1120]	:	Key	97	UP	at	383187  
384955	[776]	:	Key	97	DOWN	at	384955  
386095	[1140]	:	Key	97	UP	at	385075  
387171	[1076]	:	Key	98	DOWN	at	387171  
388285	[1114]	:	Key	98	UP	at	387315  
389908	[1623]	:	Key	97	DOWN	at	389908  
391659	[1751]	:	Key	97	UP	at	390004  
407980	[16321]	:	Key	71	DOWN	at	407980  
409024	[1044]	:	Key	71	UP	at	408076  
410116	[1092]	:	Key	97	DOWN	at	410116  
411238	[1122]	:	Key	97	UP	at	410276  
412332	[1094]	:	Key	97	DOWN	at	412332  
413461	[1129]	:	Key	97	UP	at	412436  
415428	[1967]	:	Key	98	DOWN	at	415428  
416550	[1122]	:	Key	98	UP	at	415547  
417555	[1005]	:	Key	98	DOWN	at	417555  
418665	[1110]	:	Key	98	UP	at	417691  
419579	[914]	:	Key	97	DOWN	at	419579  
420720	[1141]	:	Key	97	UP	at	419683  
421923	[1203]	:	Key	98	DOWN	at	421923  
423040	[1117]	:	Key	98	UP	at	422075  
425124	[2084]	:	Key	97	DOWN	at	425124  
426257	[1133]	:	Key	97	UP	at	425212  
427236	[979]	:	Key	97	DOWN	at	427236  
428449	[1213]	:	Key	97	UP	at	427316  
438427	[9978]	:	Key	71	DOWN	at	438427  
438737	[310]	:	Key	71	UP	at	438555  
441292	[2555]	:	Key	71	DOWN	at	441292  
441444	[152]	:	Key	71	UP	at	441444  
442300	[856]	:	Key	71	DOWN	at	442300  
445605	[3305]	:	Key	71	UP	at	442420  
445607	[2]	:	Key	71	DOWN	at	444908  
445608	[1]	:	Key	71	UP	at	445076  
447492	[1884]	:	Key	71	DOWN	at	447492  
450792	[3300]	:	Key	71	UP	at	447636  
454619	[3827]	:	Key	71	DOWN	at	454619  
457923	[3304]	:	Key	71	UP	at	454747  
457925	[2]	:	Key	71	DOWN	at	457123  
457926	[1]	:	Key	71	UP	at	457259  
459212	[1286]	:	Key	71	DOWN	at	459212  
462513	[3301]	:	Key	71	UP	at	459324  
462515	[2]	:	Key	71	DOWN	at	461740  
462516	[1]	:	Key	71	UP	at	461900  
463756	[1240]	:	Key	71	DOWN	at	463756  
467047	[3291]	:	Key	71	UP	at	463908  
467049	[2]	:	Key	71	DOWN	at	466700  
467050	[1]	:	Key	71	UP	at	466884  
467828	[778]	:	Key	71	DOWN	at	467828  
471132	[3304]	:	Key	71	UP	at	467995  
471134	[2]	:	Key	71	DOWN	at	470316  
471135	[1]	:	Key	71	UP	at	470460  
471795	[660]	:	Key	71	DOWN	at	471795  
475087	[3292]	:	Key	71	UP	at	471963  
475087	[0]	:	Key	71	DOWN	at	473491  
475087	[0]	:	Key	71	UP	at	473651  
475088	[1]	:	Key	71	DOWN	at	474555  
475088	[0]	:	Key	71	UP	at	474787  
476996	[1908]	:	Key	71	DOWN	at	476996  
480291	[3295]	:	Key	71	UP	at	477148  
480292	[1]	:	Key	71	DOWN	at	479396  
480293	[1]	:	Key	71	UP	at	479524  
482596	[2303]	:	Key	71	DOWN	at	482596  
485896	[3300]	:	Key	71	UP	at	482740  
486460	[564]	:	Key	71	DOWN	at	486460  
489755	[3295]	:	Key	71	UP	at	486588  
489757	[2]	:	Key	71	DOWN	at	489124  
489758	[1]	:	Key	71	UP	at	489267  
492083	[2325]	:	Key	71	DOWN	at	492083  
495382	[3299]	:	Key	71	UP	at	492219  
495384	[2]	:	Key	71	DOWN	at	494468  
495385	[1]	:	Key	71	UP	at	494588  
496484	[1099]	:	Key	71	DOWN	at	496484  
499785	[3301]	:	Key	71	UP	at	496644  
502716	[2931]	:	Key	71	DOWN	at	502716  
506018	[3302]	:	Key	71	UP	at	502868  
506020	[2]	:	Key	71	DOWN	at	505204  
506021	[1]	:	Key	71	UP	at	505340  
506931	[910]	:	Key	71	DOWN	at	506931  
510229	[3298]	:	Key	71	UP	at	507067  
510231	[2]	:	Key	71	DOWN	at	509355  
510232	[1]	:	Key	71	UP	at	509507  
511035	[803]	:	Key	71	DOWN	at	511035  
514323	[3288]	:	Key	71	UP	at	511180  
515780	[1457]	:	Key	71	DOWN	at	515780  
519692	[3912]	:	Key	71	UP	at	515948  
528595	[8903]	:	Key	71	DOWN	at	528595  
529648	[1053]	:	Key	71	UP	at	528684  
530620	[972]	:	Key	97	DOWN	at	530620  
531745	[1125]	:	Key	97	UP	at	530732  
532572	[827]	:	Key	98	DOWN	at	532572  
533705	[1133]	:	Key	98	UP	at	532740  
534860	[1155]	:	Key	97	DOWN	at	534860  
535949	[1089]	:	Key	97	UP	at	534964  
537804	[1855]	:	Key	97	DOWN	at	537804  
538944	[1140]	:	Key	97	UP	at	537924  
540163	[1219]	:	Key	98	DOWN	at	540163  
541272	[1109]	:	Key	98	UP	at	540324  
542267	[995]	:	Key	97	DOWN	at	542267  
543414	[1147]	:	Key	97	UP	at	542419  
544499	[1085]	:	Key	97	DOWN	at	544499  
545613	[1114]	:	Key	97	UP	at	544611  
547516	[1903]	:	Key	97	DOWN	at	547516  
549218	[1702]	:	Key	97	UP	at	547644  
551220	[2002]	:	Key	71	DOWN	at	551220  
552268	[1048]	:	Key	71	UP	at	551372  
553476	[1208]	:	Key	98	DOWN	at	553476  
554604	[1128]	:	Key	98	UP	at	553644  
555588	[984]	:	Key	98	DOWN	at	555588  
556731	[1143]	:	Key	98	UP	at	555748  
557572	[841]	:	Key	97	DOWN	at	557572  
558709	[1137]	:	Key	97	UP	at	557700  
560555	[1846]	:	Key	98	DOWN	at	560555  
561688	[1133]	:	Key	98	UP	at	560707  
562523	[835]	:	Key	98	DOWN	at	562523  
563648	[1125]	:	Key	98	UP	at	562699  
564380	[732]	:	Key	97	DOWN	at	564380  
565524	[1144]	:	Key	97	UP	at	564516  
566509	[985]	:	Key	98	DOWN	at	566508  
567617	[1108]	:	Key	98	UP	at	566668  
568460	[843]	:	Key	98	DOWN	at	568460  
569677	[1217]	:	Key	98	UP	at	568612  
571796	[2119]	:	Key	71	DOWN	at	571796  
572120	[324]	:	Key	71	UP	at	571924  
595963	[23843]	:	Key	71	DOWN	at	595963  
596091	[128]	:	Key	71	UP	at	596091  
599484	[3393]	:	Key	97	DOWN	at	599484  
599607	[123]	:	Key	97	UP	at	599548  
609044	[9437]	:	Key	97	DOWN	at	609044  
609152	[108]	:	Key	97	UP	at	609124  
630595	[21443]	:	Key	97	DOWN	at	630595  
630697	[102]	:	Key	97	UP	at	630643  
646524	[15827]	:	Key	97	DOWN	at	646524  
646621	[97]	:	Key	97	UP	at	646603  
670596	[23975]	:	Key	97	DOWN	at	670596  
670700	[104]	:	Key	97	UP	at	670684  
708108	[37408]	:	Key	97	DOWN	at	708108  
708204	[96]	:	Key	97	UP	at	708204  
716988	[8784]	:	Key	97	DOWN	at	716988  
717123	[135]	:	Key	97	UP	at	717123  
730956	[13833]	:	Key	97	DOWN	at	730956  
731084	[128]	:	Key	97	UP	at	731084  
745460	[14376]	:	Key	97	DOWN	at	745460  
745564	[104]	:	Key	97	UP	at	745564  
768252	[22688]	:	Key	97	DOWN	at	768252  
768372	[120]	:	Key	97	UP	at	768372  
780684	[12312]	:	Key	97	DOWN	at	780684  
780820	[136]	:	Key	97	UP	at	780820  
788892	[8072]	:	Key	97	DOWN	at	788892  
789051	[159]	:	Key	97	UP	at	789051  
807691	[18640]	:	Key	97	DOWN	at	807691  
807819	[128]	:	Key	97	UP	at	807819  
822932	[15113]	:	Key	97	DOWN	at	822932  
823092	[160]	:	Key	97	UP	at	823092  
859460	[36368]	:	Key	97	DOWN	at	859460  
859595	[135]	:	Key	97	UP	at	859595  
890516	[30921]	:	Key	97	DOWN	at	890516  
890668	[152]	:	Key	97	UP	at	890668  
902932	[12264]	:	Key	97	DOWN	at	902932  
903060	[128]	:	Key	97	UP	at	903060  
924668	[21608]	:	Key	97	DOWN	at	924668  
924836	[168]	:	Key	97	UP	at	924836  
932932	[8096]	:	Key	97	DOWN	at	932932  
933084	[152]	:	Key	97	UP	at	933084  
1007332	[74248]	:	Key	97	DOWN	at	1007332 
1008332	[1000]	:	Key	97	UP	at	1007436 
1013820	[5488]	:	Key	71	DOWN	at	1013820 
1014136	[316]	:	Key	71	UP	at	1013908 
1015476	[1340]	:	Key	71	DOWN	at	1015476 
1015591	[115]	:	Key	71	UP	at	1015588 
1199100	[183509]	:	Key	71	DOWN	at	1199100 
1199204	[104]	:	Key	71	UP	at	1199204 
1201228	[2024]	:	Key	71	DOWN	at	1201228 
2043213	[841985]	:	Key	97	DOWN	at	2043213 
2044213	[1000]	:	Key	97	UP	at	2043293 
2047005	[2792]	:	Key	71	DOWN	at	2047005 
2756854	[709849]	:	Key	97	DOWN	at	2756854 
2757854	[1000]	:	Key	97	UP	at	2756966 
2759621	[1767]	:	Key	71	DOWN	at	2759621 
3599486	[839865]	:	Key	97	DOWN	at	3599486 
3600486	[1000]	:	Key	97	UP	at	3599518 
3607351	[6865]	:	Key	71	DOWN	at	3607351 
4435695	[828344]	:	Key	97	DOWN	at	4435695 
4436695	[1000]	:	Key	97	UP	at	4435775 
4438271	[1576]	:	Key	71	DOWN	at	4438271 
5509871	[1071600]	:	Key	71	DOWN	at	5509871 
5509943	[72]	:	COGENT STOP
