Cog2000 log file Tue Jun 14 09:02:18 2022
gprim v1.33 Compiled:Aug 12 2015 (GLib DirectDraw v7 DX12.0 Compiled:Aug 12 2015)
Display:1024x768x32 59.88Hz
Attaching F:\Sahar Rajabi\Final MBMF+Drug Task\Cogent2000v1.33\Toolbox\CogInput.mexw64
CogInput v1.05 Compiled: May 20 2010
6	[6]	:	COGENT START
31923	[31917]	:	Key	97	DOWN	at	31922   
32085	[162]	:	Key	97	UP	at	32083   
54284	[22199]	:	Key	97	DOWN	at	54283   
54403	[119]	:	Key	97	UP	at	54403   
75819	[21416]	:	Key	97	DOWN	at	75818   
76818	[999]	:	Key	97	UP	at	75963   
97468	[20650]	:	Key	71	DOWN	at	97467   
97638	[170]	:	Key	71	UP	at	97636   
103723	[6085]	:	Key	71	DOWN	at	103723  
107145	[3422]	:	Key	71	UP	at	103866  
111043	[3898]	:	Key	71	DOWN	at	111042  
114374	[3331]	:	Key	71	UP	at	111170  
116700	[2326]	:	Key	71	DOWN	at	116699  
120010	[3310]	:	Key	71	UP	at	116834  
122163	[2153]	:	Key	71	DOWN	at	122162  
125488	[3325]	:	Key	71	UP	at	122299  
129002	[3514]	:	Key	71	DOWN	at	129002  
132312	[3310]	:	Key	71	UP	at	129146  
134276	[1964]	:	Key	71	DOWN	at	134276  
137585	[3309]	:	Key	71	UP	at	134402  
139587	[2002]	:	Key	71	DOWN	at	139586  
142896	[3309]	:	Key	71	UP	at	139747  
147283	[4387]	:	Key	71	DOWN	at	147282  
150587	[3304]	:	Key	71	UP	at	147460  
153388	[2801]	:	Key	71	DOWN	at	153388  
156699	[3311]	:	Key	71	UP	at	153530  
161754	[5055]	:	Key	71	DOWN	at	161754  
165064	[3310]	:	Key	71	UP	at	161900  
168139	[3075]	:	Key	71	DOWN	at	168139  
171448	[3309]	:	Key	71	UP	at	168282  
172418	[970]	:	Key	71	DOWN	at	172418  
175726	[3308]	:	Key	71	UP	at	172594  
180259	[4533]	:	Key	71	DOWN	at	180258  
183567	[3308]	:	Key	71	UP	at	180427  
184876	[1309]	:	Key	71	DOWN	at	184875  
188183	[3307]	:	Key	71	UP	at	185074  
191283	[3100]	:	Key	71	DOWN	at	191282  
194593	[3310]	:	Key	71	UP	at	191459  
195531	[938]	:	Key	71	DOWN	at	195531  
198842	[3311]	:	Key	71	UP	at	195707  
215387	[16545]	:	Key	71	DOWN	at	215386  
218716	[3329]	:	Key	71	UP	at	215554  
219491	[775]	:	Key	71	DOWN	at	219491  
222801	[3310]	:	Key	71	UP	at	219674  
230418	[7617]	:	Key	71	DOWN	at	230418  
233728	[3310]	:	Key	71	UP	at	230578  
241987	[8259]	:	Key	71	DOWN	at	241986  
245295	[3308]	:	Key	71	UP	at	242155  
251115	[5820]	:	Key	71	DOWN	at	251115  
254424	[3309]	:	Key	71	UP	at	251283  
257890	[3466]	:	Key	71	DOWN	at	257890  
261197	[3307]	:	Key	71	UP	at	258082  
264579	[3382]	:	Key	71	DOWN	at	264578  
267887	[3308]	:	Key	71	UP	at	264723  
281915	[14028]	:	Key	71	DOWN	at	281915  
285224	[3309]	:	Key	71	UP	at	282083  
285916	[692]	:	Key	71	DOWN	at	285915  
289225	[3309]	:	Key	71	UP	at	286106  
297475	[8250]	:	Key	71	DOWN	at	297474  
300785	[3310]	:	Key	71	UP	at	297666  
301403	[618]	:	Key	71	DOWN	at	301402  
304713	[3310]	:	Key	71	UP	at	301571  
304715	[2]	:	Key	71	DOWN	at	304316  
304716	[1]	:	Key	71	UP	at	304499  
321411	[16695]	:	Key	71	DOWN	at	321411  
324721	[3310]	:	Key	71	UP	at	321588  
337092	[12371]	:	Key	71	DOWN	at	337091  
340400	[3308]	:	Key	71	UP	at	337235  
345547	[5147]	:	Key	71	DOWN	at	345546  
348857	[3310]	:	Key	71	UP	at	345723  
351147	[2290]	:	Key	71	DOWN	at	351147  
354457	[3310]	:	Key	71	UP	at	351324  
362972	[8515]	:	Key	71	DOWN	at	362971  
366282	[3310]	:	Key	71	UP	at	363091  
368955	[2673]	:	Key	71	DOWN	at	368955  
372265	[3310]	:	Key	71	UP	at	369091  
374258	[1993]	:	Key	71	DOWN	at	374258  
377566	[3308]	:	Key	71	UP	at	374388  
378275	[709]	:	Key	71	DOWN	at	378274  
381584	[3309]	:	Key	71	UP	at	378411  
382243	[659]	:	Key	71	DOWN	at	382243  
385551	[3308]	:	Key	71	UP	at	382403  
389444	[3893]	:	Key	71	DOWN	at	389442  
392741	[3297]	:	Key	71	UP	at	389603  
393355	[614]	:	Key	71	DOWN	at	393354  
396664	[3309]	:	Key	71	UP	at	393531  
401682	[5018]	:	Key	71	DOWN	at	401682  
404994	[3312]	:	Key	71	UP	at	401859  
404996	[2]	:	Key	71	DOWN	at	404411  
404997	[1]	:	Key	71	UP	at	404523  
407675	[2678]	:	Key	71	DOWN	at	407674  
410985	[3310]	:	Key	71	UP	at	407820  
420925	[9940]	:	Key	71	DOWN	at	420924  
424233	[3308]	:	Key	71	UP	at	421084  
426484	[2251]	:	Key	71	DOWN	at	426483  
429794	[3310]	:	Key	71	UP	at	426644  
431635	[1841]	:	Key	71	DOWN	at	431634  
434944	[3309]	:	Key	71	UP	at	431786  
435595	[651]	:	Key	71	DOWN	at	435595  
438906	[3311]	:	Key	71	UP	at	435770  
443812	[4906]	:	Key	71	DOWN	at	443811  
447120	[3308]	:	Key	71	UP	at	443994  
453243	[6123]	:	Key	71	DOWN	at	453243  
456553	[3310]	:	Key	71	UP	at	453387  
461571	[5018]	:	Key	71	DOWN	at	461570  
464863	[3292]	:	Key	71	UP	at	461723  
465739	[876]	:	Key	71	DOWN	at	465738  
469716	[3977]	:	Key	71	UP	at	465922  
490788	[21072]	:	Key	71	DOWN	at	490787  
491839	[1051]	:	Key	71	UP	at	490938  
494116	[2277]	:	Key	97	DOWN	at	494115  
495405	[1289]	:	Key	97	UP	at	494266  
496388	[983]	:	Key	97	DOWN	at	496387  
497521	[1133]	:	Key	97	UP	at	496554  
498923	[1402]	:	Key	98	DOWN	at	498923  
500037	[1114]	:	Key	98	UP	at	499076  
501628	[1591]	:	Key	97	DOWN	at	501627  
502740	[1112]	:	Key	97	UP	at	501787  
505468	[2728]	:	Key	98	DOWN	at	505467  
506566	[1098]	:	Key	98	UP	at	505643  
507387	[821]	:	Key	98	DOWN	at	507386  
508483	[1096]	:	Key	98	UP	at	507588  
511203	[2720]	:	Key	97	DOWN	at	511202  
512299	[1096]	:	Key	97	UP	at	511370  
513674	[1375]	:	Key	97	DOWN	at	513674  
515369	[1695]	:	Key	97	UP	at	513835  
530691	[15322]	:	Key	71	DOWN	at	530690  
531753	[1062]	:	Key	71	UP	at	530851  
533772	[2019]	:	Key	98	DOWN	at	533771  
534877	[1105]	:	Key	98	UP	at	533932  
537164	[2287]	:	Key	98	DOWN	at	537163  
538268	[1104]	:	Key	98	UP	at	537323  
540275	[2007]	:	Key	97	DOWN	at	540275  
541383	[1108]	:	Key	97	UP	at	540427  
543901	[2518]	:	Key	98	DOWN	at	543900  
545014	[1113]	:	Key	98	UP	at	544068  
546075	[1061]	:	Key	97	DOWN	at	546075  
547199	[1124]	:	Key	97	UP	at	546219  
548258	[1059]	:	Key	98	DOWN	at	548258  
549369	[1111]	:	Key	98	UP	at	548442  
550595	[1226]	:	Key	98	DOWN	at	550594  
551707	[1112]	:	Key	98	UP	at	550772  
553620	[1913]	:	Key	98	DOWN	at	553619  
554787	[1167]	:	Key	98	UP	at	553770  
557907	[3120]	:	Key	71	DOWN	at	557907  
558219	[312]	:	Key	71	UP	at	558043  
598996	[40777]	:	Key	97	DOWN	at	598995  
599156	[160]	:	Key	97	UP	at	599099  
631099	[31943]	:	Key	97	DOWN	at	631098  
631226	[127]	:	Key	97	UP	at	631226  
655883	[24657]	:	Key	97	DOWN	at	655883  
655995	[112]	:	Key	97	UP	at	655994  
660451	[4456]	:	Key	98	DOWN	at	660451  
660604	[153]	:	Key	98	UP	at	660603  
674676	[14072]	:	Key	97	DOWN	at	674675  
674787	[111]	:	Key	97	UP	at	674787  
684044	[9257]	:	Key	97	DOWN	at	684043  
684212	[168]	:	Key	97	UP	at	684211  
710700	[26488]	:	Key	97	DOWN	at	710699  
710860	[160]	:	Key	97	UP	at	710859  
730995	[20135]	:	Key	97	DOWN	at	730994  
731114	[119]	:	Key	97	UP	at	731114  
737291	[6177]	:	Key	98	DOWN	at	737291  
737443	[152]	:	Key	98	UP	at	737442  
737570	[127]	:	Key	98	DOWN	at	737570  
737676	[106]	:	Key	98	UP	at	737675  
738259	[583]	:	Key	98	DOWN	at	738259  
738386	[127]	:	Key	98	UP	at	738386  
738978	[592]	:	Key	98	DOWN	at	738978  
739124	[146]	:	Key	98	UP	at	739122  
739659	[535]	:	Key	98	DOWN	at	739658  
739786	[127]	:	Key	98	UP	at	739786  
740315	[529]	:	Key	97	DOWN	at	740315  
740467	[152]	:	Key	97	UP	at	740466  
754074	[13607]	:	Key	97	DOWN	at	754074  
754228	[154]	:	Key	97	UP	at	754226  
772147	[17919]	:	Key	97	DOWN	at	772147  
772290	[143]	:	Key	97	UP	at	772290  
775580	[3290]	:	Key	97	DOWN	at	775579  
775724	[144]	:	Key	97	UP	at	775723  
784211	[8487]	:	Key	97	DOWN	at	784210  
784356	[145]	:	Key	97	UP	at	784355  
790434	[6078]	:	Key	97	DOWN	at	790434  
790539	[105]	:	Key	97	UP	at	790539  
803218	[12679]	:	Key	97	DOWN	at	803218  
803330	[112]	:	Key	97	UP	at	803330  
820394	[17064]	:	Key	97	DOWN	at	820394  
820499	[105]	:	Key	97	UP	at	820499  
829756	[9257]	:	Key	97	DOWN	at	829755  
829850	[94]	:	Key	97	UP	at	829850  
844962	[15112]	:	Key	97	DOWN	at	844962  
845059	[97]	:	Key	97	UP	at	845058  
869412	[24353]	:	Key	97	DOWN	at	869411  
869523	[111]	:	Key	97	UP	at	869522  
894842	[25319]	:	Key	97	DOWN	at	894842  
894931	[89]	:	Key	97	UP	at	894930  
900844	[5913]	:	Key	97	DOWN	at	900843  
900987	[143]	:	Key	97	UP	at	900986  
927363	[26376]	:	Key	97	DOWN	at	927362  
927482	[119]	:	Key	97	UP	at	927482  
950339	[22857]	:	Key	97	DOWN	at	950338  
950491	[152]	:	Key	97	UP	at	950491  
972715	[22224]	:	Key	97	DOWN	at	972714  
972852	[137]	:	Key	97	UP	at	972852  
1011875	[39023]	:	Key	97	DOWN	at	1011874 
1011997	[122]	:	Key	97	UP	at	1011996 
1020443	[8446]	:	Key	97	DOWN	at	1020443 
1020579	[136]	:	Key	97	UP	at	1020579 
1089890	[69311]	:	Key	97	DOWN	at	1089890 
1090891	[1001]	:	Key	97	UP	at	1090002 
1097602	[6711]	:	Key	71	DOWN	at	1097602 
1097904	[302]	:	Key	71	UP	at	1097747 
1099723	[1819]	:	Key	71	DOWN	at	1099723 
1212532	[112809]	:	Key	71	DOWN	at	1212531 
1212635	[103]	:	Key	71	UP	at	1212635 
1213107	[472]	:	Key	71	DOWN	at	1213106 
1287657	[74550]	:	Key	71	DOWN	at	1287002 
1287658	[1]	:	Key	71	UP	at	1287138 
1365173	[77515]	:	Key	71	DOWN	at	1364012 
1365174	[1]	:	Key	71	UP	at	1364267 
1461478	[96304]	:	Key	71	DOWN	at	1460971 
1461480	[2]	:	Key	71	UP	at	1461099 
1581610	[120130]	:	Key	71	DOWN	at	1579986 
1581611	[1]	:	Key	71	UP	at	1580146 
1607670	[26059]	:	Key	71	DOWN	at	1605795 
1607671	[1]	:	Key	71	UP	at	1606099 
1875955	[268284]	:	Key	97	DOWN	at	1875955 
1876955	[1000]	:	Key	97	UP	at	1876107 
1881755	[4800]	:	Key	71	DOWN	at	1881755 
2005401	[123646]	:	Key	71	DOWN	at	2004036 
2005402	[1]	:	Key	71	UP	at	2004172 
2182212	[176810]	:	Key	71	DOWN	at	2180843 
2182214	[2]	:	Key	71	UP	at	2180939 
2231843	[49629]	:	Key	71	DOWN	at	2230043 
2231844	[1]	:	Key	71	UP	at	2230195 
2258526	[26682]	:	Key	71	DOWN	at	2256634 
2258527	[1]	:	Key	71	UP	at	2256746 
2405959	[147432]	:	Key	71	DOWN	at	2404371 
2405959	[0]	:	Key	71	UP	at	2404451 
2470770	[64811]	:	Key	97	DOWN	at	2470770 
2471771	[1001]	:	Key	97	UP	at	2470867 
2473419	[1648]	:	Key	71	DOWN	at	2473418 
2657349	[183930]	:	Key	71	DOWN	at	2656003 
2657350	[1]	:	Key	71	UP	at	2656075 
2657352	[2]	:	Key	71	DOWN	at	2656274 
2657353	[1]	:	Key	71	UP	at	2656322 
3079243	[421890]	:	Key	97	DOWN	at	3079242 
3080242	[999]	:	Key	97	UP	at	3079411 
3082556	[2314]	:	Key	71	DOWN	at	3082556 
3651765	[569209]	:	Key	97	DOWN	at	3651764 
3652765	[1000]	:	Key	97	UP	at	3651899 
3653379	[614]	:	Key	71	DOWN	at	3653378 
4230043	[576664]	:	Key	71	DOWN	at	4230042 
4230085	[42]	:	COGENT STOP
