Cog2000 log file Tue Jun 08 10:11:03 2021
gprim v1.33 Compiled:Aug 12 2015 (GLib DirectDraw v7 DX12.0 Compiled:Aug 12 2015)
Display:1024x768x32 60.02Hz
Attaching C:\Users\CL1\Desktop\SaharRajabi\Final MBMF+Drug Task\Final MBMF+Drug Task\Cogent2000v1.33\Toolbox\CogInput.mexw64
CogInput v1.05 Compiled: May 20 2010
7	[7]	:	COGENT START
14836	[14829]	:	Key	97	DOWN	at	14833   
15012	[176]	:	Key	97	UP	at	15009   
16715	[1703]	:	Key	97	DOWN	at	16714   
16914	[199]	:	Key	97	UP	at	16913   
18955	[2041]	:	Key	97	DOWN	at	18955   
19956	[1001]	:	Key	97	UP	at	19099   
19958	[2]	:	Key	97	DOWN	at	19562   
19959	[1]	:	Key	97	UP	at	19785   
23419	[3460]	:	Key	97	DOWN	at	23418   
23602	[183]	:	Key	97	UP	at	23601   
24171	[569]	:	Key	71	DOWN	at	24170   
24354	[183]	:	Key	71	UP	at	24353   
28323	[3969]	:	Key	71	DOWN	at	28322   
31716	[3393]	:	Key	71	UP	at	28515   
40572	[8856]	:	Key	71	DOWN	at	40571   
43870	[3298]	:	Key	71	UP	at	40778   
45514	[1644]	:	Key	71	DOWN	at	45513   
48805	[3291]	:	Key	71	UP	at	45746   
52842	[4037]	:	Key	71	DOWN	at	52842   
56139	[3297]	:	Key	71	UP	at	53018   
57851	[1712]	:	Key	71	DOWN	at	57850   
61148	[3297]	:	Key	71	UP	at	58027   
61858	[710]	:	Key	71	DOWN	at	61857   
65156	[3298]	:	Key	71	UP	at	62010   
70850	[5694]	:	Key	71	DOWN	at	70849   
74139	[3289]	:	Key	71	UP	at	71009   
77306	[3167]	:	Key	71	DOWN	at	77306   
80608	[3302]	:	Key	71	UP	at	77465   
83178	[2570]	:	Key	71	DOWN	at	83177   
86466	[3288]	:	Key	71	UP	at	83307   
89314	[2848]	:	Key	71	DOWN	at	89314   
92605	[3291]	:	Key	71	UP	at	89465   
96787	[4182]	:	Key	71	DOWN	at	96786   
100080	[3293]	:	Key	71	UP	at	96915   
102595	[2515]	:	Key	71	DOWN	at	102594  
105883	[3288]	:	Key	71	UP	at	102762  
110307	[4424]	:	Key	71	DOWN	at	110306  
113595	[3288]	:	Key	71	UP	at	110410  
113597	[2]	:	Key	71	DOWN	at	112338  
113598	[1]	:	Key	71	UP	at	112482  
116690	[3092]	:	Key	71	DOWN	at	116690  
119975	[3285]	:	Key	71	UP	at	116842  
119977	[2]	:	Key	71	DOWN	at	119338  
119978	[1]	:	Key	71	UP	at	119497  
121580	[1602]	:	Key	71	DOWN	at	121579  
124868	[3288]	:	Key	71	UP	at	121754  
125371	[503]	:	Key	71	DOWN	at	125370  
128657	[3286]	:	Key	71	UP	at	125522  
134354	[5697]	:	Key	71	DOWN	at	134354  
137641	[3287]	:	Key	71	UP	at	134515  
140178	[2537]	:	Key	71	DOWN	at	140178  
143461	[3283]	:	Key	71	UP	at	140305  
146347	[2886]	:	Key	71	DOWN	at	146346  
149633	[3286]	:	Key	71	UP	at	146434  
150195	[562]	:	Key	71	DOWN	at	150194  
153475	[3280]	:	Key	71	UP	at	150314  
157609	[4134]	:	Key	71	DOWN	at	157609  
160896	[3287]	:	Key	71	UP	at	157753  
161626	[730]	:	Key	71	DOWN	at	161625  
164915	[3289]	:	Key	71	UP	at	161754  
170154	[5239]	:	Key	71	DOWN	at	170154  
173438	[3284]	:	Key	71	UP	at	170289  
177762	[4324]	:	Key	71	DOWN	at	177762  
181059	[3297]	:	Key	71	UP	at	177930  
185521	[4462]	:	Key	71	DOWN	at	185521  
188809	[3288]	:	Key	71	UP	at	185714  
190364	[1555]	:	Key	71	DOWN	at	190363  
193653	[3289]	:	Key	71	UP	at	190513  
194250	[597]	:	Key	71	DOWN	at	194250  
197539	[3289]	:	Key	71	UP	at	194418  
197541	[2]	:	Key	71	DOWN	at	196866  
197542	[1]	:	Key	71	UP	at	197066  
198657	[1115]	:	Key	71	DOWN	at	198657  
201946	[3289]	:	Key	71	UP	at	198811  
203011	[1065]	:	Key	71	DOWN	at	203010  
206300	[3289]	:	Key	71	UP	at	203186  
207388	[1088]	:	Key	71	DOWN	at	207387  
210686	[3298]	:	Key	71	UP	at	207578  
220452	[9766]	:	Key	71	DOWN	at	220451  
223741	[3289]	:	Key	71	UP	at	220641  
224602	[861]	:	Key	71	DOWN	at	224602  
227892	[3290]	:	Key	71	UP	at	224746  
229355	[1463]	:	Key	71	DOWN	at	229354  
232645	[3290]	:	Key	71	UP	at	229506  
233554	[909]	:	Key	71	DOWN	at	233554  
236844	[3290]	:	Key	71	UP	at	233714  
237323	[479]	:	Key	71	DOWN	at	237322  
240612	[3289]	:	Key	71	UP	at	237481  
241274	[662]	:	Key	71	DOWN	at	241274  
244559	[3285]	:	Key	71	UP	at	241411  
245851	[1292]	:	Key	71	DOWN	at	245851  
249138	[3287]	:	Key	71	UP	at	246018  
251027	[1889]	:	Key	71	DOWN	at	251026  
254315	[3288]	:	Key	71	UP	at	251169  
254890	[575]	:	Key	71	DOWN	at	254890  
258180	[3290]	:	Key	71	UP	at	255027  
258180	[0]	:	Key	71	DOWN	at	257146  
258180	[0]	:	Key	71	UP	at	257297  
261100	[2920]	:	Key	71	DOWN	at	261099  
264388	[3288]	:	Key	71	UP	at	261283  
265314	[926]	:	Key	71	DOWN	at	265313  
268601	[3287]	:	Key	71	UP	at	265457  
269492	[891]	:	Key	71	DOWN	at	269491  
272778	[3286]	:	Key	71	UP	at	269657  
274203	[1425]	:	Key	71	DOWN	at	274202  
277491	[3288]	:	Key	71	UP	at	274346  
278137	[646]	:	Key	71	DOWN	at	278137  
281425	[3288]	:	Key	71	UP	at	278299  
283748	[2323]	:	Key	71	DOWN	at	283747  
287035	[3287]	:	Key	71	UP	at	283921  
288691	[1656]	:	Key	71	DOWN	at	288689  
291980	[3289]	:	Key	71	UP	at	288843  
296290	[4310]	:	Key	71	DOWN	at	296289  
299576	[3286]	:	Key	71	UP	at	296451  
302891	[3315]	:	Key	71	DOWN	at	302890  
306766	[3875]	:	Key	71	UP	at	303058  
306767	[1]	:	Key	71	DOWN	at	305681  
306767	[0]	:	Key	71	UP	at	305819  
307836	[1069]	:	Key	71	DOWN	at	307835  
308865	[1029]	:	Key	71	UP	at	308010  
308932	[67]	:	Key	97	DOWN	at	308931  
310014	[1082]	:	Key	97	UP	at	309113  
311355	[1341]	:	Key	97	DOWN	at	311355  
312431	[1076]	:	Key	97	UP	at	311530  
313595	[1164]	:	Key	97	DOWN	at	313594  
314671	[1076]	:	Key	97	UP	at	313761  
315827	[1156]	:	Key	97	DOWN	at	315826  
316903	[1076]	:	Key	97	UP	at	315954  
318379	[1476]	:	Key	97	DOWN	at	318378  
319453	[1074]	:	Key	97	UP	at	318481  
320490	[1037]	:	Key	97	DOWN	at	320490  
321568	[1078]	:	Key	97	UP	at	320619  
323404	[1836]	:	Key	97	DOWN	at	323403  
324493	[1089]	:	Key	97	UP	at	323538  
325858	[1365]	:	Key	97	DOWN	at	325857  
327479	[1621]	:	Key	97	UP	at	325953  
328483	[1004]	:	Key	71	DOWN	at	328482  
329507	[1024]	:	Key	71	UP	at	328705  
334236	[4729]	:	Key	98	DOWN	at	334235  
335309	[1073]	:	Key	98	UP	at	334426  
336954	[1645]	:	Key	98	DOWN	at	336954  
338028	[1074]	:	Key	98	UP	at	337139  
338787	[759]	:	Key	98	DOWN	at	338787  
339875	[1088]	:	Key	98	UP	at	338954  
342420	[2545]	:	Key	97	DOWN	at	342419  
343497	[1077]	:	Key	97	UP	at	342499  
345611	[2114]	:	Key	98	DOWN	at	345611  
346688	[1077]	:	Key	98	UP	at	345754  
350098	[3410]	:	Key	97	DOWN	at	350098  
351176	[1078]	:	Key	97	UP	at	350258  
352850	[1674]	:	Key	97	DOWN	at	352850  
353923	[1073]	:	Key	97	UP	at	352993  
356811	[2888]	:	Key	97	DOWN	at	356811  
357946	[1135]	:	Key	97	UP	at	356938  
359755	[1809]	:	Key	71	DOWN	at	359754  
360045	[290]	:	Key	71	UP	at	359922  
361732	[1687]	:	Key	71	DOWN	at	361731  
361962	[230]	:	Key	71	UP	at	361962  
368834	[6872]	:	Key	71	DOWN	at	368834  
372121	[3287]	:	Key	71	UP	at	368955  
373820	[1699]	:	Key	71	DOWN	at	373819  
377104	[3284]	:	Key	71	UP	at	373971  
378417	[1313]	:	Key	71	DOWN	at	378417  
381703	[3286]	:	Key	71	UP	at	378578  
382514	[811]	:	Key	71	DOWN	at	382513  
385801	[3287]	:	Key	71	UP	at	382658  
386610	[809]	:	Key	71	DOWN	at	386610  
389899	[3289]	:	Key	71	UP	at	386746  
390363	[464]	:	Key	71	DOWN	at	390363  
393659	[3296]	:	Key	71	UP	at	390514  
394572	[913]	:	Key	71	DOWN	at	394571  
397859	[3287]	:	Key	71	UP	at	394698  
398578	[719]	:	Key	71	DOWN	at	398578  
401867	[3289]	:	Key	71	UP	at	398705  
406114	[4247]	:	Key	71	DOWN	at	406114  
409402	[3288]	:	Key	71	UP	at	406282  
411690	[2288]	:	Key	71	DOWN	at	411689  
414979	[3289]	:	Key	71	UP	at	411803  
415690	[711]	:	Key	71	DOWN	at	415690  
418979	[3289]	:	Key	71	UP	at	415810  
419754	[775]	:	Key	71	DOWN	at	419753  
423043	[3289]	:	Key	71	UP	at	419930  
424388	[1345]	:	Key	71	DOWN	at	424387  
427677	[3289]	:	Key	71	UP	at	424514  
428348	[671]	:	Key	71	DOWN	at	428347  
431632	[3284]	:	Key	71	UP	at	428490  
432218	[586]	:	Key	71	DOWN	at	432218  
435508	[3290]	:	Key	71	UP	at	432377  
438355	[2847]	:	Key	71	DOWN	at	438354  
442204	[3849]	:	Key	71	UP	at	438529  
443155	[951]	:	Key	71	DOWN	at	443154  
444178	[1023]	:	Key	71	UP	at	443290  
445843	[1665]	:	Key	97	DOWN	at	445843  
446921	[1078]	:	Key	97	UP	at	446003  
447858	[937]	:	Key	98	DOWN	at	447857  
448932	[1074]	:	Key	98	UP	at	448003  
450634	[1702]	:	Key	97	DOWN	at	450634  
451707	[1073]	:	Key	97	UP	at	450890  
452858	[1151]	:	Key	97	DOWN	at	452858  
453932	[1074]	:	Key	97	UP	at	452954  
455379	[1447]	:	Key	97	DOWN	at	455378  
456455	[1076]	:	Key	97	UP	at	455522  
457666	[1211]	:	Key	97	DOWN	at	457665  
458742	[1076]	:	Key	97	UP	at	457811  
459651	[909]	:	Key	97	DOWN	at	459649  
460726	[1075]	:	Key	97	UP	at	459753  
461691	[965]	:	Key	98	DOWN	at	461690  
463306	[1615]	:	Key	98	UP	at	461835  
465404	[2098]	:	Key	71	DOWN	at	465403  
466428	[1024]	:	Key	71	UP	at	465521  
467531	[1103]	:	Key	98	DOWN	at	467530  
468607	[1076]	:	Key	98	UP	at	467706  
470036	[1429]	:	Key	97	DOWN	at	470035  
471113	[1077]	:	Key	97	UP	at	470123  
473035	[1922]	:	Key	97	DOWN	at	473035  
474111	[1076]	:	Key	97	UP	at	473131  
475660	[1549]	:	Key	97	DOWN	at	475659  
476733	[1073]	:	Key	97	UP	at	475770  
477994	[1261]	:	Key	97	DOWN	at	477994  
479068	[1074]	:	Key	97	UP	at	478090  
480194	[1126]	:	Key	97	DOWN	at	480194  
481269	[1075]	:	Key	97	UP	at	480250  
482601	[1332]	:	Key	97	DOWN	at	482601  
483676	[1075]	:	Key	97	UP	at	482698  
484955	[1279]	:	Key	97	DOWN	at	484954  
486077	[1122]	:	Key	97	UP	at	485050  
487586	[1509]	:	Key	71	DOWN	at	487586  
487869	[283]	:	Key	71	UP	at	487810  
489468	[1599]	:	Key	71	DOWN	at	489467  
489667	[199]	:	Key	71	UP	at	489666  
490097	[430]	:	Key	97	DOWN	at	490097  
490234	[137]	:	Key	97	UP	at	490234  
492195	[1961]	:	Key	97	DOWN	at	492195  
492338	[143]	:	Key	97	UP	at	492337  
493316	[978]	:	Key	97	DOWN	at	493315  
493475	[159]	:	Key	97	UP	at	493475  
494124	[649]	:	Key	97	DOWN	at	494123  
494267	[143]	:	Key	97	UP	at	494266  
495660	[1393]	:	Key	97	DOWN	at	495659  
495788	[128]	:	Key	97	UP	at	495787  
496435	[647]	:	Key	97	DOWN	at	496435  
496619	[184]	:	Key	97	UP	at	496619  
497299	[680]	:	Key	97	DOWN	at	497299  
497468	[169]	:	Key	97	UP	at	497467  
497883	[415]	:	Key	97	DOWN	at	497882  
498012	[129]	:	Key	97	UP	at	498011  
499308	[1296]	:	Key	97	DOWN	at	499307  
499427	[119]	:	Key	97	UP	at	499427  
501617	[2190]	:	Key	97	DOWN	at	501617  
501748	[131]	:	Key	97	UP	at	501747  
502636	[888]	:	Key	97	DOWN	at	502635  
502811	[175]	:	Key	97	UP	at	502810  
503292	[481]	:	Key	97	DOWN	at	503291  
503467	[175]	:	Key	97	UP	at	503466  
504011	[544]	:	Key	97	DOWN	at	504010  
504178	[167]	:	Key	97	UP	at	504178  
504803	[625]	:	Key	97	DOWN	at	504802  
504930	[127]	:	Key	97	UP	at	504930  
505938	[1008]	:	Key	97	DOWN	at	505938  
506051	[113]	:	Key	97	UP	at	506050  
507707	[1656]	:	Key	97	DOWN	at	507706  
507852	[145]	:	Key	97	UP	at	507851  
513907	[6055]	:	Key	97	DOWN	at	513905  
514058	[151]	:	Key	97	UP	at	514057  
521539	[7481]	:	Key	97	DOWN	at	521539  
521659	[120]	:	Key	97	UP	at	521658  
526626	[4967]	:	Key	97	DOWN	at	526626  
526786	[160]	:	Key	97	UP	at	526785  
527996	[1210]	:	Key	97	DOWN	at	527995  
528995	[999]	:	Key	97	UP	at	528139  
530092	[1097]	:	Key	71	DOWN	at	530091  
530378	[286]	:	Key	71	UP	at	530234  
531114	[736]	:	Key	71	DOWN	at	531114  
618594	[87480]	:	Key	71	DOWN	at	618594  
618779	[185]	:	Key	71	UP	at	618779  
619194	[415]	:	Key	71	DOWN	at	619194  
1193330	[574136]	:	Key	59	DOWN	at	1193330 
1193459	[129]	:	Key	59	UP	at	1193458 
1427116	[233657]	:	Key	97	DOWN	at	1427115 
1428115	[999]	:	Key	97	UP	at	1427259 
1433100	[4985]	:	Key	71	DOWN	at	1433099 
2235044	[801944]	:	Key	97	DOWN	at	2235043 
2236043	[999]	:	Key	97	UP	at	2235155 
2236108	[65]	:	Key	97	DOWN	at	2236108 
2236268	[160]	:	Key	97	UP	at	2236268 
2236932	[664]	:	Key	71	DOWN	at	2236932 
2990020	[753088]	:	Key	97	DOWN	at	2990020 
2991021	[1001]	:	Key	97	UP	at	2990180 
2991916	[895]	:	Key	71	DOWN	at	2991916 
3871117	[879201]	:	Key	97	DOWN	at	3871116 
3872116	[999]	:	Key	97	UP	at	3871221 
3998877	[126761]	:	Key	71	DOWN	at	3998877 
5269591	[1270714]	:	Key	71	DOWN	at	5269590 
5269632	[41]	:	COGENT STOP
