Cog2000 log file Tue May 25 11:33:31 2021
gprim v1.33 Compiled:Aug 12 2015 (GLib DirectDraw v7 DX12.0 Compiled:Aug 12 2015)
Display:1024x768x32 60.02Hz
Attaching C:\Users\CL1\Desktop\SaharRajabi\Final MBMF+Drug Task\Final MBMF+Drug Task\Cogent2000v1.33\Toolbox\CogInput.mexw64
CogInput v1.05 Compiled: May 20 2010
3	[3]	:	COGENT START
30549	[30546]	:	Key	97	DOWN	at	30546   
30724	[175]	:	Key	97	UP	at	30722   
41410	[10686]	:	Key	97	DOWN	at	41410   
41547	[137]	:	Key	97	UP	at	41547   
70650	[29103]	:	Key	97	DOWN	at	70650   
71651	[1001]	:	Key	97	UP	at	70802   
86739	[15088]	:	Key	71	DOWN	at	86739   
86939	[200]	:	Key	71	UP	at	86938   
87681	[742]	:	Key	71	DOWN	at	87681   
90987	[3306]	:	Key	71	UP	at	87882   
91722	[735]	:	Key	71	DOWN	at	91722   
95005	[3283]	:	Key	71	UP	at	91898   
99563	[4558]	:	Key	71	DOWN	at	99562   
102851	[3288]	:	Key	71	UP	at	99730   
104034	[1183]	:	Key	71	DOWN	at	104033  
107323	[3289]	:	Key	71	UP	at	104202  
108346	[1023]	:	Key	71	DOWN	at	108346  
111632	[3286]	:	Key	71	UP	at	108521  
114914	[3282]	:	Key	71	DOWN	at	114914  
118204	[3290]	:	Key	71	UP	at	115065  
131900	[13696]	:	Key	71	DOWN	at	131899  
135189	[3289]	:	Key	71	UP	at	131970  
135667	[478]	:	Key	71	DOWN	at	135667  
138964	[3297]	:	Key	71	UP	at	135801  
139498	[534]	:	Key	71	DOWN	at	139498  
142784	[3286]	:	Key	71	UP	at	139595  
143531	[747]	:	Key	71	DOWN	at	143530  
146816	[3285]	:	Key	71	UP	at	143633  
147882	[1066]	:	Key	71	DOWN	at	147882  
151170	[3288]	:	Key	71	UP	at	148066  
151970	[800]	:	Key	71	DOWN	at	151970  
155261	[3291]	:	Key	71	UP	at	152145  
155596	[335]	:	Key	71	DOWN	at	155595  
158890	[3294]	:	Key	71	UP	at	155705  
159379	[489]	:	Key	71	DOWN	at	159378  
162669	[3290]	:	Key	71	UP	at	159499  
162826	[157]	:	Key	71	DOWN	at	162826  
166116	[3290]	:	Key	71	UP	at	162922  
166547	[431]	:	Key	71	DOWN	at	166546  
169843	[3296]	:	Key	71	UP	at	166658  
170362	[519]	:	Key	71	DOWN	at	170362  
173651	[3289]	:	Key	71	UP	at	170474  
174100	[449]	:	Key	71	DOWN	at	174099  
177389	[3289]	:	Key	71	UP	at	174194  
177674	[285]	:	Key	71	DOWN	at	177674  
180965	[3291]	:	Key	71	UP	at	177779  
181572	[607]	:	Key	71	DOWN	at	181571  
184860	[3288]	:	Key	71	UP	at	181682  
185186	[326]	:	Key	71	DOWN	at	185186  
188486	[3300]	:	Key	71	UP	at	185290  
188747	[261]	:	Key	71	DOWN	at	188747  
192037	[3290]	:	Key	71	UP	at	188873  
192347	[310]	:	Key	71	DOWN	at	192346  
195636	[3289]	:	Key	71	UP	at	192466  
195922	[286]	:	Key	71	DOWN	at	195922  
199210	[3288]	:	Key	71	UP	at	196058  
199996	[786]	:	Key	71	DOWN	at	199995  
203288	[3292]	:	Key	71	UP	at	200114  
204027	[739]	:	Key	71	DOWN	at	204026  
207315	[3288]	:	Key	71	UP	at	204131  
207819	[504]	:	Key	71	DOWN	at	207818  
211109	[3290]	:	Key	71	UP	at	207915  
211306	[197]	:	Key	71	DOWN	at	211306  
214594	[3288]	:	Key	71	UP	at	211435  
215075	[481]	:	Key	71	DOWN	at	215075  
218361	[3286]	:	Key	71	UP	at	215178  
218666	[305]	:	Key	71	DOWN	at	218666  
221956	[3290]	:	Key	71	UP	at	218755  
222115	[159]	:	Key	71	DOWN	at	222115  
225401	[3286]	:	Key	71	UP	at	222258  
226379	[978]	:	Key	71	DOWN	at	226379  
229664	[3285]	:	Key	71	UP	at	226506  
229882	[218]	:	Key	71	DOWN	at	229882  
233172	[3290]	:	Key	71	UP	at	230011  
233619	[447]	:	Key	71	DOWN	at	233618  
236916	[3297]	:	Key	71	UP	at	233715  
237531	[615]	:	Key	71	DOWN	at	237530  
240820	[3289]	:	Key	71	UP	at	237675  
240822	[2]	:	Key	71	DOWN	at	240658  
240823	[1]	:	Key	71	UP	at	240746  
241484	[661]	:	Key	71	DOWN	at	241483  
244773	[3289]	:	Key	71	UP	at	241626  
245324	[551]	:	Key	71	DOWN	at	245323  
248613	[3289]	:	Key	71	UP	at	245442  
248715	[102]	:	Key	71	DOWN	at	248714  
252009	[3294]	:	Key	71	UP	at	248817  
252075	[66]	:	Key	71	DOWN	at	252074  
255361	[3286]	:	Key	71	UP	at	252202  
255570	[209]	:	Key	71	DOWN	at	255570  
258862	[3292]	:	Key	71	UP	at	255722  
259050	[188]	:	Key	71	DOWN	at	259048  
262339	[3289]	:	Key	71	UP	at	259185  
262794	[455]	:	Key	71	DOWN	at	262794  
266085	[3291]	:	Key	71	UP	at	262921  
266337	[252]	:	Key	71	DOWN	at	266337  
269627	[3290]	:	Key	71	UP	at	266467  
270412	[785]	:	Key	71	DOWN	at	270411  
273704	[3292]	:	Key	71	UP	at	270522  
274114	[410]	:	Key	71	DOWN	at	274114  
277401	[3287]	:	Key	71	UP	at	274259  
277692	[291]	:	Key	71	DOWN	at	277691  
280981	[3289]	:	Key	71	UP	at	277795  
281379	[398]	:	Key	71	DOWN	at	281378  
284669	[3290]	:	Key	71	UP	at	281507  
285267	[598]	:	Key	71	DOWN	at	285266  
289138	[3871]	:	Key	71	UP	at	285417  
289139	[1]	:	Key	71	DOWN	at	288914  
289139	[0]	:	Key	71	UP	at	289033  
314842	[25703]	:	Key	71	DOWN	at	314842  
315873	[1031]	:	Key	71	UP	at	315002  
317547	[1674]	:	Key	97	DOWN	at	317546  
318632	[1085]	:	Key	97	UP	at	317715  
320595	[1963]	:	Key	98	DOWN	at	320594  
321681	[1086]	:	Key	98	UP	at	320787  
323564	[1883]	:	Key	97	DOWN	at	323563  
324643	[1079]	:	Key	97	UP	at	323690  
326395	[1752]	:	Key	98	DOWN	at	326395  
327473	[1078]	:	Key	98	UP	at	326546  
329227	[1754]	:	Key	98	DOWN	at	329226  
330305	[1078]	:	Key	98	UP	at	329402  
331884	[1579]	:	Key	97	DOWN	at	331883  
332964	[1080]	:	Key	97	UP	at	332018  
334676	[1712]	:	Key	97	DOWN	at	334675  
335770	[1094]	:	Key	97	UP	at	334787  
337731	[1961]	:	Key	98	DOWN	at	337730  
339362	[1631]	:	Key	98	UP	at	337858  
349836	[10474]	:	Key	71	DOWN	at	349835  
350863	[1027]	:	Key	71	UP	at	349979  
352716	[1853]	:	Key	97	DOWN	at	352715  
353792	[1076]	:	Key	97	UP	at	352794  
355508	[1716]	:	Key	97	DOWN	at	355508  
356584	[1076]	:	Key	97	UP	at	355627  
358445	[1861]	:	Key	98	DOWN	at	358444  
359524	[1079]	:	Key	98	UP	at	358571  
361275	[1751]	:	Key	98	DOWN	at	361274  
362354	[1079]	:	Key	98	UP	at	361409  
364811	[2457]	:	Key	98	DOWN	at	364811  
365890	[1079]	:	Key	98	UP	at	364938  
368323	[2433]	:	Key	98	DOWN	at	368323  
369400	[1077]	:	Key	98	UP	at	368403  
370435	[1035]	:	Key	97	DOWN	at	370435  
371517	[1082]	:	Key	97	UP	at	370563  
373059	[1542]	:	Key	97	DOWN	at	373059  
374188	[1129]	:	Key	97	UP	at	373163  
385987	[11799]	:	Key	71	DOWN	at	385987  
386281	[294]	:	Key	71	UP	at	386202  
389146	[2865]	:	Key	71	DOWN	at	389146  
389340	[194]	:	Key	71	UP	at	389339  
390345	[1005]	:	Key	71	DOWN	at	390345  
393637	[3292]	:	Key	71	UP	at	390538  
393639	[2]	:	Key	71	DOWN	at	391643  
393640	[1]	:	Key	71	UP	at	391763  
394251	[611]	:	Key	71	DOWN	at	394251  
397540	[3289]	:	Key	71	UP	at	394442  
398146	[606]	:	Key	71	DOWN	at	398146  
401431	[3285]	:	Key	71	UP	at	398267  
402212	[781]	:	Key	71	DOWN	at	402211  
405500	[3288]	:	Key	71	UP	at	402305  
405804	[304]	:	Key	71	DOWN	at	405803  
409104	[3300]	:	Key	71	UP	at	405898  
409697	[593]	:	Key	71	DOWN	at	409697  
412986	[3289]	:	Key	71	UP	at	409842  
413700	[714]	:	Key	71	DOWN	at	413699  
416988	[3288]	:	Key	71	UP	at	413826  
417571	[583]	:	Key	71	DOWN	at	417571  
420859	[3288]	:	Key	71	UP	at	417698  
421771	[912]	:	Key	71	DOWN	at	421770  
425061	[3290]	:	Key	71	UP	at	421923  
425643	[582]	:	Key	71	DOWN	at	425643  
428931	[3288]	:	Key	71	UP	at	425778  
429346	[415]	:	Key	71	DOWN	at	429346  
432637	[3291]	:	Key	71	UP	at	429475  
433332	[695]	:	Key	71	DOWN	at	433331  
436621	[3289]	:	Key	71	UP	at	433515  
436623	[2]	:	Key	71	DOWN	at	436403  
436624	[1]	:	Key	71	UP	at	436562  
437274	[650]	:	Key	71	DOWN	at	437274  
440571	[3297]	:	Key	71	UP	at	437411  
441042	[471]	:	Key	71	DOWN	at	441042  
444333	[3291]	:	Key	71	UP	at	441186  
445051	[718]	:	Key	71	DOWN	at	445050  
448340	[3289]	:	Key	71	UP	at	445194  
449195	[855]	:	Key	71	DOWN	at	449194  
453045	[3850]	:	Key	71	UP	at	449347  
454666	[1621]	:	Key	71	DOWN	at	454665  
455690	[1024]	:	Key	71	UP	at	454843  
457988	[2298]	:	Key	97	DOWN	at	457987  
459067	[1079]	:	Key	97	UP	at	458146  
461876	[2809]	:	Key	97	DOWN	at	461876  
462955	[1079]	:	Key	97	UP	at	462027  
466970	[4015]	:	Key	98	DOWN	at	466970  
468048	[1078]	:	Key	98	UP	at	467108  
469859	[1811]	:	Key	98	DOWN	at	469858  
470947	[1088]	:	Key	98	UP	at	470035  
472202	[1255]	:	Key	97	DOWN	at	472202  
473291	[1089]	:	Key	97	UP	at	472338  
474931	[1640]	:	Key	98	DOWN	at	474931  
476009	[1078]	:	Key	98	UP	at	475067  
479420	[3411]	:	Key	98	DOWN	at	479419  
480498	[1078]	:	Key	98	UP	at	479578  
485084	[4586]	:	Key	98	DOWN	at	485083  
486700	[1616]	:	Key	98	UP	at	485226  
488060	[1360]	:	Key	71	DOWN	at	488059  
489084	[1024]	:	Key	71	UP	at	488210  
491427	[2343]	:	Key	98	DOWN	at	491427  
492516	[1089]	:	Key	98	UP	at	491555  
495195	[2679]	:	Key	98	DOWN	at	495195  
496283	[1088]	:	Key	98	UP	at	495346  
499394	[3111]	:	Key	97	DOWN	at	499394  
500471	[1077]	:	Key	97	UP	at	499538  
502108	[1637]	:	Key	97	DOWN	at	502107  
503182	[1074]	:	Key	97	UP	at	502226  
505010	[1828]	:	Key	98	DOWN	at	505010  
506089	[1079]	:	Key	98	UP	at	505164  
509403	[3314]	:	Key	97	DOWN	at	509403  
510482	[1079]	:	Key	97	UP	at	509506  
512379	[1897]	:	Key	98	DOWN	at	512378  
513458	[1079]	:	Key	98	UP	at	512530  
516820	[3362]	:	Key	97	DOWN	at	516818  
517948	[1128]	:	Key	97	UP	at	516946  
519898	[1950]	:	Key	71	DOWN	at	519898  
520184	[286]	:	Key	71	UP	at	520082  
521154	[970]	:	Key	71	DOWN	at	521154  
521347	[193]	:	Key	71	UP	at	521347  
522234	[887]	:	Key	71	DOWN	at	522234  
525518	[3284]	:	Key	71	UP	at	522443  
528651	[3133]	:	Key	71	DOWN	at	528650  
531942	[3291]	:	Key	71	UP	at	528786  
532569	[627]	:	Key	71	DOWN	at	532569  
535858	[3289]	:	Key	71	UP	at	532787  
536844	[986]	:	Key	71	DOWN	at	536843  
540133	[3289]	:	Key	71	UP	at	537018  
540883	[750]	:	Key	71	DOWN	at	540883  
544171	[3288]	:	Key	71	UP	at	541011  
544763	[592]	:	Key	71	DOWN	at	544762  
548051	[3288]	:	Key	71	UP	at	544898  
550468	[2417]	:	Key	71	DOWN	at	550467  
553754	[3286]	:	Key	71	UP	at	550635  
554283	[529]	:	Key	71	DOWN	at	554282  
558139	[3856]	:	Key	71	UP	at	554475  
558330	[191]	:	Key	71	DOWN	at	558330  
559355	[1025]	:	Key	71	UP	at	558475  
562060	[2705]	:	Key	97	DOWN	at	562060  
563138	[1078]	:	Key	97	UP	at	562235  
568466	[5328]	:	Key	97	DOWN	at	568466  
569547	[1081]	:	Key	97	UP	at	568602  
571692	[2145]	:	Key	97	DOWN	at	571692  
572779	[1087]	:	Key	97	UP	at	571819  
573715	[936]	:	Key	98	DOWN	at	573715  
574792	[1077]	:	Key	98	UP	at	573866  
576612	[1820]	:	Key	98	DOWN	at	576611  
577704	[1092]	:	Key	98	UP	at	576754  
580259	[2555]	:	Key	98	DOWN	at	580258  
581332	[1073]	:	Key	98	UP	at	580386  
585052	[3720]	:	Key	97	DOWN	at	585051  
586131	[1079]	:	Key	97	UP	at	585210  
588907	[2776]	:	Key	98	DOWN	at	588906  
590526	[1619]	:	Key	98	UP	at	589034  
594796	[4270]	:	Key	71	DOWN	at	594795  
595821	[1025]	:	Key	71	UP	at	594946  
597811	[1990]	:	Key	98	DOWN	at	597811  
598891	[1080]	:	Key	98	UP	at	597971  
600420	[1529]	:	Key	98	DOWN	at	600419  
601496	[1076]	:	Key	98	UP	at	600580  
605372	[3876]	:	Key	97	DOWN	at	605371  
606450	[1078]	:	Key	97	UP	at	605507  
609699	[3249]	:	Key	97	DOWN	at	609698  
610778	[1079]	:	Key	97	UP	at	609810  
613451	[2673]	:	Key	97	DOWN	at	613451  
614541	[1090]	:	Key	97	UP	at	613578  
618181	[3640]	:	Key	98	DOWN	at	618180  
619259	[1078]	:	Key	98	UP	at	618332  
621587	[2328]	:	Key	98	DOWN	at	621587  
622669	[1082]	:	Key	98	UP	at	621731  
625635	[2966]	:	Key	98	DOWN	at	625634  
626762	[1127]	:	Key	98	UP	at	625787  
627889	[1127]	:	Key	71	DOWN	at	627889  
628178	[289]	:	Key	71	UP	at	628042  
628716	[538]	:	Key	71	DOWN	at	628715  
628891	[175]	:	Key	71	UP	at	628891  
629940	[1049]	:	Key	71	DOWN	at	629939  
633229	[3289]	:	Key	71	UP	at	630115  
633963	[734]	:	Key	71	DOWN	at	633962  
637253	[3290]	:	Key	71	UP	at	634122  
638762	[1509]	:	Key	71	DOWN	at	638762  
642048	[3286]	:	Key	71	UP	at	638923  
642627	[579]	:	Key	71	DOWN	at	642627  
645917	[3290]	:	Key	71	UP	at	642771  
646851	[934]	:	Key	71	DOWN	at	646850  
650141	[3290]	:	Key	71	UP	at	646979  
650747	[606]	:	Key	71	DOWN	at	650747  
654038	[3291]	:	Key	71	UP	at	650899  
654803	[765]	:	Key	71	DOWN	at	654803  
658087	[3284]	:	Key	71	UP	at	654938  
659291	[1204]	:	Key	71	DOWN	at	659291  
663143	[3852]	:	Key	71	UP	at	659403  
673972	[10829]	:	Key	71	DOWN	at	673971  
674996	[1024]	:	Key	71	UP	at	674115  
677746	[2750]	:	Key	97	DOWN	at	677746  
678834	[1088]	:	Key	97	UP	at	677874  
683195	[4361]	:	Key	98	DOWN	at	683194  
684275	[1080]	:	Key	98	UP	at	683322  
686644	[2369]	:	Key	97	DOWN	at	686643  
687722	[1078]	:	Key	97	UP	at	686786  
689018	[1296]	:	Key	97	DOWN	at	689018  
690103	[1085]	:	Key	97	UP	at	689163  
695324	[5221]	:	Key	98	DOWN	at	695324  
696425	[1101]	:	Key	98	UP	at	695515  
700147	[3722]	:	Key	97	DOWN	at	700147  
701235	[1088]	:	Key	97	UP	at	700266  
702603	[1368]	:	Key	97	DOWN	at	702602  
703681	[1078]	:	Key	97	UP	at	702722  
708941	[5260]	:	Key	98	DOWN	at	708940  
710560	[1619]	:	Key	98	UP	at	709083  
717692	[7132]	:	Key	71	DOWN	at	717691  
718715	[1023]	:	Key	71	UP	at	717874  
722323	[3608]	:	Key	98	DOWN	at	722323  
723402	[1079]	:	Key	98	UP	at	722491  
726227	[2825]	:	Key	98	DOWN	at	726227  
727306	[1079]	:	Key	98	UP	at	726395  
729315	[2009]	:	Key	98	DOWN	at	729315  
730394	[1079]	:	Key	98	UP	at	729466  
734469	[4075]	:	Key	98	DOWN	at	734468  
735549	[1080]	:	Key	98	UP	at	734619  
736907	[1358]	:	Key	97	DOWN	at	736907  
737997	[1090]	:	Key	97	UP	at	737043  
741357	[3360]	:	Key	97	DOWN	at	741356  
742467	[1110]	:	Key	97	UP	at	741483  
746852	[4385]	:	Key	97	DOWN	at	746852  
747945	[1093]	:	Key	97	UP	at	746963  
751132	[3187]	:	Key	97	DOWN	at	751132  
752252	[1120]	:	Key	97	UP	at	751259  
769548	[17296]	:	Key	71	DOWN	at	769547  
769842	[294]	:	Key	71	UP	at	769706  
770387	[545]	:	Key	71	DOWN	at	770386  
770562	[175]	:	Key	71	UP	at	770562  
771226	[664]	:	Key	71	DOWN	at	771226  
774516	[3290]	:	Key	71	UP	at	771362  
774518	[2]	:	Key	71	DOWN	at	774179  
774519	[1]	:	Key	71	UP	at	774314  
775059	[540]	:	Key	71	DOWN	at	775058  
778358	[3299]	:	Key	71	UP	at	775194  
779682	[1324]	:	Key	71	DOWN	at	779682  
782971	[3289]	:	Key	71	UP	at	779778  
783515	[544]	:	Key	71	DOWN	at	783514  
786805	[3290]	:	Key	71	UP	at	783682  
787795	[990]	:	Key	71	DOWN	at	787794  
791083	[3288]	:	Key	71	UP	at	787962  
791612	[529]	:	Key	71	DOWN	at	791611  
794901	[3289]	:	Key	71	UP	at	791746  
795243	[342]	:	Key	71	DOWN	at	795243  
798532	[3289]	:	Key	71	UP	at	795386  
800603	[2071]	:	Key	71	DOWN	at	800603  
804456	[3853]	:	Key	71	UP	at	800706  
824554	[20098]	:	Key	71	DOWN	at	824554  
825579	[1025]	:	Key	71	UP	at	824707  
828507	[2928]	:	Key	97	DOWN	at	828507  
829613	[1106]	:	Key	97	UP	at	828643  
831739	[2126]	:	Key	97	DOWN	at	831739  
832831	[1092]	:	Key	97	UP	at	831907  
834205	[1374]	:	Key	97	DOWN	at	834204  
835285	[1080]	:	Key	97	UP	at	834347  
836612	[1327]	:	Key	97	DOWN	at	836611  
837691	[1079]	:	Key	97	UP	at	836723  
841228	[3537]	:	Key	97	DOWN	at	841228  
842316	[1088]	:	Key	97	UP	at	841363  
850996	[8680]	:	Key	97	DOWN	at	850995  
852084	[1088]	:	Key	97	UP	at	851146  
857195	[5111]	:	Key	98	DOWN	at	857195  
858280	[1085]	:	Key	98	UP	at	857354  
860683	[2403]	:	Key	97	DOWN	at	860683  
862310	[1627]	:	Key	97	UP	at	860810  
882490	[20180]	:	Key	71	DOWN	at	882490  
883529	[1039]	:	Key	71	UP	at	882651  
888523	[4994]	:	Key	97	DOWN	at	888523  
889601	[1078]	:	Key	97	UP	at	888650  
893140	[3539]	:	Key	97	DOWN	at	893140  
894229	[1089]	:	Key	97	UP	at	893259  
896772	[2543]	:	Key	98	DOWN	at	896771  
897862	[1090]	:	Key	98	UP	at	896916  
902013	[4151]	:	Key	97	DOWN	at	902012  
903092	[1079]	:	Key	97	UP	at	902140  
907179	[4087]	:	Key	98	DOWN	at	907179  
908269	[1090]	:	Key	98	UP	at	907346  
913444	[5175]	:	Key	97	DOWN	at	913443  
914517	[1073]	:	Key	97	UP	at	913618  
918163	[3646]	:	Key	98	DOWN	at	918163  
919244	[1081]	:	Key	98	UP	at	918315  
923371	[4127]	:	Key	97	DOWN	at	923371  
924492	[1121]	:	Key	97	UP	at	923515  
957250	[32758]	:	Key	71	DOWN	at	957250  
957544	[294]	:	Key	71	UP	at	957436  
961810	[4266]	:	Key	71	DOWN	at	961810  
961989	[179]	:	Key	71	UP	at	961988  
964659	[2670]	:	Key	71	DOWN	at	964659  
967946	[3287]	:	Key	71	UP	at	964802  
969852	[1906]	:	Key	71	DOWN	at	969851  
973143	[3291]	:	Key	71	UP	at	969994  
974812	[1669]	:	Key	71	DOWN	at	974811  
978100	[3288]	:	Key	71	UP	at	974907  
978972	[872]	:	Key	71	DOWN	at	978972  
982258	[3286]	:	Key	71	UP	at	979147  
983203	[945]	:	Key	71	DOWN	at	983202  
986493	[3290]	:	Key	71	UP	at	983355  
987500	[1007]	:	Key	71	DOWN	at	987499  
990792	[3292]	:	Key	71	UP	at	987643  
992059	[1267]	:	Key	71	DOWN	at	992058  
995349	[3290]	:	Key	71	UP	at	992211  
995899	[550]	:	Key	71	DOWN	at	995899  
999750	[3851]	:	Key	71	UP	at	996082  
1021412	[21662]	:	Key	71	DOWN	at	1021411 
1022436	[1024]	:	Key	71	UP	at	1021563 
1024901	[2465]	:	Key	97	DOWN	at	1024900 
1025979	[1078]	:	Key	97	UP	at	1025060 
1029068	[3089]	:	Key	98	DOWN	at	1029067 
1030145	[1077]	:	Key	98	UP	at	1029219 
1032108	[1963]	:	Key	97	DOWN	at	1032108 
1033196	[1088]	:	Key	97	UP	at	1032267 
1034613	[1417]	:	Key	97	DOWN	at	1034612 
1035704	[1091]	:	Key	97	UP	at	1034747 
1040212	[4508]	:	Key	97	DOWN	at	1040211 
1041304	[1092]	:	Key	97	UP	at	1040339 
1042835	[1531]	:	Key	97	DOWN	at	1042835 
1043915	[1080]	:	Key	97	UP	at	1042979 
1048316	[4401]	:	Key	97	DOWN	at	1048315 
1049393	[1077]	:	Key	97	UP	at	1048386 
1051613	[2220]	:	Key	98	DOWN	at	1051612 
1053242	[1629]	:	Key	98	UP	at	1051755 
1054435	[1193]	:	Key	71	DOWN	at	1054435 
1055459	[1024]	:	Key	71	UP	at	1054570 
1058908	[3449]	:	Key	97	DOWN	at	1058907 
1059999	[1091]	:	Key	97	UP	at	1059018 
1062253	[2254]	:	Key	97	DOWN	at	1062252 
1063332	[1079]	:	Key	97	UP	at	1062387 
1065205	[1873]	:	Key	98	DOWN	at	1065204 
1066285	[1080]	:	Key	98	UP	at	1065324 
1067628	[1343]	:	Key	98	DOWN	at	1067628 
1068716	[1088]	:	Key	98	UP	at	1067747 
1070219	[1503]	:	Key	97	DOWN	at	1070219 
1071309	[1090]	:	Key	97	UP	at	1070347 
1073405	[2096]	:	Key	97	DOWN	at	1073404 
1074492	[1087]	:	Key	97	UP	at	1073507 
1076356	[1864]	:	Key	98	DOWN	at	1076356 
1077445	[1089]	:	Key	98	UP	at	1076460 
1081940	[4495]	:	Key	97	DOWN	at	1081939 
1083056	[1116]	:	Key	97	UP	at	1082067 
1084291	[1235]	:	Key	71	DOWN	at	1084291 
1084582	[291]	:	Key	71	UP	at	1084435 
1085115	[533]	:	Key	71	DOWN	at	1085114 
1085292	[177]	:	Key	71	UP	at	1085291 
1086116	[824]	:	Key	71	DOWN	at	1086115 
1089413	[3297]	:	Key	71	UP	at	1086306 
1090003	[590]	:	Key	71	DOWN	at	1090002 
1093294	[3291]	:	Key	71	UP	at	1090179 
1094203	[909]	:	Key	71	DOWN	at	1094203 
1097495	[3292]	:	Key	71	UP	at	1094355 
1097844	[349]	:	Key	71	DOWN	at	1097844 
1101132	[3288]	:	Key	71	UP	at	1098019 
1101716	[584]	:	Key	71	DOWN	at	1101715 
1105004	[3288]	:	Key	71	UP	at	1101811 
1105237	[233]	:	Key	71	DOWN	at	1105236 
1108523	[3286]	:	Key	71	UP	at	1105386 
1109068	[545]	:	Key	71	DOWN	at	1109067 
1112357	[3289]	:	Key	71	UP	at	1109115 
1112635	[278]	:	Key	71	DOWN	at	1112635 
1116498	[3863]	:	Key	71	UP	at	1112786 
1117826	[1328]	:	Key	71	DOWN	at	1117826 
1118850	[1024]	:	Key	71	UP	at	1117971 
1120220	[1370]	:	Key	97	DOWN	at	1120219 
1121308	[1088]	:	Key	97	UP	at	1120372 
1122532	[1224]	:	Key	97	DOWN	at	1122531 
1123610	[1078]	:	Key	97	UP	at	1122676 
1125987	[2377]	:	Key	98	DOWN	at	1125987 
1127065	[1078]	:	Key	98	UP	at	1126114 
1128484	[1419]	:	Key	97	DOWN	at	1128483 
1129568	[1084]	:	Key	97	UP	at	1128611 
1130748	[1180]	:	Key	97	DOWN	at	1130747 
1131827	[1079]	:	Key	97	UP	at	1130867 
1133092	[1265]	:	Key	97	DOWN	at	1133092 
1134169	[1077]	:	Key	97	UP	at	1133211 
1136285	[2116]	:	Key	97	DOWN	at	1136284 
1137363	[1078]	:	Key	97	UP	at	1136411 
1138396	[1033]	:	Key	98	DOWN	at	1138395 
1140026	[1630]	:	Key	98	UP	at	1138531 
1141157	[1131]	:	Key	71	DOWN	at	1141156 
1142181	[1024]	:	Key	71	UP	at	1141283 
1143732	[1551]	:	Key	97	DOWN	at	1143732 
1144810	[1078]	:	Key	97	UP	at	1143827 
1148085	[3275]	:	Key	98	DOWN	at	1148084 
1149163	[1078]	:	Key	98	UP	at	1148195 
1150267	[1104]	:	Key	98	DOWN	at	1150267 
1151355	[1088]	:	Key	98	UP	at	1150395 
1152452	[1097]	:	Key	97	DOWN	at	1152451 
1153542	[1090]	:	Key	97	UP	at	1152563 
1154811	[1269]	:	Key	97	DOWN	at	1154811 
1155890	[1079]	:	Key	97	UP	at	1154916 
1158260	[2370]	:	Key	98	DOWN	at	1158260 
1159335	[1075]	:	Key	98	UP	at	1158411 
1160771	[1436]	:	Key	97	DOWN	at	1160770 
1161849	[1078]	:	Key	97	UP	at	1160876 
1163171	[1322]	:	Key	97	DOWN	at	1163171 
1164299	[1128]	:	Key	97	UP	at	1163275 
1170924	[6625]	:	Key	71	DOWN	at	1170923 
1171214	[290]	:	Key	71	UP	at	1171083 
1171796	[582]	:	Key	71	DOWN	at	1171796 
1171916	[120]	:	Key	71	UP	at	1171915 
1173971	[2055]	:	Key	71	DOWN	at	1173970 
1177257	[3286]	:	Key	71	UP	at	1174107 
1177589	[332]	:	Key	71	DOWN	at	1177588 
1180875	[3286]	:	Key	71	UP	at	1177723 
1181475	[600]	:	Key	71	DOWN	at	1181475 
1184766	[3291]	:	Key	71	UP	at	1181531 
1185210	[444]	:	Key	71	DOWN	at	1185210 
1188503	[3293]	:	Key	71	UP	at	1185348 
1188579	[76]	:	Key	71	DOWN	at	1188578 
1191863	[3284]	:	Key	71	UP	at	1188666 
1192603	[740]	:	Key	71	DOWN	at	1192603 
1195890	[3287]	:	Key	71	UP	at	1192724 
1196682	[792]	:	Key	71	DOWN	at	1196682 
1199974	[3292]	:	Key	71	UP	at	1196828 
1200596	[622]	:	Key	71	DOWN	at	1200595 
1204447	[3851]	:	Key	71	UP	at	1200700 
1204447	[0]	:	Key	71	DOWN	at	1204244 
1204447	[0]	:	Key	71	UP	at	1204363 
1205252	[805]	:	Key	71	DOWN	at	1205252 
1206277	[1025]	:	Key	71	UP	at	1205356 
1207404	[1127]	:	Key	97	DOWN	at	1207404 
1208483	[1079]	:	Key	97	UP	at	1207556 
1209340	[857]	:	Key	97	DOWN	at	1209340 
1210435	[1095]	:	Key	97	UP	at	1209468 
1212019	[1584]	:	Key	98	DOWN	at	1212019 
1213097	[1078]	:	Key	98	UP	at	1212139 
1214341	[1244]	:	Key	98	DOWN	at	1214340 
1215418	[1077]	:	Key	98	UP	at	1214483 
1216979	[1561]	:	Key	97	DOWN	at	1216979 
1218056	[1077]	:	Key	97	UP	at	1217074 
1219891	[1835]	:	Key	97	DOWN	at	1219891 
1220981	[1090]	:	Key	97	UP	at	1219970 
1222411	[1430]	:	Key	97	DOWN	at	1222411 
1223489	[1078]	:	Key	97	UP	at	1222524 
1224348	[859]	:	Key	97	DOWN	at	1224347 
1225980	[1632]	:	Key	97	UP	at	1224443 
1227004	[1024]	:	Key	71	DOWN	at	1227004 
1228028	[1024]	:	Key	71	UP	at	1227123 
1230637	[2609]	:	Key	98	DOWN	at	1230636 
1231735	[1098]	:	Key	98	UP	at	1230700 
1232845	[1110]	:	Key	97	DOWN	at	1232844 
1233924	[1079]	:	Key	97	UP	at	1232948 
1235389	[1465]	:	Key	97	DOWN	at	1235388 
1236468	[1079]	:	Key	97	UP	at	1235515 
1240796	[4328]	:	Key	98	DOWN	at	1240796 
1241886	[1090]	:	Key	98	UP	at	1240932 
1244284	[2398]	:	Key	98	DOWN	at	1244284 
1245376	[1092]	:	Key	98	UP	at	1244396 
1247572	[2196]	:	Key	98	DOWN	at	1247572 
1248667	[1095]	:	Key	98	UP	at	1247707 
1249940	[1273]	:	Key	97	DOWN	at	1249939 
1251019	[1079]	:	Key	97	UP	at	1250074 
1252220	[1201]	:	Key	98	DOWN	at	1252220 
1253337	[1117]	:	Key	98	UP	at	1252339 
1256083	[2746]	:	Key	71	DOWN	at	1256082 
1256372	[289]	:	Key	71	UP	at	1256195 
1256771	[399]	:	Key	71	DOWN	at	1256770 
1256916	[145]	:	Key	71	UP	at	1256915 
1257914	[998]	:	Key	71	DOWN	at	1257914 
1261210	[3296]	:	Key	71	UP	at	1258066 
1261747	[537]	:	Key	71	DOWN	at	1261747 
1265037	[3290]	:	Key	71	UP	at	1261867 
1265693	[656]	:	Key	71	DOWN	at	1265692 
1268990	[3297]	:	Key	71	UP	at	1265828 
1269668	[678]	:	Key	71	DOWN	at	1269667 
1272956	[3288]	:	Key	71	UP	at	1269787 
1273341	[385]	:	Key	71	DOWN	at	1273340 
1276632	[3291]	:	Key	71	UP	at	1273467 
1277533	[901]	:	Key	71	DOWN	at	1277532 
1280822	[3289]	:	Key	71	UP	at	1277666 
1281587	[765]	:	Key	71	DOWN	at	1281587 
1284876	[3289]	:	Key	71	UP	at	1281723 
1284878	[2]	:	Key	71	DOWN	at	1282908 
1284879	[1]	:	Key	71	UP	at	1283130 
1285668	[789]	:	Key	71	DOWN	at	1285668 
1289521	[3853]	:	Key	71	UP	at	1285748 
1295186	[5665]	:	Key	71	DOWN	at	1295186 
1296210	[1024]	:	Key	71	UP	at	1295291 
1297492	[1282]	:	Key	97	DOWN	at	1297492 
1298569	[1077]	:	Key	97	UP	at	1297610 
1300180	[1611]	:	Key	97	DOWN	at	1300179 
1301270	[1090]	:	Key	97	UP	at	1300275 
1304700	[3430]	:	Key	97	DOWN	at	1304699 
1305778	[1078]	:	Key	97	UP	at	1304787 
1306683	[905]	:	Key	97	DOWN	at	1306683 
1307762	[1079]	:	Key	97	UP	at	1306787 
1309107	[1345]	:	Key	97	DOWN	at	1309107 
1310186	[1079]	:	Key	97	UP	at	1309212 
1311485	[1299]	:	Key	97	DOWN	at	1311484 
1312561	[1076]	:	Key	97	UP	at	1311587 
1314715	[2154]	:	Key	98	DOWN	at	1314715 
1315811	[1096]	:	Key	98	UP	at	1314859 
1317100	[1289]	:	Key	97	DOWN	at	1317099 
1318729	[1629]	:	Key	97	UP	at	1317195 
1319660	[931]	:	Key	71	DOWN	at	1319659 
1320683	[1023]	:	Key	71	UP	at	1319755 
1321972	[1289]	:	Key	98	DOWN	at	1321972 
1323052	[1080]	:	Key	98	UP	at	1322091 
1324740	[1688]	:	Key	98	DOWN	at	1324739 
1325818	[1078]	:	Key	98	UP	at	1324858 
1326987	[1169]	:	Key	98	DOWN	at	1326987 
1328074	[1087]	:	Key	98	UP	at	1327131 
1330252	[2178]	:	Key	97	DOWN	at	1330252 
1331331	[1079]	:	Key	97	UP	at	1330340 
1332668	[1337]	:	Key	98	DOWN	at	1332667 
1333776	[1108]	:	Key	98	UP	at	1332770 
1335020	[1244]	:	Key	97	DOWN	at	1335019 
1336096	[1076]	:	Key	97	UP	at	1335139 
1338021	[1925]	:	Key	97	DOWN	at	1338020 
1339098	[1077]	:	Key	97	UP	at	1338131 
1340869	[1771]	:	Key	98	DOWN	at	1340868 
1341987	[1118]	:	Key	98	UP	at	1341004 
1343677	[1690]	:	Key	71	DOWN	at	1343676 
1343965	[288]	:	Key	71	UP	at	1343812 
1344516	[551]	:	Key	71	DOWN	at	1344515 
1344706	[190]	:	Key	71	UP	at	1344706 
1345317	[611]	:	Key	71	DOWN	at	1345316 
1348612	[3295]	:	Key	71	UP	at	1345467 
1348948	[336]	:	Key	71	DOWN	at	1348946 
1352236	[3288]	:	Key	71	UP	at	1349050 
1353333	[1097]	:	Key	71	DOWN	at	1353332 
1356620	[3287]	:	Key	71	UP	at	1353483 
1358420	[1800]	:	Key	71	DOWN	at	1358419 
1361712	[3292]	:	Key	71	UP	at	1358515 
1362164	[452]	:	Key	71	DOWN	at	1362163 
1365455	[3291]	:	Key	71	UP	at	1362330 
1365717	[262]	:	Key	71	DOWN	at	1365716 
1369005	[3288]	:	Key	71	UP	at	1365794 
1369620	[615]	:	Key	71	DOWN	at	1369620 
1372908	[3288]	:	Key	71	UP	at	1369803 
1373523	[615]	:	Key	71	DOWN	at	1373523 
1377372	[3849]	:	Key	71	UP	at	1373667 
1378722	[1350]	:	Key	71	DOWN	at	1378722 
1379747	[1025]	:	Key	71	UP	at	1378834 
1381115	[1368]	:	Key	97	DOWN	at	1381115 
1382206	[1091]	:	Key	97	UP	at	1381227 
1383876	[1670]	:	Key	97	DOWN	at	1383875 
1384966	[1090]	:	Key	97	UP	at	1384003 
1386149	[1183]	:	Key	97	DOWN	at	1386149 
1387227	[1078]	:	Key	97	UP	at	1386276 
1388180	[953]	:	Key	97	DOWN	at	1388179 
1389269	[1089]	:	Key	97	UP	at	1388283 
1390243	[974]	:	Key	97	DOWN	at	1390243 
1391320	[1077]	:	Key	97	UP	at	1390355 
1392733	[1413]	:	Key	98	DOWN	at	1392732 
1393811	[1078]	:	Key	98	UP	at	1392860 
1394964	[1153]	:	Key	97	DOWN	at	1394963 
1396041	[1077]	:	Key	97	UP	at	1395090 
1397413	[1372]	:	Key	98	DOWN	at	1397412 
1399040	[1627]	:	Key	98	UP	at	1397548 
1399532	[492]	:	Key	71	DOWN	at	1399531 
1400557	[1025]	:	Key	71	UP	at	1399675 
1402412	[1855]	:	Key	98	DOWN	at	1402411 
1403503	[1091]	:	Key	98	UP	at	1402539 
1404636	[1133]	:	Key	98	DOWN	at	1404636 
1405729	[1093]	:	Key	98	UP	at	1404756 
1408003	[2274]	:	Key	97	DOWN	at	1408003 
1409080	[1077]	:	Key	97	UP	at	1408123 
1410381	[1301]	:	Key	97	DOWN	at	1410380 
1411464	[1083]	:	Key	97	UP	at	1410500 
1412877	[1413]	:	Key	97	DOWN	at	1412876 
1413956	[1079]	:	Key	97	UP	at	1412979 
1415260	[1304]	:	Key	97	DOWN	at	1415260 
1416340	[1080]	:	Key	97	UP	at	1415340 
1418068	[1728]	:	Key	98	DOWN	at	1418067 
1419158	[1090]	:	Key	98	UP	at	1418218 
1420117	[959]	:	Key	97	DOWN	at	1420116 
1421240	[1123]	:	Key	97	UP	at	1420276 
1423349	[2109]	:	Key	71	DOWN	at	1423348 
1423635	[286]	:	Key	71	UP	at	1423491 
1450132	[26497]	:	Key	97	DOWN	at	1450132 
1450260	[128]	:	Key	97	UP	at	1450259 
1457870	[7610]	:	Key	97	DOWN	at	1457869 
1458003	[133]	:	Key	97	UP	at	1458002 
1489021	[31018]	:	Key	97	DOWN	at	1489020 
1489180	[159]	:	Key	97	UP	at	1489180 
1499101	[9921]	:	Key	97	DOWN	at	1499100 
1499244	[143]	:	Key	97	UP	at	1499244 
1517451	[18207]	:	Key	97	DOWN	at	1517451 
1517604	[153]	:	Key	97	UP	at	1517603 
1540582	[22978]	:	Key	97	DOWN	at	1540581 
1540741	[159]	:	Key	97	UP	at	1540740 
1549460	[8719]	:	Key	97	DOWN	at	1549460 
1549579	[119]	:	Key	97	UP	at	1549579 
1566660	[17081]	:	Key	97	DOWN	at	1566659 
1566868	[208]	:	Key	97	UP	at	1566868 
1575733	[8865]	:	Key	97	DOWN	at	1575733 
1575933	[200]	:	Key	97	UP	at	1575932 
1587564	[11631]	:	Key	97	DOWN	at	1587563 
1587724	[160]	:	Key	97	UP	at	1587723 
1604957	[17233]	:	Key	97	DOWN	at	1604956 
1605093	[136]	:	Key	97	UP	at	1605092 
1631748	[26655]	:	Key	97	DOWN	at	1631748 
1631869	[121]	:	Key	97	UP	at	1631868 
1651220	[19351]	:	Key	97	DOWN	at	1651219 
1651364	[144]	:	Key	97	UP	at	1651364 
1663843	[12479]	:	Key	97	DOWN	at	1663843 
1663987	[144]	:	Key	97	UP	at	1663987 
1677316	[13329]	:	Key	97	DOWN	at	1677316 
1677436	[120]	:	Key	97	UP	at	1677436 
1717365	[39929]	:	Key	98	DOWN	at	1717364 
1717540	[175]	:	Key	98	UP	at	1717540 
1718499	[959]	:	Key	97	DOWN	at	1718499 
1718636	[137]	:	Key	97	UP	at	1718635 
1718790	[154]	:	Key	97	DOWN	at	1718789 
1718917	[127]	:	Key	97	UP	at	1718916 
1734300	[15383]	:	Key	97	DOWN	at	1734299 
1734404	[104]	:	Key	97	UP	at	1734403 
1751604	[17200]	:	Key	97	DOWN	at	1751604 
1751717	[113]	:	Key	97	UP	at	1751716 
1764316	[12599]	:	Key	97	DOWN	at	1764315 
1764404	[88]	:	Key	97	UP	at	1764403 
1770092	[5688]	:	Key	97	DOWN	at	1770091 
1771091	[999]	:	Key	97	UP	at	1770187 
1777235	[6144]	:	Key	71	DOWN	at	1777235 
1777496	[261]	:	Key	71	UP	at	1777380 
1779436	[1940]	:	Key	71	DOWN	at	1779435 
1991756	[212320]	:	Key	71	DOWN	at	1991755 
1991885	[129]	:	Key	71	UP	at	1991884 
1993957	[2072]	:	Key	71	DOWN	at	1993956 
2854389	[860432]	:	Key	97	DOWN	at	2854389 
2855390	[1001]	:	Key	97	UP	at	2854613 
2857413	[2023]	:	Key	71	DOWN	at	2857413 
3508630	[651217]	:	Key	97	DOWN	at	3508630 
3509630	[1000]	:	Key	97	UP	at	3508781 
3510620	[990]	:	Key	71	DOWN	at	3510620 
4378469	[867849]	:	Key	97	DOWN	at	4378469 
4379469	[1000]	:	Key	97	UP	at	4378631 
4382733	[3264]	:	Key	71	DOWN	at	4382733 
5176127	[793394]	:	Key	97	DOWN	at	5176126 
5177127	[1000]	:	Key	97	UP	at	5176286 
5181557	[4430]	:	Key	71	DOWN	at	5181557 
6486592	[1305035]	:	Key	71	DOWN	at	6486591 
6486630	[38]	:	COGENT STOP
