Cog2000 log file Tue Jun 01 10:04:43 2021
gprim v1.33 Compiled:Aug 12 2015 (GLib DirectDraw v7 DX12.0 Compiled:Aug 12 2015)
Display:1024x768x32 59.99Hz
Attaching C:\Users\CL1\Desktop\SaharRajabi\Final MBMF+Drug Task\Final MBMF+Drug Task\Cogent2000v1.33\Toolbox\CogInput.mexw64
CogInput v1.05 Compiled: May 20 2010
8	[8]	:	COGENT START
22137	[22129]	:	Key	71	DOWN	at	22135   
22330	[193]	:	Key	71	UP	at	22328   
24441	[2111]	:	Key	97	DOWN	at	24440   
24640	[199]	:	Key	97	UP	at	24639   
30825	[6185]	:	Key	97	DOWN	at	30825   
30992	[167]	:	Key	97	UP	at	30992   
48113	[17121]	:	Key	97	DOWN	at	48113   
49113	[1000]	:	Key	97	UP	at	48312   
67616	[18503]	:	Key	97	DOWN	at	67616   
67775	[159]	:	Key	97	UP	at	67775   
68784	[1009]	:	Key	71	DOWN	at	68783   
68984	[200]	:	Key	71	UP	at	68984   
72906	[3922]	:	Key	71	DOWN	at	72905   
76283	[3377]	:	Key	71	UP	at	73056   
79921	[3638]	:	Key	71	DOWN	at	79921   
83215	[3294]	:	Key	71	UP	at	80080   
84439	[1224]	:	Key	71	DOWN	at	84439   
87734	[3295]	:	Key	71	UP	at	84663   
92320	[4586]	:	Key	71	DOWN	at	92320   
95613	[3293]	:	Key	71	UP	at	92456   
98778	[3165]	:	Key	71	DOWN	at	98777   
102074	[3296]	:	Key	71	UP	at	98865   
108105	[6031]	:	Key	71	DOWN	at	108104  
111394	[3289]	:	Key	71	UP	at	108231  
114240	[2846]	:	Key	71	DOWN	at	114239  
117531	[3291]	:	Key	71	UP	at	114360  
122296	[4765]	:	Key	71	DOWN	at	122296  
125584	[3288]	:	Key	71	UP	at	122504  
126271	[687]	:	Key	71	DOWN	at	126271  
129561	[3290]	:	Key	71	UP	at	126407  
130354	[793]	:	Key	71	DOWN	at	130353  
133643	[3289]	:	Key	71	UP	at	130512  
135664	[2021]	:	Key	71	DOWN	at	135664  
138959	[3295]	:	Key	71	UP	at	135801  
140720	[1761]	:	Key	71	DOWN	at	140720  
144009	[3289]	:	Key	71	UP	at	140848  
145409	[1400]	:	Key	71	DOWN	at	145408  
148698	[3289]	:	Key	71	UP	at	145568  
148700	[2]	:	Key	71	DOWN	at	148633  
148769	[69]	:	Key	71	UP	at	148768  
150008	[1239]	:	Key	71	DOWN	at	150008  
153297	[3289]	:	Key	71	UP	at	150184  
155937	[2640]	:	Key	71	DOWN	at	155936  
159225	[3288]	:	Key	71	UP	at	156064  
161393	[2168]	:	Key	71	DOWN	at	161393  
164680	[3287]	:	Key	71	UP	at	161536  
164682	[2]	:	Key	71	DOWN	at	164663  
164808	[126]	:	Key	71	UP	at	164807  
168560	[3752]	:	Key	71	DOWN	at	168560  
171845	[3285]	:	Key	71	UP	at	168696  
174664	[2819]	:	Key	71	DOWN	at	174664  
177953	[3289]	:	Key	71	UP	at	174841  
179433	[1480]	:	Key	71	DOWN	at	179432  
182724	[3291]	:	Key	71	UP	at	179559  
182726	[2]	:	Key	71	DOWN	at	182144  
182727	[1]	:	Key	71	UP	at	182280  
184417	[1690]	:	Key	71	DOWN	at	184416  
187708	[3291]	:	Key	71	UP	at	184592  
187710	[2]	:	Key	71	DOWN	at	187224  
187711	[1]	:	Key	71	UP	at	187408  
190401	[2690]	:	Key	71	DOWN	at	190401  
193689	[3288]	:	Key	71	UP	at	190567  
203377	[9688]	:	Key	71	DOWN	at	203376  
206666	[3289]	:	Key	71	UP	at	203543  
210898	[4232]	:	Key	71	DOWN	at	210897  
214187	[3289]	:	Key	71	UP	at	211072  
216976	[2789]	:	Key	71	DOWN	at	216975  
220265	[3289]	:	Key	71	UP	at	217191  
226856	[6591]	:	Key	71	DOWN	at	226856  
230143	[3287]	:	Key	71	UP	at	227025  
232855	[2712]	:	Key	71	DOWN	at	232855  
236144	[3289]	:	Key	71	UP	at	233008  
236146	[2]	:	Key	71	DOWN	at	235465  
236147	[1]	:	Key	71	UP	at	235593  
236769	[622]	:	Key	71	DOWN	at	236768  
240059	[3290]	:	Key	71	UP	at	236912  
240061	[2]	:	Key	71	DOWN	at	239240  
240062	[1]	:	Key	71	UP	at	239384  
246329	[6267]	:	Key	71	DOWN	at	246328  
249617	[3288]	:	Key	71	UP	at	246543  
253569	[3952]	:	Key	71	DOWN	at	253568  
256858	[3289]	:	Key	71	UP	at	253696  
260649	[3791]	:	Key	71	DOWN	at	260648  
263936	[3287]	:	Key	71	UP	at	260857  
271097	[7161]	:	Key	71	DOWN	at	271096  
274385	[3288]	:	Key	71	UP	at	271272  
275568	[1183]	:	Key	71	DOWN	at	275568  
278848	[3280]	:	Key	71	UP	at	275769  
283889	[5041]	:	Key	71	DOWN	at	283888  
287180	[3291]	:	Key	71	UP	at	284055  
292690	[5510]	:	Key	71	DOWN	at	292689  
295978	[3288]	:	Key	71	UP	at	292920  
301969	[5991]	:	Key	71	DOWN	at	301968  
305258	[3289]	:	Key	71	UP	at	302129  
311681	[6423]	:	Key	71	DOWN	at	311680  
314968	[3287]	:	Key	71	UP	at	311800  
321368	[6400]	:	Key	71	DOWN	at	321368  
324657	[3289]	:	Key	71	UP	at	321577  
329001	[4344]	:	Key	71	DOWN	at	329000  
332289	[3288]	:	Key	71	UP	at	329120  
336457	[4168]	:	Key	71	DOWN	at	336456  
339749	[3292]	:	Key	71	UP	at	336615  
339801	[52]	:	Key	71	DOWN	at	339800  
343096	[3295]	:	Key	71	UP	at	339960  
343098	[2]	:	Key	71	DOWN	at	341208  
343099	[1]	:	Key	71	UP	at	341407  
350368	[7269]	:	Key	71	DOWN	at	350368  
353654	[3286]	:	Key	71	UP	at	350543  
357991	[4337]	:	Key	71	DOWN	at	357991  
361280	[3289]	:	Key	71	UP	at	358127  
366751	[5471]	:	Key	71	DOWN	at	366751  
370039	[3288]	:	Key	71	UP	at	366880  
372864	[2825]	:	Key	71	DOWN	at	372863  
376155	[3291]	:	Key	71	UP	at	372961  
379760	[3605]	:	Key	71	DOWN	at	379760  
383043	[3283]	:	Key	71	UP	at	379848  
383935	[892]	:	Key	71	DOWN	at	383935  
387225	[3290]	:	Key	71	UP	at	384129  
388720	[1495]	:	Key	71	DOWN	at	388720  
392009	[3289]	:	Key	71	UP	at	388905  
395952	[3943]	:	Key	71	DOWN	at	395952  
399829	[3877]	:	Key	71	UP	at	396080  
404434	[4605]	:	Key	71	DOWN	at	404433  
405463	[1029]	:	Key	71	UP	at	404584  
411169	[5706]	:	Key	97	DOWN	at	411169  
412253	[1084]	:	Key	97	UP	at	411273  
414971	[2718]	:	Key	98	DOWN	at	414970  
416046	[1075]	:	Key	98	UP	at	415145  
422081	[6035]	:	Key	98	DOWN	at	422080  
423164	[1083]	:	Key	98	UP	at	422240  
427041	[3877]	:	Key	98	DOWN	at	427040  
428117	[1076]	:	Key	98	UP	at	427232  
434282	[6165]	:	Key	97	DOWN	at	434281  
435360	[1078]	:	Key	97	UP	at	434457  
441722	[6362]	:	Key	97	DOWN	at	441721  
442798	[1076]	:	Key	97	UP	at	441857  
455843	[13045]	:	Key	97	DOWN	at	455842  
456916	[1073]	:	Key	97	UP	at	456001  
457777	[861]	:	Key	98	DOWN	at	457776  
459398	[1621]	:	Key	98	UP	at	457976  
463003	[3605]	:	Key	97	DOWN	at	463002  
463120	[117]	:	Key	97	UP	at	463120  
463441	[321]	:	Key	98	DOWN	at	463440  
463568	[127]	:	Key	98	UP	at	463567  
463842	[274]	:	Key	71	DOWN	at	463841  
464885	[1043]	:	Key	71	UP	at	464097  
475570	[10685]	:	Key	97	DOWN	at	475569  
476649	[1079]	:	Key	97	UP	at	475721  
478592	[1943]	:	Key	98	DOWN	at	478592  
479668	[1076]	:	Key	98	UP	at	478728  
481376	[1708]	:	Key	97	DOWN	at	481376  
482454	[1078]	:	Key	97	UP	at	481505  
487081	[4627]	:	Key	97	DOWN	at	487080  
488156	[1075]	:	Key	97	UP	at	487232  
490400	[2244]	:	Key	98	DOWN	at	490400  
491476	[1076]	:	Key	98	UP	at	490504  
498473	[6997]	:	Key	98	DOWN	at	498472  
499548	[1075]	:	Key	98	UP	at	498664  
510041	[10493]	:	Key	97	DOWN	at	510041  
511119	[1078]	:	Key	97	UP	at	510153  
512945	[1826]	:	Key	97	DOWN	at	512943  
514087	[1142]	:	Key	97	UP	at	513078  
515018	[931]	:	Key	71	DOWN	at	515017  
515308	[290]	:	Key	71	UP	at	515224  
516057	[749]	:	Key	71	DOWN	at	516056  
516217	[160]	:	Key	71	UP	at	516216  
526729	[10512]	:	Key	71	DOWN	at	526729  
530016	[3287]	:	Key	71	UP	at	526912  
534305	[4289]	:	Key	71	DOWN	at	534305  
537593	[3288]	:	Key	71	UP	at	534472  
539064	[1471]	:	Key	71	DOWN	at	539063  
542353	[3289]	:	Key	71	UP	at	539240  
543689	[1336]	:	Key	71	DOWN	at	543688  
546977	[3288]	:	Key	71	UP	at	543857  
548946	[1969]	:	Key	71	DOWN	at	548945  
552234	[3288]	:	Key	71	UP	at	549112  
554505	[2271]	:	Key	71	DOWN	at	554504  
557791	[3286]	:	Key	71	UP	at	554665  
560938	[3147]	:	Key	71	DOWN	at	560937  
564225	[3287]	:	Key	71	UP	at	561129  
565825	[1600]	:	Key	71	DOWN	at	565824  
569113	[3288]	:	Key	71	UP	at	565992  
576450	[7337]	:	Key	71	DOWN	at	576449  
579738	[3288]	:	Key	71	UP	at	576633  
581521	[1783]	:	Key	71	DOWN	at	581520  
584808	[3287]	:	Key	71	UP	at	581656  
593377	[8569]	:	Key	71	DOWN	at	593376  
596667	[3290]	:	Key	71	UP	at	593585  
597626	[959]	:	Key	71	DOWN	at	597625  
600914	[3288]	:	Key	71	UP	at	597776  
601666	[752]	:	Key	71	DOWN	at	601665  
604953	[3287]	:	Key	71	UP	at	601841  
607473	[2520]	:	Key	71	DOWN	at	607473  
610761	[3288]	:	Key	71	UP	at	607680  
616201	[5440]	:	Key	71	DOWN	at	616201  
619491	[3290]	:	Key	71	UP	at	616360  
635322	[15831]	:	Key	71	DOWN	at	635321  
639179	[3857]	:	Key	71	UP	at	635488  
642738	[3559]	:	Key	71	DOWN	at	642737  
643760	[1022]	:	Key	71	UP	at	642936  
646106	[2346]	:	Key	97	DOWN	at	646105  
647180	[1074]	:	Key	97	UP	at	646249  
648401	[1221]	:	Key	97	DOWN	at	648401  
649475	[1074]	:	Key	97	UP	at	648512  
651187	[1712]	:	Key	98	DOWN	at	651186  
652262	[1075]	:	Key	98	UP	at	651321  
653467	[1205]	:	Key	97	DOWN	at	653466  
654543	[1076]	:	Key	97	UP	at	653601  
658809	[4266]	:	Key	97	DOWN	at	658808  
659920	[1111]	:	Key	97	UP	at	658936  
663408	[3488]	:	Key	97	DOWN	at	663408  
664484	[1076]	:	Key	97	UP	at	663576  
667049	[2565]	:	Key	98	DOWN	at	667049  
668126	[1077]	:	Key	98	UP	at	667217  
672410	[4284]	:	Key	97	DOWN	at	672409  
674024	[1614]	:	Key	97	UP	at	672537  
675169	[1145]	:	Key	71	DOWN	at	675169  
676192	[1023]	:	Key	71	UP	at	675408  
679225	[3033]	:	Key	98	DOWN	at	679225  
680301	[1076]	:	Key	98	UP	at	679425  
682913	[2612]	:	Key	98	DOWN	at	682912  
684007	[1094]	:	Key	98	UP	at	683082  
685962	[1955]	:	Key	98	DOWN	at	685961  
687037	[1075]	:	Key	98	UP	at	686128  
690073	[3036]	:	Key	98	DOWN	at	690073  
691147	[1074]	:	Key	98	UP	at	690241  
693802	[2655]	:	Key	97	DOWN	at	693801  
694878	[1076]	:	Key	97	UP	at	693936  
697016	[2138]	:	Key	97	DOWN	at	697015  
698088	[1072]	:	Key	97	UP	at	697153  
700137	[2049]	:	Key	98	DOWN	at	700137  
701212	[1075]	:	Key	98	UP	at	700289  
703025	[1813]	:	Key	97	DOWN	at	703024  
704151	[1126]	:	Key	97	UP	at	703152  
705210	[1059]	:	Key	71	DOWN	at	705209  
705494	[284]	:	Key	71	UP	at	705490  
706497	[1003]	:	Key	71	DOWN	at	706497  
706729	[232]	:	Key	71	UP	at	706729  
717057	[10328]	:	Key	71	DOWN	at	717057  
720343	[3286]	:	Key	71	UP	at	717297  
728023	[7680]	:	Key	71	DOWN	at	728023  
731312	[3289]	:	Key	71	UP	at	728215  
733970	[2658]	:	Key	71	DOWN	at	733969  
737259	[3289]	:	Key	71	UP	at	734168  
740186	[2927]	:	Key	71	DOWN	at	740185  
743475	[3289]	:	Key	71	UP	at	740376  
748112	[4637]	:	Key	71	DOWN	at	748112  
751404	[3292]	:	Key	71	UP	at	748279  
757768	[6364]	:	Key	71	DOWN	at	757768  
761051	[3283]	:	Key	71	UP	at	757969  
763537	[2486]	:	Key	71	DOWN	at	763537  
766831	[3294]	:	Key	71	UP	at	763729  
768657	[1826]	:	Key	71	DOWN	at	768657  
772508	[3851]	:	Key	71	UP	at	768816  
773201	[693]	:	Key	71	DOWN	at	773201  
774225	[1024]	:	Key	71	UP	at	773529  
777017	[2792]	:	Key	97	DOWN	at	777017  
778091	[1074]	:	Key	97	UP	at	777160  
782291	[4200]	:	Key	97	DOWN	at	782290  
783366	[1075]	:	Key	97	UP	at	782385  
786618	[3252]	:	Key	98	DOWN	at	786618  
787692	[1074]	:	Key	98	UP	at	786800  
789809	[2117]	:	Key	97	DOWN	at	789808  
790886	[1077]	:	Key	97	UP	at	789944  
792578	[1692]	:	Key	98	DOWN	at	792578  
793653	[1075]	:	Key	98	UP	at	792785  
795409	[1756]	:	Key	97	DOWN	at	795408  
796485	[1076]	:	Key	97	UP	at	795520  
798330	[1845]	:	Key	97	DOWN	at	798329  
799407	[1077]	:	Key	97	UP	at	798473  
801481	[2074]	:	Key	98	DOWN	at	801481  
803097	[1616]	:	Key	98	UP	at	801632  
803898	[801]	:	Key	71	DOWN	at	803897  
804919	[1021]	:	Key	71	UP	at	804065  
804920	[1]	:	Key	98	DOWN	at	804809  
805008	[88]	:	Key	98	UP	at	805008  
808993	[3985]	:	Key	97	DOWN	at	808992  
810088	[1095]	:	Key	97	UP	at	809096  
813978	[3890]	:	Key	97	DOWN	at	813978  
815054	[1076]	:	Key	97	UP	at	814065  
819955	[4901]	:	Key	97	DOWN	at	819954  
821030	[1075]	:	Key	97	UP	at	820072  
822345	[1315]	:	Key	97	DOWN	at	822344  
823421	[1076]	:	Key	97	UP	at	822464  
824504	[1083]	:	Key	98	DOWN	at	824504  
825580	[1076]	:	Key	98	UP	at	824648  
828914	[3334]	:	Key	97	DOWN	at	828914  
829990	[1076]	:	Key	97	UP	at	829009  
832137	[2147]	:	Key	97	DOWN	at	832137  
833215	[1078]	:	Key	97	UP	at	832281  
835625	[2410]	:	Key	97	DOWN	at	835625  
836740	[1115]	:	Key	97	UP	at	835744  
837449	[709]	:	Key	71	DOWN	at	837449  
837744	[295]	:	Key	71	UP	at	837743  
838265	[521]	:	Key	71	DOWN	at	838264  
838562	[297]	:	Key	71	UP	at	838561  
840601	[2039]	:	Key	71	DOWN	at	840600  
843891	[3290]	:	Key	71	UP	at	840832  
845345	[1454]	:	Key	71	DOWN	at	845344  
848632	[3287]	:	Key	71	UP	at	845519  
849929	[1297]	:	Key	71	DOWN	at	849929  
853226	[3297]	:	Key	71	UP	at	850065  
854130	[904]	:	Key	71	DOWN	at	854129  
857417	[3287]	:	Key	71	UP	at	854281  
858512	[1095]	:	Key	71	DOWN	at	858512  
861803	[3291]	:	Key	71	UP	at	858681  
862145	[342]	:	Key	71	DOWN	at	862145  
865434	[3289]	:	Key	71	UP	at	862257  
866058	[624]	:	Key	71	DOWN	at	866057  
869346	[3288]	:	Key	71	UP	at	866232  
870464	[1118]	:	Key	71	DOWN	at	870464  
874316	[3852]	:	Key	71	UP	at	870616  
874905	[589]	:	Key	71	DOWN	at	874904  
875928	[1023]	:	Key	71	UP	at	875081  
875928	[0]	:	Key	97	DOWN	at	875368  
875928	[0]	:	Key	97	UP	at	875520  
877714	[1786]	:	Key	97	DOWN	at	877713  
878788	[1074]	:	Key	97	UP	at	877817  
881218	[2430]	:	Key	97	DOWN	at	881218  
882294	[1076]	:	Key	97	UP	at	881313  
885665	[3371]	:	Key	97	DOWN	at	885664  
886741	[1076]	:	Key	97	UP	at	885800  
887682	[941]	:	Key	98	DOWN	at	887681  
888758	[1076]	:	Key	98	UP	at	887865  
889905	[1147]	:	Key	98	DOWN	at	889904  
890980	[1075]	:	Key	98	UP	at	890064  
892760	[1780]	:	Key	97	DOWN	at	892760  
893836	[1076]	:	Key	97	UP	at	892888  
895305	[1469]	:	Key	97	DOWN	at	895305  
896379	[1074]	:	Key	97	UP	at	895464  
897745	[1366]	:	Key	97	DOWN	at	897745  
899369	[1624]	:	Key	97	UP	at	897897  
899969	[600]	:	Key	71	DOWN	at	899968  
900992	[1023]	:	Key	71	UP	at	900161  
900992	[0]	:	Key	97	DOWN	at	900698  
900992	[0]	:	Key	97	UP	at	900857  
902161	[1169]	:	Key	98	DOWN	at	902160  
903232	[1071]	:	Key	98	UP	at	902337  
904458	[1226]	:	Key	97	DOWN	at	904457  
905526	[1068]	:	Key	97	UP	at	904641  
909393	[3867]	:	Key	97	DOWN	at	909392  
910464	[1071]	:	Key	97	UP	at	909504  
911834	[1370]	:	Key	97	DOWN	at	911833  
912911	[1077]	:	Key	97	UP	at	911929  
915160	[2249]	:	Key	98	DOWN	at	915160  
916228	[1068]	:	Key	98	UP	at	915272  
917410	[1182]	:	Key	98	DOWN	at	917409  
918478	[1068]	:	Key	98	UP	at	917584  
919362	[884]	:	Key	97	DOWN	at	919361  
920432	[1070]	:	Key	97	UP	at	919496  
921777	[1345]	:	Key	97	DOWN	at	921776  
922887	[1110]	:	Key	97	UP	at	921921  
923697	[810]	:	Key	71	DOWN	at	923696  
923974	[277]	:	Key	71	UP	at	923921  
924482	[508]	:	Key	71	DOWN	at	924481  
924657	[175]	:	Key	71	UP	at	924656  
929570	[4913]	:	Key	71	DOWN	at	929569  
932842	[3272]	:	Key	71	UP	at	929768  
934017	[1175]	:	Key	97	DOWN	at	934017  
934137	[120]	:	Key	97	UP	at	934136  
934440	[303]	:	Key	92	DOWN	at	934440  
934576	[136]	:	Key	92	UP	at	934576  
934777	[201]	:	Key	71	DOWN	at	934776  
938055	[3278]	:	Key	71	UP	at	934960  
938055	[0]	:	Key	71	DOWN	at	937336  
938055	[0]	:	Key	71	UP	at	937511  
938962	[907]	:	Key	71	DOWN	at	938960  
942240	[3278]	:	Key	71	UP	at	939113  
944177	[1937]	:	Key	71	DOWN	at	944177  
947465	[3288]	:	Key	71	UP	at	944320  
949048	[1583]	:	Key	71	DOWN	at	949048  
952344	[3296]	:	Key	71	UP	at	949145  
953089	[745]	:	Key	71	DOWN	at	953088  
956377	[3288]	:	Key	71	UP	at	953272  
957473	[1096]	:	Key	71	DOWN	at	957472  
960762	[3289]	:	Key	71	UP	at	957624  
962090	[1328]	:	Key	71	DOWN	at	962089  
965940	[3850]	:	Key	71	UP	at	962273  
965941	[1]	:	Key	71	DOWN	at	964560  
965941	[0]	:	Key	71	UP	at	964696  
966530	[589]	:	Key	71	DOWN	at	966530  
967555	[1025]	:	Key	71	UP	at	966665  
967555	[0]	:	Key	97	DOWN	at	967273  
967555	[0]	:	Key	97	UP	at	967449  
969377	[1822]	:	Key	97	DOWN	at	969377  
970450	[1073]	:	Key	97	UP	at	969529  
971321	[871]	:	Key	98	DOWN	at	971320  
972396	[1075]	:	Key	98	UP	at	971482  
974602	[2206]	:	Key	98	DOWN	at	974601  
975680	[1078]	:	Key	98	UP	at	974736  
976811	[1131]	:	Key	97	DOWN	at	976810  
977887	[1076]	:	Key	97	UP	at	976944  
978929	[1042]	:	Key	97	DOWN	at	978928  
980003	[1074]	:	Key	97	UP	at	979073  
981426	[1423]	:	Key	97	DOWN	at	981425  
982504	[1078]	:	Key	97	UP	at	981545  
983881	[1377]	:	Key	97	DOWN	at	983881  
984956	[1075]	:	Key	97	UP	at	984024  
985960	[1004]	:	Key	98	DOWN	at	985960  
987576	[1616]	:	Key	98	UP	at	986104  
988168	[592]	:	Key	71	DOWN	at	988168  
989192	[1024]	:	Key	71	UP	at	988337  
989192	[0]	:	Key	97	DOWN	at	989073  
989232	[40]	:	Key	97	UP	at	989232  
991544	[2312]	:	Key	97	DOWN	at	991544  
992621	[1077]	:	Key	97	UP	at	991688  
994971	[2350]	:	Key	97	DOWN	at	994970  
996048	[1077]	:	Key	97	UP	at	995066  
997121	[1073]	:	Key	97	DOWN	at	997121  
998198	[1077]	:	Key	97	UP	at	997216  
999658	[1460]	:	Key	97	DOWN	at	999657  
1000734	[1076]	:	Key	97	UP	at	999753  
1002016	[1282]	:	Key	97	DOWN	at	1002016 
1003092	[1076]	:	Key	97	UP	at	1002154 
1004128	[1036]	:	Key	98	DOWN	at	1004128 
1005202	[1074]	:	Key	98	UP	at	1004280 
1007073	[1871]	:	Key	98	DOWN	at	1007072 
1008170	[1097]	:	Key	98	UP	at	1007240 
1009586	[1416]	:	Key	98	DOWN	at	1009585 
1010708	[1122]	:	Key	98	UP	at	1009697 
1011593	[885]	:	Key	71	DOWN	at	1011592 
1011877	[284]	:	Key	71	UP	at	1011769 
1036642	[24765]	:	Key	64	DOWN	at	1036641 
1036644	[2]	:	Key	26	DOWN	at	1036641 
1036656	[12]	:	Key	64	UP	at	1036656 
1036673	[17]	:	Key	26	UP	at	1036672 
1036673	[0]	:	Key	64	DOWN	at	1036672 
1036689	[16]	:	Key	64	UP	at	1036688 
1036817	[128]	:	Key	70	DOWN	at	1036817 
1036825	[8]	:	Key	1	DOWN	at	1036825 
1037071	[246]	:	Key	70	UP	at	1037071 
1037089	[18]	:	Key	1	UP	at	1037088 
1039792	[2703]	:	Key	71	DOWN	at	1039791 
1039945	[153]	:	Key	71	UP	at	1039944 
1040603	[658]	:	Key	97	DOWN	at	1040602 
1040704	[101]	:	Key	97	UP	at	1040704 
1051889	[11185]	:	Key	97	DOWN	at	1051889 
1052057	[168]	:	Key	97	UP	at	1052056 
1070417	[18360]	:	Key	97	DOWN	at	1070417 
1070586	[169]	:	Key	97	UP	at	1070585 
1081097	[10511]	:	Key	97	DOWN	at	1081097 
1081305	[208]	:	Key	97	UP	at	1081305 
1096075	[14770]	:	Key	97	DOWN	at	1096074 
1096241	[166]	:	Key	97	UP	at	1096240 
1112371	[16130]	:	Key	97	DOWN	at	1112370 
1112523	[152]	:	Key	97	UP	at	1112522 
1119704	[7181]	:	Key	97	DOWN	at	1119704 
1119866	[162]	:	Key	97	UP	at	1119865 
1136737	[16871]	:	Key	97	DOWN	at	1136736 
1136928	[191]	:	Key	97	UP	at	1136928 
1144426	[7498]	:	Key	97	DOWN	at	1144425 
1144602	[176]	:	Key	97	UP	at	1144601 
1160777	[16175]	:	Key	97	DOWN	at	1160777 
1160938	[161]	:	Key	97	UP	at	1160937 
1171498	[10560]	:	Key	97	DOWN	at	1171497 
1171625	[127]	:	Key	97	UP	at	1171625 
1180763	[9138]	:	Key	97	DOWN	at	1180762 
1180939	[176]	:	Key	97	UP	at	1180938 
1203963	[23024]	:	Key	97	DOWN	at	1203962 
1204154	[191]	:	Key	97	UP	at	1204153 
1210865	[6711]	:	Key	97	DOWN	at	1210865 
1211168	[303]	:	Key	97	UP	at	1211168 
1237594	[26426]	:	Key	97	DOWN	at	1237594 
1237817	[223]	:	Key	97	UP	at	1237816 
1254121	[16304]	:	Key	97	DOWN	at	1254121 
1254377	[256]	:	Key	97	UP	at	1254376 
1260194	[5817]	:	Key	97	DOWN	at	1260194 
1260425	[231]	:	Key	97	UP	at	1260425 
1278273	[17848]	:	Key	97	DOWN	at	1278273 
1278465	[192]	:	Key	97	UP	at	1278465 
1290778	[12313]	:	Key	97	DOWN	at	1290778 
1290986	[208]	:	Key	97	UP	at	1290985 
1292522	[1536]	:	Key	97	DOWN	at	1292522 
1293523	[1001]	:	Key	97	UP	at	1292705 
1297147	[3624]	:	Key	97	DOWN	at	1297146 
1297274	[127]	:	Key	97	UP	at	1297274 
1299617	[2343]	:	Key	71	DOWN	at	1299617 
1299886	[269]	:	Key	71	UP	at	1299793 
1301210	[1324]	:	Key	71	DOWN	at	1301209 
1400234	[99024]	:	Key	71	DOWN	at	1400233 
1400457	[223]	:	Key	71	UP	at	1400456 
1401305	[848]	:	Key	71	DOWN	at	1401305 
2052572	[651267]	:	Key	97	DOWN	at	2052571 
2053571	[999]	:	Key	97	UP	at	2052754 
2055473	[1902]	:	Key	71	DOWN	at	2055473 
3035058	[979585]	:	Key	97	DOWN	at	3035057 
3036057	[999]	:	Key	97	UP	at	3035258 
3038802	[2745]	:	Key	71	DOWN	at	3038802 
3745698	[706896]	:	Key	71	DOWN	at	3745698 
3745867	[169]	:	Key	71	UP	at	3745866 
3746267	[400]	:	Key	97	DOWN	at	3746267 
3747267	[1000]	:	Key	97	UP	at	3746443 
3747677	[410]	:	Key	71	DOWN	at	3747676 
4604901	[857224]	:	Key	97	DOWN	at	4604900 
4605900	[999]	:	Key	97	UP	at	4605059 
4625437	[19537]	:	Key	71	DOWN	at	4625436 
5797685	[1172248]	:	Key	71	DOWN	at	5797685 
5797730	[45]	:	COGENT STOP
