Cog2000 log file Tue Apr 13 10:58:54 2021
gprim v1.33 Compiled:Aug 12 2015 (GLib DirectDraw v7 DX10.0 Compiled:Aug 12 2015)
Display:1024x768x32 59.99Hz
Attaching E:\saharrajabi\final mbmf+drug task\cogent2000v1.33\toolbox\CogInput.mexw64
CogInput v1.05 Compiled: May 20 2010
3	[3]	:	COGENT START
14575	[14572]	:	Key	97	DOWN	at	14575   
14652	[77]	:	Key	97	UP	at	14638   
18799	[4147]	:	Key	97	DOWN	at	18799   
18889	[90]	:	Key	97	UP	at	18888   
21088	[2199]	:	Key	97	DOWN	at	21088   
22088	[1000]	:	Key	97	UP	at	21127   
32671	[10583]	:	Key	71	DOWN	at	32671   
32845	[174]	:	Key	71	UP	at	32814   
37024	[4179]	:	Key	71	DOWN	at	37024   
40426	[3402]	:	Key	71	UP	at	37153   
42608	[2182]	:	Key	71	DOWN	at	42608   
45912	[3304]	:	Key	71	UP	at	42800   
47495	[1583]	:	Key	71	DOWN	at	47495   
50795	[3300]	:	Key	71	UP	at	47696   
51527	[732]	:	Key	71	DOWN	at	51527   
54812	[3285]	:	Key	71	UP	at	51705   
55399	[587]	:	Key	71	DOWN	at	55399   
58694	[3295]	:	Key	71	UP	at	55560   
59223	[529]	:	Key	71	DOWN	at	59223   
62521	[3298]	:	Key	71	UP	at	59392   
62999	[478]	:	Key	71	DOWN	at	62999   
66298	[3299]	:	Key	71	UP	at	63191   
66663	[365]	:	Key	71	DOWN	at	66663   
69944	[3281]	:	Key	71	UP	at	66847   
71951	[2007]	:	Key	71	DOWN	at	71951   
75249	[3298]	:	Key	71	UP	at	72144   
75791	[542]	:	Key	71	DOWN	at	75791   
79085	[3294]	:	Key	71	UP	at	75952   
80055	[970]	:	Key	71	DOWN	at	80055   
83353	[3298]	:	Key	71	UP	at	80248   
84315	[962]	:	Key	71	DOWN	at	84315   
84315	[0]	:	Key	71	UP	at	84315   
88143	[3828]	:	Key	71	DOWN	at	88143   
91432	[3289]	:	Key	71	UP	at	88320   
92151	[719]	:	Key	71	DOWN	at	92151   
95438	[3287]	:	Key	71	UP	at	92304   
96063	[625]	:	Key	71	DOWN	at	96063   
99360	[3297]	:	Key	71	UP	at	96256   
100047	[687]	:	Key	71	DOWN	at	100047  
103347	[3300]	:	Key	71	UP	at	100248  
104016	[669]	:	Key	71	DOWN	at	104016  
107303	[3287]	:	Key	71	UP	at	104216  
107807	[504]	:	Key	71	DOWN	at	107807  
111095	[3288]	:	Key	71	UP	at	108008  
111776	[681]	:	Key	71	DOWN	at	111776  
115064	[3288]	:	Key	71	UP	at	111952  
115703	[639]	:	Key	71	DOWN	at	115703  
118994	[3291]	:	Key	71	UP	at	115871  
119343	[349]	:	Key	71	DOWN	at	119343  
122642	[3299]	:	Key	71	UP	at	119528  
123032	[390]	:	Key	71	DOWN	at	123032  
126332	[3300]	:	Key	71	UP	at	123256  
126711	[379]	:	Key	71	DOWN	at	126711  
130000	[3289]	:	Key	71	UP	at	126912  
130503	[503]	:	Key	71	DOWN	at	130503  
133802	[3299]	:	Key	71	UP	at	130687  
134199	[397]	:	Key	71	DOWN	at	134199  
137487	[3288]	:	Key	71	UP	at	134391  
137871	[384]	:	Key	71	DOWN	at	137871  
141149	[3278]	:	Key	71	UP	at	138135  
141631	[482]	:	Key	71	DOWN	at	141631  
144915	[3284]	:	Key	71	UP	at	141880  
145392	[477]	:	Key	71	DOWN	at	145392  
148682	[3290]	:	Key	71	UP	at	145584  
149487	[805]	:	Key	71	DOWN	at	149487  
152768	[3281]	:	Key	71	UP	at	149704  
153207	[439]	:	Key	71	DOWN	at	153207  
156504	[3297]	:	Key	71	UP	at	153384  
156888	[384]	:	Key	71	DOWN	at	156888  
160165	[3277]	:	Key	71	UP	at	157113  
160840	[675]	:	Key	71	DOWN	at	160840  
164140	[3300]	:	Key	71	UP	at	161031  
164680	[540]	:	Key	71	DOWN	at	164680  
167970	[3290]	:	Key	71	UP	at	164880  
168543	[573]	:	Key	71	DOWN	at	168543  
171839	[3296]	:	Key	71	UP	at	168768  
172335	[496]	:	Key	71	DOWN	at	172335  
175624	[3289]	:	Key	71	UP	at	172520  
176112	[488]	:	Key	71	DOWN	at	176112  
179400	[3288]	:	Key	71	UP	at	176296  
179992	[592]	:	Key	71	DOWN	at	179992  
183280	[3288]	:	Key	71	UP	at	180168  
183823	[543]	:	Key	71	DOWN	at	183823  
187112	[3289]	:	Key	71	UP	at	184016  
188263	[1151]	:	Key	71	DOWN	at	188263  
191562	[3299]	:	Key	71	UP	at	189354  
191943	[381]	:	Key	71	DOWN	at	191943  
195243	[3300]	:	Key	71	UP	at	192176  
195599	[356]	:	Key	71	DOWN	at	195599  
198897	[3298]	:	Key	71	UP	at	195807  
199254	[357]	:	Key	71	DOWN	at	199254  
202554	[3300]	:	Key	71	UP	at	199439  
202902	[348]	:	Key	71	DOWN	at	202902  
206182	[3280]	:	Key	71	UP	at	203095  
206686	[504]	:	Key	71	DOWN	at	206686  
209985	[3299]	:	Key	71	UP	at	206903  
210359	[374]	:	Key	71	DOWN	at	210359  
213640	[3281]	:	Key	71	UP	at	210616  
214095	[455]	:	Key	71	DOWN	at	214095  
217383	[3288]	:	Key	71	UP	at	214303  
217846	[463]	:	Key	71	DOWN	at	217846  
221134	[3288]	:	Key	71	UP	at	218063  
221742	[608]	:	Key	71	DOWN	at	221742  
225705	[3963]	:	Key	71	UP	at	221983  
237814	[12109]	:	Key	71	DOWN	at	237814  
238867	[1053]	:	Key	71	UP	at	238015  
241742	[2875]	:	Key	97	DOWN	at	241742  
242849	[1107]	:	Key	97	UP	at	241879  
244431	[1582]	:	Key	97	DOWN	at	244431  
245560	[1129]	:	Key	97	UP	at	244568  
246847	[1287]	:	Key	97	DOWN	at	246847  
247972	[1125]	:	Key	97	UP	at	247000  
250174	[2202]	:	Key	98	DOWN	at	250174  
251289	[1115]	:	Key	98	UP	at	250337  
252574	[1285]	:	Key	97	DOWN	at	252574  
253689	[1115]	:	Key	97	UP	at	252743  
254870	[1181]	:	Key	98	DOWN	at	254870  
255994	[1124]	:	Key	98	UP	at	254998  
257805	[1811]	:	Key	97	DOWN	at	257805  
258937	[1132]	:	Key	97	UP	at	257918  
260574	[1637]	:	Key	98	DOWN	at	260574  
262300	[1726]	:	Key	98	UP	at	260743  
269949	[7649]	:	Key	71	DOWN	at	269949  
270999	[1050]	:	Key	71	UP	at	270125  
273356	[2357]	:	Key	97	DOWN	at	273356  
274474	[1118]	:	Key	97	UP	at	273493  
277332	[2858]	:	Key	98	DOWN	at	277332  
278444	[1112]	:	Key	98	UP	at	277477  
281651	[3207]	:	Key	98	DOWN	at	281651  
282768	[1117]	:	Key	98	UP	at	281812  
284115	[1347]	:	Key	97	DOWN	at	284115  
285246	[1131]	:	Key	97	UP	at	284242  
286618	[1372]	:	Key	98	DOWN	at	286618  
287742	[1124]	:	Key	98	UP	at	286738  
288826	[1084]	:	Key	98	DOWN	at	288826  
289957	[1131]	:	Key	98	UP	at	288946  
291874	[1917]	:	Key	97	DOWN	at	291874  
293002	[1128]	:	Key	97	UP	at	291995  
294786	[1784]	:	Key	97	DOWN	at	294786  
295979	[1193]	:	Key	97	UP	at	294931  
299107	[3128]	:	Key	71	DOWN	at	299107  
299438	[331]	:	Key	71	UP	at	299260  
300194	[756]	:	Key	71	DOWN	at	300194  
300426	[232]	:	Key	71	UP	at	300426  
302203	[1777]	:	Key	71	DOWN	at	302203  
305504	[3301]	:	Key	71	UP	at	302363  
306027	[523]	:	Key	71	DOWN	at	306027  
309327	[3300]	:	Key	71	UP	at	306267  
309441	[114]	:	Key	71	DOWN	at	309441  
309443	[2]	:	Key	71	UP	at	309442  
312732	[3289]	:	Key	71	DOWN	at	310083  
312734	[2]	:	Key	71	UP	at	310243  
313218	[484]	:	Key	71	DOWN	at	313218  
316518	[3300]	:	Key	71	UP	at	313450  
316971	[453]	:	Key	71	DOWN	at	316971  
320270	[3299]	:	Key	71	UP	at	317196  
320755	[485]	:	Key	71	DOWN	at	320755  
324043	[3288]	:	Key	71	UP	at	320947  
324452	[409]	:	Key	71	DOWN	at	324452  
327740	[3288]	:	Key	71	UP	at	324603  
328810	[1070]	:	Key	71	DOWN	at	328810  
332110	[3300]	:	Key	71	UP	at	328963  
332747	[637]	:	Key	71	DOWN	at	332747  
336046	[3299]	:	Key	71	UP	at	332924  
336411	[365]	:	Key	71	DOWN	at	336411  
339695	[3284]	:	Key	71	UP	at	336604  
340059	[364]	:	Key	71	DOWN	at	340059  
343348	[3289]	:	Key	71	UP	at	340283  
343688	[340]	:	Key	71	DOWN	at	343688  
346979	[3291]	:	Key	71	UP	at	343913  
347360	[381]	:	Key	71	DOWN	at	347360  
350648	[3288]	:	Key	71	UP	at	347561  
351025	[377]	:	Key	71	DOWN	at	351025  
354314	[3289]	:	Key	71	UP	at	351242  
354687	[373]	:	Key	71	DOWN	at	354687  
357986	[3299]	:	Key	71	UP	at	354887  
358111	[125]	:	Key	71	DOWN	at	358111  
362020	[3909]	:	Key	71	UP	at	358327  
362206	[186]	:	Key	71	DOWN	at	362206  
363250	[1044]	:	Key	71	UP	at	362342  
364846	[1596]	:	Key	97	DOWN	at	364846  
365959	[1113]	:	Key	97	UP	at	364975  
367175	[1216]	:	Key	98	DOWN	at	367175  
368291	[1116]	:	Key	98	UP	at	367296  
369518	[1227]	:	Key	97	DOWN	at	369518  
370635	[1117]	:	Key	97	UP	at	369691  
372295	[1660]	:	Key	98	DOWN	at	372295  
373419	[1124]	:	Key	98	UP	at	372432  
374902	[1483]	:	Key	97	DOWN	at	374902  
376029	[1127]	:	Key	97	UP	at	375030  
377318	[1289]	:	Key	97	DOWN	at	377318  
378431	[1113]	:	Key	97	UP	at	377455  
379559	[1128]	:	Key	97	DOWN	at	379559  
380688	[1129]	:	Key	97	UP	at	379703  
384453	[3765]	:	Key	97	DOWN	at	384453  
384453	[0]	:	Key	97	UP	at	384453  
388958	[4505]	:	Key	71	DOWN	at	388958  
390011	[1053]	:	Key	71	UP	at	389151  
391487	[1476]	:	Key	98	DOWN	at	391487  
392619	[1132]	:	Key	98	UP	at	391614  
394047	[1428]	:	Key	97	DOWN	at	394047  
395177	[1130]	:	Key	97	UP	at	394199  
397540	[2363]	:	Key	98	DOWN	at	397540  
398659	[1119]	:	Key	98	UP	at	397661  
401189	[2530]	:	Key	98	DOWN	at	401189  
402310	[1121]	:	Key	98	UP	at	401317  
404917	[2607]	:	Key	97	DOWN	at	404917  
406055	[1138]	:	Key	97	UP	at	405052  
407677	[1622]	:	Key	98	DOWN	at	407677  
408809	[1132]	:	Key	98	UP	at	407805  
410740	[1931]	:	Key	98	DOWN	at	410740  
411850	[1110]	:	Key	98	UP	at	410869  
414461	[2611]	:	Key	97	DOWN	at	414461  
414461	[0]	:	Key	97	UP	at	414461  
419565	[5104]	:	Key	71	DOWN	at	419565  
419880	[315]	:	Key	71	UP	at	419805  
420837	[957]	:	Key	71	DOWN	at	420837  
421036	[199]	:	Key	71	UP	at	421036  
422141	[1105]	:	Key	71	DOWN	at	422141  
425442	[3301]	:	Key	71	UP	at	422374  
428077	[2635]	:	Key	71	DOWN	at	428077  
431375	[3298]	:	Key	71	UP	at	428237  
432580	[1205]	:	Key	71	DOWN	at	432580  
435879	[3299]	:	Key	71	UP	at	432845  
436482	[603]	:	Key	71	DOWN	at	436482  
439771	[3289]	:	Key	71	UP	at	436683  
441586	[1815]	:	Key	71	DOWN	at	441586  
444885	[3299]	:	Key	71	UP	at	441771  
445842	[957]	:	Key	71	DOWN	at	445842  
449142	[3300]	:	Key	71	UP	at	446033  
449482	[340]	:	Key	71	DOWN	at	449482  
452774	[3292]	:	Key	71	UP	at	449674  
453265	[491]	:	Key	71	DOWN	at	453265  
457173	[3908]	:	Key	71	UP	at	453483  
458018	[845]	:	Key	71	DOWN	at	458018  
459054	[1036]	:	Key	71	UP	at	458195  
461337	[2283]	:	Key	98	DOWN	at	461337  
462438	[1101]	:	Key	98	UP	at	461458  
464914	[2476]	:	Key	97	DOWN	at	464914  
466041	[1127]	:	Key	97	UP	at	465042  
467953	[1912]	:	Key	98	DOWN	at	467953  
469085	[1132]	:	Key	98	UP	at	468073  
470633	[1548]	:	Key	97	DOWN	at	470633  
471760	[1127]	:	Key	97	UP	at	470778  
473458	[1698]	:	Key	97	DOWN	at	473458  
474593	[1135]	:	Key	97	UP	at	474509  
476442	[1849]	:	Key	97	DOWN	at	476442  
477573	[1131]	:	Key	97	UP	at	476545  
479545	[1972]	:	Key	97	DOWN	at	479545  
480667	[1122]	:	Key	97	UP	at	479689  
482297	[1630]	:	Key	98	DOWN	at	482297  
483993	[1696]	:	Key	98	UP	at	482450  
485730	[1737]	:	Key	71	DOWN	at	485730  
486770	[1040]	:	Key	71	UP	at	485874  
488281	[1511]	:	Key	98	DOWN	at	488281  
489404	[1123]	:	Key	98	UP	at	488419  
490762	[1358]	:	Key	98	DOWN	at	490762  
491881	[1119]	:	Key	98	UP	at	490890  
493578	[1697]	:	Key	98	DOWN	at	493578  
494682	[1104]	:	Key	98	UP	at	493699  
497642	[2960]	:	Key	98	DOWN	at	497642  
498771	[1129]	:	Key	98	UP	at	497777  
500537	[1766]	:	Key	97	DOWN	at	500537  
501665	[1128]	:	Key	97	UP	at	500682  
503449	[1784]	:	Key	97	DOWN	at	503449  
504557	[1108]	:	Key	97	UP	at	504522  
506242	[1685]	:	Key	98	DOWN	at	506242  
507366	[1124]	:	Key	98	UP	at	506387  
509241	[1875]	:	Key	98	DOWN	at	509241  
510414	[1173]	:	Key	98	UP	at	509346  
513135	[2721]	:	Key	71	DOWN	at	513135  
513448	[313]	:	Key	71	UP	at	513328  
514087	[639]	:	Key	71	DOWN	at	514087  
514304	[217]	:	Key	71	UP	at	514304  
516345	[2041]	:	Key	71	DOWN	at	516345  
519645	[3300]	:	Key	71	UP	at	516514  
522919	[3274]	:	Key	71	DOWN	at	522919  
526219	[3300]	:	Key	71	UP	at	523089  
527113	[894]	:	Key	71	DOWN	at	527113  
530413	[3300]	:	Key	71	UP	at	527266  
530413	[0]	:	Key	71	DOWN	at	528786  
530413	[0]	:	Key	71	UP	at	528938  
531657	[1244]	:	Key	71	DOWN	at	531657  
534956	[3299]	:	Key	71	UP	at	531801  
535433	[477]	:	Key	71	DOWN	at	535433  
538732	[3299]	:	Key	71	UP	at	535537  
540335	[1603]	:	Key	71	DOWN	at	540335  
543635	[3300]	:	Key	71	UP	at	540488  
544272	[637]	:	Key	71	DOWN	at	544272  
547560	[3288]	:	Key	71	UP	at	544433  
548048	[488]	:	Key	71	DOWN	at	548048  
551945	[3897]	:	Key	71	UP	at	548257  
552688	[743]	:	Key	71	DOWN	at	552688  
553729	[1041]	:	Key	71	UP	at	552856  
555632	[1903]	:	Key	97	DOWN	at	555632  
556773	[1141]	:	Key	97	UP	at	555743  
557983	[1210]	:	Key	97	DOWN	at	557983  
559092	[1109]	:	Key	97	UP	at	558120  
561992	[2900]	:	Key	98	DOWN	at	561992  
563112	[1120]	:	Key	98	UP	at	562121  
565400	[2288]	:	Key	98	DOWN	at	565400  
566523	[1123]	:	Key	98	UP	at	565519  
569072	[2549]	:	Key	97	DOWN	at	569072  
570191	[1119]	:	Key	97	UP	at	569191  
571951	[1760]	:	Key	97	DOWN	at	571951  
573068	[1117]	:	Key	97	UP	at	572079  
574528	[1460]	:	Key	97	DOWN	at	574528  
575654	[1126]	:	Key	97	UP	at	574631  
577200	[1546]	:	Key	97	DOWN	at	577200  
578880	[1680]	:	Key	97	UP	at	577337  
580952	[2072]	:	Key	71	DOWN	at	580952  
581992	[1040]	:	Key	71	UP	at	581103  
584384	[2392]	:	Key	98	DOWN	at	584384  
585519	[1135]	:	Key	98	UP	at	584519  
587576	[2057]	:	Key	97	DOWN	at	587576  
588702	[1126]	:	Key	97	UP	at	587728  
590416	[1714]	:	Key	97	DOWN	at	590416  
591547	[1131]	:	Key	97	UP	at	590535  
594556	[3009]	:	Key	98	DOWN	at	594556  
595685	[1129]	:	Key	98	UP	at	594557  
597408	[1723]	:	Key	97	DOWN	at	597408  
598538	[1130]	:	Key	97	UP	at	597569  
600527	[1989]	:	Key	98	DOWN	at	600527  
601638	[1111]	:	Key	98	UP	at	600654  
604166	[2528]	:	Key	97	DOWN	at	604166  
605272	[1106]	:	Key	97	UP	at	604287  
606863	[1591]	:	Key	97	DOWN	at	606863  
608049	[1186]	:	Key	97	UP	at	607007  
611071	[3022]	:	Key	71	DOWN	at	611071  
611388	[317]	:	Key	71	UP	at	611240  
614751	[3363]	:	Key	71	DOWN	at	614751  
614911	[160]	:	Key	71	UP	at	614911  
618071	[3160]	:	Key	71	DOWN	at	618071  
621369	[3298]	:	Key	71	UP	at	618224  
622063	[694]	:	Key	71	DOWN	at	622063  
625350	[3287]	:	Key	71	UP	at	622239  
625918	[568]	:	Key	71	DOWN	at	625918  
629217	[3299]	:	Key	71	UP	at	626063  
629663	[446]	:	Key	71	DOWN	at	629663  
632946	[3283]	:	Key	71	UP	at	629840  
633455	[509]	:	Key	71	DOWN	at	633455  
636754	[3299]	:	Key	71	UP	at	633632  
637207	[453]	:	Key	71	DOWN	at	637207  
640495	[3288]	:	Key	71	UP	at	637384  
641007	[512]	:	Key	71	DOWN	at	641007  
644295	[3288]	:	Key	71	UP	at	641191  
644823	[528]	:	Key	71	DOWN	at	644823  
648721	[3898]	:	Key	71	UP	at	645007  
649407	[686]	:	Key	71	DOWN	at	649407  
650447	[1040]	:	Key	71	UP	at	649584  
653247	[2800]	:	Key	97	DOWN	at	653247  
654367	[1120]	:	Key	97	UP	at	653376  
655727	[1360]	:	Key	98	DOWN	at	655727  
656856	[1129]	:	Key	98	UP	at	655871  
659614	[2758]	:	Key	98	DOWN	at	659614  
660726	[1112]	:	Key	98	UP	at	659743  
662607	[1881]	:	Key	97	DOWN	at	662607  
663739	[1132]	:	Key	97	UP	at	662743  
665047	[1308]	:	Key	98	DOWN	at	665047  
666165	[1118]	:	Key	98	UP	at	665200  
667359	[1194]	:	Key	97	DOWN	at	667359  
668439	[1080]	:	Key	97	UP	at	667520  
671095	[2656]	:	Key	97	DOWN	at	671095  
672219	[1124]	:	Key	97	UP	at	671264  
673999	[1780]	:	Key	98	DOWN	at	673999  
675695	[1696]	:	Key	98	UP	at	674135  
677079	[1384]	:	Key	71	DOWN	at	677079  
678127	[1048]	:	Key	71	UP	at	677199  
680014	[1887]	:	Key	98	DOWN	at	680014  
681138	[1124]	:	Key	98	UP	at	680151  
683311	[2173]	:	Key	97	DOWN	at	683311  
684433	[1122]	:	Key	97	UP	at	683464  
685735	[1302]	:	Key	97	DOWN	at	685735  
686852	[1117]	:	Key	97	UP	at	685847  
689135	[2283]	:	Key	97	DOWN	at	689135  
690250	[1115]	:	Key	97	UP	at	689280  
691791	[1541]	:	Key	98	DOWN	at	691791  
692900	[1109]	:	Key	98	UP	at	691830  
695932	[3032]	:	Key	98	DOWN	at	695932  
697034	[1102]	:	Key	98	UP	at	696061  
699609	[2575]	:	Key	98	DOWN	at	699609  
699609	[0]	:	Key	98	UP	at	699609  
702605	[2996]	:	Key	97	DOWN	at	702605  
703795	[1190]	:	Key	97	UP	at	702734  
706443	[2648]	:	Key	71	DOWN	at	706443  
706758	[315]	:	Key	71	UP	at	706588  
707419	[661]	:	Key	71	DOWN	at	707419  
707547	[128]	:	Key	71	UP	at	707547  
710963	[3416]	:	Key	71	DOWN	at	710963  
714264	[3301]	:	Key	71	UP	at	711155  
714937	[673]	:	Key	71	DOWN	at	714937  
718225	[3288]	:	Key	71	UP	at	715122  
719162	[937]	:	Key	71	DOWN	at	719162  
722461	[3299]	:	Key	71	UP	at	719339  
723154	[693]	:	Key	71	DOWN	at	723154  
726442	[3288]	:	Key	71	UP	at	723339  
726962	[520]	:	Key	71	DOWN	at	726962  
730249	[3287]	:	Key	71	UP	at	727131  
730674	[425]	:	Key	71	DOWN	at	730674  
733962	[3288]	:	Key	71	UP	at	730834  
734602	[640]	:	Key	71	DOWN	at	734602  
737902	[3300]	:	Key	71	UP	at	734739  
739010	[1108]	:	Key	71	DOWN	at	739010  
742906	[3896]	:	Key	71	UP	at	739177  
743490	[584]	:	Key	71	DOWN	at	743490  
744631	[1141]	:	Key	71	UP	at	744631  
746121	[1490]	:	Key	98	DOWN	at	746121  
747226	[1105]	:	Key	98	UP	at	746266  
749282	[2056]	:	Key	97	DOWN	at	749282  
750417	[1135]	:	Key	97	UP	at	749417  
751858	[1441]	:	Key	97	DOWN	at	751858  
752962	[1104]	:	Key	97	UP	at	752002  
754594	[1632]	:	Key	97	DOWN	at	754594  
755708	[1114]	:	Key	97	UP	at	754723  
757386	[1678]	:	Key	97	DOWN	at	757386  
758496	[1110]	:	Key	97	UP	at	757515  
759649	[1153]	:	Key	98	DOWN	at	759649  
760756	[1107]	:	Key	98	UP	at	759761  
762633	[1877]	:	Key	97	DOWN	at	762633  
763746	[1113]	:	Key	97	UP	at	762754  
765154	[1408]	:	Key	97	DOWN	at	765154  
766837	[1683]	:	Key	97	UP	at	765265  
771258	[4421]	:	Key	71	DOWN	at	771258  
772302	[1044]	:	Key	71	UP	at	771379  
774647	[2345]	:	Key	98	DOWN	at	774647  
774647	[0]	:	Key	98	UP	at	774647  
777786	[3139]	:	Key	97	DOWN	at	777786  
778895	[1109]	:	Key	97	UP	at	777907  
782290	[3395]	:	Key	98	DOWN	at	782290  
783406	[1116]	:	Key	98	UP	at	782426  
785963	[2557]	:	Key	98	DOWN	at	785963  
787088	[1125]	:	Key	98	UP	at	786099  
789653	[2565]	:	Key	98	DOWN	at	789653  
789653	[0]	:	Key	98	UP	at	789653  
792482	[2829]	:	Key	98	DOWN	at	792482  
793602	[1120]	:	Key	98	UP	at	792619  
796810	[3208]	:	Key	97	DOWN	at	796810  
797945	[1135]	:	Key	97	UP	at	796986  
799530	[1585]	:	Key	97	DOWN	at	799530  
800712	[1182]	:	Key	97	UP	at	799698  
802449	[1737]	:	Key	71	DOWN	at	802449  
802762	[313]	:	Key	71	UP	at	802609  
803105	[343]	:	Key	71	DOWN	at	803105  
803265	[160]	:	Key	71	UP	at	803265  
803593	[328]	:	Key	71	DOWN	at	803593  
806893	[3300]	:	Key	71	UP	at	804661  
807553	[660]	:	Key	71	DOWN	at	807553  
810842	[3289]	:	Key	71	UP	at	807762  
810844	[2]	:	Key	71	DOWN	at	810210  
810845	[1]	:	Key	71	UP	at	810426  
811665	[820]	:	Key	71	DOWN	at	811665  
814965	[3300]	:	Key	71	UP	at	811864  
815985	[1020]	:	Key	71	DOWN	at	815985  
819284	[3299]	:	Key	71	UP	at	816144  
820068	[784]	:	Key	71	DOWN	at	820068  
823356	[3288]	:	Key	71	UP	at	820241  
825105	[1749]	:	Key	71	DOWN	at	825105  
828405	[3300]	:	Key	71	UP	at	825282  
829640	[1235]	:	Key	71	DOWN	at	829640  
832939	[3299]	:	Key	71	UP	at	829810  
833433	[494]	:	Key	71	DOWN	at	833433  
837336	[3903]	:	Key	71	UP	at	833609  
838290	[954]	:	Key	71	DOWN	at	838290  
839333	[1043]	:	Key	71	UP	at	838442  
840626	[1293]	:	Key	98	DOWN	at	840626  
841763	[1137]	:	Key	98	UP	at	840778  
843313	[1550]	:	Key	97	DOWN	at	843313  
844446	[1133]	:	Key	97	UP	at	843449  
846023	[1577]	:	Key	98	DOWN	at	846023  
847145	[1122]	:	Key	98	UP	at	846160  
849831	[2686]	:	Key	97	DOWN	at	849831  
850946	[1115]	:	Key	97	UP	at	849976  
852269	[1323]	:	Key	97	DOWN	at	852269  
853385	[1116]	:	Key	97	UP	at	852414  
854805	[1420]	:	Key	97	DOWN	at	854805  
855936	[1131]	:	Key	97	UP	at	854941  
857439	[1503]	:	Key	97	DOWN	at	857439  
858558	[1119]	:	Key	97	UP	at	857567  
859462	[904]	:	Key	97	DOWN	at	859462  
861138	[1676]	:	Key	97	UP	at	859591  
862646	[1508]	:	Key	71	DOWN	at	862646  
863686	[1040]	:	Key	71	UP	at	862767  
865526	[1840]	:	Key	98	DOWN	at	865526  
866651	[1125]	:	Key	98	UP	at	865645  
868118	[1467]	:	Key	98	DOWN	at	868118  
869242	[1124]	:	Key	98	UP	at	868238  
871165	[1923]	:	Key	97	DOWN	at	871165  
872287	[1122]	:	Key	97	UP	at	871294  
873735	[1448]	:	Key	98	DOWN	at	873735  
874853	[1118]	:	Key	98	UP	at	873838  
878606	[3753]	:	Key	97	DOWN	at	878606  
879729	[1123]	:	Key	97	UP	at	879702  
881022	[1293]	:	Key	98	DOWN	at	881022  
882155	[1133]	:	Key	98	UP	at	881157  
883078	[923]	:	Key	97	DOWN	at	883078  
884197	[1119]	:	Key	97	UP	at	883213  
885854	[1657]	:	Key	97	DOWN	at	885854  
887047	[1193]	:	Key	97	UP	at	885973  
891039	[3992]	:	Key	71	DOWN	at	891039  
891363	[324]	:	Key	71	UP	at	891207  
891902	[539]	:	Key	71	DOWN	at	891902  
892094	[192]	:	Key	71	UP	at	892094  
895334	[3240]	:	Key	71	DOWN	at	895334  
898634	[3300]	:	Key	71	UP	at	895503  
899158	[524]	:	Key	71	DOWN	at	899158  
902456	[3298]	:	Key	71	UP	at	899359  
903110	[654]	:	Key	71	DOWN	at	903110  
906401	[3291]	:	Key	71	UP	at	903295  
907142	[741]	:	Key	71	DOWN	at	907142  
910442	[3300]	:	Key	71	UP	at	907349  
911102	[660]	:	Key	71	DOWN	at	911102  
914391	[3289]	:	Key	71	UP	at	911271  
916165	[1774]	:	Key	71	DOWN	at	916165  
919463	[3298]	:	Key	71	UP	at	916341  
919876	[413]	:	Key	71	DOWN	at	919876  
923175	[3299]	:	Key	71	UP	at	920085  
924719	[1544]	:	Key	71	DOWN	at	924719  
924721	[2]	:	Key	71	UP	at	924721  
929156	[4435]	:	Key	71	DOWN	at	929156  
930199	[1043]	:	Key	71	UP	at	929333  
932660	[2461]	:	Key	98	DOWN	at	932660  
933796	[1136]	:	Key	98	UP	at	932805  
935452	[1656]	:	Key	98	DOWN	at	935452  
936578	[1126]	:	Key	98	UP	at	935579  
937620	[1042]	:	Key	97	DOWN	at	937620  
938730	[1110]	:	Key	97	UP	at	937765  
940643	[1913]	:	Key	97	DOWN	at	940643  
941765	[1122]	:	Key	97	UP	at	940763  
942819	[1054]	:	Key	98	DOWN	at	942819  
943934	[1115]	:	Key	98	UP	at	942956  
945740	[1806]	:	Key	97	DOWN	at	945740  
946865	[1125]	:	Key	97	UP	at	945868  
948332	[1467]	:	Key	97	DOWN	at	948332  
949472	[1140]	:	Key	97	UP	at	948404  
951356	[1884]	:	Key	97	DOWN	at	951356  
953061	[1705]	:	Key	97	UP	at	951484  
954723	[1662]	:	Key	71	DOWN	at	954723  
955764	[1041]	:	Key	71	UP	at	954748  
957188	[1424]	:	Key	97	DOWN	at	957188  
958325	[1137]	:	Key	97	UP	at	957307  
961085	[2760]	:	Key	97	DOWN	at	961085  
962225	[1140]	:	Key	97	UP	at	961212  
963444	[1219]	:	Key	98	DOWN	at	963444  
964564	[1120]	:	Key	98	UP	at	963581  
966244	[1680]	:	Key	98	DOWN	at	966244  
967372	[1128]	:	Key	98	UP	at	966381  
968388	[1016]	:	Key	97	DOWN	at	968388  
969488	[1100]	:	Key	97	UP	at	968533  
970844	[1356]	:	Key	98	DOWN	at	970844  
971977	[1133]	:	Key	98	UP	at	970971  
973732	[1755]	:	Key	97	DOWN	at	973732  
974863	[1131]	:	Key	97	UP	at	973821  
977844	[2981]	:	Key	98	DOWN	at	977844  
979064	[1220]	:	Key	98	UP	at	977964  
985180	[6116]	:	Key	71	DOWN	at	985180  
985518	[338]	:	Key	71	UP	at	985301  
1011763	[26245]	:	Key	71	DOWN	at	1011763 
1011891	[128]	:	Key	71	UP	at	1011891 
1013124	[1233]	:	Key	71	DOWN	at	1013124 
1013300	[176]	:	Key	71	UP	at	1013300 
1015387	[2087]	:	Key	59	DOWN	at	1015387 
1015483	[96]	:	Key	59	UP	at	1015483 
1020627	[5144]	:	Key	71	DOWN	at	1020627 
1020811	[184]	:	Key	71	UP	at	1020811 
1021211	[400]	:	Key	71	DOWN	at	1021211 
1021379	[168]	:	Key	71	UP	at	1021379 
1022147	[768]	:	Key	59	DOWN	at	1022147 
1022331	[184]	:	Key	59	UP	at	1022331 
1022867	[536]	:	Key	59	DOWN	at	1022867 
1023027	[160]	:	Key	59	UP	at	1023027 
1023771	[744]	:	Key	71	DOWN	at	1023771 
1023923	[152]	:	Key	71	UP	at	1023923 
1024067	[144]	:	Key	71	DOWN	at	1024067 
1024163	[96]	:	Key	71	UP	at	1024163 
1030058	[5895]	:	Key	71	DOWN	at	1030058 
1030171	[113]	:	Key	71	UP	at	1030171 
1030273	[102]	:	Key	71	DOWN	at	1030273 
1030371	[98]	:	Key	71	UP	at	1030371 
1030883	[512]	:	Key	59	DOWN	at	1030883 
1031019	[136]	:	Key	59	UP	at	1031019 
1031459	[440]	:	Key	71	DOWN	at	1031459 
1031587	[128]	:	Key	71	UP	at	1031587 
1031923	[336]	:	Key	59	DOWN	at	1031923 
1032059	[136]	:	Key	59	UP	at	1032059 
1032403	[344]	:	Key	71	DOWN	at	1032403 
1032507	[104]	:	Key	71	UP	at	1032507 
1032891	[384]	:	Key	59	DOWN	at	1032891 
1033035	[144]	:	Key	59	UP	at	1033035 
1034002	[967]	:	Key	71	DOWN	at	1034002 
1034090	[88]	:	Key	71	UP	at	1034090 
1034211	[121]	:	Key	71	DOWN	at	1034211 
1034315	[104]	:	Key	71	UP	at	1034315 
1035347	[1032]	:	Key	71	DOWN	at	1035347 
1035419	[72]	:	Key	71	UP	at	1035419 
1035611	[192]	:	Key	71	DOWN	at	1035611 
1035675	[64]	:	Key	71	UP	at	1035675 
1035787	[112]	:	Key	71	DOWN	at	1035787 
1035915	[128]	:	Key	71	UP	at	1035915 
1036451	[536]	:	Key	59	DOWN	at	1036451 
1036587	[136]	:	Key	59	UP	at	1036587 
1037323	[736]	:	Key	71	DOWN	at	1037323 
1037435	[112]	:	Key	71	UP	at	1037435 
1037795	[360]	:	Key	59	DOWN	at	1037795 
1037915	[120]	:	Key	59	UP	at	1037915 
1038219	[304]	:	Key	71	DOWN	at	1038219 
1038378	[159]	:	Key	71	UP	at	1038378 
1038579	[201]	:	Key	59	DOWN	at	1038579 
1038683	[104]	:	Key	59	UP	at	1038683 
1040185	[1502]	:	Key	97	DOWN	at	1040185 
1040314	[129]	:	Key	97	UP	at	1040314 
1041938	[1624]	:	Key	98	DOWN	at	1041938 
1042027	[89]	:	Key	98	UP	at	1042018 
1042762	[735]	:	Key	98	DOWN	at	1042762 
1042857	[95]	:	Key	98	UP	at	1042857 
1044766	[1909]	:	Key	97	DOWN	at	1044766 
1044858	[92]	:	Key	97	UP	at	1044768 
1045034	[176]	:	Key	97	DOWN	at	1045034 
1045123	[89]	:	Key	97	UP	at	1045049 
1047425	[2302]	:	Key	97	DOWN	at	1047425 
1047537	[112]	:	Key	97	UP	at	1047537 
1048355	[818]	:	Key	97	DOWN	at	1048355 
1048458	[103]	:	Key	97	UP	at	1048458 
1050099	[1641]	:	Key	97	DOWN	at	1050099 
1050210	[111]	:	Key	97	UP	at	1050210 
1050611	[401]	:	Key	97	DOWN	at	1050611 
1050730	[119]	:	Key	97	UP	at	1050730 
1051138	[408]	:	Key	97	DOWN	at	1051138 
1051218	[80]	:	Key	97	UP	at	1051202 
1051595	[377]	:	Key	97	DOWN	at	1051595 
1051698	[103]	:	Key	97	UP	at	1051698 
1053275	[1577]	:	Key	97	DOWN	at	1053275 
1053386	[111]	:	Key	97	UP	at	1053386 
1053874	[488]	:	Key	97	DOWN	at	1053874 
1053981	[107]	:	Key	97	UP	at	1053954 
1054810	[829]	:	Key	97	DOWN	at	1054810 
1054931	[121]	:	Key	97	UP	at	1054931 
1055426	[495]	:	Key	97	DOWN	at	1055426 
1055546	[120]	:	Key	97	UP	at	1055546 
1056282	[736]	:	Key	97	DOWN	at	1056282 
1056402	[120]	:	Key	97	UP	at	1056402 
1056955	[553]	:	Key	97	DOWN	at	1056955 
1057044	[89]	:	Key	97	UP	at	1057042 
1057562	[518]	:	Key	97	DOWN	at	1057562 
1057662	[100]	:	Key	97	UP	at	1057658 
1058466	[804]	:	Key	97	DOWN	at	1058466 
1058594	[128]	:	Key	97	UP	at	1058594 
1059777	[1183]	:	Key	97	DOWN	at	1059777 
1059871	[94]	:	Key	97	UP	at	1059778 
1060426	[555]	:	Key	97	DOWN	at	1060426 
1060594	[168]	:	Key	97	UP	at	1060594 
1062138	[1544]	:	Key	97	DOWN	at	1062138 
1062265	[127]	:	Key	97	UP	at	1062265 
1063754	[1489]	:	Key	97	DOWN	at	1063754 
1064754	[1000]	:	Key	97	UP	at	1063874 
1067355	[2601]	:	Key	71	DOWN	at	1067355 
1067653	[298]	:	Key	71	UP	at	1067507 
1069075	[1422]	:	Key	71	DOWN	at	1069075 
1170975	[101900]	:	Key	71	DOWN	at	1170975 
1171175	[200]	:	Key	71	UP	at	1171175 
1171759	[584]	:	Key	71	DOWN	at	1171759 
1653851	[482092]	:	Key	71	DOWN	at	1653851 
1654002	[151]	:	Key	71	UP	at	1654002 
1658546	[4544]	:	Key	71	DOWN	at	1658546 
1658698	[152]	:	Key	71	UP	at	1658698 
1663883	[5185]	:	Key	71	DOWN	at	1663883 
1664051	[168]	:	Key	71	UP	at	1664051 
1664347	[296]	:	Key	71	DOWN	at	1664347 
1664483	[136]	:	Key	71	UP	at	1664483 
1664707	[224]	:	Key	71	DOWN	at	1664707 
1664843	[136]	:	Key	71	UP	at	1664843 
1665371	[528]	:	Key	71	DOWN	at	1665371 
1665475	[104]	:	Key	71	UP	at	1665475 
1665723	[248]	:	Key	71	DOWN	at	1665723 
1665795	[72]	:	Key	71	UP	at	1665795 
1666043	[248]	:	Key	71	DOWN	at	1666043 
1666147	[104]	:	Key	71	UP	at	1666147 
1666339	[192]	:	Key	71	DOWN	at	1666339 
1666435	[96]	:	Key	71	UP	at	1666435 
1666651	[216]	:	Key	71	DOWN	at	1666651 
1666739	[88]	:	Key	71	UP	at	1666739 
1666946	[207]	:	Key	71	DOWN	at	1666946 
1667051	[105]	:	Key	71	UP	at	1667051 
1667219	[168]	:	Key	71	DOWN	at	1667219 
1667355	[136]	:	Key	71	UP	at	1667355 
1667531	[176]	:	Key	71	DOWN	at	1667531 
1667659	[128]	:	Key	71	UP	at	1667659 
1667771	[112]	:	Key	71	DOWN	at	1667771 
1667907	[136]	:	Key	71	UP	at	1667907 
1668106	[199]	:	Key	71	DOWN	at	1668106 
1668194	[88]	:	Key	71	UP	at	1668194 
1668338	[144]	:	Key	71	DOWN	at	1668338 
1668450	[112]	:	Key	71	UP	at	1668450 
1668578	[128]	:	Key	71	DOWN	at	1668578 
1668682	[104]	:	Key	71	UP	at	1668682 
1668826	[144]	:	Key	71	DOWN	at	1668826 
1668946	[120]	:	Key	71	UP	at	1668946 
1669882	[936]	:	Key	71	DOWN	at	1669882 
1670018	[136]	:	Key	71	UP	at	1670018 
1675072	[5054]	:	Key	71	DOWN	at	1675072 
1675072	[0]	:	Key	71	UP	at	1675072 
1675650	[578]	:	Key	71	DOWN	at	1675650 
1675770	[120]	:	Key	71	UP	at	1675770 
1675962	[192]	:	Key	71	DOWN	at	1675962 
1676082	[120]	:	Key	71	UP	at	1676082 
1679275	[3193]	:	Key	98	DOWN	at	1679275 
1679291	[16]	:	Key	97	DOWN	at	1679291 
1679507	[216]	:	Key	97	UP	at	1679507 
1679523	[16]	:	Key	98	UP	at	1679523 
1679987	[464]	:	Key	98	DOWN	at	1679987 
1680035	[48]	:	Key	97	DOWN	at	1680035 
1680099	[64]	:	Key	97	UP	at	1680099 
1680123	[24]	:	Key	98	UP	at	1680123 
1681171	[1048]	:	Key	98	DOWN	at	1681171 
1681315	[144]	:	Key	98	UP	at	1681315 
1682147	[832]	:	Key	71	DOWN	at	1682147 
1682315	[168]	:	Key	71	UP	at	1682315 
1682515	[200]	:	Key	71	DOWN	at	1682515 
1682675	[160]	:	Key	71	UP	at	1682675 
1687602	[4927]	:	Key	71	DOWN	at	1687602 
1687770	[168]	:	Key	71	UP	at	1687770 
1690786	[3016]	:	Key	97	DOWN	at	1690786 
1690850	[64]	:	Key	97	UP	at	1690850 
1691642	[792]	:	Key	71	DOWN	at	1691642 
1691794	[152]	:	Key	71	UP	at	1691794 
1693738	[1944]	:	Key	98	DOWN	at	1693738 
1693842	[104]	:	Key	98	UP	at	1693842 
1694026	[184]	:	Key	97	DOWN	at	1694026 
1694114	[88]	:	Key	98	DOWN	at	1694114 
1694146	[32]	:	Key	98	UP	at	1694146 
1694178	[32]	:	Key	97	UP	at	1694178 
1694362	[184]	:	Key	97	DOWN	at	1694362 
1694386	[24]	:	Key	98	DOWN	at	1694386 
1694506	[120]	:	Key	97	UP	at	1694506 
1694570	[64]	:	Key	98	UP	at	1694570 
1695547	[977]	:	Key	100	DOWN	at	1695547 
1695699	[152]	:	Key	100	UP	at	1695699 
1696339	[640]	:	Key	95	DOWN	at	1696339 
1696483	[144]	:	Key	95	UP	at	1696483 
1697451	[968]	:	Key	97	DOWN	at	1697451 
1697603	[152]	:	Key	98	DOWN	at	1697603 
1697683	[80]	:	Key	97	UP	at	1697683 
1697795	[112]	:	Key	98	UP	at	1697795 
1698395	[600]	:	Key	100	DOWN	at	1698395 
1698515	[120]	:	Key	100	UP	at	1698515 
1698715	[200]	:	Key	95	DOWN	at	1698715 
1698795	[80]	:	Key	95	UP	at	1698795 
1699283	[488]	:	Key	97	DOWN	at	1699283 
1699507	[224]	:	Key	98	DOWN	at	1699507 
1699562	[55]	:	Key	97	UP	at	1699562 
1699651	[89]	:	Key	98	UP	at	1699651 
1703459	[3808]	:	Key	97	DOWN	at	1703459 
1703475	[16]	:	Key	98	DOWN	at	1703475 
1703595	[120]	:	Key	97	UP	at	1703595 
1703627	[32]	:	Key	98	UP	at	1703627 
1703979	[352]	:	Key	95	DOWN	at	1703979 
1705094	[1115]	:	Key	95	UP	at	1705094 
1705658	[564]	:	Key	97	DOWN	at	1705658 
1705666	[8]	:	Key	98	DOWN	at	1705666 
1705722	[56]	:	Key	97	UP	at	1705722 
1705754	[32]	:	Key	98	UP	at	1705754 
1706482	[728]	:	Key	100	DOWN	at	1706482 
1706538	[56]	:	Key	100	UP	at	1706538 
1706738	[200]	:	Key	100	DOWN	at	1706738 
1706794	[56]	:	Key	100	UP	at	1706794 
1706946	[152]	:	Key	100	DOWN	at	1706946 
1707002	[56]	:	Key	100	UP	at	1707002 
1707642	[640]	:	Key	97	DOWN	at	1707642 
1707666	[24]	:	Key	97	UP	at	1707666 
1708039	[373]	:	Key	97	DOWN	at	1708034 
1708091	[52]	:	Key	97	UP	at	1708091 
1708242	[151]	:	Key	97	DOWN	at	1708242 
1709242	[1000]	:	Key	98	DOWN	at	1708274 
1709242	[0]	:	Key	98	UP	at	1708307 
1709242	[0]	:	Key	97	UP	at	1708315 
1710970	[1728]	:	Key	71	DOWN	at	1710970 
2265420	[554450]	:	Key	98	DOWN	at	2265420 
2265523	[103]	:	Key	98	UP	at	2265523 
2270508	[4985]	:	Key	97	DOWN	at	2270508 
2271508	[1000]	:	Key	97	UP	at	2270652 
2273517	[2009]	:	Key	71	DOWN	at	2273517 
2448858	[175341]	:	Key	71	DOWN	at	2446504 
2448859	[1]	:	Key	71	UP	at	2446648 
2448860	[1]	:	Key	71	DOWN	at	2447928 
2448861	[1]	:	Key	71	UP	at	2448104 
2786497	[337636]	:	Key	71	DOWN	at	2786497 
2786665	[168]	:	Key	71	UP	at	2786665 
2787729	[1064]	:	Key	97	DOWN	at	2787729 
2787881	[152]	:	Key	98	DOWN	at	2787881 
2787897	[16]	:	Key	97	UP	at	2787897 
2788153	[256]	:	Key	98	UP	at	2788153 
2815810	[27657]	:	Key	97	DOWN	at	2815810 
2816810	[1000]	:	Key	97	UP	at	2815939 
2818898	[2088]	:	Key	71	DOWN	at	2818898 
3371813	[552915]	:	Key	97	DOWN	at	3371813 
3372813	[1000]	:	Key	97	UP	at	3371950 
3374895	[2082]	:	Key	71	DOWN	at	3374895 
3856217	[481322]	:	Key	59	DOWN	at	3856217 
3856361	[144]	:	Key	59	UP	at	3856361 
3857377	[1016]	:	Key	71	DOWN	at	3857377 
3857403	[26]	:	COGENT STOP
