Cog2000 log file Tue Apr 20 10:32:12 2021
gprim v1.33 Compiled:Aug 12 2015 (GLib DirectDraw v7 DX10.0 Compiled:Aug 12 2015)
Display:1024x768x32 59.99Hz
Attaching E:\saharrajabi\final mbmf+drug task\cogent2000v1.33\toolbox\CogInput.mexw64
CogInput v1.05 Compiled: May 20 2010
3	[3]	:	COGENT START
5022	[5019]	:	Key	97	DOWN	at	5022    
5134	[112]	:	Key	97	UP	at	5134    
5558	[424]	:	Key	97	DOWN	at	5558    
5654	[96]	:	Key	97	UP	at	5654    
6463	[809]	:	Key	97	DOWN	at	6463    
7463	[1000]	:	Key	97	UP	at	6526    
8958	[1495]	:	Key	71	DOWN	at	8958    
9138	[180]	:	Key	71	UP	at	9102    
16575	[7437]	:	Key	71	DOWN	at	16575   
19969	[3394]	:	Key	71	UP	at	16711   
21551	[1582]	:	Key	71	DOWN	at	21551   
24857	[3306]	:	Key	71	UP	at	21703   
26743	[1886]	:	Key	71	DOWN	at	26743   
30043	[3300]	:	Key	71	UP	at	26911   
31157	[1114]	:	Key	71	DOWN	at	31157   
34459	[3302]	:	Key	71	UP	at	31317   
34461	[2]	:	Key	71	DOWN	at	33680   
34462	[1]	:	Key	71	UP	at	33840   
35334	[872]	:	Key	71	DOWN	at	35334   
38621	[3287]	:	Key	71	UP	at	35519   
39118	[497]	:	Key	71	DOWN	at	39118   
42416	[3298]	:	Key	71	UP	at	39303   
43047	[631]	:	Key	71	DOWN	at	43047   
46335	[3288]	:	Key	71	UP	at	43223   
47438	[1103]	:	Key	71	DOWN	at	47438   
50738	[3300]	:	Key	71	UP	at	47623   
51623	[885]	:	Key	71	DOWN	at	51623   
54922	[3299]	:	Key	71	UP	at	51823   
56022	[1100]	:	Key	71	DOWN	at	56022   
59321	[3299]	:	Key	71	UP	at	56206   
60119	[798]	:	Key	71	DOWN	at	60119   
63409	[3290]	:	Key	71	UP	at	60319   
63886	[477]	:	Key	71	DOWN	at	63886   
67184	[3298]	:	Key	71	UP	at	64071   
68013	[829]	:	Key	71	DOWN	at	68013   
71311	[3298]	:	Key	71	UP	at	68197   
71903	[592]	:	Key	71	DOWN	at	71903   
75201	[3298]	:	Key	71	UP	at	72055   
76055	[854]	:	Key	71	DOWN	at	76055   
79343	[3288]	:	Key	71	UP	at	76231   
80078	[735]	:	Key	71	DOWN	at	80078   
83377	[3299]	:	Key	71	UP	at	80255   
83870	[493]	:	Key	71	DOWN	at	83870   
87158	[3288]	:	Key	71	UP	at	84039   
87615	[457]	:	Key	71	DOWN	at	87615   
90893	[3278]	:	Key	71	UP	at	87776   
91415	[522]	:	Key	71	DOWN	at	91415   
94703	[3288]	:	Key	71	UP	at	91616   
95310	[607]	:	Key	71	DOWN	at	95310   
98597	[3287]	:	Key	71	UP	at	95479   
100708	[2111]	:	Key	71	DOWN	at	100708  
104009	[3301]	:	Key	71	UP	at	100861  
105676	[1667]	:	Key	71	DOWN	at	105676  
108975	[3299]	:	Key	71	UP	at	105822  
110997	[2022]	:	Key	71	DOWN	at	110997  
114296	[3299]	:	Key	71	UP	at	111157  
117468	[3172]	:	Key	71	DOWN	at	117468  
120769	[3301]	:	Key	71	UP	at	117613  
121797	[1028]	:	Key	71	DOWN	at	121797  
125097	[3300]	:	Key	71	UP	at	121900  
126237	[1140]	:	Key	71	DOWN	at	126237  
129537	[3300]	:	Key	71	UP	at	126398  
130357	[820]	:	Key	71	DOWN	at	130357  
133657	[3300]	:	Key	71	UP	at	130532  
135108	[1451]	:	Key	71	DOWN	at	135108  
135110	[2]	:	Key	71	UP	at	135110  
139213	[4103]	:	Key	71	DOWN	at	139213  
142513	[3300]	:	Key	71	UP	at	139310  
143108	[595]	:	Key	71	DOWN	at	143108  
146404	[3296]	:	Key	71	UP	at	143229  
147139	[735]	:	Key	71	DOWN	at	147139  
150430	[3291]	:	Key	71	UP	at	147292  
150891	[461]	:	Key	71	DOWN	at	150891  
154179	[3288]	:	Key	71	UP	at	151052  
154571	[392]	:	Key	71	DOWN	at	154571  
157859	[3288]	:	Key	71	UP	at	154740  
158380	[521]	:	Key	71	DOWN	at	158380  
161668	[3288]	:	Key	71	UP	at	158549  
162290	[622]	:	Key	71	DOWN	at	162290  
165579	[3289]	:	Key	71	UP	at	162483  
166857	[1278]	:	Key	71	DOWN	at	166857  
170157	[3300]	:	Key	71	UP	at	167026  
170569	[412]	:	Key	71	DOWN	at	170569  
173857	[3288]	:	Key	71	UP	at	170746  
174202	[345]	:	Key	71	DOWN	at	174202  
177492	[3290]	:	Key	71	UP	at	174387  
177834	[342]	:	Key	71	DOWN	at	177834  
181122	[3288]	:	Key	71	UP	at	178003  
181522	[400]	:	Key	71	DOWN	at	181522  
184810	[3288]	:	Key	71	UP	at	181706  
185281	[471]	:	Key	71	DOWN	at	185281  
188570	[3289]	:	Key	71	UP	at	185466  
188945	[375]	:	Key	71	DOWN	at	188945  
192246	[3301]	:	Key	71	UP	at	189138  
192248	[2]	:	Key	71	DOWN	at	191419  
192249	[1]	:	Key	71	UP	at	191603  
193770	[1521]	:	Key	71	DOWN	at	193770  
197071	[3301]	:	Key	71	UP	at	193931  
200048	[2977]	:	Key	71	DOWN	at	200048  
203349	[3301]	:	Key	71	UP	at	200200  
203783	[434]	:	Key	71	DOWN	at	203783  
207082	[3299]	:	Key	71	UP	at	203984  
207647	[565]	:	Key	71	DOWN	at	207647  
210931	[3284]	:	Key	71	UP	at	207824  
210933	[2]	:	Key	71	DOWN	at	210457  
210934	[1]	:	Key	71	UP	at	210649  
211680	[746]	:	Key	71	DOWN	at	211680  
214980	[3300]	:	Key	71	UP	at	211720  
215576	[596]	:	Key	71	DOWN	at	215576  
219535	[3959]	:	Key	71	UP	at	215815  
219535	[0]	:	Key	71	DOWN	at	218024  
219535	[0]	:	Key	71	UP	at	218216  
221247	[1712]	:	Key	71	DOWN	at	221247  
222295	[1048]	:	Key	71	UP	at	221432  
225155	[2860]	:	Key	97	DOWN	at	225155  
226310	[1155]	:	Key	97	UP	at	225156  
228064	[1754]	:	Key	97	DOWN	at	228064  
229177	[1113]	:	Key	97	UP	at	228193  
230840	[1663]	:	Key	97	DOWN	at	230840  
231967	[1127]	:	Key	97	UP	at	230976  
233464	[1497]	:	Key	98	DOWN	at	233464  
234592	[1128]	:	Key	98	UP	at	233575  
235783	[1191]	:	Key	98	DOWN	at	235783  
236903	[1120]	:	Key	98	UP	at	235903  
238007	[1104]	:	Key	97	DOWN	at	238007  
239122	[1115]	:	Key	97	UP	at	238103  
240551	[1429]	:	Key	97	DOWN	at	240551  
241676	[1125]	:	Key	97	UP	at	240655  
243368	[1692]	:	Key	98	DOWN	at	243368  
245085	[1717]	:	Key	98	UP	at	243464  
246808	[1723]	:	Key	71	DOWN	at	246808  
247856	[1048]	:	Key	71	UP	at	246905  
249967	[2111]	:	Key	98	DOWN	at	249967  
251090	[1123]	:	Key	98	UP	at	250119  
252336	[1246]	:	Key	97	DOWN	at	252336  
253463	[1127]	:	Key	97	UP	at	252439  
255172	[1709]	:	Key	98	DOWN	at	255172  
255172	[0]	:	Key	98	UP	at	255172  
256291	[1119]	:	Key	98	DOWN	at	255384  
256293	[2]	:	Key	98	UP	at	255504  
258071	[1778]	:	Key	97	DOWN	at	258071  
259197	[1126]	:	Key	97	UP	at	258216  
260207	[1010]	:	Key	98	DOWN	at	260207  
261325	[1118]	:	Key	98	UP	at	260350  
262463	[1138]	:	Key	98	DOWN	at	262463  
263595	[1132]	:	Key	98	UP	at	262591  
265103	[1508]	:	Key	97	DOWN	at	265103  
266240	[1137]	:	Key	97	UP	at	265230  
268223	[1983]	:	Key	97	DOWN	at	268223  
269417	[1194]	:	Key	97	UP	at	268343  
271519	[2102]	:	Key	71	DOWN	at	271519  
271847	[328]	:	Key	71	UP	at	271679  
273126	[1279]	:	Key	71	DOWN	at	273126  
273286	[160]	:	Key	71	UP	at	273286  
275670	[2384]	:	Key	71	DOWN	at	275670  
278971	[3301]	:	Key	71	UP	at	275822  
280479	[1508]	:	Key	71	DOWN	at	280479  
283779	[3300]	:	Key	71	UP	at	280616  
285177	[1398]	:	Key	71	DOWN	at	285177  
285179	[2]	:	Key	71	UP	at	285179  
289543	[4364]	:	Key	71	DOWN	at	289543  
292843	[3300]	:	Key	71	UP	at	289727  
293518	[675]	:	Key	71	DOWN	at	293518  
296818	[3300]	:	Key	71	UP	at	293671  
297503	[685]	:	Key	71	DOWN	at	297503  
300789	[3286]	:	Key	71	UP	at	297688  
301982	[1193]	:	Key	71	DOWN	at	301982  
305282	[3300]	:	Key	71	UP	at	302150  
306053	[771]	:	Key	71	DOWN	at	306053  
309341	[3288]	:	Key	71	UP	at	306245  
309901	[560]	:	Key	71	DOWN	at	309901  
313191	[3290]	:	Key	71	UP	at	310093  
313629	[438]	:	Key	71	DOWN	at	313629  
316917	[3288]	:	Key	71	UP	at	313814  
317477	[560]	:	Key	71	DOWN	at	317477  
320765	[3288]	:	Key	71	UP	at	317662  
321269	[504]	:	Key	71	DOWN	at	321269  
324570	[3301]	:	Key	71	UP	at	321445  
325012	[442]	:	Key	71	DOWN	at	325012  
328312	[3300]	:	Key	71	UP	at	325205  
330201	[1889]	:	Key	71	DOWN	at	330201  
330201	[0]	:	Key	71	UP	at	330201  
333503	[3302]	:	Key	71	DOWN	at	332934  
333505	[2]	:	Key	71	UP	at	333134  
334779	[1274]	:	Key	71	DOWN	at	334779  
338081	[3302]	:	Key	71	UP	at	334988  
338083	[2]	:	Key	71	DOWN	at	337155  
338084	[1]	:	Key	71	UP	at	337363  
338587	[503]	:	Key	71	DOWN	at	338587  
342485	[3898]	:	Key	71	UP	at	338795  
343106	[621]	:	Key	71	DOWN	at	343106  
344154	[1048]	:	Key	71	UP	at	343323  
346275	[2121]	:	Key	97	DOWN	at	346275  
347403	[1128]	:	Key	97	UP	at	346411  
349683	[2280]	:	Key	98	DOWN	at	349683  
350796	[1113]	:	Key	98	UP	at	349811  
352627	[1831]	:	Key	97	DOWN	at	352627  
353759	[1132]	:	Key	97	UP	at	352738  
355891	[2132]	:	Key	98	DOWN	at	355891  
357020	[1129]	:	Key	98	UP	at	355955  
358635	[1615]	:	Key	97	DOWN	at	358635  
359757	[1122]	:	Key	97	UP	at	358754  
361675	[1918]	:	Key	97	DOWN	at	361675  
362809	[1134]	:	Key	97	UP	at	361770  
363698	[889]	:	Key	97	DOWN	at	363698  
364823	[1125]	:	Key	97	UP	at	363818  
365971	[1148]	:	Key	98	DOWN	at	365971  
367651	[1680]	:	Key	98	UP	at	366075  
369163	[1512]	:	Key	71	DOWN	at	369163  
370203	[1040]	:	Key	71	UP	at	369276  
371963	[1760]	:	Key	97	DOWN	at	371963  
373077	[1114]	:	Key	97	UP	at	372066  
375217	[2140]	:	Key	97	DOWN	at	375217  
375217	[0]	:	Key	97	UP	at	375217  
378035	[2818]	:	Key	97	DOWN	at	378035  
379161	[1126]	:	Key	97	UP	at	378179  
380947	[1786]	:	Key	97	DOWN	at	380947  
382074	[1127]	:	Key	97	UP	at	381074  
383739	[1665]	:	Key	97	DOWN	at	383739  
384865	[1126]	:	Key	97	UP	at	383859  
386571	[1706]	:	Key	97	DOWN	at	386571  
387694	[1123]	:	Key	97	UP	at	386708  
388731	[1037]	:	Key	98	DOWN	at	388731  
389844	[1113]	:	Key	98	UP	at	388884  
391755	[1911]	:	Key	97	DOWN	at	391755  
392945	[1190]	:	Key	97	UP	at	391850  
394611	[1666]	:	Key	71	DOWN	at	394611  
394935	[324]	:	Key	71	UP	at	394755  
397203	[2268]	:	Key	71	DOWN	at	397203  
397394	[191]	:	Key	71	UP	at	397394  
399794	[2400]	:	Key	71	DOWN	at	399794  
403095	[3301]	:	Key	71	UP	at	399971  
404139	[1044]	:	Key	71	DOWN	at	404139  
407440	[3301]	:	Key	71	UP	at	405259  
409779	[2339]	:	Key	71	DOWN	at	409779  
413079	[3300]	:	Key	71	UP	at	409947  
413986	[907]	:	Key	71	DOWN	at	413986  
417286	[3300]	:	Key	71	UP	at	414163  
417874	[588]	:	Key	71	DOWN	at	417874  
421176	[3302]	:	Key	71	UP	at	418076  
421178	[2]	:	Key	71	DOWN	at	420270  
421179	[1]	:	Key	71	UP	at	420271  
421899	[720]	:	Key	71	DOWN	at	421899  
425198	[3299]	:	Key	71	UP	at	422074  
425771	[573]	:	Key	71	DOWN	at	425771  
429072	[3301]	:	Key	71	UP	at	425955  
429707	[635]	:	Key	71	DOWN	at	429707  
433616	[3909]	:	Key	71	UP	at	429883  
435257	[1641]	:	Key	71	DOWN	at	435257  
436300	[1043]	:	Key	71	UP	at	435258  
438659	[2359]	:	Key	98	DOWN	at	438659  
439791	[1132]	:	Key	98	UP	at	438804  
441058	[1267]	:	Key	97	DOWN	at	441058  
442172	[1114]	:	Key	97	UP	at	441188  
444595	[2423]	:	Key	98	DOWN	at	444595  
445729	[1134]	:	Key	98	UP	at	444714  
448411	[2682]	:	Key	97	DOWN	at	448411  
449546	[1135]	:	Key	97	UP	at	448563  
450842	[1296]	:	Key	97	DOWN	at	450842  
451976	[1134]	:	Key	97	UP	at	450987  
453275	[1299]	:	Key	97	DOWN	at	453275  
454398	[1123]	:	Key	97	UP	at	453412  
455739	[1341]	:	Key	97	DOWN	at	455739  
456860	[1121]	:	Key	97	UP	at	455883  
459195	[2335]	:	Key	98	DOWN	at	459195  
460891	[1696]	:	Key	98	UP	at	459331  
462555	[1664]	:	Key	71	DOWN	at	462555  
463606	[1051]	:	Key	71	UP	at	462675  
465371	[1765]	:	Key	98	DOWN	at	465371  
466497	[1126]	:	Key	98	UP	at	465515  
468770	[2273]	:	Key	97	DOWN	at	468770  
469884	[1114]	:	Key	97	UP	at	468899  
472171	[2287]	:	Key	98	DOWN	at	472171  
473306	[1135]	:	Key	98	UP	at	472299  
475475	[2169]	:	Key	97	DOWN	at	475475  
476602	[1127]	:	Key	97	UP	at	475636  
477674	[1072]	:	Key	97	DOWN	at	477674  
478792	[1118]	:	Key	97	UP	at	477762  
481170	[2378]	:	Key	97	DOWN	at	481170  
482301	[1131]	:	Key	97	UP	at	481306  
484835	[2534]	:	Key	97	DOWN	at	484835  
485966	[1131]	:	Key	97	UP	at	485003  
488339	[2373]	:	Key	98	DOWN	at	488339  
489539	[1200]	:	Key	98	UP	at	488467  
491275	[1736]	:	Key	71	DOWN	at	491275  
491588	[313]	:	Key	71	UP	at	491452  
492963	[1375]	:	Key	71	DOWN	at	492963  
493115	[152]	:	Key	71	UP	at	493115  
497026	[3911]	:	Key	71	DOWN	at	497026  
500326	[3300]	:	Key	71	UP	at	497171  
501162	[836]	:	Key	71	DOWN	at	501162  
504462	[3300]	:	Key	71	UP	at	501404  
505170	[708]	:	Key	71	DOWN	at	505170  
508473	[3303]	:	Key	71	UP	at	505371  
508475	[2]	:	Key	71	DOWN	at	507076  
508476	[1]	:	Key	71	UP	at	507292  
509171	[695]	:	Key	71	DOWN	at	509171  
512471	[3300]	:	Key	71	UP	at	510313  
513267	[796]	:	Key	71	DOWN	at	513267  
516563	[3296]	:	Key	71	UP	at	513484  
517352	[789]	:	Key	71	DOWN	at	517352  
520640	[3288]	:	Key	71	UP	at	517537  
521544	[904]	:	Key	71	DOWN	at	521544  
524840	[3296]	:	Key	71	UP	at	521729  
525785	[945]	:	Key	71	DOWN	at	525785  
529695	[3910]	:	Key	71	UP	at	526010  
530273	[578]	:	Key	71	DOWN	at	530273  
531321	[1048]	:	Key	71	UP	at	530450  
533273	[1952]	:	Key	97	DOWN	at	533273  
534395	[1122]	:	Key	97	UP	at	533400  
536807	[2412]	:	Key	98	DOWN	at	536807  
537926	[1119]	:	Key	98	UP	at	536919  
540299	[2373]	:	Key	97	DOWN	at	540299  
541412	[1113]	:	Key	97	UP	at	540300  
543256	[1844]	:	Key	97	DOWN	at	543256  
544387	[1131]	:	Key	97	UP	at	543417  
545712	[1325]	:	Key	97	DOWN	at	545712  
546846	[1134]	:	Key	97	UP	at	545864  
549214	[2368]	:	Key	97	DOWN	at	549214  
550344	[1130]	:	Key	97	UP	at	549361  
551280	[936]	:	Key	98	DOWN	at	551280  
552409	[1129]	:	Key	98	UP	at	551407  
554000	[1591]	:	Key	97	DOWN	at	554000  
555685	[1685]	:	Key	97	UP	at	554120  
557671	[1986]	:	Key	71	DOWN	at	557671  
558716	[1045]	:	Key	71	UP	at	557768  
561072	[2356]	:	Key	97	DOWN	at	561072  
562202	[1130]	:	Key	97	UP	at	561233  
564480	[2278]	:	Key	98	DOWN	at	564480  
565611	[1131]	:	Key	98	UP	at	564625  
567704	[2093]	:	Key	97	DOWN	at	567704  
568841	[1137]	:	Key	97	UP	at	567833  
570919	[2078]	:	Key	98	DOWN	at	570919  
572031	[1112]	:	Key	98	UP	at	571039  
574599	[2568]	:	Key	97	DOWN	at	574599  
575725	[1126]	:	Key	97	UP	at	574719  
576729	[1004]	:	Key	98	DOWN	at	576729  
577856	[1127]	:	Key	98	UP	at	576865  
578912	[1056]	:	Key	97	DOWN	at	578912  
580027	[1115]	:	Key	97	UP	at	579048  
581888	[1861]	:	Key	98	DOWN	at	581888  
583054	[1166]	:	Key	98	UP	at	582001  
585331	[2277]	:	Key	71	DOWN	at	585331  
585331	[0]	:	Key	71	UP	at	585331  
586952	[1621]	:	Key	71	DOWN	at	586952  
587095	[143]	:	Key	71	UP	at	587095  
589647	[2552]	:	Key	71	DOWN	at	589647  
592946	[3299]	:	Key	71	UP	at	589824  
593929	[983]	:	Key	71	DOWN	at	593929  
597221	[3292]	:	Key	71	UP	at	594080  
597776	[555]	:	Key	71	DOWN	at	597776  
601075	[3299]	:	Key	71	UP	at	597953  
601576	[501]	:	Key	71	DOWN	at	601576  
604875	[3299]	:	Key	71	UP	at	601761  
605424	[549]	:	Key	71	DOWN	at	605424  
608724	[3300]	:	Key	71	UP	at	605608  
609231	[507]	:	Key	71	DOWN	at	609231  
612531	[3300]	:	Key	71	UP	at	609424  
613152	[621]	:	Key	71	DOWN	at	613152  
616444	[3292]	:	Key	71	UP	at	613353  
617504	[1060]	:	Key	71	DOWN	at	617504  
621394	[3890]	:	Key	71	UP	at	617689  
622056	[662]	:	Key	71	DOWN	at	622056  
623098	[1042]	:	Key	71	UP	at	622208  
624511	[1413]	:	Key	97	DOWN	at	624511  
625616	[1105]	:	Key	97	UP	at	624664  
627688	[2072]	:	Key	98	DOWN	at	627688  
628821	[1133]	:	Key	98	UP	at	627848  
630346	[1525]	:	Key	97	DOWN	at	630346  
631464	[1118]	:	Key	97	UP	at	630400  
632583	[1119]	:	Key	97	DOWN	at	632583  
633689	[1106]	:	Key	97	UP	at	632728  
635055	[1366]	:	Key	97	DOWN	at	635055  
636168	[1113]	:	Key	97	UP	at	635208  
637247	[1079]	:	Key	97	DOWN	at	637247  
638366	[1119]	:	Key	97	UP	at	637384  
639614	[1248]	:	Key	97	DOWN	at	639614  
640728	[1114]	:	Key	97	UP	at	639743  
642231	[1503]	:	Key	97	DOWN	at	642231  
643929	[1698]	:	Key	97	UP	at	642374  
645959	[2030]	:	Key	71	DOWN	at	645959  
647008	[1049]	:	Key	71	UP	at	646079  
649807	[2799]	:	Key	97	DOWN	at	649807  
650919	[1112]	:	Key	97	UP	at	649968  
653551	[2632]	:	Key	97	DOWN	at	653551  
654678	[1127]	:	Key	97	UP	at	653712  
655966	[1288]	:	Key	97	DOWN	at	655966  
657110	[1144]	:	Key	97	UP	at	656110  
658535	[1425]	:	Key	97	DOWN	at	658535  
659670	[1135]	:	Key	97	UP	at	658680  
660710	[1040]	:	Key	98	DOWN	at	660710  
661829	[1119]	:	Key	98	UP	at	660830  
663312	[1483]	:	Key	98	DOWN	at	663312  
664438	[1126]	:	Key	98	UP	at	663431  
666687	[2249]	:	Key	98	DOWN	at	666687  
667821	[1134]	:	Key	98	UP	at	666840  
669687	[1866]	:	Key	97	DOWN	at	669687  
670888	[1201]	:	Key	97	UP	at	669783  
675790	[4902]	:	Key	71	DOWN	at	675790  
676170	[380]	:	Key	71	UP	at	675879  
678087	[1917]	:	Key	71	DOWN	at	678087  
678231	[144]	:	Key	71	UP	at	678231  
680190	[1959]	:	Key	59	DOWN	at	680190  
680262	[72]	:	Key	59	UP	at	680262  
681870	[1608]	:	Key	71	DOWN	at	681870  
682006	[136]	:	Key	71	UP	at	682006  
686942	[4936]	:	Key	71	DOWN	at	686942  
687070	[128]	:	Key	71	UP	at	687070  
690379	[3309]	:	Key	59	DOWN	at	690379  
690379	[0]	:	Key	59	UP	at	690379  
692165	[1786]	:	Key	71	DOWN	at	692165  
692365	[200]	:	Key	71	UP	at	692365  
694910	[2545]	:	Key	59	DOWN	at	694910  
695054	[144]	:	Key	59	UP	at	695054  
696997	[1943]	:	Key	71	DOWN	at	696997  
697197	[200]	:	Key	71	UP	at	697197  
698142	[945]	:	Key	59	DOWN	at	698142  
698278	[136]	:	Key	59	UP	at	698278  
699358	[1080]	:	Key	71	DOWN	at	699358  
699518	[160]	:	Key	71	UP	at	699518  
700270	[752]	:	Key	59	DOWN	at	700270  
700390	[120]	:	Key	59	UP	at	700390  
701262	[872]	:	Key	71	DOWN	at	701262  
701422	[160]	:	Key	71	UP	at	701422  
702038	[616]	:	Key	59	DOWN	at	702038  
702150	[112]	:	Key	59	UP	at	702150  
702942	[792]	:	Key	71	DOWN	at	702942  
703102	[160]	:	Key	71	UP	at	703102  
703622	[520]	:	Key	59	DOWN	at	703622  
703742	[120]	:	Key	59	UP	at	703742  
705376	[1634]	:	Key	71	DOWN	at	705376  
705376	[0]	:	Key	71	UP	at	705376  
705376	[0]	:	Key	59	DOWN	at	705376  
705378	[2]	:	Key	59	UP	at	705377  
705862	[484]	:	Key	71	DOWN	at	705862  
705990	[128]	:	Key	71	UP	at	705990  
706446	[456]	:	Key	59	DOWN	at	706446  
706574	[128]	:	Key	59	UP	at	706574  
707110	[536]	:	Key	71	DOWN	at	707110  
707254	[144]	:	Key	71	UP	at	707254  
707782	[528]	:	Key	59	DOWN	at	707782  
707926	[144]	:	Key	59	UP	at	707926  
708022	[96]	:	Key	59	DOWN	at	708022  
708070	[48]	:	Key	59	UP	at	708070  
712668	[4598]	:	Key	71	DOWN	at	712668  
712836	[168]	:	Key	71	UP	at	712836  
712996	[160]	:	Key	59	DOWN	at	712996  
713156	[160]	:	Key	59	UP	at	713156  
713972	[816]	:	Key	71	DOWN	at	713972  
714124	[152]	:	Key	71	UP	at	714124  
714196	[72]	:	Key	59	DOWN	at	714196  
714332	[136]	:	Key	59	UP	at	714332  
720397	[6065]	:	Key	71	DOWN	at	720397  
720397	[0]	:	Key	71	UP	at	720397  
720399	[2]	:	Key	59	DOWN	at	720398  
720491	[92]	:	Key	59	UP	at	720491  
720907	[416]	:	Key	71	DOWN	at	720907  
721035	[128]	:	Key	71	UP	at	721035  
721107	[72]	:	Key	59	DOWN	at	721107  
721227	[120]	:	Key	59	UP	at	721227  
722179	[952]	:	Key	71	DOWN	at	722179  
722275	[96]	:	Key	71	UP	at	722275  
722611	[336]	:	Key	59	DOWN	at	722611  
722691	[80]	:	Key	59	UP	at	722691  
722851	[160]	:	Key	71	DOWN	at	722851  
722987	[136]	:	Key	71	UP	at	722987  
723083	[96]	:	Key	59	DOWN	at	723083  
723163	[80]	:	Key	59	UP	at	723163  
723259	[96]	:	Key	71	DOWN	at	723259  
723387	[128]	:	Key	71	UP	at	723387  
723467	[80]	:	Key	59	DOWN	at	723467  
723539	[72]	:	Key	59	UP	at	723539  
723955	[416]	:	Key	59	DOWN	at	723955  
723987	[32]	:	Key	59	UP	at	723987  
724235	[248]	:	Key	71	DOWN	at	724235  
724419	[184]	:	Key	71	UP	at	724419  
724507	[88]	:	Key	59	DOWN	at	724507  
724635	[128]	:	Key	59	UP	at	724635  
724819	[184]	:	Key	71	DOWN	at	724819  
724987	[168]	:	Key	71	UP	at	724987  
725179	[192]	:	Key	59	DOWN	at	725179  
725355	[176]	:	Key	59	UP	at	725355  
730498	[5143]	:	Key	71	DOWN	at	730498  
730747	[249]	:	Key	71	UP	at	730747  
730795	[48]	:	Key	59	DOWN	at	730795  
730947	[152]	:	Key	59	UP	at	730947  
731427	[480]	:	Key	71	DOWN	at	731427  
731611	[184]	:	Key	71	UP	at	731611  
731635	[24]	:	Key	59	DOWN	at	731635  
731731	[96]	:	Key	59	UP	at	731731  
732043	[312]	:	Key	71	DOWN	at	732043  
732203	[160]	:	Key	71	UP	at	732203  
741987	[9784]	:	Key	71	DOWN	at	741987  
742163	[176]	:	Key	71	UP	at	742163  
742315	[152]	:	Key	59	DOWN	at	742315  
742427	[112]	:	Key	59	UP	at	742427  
742594	[167]	:	Key	59	DOWN	at	742594  
742610	[16]	:	Key	71	DOWN	at	742610  
742642	[32]	:	Key	59	UP	at	742642  
742762	[120]	:	Key	71	UP	at	742762  
742874	[112]	:	Key	59	DOWN	at	742874  
743010	[136]	:	Key	59	UP	at	743010  
743090	[80]	:	Key	71	DOWN	at	743090  
743226	[136]	:	Key	59	DOWN	at	743226  
743242	[16]	:	Key	71	UP	at	743242  
743274	[32]	:	Key	59	UP	at	743274  
743442	[168]	:	Key	59	DOWN	at	743442  
743545	[103]	:	Key	59	UP	at	743545  
743642	[97]	:	Key	71	DOWN	at	743642  
743769	[127]	:	Key	59	DOWN	at	743769  
743793	[24]	:	Key	71	UP	at	743793  
743833	[40]	:	Key	59	UP	at	743833  
744018	[185]	:	Key	59	DOWN	at	744018  
744129	[111]	:	Key	59	UP	at	744129  
744401	[272]	:	Key	71	DOWN	at	744401  
744521	[120]	:	Key	71	UP	at	744521  
744593	[72]	:	Key	59	DOWN	at	744593  
744633	[40]	:	Key	59	UP	at	744633  
744825	[192]	:	Key	59	DOWN	at	744825  
744905	[80]	:	Key	59	UP	at	744905  
745033	[128]	:	Key	71	DOWN	at	745033  
745161	[128]	:	Key	71	UP	at	745161  
745217	[56]	:	Key	59	DOWN	at	745217  
745257	[40]	:	Key	59	UP	at	745257  
745449	[192]	:	Key	59	DOWN	at	745449  
745553	[104]	:	Key	59	UP	at	745553  
745665	[112]	:	Key	71	DOWN	at	745665  
745785	[120]	:	Key	71	UP	at	745785  
745873	[88]	:	Key	59	DOWN	at	745873  
745913	[40]	:	Key	59	UP	at	745913  
746097	[184]	:	Key	59	DOWN	at	746097  
746193	[96]	:	Key	59	UP	at	746193  
746345	[152]	:	Key	71	DOWN	at	746345  
746489	[144]	:	Key	71	UP	at	746489  
746513	[24]	:	Key	59	DOWN	at	746513  
746593	[80]	:	Key	59	UP	at	746593  
746769	[176]	:	Key	59	DOWN	at	746769  
746849	[80]	:	Key	59	UP	at	746849  
747033	[184]	:	Key	59	DOWN	at	747033  
747113	[80]	:	Key	59	UP	at	747113  
747249	[136]	:	Key	71	DOWN	at	747249  
747377	[128]	:	Key	71	UP	at	747377  
747489	[112]	:	Key	59	DOWN	at	747489  
747529	[40]	:	Key	59	UP	at	747529  
747625	[96]	:	Key	71	DOWN	at	747625  
747761	[136]	:	Key	71	UP	at	747761  
748001	[240]	:	Key	59	DOWN	at	748001  
748113	[112]	:	Key	59	UP	at	748113  
748329	[216]	:	Key	71	DOWN	at	748329  
748433	[104]	:	Key	71	UP	at	748433  
748858	[425]	:	Key	71	DOWN	at	748858  
749018	[160]	:	Key	71	UP	at	749018  
749202	[184]	:	Key	59	DOWN	at	749202  
749306	[104]	:	Key	59	UP	at	749306  
749346	[40]	:	Key	71	DOWN	at	749346  
750407	[1061]	:	Key	71	UP	at	750407  
750407	[0]	:	Key	59	DOWN	at	750407  
750407	[0]	:	Key	59	UP	at	750407  
750409	[2]	:	Key	71	DOWN	at	750408  
750409	[0]	:	Key	71	UP	at	750408  
750409	[0]	:	Key	59	DOWN	at	750409  
750410	[1]	:	Key	59	UP	at	750409  
750498	[88]	:	Key	59	DOWN	at	750498  
750602	[104]	:	Key	59	UP	at	750602  
750634	[32]	:	Key	71	DOWN	at	750634  
750842	[208]	:	Key	71	UP	at	750842  
751034	[192]	:	Key	59	DOWN	at	751034  
751146	[112]	:	Key	59	UP	at	751146  
751162	[16]	:	Key	71	DOWN	at	751162  
751314	[152]	:	Key	71	UP	at	751314  
751410	[96]	:	Key	59	DOWN	at	751410  
751546	[136]	:	Key	59	UP	at	751546  
751570	[24]	:	Key	71	DOWN	at	751570  
751730	[160]	:	Key	71	UP	at	751730  
751786	[56]	:	Key	59	DOWN	at	751786  
751890	[104]	:	Key	59	UP	at	751890  
756442	[4552]	:	Key	71	DOWN	at	756442  
756786	[344]	:	Key	71	UP	at	756786  
756906	[120]	:	Key	59	DOWN	at	756906  
757010	[104]	:	Key	59	UP	at	757010  
757106	[96]	:	Key	71	DOWN	at	757106  
757354	[248]	:	Key	59	DOWN	at	757354  
757362	[8]	:	Key	71	UP	at	757362  
757522	[160]	:	Key	59	UP	at	757522  
757586	[64]	:	Key	71	DOWN	at	757586  
757746	[160]	:	Key	71	UP	at	757746  
764345	[6599]	:	Key	71	DOWN	at	764345  
765408	[1063]	:	Key	71	UP	at	765408  
765408	[0]	:	Key	71	DOWN	at	765408  
765409	[1]	:	Key	71	UP	at	765409  
765697	[288]	:	Key	71	DOWN	at	765697  
765817	[120]	:	Key	71	UP	at	765817  
766193	[376]	:	Key	71	DOWN	at	766193  
766353	[160]	:	Key	71	UP	at	766353  
767402	[1049]	:	Key	71	DOWN	at	767402  
767546	[144]	:	Key	71	UP	at	767546  
767939	[393]	:	Key	71	DOWN	at	767939  
768131	[192]	:	Key	71	UP	at	768131  
768427	[296]	:	Key	71	DOWN	at	768427  
768611	[184]	:	Key	71	UP	at	768611  
769043	[432]	:	Key	71	DOWN	at	769043  
769219	[176]	:	Key	71	UP	at	769219  
771682	[2463]	:	Key	59	DOWN	at	771682  
771994	[312]	:	Key	71	DOWN	at	771994  
772010	[16]	:	Key	59	UP	at	772010  
772194	[184]	:	Key	71	UP	at	772194  
772266	[72]	:	Key	59	DOWN	at	772266  
772498	[232]	:	Key	71	DOWN	at	772498  
772530	[32]	:	Key	59	UP	at	772530  
772778	[248]	:	Key	71	UP	at	772778  
772850	[72]	:	Key	59	DOWN	at	772850  
773202	[352]	:	Key	71	DOWN	at	773202  
773835	[633]	:	Key	71	UP	at	773835  
773882	[47]	:	Key	59	UP	at	773882  
774138	[256]	:	Key	59	DOWN	at	774138  
774458	[320]	:	Key	71	DOWN	at	774458  
774522	[64]	:	Key	59	UP	at	774522  
774602	[80]	:	Key	71	UP	at	774602  
774746	[144]	:	Key	59	DOWN	at	774746  
774938	[192]	:	Key	71	DOWN	at	774938  
774986	[48]	:	Key	59	UP	at	774986  
775178	[192]	:	Key	71	UP	at	775178  
775274	[96]	:	Key	59	DOWN	at	775274  
777546	[2272]	:	Key	59	UP	at	777546  
779398	[1852]	:	Key	71	DOWN	at	779398  
780422	[1024]	:	Key	71	UP	at	780422  
780422	[0]	:	Key	59	DOWN	at	780422  
780424	[2]	:	Key	71	DOWN	at	780423  
780424	[0]	:	Key	59	UP	at	780423  
780586	[162]	:	Key	59	DOWN	at	780586  
780618	[32]	:	Key	71	UP	at	780618  
780778	[160]	:	Key	59	UP	at	780778  
780834	[56]	:	Key	71	DOWN	at	780834  
781090	[256]	:	Key	71	UP	at	781090  
781090	[0]	:	Key	59	DOWN	at	781090  
781170	[80]	:	Key	59	UP	at	781170  
781330	[160]	:	Key	71	DOWN	at	781330  
781538	[208]	:	Key	71	UP	at	781538  
781546	[8]	:	Key	59	DOWN	at	781546  
781586	[40]	:	Key	59	UP	at	781586  
781817	[231]	:	Key	71	DOWN	at	781817  
782058	[241]	:	Key	71	UP	at	782058  
784265	[2207]	:	Key	71	DOWN	at	784265  
784321	[56]	:	Key	59	DOWN	at	784321  
784377	[56]	:	Key	71	UP	at	784377  
784377	[0]	:	Key	59	UP	at	784377  
784537	[160]	:	Key	59	DOWN	at	784537  
784593	[56]	:	Key	71	DOWN	at	784593  
787810	[3217]	:	Key	71	UP	at	787810  
787818	[8]	:	Key	59	UP	at	787818  
788290	[472]	:	Key	71	DOWN	at	788290  
788314	[24]	:	Key	59	DOWN	at	788314  
788922	[608]	:	Key	71	UP	at	788922  
788962	[40]	:	Key	59	UP	at	788962  
789170	[208]	:	Key	59	DOWN	at	789170  
789242	[72]	:	Key	59	UP	at	789242  
789506	[264]	:	Key	59	DOWN	at	789506  
789922	[416]	:	Key	71	DOWN	at	789922  
790226	[304]	:	Key	71	UP	at	790226  
790602	[376]	:	Key	71	DOWN	at	790602  
790802	[200]	:	Key	71	UP	at	790802  
790914	[112]	:	Key	59	UP	at	790914  
791034	[120]	:	Key	59	DOWN	at	791034  
791106	[72]	:	Key	71	DOWN	at	791106  
793218	[2112]	:	Key	59	UP	at	793218  
793418	[200]	:	Key	59	DOWN	at	793418  
793562	[144]	:	Key	59	UP	at	793562  
793722	[160]	:	Key	59	DOWN	at	793722  
793730	[8]	:	Key	71	UP	at	793730  
793858	[128]	:	Key	59	UP	at	793858  
794010	[152]	:	Key	59	DOWN	at	794010  
794154	[144]	:	Key	59	UP	at	794154  
794242	[88]	:	Key	71	DOWN	at	794242  
794330	[88]	:	Key	59	DOWN	at	794330  
794402	[72]	:	Key	71	UP	at	794402  
794402	[0]	:	Key	59	UP	at	794402  
795420	[1018]	:	Key	59	DOWN	at	795420  
795420	[0]	:	Key	59	UP	at	795420  
795420	[0]	:	Key	59	DOWN	at	795420  
795422	[2]	:	Key	71	DOWN	at	795421  
795422	[0]	:	Key	59	UP	at	795421  
795422	[0]	:	Key	71	UP	at	795422  
795423	[1]	:	Key	59	DOWN	at	795422  
795423	[0]	:	Key	59	UP	at	795422  
795450	[27]	:	Key	59	DOWN	at	795450  
795530	[80]	:	Key	71	DOWN	at	795530  
795546	[16]	:	Key	59	UP	at	795546  
795770	[224]	:	Key	59	DOWN	at	795770  
795802	[32]	:	Key	71	UP	at	795802  
795898	[96]	:	Key	59	UP	at	795898  
796090	[192]	:	Key	59	DOWN	at	796090  
796106	[16]	:	Key	71	DOWN	at	796106  
796146	[40]	:	Key	59	UP	at	796146  
796250	[104]	:	Key	71	UP	at	796250  
796386	[136]	:	Key	59	DOWN	at	796386  
796570	[184]	:	Key	59	UP	at	796570  
796666	[96]	:	Key	71	DOWN	at	796666  
796809	[143]	:	Key	71	UP	at	796809  
796842	[33]	:	Key	59	DOWN	at	796842  
796905	[63]	:	Key	59	UP	at	796905  
797081	[176]	:	Key	59	DOWN	at	797081  
797233	[152]	:	Key	59	UP	at	797233  
797433	[200]	:	Key	71	DOWN	at	797433  
797441	[8]	:	Key	59	DOWN	at	797441  
797481	[40]	:	Key	59	UP	at	797481  
797601	[120]	:	Key	71	UP	at	797601  
797705	[104]	:	Key	59	DOWN	at	797705  
797841	[136]	:	Key	59	UP	at	797841  
797929	[88]	:	Key	71	DOWN	at	797929  
798049	[120]	:	Key	59	DOWN	at	798049  
798073	[24]	:	Key	71	UP	at	798073  
798121	[48]	:	Key	59	UP	at	798121  
798289	[168]	:	Key	59	DOWN	at	798289  
798385	[96]	:	Key	59	UP	at	798385  
798529	[144]	:	Key	59	DOWN	at	798529  
798609	[80]	:	Key	59	UP	at	798609  
798665	[56]	:	Key	71	DOWN	at	798665  
798793	[128]	:	Key	71	UP	at	798793  
798825	[32]	:	Key	59	DOWN	at	798825  
798881	[56]	:	Key	59	UP	at	798881  
799025	[144]	:	Key	59	DOWN	at	799025  
799137	[112]	:	Key	71	DOWN	at	799137  
799153	[16]	:	Key	59	UP	at	799153  
799329	[176]	:	Key	71	UP	at	799329  
803171	[3842]	:	Key	71	DOWN	at	803171  
803411	[240]	:	Key	71	UP	at	803411  
803867	[456]	:	Key	71	DOWN	at	803867  
804211	[344]	:	Key	71	UP	at	804211  
805867	[1656]	:	Key	71	DOWN	at	805867  
806035	[168]	:	Key	71	UP	at	806035  
806211	[176]	:	Key	71	DOWN	at	806211  
806395	[184]	:	Key	71	UP	at	806395  
806523	[128]	:	Key	71	DOWN	at	806523  
806707	[184]	:	Key	71	UP	at	806707  
807171	[464]	:	Key	71	DOWN	at	807171  
807426	[255]	:	Key	71	UP	at	807426  
808890	[1464]	:	Key	59	DOWN	at	808890  
809034	[144]	:	Key	59	UP	at	809034  
810954	[1920]	:	Key	59	DOWN	at	810954  
811098	[144]	:	Key	59	UP	at	811098  
811330	[232]	:	Key	59	DOWN	at	811330  
811354	[24]	:	Key	71	DOWN	at	811354  
811426	[72]	:	Key	59	UP	at	811426  
811538	[112]	:	Key	71	UP	at	811538  
811690	[152]	:	Key	59	DOWN	at	811690  
811842	[152]	:	Key	59	UP	at	811842  
812010	[168]	:	Key	71	DOWN	at	812010  
812178	[168]	:	Key	71	UP	at	812178  
812178	[0]	:	Key	59	DOWN	at	812178  
812314	[136]	:	Key	59	UP	at	812314  
812522	[208]	:	Key	59	DOWN	at	812522  
812690	[168]	:	Key	59	UP	at	812690  
812786	[96]	:	Key	71	DOWN	at	812786  
812954	[168]	:	Key	71	UP	at	812954  
812978	[24]	:	Key	59	DOWN	at	812978  
813106	[128]	:	Key	59	UP	at	813106  
813378	[272]	:	Key	59	DOWN	at	813378  
813562	[184]	:	Key	59	UP	at	813562  
813738	[176]	:	Key	71	DOWN	at	813738  
813906	[168]	:	Key	71	UP	at	813906  
813962	[56]	:	Key	59	DOWN	at	813962  
814106	[144]	:	Key	59	UP	at	814106  
814314	[208]	:	Key	59	DOWN	at	814314  
814482	[168]	:	Key	59	UP	at	814482  
814570	[88]	:	Key	71	DOWN	at	814570  
814730	[160]	:	Key	71	UP	at	814730  
825449	[10719]	:	Key	64	DOWN	at	825449  
825641	[192]	:	Key	64	UP	at	825641  
827065	[1424]	:	Key	71	DOWN	at	827065  
827217	[152]	:	Key	71	UP	at	827217  
827753	[536]	:	Key	71	DOWN	at	827753  
828001	[248]	:	Key	71	UP	at	828001  
830969	[2968]	:	Key	59	DOWN	at	830969  
831105	[136]	:	Key	59	UP	at	831105  
844617	[13512]	:	Key	71	DOWN	at	844617  
844801	[184]	:	Key	71	UP	at	844801  
844985	[184]	:	Key	71	DOWN	at	844985  
845161	[176]	:	Key	71	UP	at	845161  
846017	[856]	:	Key	71	DOWN	at	846017  
846177	[160]	:	Key	59	DOWN	at	846177  
846193	[16]	:	Key	71	UP	at	846193  
846249	[56]	:	Key	59	UP	at	846249  
846433	[184]	:	Key	59	DOWN	at	846433  
846465	[32]	:	Key	71	DOWN	at	846465  
846473	[8]	:	Key	59	UP	at	846473  
846633	[160]	:	Key	71	UP	at	846633  
846673	[40]	:	Key	59	DOWN	at	846673  
846721	[48]	:	Key	59	UP	at	846721  
846865	[144]	:	Key	59	DOWN	at	846865  
846913	[48]	:	Key	71	DOWN	at	846913  
846921	[8]	:	Key	59	UP	at	846921  
847089	[168]	:	Key	71	UP	at	847089  
847273	[184]	:	Key	59	DOWN	at	847273  
847337	[64]	:	Key	59	UP	at	847337  
847465	[128]	:	Key	59	DOWN	at	847465  
847545	[80]	:	Key	59	UP	at	847545  
847561	[16]	:	Key	71	DOWN	at	847561  
847697	[136]	:	Key	71	UP	at	847697  
851825	[4128]	:	Key	71	DOWN	at	851825  
851977	[152]	:	Key	71	UP	at	851977  
852097	[120]	:	Key	71	DOWN	at	852097  
852145	[48]	:	Key	71	UP	at	852145  
852425	[280]	:	Key	71	DOWN	at	852425  
852561	[136]	:	Key	71	UP	at	852561  
852673	[112]	:	Key	71	DOWN	at	852673  
852737	[64]	:	Key	71	UP	at	852737  
852889	[152]	:	Key	71	DOWN	at	852889  
853033	[144]	:	Key	71	UP	at	853033  
853657	[624]	:	Key	71	DOWN	at	853657  
853929	[272]	:	Key	71	UP	at	853929  
854145	[216]	:	Key	71	DOWN	at	854145  
854393	[248]	:	Key	71	UP	at	854393  
855457	[1064]	:	Key	71	DOWN	at	855457  
855577	[120]	:	Key	71	UP	at	855577  
856025	[448]	:	Key	71	DOWN	at	856025  
856217	[192]	:	Key	71	UP	at	856217  
856329	[112]	:	Key	71	DOWN	at	856329  
856521	[192]	:	Key	71	UP	at	856521  
856657	[136]	:	Key	71	DOWN	at	856657  
857329	[672]	:	Key	71	UP	at	857329  
857881	[552]	:	Key	71	DOWN	at	857881  
858457	[576]	:	Key	71	UP	at	858457  
858545	[88]	:	Key	71	DOWN	at	858545  
859713	[1168]	:	Key	71	UP	at	859713  
859865	[152]	:	Key	71	DOWN	at	859865  
860841	[976]	:	Key	71	UP	at	860841  
861473	[632]	:	Key	71	DOWN	at	861473  
861897	[424]	:	Key	71	UP	at	861897  
862249	[352]	:	Key	71	DOWN	at	862249  
862705	[456]	:	Key	71	UP	at	862705  
862945	[240]	:	Key	71	DOWN	at	862945  
863281	[336]	:	Key	71	UP	at	863281  
863593	[312]	:	Key	71	DOWN	at	863593  
864465	[872]	:	Key	71	UP	at	864465  
864881	[416]	:	Key	71	DOWN	at	864881  
865241	[360]	:	Key	71	UP	at	865241  
866465	[1224]	:	Key	59	DOWN	at	866465  
866633	[168]	:	Key	59	UP	at	866633  
866745	[112]	:	Key	59	DOWN	at	866745  
866865	[120]	:	Key	59	UP	at	866865  
866977	[112]	:	Key	59	DOWN	at	866977  
867121	[144]	:	Key	59	UP	at	867121  
868249	[1128]	:	Key	71	DOWN	at	868249  
868465	[216]	:	Key	71	UP	at	868465  
868665	[200]	:	Key	71	DOWN	at	868665  
868857	[192]	:	Key	71	UP	at	868857  
868921	[64]	:	Key	71	DOWN	at	868921  
869113	[192]	:	Key	71	UP	at	869113  
869257	[144]	:	Key	71	DOWN	at	869257  
870461	[1204]	:	Key	71	UP	at	870461  
872937	[2476]	:	Key	71	DOWN	at	872937  
873105	[168]	:	Key	71	UP	at	873105  
873857	[752]	:	Key	59	DOWN	at	873857  
874033	[176]	:	Key	59	UP	at	874033  
874730	[697]	:	Key	71	DOWN	at	874730  
874906	[176]	:	Key	71	UP	at	874906  
875050	[144]	:	Key	71	DOWN	at	875050  
875178	[128]	:	Key	71	UP	at	875178  
875234	[56]	:	Key	71	DOWN	at	875234  
875418	[184]	:	Key	71	UP	at	875418  
876082	[664]	:	Key	59	DOWN	at	876082  
876226	[144]	:	Key	59	UP	at	876226  
885468	[9242]	:	Key	71	DOWN	at	885468  
885468	[0]	:	Key	71	UP	at	885468  
900488	[15020]	:	Key	59	DOWN	at	900488  
900508	[20]	:	Key	59	UP	at	900508  
900509	[1]	:	Key	59	DOWN	at	900509  
900509	[0]	:	Key	59	UP	at	900509  
902383	[1874]	:	Key	71	DOWN	at	902383  
902959	[576]	:	Key	71	UP	at	902959  
904735	[1776]	:	Key	59	DOWN	at	904735  
904983	[248]	:	Key	59	UP	at	904983  
906366	[1383]	:	Key	71	DOWN	at	906366  
906606	[240]	:	Key	71	UP	at	906606  
907030	[424]	:	Key	59	DOWN	at	907030  
907182	[152]	:	Key	59	UP	at	907182  
907334	[152]	:	Key	59	DOWN	at	907334  
907430	[96]	:	Key	59	UP	at	907430  
907663	[233]	:	Key	59	DOWN	at	907663  
907823	[160]	:	Key	59	UP	at	907823  
908758	[935]	:	Key	71	DOWN	at	908758  
908902	[144]	:	Key	71	UP	at	908902  
909014	[112]	:	Key	71	DOWN	at	909014  
909198	[184]	:	Key	71	UP	at	909198  
909734	[536]	:	Key	59	DOWN	at	909734  
909854	[120]	:	Key	59	UP	at	909854  
910599	[745]	:	Key	71	DOWN	at	910599  
911119	[520]	:	Key	71	UP	at	911119  
913590	[2471]	:	Key	71	DOWN	at	913590  
913798	[208]	:	Key	71	UP	at	913798  
914046	[248]	:	Key	71	DOWN	at	914046  
914222	[176]	:	Key	71	UP	at	914222  
914406	[184]	:	Key	71	DOWN	at	914406  
915487	[1081]	:	Key	71	UP	at	915487  
915488	[1]	:	Key	71	DOWN	at	915488  
915489	[1]	:	Key	71	UP	at	915489  
915606	[117]	:	Key	71	DOWN	at	915606  
915822	[216]	:	Key	71	UP	at	915822  
915950	[128]	:	Key	71	DOWN	at	915950  
916174	[224]	:	Key	71	UP	at	916174  
917878	[1704]	:	Key	71	DOWN	at	917878  
918246	[368]	:	Key	59	DOWN	at	918246  
918398	[152]	:	Key	59	UP	at	918398  
918446	[48]	:	Key	71	UP	at	918446  
918630	[184]	:	Key	71	DOWN	at	918630  
918686	[56]	:	Key	59	DOWN	at	918686  
918782	[96]	:	Key	59	UP	at	918782  
918854	[72]	:	Key	71	UP	at	918854  
918926	[72]	:	Key	71	DOWN	at	918926  
919126	[200]	:	Key	71	UP	at	919126  
919278	[152]	:	Key	71	DOWN	at	919278  
919382	[104]	:	Key	71	UP	at	919382  
919526	[144]	:	Key	71	DOWN	at	919526  
919630	[104]	:	Key	71	UP	at	919630  
919806	[176]	:	Key	71	DOWN	at	919806  
919910	[104]	:	Key	71	UP	at	919910  
920070	[160]	:	Key	71	DOWN	at	920070  
920198	[128]	:	Key	71	UP	at	920198  
920286	[88]	:	Key	71	DOWN	at	920286  
920414	[128]	:	Key	71	UP	at	920414  
923133	[2719]	:	Key	71	DOWN	at	923133  
923645	[512]	:	Key	59	DOWN	at	923645  
923893	[248]	:	Key	71	UP	at	923893  
923909	[16]	:	Key	59	UP	at	923909  
924149	[240]	:	Key	59	DOWN	at	924149  
924157	[8]	:	Key	71	DOWN	at	924157  
924277	[120]	:	Key	59	UP	at	924277  
924293	[16]	:	Key	71	UP	at	924293  
939549	[15256]	:	Key	59	DOWN	at	939549  
939669	[120]	:	Key	59	UP	at	939669  
939797	[128]	:	Key	59	DOWN	at	939797  
939901	[104]	:	Key	59	UP	at	939901  
939981	[80]	:	Key	59	DOWN	at	939981  
940101	[120]	:	Key	59	UP	at	940101  
940733	[632]	:	Key	71	DOWN	at	940733  
940805	[72]	:	Key	71	UP	at	940805  
940965	[160]	:	Key	71	DOWN	at	940965  
941125	[160]	:	Key	71	UP	at	941125  
941165	[40]	:	Key	71	DOWN	at	941165  
941397	[232]	:	Key	71	UP	at	941397  
941901	[504]	:	Key	59	DOWN	at	941901  
941989	[88]	:	Key	59	UP	at	941989  
942117	[128]	:	Key	59	DOWN	at	942117  
942205	[88]	:	Key	59	UP	at	942205  
942301	[96]	:	Key	59	DOWN	at	942301  
942405	[104]	:	Key	59	UP	at	942405  
943102	[697]	:	Key	71	DOWN	at	943102  
943134	[32]	:	Key	71	UP	at	943134  
943310	[176]	:	Key	71	DOWN	at	943310  
944471	[1161]	:	Key	59	DOWN	at	944471  
945509	[1038]	:	Key	71	UP	at	945509  
945509	[0]	:	Key	59	UP	at	945509  
945511	[2]	:	Key	59	DOWN	at	945510  
945511	[0]	:	Key	59	UP	at	945511  
945512	[1]	:	Key	59	DOWN	at	945511  
945513	[1]	:	Key	71	DOWN	at	945512  
945513	[0]	:	Key	71	UP	at	945512  
945514	[1]	:	Key	59	UP	at	945513  
945514	[0]	:	Key	59	DOWN	at	945513  
945516	[2]	:	Key	71	DOWN	at	945514  
945525	[9]	:	Key	71	UP	at	945525  
945533	[8]	:	Key	59	UP	at	945533  
945677	[144]	:	Key	71	DOWN	at	945677  
945893	[216]	:	Key	71	UP	at	945893  
946037	[144]	:	Key	71	DOWN	at	946037  
946053	[16]	:	Key	59	DOWN	at	946053  
946109	[56]	:	Key	59	UP	at	946109  
946237	[128]	:	Key	71	UP	at	946237  
946277	[40]	:	Key	71	DOWN	at	946277  
946429	[152]	:	Key	71	UP	at	946429  
946558	[129]	:	Key	71	DOWN	at	946558  
946726	[168]	:	Key	71	UP	at	946726  
946846	[120]	:	Key	71	DOWN	at	946846  
946950	[104]	:	Key	71	UP	at	946950  
949557	[2607]	:	Key	71	DOWN	at	949557  
949717	[160]	:	Key	71	UP	at	949717  
950101	[384]	:	Key	71	DOWN	at	950101  
950317	[216]	:	Key	71	UP	at	950317  
951373	[1056]	:	Key	71	DOWN	at	951373  
951589	[216]	:	Key	71	UP	at	951589  
951837	[248]	:	Key	59	DOWN	at	951837  
951853	[16]	:	Key	71	DOWN	at	951853  
951925	[72]	:	Key	71	UP	at	951925  
951965	[40]	:	Key	59	UP	at	951965  
952157	[192]	:	Key	59	DOWN	at	952157  
952181	[24]	:	Key	71	DOWN	at	952181  
952245	[64]	:	Key	71	UP	at	952245  
952333	[88]	:	Key	59	UP	at	952333  
953892	[1559]	:	Key	71	DOWN	at	953892  
953972	[80]	:	Key	71	UP	at	953972  
954132	[160]	:	Key	71	DOWN	at	954132  
954276	[144]	:	Key	71	UP	at	954276  
954412	[136]	:	Key	71	DOWN	at	954412  
954636	[224]	:	Key	71	UP	at	954636  
956316	[1680]	:	Key	71	DOWN	at	956316  
956468	[152]	:	Key	71	UP	at	956468  
956587	[119]	:	Key	71	DOWN	at	956587  
956755	[168]	:	Key	71	UP	at	956755  
956875	[120]	:	Key	71	DOWN	at	956875  
957091	[216]	:	Key	71	UP	at	957091  
958171	[1080]	:	Key	71	DOWN	at	958171  
958363	[192]	:	Key	71	UP	at	958363  
961588	[3225]	:	Key	71	DOWN	at	961588  
962748	[1160]	:	Key	71	UP	at	962748  
963468	[720]	:	Key	71	DOWN	at	963468  
964004	[536]	:	Key	71	UP	at	964004  
965133	[1129]	:	Key	71	DOWN	at	965133  
965428	[295]	:	Key	71	UP	at	965428  
965788	[360]	:	Key	71	DOWN	at	965788  
965892	[104]	:	Key	71	UP	at	965892  
966132	[240]	:	Key	71	DOWN	at	966132  
966220	[88]	:	Key	71	UP	at	966220  
966476	[256]	:	Key	71	DOWN	at	966476  
966636	[160]	:	Key	71	UP	at	966636  
966908	[272]	:	Key	71	DOWN	at	966908  
967012	[104]	:	Key	71	UP	at	967012  
967380	[368]	:	Key	71	DOWN	at	967380  
967572	[192]	:	Key	71	UP	at	967572  
968172	[600]	:	Key	71	DOWN	at	968172  
968388	[216]	:	Key	71	UP	at	968388  
969292	[904]	:	Key	71	DOWN	at	969292  
969468	[176]	:	Key	71	UP	at	969468  
970076	[608]	:	Key	71	DOWN	at	970076  
970300	[224]	:	Key	71	UP	at	970300  
971364	[1064]	:	Key	59	DOWN	at	971364  
971492	[128]	:	Key	59	UP	at	971492  
972068	[576]	:	Key	71	DOWN	at	972068  
972196	[128]	:	Key	71	UP	at	972196  
975515	[3319]	:	Key	59	DOWN	at	975515  
975515	[0]	:	Key	59	UP	at	975515  
998053	[22538]	:	Key	71	DOWN	at	998053  
998245	[192]	:	Key	71	UP	at	998245  
998429	[184]	:	Key	71	DOWN	at	998429  
998597	[168]	:	Key	71	UP	at	998597  
998693	[96]	:	Key	71	DOWN	at	998693  
998949	[256]	:	Key	71	UP	at	998949  
999037	[88]	:	Key	71	DOWN	at	999037  
999317	[280]	:	Key	71	UP	at	999317  
999973	[656]	:	Key	71	DOWN	at	999973  
1000108	[135]	:	Key	71	UP	at	1000108 
1000324	[216]	:	Key	71	DOWN	at	1000324 
1000476	[152]	:	Key	71	UP	at	1000476 
1001053	[577]	:	Key	59	DOWN	at	1001053 
1001181	[128]	:	Key	59	UP	at	1001181 
1001285	[104]	:	Key	59	DOWN	at	1001285 
1001413	[128]	:	Key	59	UP	at	1001413 
1006772	[5359]	:	Key	59	DOWN	at	1006772 
1006940	[168]	:	Key	59	UP	at	1006940 
1007028	[88]	:	Key	59	DOWN	at	1007028 
1007220	[192]	:	Key	59	UP	at	1007220 
1012844	[5624]	:	Key	59	DOWN	at	1012844 
1012956	[112]	:	Key	59	UP	at	1012956 
1013060	[104]	:	Key	59	DOWN	at	1013060 
1013212	[152]	:	Key	59	UP	at	1013212 
1013268	[56]	:	Key	59	DOWN	at	1013268 
1013380	[112]	:	Key	59	UP	at	1013380 
1013492	[112]	:	Key	59	DOWN	at	1013492 
1013580	[88]	:	Key	59	UP	at	1013580 
1013692	[112]	:	Key	59	DOWN	at	1013692 
1013820	[128]	:	Key	59	UP	at	1013820 
1013892	[72]	:	Key	59	DOWN	at	1013892 
1014084	[192]	:	Key	59	UP	at	1014084 
1015140	[1056]	:	Key	71	DOWN	at	1015140 
1015292	[152]	:	Key	71	UP	at	1015292 
1015404	[112]	:	Key	71	DOWN	at	1015404 
1015532	[128]	:	Key	71	UP	at	1015532 
1015604	[72]	:	Key	71	DOWN	at	1015604 
1015788	[184]	:	Key	71	UP	at	1015788 
1016212	[424]	:	Key	59	DOWN	at	1016212 
1016308	[96]	:	Key	59	UP	at	1016308 
1016388	[80]	:	Key	59	DOWN	at	1016388 
1016500	[112]	:	Key	59	UP	at	1016500 
1038884	[22384]	:	Key	97	DOWN	at	1038884 
1039007	[123]	:	Key	97	UP	at	1038996 
1039028	[21]	:	Key	97	DOWN	at	1039028 
1039109	[81]	:	Key	97	UP	at	1039051 
1040003	[894]	:	Key	98	DOWN	at	1040003 
1040092	[89]	:	Key	98	UP	at	1040076 
1047757	[7665]	:	Key	97	DOWN	at	1047757 
1047925	[168]	:	Key	97	UP	at	1047925 
1049285	[1360]	:	Key	97	DOWN	at	1049285 
1049445	[160]	:	Key	97	UP	at	1049445 
1050554	[1109]	:	Key	97	DOWN	at	1050554 
1050554	[0]	:	Key	97	UP	at	1050554 
1051500	[946]	:	Key	97	DOWN	at	1051500 
1051676	[176]	:	Key	97	UP	at	1051676 
1052052	[376]	:	Key	97	DOWN	at	1052052 
1052213	[161]	:	Key	97	UP	at	1052213 
1052492	[279]	:	Key	97	DOWN	at	1052492 
1052661	[169]	:	Key	97	UP	at	1052661 
1052964	[303]	:	Key	97	DOWN	at	1052964 
1053125	[161]	:	Key	97	UP	at	1053125 
1053380	[255]	:	Key	97	DOWN	at	1053380 
1053557	[177]	:	Key	97	UP	at	1053557 
1053829	[272]	:	Key	97	DOWN	at	1053829 
1053980	[151]	:	Key	97	UP	at	1053980 
1054276	[296]	:	Key	97	DOWN	at	1054276 
1054468	[192]	:	Key	97	UP	at	1054468 
1054620	[152]	:	Key	97	DOWN	at	1054620 
1054716	[96]	:	Key	97	UP	at	1054716 
1054860	[144]	:	Key	97	DOWN	at	1054860 
1054980	[120]	:	Key	97	UP	at	1054980 
1055100	[120]	:	Key	97	DOWN	at	1055100 
1055212	[112]	:	Key	97	UP	at	1055212 
1055356	[144]	:	Key	97	DOWN	at	1055356 
1055451	[95]	:	Key	97	UP	at	1055444 
1055604	[153]	:	Key	97	DOWN	at	1055604 
1055700	[96]	:	Key	97	UP	at	1055700 
1055852	[152]	:	Key	97	DOWN	at	1055852 
1055940	[88]	:	Key	97	UP	at	1055940 
1056068	[128]	:	Key	97	DOWN	at	1056068 
1056171	[103]	:	Key	97	UP	at	1056156 
1056308	[137]	:	Key	97	DOWN	at	1056308 
1056391	[83]	:	Key	97	UP	at	1056380 
1056572	[181]	:	Key	97	DOWN	at	1056572 
1057572	[1000]	:	Key	97	UP	at	1056637 
1057574	[2]	:	Key	97	DOWN	at	1056996 
1057575	[1]	:	Key	97	UP	at	1057100 
1057788	[213]	:	Key	97	DOWN	at	1057788 
1057940	[152]	:	Key	97	UP	at	1057940 
1059356	[1416]	:	Key	71	DOWN	at	1059356 
1059668	[312]	:	Key	71	UP	at	1059509 
1061628	[1960]	:	Key	71	DOWN	at	1061628 
1126244	[64616]	:	Key	71	DOWN	at	1126244 
1126363	[119]	:	Key	71	UP	at	1126363 
1129099	[2736]	:	Key	71	DOWN	at	1129099 
1605821	[476722]	:	Key	71	DOWN	at	1605821 
1605821	[0]	:	Key	71	UP	at	1605821 
1608590	[2769]	:	Key	97	DOWN	at	1608590 
1608726	[136]	:	Key	97	UP	at	1608726 
1610630	[1904]	:	Key	71	DOWN	at	1610630 
1610758	[128]	:	Key	71	UP	at	1610758 
1610998	[240]	:	Key	71	DOWN	at	1610998 
1611118	[120]	:	Key	71	UP	at	1611118 
1611302	[184]	:	Key	71	DOWN	at	1611302 
1611470	[168]	:	Key	71	UP	at	1611470 
1632469	[20999]	:	Key	71	DOWN	at	1632469 
1632725	[256]	:	Key	71	UP	at	1632725 
1633333	[608]	:	Key	59	DOWN	at	1633333 
1633493	[160]	:	Key	59	UP	at	1633493 
1634766	[1273]	:	Key	97	DOWN	at	1634766 
1635835	[1069]	:	Key	97	UP	at	1635835 
1635965	[130]	:	Key	98	DOWN	at	1635965 
1636077	[112]	:	Key	98	UP	at	1636077 
1636749	[672]	:	Key	59	DOWN	at	1636749 
1636869	[120]	:	Key	59	UP	at	1636869 
1637605	[736]	:	Key	71	DOWN	at	1637605 
1637677	[72]	:	Key	71	UP	at	1637677 
1638317	[640]	:	Key	59	DOWN	at	1638317 
1638397	[80]	:	Key	59	UP	at	1638397 
1639195	[798]	:	Key	71	DOWN	at	1639195 
1639283	[88]	:	Key	71	UP	at	1639283 
1639867	[584]	:	Key	59	DOWN	at	1639867 
1639939	[72]	:	Key	59	UP	at	1639939 
1640867	[928]	:	Key	71	DOWN	at	1640867 
1640979	[112]	:	Key	71	UP	at	1640979 
1641371	[392]	:	Key	59	DOWN	at	1641371 
1641459	[88]	:	Key	59	UP	at	1641459 
1642964	[1505]	:	Key	71	DOWN	at	1642964 
1643052	[88]	:	Key	71	UP	at	1643052 
1643556	[504]	:	Key	59	DOWN	at	1643556 
1643636	[80]	:	Key	59	UP	at	1643636 
1644692	[1056]	:	Key	71	DOWN	at	1644692 
1644804	[112]	:	Key	71	UP	at	1644804 
1664100	[19296]	:	Key	97	DOWN	at	1664100 
1665100	[1000]	:	Key	97	UP	at	1664237 
1667052	[1952]	:	Key	71	DOWN	at	1667052 
2159527	[492475]	:	Key	97	DOWN	at	2159527 
2159687	[160]	:	Key	97	UP	at	2159687 
2193646	[33959]	:	Key	71	DOWN	at	2193646 
2193806	[160]	:	Key	71	UP	at	2193806 
2195334	[1528]	:	Key	71	DOWN	at	2195334 
2195526	[192]	:	Key	71	UP	at	2195526 
2199062	[3536]	:	Key	97	DOWN	at	2199062 
2199070	[8]	:	Key	98	DOWN	at	2199070 
2199182	[112]	:	Key	98	UP	at	2199182 
2199190	[8]	:	Key	97	UP	at	2199190 
2199974	[784]	:	Key	97	DOWN	at	2199974 
2199982	[8]	:	Key	98	DOWN	at	2199982 
2200014	[32]	:	Key	97	UP	at	2200014 
2200062	[48]	:	Key	98	UP	at	2200062 
2200230	[168]	:	Key	98	DOWN	at	2200230 
2200294	[64]	:	Key	98	UP	at	2200294 
2200478	[184]	:	Key	98	DOWN	at	2200478 
2200486	[8]	:	Key	97	DOWN	at	2200486 
2200502	[16]	:	Key	97	UP	at	2200502 
2200588	[86]	:	Key	98	UP	at	2200588 
2201245	[657]	:	Key	71	DOWN	at	2201245 
2201438	[193]	:	Key	71	UP	at	2201438 
2203190	[1752]	:	Key	59	DOWN	at	2203190 
2203318	[128]	:	Key	59	UP	at	2203318 
2204166	[848]	:	Key	59	DOWN	at	2204166 
2204270	[104]	:	Key	59	UP	at	2204270 
2204862	[592]	:	Key	71	DOWN	at	2204862 
2205046	[184]	:	Key	71	UP	at	2205046 
2206108	[1062]	:	Key	59	DOWN	at	2206108 
2206108	[0]	:	Key	59	UP	at	2206108 
2206110	[2]	:	Key	71	DOWN	at	2206109 
2206110	[0]	:	Key	71	UP	at	2206109 
2206111	[1]	:	Key	59	DOWN	at	2206110 
2206112	[1]	:	Key	59	UP	at	2206111 
2206222	[110]	:	Key	71	DOWN	at	2206222 
2206366	[144]	:	Key	71	UP	at	2206366 
2221123	[14757]	:	Key	97	DOWN	at	2221123 
2222123	[1000]	:	Key	97	UP	at	2221124 
2223454	[1331]	:	Key	71	DOWN	at	2223454 
2577601	[354147]	:	Key	71	DOWN	at	2577196 
2577602	[1]	:	Key	71	UP	at	2577324 
2715167	[137565]	:	Key	71	DOWN	at	2715167 
2715295	[128]	:	Key	71	UP	at	2715295 
2716356	[1061]	:	Key	71	DOWN	at	2716356 
2716356	[0]	:	Key	71	UP	at	2716356 
2716358	[2]	:	Key	71	DOWN	at	2716357 
2716358	[0]	:	Key	71	UP	at	2716357 
2717215	[857]	:	Key	98	DOWN	at	2717215 
2717415	[200]	:	Key	98	UP	at	2717415 
2717903	[488]	:	Key	98	DOWN	at	2717903 
2717943	[40]	:	Key	98	UP	at	2717943 
2718127	[184]	:	Key	98	DOWN	at	2718127 
2718215	[88]	:	Key	98	UP	at	2718215 
2718343	[128]	:	Key	97	DOWN	at	2718343 
2718344	[1]	:	Key	98	DOWN	at	2718344 
2718415	[71]	:	Key	97	UP	at	2718415 
2718463	[48]	:	Key	98	UP	at	2718463 
2718503	[40]	:	Key	98	DOWN	at	2718503 
2718527	[24]	:	Key	97	DOWN	at	2718527 
2718647	[120]	:	Key	97	UP	at	2718647 
2718711	[64]	:	Key	98	UP	at	2718711 
2719983	[1272]	:	Key	71	DOWN	at	2719983 
2720151	[168]	:	Key	71	UP	at	2720151 
2720279	[128]	:	Key	71	DOWN	at	2720279 
2720359	[80]	:	Key	71	UP	at	2720359 
2720431	[72]	:	Key	71	DOWN	at	2720431 
2720543	[112]	:	Key	71	UP	at	2720543 
2721551	[1008]	:	Key	97	DOWN	at	2721551 
2721559	[8]	:	Key	98	DOWN	at	2721559 
2721631	[72]	:	Key	97	UP	at	2721631 
2721639	[8]	:	Key	98	UP	at	2721639 
2721751	[112]	:	Key	97	DOWN	at	2721751 
2721775	[24]	:	Key	98	DOWN	at	2721775 
2721807	[32]	:	Key	98	UP	at	2721807 
2721831	[24]	:	Key	97	UP	at	2721831 
2721927	[96]	:	Key	97	DOWN	at	2721927 
2721951	[24]	:	Key	98	DOWN	at	2721951 
2721999	[48]	:	Key	98	UP	at	2721999 
2722015	[16]	:	Key	97	UP	at	2722015 
2722127	[112]	:	Key	97	DOWN	at	2722127 
2722135	[8]	:	Key	98	DOWN	at	2722135 
2722207	[72]	:	Key	98	UP	at	2722207 
2722215	[8]	:	Key	97	UP	at	2722215 
2722975	[760]	:	Key	71	DOWN	at	2722975 
2723095	[120]	:	Key	71	UP	at	2723095 
2723199	[104]	:	Key	71	DOWN	at	2723199 
2723287	[88]	:	Key	71	UP	at	2723287 
2723919	[632]	:	Key	98	DOWN	at	2723919 
2724007	[88]	:	Key	98	UP	at	2724007 
2724127	[120]	:	Key	97	DOWN	at	2724127 
2724151	[24]	:	Key	98	DOWN	at	2724151 
2724199	[48]	:	Key	98	UP	at	2724199 
2724223	[24]	:	Key	97	UP	at	2724223 
2724319	[96]	:	Key	97	DOWN	at	2724319 
2724351	[32]	:	Key	98	DOWN	at	2724351 
2724376	[25]	:	Key	98	UP	at	2724376 
2724423	[47]	:	Key	97	UP	at	2724423 
2724455	[32]	:	Key	97	DOWN	at	2724455 
2724495	[40]	:	Key	98	DOWN	at	2724495 
2724559	[64]	:	Key	98	UP	at	2724559 
2724567	[8]	:	Key	97	UP	at	2724567 
2725111	[544]	:	Key	71	DOWN	at	2725111 
2725167	[56]	:	Key	71	UP	at	2725167 
2725263	[96]	:	Key	71	DOWN	at	2725263 
2725383	[120]	:	Key	71	UP	at	2725383 
2725455	[72]	:	Key	71	DOWN	at	2725455 
2725551	[96]	:	Key	71	UP	at	2725551 
2726168	[617]	:	Key	97	DOWN	at	2726168 
2726168	[0]	:	Key	98	DOWN	at	2726168 
2726240	[72]	:	Key	97	UP	at	2726240 
2726264	[24]	:	Key	98	UP	at	2726264 
2726328	[64]	:	Key	97	DOWN	at	2726328 
2726336	[8]	:	Key	98	DOWN	at	2726336 
2726416	[80]	:	Key	98	UP	at	2726416 
2726424	[8]	:	Key	97	UP	at	2726424 
2726536	[112]	:	Key	97	DOWN	at	2726536 
2726543	[7]	:	Key	98	DOWN	at	2726543 
2726623	[80]	:	Key	98	UP	at	2726623 
2726631	[8]	:	Key	97	UP	at	2726631 
2726736	[105]	:	Key	97	DOWN	at	2726736 
2726744	[8]	:	Key	98	DOWN	at	2726744 
2726776	[32]	:	Key	98	UP	at	2726776 
2726784	[8]	:	Key	97	UP	at	2726784 
2726904	[120]	:	Key	97	DOWN	at	2726904 
2726912	[8]	:	Key	98	DOWN	at	2726912 
2726952	[40]	:	Key	98	UP	at	2726952 
2726968	[16]	:	Key	97	UP	at	2726968 
2727048	[80]	:	Key	97	DOWN	at	2727048 
2727072	[24]	:	Key	98	DOWN	at	2727072 
2727136	[64]	:	Key	98	UP	at	2727136 
2727184	[48]	:	Key	97	UP	at	2727184 
2727864	[680]	:	Key	71	DOWN	at	2727864 
2727920	[56]	:	Key	71	UP	at	2727920 
2728032	[112]	:	Key	71	DOWN	at	2728032 
2728112	[80]	:	Key	71	UP	at	2728112 
2728560	[448]	:	Key	98	DOWN	at	2728560 
2728568	[8]	:	Key	97	DOWN	at	2728568 
2728616	[48]	:	Key	97	UP	at	2728616 
2728640	[24]	:	Key	98	UP	at	2728640 
2728760	[120]	:	Key	97	DOWN	at	2728760 
2728776	[16]	:	Key	98	DOWN	at	2728776 
2728808	[32]	:	Key	98	UP	at	2728808 
2728840	[32]	:	Key	97	UP	at	2728840 
2728896	[56]	:	Key	97	DOWN	at	2728896 
2728936	[40]	:	Key	98	DOWN	at	2728936 
2729008	[72]	:	Key	97	UP	at	2729008 
2729016	[8]	:	Key	98	UP	at	2729016 
2729464	[448]	:	Key	71	DOWN	at	2729464 
2729528	[64]	:	Key	71	UP	at	2729528 
2729632	[104]	:	Key	71	DOWN	at	2729632 
2729736	[104]	:	Key	71	UP	at	2729736 
2730120	[384]	:	Key	98	DOWN	at	2730120 
2730128	[8]	:	Key	97	DOWN	at	2730128 
2730176	[48]	:	Key	97	UP	at	2730176 
2730192	[16]	:	Key	98	UP	at	2730192 
2730320	[128]	:	Key	97	DOWN	at	2730320 
2730328	[8]	:	Key	98	DOWN	at	2730328 
2731365	[1037]	:	Key	98	UP	at	2731365 
2731365	[0]	:	Key	97	UP	at	2731365 
2731365	[0]	:	Key	71	DOWN	at	2731365 
2731367	[2]	:	Key	71	UP	at	2731366 
2752879	[21512]	:	Key	97	DOWN	at	2752879 
2753879	[1000]	:	Key	97	UP	at	2752960 
2755263	[1384]	:	Key	71	DOWN	at	2755263 
2880203	[124940]	:	Key	71	DOWN	at	2879767 
2880204	[1]	:	Key	71	UP	at	2879903 
2885301	[5097]	:	Key	71	DOWN	at	2884472 
2885302	[1]	:	Key	71	UP	at	2884680 
3311667	[426365]	:	Key	97	DOWN	at	3311667 
3312667	[1000]	:	Key	97	UP	at	3311796 
3314139	[1472]	:	Key	71	DOWN	at	3314139 
3718796	[404657]	:	Key	71	DOWN	at	3718425 
3718797	[1]	:	Key	71	UP	at	3718505 
3779981	[61184]	:	Key	59	DOWN	at	3779981 
3780061	[80]	:	Key	59	UP	at	3780061 
3782340	[2279]	:	Key	71	DOWN	at	3782340 
3782364	[24]	:	COGENT STOP
