Cog2000 log file Tue Apr 06 11:15:18 2021
gprim v1.33 Compiled:Aug 12 2015 (GLib DirectDraw v7 DX10.0 Compiled:Aug 12 2015)
Display:1024x768x32 60.02Hz
Attaching E:\saharrajabi\final mbmf+drug task\cogent2000v1.33\toolbox\CogInput.mexw64
CogInput v1.05 Compiled: May 20 2010
3	[3]	:	COGENT START
64486	[64483]	:	Key	97	DOWN	at	64485   
64608	[122]	:	Key	97	UP	at	64486   
93269	[28661]	:	Key	97	DOWN	at	93269   
93388	[119]	:	Key	97	UP	at	93388   
125698	[32310]	:	Key	97	DOWN	at	125698  
126698	[1000]	:	Key	97	UP	at	125771  
156777	[30079]	:	Key	71	DOWN	at	156777  
156978	[201]	:	Key	71	UP	at	156921  
161298	[4320]	:	Key	71	DOWN	at	161298  
164696	[3398]	:	Key	71	UP	at	161475  
169792	[5096]	:	Key	71	DOWN	at	169792  
173115	[3323]	:	Key	71	UP	at	169969  
176889	[3774]	:	Key	71	DOWN	at	176889  
180190	[3301]	:	Key	71	UP	at	177090  
184632	[4442]	:	Key	71	DOWN	at	184632  
187934	[3302]	:	Key	71	UP	at	184833  
191432	[3498]	:	Key	71	DOWN	at	191432  
194734	[3302]	:	Key	71	UP	at	191625  
198433	[3699]	:	Key	71	DOWN	at	198433  
201735	[3302]	:	Key	71	UP	at	199572  
204177	[2442]	:	Key	71	DOWN	at	204177  
207476	[3299]	:	Key	71	UP	at	204337  
209384	[1908]	:	Key	71	DOWN	at	209384  
212686	[3302]	:	Key	71	UP	at	209561  
214950	[2264]	:	Key	71	DOWN	at	214950  
218247	[3297]	:	Key	71	UP	at	215119  
220111	[1864]	:	Key	71	DOWN	at	220111  
223410	[3299]	:	Key	71	UP	at	220287  
225781	[2371]	:	Key	71	DOWN	at	225781  
229082	[3301]	:	Key	71	UP	at	225934  
232462	[3380]	:	Key	71	DOWN	at	232462  
235763	[3301]	:	Key	71	UP	at	232631  
238142	[2379]	:	Key	71	DOWN	at	238142  
241444	[3302]	:	Key	71	UP	at	238294  
244812	[3368]	:	Key	71	DOWN	at	244812  
248114	[3302]	:	Key	71	UP	at	244981  
252141	[4027]	:	Key	71	DOWN	at	252141  
255442	[3301]	:	Key	71	UP	at	252301  
257053	[1611]	:	Key	71	DOWN	at	257053  
260351	[3298]	:	Key	71	UP	at	257213  
263149	[2798]	:	Key	71	DOWN	at	263149  
266443	[3294]	:	Key	71	UP	at	263318  
268749	[2306]	:	Key	71	DOWN	at	268749  
272051	[3302]	:	Key	71	UP	at	268909  
274578	[2527]	:	Key	71	DOWN	at	274578  
274580	[2]	:	Key	71	UP	at	274580  
281413	[6833]	:	Key	71	DOWN	at	281413  
284714	[3301]	:	Key	71	UP	at	281574  
286517	[1803]	:	Key	71	DOWN	at	286517  
289821	[3304]	:	Key	71	UP	at	286669  
292588	[2767]	:	Key	71	DOWN	at	292588  
295888	[3300]	:	Key	71	UP	at	292764  
297459	[1571]	:	Key	71	DOWN	at	297459  
300761	[3302]	:	Key	71	UP	at	297596  
302675	[1914]	:	Key	71	DOWN	at	302675  
305967	[3292]	:	Key	71	UP	at	302852  
307988	[2021]	:	Key	71	DOWN	at	307988  
311291	[3303]	:	Key	71	UP	at	308148  
313803	[2512]	:	Key	71	DOWN	at	313803  
317104	[3301]	:	Key	71	UP	at	313972  
319608	[2504]	:	Key	71	DOWN	at	319608  
319610	[2]	:	Key	71	UP	at	319609  
325091	[5481]	:	Key	71	DOWN	at	325091  
328393	[3302]	:	Key	71	UP	at	325252  
330971	[2578]	:	Key	71	DOWN	at	330971  
334273	[3302]	:	Key	71	UP	at	331124  
336468	[2195]	:	Key	71	DOWN	at	336468  
339769	[3301]	:	Key	71	UP	at	336605  
342140	[2371]	:	Key	71	DOWN	at	342140  
345442	[3302]	:	Key	71	UP	at	342276  
347323	[1881]	:	Key	71	DOWN	at	347323  
350625	[3302]	:	Key	71	UP	at	347500  
352668	[2043]	:	Key	71	DOWN	at	352668  
355970	[3302]	:	Key	71	UP	at	352861  
357564	[1594]	:	Key	71	DOWN	at	357564  
360866	[3302]	:	Key	71	UP	at	357724  
363028	[2162]	:	Key	71	DOWN	at	363028  
366327	[3299]	:	Key	71	UP	at	363204  
368036	[1709]	:	Key	71	DOWN	at	368036  
371335	[3299]	:	Key	71	UP	at	368213  
372836	[1501]	:	Key	71	DOWN	at	372836  
376138	[3302]	:	Key	71	UP	at	373029  
377468	[1330]	:	Key	71	DOWN	at	377468  
380770	[3302]	:	Key	71	UP	at	377652  
382211	[1441]	:	Key	71	DOWN	at	382211  
385499	[3288]	:	Key	71	UP	at	382387  
386899	[1400]	:	Key	71	DOWN	at	386899  
390201	[3302]	:	Key	71	UP	at	387084  
391691	[1490]	:	Key	71	DOWN	at	391691  
394993	[3302]	:	Key	71	UP	at	391883  
396611	[1618]	:	Key	71	DOWN	at	396611  
399913	[3302]	:	Key	71	UP	at	396819  
401241	[1328]	:	Key	71	DOWN	at	401241  
404542	[3301]	:	Key	71	UP	at	401434  
405946	[1404]	:	Key	71	DOWN	at	405946  
409234	[3288]	:	Key	71	UP	at	406122  
410450	[1216]	:	Key	71	DOWN	at	410450  
413751	[3301]	:	Key	71	UP	at	410626  
414937	[1186]	:	Key	71	DOWN	at	414937  
418225	[3288]	:	Key	71	UP	at	415122  
419864	[1639]	:	Key	71	DOWN	at	419864  
423166	[3302]	:	Key	71	UP	at	420090  
424655	[1489]	:	Key	71	DOWN	at	424655  
424657	[2]	:	Key	71	UP	at	424657  
480735	[56078]	:	Key	71	DOWN	at	480735  
481788	[1053]	:	Key	71	UP	at	480895  
484703	[2915]	:	Key	66	DOWN	at	484703  
484705	[2]	:	Key	66	UP	at	484705  
488742	[4037]	:	Key	71	DOWN	at	488742  
488902	[160]	:	Key	71	UP	at	488902  
504102	[15200]	:	Key	66	DOWN	at	504102  
504390	[288]	:	Key	66	UP	at	504390  
521702	[17312]	:	Key	66	DOWN	at	521702  
521885	[183]	:	Key	66	UP	at	521885  
526607	[4722]	:	Key	71	DOWN	at	526607  
526815	[208]	:	Key	71	UP	at	526815  
545829	[19014]	:	Key	97	DOWN	at	545829  
546954	[1125]	:	Key	97	UP	at	545941  
549541	[2587]	:	Key	98	DOWN	at	549541  
550666	[1125]	:	Key	98	UP	at	549693  
554029	[3363]	:	Key	97	DOWN	at	554029  
555157	[1128]	:	Key	97	UP	at	554132  
558029	[2872]	:	Key	97	DOWN	at	558029  
559169	[1140]	:	Key	97	UP	at	558125  
562861	[3692]	:	Key	97	DOWN	at	562861  
563983	[1122]	:	Key	97	UP	at	562925  
567389	[3406]	:	Key	97	DOWN	at	567389  
568512	[1123]	:	Key	97	UP	at	567415  
572157	[3645]	:	Key	98	DOWN	at	572157  
573281	[1124]	:	Key	98	UP	at	572268  
581037	[7756]	:	Key	98	DOWN	at	581037  
582766	[1729]	:	Key	98	UP	at	581166  
604869	[22103]	:	Key	71	DOWN	at	604869  
605912	[1043]	:	Key	71	UP	at	605013  
609309	[3397]	:	Key	98	DOWN	at	609309  
610436	[1127]	:	Key	98	UP	at	609509  
613254	[2818]	:	Key	97	DOWN	at	613254  
614385	[1131]	:	Key	97	UP	at	613373  
616493	[2108]	:	Key	98	DOWN	at	616493  
617627	[1134]	:	Key	98	UP	at	616662  
619746	[2119]	:	Key	97	DOWN	at	619746  
620861	[1115]	:	Key	97	UP	at	619789  
622891	[2030]	:	Key	98	DOWN	at	622891  
624015	[1124]	:	Key	98	UP	at	623019  
626946	[2931]	:	Key	97	DOWN	at	626946  
628066	[1120]	:	Key	97	UP	at	627042  
630268	[2202]	:	Key	97	DOWN	at	630268  
631395	[1127]	:	Key	97	UP	at	630379  
635315	[3920]	:	Key	97	DOWN	at	635315  
636525	[1210]	:	Key	97	UP	at	635427  
653155	[16630]	:	Key	71	DOWN	at	653155  
653484	[329]	:	Key	71	UP	at	653276  
665187	[11703]	:	Key	71	DOWN	at	665187  
665331	[144]	:	Key	71	UP	at	665331  
669859	[4528]	:	Key	71	DOWN	at	669859  
673162	[3303]	:	Key	71	UP	at	670004  
675923	[2761]	:	Key	71	DOWN	at	675923  
679225	[3302]	:	Key	71	UP	at	676076  
680979	[1754]	:	Key	71	DOWN	at	680979  
684282	[3303]	:	Key	71	UP	at	681131  
686123	[1841]	:	Key	71	DOWN	at	686123  
689422	[3299]	:	Key	71	UP	at	686292  
691891	[2469]	:	Key	71	DOWN	at	691891  
695194	[3303]	:	Key	71	UP	at	692044  
696043	[849]	:	Key	71	DOWN	at	696043  
699345	[3302]	:	Key	71	UP	at	696203  
700235	[890]	:	Key	71	DOWN	at	700235  
703537	[3302]	:	Key	71	UP	at	700396  
704227	[690]	:	Key	71	DOWN	at	704227  
707530	[3303]	:	Key	71	UP	at	704380  
708666	[1136]	:	Key	71	DOWN	at	708666  
711967	[3301]	:	Key	71	UP	at	709799  
712987	[1020]	:	Key	71	DOWN	at	712987  
716289	[3302]	:	Key	71	UP	at	713164  
717050	[761]	:	Key	71	DOWN	at	717050  
720339	[3289]	:	Key	71	UP	at	717211  
720923	[584]	:	Key	71	DOWN	at	720923  
724213	[3290]	:	Key	71	UP	at	721076  
725267	[1054]	:	Key	71	DOWN	at	725267  
728569	[3302]	:	Key	71	UP	at	725428  
729203	[634]	:	Key	71	DOWN	at	729203  
732496	[3293]	:	Key	71	UP	at	729356  
734162	[1666]	:	Key	71	DOWN	at	734162  
737462	[3300]	:	Key	71	UP	at	734321  
739812	[2350]	:	Key	71	DOWN	at	739812  
739814	[2]	:	Key	71	UP	at	739814  
757474	[17660]	:	Key	71	DOWN	at	757474  
758527	[1053]	:	Key	71	UP	at	757627  
760914	[2387]	:	Key	97	DOWN	at	760914  
762041	[1127]	:	Key	97	UP	at	761043  
766242	[4201]	:	Key	98	DOWN	at	766242  
767372	[1130]	:	Key	98	UP	at	766361  
772290	[4918]	:	Key	98	DOWN	at	772290  
773412	[1122]	:	Key	98	UP	at	772402  
776074	[2662]	:	Key	97	DOWN	at	776074  
777195	[1121]	:	Key	97	UP	at	776186  
779506	[2311]	:	Key	98	DOWN	at	779506  
780645	[1139]	:	Key	98	UP	at	779634  
783218	[2573]	:	Key	97	DOWN	at	783218  
784339	[1121]	:	Key	97	UP	at	783281  
787097	[2758]	:	Key	97	DOWN	at	787097  
788232	[1135]	:	Key	97	UP	at	787169  
793882	[5650]	:	Key	97	DOWN	at	793882  
795581	[1699]	:	Key	97	UP	at	794010  
807138	[11557]	:	Key	71	DOWN	at	807138  
808180	[1042]	:	Key	71	UP	at	807259  
812330	[4150]	:	Key	98	DOWN	at	812330  
813459	[1129]	:	Key	98	UP	at	812458  
815722	[2263]	:	Key	98	DOWN	at	815722  
816853	[1131]	:	Key	98	UP	at	815841  
819242	[2389]	:	Key	97	DOWN	at	819242  
820361	[1119]	:	Key	97	UP	at	819330  
822275	[1914]	:	Key	98	DOWN	at	822275  
823415	[1140]	:	Key	98	UP	at	822402  
829850	[6435]	:	Key	97	DOWN	at	829850  
830982	[1132]	:	Key	97	UP	at	829879  
835002	[4020]	:	Key	97	DOWN	at	835002  
836135	[1133]	:	Key	97	UP	at	835129  
839754	[3619]	:	Key	98	DOWN	at	839754  
840882	[1128]	:	Key	98	UP	at	839899  
843010	[2128]	:	Key	98	DOWN	at	843010  
844204	[1194]	:	Key	98	UP	at	843138  
850858	[6654]	:	Key	71	DOWN	at	850858  
851156	[298]	:	Key	71	UP	at	850995  
862626	[11470]	:	Key	71	DOWN	at	862626  
862770	[144]	:	Key	71	UP	at	862770  
865698	[2928]	:	Key	71	DOWN	at	865698  
869002	[3304]	:	Key	71	UP	at	865843  
871218	[2216]	:	Key	71	DOWN	at	871218  
874520	[3302]	:	Key	71	UP	at	871378  
876547	[2027]	:	Key	71	DOWN	at	876547  
879848	[3301]	:	Key	71	UP	at	876707  
880866	[1018]	:	Key	71	DOWN	at	880866  
884167	[3301]	:	Key	71	UP	at	881018  
885250	[1083]	:	Key	71	DOWN	at	885250  
888552	[3302]	:	Key	71	UP	at	885419  
890114	[1562]	:	Key	71	DOWN	at	890114  
893416	[3302]	:	Key	71	UP	at	890258  
894346	[930]	:	Key	71	DOWN	at	894346  
897647	[3301]	:	Key	71	UP	at	894499  
898482	[835]	:	Key	71	DOWN	at	898482  
902392	[3910]	:	Key	71	UP	at	898626  
905098	[2706]	:	Key	71	DOWN	at	905098  
906135	[1037]	:	Key	71	UP	at	905243  
909458	[3323]	:	Key	97	DOWN	at	909458  
910599	[1141]	:	Key	97	UP	at	909553  
912563	[1964]	:	Key	98	DOWN	at	912563  
913703	[1140]	:	Key	98	UP	at	912691  
915994	[2291]	:	Key	98	DOWN	at	915994  
917117	[1123]	:	Key	98	UP	at	916131  
920714	[3597]	:	Key	97	DOWN	at	920714  
921846	[1132]	:	Key	97	UP	at	920833  
924833	[2987]	:	Key	97	DOWN	at	924833  
925958	[1125]	:	Key	97	UP	at	924912  
929929	[3971]	:	Key	97	DOWN	at	929929  
931058	[1129]	:	Key	97	UP	at	930066  
933609	[2551]	:	Key	98	DOWN	at	933609  
934745	[1136]	:	Key	98	UP	at	933754  
936609	[1864]	:	Key	98	DOWN	at	936609  
938314	[1705]	:	Key	98	UP	at	936737  
946337	[8023]	:	Key	71	DOWN	at	946337  
947376	[1039]	:	Key	71	UP	at	946458  
952145	[4769]	:	Key	98	DOWN	at	952145  
953265	[1120]	:	Key	98	UP	at	952282  
955209	[1944]	:	Key	98	DOWN	at	955209  
956323	[1114]	:	Key	98	UP	at	955321  
958049	[1726]	:	Key	97	DOWN	at	958049  
959175	[1126]	:	Key	97	UP	at	958144  
960577	[1402]	:	Key	98	DOWN	at	960577  
961711	[1134]	:	Key	98	UP	at	960728  
963866	[2155]	:	Key	98	DOWN	at	963866  
964987	[1121]	:	Key	98	UP	at	964931  
968529	[3542]	:	Key	98	DOWN	at	968529  
969666	[1137]	:	Key	98	UP	at	968657  
972153	[2487]	:	Key	98	DOWN	at	972153  
973269	[1116]	:	Key	98	UP	at	972282  
977433	[4164]	:	Key	97	DOWN	at	977433  
978623	[1190]	:	Key	97	UP	at	977504  
986489	[7866]	:	Key	71	DOWN	at	986489  
986799	[310]	:	Key	71	UP	at	986618  
989002	[2203]	:	Key	71	DOWN	at	989002  
989130	[128]	:	Key	71	UP	at	989130  
995776	[6646]	:	Key	71	DOWN	at	995776  
999065	[3289]	:	Key	71	UP	at	995904  
999950	[885]	:	Key	71	DOWN	at	999950  
1003251	[3301]	:	Key	71	UP	at	1000094 
1004643	[1392]	:	Key	71	DOWN	at	1004643 
1007932	[3289]	:	Key	71	UP	at	1004812 
1009935	[2003]	:	Key	71	DOWN	at	1009935 
1013237	[3302]	:	Key	71	UP	at	1009958 
1014820	[1583]	:	Key	71	DOWN	at	1014820 
1018110	[3290]	:	Key	71	UP	at	1014996 
1018985	[875]	:	Key	71	DOWN	at	1018985 
1022288	[3303]	:	Key	71	UP	at	1019145 
1023112	[824]	:	Key	71	DOWN	at	1023112 
1026403	[3291]	:	Key	71	UP	at	1023281 
1027127	[724]	:	Key	71	DOWN	at	1027127 
1031041	[3914]	:	Key	71	UP	at	1027305 
1033560	[2519]	:	Key	71	DOWN	at	1033560 
1034612	[1052]	:	Key	71	UP	at	1033704 
1037583	[2971]	:	Key	98	DOWN	at	1037583 
1038698	[1115]	:	Key	98	UP	at	1037712 
1042589	[3891]	:	Key	97	DOWN	at	1042589 
1043714	[1125]	:	Key	97	UP	at	1042726 
1045108	[1394]	:	Key	97	DOWN	at	1045108 
1046237	[1129]	:	Key	97	UP	at	1045220 
1048837	[2600]	:	Key	98	DOWN	at	1048837 
1049973	[1136]	:	Key	98	UP	at	1048956 
1051173	[1200]	:	Key	97	DOWN	at	1051173 
1052286	[1113]	:	Key	97	UP	at	1051277 
1054958	[2672]	:	Key	97	DOWN	at	1054958 
1054958	[0]	:	Key	97	UP	at	1054958 
1057548	[2590]	:	Key	97	DOWN	at	1057548 
1058677	[1129]	:	Key	97	UP	at	1057620 
1060436	[1759]	:	Key	97	DOWN	at	1060436 
1062130	[1694]	:	Key	97	UP	at	1060500 
1066188	[4058]	:	Key	71	DOWN	at	1066188 
1067230	[1042]	:	Key	71	UP	at	1066324 
1069966	[2736]	:	Key	97	DOWN	at	1069966 
1071098	[1132]	:	Key	97	UP	at	1069988 
1074636	[3538]	:	Key	98	DOWN	at	1074636 
1075772	[1136]	:	Key	98	UP	at	1074781 
1077324	[1552]	:	Key	97	DOWN	at	1077324 
1078452	[1128]	:	Key	97	UP	at	1077453 
1080196	[1744]	:	Key	98	DOWN	at	1080196 
1081331	[1135]	:	Key	98	UP	at	1080315 
1083668	[2337]	:	Key	98	DOWN	at	1083668 
1084802	[1134]	:	Key	98	UP	at	1083812 
1087141	[2339]	:	Key	97	DOWN	at	1087141 
1088285	[1144]	:	Key	97	UP	at	1087220 
1091852	[3567]	:	Key	98	DOWN	at	1091852 
1092975	[1123]	:	Key	98	UP	at	1091997 
1098778	[5803]	:	Key	97	DOWN	at	1098778 
1099959	[1181]	:	Key	97	UP	at	1098897 
1102866	[2907]	:	Key	71	DOWN	at	1102866 
1103178	[312]	:	Key	71	UP	at	1103003 
1107626	[4448]	:	Key	71	DOWN	at	1107626 
1107826	[200]	:	Key	71	UP	at	1107826 
1110986	[3160]	:	Key	71	DOWN	at	1110986 
1114286	[3300]	:	Key	71	UP	at	1111154 
1115632	[1346]	:	Key	71	DOWN	at	1115632 
1118933	[3301]	:	Key	71	UP	at	1115778 
1119626	[693]	:	Key	71	DOWN	at	1119626 
1122915	[3289]	:	Key	71	UP	at	1119778 
1123873	[958]	:	Key	71	DOWN	at	1123873 
1127174	[3301]	:	Key	71	UP	at	1124034 
1128281	[1107]	:	Key	71	DOWN	at	1128281 
1131584	[3303]	:	Key	71	UP	at	1128450 
1132641	[1057]	:	Key	71	DOWN	at	1132641 
1135943	[3302]	:	Key	71	UP	at	1132776 
1136817	[874]	:	Key	71	DOWN	at	1136817 
1140116	[3299]	:	Key	71	UP	at	1136995 
1140818	[702]	:	Key	71	DOWN	at	1140818 
1144731	[3913]	:	Key	71	UP	at	1140993 
1146920	[2189]	:	Key	71	DOWN	at	1146920 
1147962	[1042]	:	Key	71	UP	at	1147097 
1150480	[2518]	:	Key	97	DOWN	at	1150480 
1151618	[1138]	:	Key	97	UP	at	1150599 
1153456	[1838]	:	Key	97	DOWN	at	1153456 
1154603	[1147]	:	Key	97	UP	at	1153567 
1155937	[1334]	:	Key	97	DOWN	at	1155937 
1157081	[1144]	:	Key	97	UP	at	1156034 
1160020	[2939]	:	Key	98	DOWN	at	1160020 
1161152	[1132]	:	Key	98	UP	at	1160042 
1162449	[1297]	:	Key	98	DOWN	at	1162449 
1163581	[1132]	:	Key	98	UP	at	1162560 
1165845	[2264]	:	Key	98	DOWN	at	1165845 
1166959	[1114]	:	Key	98	UP	at	1165950 
1168149	[1190]	:	Key	97	DOWN	at	1168149 
1169258	[1109]	:	Key	97	UP	at	1168269 
1171014	[1756]	:	Key	98	DOWN	at	1171014 
1172713	[1699]	:	Key	98	UP	at	1171167 
1176015	[3302]	:	Key	71	DOWN	at	1176015 
1177059	[1044]	:	Key	71	UP	at	1176151 
1179215	[2156]	:	Key	98	DOWN	at	1179215 
1180352	[1137]	:	Key	98	UP	at	1179367 
1181775	[1423]	:	Key	97	DOWN	at	1181775 
1182910	[1135]	:	Key	97	UP	at	1181910 
1185262	[2352]	:	Key	98	DOWN	at	1185262 
1186412	[1150]	:	Key	98	UP	at	1185382 
1187910	[1498]	:	Key	98	DOWN	at	1187910 
1189036	[1126]	:	Key	98	UP	at	1188029 
1191493	[2457]	:	Key	98	DOWN	at	1191493 
1192618	[1125]	:	Key	98	UP	at	1191628 
1195909	[3291]	:	Key	98	DOWN	at	1195909 
1197039	[1130]	:	Key	98	UP	at	1196061 
1198244	[1205]	:	Key	98	DOWN	at	1198244 
1199356	[1112]	:	Key	98	UP	at	1198389 
1205034	[5678]	:	Key	97	DOWN	at	1205034 
1206228	[1194]	:	Key	97	UP	at	1205035 
1208525	[2297]	:	Key	71	DOWN	at	1208525 
1208839	[314]	:	Key	71	UP	at	1208645 
1210772	[1933]	:	Key	71	DOWN	at	1210772 
1210917	[145]	:	Key	71	UP	at	1210917 
1212524	[1607]	:	Key	71	DOWN	at	1212524 
1215827	[3303]	:	Key	71	UP	at	1212661 
1217348	[1521]	:	Key	71	DOWN	at	1217348 
1220651	[3303]	:	Key	71	UP	at	1217476 
1222291	[1640]	:	Key	71	DOWN	at	1222291 
1225591	[3300]	:	Key	71	UP	at	1222460 
1228188	[2597]	:	Key	71	DOWN	at	1228188 
1231490	[3302]	:	Key	71	UP	at	1228364 
1233620	[2130]	:	Key	71	DOWN	at	1233620 
1236918	[3298]	:	Key	71	UP	at	1233804 
1238530	[1612]	:	Key	71	DOWN	at	1238530 
1241832	[3302]	:	Key	71	UP	at	1238739 
1242483	[651]	:	Key	71	DOWN	at	1242483 
1245772	[3289]	:	Key	71	UP	at	1242684 
1246626	[854]	:	Key	71	DOWN	at	1246626 
1250537	[3911]	:	Key	71	UP	at	1246811 
1252746	[2209]	:	Key	71	DOWN	at	1252746 
1253784	[1038]	:	Key	71	UP	at	1252947 
1256194	[2410]	:	Key	97	DOWN	at	1256194 
1257336	[1142]	:	Key	97	UP	at	1256321 
1258618	[1282]	:	Key	98	DOWN	at	1258618 
1259744	[1126]	:	Key	98	UP	at	1258779 
1262283	[2539]	:	Key	97	DOWN	at	1262283 
1263406	[1123]	:	Key	97	UP	at	1262419 
1265098	[1692]	:	Key	98	DOWN	at	1265098 
1266222	[1124]	:	Key	98	UP	at	1265227 
1267826	[1604]	:	Key	97	DOWN	at	1267826 
1268952	[1126]	:	Key	97	UP	at	1267922 
1270202	[1250]	:	Key	98	DOWN	at	1270202 
1271344	[1142]	:	Key	98	UP	at	1270355 
1274946	[3602]	:	Key	97	DOWN	at	1274946 
1276082	[1136]	:	Key	97	UP	at	1275057 
1277763	[1681]	:	Key	98	DOWN	at	1277763 
1279491	[1728]	:	Key	98	UP	at	1277906 
1281643	[2152]	:	Key	71	DOWN	at	1281643 
1282678	[1035]	:	Key	71	UP	at	1281763 
1284346	[1668]	:	Key	98	DOWN	at	1284346 
1285474	[1128]	:	Key	98	UP	at	1284491 
1289722	[4248]	:	Key	98	DOWN	at	1289722 
1290848	[1126]	:	Key	98	UP	at	1289867 
1293050	[2202]	:	Key	97	DOWN	at	1293050 
1294155	[1105]	:	Key	97	UP	at	1293170 
1296715	[2560]	:	Key	97	DOWN	at	1296715 
1297845	[1130]	:	Key	97	UP	at	1296843 
1299963	[2118]	:	Key	97	DOWN	at	1299963 
1301102	[1139]	:	Key	97	UP	at	1300098 
1302867	[1765]	:	Key	98	DOWN	at	1302867 
1304013	[1146]	:	Key	98	UP	at	1303010 
1306162	[2149]	:	Key	98	DOWN	at	1306162 
1307288	[1126]	:	Key	98	UP	at	1306266 
1308891	[1603]	:	Key	98	DOWN	at	1308891 
1310097	[1206]	:	Key	98	UP	at	1309018 
1312931	[2834]	:	Key	71	DOWN	at	1312931 
1313254	[323]	:	Key	71	UP	at	1313076 
1314810	[1556]	:	Key	71	DOWN	at	1314810 
1314954	[144]	:	Key	71	UP	at	1314954 
1316410	[1456]	:	Key	71	DOWN	at	1316410 
1319714	[3304]	:	Key	71	UP	at	1316530 
1321385	[1671]	:	Key	71	DOWN	at	1321385 
1324687	[3302]	:	Key	71	UP	at	1321546 
1325369	[682]	:	Key	71	DOWN	at	1325369 
1328661	[3292]	:	Key	71	UP	at	1325530 
1329282	[621]	:	Key	71	DOWN	at	1329282 
1332572	[3290]	:	Key	71	UP	at	1329435 
1333106	[534]	:	Key	71	DOWN	at	1333106 
1336397	[3291]	:	Key	71	UP	at	1333274 
1336399	[2]	:	Key	71	DOWN	at	1335729 
1336400	[1]	:	Key	71	UP	at	1335873 
1340109	[3709]	:	Key	71	DOWN	at	1340109 
1343412	[3303]	:	Key	71	UP	at	1340140 
1343414	[2]	:	Key	71	DOWN	at	1342818 
1343415	[1]	:	Key	71	UP	at	1343010 
1346625	[3210]	:	Key	71	DOWN	at	1346625 
1349927	[3302]	:	Key	71	UP	at	1346779 
1349929	[2]	:	Key	71	DOWN	at	1349714 
1349930	[1]	:	Key	71	UP	at	1349883 
1351810	[1880]	:	Key	71	DOWN	at	1351810 
1355723	[3913]	:	Key	71	UP	at	1351930 
1355723	[0]	:	Key	71	DOWN	at	1355133 
1355723	[0]	:	Key	71	UP	at	1355134 
1356697	[974]	:	Key	71	DOWN	at	1356697 
1357745	[1048]	:	Key	71	UP	at	1356841 
1359961	[2216]	:	Key	97	DOWN	at	1359961 
1361088	[1127]	:	Key	97	UP	at	1360082 
1362296	[1208]	:	Key	97	DOWN	at	1362296 
1363416	[1120]	:	Key	97	UP	at	1362417 
1365553	[2137]	:	Key	97	DOWN	at	1365553 
1366669	[1116]	:	Key	97	UP	at	1365665 
1368266	[1597]	:	Key	97	DOWN	at	1368266 
1369399	[1133]	:	Key	97	UP	at	1368385 
1370482	[1083]	:	Key	97	DOWN	at	1370482 
1371631	[1149]	:	Key	97	UP	at	1370617 
1373058	[1427]	:	Key	97	DOWN	at	1373058 
1374193	[1135]	:	Key	97	UP	at	1373161 
1376530	[2337]	:	Key	98	DOWN	at	1376530 
1377686	[1156]	:	Key	98	UP	at	1376642 
1379800	[2114]	:	Key	98	DOWN	at	1379800 
1381471	[1671]	:	Key	98	UP	at	1379888 
1383786	[2315]	:	Key	71	DOWN	at	1383786 
1384835	[1049]	:	Key	71	UP	at	1383931 
1386912	[2077]	:	Key	98	DOWN	at	1386912 
1388042	[1130]	:	Key	98	UP	at	1387072 
1391000	[2958]	:	Key	98	DOWN	at	1391000 
1392122	[1122]	:	Key	98	UP	at	1391136 
1393552	[1430]	:	Key	97	DOWN	at	1393552 
1394702	[1150]	:	Key	97	UP	at	1393703 
1396376	[1674]	:	Key	97	DOWN	at	1396376 
1397504	[1128]	:	Key	97	UP	at	1396512 
1400130	[2626]	:	Key	98	DOWN	at	1400130 
1401270	[1140]	:	Key	98	UP	at	1400159 
1406200	[4930]	:	Key	98	DOWN	at	1406200 
1407332	[1132]	:	Key	98	UP	at	1406335 
1409007	[1675]	:	Key	97	DOWN	at	1409007 
1410127	[1120]	:	Key	97	UP	at	1409152 
1412815	[2688]	:	Key	98	DOWN	at	1412815 
1413994	[1179]	:	Key	98	UP	at	1412968 
1416439	[2445]	:	Key	71	DOWN	at	1416439 
1416743	[304]	:	Key	71	UP	at	1416584 
1422615	[5872]	:	Key	71	DOWN	at	1422615 
1422775	[160]	:	Key	71	UP	at	1422775 
1423839	[1064]	:	Key	71	DOWN	at	1423839 
1427141	[3302]	:	Key	71	UP	at	1423959 
1427846	[705]	:	Key	71	DOWN	at	1427846 
1431148	[3302]	:	Key	71	UP	at	1428007 
1431718	[570]	:	Key	71	DOWN	at	1431718 
1435015	[3297]	:	Key	71	UP	at	1431895 
1435455	[440]	:	Key	71	DOWN	at	1435455 
1438746	[3291]	:	Key	71	UP	at	1435616 
1439199	[453]	:	Key	71	DOWN	at	1439199 
1442501	[3302]	:	Key	71	UP	at	1439391 
1442903	[402]	:	Key	71	DOWN	at	1442903 
1446196	[3293]	:	Key	71	UP	at	1443087 
1446750	[554]	:	Key	71	DOWN	at	1446750 
1450040	[3290]	:	Key	71	UP	at	1446919 
1450685	[645]	:	Key	71	DOWN	at	1450685 
1454594	[3909]	:	Key	71	UP	at	1450838 
1455589	[995]	:	Key	71	DOWN	at	1455589 
1456630	[1041]	:	Key	71	UP	at	1455750 
1460164	[3534]	:	Key	97	DOWN	at	1460164 
1461307	[1143]	:	Key	97	UP	at	1460192 
1462443	[1136]	:	Key	98	DOWN	at	1462443 
1463566	[1123]	:	Key	98	UP	at	1462564 
1465825	[2259]	:	Key	98	DOWN	at	1465825 
1466950	[1125]	:	Key	98	UP	at	1465970 
1470930	[3980]	:	Key	98	DOWN	at	1470930 
1472055	[1125]	:	Key	98	UP	at	1471049 
1473426	[1371]	:	Key	97	DOWN	at	1473426 
1474562	[1136]	:	Key	97	UP	at	1473595 
1476178	[1616]	:	Key	97	DOWN	at	1476178 
1477314	[1136]	:	Key	97	UP	at	1476346 
1478321	[1007]	:	Key	97	DOWN	at	1478321 
1479442	[1121]	:	Key	97	UP	at	1478433 
1481017	[1575]	:	Key	97	DOWN	at	1481017 
1482709	[1692]	:	Key	97	UP	at	1481121 
1484441	[1732]	:	Key	71	DOWN	at	1484441 
1485495	[1054]	:	Key	71	UP	at	1484570 
1489090	[3595]	:	Key	98	DOWN	at	1489090 
1490222	[1132]	:	Key	98	UP	at	1490188 
1491218	[996]	:	Key	98	DOWN	at	1491218 
1492330	[1112]	:	Key	98	UP	at	1491345 
1495090	[2760]	:	Key	98	DOWN	at	1495090 
1496219	[1129]	:	Key	98	UP	at	1495201 
1497393	[1174]	:	Key	97	DOWN	at	1497393 
1498509	[1116]	:	Key	97	UP	at	1497513 
1499545	[1036]	:	Key	97	DOWN	at	1499545 
1500672	[1127]	:	Key	97	UP	at	1499657 
1505570	[4898]	:	Key	97	DOWN	at	1505570 
1506699	[1129]	:	Key	97	UP	at	1505689 
1512034	[5335]	:	Key	98	DOWN	at	1512034 
1513157	[1123]	:	Key	98	UP	at	1512154 
1514305	[1148]	:	Key	97	DOWN	at	1514305 
1515495	[1190]	:	Key	97	UP	at	1514425 
1517265	[1770]	:	Key	71	DOWN	at	1517265 
1517584	[319]	:	Key	71	UP	at	1517362 
1520204	[2620]	:	Key	71	DOWN	at	1520204 
1520205	[1]	:	Key	71	UP	at	1520205 
1521265	[1060]	:	Key	71	DOWN	at	1521265 
1524566	[3301]	:	Key	71	UP	at	1521400 
1526786	[2220]	:	Key	71	DOWN	at	1526786 
1530088	[3302]	:	Key	71	UP	at	1526947 
1530527	[439]	:	Key	71	DOWN	at	1530527 
1533828	[3301]	:	Key	71	UP	at	1530711 
1535197	[1369]	:	Key	71	DOWN	at	1535197 
1535199	[2]	:	Key	71	UP	at	1535198 
1538499	[3300]	:	Key	71	DOWN	at	1538351 
1538526	[27]	:	Key	71	UP	at	1538526 
1539742	[1216]	:	Key	71	DOWN	at	1539742 
1543044	[3302]	:	Key	71	UP	at	1539920 
1543383	[339]	:	Key	71	DOWN	at	1543383 
1546679	[3296]	:	Key	71	UP	at	1543552 
1547023	[344]	:	Key	71	DOWN	at	1547023 
1550316	[3293]	:	Key	71	UP	at	1547199 
1550823	[507]	:	Key	71	DOWN	at	1550823 
1554726	[3903]	:	Key	71	UP	at	1551015 
1555927	[1201]	:	Key	71	DOWN	at	1555927 
1556976	[1049]	:	Key	71	UP	at	1556079 
1559223	[2247]	:	Key	97	DOWN	at	1559223 
1560361	[1138]	:	Key	97	UP	at	1559350 
1561775	[1414]	:	Key	98	DOWN	at	1561775 
1562915	[1140]	:	Key	98	UP	at	1561902 
1565210	[2295]	:	Key	97	DOWN	at	1565210 
1566342	[1132]	:	Key	97	UP	at	1565211 
1568519	[2177]	:	Key	97	DOWN	at	1568519 
1569643	[1124]	:	Key	97	UP	at	1568647 
1572686	[3043]	:	Key	98	DOWN	at	1572686 
1573813	[1127]	:	Key	98	UP	at	1572855 
1574934	[1121]	:	Key	97	DOWN	at	1574934 
1576051	[1117]	:	Key	97	UP	at	1575070 
1576935	[884]	:	Key	97	DOWN	at	1576935 
1578068	[1133]	:	Key	97	UP	at	1577088 
1580223	[2155]	:	Key	97	DOWN	at	1580223 
1581925	[1702]	:	Key	97	UP	at	1580225 
1583615	[1690]	:	Key	71	DOWN	at	1583615 
1584665	[1050]	:	Key	71	UP	at	1583719 
1588940	[4275]	:	Key	97	DOWN	at	1588940 
1590063	[1123]	:	Key	97	UP	at	1589068 
1591581	[1518]	:	Key	97	DOWN	at	1591581 
1592708	[1127]	:	Key	97	UP	at	1591709 
1594117	[1409]	:	Key	97	DOWN	at	1594117 
1595247	[1130]	:	Key	97	UP	at	1595236 
1596597	[1350]	:	Key	97	DOWN	at	1596597 
1597716	[1119]	:	Key	97	UP	at	1596726 
1600013	[2297]	:	Key	98	DOWN	at	1600013 
1601145	[1132]	:	Key	98	UP	at	1600182 
1602597	[1452]	:	Key	97	DOWN	at	1602597 
1603726	[1129]	:	Key	97	UP	at	1602700 
1605340	[1614]	:	Key	97	DOWN	at	1605340 
1606475	[1135]	:	Key	97	UP	at	1605468 
1607844	[1369]	:	Key	97	DOWN	at	1607844 
1609041	[1197]	:	Key	97	UP	at	1607964 
1619429	[10388]	:	Key	71	DOWN	at	1619429 
1619755	[326]	:	Key	71	UP	at	1619589 
1622381	[2626]	:	Key	71	DOWN	at	1622381 
1622516	[135]	:	Key	71	UP	at	1622516 
1623514	[998]	:	Key	71	DOWN	at	1623514 
1626808	[3294]	:	Key	71	UP	at	1623643 
1626939	[131]	:	Key	71	DOWN	at	1626939 
1630241	[3302]	:	Key	71	UP	at	1627100 
1630651	[410]	:	Key	71	DOWN	at	1630651 
1633952	[3301]	:	Key	71	UP	at	1630788 
1633954	[2]	:	Key	71	DOWN	at	1633180 
1633955	[1]	:	Key	71	UP	at	1633339 
1635619	[1664]	:	Key	71	DOWN	at	1635619 
1638923	[3304]	:	Key	71	UP	at	1635771 
1638925	[2]	:	Key	71	DOWN	at	1638259 
1638926	[1]	:	Key	71	UP	at	1638419 
1641330	[2404]	:	Key	71	DOWN	at	1641330 
1644633	[3303]	:	Key	71	UP	at	1641467 
1644635	[2]	:	Key	71	DOWN	at	1644108 
1644636	[1]	:	Key	71	UP	at	1644268 
1646771	[2135]	:	Key	71	DOWN	at	1646771 
1650075	[3304]	:	Key	71	UP	at	1646924 
1650077	[2]	:	Key	71	DOWN	at	1649348 
1650078	[1]	:	Key	71	UP	at	1649516 
1652611	[2533]	:	Key	71	DOWN	at	1652611 
1655912	[3301]	:	Key	71	UP	at	1652795 
1655914	[2]	:	Key	71	DOWN	at	1655258 
1655915	[1]	:	Key	71	UP	at	1655259 
1656882	[967]	:	Key	71	DOWN	at	1656882 
1660798	[3916]	:	Key	71	UP	at	1657043 
1660798	[0]	:	Key	71	DOWN	at	1659491 
1660798	[0]	:	Key	71	UP	at	1659691 
1661547	[749]	:	Key	71	DOWN	at	1661547 
1662588	[1041]	:	Key	71	UP	at	1661708 
1664275	[1687]	:	Key	97	DOWN	at	1664275 
1665402	[1127]	:	Key	97	UP	at	1664420 
1666875	[1473]	:	Key	97	DOWN	at	1666875 
1668006	[1131]	:	Key	97	UP	at	1667020 
1670259	[2253]	:	Key	97	DOWN	at	1670259 
1671392	[1133]	:	Key	97	UP	at	1670260 
1672339	[947]	:	Key	97	DOWN	at	1672339 
1673469	[1130]	:	Key	97	UP	at	1672499 
1674354	[885]	:	Key	98	DOWN	at	1674354 
1675459	[1105]	:	Key	98	UP	at	1674515 
1676402	[943]	:	Key	97	DOWN	at	1676402 
1677520	[1118]	:	Key	97	UP	at	1676539 
1679068	[1548]	:	Key	97	DOWN	at	1679068 
1680212	[1144]	:	Key	97	UP	at	1679203 
1681635	[1423]	:	Key	97	DOWN	at	1681635 
1683347	[1712]	:	Key	97	UP	at	1681796 
1685307	[1960]	:	Key	71	DOWN	at	1685307 
1686348	[1041]	:	Key	71	UP	at	1685444 
1687843	[1495]	:	Key	98	DOWN	at	1687843 
1688985	[1142]	:	Key	98	UP	at	1688011 
1690154	[1169]	:	Key	97	DOWN	at	1690154 
1691262	[1108]	:	Key	97	UP	at	1690298 
1692810	[1548]	:	Key	98	DOWN	at	1692810 
1693936	[1126]	:	Key	98	UP	at	1692955 
1695450	[1514]	:	Key	97	DOWN	at	1695450 
1696572	[1122]	:	Key	97	UP	at	1695611 
1700282	[3710]	:	Key	98	DOWN	at	1700282 
1701421	[1139]	:	Key	98	UP	at	1700283 
1702203	[782]	:	Key	97	DOWN	at	1702203 
1703338	[1135]	:	Key	97	UP	at	1702356 
1704307	[969]	:	Key	98	DOWN	at	1704307 
1705440	[1133]	:	Key	98	UP	at	1704450 
1706514	[1074]	:	Key	97	DOWN	at	1706514 
1707717	[1203]	:	Key	97	UP	at	1706657 
1715282	[7565]	:	Key	71	DOWN	at	1715282 
1715586	[304]	:	Key	71	UP	at	1715283 
1717146	[1560]	:	Key	71	DOWN	at	1717146 
1717298	[152]	:	Key	71	UP	at	1717298 
1718378	[1080]	:	Key	71	DOWN	at	1718378 
1721682	[3304]	:	Key	71	UP	at	1718539 
1721684	[2]	:	Key	71	DOWN	at	1719747 
1721685	[1]	:	Key	71	UP	at	1719899 
1721686	[1]	:	Key	71	DOWN	at	1721618 
1721778	[92]	:	Key	71	UP	at	1721778 
1722849	[1071]	:	Key	71	DOWN	at	1722849 
1726151	[3302]	:	Key	71	UP	at	1722993 
1726153	[2]	:	Key	71	DOWN	at	1725546 
1726154	[1]	:	Key	71	UP	at	1725722 
1728753	[2599]	:	Key	71	DOWN	at	1728753 
1732054	[3301]	:	Key	71	UP	at	1728922 
1732056	[2]	:	Key	71	DOWN	at	1731739 
1732057	[1]	:	Key	71	UP	at	1731915 
1734466	[2409]	:	Key	71	DOWN	at	1734466 
1737769	[3303]	:	Key	71	UP	at	1734675 
1737771	[2]	:	Key	71	DOWN	at	1737195 
1737772	[1]	:	Key	71	UP	at	1737371 
1738794	[1022]	:	Key	71	DOWN	at	1738794 
1742096	[3302]	:	Key	71	UP	at	1738938 
1742546	[450]	:	Key	71	DOWN	at	1742546 
1745835	[3289]	:	Key	71	UP	at	1742714 
1746465	[630]	:	Key	71	DOWN	at	1746465 
1749766	[3301]	:	Key	71	UP	at	1746618 
1750415	[649]	:	Key	71	DOWN	at	1750415 
1754328	[3913]	:	Key	71	UP	at	1750603 
1754952	[624]	:	Key	71	DOWN	at	1754952 
1755998	[1046]	:	Key	71	UP	at	1755145 
1757776	[1778]	:	Key	97	DOWN	at	1757776 
1758914	[1138]	:	Key	97	UP	at	1757903 
1760311	[1397]	:	Key	97	DOWN	at	1760311 
1761429	[1118]	:	Key	97	UP	at	1760312 
1762159	[730]	:	Key	97	DOWN	at	1762159 
1763289	[1130]	:	Key	97	UP	at	1762304 
1764287	[998]	:	Key	98	DOWN	at	1764287 
1765417	[1130]	:	Key	98	UP	at	1764448 
1766215	[798]	:	Key	97	DOWN	at	1766215 
1767346	[1131]	:	Key	97	UP	at	1766361 
1769200	[1854]	:	Key	97	DOWN	at	1769200 
1770332	[1132]	:	Key	97	UP	at	1769345 
1771240	[908]	:	Key	98	DOWN	at	1771240 
1772377	[1137]	:	Key	98	UP	at	1771393 
1773152	[775]	:	Key	97	DOWN	at	1773152 
1774832	[1680]	:	Key	97	UP	at	1773305 
1776504	[1672]	:	Key	71	DOWN	at	1776504 
1777540	[1036]	:	Key	71	UP	at	1776616 
1779798	[2258]	:	Key	97	DOWN	at	1779798 
1780913	[1115]	:	Key	97	UP	at	1779951 
1782030	[1117]	:	Key	97	DOWN	at	1782030 
1783144	[1114]	:	Key	97	UP	at	1782166 
1784158	[1014]	:	Key	98	DOWN	at	1784158 
1785301	[1143]	:	Key	98	UP	at	1784311 
1787686	[2385]	:	Key	97	DOWN	at	1787686 
1788821	[1135]	:	Key	97	UP	at	1787855 
1792518	[3697]	:	Key	97	DOWN	at	1792518 
1793650	[1132]	:	Key	97	UP	at	1792663 
1794725	[1075]	:	Key	98	DOWN	at	1794725 
1795841	[1116]	:	Key	98	UP	at	1794869 
1796870	[1029]	:	Key	98	DOWN	at	1796870 
1798000	[1130]	:	Key	98	UP	at	1797030 
1799102	[1102]	:	Key	98	DOWN	at	1799102 
1800312	[1210]	:	Key	98	UP	at	1799270 
1802942	[2630]	:	Key	71	DOWN	at	1802942 
1803266	[324]	:	Key	71	UP	at	1803151 
1803943	[677]	:	Key	71	DOWN	at	1803943 
1804094	[151]	:	Key	71	UP	at	1804094 
1805326	[1232]	:	Key	71	DOWN	at	1805326 
1805326	[0]	:	Key	71	UP	at	1805326 
1808632	[3306]	:	Key	71	DOWN	at	1805999 
1808632	[0]	:	Key	71	UP	at	1806127 
1808632	[0]	:	Key	71	DOWN	at	1807159 
1808633	[1]	:	Key	71	UP	at	1807255 
1808633	[0]	:	Key	71	DOWN	at	1807815 
1808633	[0]	:	Key	71	UP	at	1807967 
1808634	[1]	:	Key	71	DOWN	at	1808175 
1808634	[0]	:	Key	71	UP	at	1808319 
1809094	[460]	:	Key	71	DOWN	at	1809094 
1812396	[3302]	:	Key	71	UP	at	1809271 
1812396	[0]	:	Key	71	DOWN	at	1810853 
1812396	[0]	:	Key	71	UP	at	1811006 
1812397	[1]	:	Key	71	DOWN	at	1811839 
1812397	[0]	:	Key	71	UP	at	1812006 
1813014	[617]	:	Key	71	DOWN	at	1813014 
1816318	[3304]	:	Key	71	UP	at	1813142 
1816320	[2]	:	Key	71	DOWN	at	1814446 
1816321	[1]	:	Key	71	UP	at	1814629 
1816322	[1]	:	Key	71	DOWN	at	1815670 
1816323	[1]	:	Key	71	UP	at	1815814 
1816733	[410]	:	Key	71	DOWN	at	1816733 
1820026	[3293]	:	Key	71	UP	at	1816894 
1820028	[2]	:	Key	71	DOWN	at	1817446 
1820029	[1]	:	Key	71	UP	at	1817622 
1820030	[1]	:	Key	71	DOWN	at	1818198 
1820031	[1]	:	Key	71	UP	at	1818414 
1820033	[2]	:	Key	71	DOWN	at	1818863 
1820034	[1]	:	Key	71	UP	at	1819063 
1820338	[304]	:	Key	71	DOWN	at	1820338 
1820339	[1]	:	Key	71	UP	at	1820339 
1820339	[0]	:	Key	71	DOWN	at	1820339 
1823636	[3297]	:	Key	71	UP	at	1820447 
1823638	[2]	:	Key	71	DOWN	at	1821255 
1823639	[1]	:	Key	71	UP	at	1821447 
1823640	[1]	:	Key	71	DOWN	at	1821895 
1823641	[1]	:	Key	71	UP	at	1822111 
1823643	[2]	:	Key	71	DOWN	at	1822767 
1823644	[1]	:	Key	71	UP	at	1822927 
1824246	[602]	:	Key	71	DOWN	at	1824246 
1827549	[3303]	:	Key	71	UP	at	1824462 
1827551	[2]	:	Key	71	DOWN	at	1826743 
1827552	[1]	:	Key	71	UP	at	1826991 
1827974	[422]	:	Key	71	DOWN	at	1827974 
1831268	[3294]	:	Key	71	UP	at	1828159 
1831270	[2]	:	Key	71	DOWN	at	1828509 
1831271	[1]	:	Key	71	UP	at	1828662 
1831272	[1]	:	Key	71	DOWN	at	1829070 
1831273	[1]	:	Key	71	UP	at	1829150 
1831275	[2]	:	Key	71	DOWN	at	1829510 
1831276	[1]	:	Key	71	UP	at	1829678 
1831277	[1]	:	Key	71	DOWN	at	1830198 
1831278	[1]	:	Key	71	UP	at	1830310 
1831280	[2]	:	Key	71	DOWN	at	1830894 
1831281	[1]	:	Key	71	UP	at	1831014 
1831295	[14]	:	Key	71	DOWN	at	1831286 
1831470	[175]	:	Key	71	UP	at	1831470 
1832278	[808]	:	Key	71	DOWN	at	1832278 
1836193	[3915]	:	Key	71	UP	at	1832342 
1836193	[0]	:	Key	71	DOWN	at	1832694 
1836193	[0]	:	Key	71	UP	at	1832815 
1836194	[1]	:	Key	71	DOWN	at	1833838 
1836194	[0]	:	Key	71	UP	at	1833941 
1836194	[0]	:	Key	71	DOWN	at	1834278 
1836194	[0]	:	Key	71	UP	at	1835360 
1836195	[1]	:	Key	71	DOWN	at	1835361 
1836195	[0]	:	Key	71	UP	at	1835363 
1836196	[1]	:	Key	71	DOWN	at	1835364 
1836196	[0]	:	Key	71	UP	at	1835366 
1836534	[338]	:	Key	71	DOWN	at	1836534 
1837571	[1037]	:	Key	71	UP	at	1836655 
1839941	[2370]	:	Key	97	DOWN	at	1839941 
1841055	[1114]	:	Key	97	UP	at	1840094 
1841861	[806]	:	Key	97	DOWN	at	1841861 
1842991	[1130]	:	Key	97	UP	at	1841980 
1844181	[1190]	:	Key	98	DOWN	at	1844181 
1845313	[1132]	:	Key	98	UP	at	1844326 
1846444	[1131]	:	Key	97	DOWN	at	1846444 
1847556	[1112]	:	Key	97	UP	at	1846596 
1849173	[1617]	:	Key	97	DOWN	at	1849173 
1850292	[1119]	:	Key	97	UP	at	1849317 
1851325	[1033]	:	Key	98	DOWN	at	1851325 
1852454	[1129]	:	Key	98	UP	at	1851453 
1853235	[781]	:	Key	97	DOWN	at	1853235 
1854366	[1131]	:	Key	97	UP	at	1853363 
1855877	[1511]	:	Key	97	DOWN	at	1855877 
1857574	[1697]	:	Key	97	UP	at	1856029 
1859580	[2006]	:	Key	71	DOWN	at	1859580 
1860633	[1053]	:	Key	71	UP	at	1859685 
1861795	[1162]	:	Key	98	DOWN	at	1861795 
1862912	[1117]	:	Key	98	UP	at	1861907 
1864156	[1244]	:	Key	98	DOWN	at	1864156 
1865289	[1133]	:	Key	98	UP	at	1864275 
1866948	[1659]	:	Key	97	DOWN	at	1866948 
1868081	[1133]	:	Key	97	UP	at	1867100 
1869339	[1258]	:	Key	97	DOWN	at	1869339 
1870447	[1108]	:	Key	97	UP	at	1869492 
1871564	[1117]	:	Key	98	DOWN	at	1871564 
1872672	[1108]	:	Key	98	UP	at	1871692 
1873877	[1205]	:	Key	97	DOWN	at	1873877 
1875011	[1134]	:	Key	97	UP	at	1874021 
1876188	[1177]	:	Key	97	DOWN	at	1876188 
1877295	[1107]	:	Key	97	UP	at	1876341 
1879028	[1733]	:	Key	97	DOWN	at	1879028 
1880211	[1183]	:	Key	97	UP	at	1879189 
1882044	[1833]	:	Key	71	DOWN	at	1882044 
1882364	[320]	:	Key	71	UP	at	1882188 
1883476	[1112]	:	Key	71	DOWN	at	1883476 
1883588	[112]	:	Key	71	UP	at	1883588 
1884100	[512]	:	Key	71	DOWN	at	1884100 
1887389	[3289]	:	Key	71	UP	at	1884188 
1887391	[2]	:	Key	71	DOWN	at	1885092 
1887392	[1]	:	Key	71	UP	at	1885204 
1887393	[1]	:	Key	71	DOWN	at	1886516 
1887394	[1]	:	Key	71	UP	at	1886684 
1887851	[457]	:	Key	71	DOWN	at	1887851 
1891141	[3290]	:	Key	71	UP	at	1888004 
1891143	[2]	:	Key	71	DOWN	at	1888917 
1891144	[1]	:	Key	71	UP	at	1889085 
1891145	[1]	:	Key	71	DOWN	at	1890261 
1891146	[1]	:	Key	71	UP	at	1890437 
1891492	[346]	:	Key	71	DOWN	at	1891492 
1894785	[3293]	:	Key	71	UP	at	1891629 
1894787	[2]	:	Key	71	DOWN	at	1892357 
1894788	[1]	:	Key	71	UP	at	1892493 
1894789	[1]	:	Key	71	DOWN	at	1893589 
1894790	[1]	:	Key	71	UP	at	1893765 
1895755	[965]	:	Key	71	DOWN	at	1895755 
1899057	[3302]	:	Key	71	UP	at	1895933 
1899059	[2]	:	Key	71	DOWN	at	1898213 
1899060	[1]	:	Key	71	UP	at	1898389 
1899460	[400]	:	Key	71	DOWN	at	1899460 
1902747	[3287]	:	Key	71	UP	at	1899637 
1902932	[185]	:	Key	71	DOWN	at	1902932 
1906232	[3300]	:	Key	71	UP	at	1903140 
1906234	[2]	:	Key	71	DOWN	at	1904252 
1906235	[1]	:	Key	71	UP	at	1904444 
1906236	[1]	:	Key	71	DOWN	at	1905356 
1906238	[2]	:	Key	71	UP	at	1905500 
1906660	[422]	:	Key	71	DOWN	at	1906660 
1909952	[3292]	:	Key	71	UP	at	1906813 
1909953	[1]	:	Key	71	DOWN	at	1907589 
1909954	[1]	:	Key	71	UP	at	1907765 
1909954	[0]	:	Key	71	DOWN	at	1909141 
1909955	[1]	:	Key	71	UP	at	1909285 
1910411	[456]	:	Key	71	DOWN	at	1910411 
1914315	[3904]	:	Key	71	UP	at	1910573 
1914315	[0]	:	Key	71	DOWN	at	1911557 
1914315	[0]	:	Key	71	UP	at	1911733 
1915052	[737]	:	Key	71	DOWN	at	1915052 
1916103	[1051]	:	Key	71	UP	at	1915211 
1917588	[1485]	:	Key	98	DOWN	at	1917588 
1918712	[1124]	:	Key	98	UP	at	1917740 
1919860	[1148]	:	Key	97	DOWN	at	1919860 
1920970	[1110]	:	Key	97	UP	at	1920012 
1922116	[1146]	:	Key	97	DOWN	at	1922116 
1923241	[1125]	:	Key	97	UP	at	1922252 
1925389	[2148]	:	Key	97	DOWN	at	1925389 
1926529	[1140]	:	Key	97	UP	at	1925391 
1926529	[0]	:	Key	97	DOWN	at	1925474 
1926530	[1]	:	Key	97	UP	at	1925635 
1927938	[1408]	:	Key	97	DOWN	at	1927938 
1929069	[1131]	:	Key	97	UP	at	1928083 
1930074	[1005]	:	Key	97	DOWN	at	1930074 
1931198	[1124]	:	Key	97	UP	at	1930225 
1932122	[924]	:	Key	97	DOWN	at	1932122 
1933236	[1114]	:	Key	97	UP	at	1932283 
1934530	[1294]	:	Key	98	DOWN	at	1934530 
1936222	[1692]	:	Key	98	UP	at	1934707 
1937698	[1476]	:	Key	71	DOWN	at	1937698 
1938751	[1053]	:	Key	71	UP	at	1937794 
1940391	[1640]	:	Key	98	DOWN	at	1940391 
1941542	[1151]	:	Key	98	UP	at	1940392 
1942856	[1314]	:	Key	98	DOWN	at	1942856 
1943978	[1122]	:	Key	98	UP	at	1943025 
1945832	[1854]	:	Key	98	DOWN	at	1945832 
1946958	[1126]	:	Key	98	UP	at	1945993 
1949069	[2111]	:	Key	97	DOWN	at	1949069 
1950183	[1114]	:	Key	97	UP	at	1949221 
1951774	[1591]	:	Key	98	DOWN	at	1951774 
1952887	[1113]	:	Key	98	UP	at	1951974 
1956957	[4070]	:	Key	98	DOWN	at	1956957 
1958081	[1124]	:	Key	98	UP	at	1957118 
1959119	[1038]	:	Key	97	DOWN	at	1959119 
1960245	[1126]	:	Key	97	UP	at	1959254 
1961606	[1361]	:	Key	98	DOWN	at	1961606 
1962786	[1180]	:	Key	98	UP	at	1961783 
1964534	[1748]	:	Key	71	DOWN	at	1964534 
1964856	[322]	:	Key	71	UP	at	1964623 
1964856	[0]	:	Key	71	DOWN	at	1964695 
1964856	[0]	:	Key	71	UP	at	1964822 
1965822	[966]	:	Key	71	DOWN	at	1965822 
1966006	[184]	:	Key	71	UP	at	1966006 
1966518	[512]	:	Key	71	DOWN	at	1966518 
1969823	[3305]	:	Key	71	UP	at	1966686 
1969825	[2]	:	Key	71	DOWN	at	1967487 
1969826	[1]	:	Key	71	UP	at	1967671 
1969827	[1]	:	Key	71	DOWN	at	1969351 
1970421	[594]	:	Key	71	UP	at	1970421 
1970423	[2]	:	Key	71	DOWN	at	1970422 
1970423	[0]	:	Key	71	UP	at	1970422 
1973726	[3303]	:	Key	71	DOWN	at	1970821 
1973728	[2]	:	Key	71	UP	at	1971007 
1973729	[1]	:	Key	71	DOWN	at	1972446 
1973730	[1]	:	Key	71	UP	at	1972638 
1974262	[532]	:	Key	71	DOWN	at	1974262 
1977564	[3302]	:	Key	71	UP	at	1974438 
1977566	[2]	:	Key	71	DOWN	at	1975429 
1977567	[1]	:	Key	71	UP	at	1975605 
1977870	[303]	:	Key	71	DOWN	at	1977870 
1981170	[3300]	:	Key	71	UP	at	1978103 
1981172	[2]	:	Key	71	DOWN	at	1979887 
1981173	[1]	:	Key	71	UP	at	1980111 
1981174	[1]	:	Key	71	DOWN	at	1981167 
1981342	[168]	:	Key	71	UP	at	1981342 
1983502	[2160]	:	Key	71	DOWN	at	1983502 
1986798	[3296]	:	Key	71	UP	at	1983671 
1986800	[2]	:	Key	71	DOWN	at	1985438 
1986801	[1]	:	Key	71	UP	at	1985440 
1987670	[869]	:	Key	71	DOWN	at	1987670 
1990973	[3303]	:	Key	71	UP	at	1987815 
1990975	[2]	:	Key	71	DOWN	at	1990478 
1990976	[1]	:	Key	71	UP	at	1990630 
1993870	[2894]	:	Key	71	DOWN	at	1993870 
1997173	[3303]	:	Key	71	UP	at	1994047 
1997175	[2]	:	Key	71	DOWN	at	1995439 
1997176	[1]	:	Key	71	UP	at	1995582 
1997177	[1]	:	Key	71	DOWN	at	1996799 
1997178	[1]	:	Key	71	UP	at	1996951 
1997662	[484]	:	Key	71	DOWN	at	1997662 
2001564	[3902]	:	Key	71	UP	at	1997791 
2001564	[0]	:	Key	71	DOWN	at	1998687 
2001564	[0]	:	Key	71	UP	at	1998791 
2001565	[1]	:	Key	71	DOWN	at	2000445 
2001565	[0]	:	Key	71	UP	at	2000567 
2002382	[817]	:	Key	71	DOWN	at	2002382 
2003434	[1052]	:	Key	71	UP	at	2002567 
2004589	[1155]	:	Key	97	DOWN	at	2004589 
2005698	[1109]	:	Key	97	UP	at	2004733 
2006606	[908]	:	Key	97	DOWN	at	2006606 
2007729	[1123]	:	Key	97	UP	at	2006774 
2008958	[1229]	:	Key	97	DOWN	at	2008958 
2010090	[1132]	:	Key	97	UP	at	2009118 
2011863	[1773]	:	Key	97	DOWN	at	2011863 
2013002	[1139]	:	Key	97	UP	at	2012031 
2014046	[1044]	:	Key	97	DOWN	at	2014046 
2015167	[1121]	:	Key	97	UP	at	2014206 
2016070	[903]	:	Key	97	DOWN	at	2016070 
2017201	[1131]	:	Key	97	UP	at	2016223 
2018254	[1053]	:	Key	98	DOWN	at	2018254 
2019368	[1114]	:	Key	98	UP	at	2018415 
2020644	[1276]	:	Key	97	DOWN	at	2020644 
2022341	[1697]	:	Key	97	UP	at	2020741 
2025838	[3497]	:	Key	71	DOWN	at	2025838 
2026881	[1043]	:	Key	71	UP	at	2025974 
2030442	[3561]	:	Key	98	DOWN	at	2030442 
2031559	[1117]	:	Key	98	UP	at	2030443 
2033383	[1824]	:	Key	98	DOWN	at	2033383 
2034514	[1131]	:	Key	98	UP	at	2033559 
2035567	[1053]	:	Key	98	DOWN	at	2035567 
2036697	[1130]	:	Key	98	UP	at	2035733 
2038014	[1317]	:	Key	98	DOWN	at	2038014 
2039142	[1128]	:	Key	98	UP	at	2038175 
2042260	[3118]	:	Key	98	DOWN	at	2042260 
2043391	[1131]	:	Key	98	UP	at	2042436 
2045453	[2062]	:	Key	97	DOWN	at	2045453 
2046575	[1122]	:	Key	97	UP	at	2045454 
2048891	[2316]	:	Key	97	DOWN	at	2048891 
2050025	[1134]	:	Key	97	UP	at	2049061 
2052340	[2315]	:	Key	98	DOWN	at	2052340 
2053527	[1187]	:	Key	98	UP	at	2052533 
2057692	[4165]	:	Key	71	DOWN	at	2057692 
2058023	[331]	:	Key	71	UP	at	2057837 
2060484	[2461]	:	Key	71	DOWN	at	2060484 
2060670	[186]	:	Key	71	UP	at	2060670 
2064308	[3638]	:	Key	71	DOWN	at	2064308 
2067609	[3301]	:	Key	71	UP	at	2064493 
2067610	[1]	:	Key	71	DOWN	at	2065364 
2067612	[2]	:	Key	71	UP	at	2065525 
2068228	[616]	:	Key	71	DOWN	at	2068228 
2071524	[3296]	:	Key	71	UP	at	2068389 
2071525	[1]	:	Key	71	DOWN	at	2069228 
2071527	[2]	:	Key	71	UP	at	2069364 
2071527	[0]	:	Key	71	DOWN	at	2070907 
2071529	[2]	:	Key	71	UP	at	2071051 
2072179	[650]	:	Key	71	DOWN	at	2072179 
2075476	[3297]	:	Key	71	UP	at	2072301 
2077732	[2256]	:	Key	71	DOWN	at	2077732 
2081031	[3299]	:	Key	71	UP	at	2077916 
2082139	[1108]	:	Key	71	DOWN	at	2082139 
2085438	[3299]	:	Key	71	UP	at	2082284 
2087188	[1750]	:	Key	71	DOWN	at	2087188 
2090489	[3301]	:	Key	71	UP	at	2087373 
2090491	[2]	:	Key	71	DOWN	at	2090487 
2090492	[1]	:	Key	71	UP	at	2090487 
2092083	[1591]	:	Key	71	DOWN	at	2092083 
2095387	[3304]	:	Key	71	UP	at	2092333 
2095387	[0]	:	Key	71	DOWN	at	2094500 
2095387	[0]	:	Key	71	UP	at	2094708 
2095891	[504]	:	Key	71	DOWN	at	2095891 
2099793	[3902]	:	Key	71	UP	at	2096156 
2099793	[0]	:	Key	71	DOWN	at	2096996 
2099793	[0]	:	Key	71	UP	at	2097188 
2099794	[1]	:	Key	71	DOWN	at	2098525 
2099794	[0]	:	Key	71	UP	at	2098733 
2100509	[715]	:	Key	71	DOWN	at	2100509 
2101552	[1043]	:	Key	71	UP	at	2100723 
2102893	[1341]	:	Key	97	DOWN	at	2102893 
2104047	[1154]	:	Key	97	UP	at	2103020 
2105480	[1433]	:	Key	98	DOWN	at	2105480 
2106620	[1140]	:	Key	98	UP	at	2105481 
2108900	[2280]	:	Key	97	DOWN	at	2108900 
2110028	[1128]	:	Key	97	UP	at	2109037 
2110964	[936]	:	Key	97	DOWN	at	2110964 
2112090	[1126]	:	Key	97	UP	at	2111109 
2113484	[1394]	:	Key	98	DOWN	at	2113484 
2114614	[1130]	:	Key	98	UP	at	2113668 
2115795	[1181]	:	Key	97	DOWN	at	2115795 
2116902	[1107]	:	Key	97	UP	at	2115940 
2118036	[1134]	:	Key	98	DOWN	at	2118036 
2119168	[1132]	:	Key	98	UP	at	2118213 
2120483	[1315]	:	Key	97	DOWN	at	2120483 
2122186	[1703]	:	Key	97	UP	at	2120484 
2123700	[1514]	:	Key	71	DOWN	at	2123700 
2124752	[1052]	:	Key	71	UP	at	2123805 
2127411	[2659]	:	Key	98	DOWN	at	2127411 
2128537	[1126]	:	Key	98	UP	at	2127564 
2129762	[1225]	:	Key	97	DOWN	at	2129762 
2130875	[1113]	:	Key	97	UP	at	2129915 
2132609	[1734]	:	Key	97	DOWN	at	2132609 
2133733	[1124]	:	Key	97	UP	at	2132777 
2135489	[1756]	:	Key	98	DOWN	at	2135489 
2136630	[1141]	:	Key	98	UP	at	2135490 
2137538	[908]	:	Key	98	DOWN	at	2137538 
2138674	[1136]	:	Key	98	UP	at	2137714 
2139729	[1055]	:	Key	98	DOWN	at	2139729 
2140834	[1105]	:	Key	98	UP	at	2139906 
2141681	[847]	:	Key	97	DOWN	at	2141681 
2142816	[1135]	:	Key	97	UP	at	2141826 
2144625	[1809]	:	Key	98	DOWN	at	2144625 
2145828	[1203]	:	Key	98	UP	at	2144778 
2147737	[1909]	:	Key	71	DOWN	at	2147737 
2148061	[324]	:	Key	71	UP	at	2147882 
2149232	[1171]	:	Key	71	DOWN	at	2149232 
2149425	[193]	:	Key	71	UP	at	2149425 
2150497	[1072]	:	Key	71	DOWN	at	2150497 
2150497	[0]	:	Key	71	UP	at	2150497 
2153801	[3304]	:	Key	71	DOWN	at	2151690 
2153803	[2]	:	Key	71	UP	at	2151882 
2153804	[1]	:	Key	71	DOWN	at	2152217 
2153805	[1]	:	Key	71	UP	at	2152394 
2153806	[1]	:	Key	71	DOWN	at	2153074 
2153808	[2]	:	Key	71	UP	at	2153258 
2155758	[1950]	:	Key	71	DOWN	at	2155758 
2159061	[3303]	:	Key	71	UP	at	2156023 
2159063	[2]	:	Key	71	DOWN	at	2156647 
2159064	[1]	:	Key	71	UP	at	2156927 
2159065	[1]	:	Key	71	DOWN	at	2158687 
2159066	[1]	:	Key	71	UP	at	2158927 
2159543	[477]	:	Key	71	DOWN	at	2159543 
2162835	[3292]	:	Key	71	UP	at	2159759 
2162837	[2]	:	Key	71	DOWN	at	2160543 
2162838	[1]	:	Key	71	UP	at	2160767 
2162839	[1]	:	Key	71	DOWN	at	2161967 
2162840	[1]	:	Key	71	UP	at	2162174 
2165517	[2677]	:	Key	71	DOWN	at	2165517 
2165519	[2]	:	Key	71	UP	at	2165518 
2168820	[3301]	:	Key	71	DOWN	at	2166559 
2168822	[2]	:	Key	71	UP	at	2166694 
2168823	[1]	:	Key	71	DOWN	at	2168118 
2168824	[1]	:	Key	71	UP	at	2168262 
2169493	[669]	:	Key	71	DOWN	at	2169493 
2172798	[3305]	:	Key	71	UP	at	2169676 
2172800	[2]	:	Key	71	DOWN	at	2170541 
2172801	[1]	:	Key	71	UP	at	2170709 
2172802	[1]	:	Key	71	DOWN	at	2172477 
2172803	[1]	:	Key	71	UP	at	2172645 
2173540	[737]	:	Key	71	DOWN	at	2173540 
2176842	[3302]	:	Key	71	UP	at	2173700 
2177684	[842]	:	Key	71	DOWN	at	2177684 
2180987	[3303]	:	Key	71	UP	at	2177885 
2180989	[2]	:	Key	71	DOWN	at	2178725 
2180990	[1]	:	Key	71	UP	at	2178933 
2180991	[1]	:	Key	71	DOWN	at	2180677 
2180992	[1]	:	Key	71	UP	at	2180869 
2181524	[532]	:	Key	71	DOWN	at	2181524 
2185427	[3903]	:	Key	71	UP	at	2181701 
2185427	[0]	:	Key	71	DOWN	at	2182589 
2185427	[0]	:	Key	71	UP	at	2182725 
2186964	[1537]	:	Key	71	DOWN	at	2186964 
2188005	[1041]	:	Key	71	UP	at	2187149 
2189252	[1247]	:	Key	98	DOWN	at	2189252 
2190375	[1123]	:	Key	98	UP	at	2189429 
2191149	[774]	:	Key	97	DOWN	at	2191149 
2192291	[1142]	:	Key	97	UP	at	2191293 
2193532	[1241]	:	Key	97	DOWN	at	2193532 
2194652	[1120]	:	Key	97	UP	at	2193701 
2196348	[1696]	:	Key	98	DOWN	at	2196348 
2197477	[1129]	:	Key	98	UP	at	2196525 
2199220	[1743]	:	Key	97	DOWN	at	2199220 
2200355	[1135]	:	Key	97	UP	at	2199355 
2202036	[1681]	:	Key	97	DOWN	at	2202036 
2203177	[1141]	:	Key	97	UP	at	2202196 
2204292	[1115]	:	Key	97	DOWN	at	2204292 
2205401	[1109]	:	Key	97	UP	at	2204436 
2206332	[931]	:	Key	97	DOWN	at	2206332 
2208021	[1689]	:	Key	97	UP	at	2206460 
2210529	[2508]	:	Key	71	DOWN	at	2210529 
2211576	[1047]	:	Key	71	UP	at	2210530 
2213124	[1548]	:	Key	97	DOWN	at	2213124 
2214251	[1127]	:	Key	97	UP	at	2213261 
2215092	[841]	:	Key	97	DOWN	at	2215092 
2216219	[1127]	:	Key	97	UP	at	2215211 
2218716	[2497]	:	Key	98	DOWN	at	2218716 
2219830	[1114]	:	Key	98	UP	at	2218884 
2221477	[1647]	:	Key	98	DOWN	at	2221477 
2222615	[1138]	:	Key	98	UP	at	2221621 
2224260	[1645]	:	Key	97	DOWN	at	2224260 
2225385	[1125]	:	Key	97	UP	at	2224381 
2226460	[1075]	:	Key	97	DOWN	at	2226460 
2227569	[1109]	:	Key	97	UP	at	2226605 
2228660	[1091]	:	Key	97	DOWN	at	2228660 
2229790	[1130]	:	Key	97	UP	at	2228813 
2231148	[1358]	:	Key	98	DOWN	at	2231148 
2232351	[1203]	:	Key	98	UP	at	2231309 
2238693	[6342]	:	Key	71	DOWN	at	2238693 
2239019	[326]	:	Key	71	UP	at	2238829 
2258021	[19002]	:	Key	97	DOWN	at	2258021 
2258140	[119]	:	Key	97	UP	at	2258140 
2289642	[31502]	:	Key	97	DOWN	at	2289642 
2289737	[95]	:	Key	97	UP	at	2289737 
2345594	[55857]	:	Key	98	DOWN	at	2345594 
2345692	[98]	:	Key	98	UP	at	2345595 
2347569	[1877]	:	Key	97	DOWN	at	2347569 
2347658	[89]	:	Key	97	UP	at	2347658 
2351497	[3839]	:	Key	97	DOWN	at	2351497 
2351617	[120]	:	Key	97	UP	at	2351617 
2366377	[14760]	:	Key	97	DOWN	at	2366377 
2366497	[120]	:	Key	97	UP	at	2366497 
2383609	[17112]	:	Key	97	DOWN	at	2383609 
2383705	[96]	:	Key	97	UP	at	2383705 
2403071	[19366]	:	Key	97	DOWN	at	2403071 
2403191	[120]	:	Key	97	UP	at	2403191 
2416696	[13505]	:	Key	97	DOWN	at	2416696 
2416823	[127]	:	Key	97	UP	at	2416823 
2438077	[21254]	:	Key	97	DOWN	at	2438077 
2438252	[175]	:	Key	97	UP	at	2438252 
2455852	[17600]	:	Key	97	DOWN	at	2455852 
2455948	[96]	:	Key	97	UP	at	2455931 
2469715	[13767]	:	Key	97	DOWN	at	2469715 
2469825	[110]	:	Key	97	UP	at	2469820 
2495659	[25834]	:	Key	97	DOWN	at	2495659 
2495754	[95]	:	Key	97	UP	at	2495660 
2509633	[13879]	:	Key	97	DOWN	at	2509633 
2510671	[1038]	:	Key	97	UP	at	2510671 
2535409	[24738]	:	Key	97	DOWN	at	2535409 
2535537	[128]	:	Key	97	UP	at	2535537 
2549841	[14304]	:	Key	97	DOWN	at	2549841 
2549977	[136]	:	Key	97	UP	at	2549977 
2552809	[2832]	:	Key	98	DOWN	at	2552809 
2552945	[136]	:	Key	98	UP	at	2552945 
2571066	[18121]	:	Key	97	DOWN	at	2571066 
2571161	[95]	:	Key	97	UP	at	2571161 
2592159	[20998]	:	Key	97	DOWN	at	2592159 
2592274	[115]	:	Key	97	UP	at	2592183 
2608287	[16013]	:	Key	97	DOWN	at	2608287 
2608382	[95]	:	Key	97	UP	at	2608382 
2626655	[18273]	:	Key	97	DOWN	at	2626655 
2626766	[111]	:	Key	97	UP	at	2626750 
2686459	[59693]	:	Key	97	DOWN	at	2686459 
2686563	[104]	:	Key	97	UP	at	2686555 
2704315	[17752]	:	Key	97	DOWN	at	2704315 
2704411	[96]	:	Key	97	UP	at	2704411 
2710596	[6185]	:	Key	97	DOWN	at	2710596 
2711596	[1000]	:	Key	97	UP	at	2710709 
2753655	[42059]	:	Key	97	DOWN	at	2753655 
2753784	[129]	:	Key	97	UP	at	2753784 
2757232	[3448]	:	Key	97	DOWN	at	2757232 
2757392	[160]	:	Key	97	UP	at	2757392 
2761311	[3919]	:	Key	97	DOWN	at	2761311 
2761439	[128]	:	Key	97	UP	at	2761439 
2765801	[4362]	:	Key	71	DOWN	at	2765801 
2765801	[0]	:	Key	71	UP	at	2765801 
2768456	[2655]	:	Key	71	DOWN	at	2768456 
2930875	[162419]	:	Key	71	DOWN	at	2930875 
2930877	[2]	:	Key	71	UP	at	2930876 
2932882	[2005]	:	Key	71	DOWN	at	2932882 
3493416	[560534]	:	Key	71	DOWN	at	3493416 
3493536	[120]	:	Key	71	UP	at	3493536 
3501151	[7615]	:	Key	97	DOWN	at	3501151 
3501153	[2]	:	Key	97	UP	at	3501152 
3503256	[2103]	:	Key	98	DOWN	at	3503256 
3503408	[152]	:	Key	98	UP	at	3503408 
3505152	[1744]	:	Key	71	DOWN	at	3505152 
3505312	[160]	:	Key	71	UP	at	3505312 
3544647	[39335]	:	Key	71	DOWN	at	3544647 
3544864	[217]	:	Key	71	UP	at	3544864 
3571102	[26238]	:	Key	97	DOWN	at	3571102 
3572102	[1000]	:	Key	97	UP	at	3571255 
3574286	[2184]	:	Key	71	DOWN	at	3574286 
4066683	[492397]	:	Key	71	DOWN	at	4066683 
4066891	[208]	:	Key	71	UP	at	4066891 
4067491	[600]	:	Key	71	DOWN	at	4067491 
4067723	[232]	:	Key	71	UP	at	4067723 
4068930	[1207]	:	Key	59	DOWN	at	4068930 
4069059	[129]	:	Key	59	UP	at	4069059 
4073010	[3951]	:	Key	71	DOWN	at	4073010 
4073186	[176]	:	Key	71	UP	at	4073186 
4125073	[51887]	:	Key	97	DOWN	at	4125073 
4126073	[1000]	:	Key	97	UP	at	4125225 
4128033	[1960]	:	Key	71	DOWN	at	4128033 
4681890	[553857]	:	Key	97	DOWN	at	4681890 
4682890	[1000]	:	Key	97	UP	at	4681987 
4684946	[2056]	:	Key	71	DOWN	at	4684946 
5249128	[564182]	:	Key	97	DOWN	at	5249128 
5250128	[1000]	:	Key	97	UP	at	5249193 
5251638	[1510]	:	Key	71	DOWN	at	5251638 
5772338	[520700]	:	Key	97	DOWN	at	5772338 
5772426	[88]	:	Key	97	UP	at	5772426 
5774090	[1664]	:	Key	71	DOWN	at	5774090 
5774127	[37]	:	COGENT STOP
