Cog2000 log file Wed Apr 14 10:46:33 2021
gprim v1.33 Compiled:Aug 12 2015 (GLib DirectDraw v7 DX10.0 Compiled:Aug 12 2015)
Display:1024x768x32 60.02Hz
Attaching E:\saharrajabi\final mbmf+drug task\cogent2000v1.33\toolbox\CogInput.mexw64
CogInput v1.05 Compiled: May 20 2010
3	[3]	:	COGENT START
5214	[5211]	:	Key	97	DOWN	at	5213    
5349	[135]	:	Key	97	UP	at	5349    
8340	[2991]	:	Key	97	DOWN	at	8340    
8340	[0]	:	Key	97	UP	at	8340    
10789	[2449]	:	Key	97	DOWN	at	10789   
11789	[1000]	:	Key	97	UP	at	10894   
15725	[3936]	:	Key	71	DOWN	at	15725   
15974	[249]	:	Key	71	UP	at	15781   
21205	[5231]	:	Key	71	DOWN	at	21205   
24594	[3389]	:	Key	71	UP	at	21358   
27584	[2990]	:	Key	71	DOWN	at	27584   
30888	[3304]	:	Key	71	UP	at	27793   
35470	[4582]	:	Key	71	DOWN	at	35470   
38769	[3299]	:	Key	71	UP	at	35615   
42591	[3822]	:	Key	71	DOWN	at	42591   
45891	[3300]	:	Key	71	UP	at	42776   
48830	[2939]	:	Key	71	DOWN	at	48830   
52120	[3290]	:	Key	71	UP	at	49038   
53695	[1575]	:	Key	71	DOWN	at	53695   
56994	[3299]	:	Key	71	UP	at	53784   
57831	[837]	:	Key	71	DOWN	at	57831   
61119	[3288]	:	Key	71	UP	at	58088   
63599	[2480]	:	Key	71	DOWN	at	63599   
66898	[3299]	:	Key	71	UP	at	63832   
72152	[5254]	:	Key	71	DOWN	at	72152   
75451	[3299]	:	Key	71	UP	at	72368   
75453	[2]	:	Key	71	DOWN	at	74520   
75454	[1]	:	Key	71	UP	at	74712   
93038	[17584]	:	Key	71	DOWN	at	93038   
96340	[3302]	:	Key	71	UP	at	93278   
98392	[2052]	:	Key	71	DOWN	at	98392   
98392	[0]	:	Key	71	UP	at	98392   
102924	[4532]	:	Key	71	DOWN	at	102924  
106205	[3281]	:	Key	71	UP	at	103173  
107333	[1128]	:	Key	71	DOWN	at	107333  
110627	[3294]	:	Key	71	UP	at	107550  
111541	[914]	:	Key	71	DOWN	at	111541  
114810	[3269]	:	Key	71	UP	at	111773  
117524	[2714]	:	Key	71	DOWN	at	117524  
120790	[3266]	:	Key	71	UP	at	117748  
123157	[2367]	:	Key	71	DOWN	at	123157  
126445	[3288]	:	Key	71	UP	at	123413  
127109	[664]	:	Key	71	DOWN	at	127109  
130395	[3286]	:	Key	71	UP	at	127326  
131269	[874]	:	Key	71	DOWN	at	131269  
134558	[3289]	:	Key	71	UP	at	131518  
134997	[439]	:	Key	71	DOWN	at	134997  
138294	[3297]	:	Key	71	UP	at	135270  
139132	[838]	:	Key	71	DOWN	at	139132  
142425	[3293]	:	Key	71	UP	at	139405  
143425	[1000]	:	Key	71	DOWN	at	143425  
143425	[0]	:	Key	71	UP	at	143425  
147021	[3596]	:	Key	71	DOWN	at	147021  
150317	[3296]	:	Key	71	UP	at	147222  
150701	[384]	:	Key	71	DOWN	at	150701  
153988	[3287]	:	Key	71	UP	at	150934  
154324	[336]	:	Key	71	DOWN	at	154324  
157608	[3284]	:	Key	71	UP	at	154558  
158429	[821]	:	Key	71	DOWN	at	158429  
158429	[0]	:	Key	71	UP	at	158429  
161973	[3544]	:	Key	71	DOWN	at	161973  
165268	[3295]	:	Key	71	UP	at	162158  
165781	[513]	:	Key	71	DOWN	at	165781  
169069	[3288]	:	Key	71	UP	at	165958  
169725	[656]	:	Key	71	DOWN	at	169725  
173025	[3300]	:	Key	71	UP	at	169956  
174132	[1107]	:	Key	71	DOWN	at	174132  
177431	[3299]	:	Key	71	UP	at	174405  
179277	[1846]	:	Key	71	DOWN	at	179277  
182576	[3299]	:	Key	71	UP	at	179542  
183237	[661]	:	Key	71	DOWN	at	183237  
186525	[3288]	:	Key	71	UP	at	183462  
187101	[576]	:	Key	71	DOWN	at	187101  
190390	[3289]	:	Key	71	UP	at	187310  
190392	[2]	:	Key	71	DOWN	at	189741  
190393	[1]	:	Key	71	UP	at	189981  
192331	[1938]	:	Key	71	DOWN	at	192331  
195627	[3296]	:	Key	71	UP	at	192483  
196187	[560]	:	Key	71	DOWN	at	196187  
199487	[3300]	:	Key	71	UP	at	196380  
200755	[1268]	:	Key	71	DOWN	at	200755  
204044	[3289]	:	Key	71	UP	at	201003  
204779	[735]	:	Key	71	DOWN	at	204779  
208078	[3299]	:	Key	71	UP	at	204978  
209547	[1469]	:	Key	71	DOWN	at	209547  
212846	[3299]	:	Key	71	UP	at	209731  
213708	[862]	:	Key	71	DOWN	at	213708  
217009	[3301]	:	Key	71	UP	at	213980  
217395	[386]	:	Key	71	DOWN	at	217395  
220694	[3299]	:	Key	71	UP	at	218473  
221355	[661]	:	Key	71	DOWN	at	221355  
224655	[3300]	:	Key	71	UP	at	221540  
224979	[324]	:	Key	71	DOWN	at	224979  
228268	[3289]	:	Key	71	UP	at	225188  
228316	[48]	:	Key	71	DOWN	at	228316  
231613	[3297]	:	Key	71	UP	at	228404  
232194	[581]	:	Key	71	DOWN	at	232194  
235488	[3294]	:	Key	71	UP	at	232355  
236466	[978]	:	Key	71	DOWN	at	236466  
239766	[3300]	:	Key	71	UP	at	236682  
242041	[2275]	:	Key	71	DOWN	at	242041  
245340	[3299]	:	Key	71	UP	at	242298  
245714	[374]	:	Key	71	DOWN	at	245714  
249012	[3298]	:	Key	71	UP	at	245954  
249401	[389]	:	Key	71	DOWN	at	249401  
252689	[3288]	:	Key	71	UP	at	249618  
252691	[2]	:	Key	71	DOWN	at	252466  
252692	[1]	:	Key	71	UP	at	252626  
254305	[1613]	:	Key	71	DOWN	at	254305  
258278	[3973]	:	Key	71	UP	at	254434  
264118	[5840]	:	Key	71	DOWN	at	264118  
265160	[1042]	:	Key	71	UP	at	264407  
265999	[839]	:	Key	97	DOWN	at	265999  
267182	[1183]	:	Key	97	UP	at	266166  
267806	[624]	:	Key	98	DOWN	at	267806  
268929	[1123]	:	Key	98	UP	at	268199  
269543	[614]	:	Key	97	DOWN	at	269543  
270672	[1129]	:	Key	97	UP	at	269719  
271334	[662]	:	Key	97	DOWN	at	271334  
272446	[1112]	:	Key	97	UP	at	271527  
273414	[968]	:	Key	97	DOWN	at	273414  
274532	[1118]	:	Key	97	UP	at	273559  
275382	[850]	:	Key	98	DOWN	at	275382  
276512	[1130]	:	Key	98	UP	at	275567  
277238	[726]	:	Key	97	DOWN	at	277238  
278359	[1121]	:	Key	97	UP	at	277397  
279323	[964]	:	Key	98	DOWN	at	279323  
281030	[1707]	:	Key	98	UP	at	279523  
285332	[4302]	:	Key	71	DOWN	at	285332  
286380	[1048]	:	Key	71	UP	at	285557  
287332	[952]	:	Key	97	DOWN	at	287332  
288432	[1100]	:	Key	97	UP	at	287436  
289452	[1020]	:	Key	98	DOWN	at	289452  
290569	[1117]	:	Key	98	UP	at	289484  
291652	[1083]	:	Key	98	DOWN	at	291652  
292743	[1091]	:	Key	98	UP	at	291796  
293723	[980]	:	Key	97	DOWN	at	293723  
294805	[1082]	:	Key	97	UP	at	293819  
295923	[1118]	:	Key	98	DOWN	at	295923  
297036	[1113]	:	Key	98	UP	at	296075  
297908	[872]	:	Key	98	DOWN	at	297908  
299002	[1094]	:	Key	98	UP	at	298092  
299956	[954]	:	Key	98	DOWN	at	299956  
301058	[1102]	:	Key	98	UP	at	300148  
302427	[1369]	:	Key	97	DOWN	at	302427  
303597	[1170]	:	Key	97	UP	at	302508  
305251	[1654]	:	Key	71	DOWN	at	305251  
305555	[304]	:	Key	71	UP	at	305515  
306635	[1080]	:	Key	71	DOWN	at	306635  
306915	[280]	:	Key	71	UP	at	306915  
308490	[1575]	:	Key	71	DOWN	at	308490  
308491	[1]	:	Key	71	UP	at	308491  
311760	[3269]	:	Key	71	DOWN	at	309763  
311760	[0]	:	Key	71	UP	at	309931  
312267	[507]	:	Key	71	DOWN	at	312267  
315536	[3269]	:	Key	71	UP	at	312459  
315536	[0]	:	Key	71	DOWN	at	315314  
315537	[1]	:	Key	71	UP	at	315434  
316315	[778]	:	Key	71	DOWN	at	316315  
319584	[3269]	:	Key	71	UP	at	316483  
319584	[0]	:	Key	71	DOWN	at	317683  
319585	[1]	:	Key	71	UP	at	317811  
319585	[0]	:	Key	71	DOWN	at	319035  
319585	[0]	:	Key	71	UP	at	319187  
320219	[634]	:	Key	71	DOWN	at	320219  
323488	[3269]	:	Key	71	UP	at	320379  
323488	[0]	:	Key	71	DOWN	at	321851  
323489	[1]	:	Key	71	UP	at	321995  
324683	[1194]	:	Key	71	DOWN	at	324683  
327982	[3299]	:	Key	71	UP	at	324867  
327984	[2]	:	Key	71	DOWN	at	327196  
327985	[1]	:	Key	71	UP	at	327442  
328307	[322]	:	Key	71	DOWN	at	328307  
331598	[3291]	:	Key	71	UP	at	328452  
331915	[317]	:	Key	71	DOWN	at	331915  
335210	[3295]	:	Key	71	UP	at	332052  
336171	[961]	:	Key	71	DOWN	at	336171  
339471	[3300]	:	Key	71	UP	at	336412  
339473	[2]	:	Key	71	DOWN	at	338530  
339474	[1]	:	Key	71	UP	at	338708  
340163	[689]	:	Key	71	DOWN	at	340163  
343464	[3301]	:	Key	71	UP	at	340371  
343464	[0]	:	Key	71	DOWN	at	341955  
343465	[1]	:	Key	71	UP	at	342188  
344275	[810]	:	Key	71	DOWN	at	344275  
347577	[3302]	:	Key	71	UP	at	344508  
347579	[2]	:	Key	71	DOWN	at	346651  
347580	[1]	:	Key	71	UP	at	346891  
348379	[799]	:	Key	71	DOWN	at	348379  
351679	[3300]	:	Key	71	UP	at	348594  
351681	[2]	:	Key	71	DOWN	at	349804  
351682	[1]	:	Key	71	UP	at	350034  
351683	[1]	:	Key	71	DOWN	at	351596  
351820	[137]	:	Key	71	UP	at	351820  
353517	[1697]	:	Key	71	DOWN	at	353517  
356820	[3303]	:	Key	71	UP	at	353537  
356822	[2]	:	Key	71	DOWN	at	355187  
356823	[1]	:	Key	71	UP	at	355444  
357707	[884]	:	Key	71	DOWN	at	357707  
361009	[3302]	:	Key	71	UP	at	358028  
361011	[2]	:	Key	71	DOWN	at	359996  
361012	[1]	:	Key	71	UP	at	360380  
362026	[1014]	:	Key	71	DOWN	at	362026  
365324	[3298]	:	Key	71	UP	at	362324  
366555	[1231]	:	Key	71	DOWN	at	366555  
369848	[3293]	:	Key	71	UP	at	366820  
369850	[2]	:	Key	71	DOWN	at	368844  
369851	[1]	:	Key	71	UP	at	369084  
370548	[697]	:	Key	71	DOWN	at	370548  
374470	[3922]	:	Key	71	UP	at	370924  
374470	[0]	:	Key	71	DOWN	at	373227  
374470	[0]	:	Key	71	UP	at	373467  
379192	[4722]	:	Key	71	DOWN	at	379192  
380233	[1041]	:	Key	71	UP	at	379345  
380968	[735]	:	Key	97	DOWN	at	380968  
382085	[1117]	:	Key	97	UP	at	381072  
383529	[1444]	:	Key	98	DOWN	at	383529  
384660	[1131]	:	Key	98	UP	at	383555  
385359	[699]	:	Key	97	DOWN	at	385359  
386473	[1114]	:	Key	97	UP	at	385447  
387800	[1327]	:	Key	98	DOWN	at	387800  
388921	[1121]	:	Key	98	UP	at	387920  
389784	[863]	:	Key	97	DOWN	at	389784  
390902	[1118]	:	Key	97	UP	at	389864  
391800	[898]	:	Key	97	DOWN	at	391800  
392928	[1128]	:	Key	97	UP	at	391881  
393688	[760]	:	Key	97	DOWN	at	393688  
394817	[1129]	:	Key	97	UP	at	393760  
395776	[959]	:	Key	98	DOWN	at	395776  
397476	[1700]	:	Key	98	UP	at	395921  
398600	[1124]	:	Key	71	DOWN	at	398600  
399641	[1041]	:	Key	71	UP	at	398785  
400664	[1023]	:	Key	98	DOWN	at	400664  
401772	[1108]	:	Key	98	UP	at	400863  
402557	[785]	:	Key	97	DOWN	at	402557  
403680	[1123]	:	Key	97	UP	at	402744  
404813	[1133]	:	Key	98	DOWN	at	404813  
405934	[1121]	:	Key	98	UP	at	405294  
407270	[1336]	:	Key	98	DOWN	at	407270  
408396	[1126]	:	Key	98	UP	at	407566  
409301	[905]	:	Key	97	DOWN	at	409301  
410430	[1129]	:	Key	97	UP	at	409501  
411373	[943]	:	Key	97	DOWN	at	411373  
412484	[1111]	:	Key	97	UP	at	411686  
413548	[1064]	:	Key	98	DOWN	at	413548  
414672	[1124]	:	Key	98	UP	at	413549  
415685	[1013]	:	Key	97	DOWN	at	415685  
416882	[1197]	:	Key	97	UP	at	415870  
417685	[803]	:	Key	71	DOWN	at	417685  
418013	[328]	:	Key	71	UP	at	417886  
418613	[600]	:	Key	71	DOWN	at	418613  
418869	[256]	:	Key	71	UP	at	418869  
419653	[784]	:	Key	71	DOWN	at	419653  
422956	[3303]	:	Key	71	UP	at	419870  
422958	[2]	:	Key	71	DOWN	at	420671  
422959	[1]	:	Key	71	UP	at	420863  
422960	[1]	:	Key	71	DOWN	at	421711  
422961	[1]	:	Key	71	UP	at	421927  
422962	[1]	:	Key	71	DOWN	at	422764  
422983	[21]	:	Key	71	UP	at	422983  
423701	[718]	:	Key	71	DOWN	at	423701  
427003	[3302]	:	Key	71	UP	at	423909  
427005	[2]	:	Key	71	DOWN	at	424702  
427006	[1]	:	Key	71	UP	at	424918  
427007	[1]	:	Key	71	DOWN	at	425646  
427008	[1]	:	Key	71	UP	at	425854  
427009	[1]	:	Key	71	DOWN	at	426614  
427010	[1]	:	Key	71	UP	at	426782  
428557	[1547]	:	Key	71	DOWN	at	428557  
428557	[0]	:	Key	71	UP	at	428557  
428559	[2]	:	Key	71	DOWN	at	428558  
428559	[0]	:	Key	71	UP	at	428558  
431864	[3305]	:	Key	71	DOWN	at	428573  
431866	[2]	:	Key	71	UP	at	428774  
431868	[2]	:	Key	71	DOWN	at	429542  
431869	[1]	:	Key	71	UP	at	429750  
431870	[1]	:	Key	71	DOWN	at	430478  
431872	[2]	:	Key	71	UP	at	430750  
431873	[1]	:	Key	71	DOWN	at	431510  
431874	[1]	:	Key	71	UP	at	431726  
432445	[571]	:	Key	71	DOWN	at	432445  
435736	[3291]	:	Key	71	UP	at	432686  
435738	[2]	:	Key	71	DOWN	at	432956  
435739	[1]	:	Key	71	UP	at	433126  
435740	[1]	:	Key	71	DOWN	at	433406  
435741	[1]	:	Key	71	UP	at	433646  
435742	[1]	:	Key	71	DOWN	at	434374  
435743	[1]	:	Key	71	UP	at	434614  
435745	[2]	:	Key	71	DOWN	at	435398  
435746	[1]	:	Key	71	UP	at	435622  
435917	[171]	:	Key	71	DOWN	at	435917  
439220	[3303]	:	Key	71	UP	at	436118  
439222	[2]	:	Key	71	DOWN	at	436406  
439223	[1]	:	Key	71	UP	at	436716  
439224	[1]	:	Key	71	DOWN	at	437438  
439225	[1]	:	Key	71	UP	at	437630  
439226	[1]	:	Key	71	DOWN	at	437981  
439227	[1]	:	Key	71	UP	at	438199  
439229	[2]	:	Key	71	DOWN	at	438463  
439229	[0]	:	Key	71	UP	at	438645  
439534	[305]	:	Key	71	DOWN	at	439534  
442832	[3298]	:	Key	71	UP	at	439750  
442834	[2]	:	Key	71	DOWN	at	441326  
442835	[1]	:	Key	71	UP	at	441518  
442836	[1]	:	Key	71	DOWN	at	442070  
442837	[1]	:	Key	71	UP	at	442270  
443575	[738]	:	Key	71	DOWN	at	443575  
446875	[3300]	:	Key	71	UP	at	443599  
448517	[1642]	:	Key	71	DOWN	at	448517  
452440	[3923]	:	Key	71	UP	at	448686  
452440	[0]	:	Key	71	DOWN	at	451262  
452440	[0]	:	Key	71	UP	at	451486  
461510	[9070]	:	Key	71	DOWN	at	461510  
462555	[1045]	:	Key	71	UP	at	461726  
463693	[1138]	:	Key	98	DOWN	at	463693  
464805	[1112]	:	Key	98	UP	at	463862  
465581	[776]	:	Key	97	DOWN	at	465581  
466690	[1109]	:	Key	97	UP	at	465726  
467653	[963]	:	Key	97	DOWN	at	467653  
468782	[1129]	:	Key	97	UP	at	467822  
469605	[823]	:	Key	97	DOWN	at	469605  
470730	[1125]	:	Key	97	UP	at	469774  
471757	[1027]	:	Key	97	DOWN	at	471757  
472876	[1119]	:	Key	97	UP	at	471885  
473606	[730]	:	Key	97	DOWN	at	473606  
474723	[1117]	:	Key	97	UP	at	473767  
475598	[875]	:	Key	97	DOWN	at	475598  
476718	[1120]	:	Key	97	UP	at	475717  
478038	[1320]	:	Key	98	DOWN	at	478038  
479726	[1688]	:	Key	98	UP	at	478294  
480525	[799]	:	Key	71	DOWN	at	480525  
481567	[1042]	:	Key	71	UP	at	480742  
482893	[1326]	:	Key	98	DOWN	at	482893  
484026	[1133]	:	Key	98	UP	at	483070  
484877	[851]	:	Key	98	DOWN	at	484877  
486004	[1127]	:	Key	98	UP	at	485054  
487085	[1081]	:	Key	97	DOWN	at	487085  
488198	[1113]	:	Key	97	UP	at	487222  
489573	[1375]	:	Key	98	DOWN	at	489573  
490693	[1120]	:	Key	98	UP	at	489726  
491702	[1009]	:	Key	97	DOWN	at	491702  
492823	[1121]	:	Key	97	UP	at	491853  
493710	[887]	:	Key	97	DOWN	at	493710  
494837	[1127]	:	Key	97	UP	at	493862  
495870	[1033]	:	Key	98	DOWN	at	495870  
496988	[1118]	:	Key	98	UP	at	496030  
498213	[1225]	:	Key	98	DOWN	at	498213  
499368	[1155]	:	Key	98	UP	at	498342  
500573	[1205]	:	Key	71	DOWN	at	500573  
500953	[380]	:	Key	71	UP	at	500764  
503590	[2637]	:	Key	71	DOWN	at	503590  
503612	[22]	:	Key	71	UP	at	503612  
510979	[7367]	:	Key	71	DOWN	at	510979  
511235	[256]	:	Key	71	UP	at	511235  
512043	[808]	:	Key	97	DOWN	at	512043  
512244	[201]	:	Key	97	UP	at	512244  
517179	[4935]	:	Key	97	DOWN	at	517179  
517347	[168]	:	Key	97	UP	at	517347  
534834	[17487]	:	Key	98	DOWN	at	534834  
534922	[88]	:	Key	98	UP	at	534922  
535658	[736]	:	Key	97	DOWN	at	535658  
535733	[75]	:	Key	97	UP	at	535706  
535923	[190]	:	Key	97	DOWN	at	535923  
536035	[112]	:	Key	97	UP	at	536018  
543017	[6982]	:	Key	97	DOWN	at	543017  
543177	[160]	:	Key	97	UP	at	543177  
553006	[9829]	:	Key	97	DOWN	at	553006  
553118	[112]	:	Key	97	UP	at	553118  
566182	[13064]	:	Key	97	DOWN	at	566182  
566375	[193]	:	Key	97	UP	at	566375  
572142	[5767]	:	Key	97	DOWN	at	572142  
572278	[136]	:	Key	97	UP	at	572278  
584125	[11847]	:	Key	97	DOWN	at	584125  
584245	[120]	:	Key	97	UP	at	584245  
603184	[18939]	:	Key	97	DOWN	at	603184  
603353	[169]	:	Key	97	UP	at	603353  
613569	[10216]	:	Key	97	DOWN	at	613569  
613737	[168]	:	Key	97	UP	at	613737  
627757	[14020]	:	Key	97	DOWN	at	627757  
627917	[160]	:	Key	97	UP	at	627917  
647132	[19215]	:	Key	97	DOWN	at	647132  
647292	[160]	:	Key	97	UP	at	647292  
662939	[15647]	:	Key	97	DOWN	at	662939  
663107	[168]	:	Key	97	UP	at	663107  
668673	[5566]	:	Key	97	DOWN	at	668673  
668673	[0]	:	Key	97	UP	at	668673  
677545	[8872]	:	Key	97	DOWN	at	677545  
677689	[144]	:	Key	97	UP	at	677689  
683676	[5987]	:	Key	97	DOWN	at	683676  
683759	[83]	:	Key	97	UP	at	683759  
689760	[6001]	:	Key	97	DOWN	at	689760  
689952	[192]	:	Key	97	UP	at	689952  
696111	[6159]	:	Key	97	DOWN	at	696111  
696247	[136]	:	Key	97	UP	at	696247  
705351	[9104]	:	Key	97	DOWN	at	705351  
705552	[201]	:	Key	97	UP	at	705552  
710719	[5167]	:	Key	71	DOWN	at	710719  
710855	[136]	:	Key	71	UP	at	710855  
716199	[5344]	:	Key	97	DOWN	at	716199  
717199	[1000]	:	Key	97	UP	at	716383  
721767	[4568]	:	Key	71	DOWN	at	721767  
722079	[312]	:	Key	71	UP	at	721809  
722080	[1]	:	Key	71	DOWN	at	721929  
722184	[104]	:	Key	71	UP	at	722184  
723367	[1183]	:	Key	71	DOWN	at	723367  
789264	[65897]	:	Key	71	DOWN	at	789264  
789520	[256]	:	Key	71	UP	at	789520  
790192	[672]	:	Key	71	DOWN	at	790192  
1278682	[488490]	:	Key	71	DOWN	at	1278682 
1279010	[328]	:	Key	71	UP	at	1279010 
1309992	[30982]	:	Key	97	DOWN	at	1309992 
1310992	[1000]	:	Key	97	UP	at	1310137 
1313981	[2989]	:	Key	71	DOWN	at	1313981 
1313981	[0]	:	Key	71	UP	at	1313981 
1811515	[497534]	:	Key	97	DOWN	at	1811515 
1812515	[1000]	:	Key	97	UP	at	1811636 
1813211	[696]	:	Key	71	DOWN	at	1813211 
2284205	[470994]	:	Key	71	DOWN	at	2284205 
2284509	[304]	:	Key	71	UP	at	2284509 
2300699	[16190]	:	Key	97	DOWN	at	2300699 
2301699	[1000]	:	Key	97	UP	at	2300859 
2303066	[1367]	:	Key	71	DOWN	at	2303066 
2813550	[510484]	:	Key	97	DOWN	at	2813550 
2814729	[1179]	:	Key	97	UP	at	2814729 
2816831	[2102]	:	Key	71	DOWN	at	2816831 
3748449	[931618]	:	Key	71	DOWN	at	3748449 
3748894	[445]	:	Key	71	UP	at	3748634 
3748926	[32]	:	COGENT STOP
