Cog2000 log file Wed Apr 07 11:15:59 2021
gprim v1.33 Compiled:Aug 12 2015 (GLib DirectDraw v7 DX10.0 Compiled:Aug 12 2015)
Display:1024x768x32 60.02Hz
Attaching E:\saharrajabi\final mbmf+drug task\cogent2000v1.33\toolbox\CogInput.mexw64
CogInput v1.05 Compiled: May 20 2010
2	[2]	:	COGENT START
23482	[23480]	:	Key	97	DOWN	at	23481   
23584	[102]	:	Key	97	UP	at	23505   
38092	[14508]	:	Key	97	DOWN	at	38092   
38188	[96]	:	Key	97	UP	at	38180   
64860	[26672]	:	Key	97	DOWN	at	64860   
65860	[1000]	:	Key	97	UP	at	64997   
69036	[3176]	:	Key	98	DOWN	at	69036   
69188	[152]	:	Key	98	UP	at	69188   
72444	[3256]	:	Key	98	DOWN	at	72444   
73647	[1203]	:	Key	98	UP	at	73647   
96780	[23133]	:	Key	71	DOWN	at	96780   
96942	[162]	:	Key	71	UP	at	96915   
102123	[5181]	:	Key	71	DOWN	at	102123  
105527	[3404]	:	Key	71	UP	at	102220  
108835	[3308]	:	Key	71	DOWN	at	108835  
112139	[3304]	:	Key	71	UP	at	108932  
116156	[4017]	:	Key	71	DOWN	at	116156  
119451	[3295]	:	Key	71	UP	at	116260  
122307	[2856]	:	Key	71	DOWN	at	122307  
125607	[3300]	:	Key	71	UP	at	122452  
128532	[2925]	:	Key	71	DOWN	at	128532  
131834	[3302]	:	Key	71	UP	at	128685  
133677	[1843]	:	Key	71	DOWN	at	133677  
133679	[2]	:	Key	71	UP	at	133678  
139315	[5636]	:	Key	71	DOWN	at	139315  
142615	[3300]	:	Key	71	UP	at	139500  
145371	[2756]	:	Key	71	DOWN	at	145371  
148671	[3300]	:	Key	71	UP	at	145548  
150956	[2285]	:	Key	71	DOWN	at	150956  
154258	[3302]	:	Key	71	UP	at	151132  
155811	[1553]	:	Key	71	DOWN	at	155811  
159113	[3302]	:	Key	71	UP	at	155988  
160243	[1130]	:	Key	71	DOWN	at	160243  
163543	[3300]	:	Key	71	UP	at	160428  
168900	[5357]	:	Key	71	DOWN	at	168900  
172197	[3297]	:	Key	71	UP	at	169068  
173251	[1054]	:	Key	71	DOWN	at	173251  
176550	[3299]	:	Key	71	UP	at	173403  
178697	[2147]	:	Key	71	DOWN	at	178697  
178699	[2]	:	Key	71	UP	at	178698  
183588	[4889]	:	Key	71	DOWN	at	183588  
186890	[3302]	:	Key	71	UP	at	183732  
188076	[1186]	:	Key	71	DOWN	at	188076  
191376	[3300]	:	Key	71	UP	at	188252  
192315	[939]	:	Key	71	DOWN	at	192315  
195615	[3300]	:	Key	71	UP	at	192500  
196587	[972]	:	Key	71	DOWN	at	196587  
199886	[3299]	:	Key	71	UP	at	196762  
201267	[1381]	:	Key	71	DOWN	at	201267  
204568	[3301]	:	Key	71	UP	at	201484  
206033	[1465]	:	Key	71	DOWN	at	206033  
209324	[3291]	:	Key	71	UP	at	206201  
209856	[532]	:	Key	71	DOWN	at	209856  
213145	[3289]	:	Key	71	UP	at	210009  
215841	[2696]	:	Key	71	DOWN	at	215841  
219142	[3301]	:	Key	71	UP	at	215994  
222217	[3075]	:	Key	71	DOWN	at	222217  
225507	[3290]	:	Key	71	UP	at	222377  
227176	[1669]	:	Key	71	DOWN	at	227176  
230477	[3301]	:	Key	71	UP	at	227361  
231536	[1059]	:	Key	71	DOWN	at	231536  
234837	[3301]	:	Key	71	UP	at	231711  
235785	[948]	:	Key	71	DOWN	at	235785  
239085	[3300]	:	Key	71	UP	at	235962  
241552	[2467]	:	Key	71	DOWN	at	241552  
244852	[3300]	:	Key	71	UP	at	241745  
245193	[341]	:	Key	71	DOWN	at	245193  
248488	[3295]	:	Key	71	UP	at	245409  
253897	[5409]	:	Key	71	DOWN	at	253897  
257196	[3299]	:	Key	71	UP	at	254097  
258777	[1581]	:	Key	71	DOWN	at	258777  
262067	[3290]	:	Key	71	UP	at	258952  
269959	[7892]	:	Key	71	DOWN	at	269959  
273258	[3299]	:	Key	71	UP	at	270168  
274295	[1037]	:	Key	71	DOWN	at	274295  
277594	[3299]	:	Key	71	UP	at	274478  
280767	[3173]	:	Key	71	DOWN	at	280767  
284061	[3294]	:	Key	71	UP	at	281007  
285687	[1626]	:	Key	71	DOWN	at	285687  
288989	[3302]	:	Key	71	UP	at	285888  
291071	[2082]	:	Key	71	DOWN	at	291071  
294371	[3300]	:	Key	71	UP	at	291287  
295150	[779]	:	Key	71	DOWN	at	295150  
298452	[3302]	:	Key	71	UP	at	295391  
298838	[386]	:	Key	71	DOWN	at	298838  
302139	[3301]	:	Key	71	UP	at	298999  
302838	[699]	:	Key	71	DOWN	at	302838  
306137	[3299]	:	Key	71	UP	at	303064  
306615	[478]	:	Key	71	DOWN	at	306615  
309903	[3288]	:	Key	71	UP	at	306823  
311294	[1391]	:	Key	71	DOWN	at	311294  
314577	[3283]	:	Key	71	UP	at	311487  
315390	[813]	:	Key	71	DOWN	at	315390  
318687	[3297]	:	Key	71	UP	at	315567  
319478	[791]	:	Key	71	DOWN	at	319478  
322767	[3289]	:	Key	71	UP	at	319687  
323687	[920]	:	Key	71	DOWN	at	323687  
326988	[3301]	:	Key	71	UP	at	323872  
327606	[618]	:	Key	71	DOWN	at	327606  
330895	[3289]	:	Key	71	UP	at	328775  
331294	[399]	:	Key	71	DOWN	at	331294  
334594	[3300]	:	Key	71	UP	at	331470  
334925	[331]	:	Key	71	DOWN	at	334925  
338225	[3300]	:	Key	71	UP	at	335078  
338494	[269]	:	Key	71	DOWN	at	338494  
341794	[3300]	:	Key	71	UP	at	338639  
342158	[364]	:	Key	71	DOWN	at	342158  
346119	[3961]	:	Key	71	UP	at	342327  
366325	[20206]	:	Key	71	DOWN	at	366325  
367363	[1038]	:	Key	71	UP	at	366438  
369470	[2107]	:	Key	98	DOWN	at	369470  
370632	[1162]	:	Key	98	UP	at	369605  
371357	[725]	:	Key	98	DOWN	at	371357  
372492	[1135]	:	Key	98	UP	at	371389  
372493	[1]	:	Key	98	DOWN	at	371445  
372494	[1]	:	Key	98	UP	at	371510  
373794	[1300]	:	Key	97	DOWN	at	373794  
374920	[1126]	:	Key	97	UP	at	373795  
375902	[982]	:	Key	97	DOWN	at	375902  
377025	[1123]	:	Key	97	UP	at	375997  
377902	[877]	:	Key	97	DOWN	at	377902  
379034	[1132]	:	Key	97	UP	at	377981  
379742	[708]	:	Key	97	DOWN	at	379742  
380881	[1139]	:	Key	97	UP	at	379821  
381550	[669]	:	Key	98	DOWN	at	381550  
382688	[1138]	:	Key	98	UP	at	381661  
383445	[757]	:	Key	97	DOWN	at	383445  
385159	[1714]	:	Key	97	UP	at	383549  
390389	[5230]	:	Key	71	DOWN	at	390389  
391445	[1056]	:	Key	71	UP	at	390711  
393030	[1585]	:	Key	98	DOWN	at	393030  
394169	[1139]	:	Key	98	UP	at	393118  
395486	[1317]	:	Key	98	DOWN	at	395486  
396611	[1125]	:	Key	98	UP	at	395549  
397606	[995]	:	Key	97	DOWN	at	397606  
398731	[1125]	:	Key	97	UP	at	397709  
400453	[1722]	:	Key	98	DOWN	at	400453  
401576	[1123]	:	Key	98	UP	at	400589  
402445	[869]	:	Key	97	DOWN	at	402445  
403570	[1125]	:	Key	97	UP	at	402565  
404718	[1148]	:	Key	97	DOWN	at	404718  
405858	[1140]	:	Key	98	DOWN	at	404726  
405859	[1]	:	Key	98	UP	at	404861  
405860	[1]	:	Key	97	UP	at	404877  
406957	[1097]	:	Key	97	DOWN	at	406957  
408090	[1133]	:	Key	97	UP	at	407102  
408974	[884]	:	Key	97	DOWN	at	408974  
410177	[1203]	:	Key	97	UP	at	409101  
417165	[6988]	:	Key	71	DOWN	at	417165  
417492	[327]	:	Key	71	UP	at	417390  
419885	[2393]	:	Key	71	DOWN	at	419885  
420110	[225]	:	Key	71	UP	at	420110  
421493	[1383]	:	Key	71	DOWN	at	421493  
424787	[3294]	:	Key	71	UP	at	421638  
424789	[2]	:	Key	71	DOWN	at	422141  
424790	[1]	:	Key	71	UP	at	422157  
424791	[1]	:	Key	71	DOWN	at	422486  
424792	[1]	:	Key	71	UP	at	422582  
424793	[1]	:	Key	71	DOWN	at	422822  
424794	[1]	:	Key	71	UP	at	422902  
424796	[2]	:	Key	71	DOWN	at	423086  
424797	[1]	:	Key	71	UP	at	423190  
424798	[1]	:	Key	71	DOWN	at	423502  
424799	[1]	:	Key	71	UP	at	423622  
424800	[1]	:	Key	98	DOWN	at	424430  
424800	[0]	:	Key	98	UP	at	424558  
425325	[525]	:	Key	98	DOWN	at	425325  
425462	[137]	:	Key	98	UP	at	425462  
426646	[1184]	:	Key	98	DOWN	at	426646  
426790	[144]	:	Key	98	UP	at	426790  
427158	[368]	:	Key	71	DOWN	at	427158  
430462	[3304]	:	Key	71	UP	at	427359  
430464	[2]	:	Key	71	DOWN	at	428407  
430465	[1]	:	Key	71	UP	at	428615  
430998	[533]	:	Key	71	DOWN	at	430998  
434299	[3301]	:	Key	71	UP	at	431165  
434301	[2]	:	Key	71	DOWN	at	432486  
434302	[1]	:	Key	71	UP	at	432661  
439109	[4807]	:	Key	71	DOWN	at	439109  
442405	[3296]	:	Key	71	UP	at	439302  
443102	[697]	:	Key	71	DOWN	at	443102  
446388	[3286]	:	Key	71	UP	at	443263  
446966	[578]	:	Key	71	DOWN	at	446966  
450265	[3299]	:	Key	71	UP	at	447087  
450267	[2]	:	Key	71	DOWN	at	449470  
450268	[1]	:	Key	71	UP	at	449622  
451700	[1432]	:	Key	71	DOWN	at	451700  
455001	[3301]	:	Key	71	UP	at	451828  
455003	[2]	:	Key	71	DOWN	at	453308  
455004	[1]	:	Key	71	UP	at	453460  
457067	[2063]	:	Key	71	DOWN	at	457067  
460369	[3302]	:	Key	71	UP	at	457172  
460371	[2]	:	Key	71	DOWN	at	459852  
460372	[1]	:	Key	71	UP	at	460012  
463849	[3477]	:	Key	71	DOWN	at	463849  
463851	[2]	:	Key	71	UP	at	463850  
467152	[3301]	:	Key	71	DOWN	at	464437  
467154	[2]	:	Key	71	UP	at	464653  
467548	[394]	:	Key	71	DOWN	at	467548  
470848	[3300]	:	Key	71	UP	at	467756  
470850	[2]	:	Key	71	DOWN	at	470332  
470851	[1]	:	Key	71	UP	at	470500  
473867	[3016]	:	Key	71	DOWN	at	473867  
477167	[3300]	:	Key	71	UP	at	474036  
478989	[1822]	:	Key	71	DOWN	at	478989  
482290	[3301]	:	Key	71	UP	at	479157  
483473	[1183]	:	Key	71	DOWN	at	483473  
486773	[3300]	:	Key	71	UP	at	483650  
487402	[629]	:	Key	71	DOWN	at	487402  
490693	[3291]	:	Key	71	UP	at	487618  
491618	[925]	:	Key	71	DOWN	at	491618  
494920	[3302]	:	Key	71	UP	at	491801  
495586	[666]	:	Key	71	DOWN	at	495586  
499485	[3899]	:	Key	71	UP	at	495739  
499485	[0]	:	Key	71	DOWN	at	498809  
499485	[0]	:	Key	71	UP	at	498993  
502864	[3379]	:	Key	71	DOWN	at	502864  
503914	[1050]	:	Key	71	UP	at	503048  
505696	[1782]	:	Key	97	DOWN	at	505696  
506829	[1133]	:	Key	97	UP	at	505832  
507535	[706]	:	Key	98	DOWN	at	507535  
508657	[1122]	:	Key	98	UP	at	507647  
509384	[727]	:	Key	97	DOWN	at	509384  
510520	[1136]	:	Key	97	UP	at	509495  
511151	[631]	:	Key	97	DOWN	at	511151  
512283	[1132]	:	Key	97	UP	at	511255  
513145	[862]	:	Key	98	DOWN	at	513145  
514289	[1144]	:	Key	98	UP	at	513256  
515232	[943]	:	Key	97	DOWN	at	515232  
516366	[1134]	:	Key	97	UP	at	515328  
517495	[1129]	:	Key	97	DOWN	at	517495  
518611	[1116]	:	Key	97	UP	at	517599  
519640	[1029]	:	Key	98	DOWN	at	519640  
521318	[1678]	:	Key	98	UP	at	519743  
525047	[3729]	:	Key	71	DOWN	at	525047  
526087	[1040]	:	Key	71	UP	at	525280  
527375	[1288]	:	Key	98	DOWN	at	527375  
528491	[1116]	:	Key	98	UP	at	527496  
529567	[1076]	:	Key	98	DOWN	at	529567  
530666	[1099]	:	Key	98	UP	at	529687  
531912	[1246]	:	Key	98	DOWN	at	531912  
533043	[1131]	:	Key	98	UP	at	532040  
534287	[1244]	:	Key	98	DOWN	at	534287  
535411	[1124]	:	Key	98	UP	at	534408  
536208	[797]	:	Key	98	DOWN	at	536208  
537337	[1129]	:	Key	98	UP	at	536353  
538870	[1533]	:	Key	97	DOWN	at	538870  
539988	[1118]	:	Key	97	UP	at	538871  
541215	[1227]	:	Key	98	DOWN	at	541215  
542345	[1130]	:	Key	98	UP	at	541334  
543614	[1269]	:	Key	97	DOWN	at	543614  
544812	[1198]	:	Key	97	UP	at	543718  
553897	[9085]	:	Key	71	DOWN	at	553897  
554218	[321]	:	Key	71	UP	at	553899  
555195	[977]	:	Key	71	DOWN	at	555195  
555468	[273]	:	Key	71	UP	at	555468  
560219	[4751]	:	Key	71	DOWN	at	560219  
563522	[3303]	:	Key	71	UP	at	560452  
563524	[2]	:	Key	71	DOWN	at	561116  
563525	[1]	:	Key	71	UP	at	561281  
563526	[1]	:	Key	71	DOWN	at	562324  
563527	[1]	:	Key	71	UP	at	562380  
563528	[1]	:	Key	71	DOWN	at	562796  
563530	[2]	:	Key	71	UP	at	562964  
563811	[281]	:	Key	71	DOWN	at	563811  
567117	[3306]	:	Key	71	UP	at	563964  
567119	[2]	:	Key	71	DOWN	at	564180  
567120	[1]	:	Key	71	UP	at	564300  
567121	[1]	:	Key	71	DOWN	at	564676  
567122	[1]	:	Key	71	UP	at	564804  
567123	[1]	:	Key	71	DOWN	at	565172  
567124	[1]	:	Key	71	UP	at	565333  
567125	[1]	:	Key	71	DOWN	at	566133  
567126	[1]	:	Key	71	UP	at	566261  
567127	[1]	:	Key	71	DOWN	at	566637  
567129	[2]	:	Key	71	UP	at	566773  
567130	[1]	:	Key	71	DOWN	at	567077  
567220	[90]	:	Key	71	UP	at	567220  
567476	[256]	:	Key	71	DOWN	at	567476  
570772	[3296]	:	Key	71	UP	at	567589  
570774	[2]	:	Key	71	DOWN	at	567805  
570775	[1]	:	Key	71	UP	at	568913  
570776	[1]	:	Key	71	DOWN	at	568914  
570777	[1]	:	Key	71	UP	at	568916  
570778	[1]	:	Key	71	DOWN	at	568917  
570779	[1]	:	Key	71	UP	at	568919  
570780	[1]	:	Key	71	DOWN	at	568921  
570781	[1]	:	Key	71	UP	at	568922  
570782	[1]	:	Key	71	DOWN	at	569117  
570783	[1]	:	Key	71	UP	at	569237  
570783	[0]	:	Key	71	DOWN	at	569461  
570784	[1]	:	Key	71	UP	at	569573  
570785	[1]	:	Key	71	DOWN	at	569749  
570786	[1]	:	Key	71	UP	at	569853  
570787	[1]	:	Key	71	DOWN	at	570037  
570788	[1]	:	Key	71	UP	at	570147  
570789	[1]	:	Key	71	DOWN	at	570291  
570790	[1]	:	Key	71	UP	at	570477  
570791	[1]	:	Key	71	DOWN	at	570589  
570792	[1]	:	Key	71	UP	at	570693  
573780	[2988]	:	Key	71	DOWN	at	573780  
577082	[3302]	:	Key	71	UP	at	573916  
577084	[2]	:	Key	71	DOWN	at	574732  
577085	[1]	:	Key	71	UP	at	574924  
577086	[1]	:	Key	71	DOWN	at	576196  
577087	[1]	:	Key	71	UP	at	576356  
577707	[620]	:	Key	71	DOWN	at	577707  
581005	[3298]	:	Key	71	UP	at	577820  
581007	[2]	:	Key	71	DOWN	at	578852  
581008	[1]	:	Key	71	UP	at	579044  
583900	[2892]	:	Key	71	DOWN	at	583900  
583902	[2]	:	Key	71	UP	at	583901  
588068	[4166]	:	Key	71	DOWN	at	588068  
591369	[3301]	:	Key	71	UP	at	588301  
593220	[1851]	:	Key	71	DOWN	at	593220  
597135	[3915]	:	Key	71	UP	at	593444  
597135	[0]	:	Key	71	DOWN	at	595356  
597135	[0]	:	Key	71	UP	at	595588  
598911	[1776]	:	Key	71	DOWN	at	598911  
599950	[1039]	:	Key	71	UP	at	598912  
600989	[1039]	:	Key	97	DOWN	at	600989  
602116	[1127]	:	Key	97	UP	at	601124  
602812	[696]	:	Key	98	DOWN	at	602812  
603948	[1136]	:	Key	98	UP	at	602965  
604844	[896]	:	Key	98	DOWN	at	604844  
605957	[1113]	:	Key	98	UP	at	604997  
606996	[1039]	:	Key	97	DOWN	at	606996  
608131	[1135]	:	Key	97	UP	at	607131  
609068	[937]	:	Key	98	DOWN	at	609068  
610204	[1136]	:	Key	98	UP	at	609236  
611347	[1143]	:	Key	97	DOWN	at	611347  
612461	[1114]	:	Key	97	UP	at	611500  
613906	[1445]	:	Key	97	DOWN	at	613906  
613906	[0]	:	Key	97	UP	at	613906  
616595	[2689]	:	Key	97	DOWN	at	616595  
618285	[1690]	:	Key	97	UP	at	616748  
619989	[1704]	:	Key	71	DOWN	at	619989  
621038	[1049]	:	Key	71	UP	at	620196  
622131	[1093]	:	Key	98	DOWN	at	622131  
623250	[1119]	:	Key	98	UP	at	622339  
624804	[1554]	:	Key	98	DOWN	at	624804  
625928	[1124]	:	Key	98	UP	at	625029  
626980	[1052]	:	Key	97	DOWN	at	626980  
628112	[1132]	:	Key	97	UP	at	627091  
629188	[1076]	:	Key	98	DOWN	at	629188  
630308	[1120]	:	Key	98	UP	at	629371  
631003	[695]	:	Key	98	DOWN	at	631003  
632118	[1115]	:	Key	98	UP	at	631172  
633396	[1278]	:	Key	98	DOWN	at	633396  
634533	[1137]	:	Key	98	UP	at	633523  
636828	[2295]	:	Key	97	DOWN	at	636828  
637960	[1132]	:	Key	97	UP	at	636965  
638964	[1004]	:	Key	97	DOWN	at	638964  
640135	[1171]	:	Key	97	UP	at	639093  
641100	[965]	:	Key	71	DOWN	at	641100  
641415	[315]	:	Key	71	UP	at	641301  
642020	[605]	:	Key	71	DOWN	at	642020  
642244	[224]	:	Key	71	UP	at	642244  
642603	[359]	:	Key	71	DOWN	at	642603  
645906	[3303]	:	Key	71	UP	at	642757  
645906	[0]	:	Key	71	DOWN	at	643945  
645906	[0]	:	Key	71	UP	at	643946  
645907	[1]	:	Key	71	DOWN	at	644460  
645907	[0]	:	Key	71	UP	at	644604  
645907	[0]	:	Key	71	DOWN	at	644908  
645908	[1]	:	Key	71	UP	at	645052  
645908	[0]	:	Key	71	DOWN	at	645340  
645908	[0]	:	Key	71	UP	at	645492  
645908	[0]	:	Key	71	DOWN	at	645779  
645923	[15]	:	Key	71	UP	at	645923  
646196	[273]	:	Key	71	DOWN	at	646196  
649489	[3293]	:	Key	71	UP	at	646348  
649489	[0]	:	Key	71	DOWN	at	646628  
649489	[0]	:	Key	71	UP	at	646780  
649490	[1]	:	Key	71	DOWN	at	647044  
649490	[0]	:	Key	71	UP	at	647180  
649490	[0]	:	Key	71	DOWN	at	647420  
649491	[1]	:	Key	71	UP	at	647548  
649491	[0]	:	Key	71	DOWN	at	647756  
649491	[0]	:	Key	71	UP	at	647924  
649491	[0]	:	Key	71	DOWN	at	648147  
649492	[1]	:	Key	71	UP	at	648276  
649492	[0]	:	Key	71	DOWN	at	648548  
649492	[0]	:	Key	71	UP	at	648676  
649492	[0]	:	Key	71	DOWN	at	648852  
649493	[1]	:	Key	71	UP	at	648980  
649493	[0]	:	Key	71	DOWN	at	649196  
649493	[0]	:	Key	71	UP	at	649299  
649501	[8]	:	Key	71	DOWN	at	649499  
649596	[95]	:	Key	71	UP	at	649596  
649787	[191]	:	Key	71	DOWN	at	649787  
653095	[3308]	:	Key	71	UP	at	649900  
653095	[0]	:	Key	71	DOWN	at	650060  
653095	[0]	:	Key	71	UP	at	650188  
653096	[1]	:	Key	71	DOWN	at	650420  
653096	[0]	:	Key	71	UP	at	650508  
653096	[0]	:	Key	71	DOWN	at	650668  
653097	[1]	:	Key	71	UP	at	650812  
653097	[0]	:	Key	71	DOWN	at	651020  
653097	[0]	:	Key	71	UP	at	651132  
653097	[0]	:	Key	71	DOWN	at	651403  
653098	[1]	:	Key	71	UP	at	651547  
653098	[0]	:	Key	71	DOWN	at	651740  
653098	[0]	:	Key	71	UP	at	651852  
653099	[1]	:	Key	71	DOWN	at	652076  
653099	[0]	:	Key	71	UP	at	652172  
653099	[0]	:	Key	71	DOWN	at	652316  
653099	[0]	:	Key	71	UP	at	652428  
653100	[1]	:	Key	71	DOWN	at	652644  
653100	[0]	:	Key	71	UP	at	652757  
653100	[0]	:	Key	71	DOWN	at	653044  
653156	[56]	:	Key	71	UP	at	653156  
653556	[400]	:	Key	71	DOWN	at	653556  
656864	[3308]	:	Key	71	UP	at	653677  
656866	[2]	:	Key	71	DOWN	at	653957  
656867	[1]	:	Key	71	UP	at	654061  
656868	[1]	:	Key	71	DOWN	at	654293  
656869	[1]	:	Key	71	UP	at	654421  
656870	[1]	:	Key	71	DOWN	at	654653  
656871	[1]	:	Key	71	UP	at	654763  
656872	[1]	:	Key	71	DOWN	at	654955  
656873	[1]	:	Key	71	UP	at	655091  
656875	[2]	:	Key	71	DOWN	at	655299  
656876	[1]	:	Key	71	UP	at	655411  
656877	[1]	:	Key	71	DOWN	at	655619  
656878	[1]	:	Key	71	UP	at	655723  
656879	[1]	:	Key	71	DOWN	at	655867  
656880	[1]	:	Key	71	UP	at	656003  
656881	[1]	:	Key	71	DOWN	at	656170  
656881	[0]	:	Key	71	UP	at	656265  
656882	[1]	:	Key	71	DOWN	at	656443  
656883	[1]	:	Key	71	UP	at	656539  
656884	[1]	:	Key	71	DOWN	at	656683  
656885	[1]	:	Key	71	UP	at	656787  
657026	[141]	:	Key	71	DOWN	at	657026  
660329	[3303]	:	Key	71	UP	at	657131  
660331	[2]	:	Key	71	DOWN	at	657323  
660332	[1]	:	Key	71	UP	at	657427  
660333	[1]	:	Key	71	DOWN	at	657603  
660334	[1]	:	Key	71	UP	at	657706  
661714	[1380]	:	Key	71	DOWN	at	661714  
665017	[3303]	:	Key	71	UP	at	661882  
665019	[2]	:	Key	71	DOWN	at	662570  
665020	[1]	:	Key	71	UP	at	662746  
665021	[1]	:	Key	71	DOWN	at	664066  
665022	[1]	:	Key	71	UP	at	664218  
665794	[772]	:	Key	71	DOWN	at	665794  
669092	[3298]	:	Key	71	UP	at	666041  
669094	[2]	:	Key	71	DOWN	at	667282  
669095	[1]	:	Key	71	UP	at	667585  
669096	[1]	:	Key	71	DOWN	at	668554  
669097	[1]	:	Key	71	UP	at	668762  
669537	[440]	:	Key	71	DOWN	at	669537  
673410	[3873]	:	Key	71	UP	at	669658  
673410	[0]	:	Key	71	DOWN	at	670523  
673410	[0]	:	Key	71	UP	at	670699  
673411	[1]	:	Key	71	DOWN	at	671859  
673411	[0]	:	Key	71	UP	at	672027  
674090	[679]	:	Key	71	DOWN	at	674090  
675132	[1042]	:	Key	71	UP	at	674235  
676018	[886]	:	Key	98	DOWN	at	676018  
677141	[1123]	:	Key	98	UP	at	676137  
678306	[1165]	:	Key	97	DOWN	at	678306  
679441	[1135]	:	Key	97	UP	at	678417  
680858	[1417]	:	Key	97	DOWN	at	680858  
681990	[1132]	:	Key	97	UP	at	680946  
683218	[1228]	:	Key	97	DOWN	at	683218  
684340	[1122]	:	Key	97	UP	at	683321  
685337	[997]	:	Key	97	DOWN	at	685337  
686450	[1113]	:	Key	97	UP	at	685457  
688947	[2497]	:	Key	97	DOWN	at	688947  
690070	[1123]	:	Key	97	UP	at	688948  
690827	[757]	:	Key	97	DOWN	at	690827  
691961	[1134]	:	Key	97	UP	at	690971  
693665	[1704]	:	Key	97	DOWN	at	693665  
695346	[1681]	:	Key	97	UP	at	693801  
696209	[863]	:	Key	71	DOWN	at	696209  
697259	[1050]	:	Key	71	UP	at	696409  
698521	[1262]	:	Key	97	DOWN	at	698521  
699644	[1123]	:	Key	97	UP	at	698657  
700937	[1293]	:	Key	98	DOWN	at	700937  
702058	[1121]	:	Key	98	UP	at	701105  
704199	[2141]	:	Key	97	DOWN	at	704199  
705323	[1124]	:	Key	97	UP	at	704303  
707495	[2172]	:	Key	98	DOWN	at	707495  
708624	[1129]	:	Key	98	UP	at	707640  
709551	[927]	:	Key	98	DOWN	at	709551  
710673	[1122]	:	Key	98	UP	at	709662  
711967	[1294]	:	Key	97	DOWN	at	711967  
713088	[1121]	:	Key	97	UP	at	712078  
713999	[911]	:	Key	98	DOWN	at	713999  
715132	[1133]	:	Key	98	UP	at	714144  
716063	[931]	:	Key	97	DOWN	at	716063  
717242	[1179]	:	Key	97	UP	at	716190  
743743	[26501]	:	Key	71	DOWN	at	743743  
744077	[334]	:	Key	71	UP	at	743944  
746590	[2513]	:	Key	71	DOWN	at	746590  
746718	[128]	:	Key	71	UP	at	746718  
747350	[632]	:	Key	97	DOWN	at	747350  
747469	[119]	:	Key	97	UP	at	747469  
755077	[7608]	:	Key	97	DOWN	at	755077  
755222	[145]	:	Key	97	UP	at	755222  
789893	[34671]	:	Key	97	DOWN	at	789893  
790086	[193]	:	Key	97	UP	at	790086  
797070	[6984]	:	Key	97	DOWN	at	797070  
797183	[113]	:	Key	97	UP	at	797182  
809004	[11821]	:	Key	97	DOWN	at	809004  
809088	[84]	:	Key	97	UP	at	809005  
824716	[15628]	:	Key	97	DOWN	at	824716  
824843	[127]	:	Key	97	UP	at	824843  
830852	[6009]	:	Key	97	DOWN	at	830852  
830957	[105]	:	Key	97	UP	at	830932  
846915	[15958]	:	Key	98	DOWN	at	846915  
847164	[249]	:	Key	98	UP	at	847164  
849307	[2143]	:	Key	98	DOWN	at	849307  
849515	[208]	:	Key	98	UP	at	849515  
850940	[1425]	:	Key	98	DOWN	at	850940  
851147	[207]	:	Key	98	UP	at	851147  
854029	[2882]	:	Key	98	DOWN	at	854029  
854116	[87]	:	Key	98	UP	at	854031  
857003	[2887]	:	Key	98	DOWN	at	857003  
857171	[168]	:	Key	98	UP	at	857171  
920217	[63046]	:	Key	97	DOWN	at	920217  
920385	[168]	:	Key	97	UP	at	920385  
922751	[2366]	:	Key	98	DOWN	at	922751  
922943	[192]	:	Key	98	UP	at	922943  
939367	[16424]	:	Key	97	DOWN	at	939367  
939495	[128]	:	Key	97	UP	at	939495  
944502	[5007]	:	Key	97	DOWN	at	944502  
944637	[135]	:	Key	97	UP	at	944637  
949789	[5152]	:	Key	97	DOWN	at	949789  
949916	[127]	:	Key	97	UP	at	949916  
963181	[13265]	:	Key	97	DOWN	at	963181  
963333	[152]	:	Key	97	UP	at	963333  
968589	[5256]	:	Key	97	DOWN	at	968589  
968693	[104]	:	Key	97	UP	at	968693  
980805	[12112]	:	Key	97	DOWN	at	980805  
980916	[111]	:	Key	97	UP	at	980916  
1014364	[33448]	:	Key	97	DOWN	at	1014364 
1014467	[103]	:	Key	97	UP	at	1014467 
1024699	[10232]	:	Key	97	DOWN	at	1024699 
1024835	[136]	:	Key	97	UP	at	1024835 
1037396	[12561]	:	Key	97	DOWN	at	1037396 
1037523	[127]	:	Key	97	UP	at	1037523 
1051403	[13880]	:	Key	97	DOWN	at	1051403 
1051539	[136]	:	Key	97	UP	at	1051539 
1082152	[30613]	:	Key	97	DOWN	at	1082152 
1082297	[145]	:	Key	97	UP	at	1082297 
1089000	[6703]	:	Key	97	DOWN	at	1089000 
1089127	[127]	:	Key	97	UP	at	1089111 
1110376	[21249]	:	Key	97	DOWN	at	1110376 
1110527	[151]	:	Key	97	UP	at	1110527 
1146623	[36096]	:	Key	97	DOWN	at	1146623 
1146751	[128]	:	Key	97	UP	at	1146751 
1160423	[13672]	:	Key	97	DOWN	at	1160423 
1160559	[136]	:	Key	97	UP	at	1160559 
1183007	[22448]	:	Key	97	DOWN	at	1183007 
1183125	[118]	:	Key	97	UP	at	1183120 
1187247	[4122]	:	Key	98	DOWN	at	1187247 
1187447	[200]	:	Key	98	UP	at	1187447 
1189975	[2528]	:	Key	97	DOWN	at	1189975 
1190112	[137]	:	Key	97	UP	at	1190112 
1200486	[10374]	:	Key	97	DOWN	at	1200486 
1200614	[128]	:	Key	97	UP	at	1200614 
1214211	[13597]	:	Key	97	DOWN	at	1214211 
1215211	[1000]	:	Key	97	UP	at	1214213 
1261496	[46285]	:	Key	71	DOWN	at	1261496 
1261811	[315]	:	Key	71	UP	at	1261713 
1262951	[1140]	:	Key	71	DOWN	at	1262951 
1416907	[153956]	:	Key	71	DOWN	at	1416907 
1417099	[192]	:	Key	71	UP	at	1417099 
1418611	[1512]	:	Key	71	DOWN	at	1418611 
1480037	[61426]	:	Key	71	DOWN	at	1478876 
1480038	[1]	:	Key	71	UP	at	1479028 
1941575	[461537]	:	Key	71	DOWN	at	1941575 
1941631	[56]	:	Key	71	UP	at	1941631 
1941663	[32]	:	Key	71	DOWN	at	1941663 
1941999	[336]	:	Key	71	UP	at	1941999 
1971613	[29614]	:	Key	97	DOWN	at	1971613 
1972613	[1000]	:	Key	97	UP	at	1971822 
1974053	[1440]	:	Key	71	DOWN	at	1974053 
2559741	[585688]	:	Key	97	DOWN	at	2559741 
2560741	[1000]	:	Key	97	UP	at	2560245 
2562869	[2128]	:	Key	71	DOWN	at	2562869 
3062591	[499722]	:	Key	97	DOWN	at	3062591 
3063591	[1000]	:	Key	97	UP	at	3063008 
3065024	[1433]	:	Key	2	DOWN	at	3065024 
3065087	[63]	:	Key	2	UP	at	3065087 
3066920	[1833]	:	Key	71	DOWN	at	3066920 
3610530	[543610]	:	Key	97	DOWN	at	3610530 
3611530	[1000]	:	Key	97	UP	at	3610739 
3613659	[2129]	:	Key	71	DOWN	at	3613659 
4824052	[1210393]	:	Key	71	DOWN	at	4824052 
4824507	[455]	:	Key	71	UP	at	4824165 
4824668	[161]	:	COGENT STOP
