Cog2000 log file Wed Apr 21 10:59:00 2021
gprim v1.33 Compiled:Aug 12 2015 (GLib DirectDraw v7 DX10.0 Compiled:Aug 12 2015)
Display:1024x768x32 60.02Hz
Attaching E:\saharrajabi\final mbmf+drug task\cogent2000v1.33\toolbox\CogInput.mexw64
CogInput v1.05 Compiled: May 20 2010
4	[4]	:	COGENT START
9053	[9049]	:	Key	97	DOWN	at	9052    
9163	[110]	:	Key	97	UP	at	9163    
13585	[4422]	:	Key	97	DOWN	at	13585   
13585	[0]	:	Key	97	UP	at	13585   
17179	[3594]	:	Key	97	DOWN	at	17179   
18179	[1000]	:	Key	97	UP	at	17284   
21043	[2864]	:	Key	71	DOWN	at	21043   
21260	[217]	:	Key	71	UP	at	21228   
24322	[3062]	:	Key	71	DOWN	at	24322   
27691	[3369]	:	Key	71	UP	at	24467   
37635	[9944]	:	Key	71	DOWN	at	37635   
40940	[3305]	:	Key	71	UP	at	37772   
45075	[4135]	:	Key	71	DOWN	at	45075   
48373	[3298]	:	Key	71	UP	at	45236   
51180	[2807]	:	Key	71	DOWN	at	51180   
54449	[3269]	:	Key	71	UP	at	51388   
57089	[2640]	:	Key	71	DOWN	at	57089   
60376	[3287]	:	Key	71	UP	at	57321   
62330	[1954]	:	Key	71	DOWN	at	62330   
65629	[3299]	:	Key	71	UP	at	62506   
67127	[1498]	:	Key	71	DOWN	at	67127   
70426	[3299]	:	Key	71	UP	at	67304   
72159	[1733]	:	Key	71	DOWN	at	72159   
75451	[3292]	:	Key	71	UP	at	72344   
80648	[5197]	:	Key	71	DOWN	at	80648   
83948	[3300]	:	Key	71	UP	at	80880   
85672	[1724]	:	Key	71	DOWN	at	85672   
88972	[3300]	:	Key	71	UP	at	85896   
89991	[1019]	:	Key	71	DOWN	at	89991   
93290	[3299]	:	Key	71	UP	at	90150   
94847	[1557]	:	Key	71	DOWN	at	94847   
98147	[3300]	:	Key	71	UP	at	95016   
99591	[1444]	:	Key	71	DOWN	at	99591   
102891	[3300]	:	Key	71	UP	at	99751   
103654	[763]	:	Key	71	DOWN	at	103654  
106953	[3299]	:	Key	71	UP	at	103815  
111917	[4964]	:	Key	71	DOWN	at	111917  
115208	[3291]	:	Key	71	UP	at	112079  
116223	[1015]	:	Key	71	DOWN	at	116223  
119519	[3296]	:	Key	71	UP	at	116391  
121079	[1560]	:	Key	71	DOWN	at	121079  
124379	[3300]	:	Key	71	UP	at	121279  
125758	[1379]	:	Key	71	DOWN	at	125758  
129056	[3298]	:	Key	71	UP	at	125951  
132319	[3263]	:	Key	71	DOWN	at	132319  
135620	[3301]	:	Key	71	UP	at	132495  
136822	[1202]	:	Key	71	DOWN	at	136822  
140121	[3299]	:	Key	71	UP	at	137007  
141190	[1069]	:	Key	71	DOWN	at	141190  
144490	[3300]	:	Key	71	UP	at	141351  
145796	[1306]	:	Key	71	DOWN	at	145796  
149091	[3295]	:	Key	71	UP	at	145933  
152716	[3625]	:	Key	71	DOWN	at	152716  
156015	[3299]	:	Key	71	UP	at	152924  
157139	[1124]	:	Key	71	DOWN	at	157139  
160439	[3300]	:	Key	71	UP	at	157331  
160674	[235]	:	Key	71	DOWN	at	160674  
163968	[3294]	:	Key	71	UP	at	160915  
165507	[1539]	:	Key	71	DOWN	at	165507  
168795	[3288]	:	Key	71	UP	at	165692  
172034	[3239]	:	Key	71	DOWN	at	172034  
175333	[3299]	:	Key	71	UP	at	172187  
184368	[9035]	:	Key	71	DOWN	at	184368  
187668	[3300]	:	Key	71	UP	at	184545  
189120	[1452]	:	Key	71	DOWN	at	189120  
192421	[3301]	:	Key	71	UP	at	189217  
192423	[2]	:	Key	71	DOWN	at	189793  
192424	[1]	:	Key	71	UP	at	189889  
193666	[1242]	:	Key	71	DOWN	at	193666  
193667	[1]	:	Key	71	UP	at	193667  
196968	[3301]	:	Key	71	DOWN	at	196049  
196970	[2]	:	Key	71	UP	at	196265  
197760	[790]	:	Key	71	DOWN	at	197760  
201061	[3301]	:	Key	71	UP	at	197969  
201063	[2]	:	Key	71	DOWN	at	198975  
201064	[1]	:	Key	71	UP	at	199209  
201449	[385]	:	Key	71	DOWN	at	201449  
204751	[3302]	:	Key	71	UP	at	201697  
204753	[2]	:	Key	71	DOWN	at	203305  
204754	[1]	:	Key	71	UP	at	203649  
207560	[2806]	:	Key	71	DOWN	at	207560  
210859	[3299]	:	Key	71	UP	at	208704  
212968	[2109]	:	Key	71	DOWN	at	212968  
216269	[3301]	:	Key	71	UP	at	213201  
216864	[595]	:	Key	71	DOWN	at	216864  
220160	[3296]	:	Key	71	UP	at	217065  
221113	[953]	:	Key	71	DOWN	at	221113  
224411	[3298]	:	Key	71	UP	at	221321  
225200	[789]	:	Key	71	DOWN	at	225200  
228500	[3300]	:	Key	71	UP	at	225457  
228502	[2]	:	Key	71	DOWN	at	228305  
228503	[1]	:	Key	71	UP	at	228489  
233400	[4897]	:	Key	71	DOWN	at	233400  
236699	[3299]	:	Key	71	UP	at	233593  
236737	[38]	:	Key	71	DOWN	at	236737  
240032	[3295]	:	Key	71	UP	at	236810  
240032	[0]	:	Key	71	DOWN	at	238717  
240032	[0]	:	Key	71	UP	at	238740  
240609	[577]	:	Key	71	DOWN	at	240609  
243909	[3300]	:	Key	71	UP	at	240833  
244696	[787]	:	Key	71	DOWN	at	244696  
247995	[3299]	:	Key	71	UP	at	244873  
250696	[2701]	:	Key	71	DOWN	at	250696  
253987	[3291]	:	Key	71	UP	at	250889  
255312	[1325]	:	Key	71	DOWN	at	255312  
258610	[3298]	:	Key	71	UP	at	255617  
258612	[2]	:	Key	71	DOWN	at	258337  
258613	[1]	:	Key	71	UP	at	258529  
270600	[11987]	:	Key	71	DOWN	at	270600  
273899	[3299]	:	Key	71	UP	at	270873  
274783	[884]	:	Key	71	DOWN	at	274783  
278053	[3270]	:	Key	71	UP	at	275063  
279343	[1290]	:	Key	71	DOWN	at	279343  
282644	[3301]	:	Key	71	UP	at	279663  
284127	[1483]	:	Key	71	DOWN	at	284127  
287410	[3283]	:	Key	71	UP	at	284223  
287411	[1]	:	Key	71	DOWN	at	285862  
287411	[0]	:	Key	71	UP	at	286039  
287880	[469]	:	Key	71	DOWN	at	287880  
291782	[3902]	:	Key	71	UP	at	288112  
293271	[1489]	:	Key	71	DOWN	at	293271  
294290	[1019]	:	Key	71	UP	at	293447  
295615	[1325]	:	Key	97	DOWN	at	295615  
296739	[1124]	:	Key	97	UP	at	295743  
298712	[1973]	:	Key	97	DOWN	at	298712  
299804	[1092]	:	Key	97	UP	at	298713  
300799	[995]	:	Key	97	DOWN	at	300799  
301883	[1084]	:	Key	97	UP	at	300919  
302887	[1004]	:	Key	98	DOWN	at	302887  
303977	[1090]	:	Key	98	UP	at	303007  
304951	[974]	:	Key	98	DOWN	at	304951  
306077	[1126]	:	Key	98	UP	at	305070  
306824	[747]	:	Key	97	DOWN	at	306824  
307938	[1114]	:	Key	97	UP	at	306935  
308760	[822]	:	Key	97	DOWN	at	308760  
309889	[1129]	:	Key	97	UP	at	308896  
310647	[758]	:	Key	98	DOWN	at	310647  
312325	[1678]	:	Key	98	UP	at	310847  
313720	[1395]	:	Key	71	DOWN	at	313720  
314737	[1017]	:	Key	71	UP	at	313721  
316063	[1326]	:	Key	98	DOWN	at	316063  
317187	[1124]	:	Key	98	UP	at	316159  
317999	[812]	:	Key	97	DOWN	at	317999  
319120	[1121]	:	Key	97	UP	at	318087  
319983	[863]	:	Key	98	DOWN	at	319983  
321107	[1124]	:	Key	98	UP	at	320103  
321799	[692]	:	Key	97	DOWN	at	321799  
322925	[1126]	:	Key	97	UP	at	321926  
323736	[811]	:	Key	98	DOWN	at	323736  
324855	[1119]	:	Key	98	UP	at	323937  
325624	[769]	:	Key	98	DOWN	at	325624  
326734	[1110]	:	Key	98	UP	at	325817  
327528	[794]	:	Key	97	DOWN	at	327528  
328656	[1128]	:	Key	97	UP	at	327681  
329351	[695]	:	Key	97	DOWN	at	329351  
330548	[1197]	:	Key	97	UP	at	329504  
331463	[915]	:	Key	71	DOWN	at	331463  
331791	[328]	:	Key	71	UP	at	331680  
333160	[1369]	:	Key	71	DOWN	at	333160  
333392	[232]	:	Key	71	UP	at	333392  
334591	[1199]	:	Key	71	DOWN	at	334591  
337893	[3302]	:	Key	71	UP	at	334880  
341296	[3403]	:	Key	71	DOWN	at	341296  
344564	[3268]	:	Key	71	UP	at	341537  
344565	[1]	:	Key	71	DOWN	at	343766  
344565	[0]	:	Key	71	UP	at	344088  
346727	[2162]	:	Key	71	DOWN	at	346727  
350005	[3278]	:	Key	71	UP	at	347024  
350007	[2]	:	Key	71	DOWN	at	349632  
350008	[1]	:	Key	71	UP	at	349816  
351903	[1895]	:	Key	71	DOWN	at	351903  
355201	[3298]	:	Key	71	UP	at	352167  
358936	[3735]	:	Key	71	DOWN	at	358936  
362236	[3300]	:	Key	71	UP	at	359105  
364959	[2723]	:	Key	71	DOWN	at	364959  
368258	[3299]	:	Key	71	UP	at	365208  
369559	[1301]	:	Key	71	DOWN	at	369559  
372858	[3299]	:	Key	71	UP	at	369800  
375664	[2806]	:	Key	71	DOWN	at	375664  
378964	[3300]	:	Key	71	UP	at	375913  
379920	[956]	:	Key	71	DOWN	at	379920  
383220	[3300]	:	Key	71	UP	at	380135  
383776	[556]	:	Key	71	DOWN	at	383776  
387077	[3301]	:	Key	71	UP	at	384000  
387696	[619]	:	Key	71	DOWN	at	387696  
390987	[3291]	:	Key	71	UP	at	388760  
391895	[908]	:	Key	71	DOWN	at	391895  
395194	[3299]	:	Key	71	UP	at	392112  
395984	[790]	:	Key	71	DOWN	at	395984  
399271	[3287]	:	Key	71	UP	at	396249  
399273	[2]	:	Key	71	DOWN	at	398696  
399274	[1]	:	Key	71	UP	at	399008  
405183	[5909]	:	Key	71	DOWN	at	405183  
408482	[3299]	:	Key	71	UP	at	405448  
408483	[1]	:	Key	71	DOWN	at	408030  
408485	[2]	:	Key	71	UP	at	408271  
413280	[4795]	:	Key	71	DOWN	at	413280  
416579	[3299]	:	Key	71	UP	at	413505  
416601	[22]	:	Key	71	DOWN	at	416601  
420525	[3924]	:	Key	71	UP	at	416840  
423919	[3394]	:	Key	71	DOWN	at	423919  
424938	[1019]	:	Key	71	UP	at	424064  
426007	[1069]	:	Key	97	DOWN	at	426007  
427119	[1112]	:	Key	97	UP	at	426086  
427828	[709]	:	Key	98	DOWN	at	427828  
428957	[1129]	:	Key	98	UP	at	427924  
429852	[895]	:	Key	97	DOWN	at	429852  
430974	[1122]	:	Key	97	UP	at	429939  
431779	[805]	:	Key	97	DOWN	at	431779  
432888	[1109]	:	Key	97	UP	at	431852  
433907	[1019]	:	Key	97	DOWN	at	433907  
435020	[1113]	:	Key	97	UP	at	434011  
436172	[1152]	:	Key	97	DOWN	at	436172  
437292	[1120]	:	Key	97	UP	at	436243  
438219	[927]	:	Key	97	DOWN	at	438219  
439310	[1091]	:	Key	97	UP	at	438323  
440315	[1005]	:	Key	98	DOWN	at	440315  
441961	[1646]	:	Key	98	UP	at	440451  
443507	[1546]	:	Key	71	DOWN	at	443507  
444526	[1019]	:	Key	71	UP	at	443723  
445404	[878]	:	Key	98	DOWN	at	445404  
446506	[1102]	:	Key	98	UP	at	445532  
447604	[1098]	:	Key	97	DOWN	at	447604  
448706	[1102]	:	Key	97	UP	at	447740  
449827	[1121]	:	Key	97	DOWN	at	449827  
450930	[1103]	:	Key	97	UP	at	449931  
451867	[937]	:	Key	98	DOWN	at	451867  
452967	[1100]	:	Key	98	UP	at	451995  
454011	[1044]	:	Key	97	DOWN	at	454011  
455113	[1102]	:	Key	97	UP	at	454171  
455899	[786]	:	Key	97	DOWN	at	455899  
457000	[1101]	:	Key	97	UP	at	456067  
458051	[1051]	:	Key	98	DOWN	at	458051  
459145	[1094]	:	Key	98	UP	at	458211  
460267	[1122]	:	Key	97	DOWN	at	460267  
461450	[1183]	:	Key	97	UP	at	460435  
463794	[2344]	:	Key	71	DOWN	at	463794  
464119	[325]	:	Key	71	UP	at	463795  
465875	[1756]	:	Key	71	DOWN	at	465875  
466091	[216]	:	Key	71	UP	at	466091  
476371	[10280]	:	Key	71	DOWN	at	476371  
476875	[504]	:	Key	71	UP	at	476875  
477395	[520]	:	Key	97	DOWN	at	477395  
477523	[128]	:	Key	97	UP	at	477523  
479635	[2112]	:	Key	97	DOWN	at	479635  
479739	[104]	:	Key	97	UP	at	479739  
480996	[1257]	:	Key	97	DOWN	at	480996  
481092	[96]	:	Key	97	UP	at	481060  
481460	[368]	:	Key	97	DOWN	at	481460  
481565	[105]	:	Key	97	UP	at	481540  
482211	[646]	:	Key	97	DOWN	at	482211  
482292	[81]	:	Key	97	UP	at	482292  
482724	[432]	:	Key	97	DOWN	at	482724  
482829	[105]	:	Key	97	UP	at	482796  
483276	[447]	:	Key	97	DOWN	at	483276  
483361	[85]	:	Key	97	UP	at	483348  
484091	[730]	:	Key	97	DOWN	at	484091  
484171	[80]	:	Key	97	UP	at	484171  
484460	[289]	:	Key	97	DOWN	at	484460  
484547	[87]	:	Key	97	UP	at	484516  
484916	[369]	:	Key	97	DOWN	at	484916  
485021	[105]	:	Key	97	UP	at	484980  
486420	[1399]	:	Key	97	DOWN	at	486420  
486510	[90]	:	Key	97	UP	at	486499  
487324	[814]	:	Key	97	DOWN	at	487324  
487409	[85]	:	Key	97	UP	at	487404  
488932	[1523]	:	Key	97	DOWN	at	488932  
489028	[96]	:	Key	97	UP	at	489028  
490019	[991]	:	Key	97	DOWN	at	490019  
490108	[89]	:	Key	97	UP	at	490075  
491043	[935]	:	Key	97	DOWN	at	491043  
491151	[108]	:	Key	97	UP	at	491115  
491708	[557]	:	Key	97	DOWN	at	491708  
491804	[96]	:	Key	97	UP	at	491787  
492179	[375]	:	Key	97	DOWN	at	492179  
492295	[116]	:	Key	97	UP	at	492275  
492603	[308]	:	Key	97	DOWN	at	492603  
492698	[95]	:	Key	97	UP	at	492691  
493821	[1123]	:	Key	97	DOWN	at	493821  
493821	[0]	:	Key	97	UP	at	493821  
493908	[87]	:	Key	97	DOWN	at	493875  
494019	[111]	:	Key	97	UP	at	494019  
495875	[1856]	:	Key	97	DOWN	at	495875  
496875	[1000]	:	Key	97	UP	at	495988  
496877	[2]	:	Key	71	DOWN	at	496396  
496878	[1]	:	Key	71	UP	at	496588  
499732	[2854]	:	Key	71	DOWN	at	499732  
500057	[325]	:	Key	71	UP	at	500020  
500708	[651]	:	Key	71	DOWN	at	500708  
563304	[62596]	:	Key	71	DOWN	at	563304  
563584	[280]	:	Key	71	UP	at	563584  
564208	[624]	:	Key	71	DOWN	at	564208  
1064419	[500211]	:	Key	97	DOWN	at	1064419 
1065419	[1000]	:	Key	97	UP	at	1064556 
1067483	[2064]	:	Key	71	DOWN	at	1067483 
1576153	[508670]	:	Key	97	DOWN	at	1576153 
1577153	[1000]	:	Key	97	UP	at	1576282 
1578617	[1464]	:	Key	71	DOWN	at	1578617 
2080636	[502019]	:	Key	97	DOWN	at	2080636 
2080716	[80]	:	Key	97	UP	at	2080716 
2081860	[1144]	:	Key	71	DOWN	at	2081860 
2082013	[153]	:	Key	71	UP	at	2082013 
2091844	[9831]	:	Key	97	DOWN	at	2091844 
2092844	[1000]	:	Key	97	UP	at	2091981 
2093645	[801]	:	Key	71	DOWN	at	2093645 
2589191	[495546]	:	Key	71	DOWN	at	2589191 
2589503	[312]	:	Key	71	UP	at	2589503 
2590551	[1048]	:	Key	97	DOWN	at	2590551 
2590767	[216]	:	Key	97	UP	at	2590767 
2592047	[1280]	:	Key	71	DOWN	at	2592047 
2592271	[224]	:	Key	71	UP	at	2592271 
2592927	[656]	:	Key	100	DOWN	at	2592927 
2592928	[1]	:	Key	97	DOWN	at	2592928 
2592975	[47]	:	Key	100	UP	at	2592975 
2593119	[144]	:	Key	97	UP	at	2593119 
2606503	[13384]	:	Key	97	DOWN	at	2606503 
2607503	[1000]	:	Key	97	UP	at	2606640 
2609847	[2344]	:	Key	71	DOWN	at	2609847 
2609847	[0]	:	Key	71	UP	at	2609847 
3732468	[1122621]	:	Key	71	DOWN	at	3732468 
3732918	[450]	:	Key	71	UP	at	3732572 
3733087	[169]	:	COGENT STOP
