Cog2000 log file Tue Aug 02 10:58:30 2022
gprim v1.33 Compiled:Aug 12 2015 (GLib DirectDraw v7 DX12.0 Compiled:Aug 12 2015)
Display:1024x768x32 60.05Hz
Attaching C:\Users\Carelab\Desktop\Final MBMF+Drug Task\Cogent2000v1.33\Toolbox\CogInput.mexw64
CogInput v1.05 Compiled: May 20 2010
14	[14]	:	COGENT START
61435	[61421]	:	Key	97	DOWN	at	61432   
61576	[141]	:	Key	97	UP	at	61575   
87114	[25538]	:	Key	97	DOWN	at	87113   
87242	[128]	:	Key	97	UP	at	87241   
112713	[25471]	:	Key	97	DOWN	at	112712  
113712	[999]	:	Key	97	UP	at	112849  
129471	[15759]	:	Key	71	DOWN	at	129471  
129608	[137]	:	Key	71	UP	at	129607  
132400	[2792]	:	Key	71	DOWN	at	132400  
135752	[3352]	:	Key	71	UP	at	132520  
138170	[2418]	:	Key	71	DOWN	at	138169  
141457	[3287]	:	Key	71	UP	at	138314  
144785	[3328]	:	Key	71	DOWN	at	144785  
148077	[3292]	:	Key	71	UP	at	144912  
151184	[3107]	:	Key	71	DOWN	at	151184  
154482	[3298]	:	Key	71	UP	at	151296  
156017	[1535]	:	Key	71	DOWN	at	156016  
159313	[3296]	:	Key	71	UP	at	156153  
161354	[2041]	:	Key	71	DOWN	at	161353  
164637	[3283]	:	Key	71	UP	at	161472  
166538	[1901]	:	Key	71	DOWN	at	166537  
169824	[3286]	:	Key	71	UP	at	166688  
171248	[1424]	:	Key	71	DOWN	at	171248  
174528	[3280]	:	Key	71	UP	at	171360  
176360	[1832]	:	Key	71	DOWN	at	176360  
179643	[3283]	:	Key	71	UP	at	176520  
180808	[1165]	:	Key	71	DOWN	at	180808  
184093	[3285]	:	Key	71	UP	at	180937  
185482	[1389]	:	Key	71	DOWN	at	185481  
188768	[3286]	:	Key	71	UP	at	185593  
189801	[1033]	:	Key	71	DOWN	at	189800  
193085	[3284]	:	Key	71	UP	at	189919  
194145	[1060]	:	Key	71	DOWN	at	194145  
197432	[3287]	:	Key	71	UP	at	194247  
199089	[1657]	:	Key	71	DOWN	at	199089  
202374	[3285]	:	Key	71	UP	at	199200  
203410	[1036]	:	Key	71	DOWN	at	203409  
206688	[3278]	:	Key	71	UP	at	203552  
207553	[865]	:	Key	71	DOWN	at	207552  
210842	[3289]	:	Key	71	UP	at	207665  
211728	[886]	:	Key	71	DOWN	at	211728  
215013	[3285]	:	Key	71	UP	at	212183  
215969	[956]	:	Key	71	DOWN	at	215968  
219256	[3287]	:	Key	71	UP	at	216136  
220833	[1577]	:	Key	71	DOWN	at	220833  
224118	[3285]	:	Key	71	UP	at	220992  
225226	[1108]	:	Key	71	DOWN	at	225225  
228509	[3283]	:	Key	71	UP	at	225425  
229088	[579]	:	Key	71	DOWN	at	229088  
232386	[3298]	:	Key	71	UP	at	229225  
234330	[1944]	:	Key	71	DOWN	at	234329  
237614	[3284]	:	Key	71	UP	at	234473  
239442	[1828]	:	Key	71	DOWN	at	239441  
242720	[3278]	:	Key	71	UP	at	239600  
243338	[618]	:	Key	71	DOWN	at	243337  
246616	[3278]	:	Key	71	UP	at	243481  
247448	[832]	:	Key	71	DOWN	at	247448  
250724	[3276]	:	Key	71	UP	at	247593  
251306	[582]	:	Key	71	DOWN	at	251305  
254593	[3287]	:	Key	71	UP	at	251480  
255233	[640]	:	Key	71	DOWN	at	255233  
258517	[3284]	:	Key	71	UP	at	255393  
259591	[1074]	:	Key	71	DOWN	at	259591  
262876	[3285]	:	Key	71	UP	at	259774  
263537	[661]	:	Key	71	DOWN	at	263537  
266821	[3284]	:	Key	71	UP	at	263719  
267400	[579]	:	Key	71	DOWN	at	267400  
270685	[3285]	:	Key	71	UP	at	267568  
271314	[629]	:	Key	71	DOWN	at	271313  
274612	[3298]	:	Key	71	UP	at	271488  
275257	[645]	:	Key	71	DOWN	at	275257  
278540	[3283]	:	Key	71	UP	at	275416  
279073	[533]	:	Key	71	DOWN	at	279073  
282362	[3289]	:	Key	71	UP	at	279241  
282364	[2]	:	Key	71	DOWN	at	281744  
282365	[1]	:	Key	71	UP	at	281879  
283833	[1468]	:	Key	71	DOWN	at	283833  
287118	[3285]	:	Key	71	UP	at	283984  
287913	[795]	:	Key	71	DOWN	at	287912  
291197	[3284]	:	Key	71	UP	at	288089  
291841	[644]	:	Key	71	DOWN	at	291840  
295126	[3285]	:	Key	71	UP	at	291944  
295498	[372]	:	Key	71	DOWN	at	295497  
298777	[3279]	:	Key	71	UP	at	295649  
299351	[574]	:	Key	71	DOWN	at	299351  
302636	[3285]	:	Key	71	UP	at	299464  
303225	[589]	:	Key	71	DOWN	at	303224  
306511	[3286]	:	Key	71	UP	at	303352  
306906	[395]	:	Key	71	DOWN	at	306905  
310202	[3296]	:	Key	71	UP	at	307064  
310312	[110]	:	Key	71	DOWN	at	310312  
313600	[3288]	:	Key	71	UP	at	310392  
313602	[2]	:	Key	71	DOWN	at	313320  
313603	[1]	:	Key	71	UP	at	313425  
315528	[1925]	:	Key	71	DOWN	at	315528  
318807	[3279]	:	Key	71	UP	at	315623  
318809	[2]	:	Key	71	DOWN	at	318281  
318810	[1]	:	Key	71	UP	at	318408  
319607	[797]	:	Key	71	DOWN	at	319607  
322894	[3287]	:	Key	71	UP	at	319752  
323440	[546]	:	Key	71	DOWN	at	323440  
326728	[3288]	:	Key	71	UP	at	323598  
326730	[2]	:	Key	71	DOWN	at	325016  
326731	[1]	:	Key	71	UP	at	325168  
327346	[615]	:	Key	71	DOWN	at	327345  
330629	[3283]	:	Key	71	UP	at	327520  
331174	[545]	:	Key	71	DOWN	at	331174  
334458	[3284]	:	Key	71	UP	at	331336  
334921	[463]	:	Key	71	DOWN	at	334921  
338206	[3285]	:	Key	71	UP	at	335105  
338680	[474]	:	Key	71	DOWN	at	338680  
342546	[3866]	:	Key	71	UP	at	338849  
342546	[0]	:	Key	71	DOWN	at	342265  
342546	[0]	:	Key	71	UP	at	342456  
357225	[14679]	:	Key	71	DOWN	at	357225  
358254	[1029]	:	Key	71	UP	at	357369  
360865	[2611]	:	Key	97	DOWN	at	360865  
361951	[1086]	:	Key	97	UP	at	360984  
364465	[2514]	:	Key	97	DOWN	at	364464  
365534	[1069]	:	Key	97	UP	at	364576  
367102	[1568]	:	Key	97	DOWN	at	367102  
368167	[1065]	:	Key	97	UP	at	367248  
369880	[1713]	:	Key	98	DOWN	at	369880  
370948	[1068]	:	Key	98	UP	at	370015  
373937	[2989]	:	Key	98	DOWN	at	373936  
375012	[1075]	:	Key	98	UP	at	374023  
378202	[3190]	:	Key	97	DOWN	at	378201  
379270	[1068]	:	Key	97	UP	at	378303  
380888	[1618]	:	Key	98	DOWN	at	380887  
381959	[1071]	:	Key	98	UP	at	380993  
383881	[1922]	:	Key	97	DOWN	at	383881  
385498	[1617]	:	Key	97	UP	at	383993  
389975	[4477]	:	Key	71	DOWN	at	389975  
391001	[1026]	:	Key	71	UP	at	390120  
395232	[4231]	:	Key	98	DOWN	at	395231  
396302	[1070]	:	Key	98	UP	at	395368  
403288	[6986]	:	Key	97	DOWN	at	403288  
404360	[1072]	:	Key	97	UP	at	403399  
406495	[2135]	:	Key	97	DOWN	at	406495  
407576	[1081]	:	Key	97	UP	at	406624  
409873	[2297]	:	Key	98	DOWN	at	409873  
410942	[1069]	:	Key	98	UP	at	409984  
412905	[1963]	:	Key	97	DOWN	at	412904  
413975	[1070]	:	Key	97	UP	at	412990  
416911	[2936]	:	Key	97	DOWN	at	416911  
417982	[1071]	:	Key	97	UP	at	416999  
420857	[2875]	:	Key	98	DOWN	at	420857  
421925	[1068]	:	Key	98	UP	at	420936  
423800	[1875]	:	Key	98	DOWN	at	423800  
424924	[1124]	:	Key	98	UP	at	423934  
436064	[11140]	:	Key	71	DOWN	at	436063  
436330	[266]	:	Key	71	UP	at	436209  
439103	[2773]	:	Key	71	DOWN	at	439103  
439232	[129]	:	Key	71	UP	at	439232  
440062	[830]	:	Key	71	DOWN	at	440062  
443343	[3281]	:	Key	71	UP	at	440184  
443345	[2]	:	Key	71	DOWN	at	441439  
443346	[1]	:	Key	71	UP	at	441582  
443347	[1]	:	Key	71	DOWN	at	442727  
443348	[1]	:	Key	71	UP	at	442857  
444938	[1590]	:	Key	71	DOWN	at	444937  
448222	[3284]	:	Key	71	UP	at	445071  
448863	[641]	:	Key	71	DOWN	at	448863  
452148	[3285]	:	Key	71	UP	at	449016  
452853	[705]	:	Key	71	DOWN	at	452852  
452856	[3]	:	Key	71	UP	at	452854  
456506	[3650]	:	Key	71	DOWN	at	456505  
459793	[3287]	:	Key	71	UP	at	456633  
460264	[471]	:	Key	71	DOWN	at	460264  
463552	[3288]	:	Key	71	UP	at	460431  
464106	[554]	:	Key	71	DOWN	at	464105  
467384	[3278]	:	Key	71	UP	at	464176  
467914	[530]	:	Key	71	DOWN	at	467913  
471205	[3291]	:	Key	71	UP	at	468040  
471633	[428]	:	Key	71	DOWN	at	471633  
474914	[3281]	:	Key	71	UP	at	471768  
475631	[717]	:	Key	71	DOWN	at	475631  
478916	[3285]	:	Key	71	UP	at	475776  
478918	[2]	:	Key	71	DOWN	at	478209  
478919	[1]	:	Key	71	UP	at	478359  
482416	[3497]	:	Key	71	DOWN	at	482415  
485698	[3282]	:	Key	71	UP	at	482446  
486280	[582]	:	Key	71	DOWN	at	486280  
489566	[3286]	:	Key	71	UP	at	486401  
490416	[850]	:	Key	71	DOWN	at	490416  
493703	[3287]	:	Key	71	UP	at	490529  
493705	[2]	:	Key	71	DOWN	at	492720  
493706	[1]	:	Key	71	UP	at	492832  
494272	[566]	:	Key	71	DOWN	at	494271  
497564	[3292]	:	Key	71	UP	at	494416  
498088	[524]	:	Key	71	DOWN	at	498088  
501373	[3285]	:	Key	71	UP	at	498199  
501375	[2]	:	Key	71	DOWN	at	500849  
501376	[1]	:	Key	71	UP	at	500953  
502929	[1553]	:	Key	71	DOWN	at	502928  
506767	[3838]	:	Key	71	UP	at	503073  
509121	[2354]	:	Key	71	DOWN	at	509120  
510145	[1024]	:	Key	71	UP	at	509249  
512397	[2252]	:	Key	97	DOWN	at	512395  
513467	[1070]	:	Key	97	UP	at	512429  
514655	[1188]	:	Key	97	DOWN	at	514655  
515725	[1070]	:	Key	97	UP	at	514751  
516953	[1228]	:	Key	98	DOWN	at	516953  
518022	[1069]	:	Key	98	UP	at	517121  
519239	[1217]	:	Key	98	DOWN	at	519239  
520313	[1074]	:	Key	98	UP	at	519336  
522337	[2024]	:	Key	97	DOWN	at	522336  
523405	[1068]	:	Key	97	UP	at	522448  
526255	[2850]	:	Key	97	DOWN	at	526254  
527320	[1065]	:	Key	97	UP	at	526361  
530441	[3121]	:	Key	97	DOWN	at	530441  
531511	[1070]	:	Key	97	UP	at	530552  
532497	[986]	:	Key	97	DOWN	at	532497  
534101	[1604]	:	Key	97	UP	at	532569  
539871	[5770]	:	Key	71	DOWN	at	539871  
540891	[1020]	:	Key	71	UP	at	540009  
542702	[1811]	:	Key	98	DOWN	at	542701  
543772	[1070]	:	Key	98	UP	at	542734  
549776	[6004]	:	Key	97	DOWN	at	549775  
550845	[1069]	:	Key	97	UP	at	549935  
552881	[2036]	:	Key	97	DOWN	at	552881  
553952	[1071]	:	Key	97	UP	at	553024  
556017	[2065]	:	Key	98	DOWN	at	556016  
557086	[1069]	:	Key	98	UP	at	556185  
559279	[2193]	:	Key	98	DOWN	at	559279  
560344	[1065]	:	Key	98	UP	at	559408  
561840	[1496]	:	Key	97	DOWN	at	561840  
562909	[1069]	:	Key	97	UP	at	561968  
564594	[1685]	:	Key	98	DOWN	at	564593  
565660	[1066]	:	Key	98	UP	at	564720  
570312	[4652]	:	Key	98	DOWN	at	570312  
571423	[1111]	:	Key	98	UP	at	570407  
573271	[1848]	:	Key	71	DOWN	at	573271  
573536	[265]	:	Key	71	UP	at	573400  
574473	[937]	:	Key	71	DOWN	at	574472  
574623	[150]	:	Key	71	UP	at	574623  
575439	[816]	:	Key	71	DOWN	at	575439  
578725	[3286]	:	Key	71	UP	at	575545  
580473	[1748]	:	Key	71	DOWN	at	580473  
583759	[3286]	:	Key	71	UP	at	580584  
584784	[1025]	:	Key	71	DOWN	at	584784  
588067	[3283]	:	Key	71	UP	at	584881  
589016	[949]	:	Key	71	DOWN	at	589016  
592299	[3283]	:	Key	71	UP	at	589129  
593248	[949]	:	Key	71	DOWN	at	593247  
596529	[3281]	:	Key	71	UP	at	593342  
597200	[671]	:	Key	71	DOWN	at	597200  
600482	[3282]	:	Key	71	UP	at	597303  
600890	[408]	:	Key	71	DOWN	at	600889  
604182	[3292]	:	Key	71	UP	at	600976  
604928	[746]	:	Key	71	DOWN	at	604927  
608767	[3839]	:	Key	71	UP	at	605000  
610449	[1682]	:	Key	71	DOWN	at	610448  
611474	[1025]	:	Key	71	UP	at	610544  
613658	[2184]	:	Key	97	DOWN	at	613657  
614730	[1072]	:	Key	97	UP	at	613775  
615815	[1085]	:	Key	98	DOWN	at	615815  
616881	[1066]	:	Key	98	UP	at	615928  
617866	[985]	:	Key	98	DOWN	at	617865  
618934	[1068]	:	Key	98	UP	at	617935  
621290	[2356]	:	Key	97	DOWN	at	621289  
622361	[1071]	:	Key	97	UP	at	621409  
623473	[1112]	:	Key	98	DOWN	at	623472  
624543	[1070]	:	Key	98	UP	at	623551  
626248	[1705]	:	Key	97	DOWN	at	626248  
627331	[1083]	:	Key	97	UP	at	626334  
628576	[1245]	:	Key	97	DOWN	at	628575  
629643	[1067]	:	Key	97	UP	at	628679  
631663	[2020]	:	Key	97	DOWN	at	631663  
633263	[1600]	:	Key	97	UP	at	631726  
634798	[1535]	:	Key	71	DOWN	at	634798  
635821	[1023]	:	Key	71	UP	at	634929  
637962	[2141]	:	Key	98	DOWN	at	637961  
639030	[1068]	:	Key	98	UP	at	638055  
640359	[1329]	:	Key	98	DOWN	at	640358  
641436	[1077]	:	Key	98	UP	at	640473  
643969	[2533]	:	Key	97	DOWN	at	643969  
645040	[1071]	:	Key	97	UP	at	644080  
646080	[1040]	:	Key	98	DOWN	at	646080  
647150	[1070]	:	Key	98	UP	at	646184  
648265	[1115]	:	Key	98	DOWN	at	648265  
649336	[1071]	:	Key	98	UP	at	648385  
650545	[1209]	:	Key	97	DOWN	at	650544  
651614	[1069]	:	Key	97	UP	at	650623  
653702	[2088]	:	Key	98	DOWN	at	653702  
654775	[1073]	:	Key	98	UP	at	653800  
656248	[1473]	:	Key	98	DOWN	at	656247  
657355	[1107]	:	Key	98	UP	at	656359  
660632	[3277]	:	Key	71	DOWN	at	660631  
660903	[271]	:	Key	71	UP	at	660760  
690688	[29785]	:	Key	97	DOWN	at	690688  
690752	[64]	:	Key	97	UP	at	690752  
742592	[51840]	:	Key	97	DOWN	at	742591  
742745	[153]	:	Key	97	UP	at	742744  
772169	[29424]	:	Key	97	DOWN	at	772168  
772278	[109]	:	Key	97	UP	at	772278  
783640	[11362]	:	Key	98	DOWN	at	783639  
783774	[134]	:	Key	98	UP	at	783774  
789030	[5256]	:	Key	97	DOWN	at	789030  
789135	[105]	:	Key	97	UP	at	789135  
790511	[1376]	:	Key	97	DOWN	at	790510  
790623	[112]	:	Key	97	UP	at	790622  
798408	[7785]	:	Key	98	DOWN	at	798408  
798559	[151]	:	Key	98	UP	at	798558  
804618	[6059]	:	Key	97	DOWN	at	804617  
804744	[126]	:	Key	97	UP	at	804743  
818007	[13263]	:	Key	97	DOWN	at	818007  
818111	[104]	:	Key	97	UP	at	818110  
859575	[41464]	:	Key	97	DOWN	at	859575  
859703	[128]	:	Key	97	UP	at	859702  
873424	[13721]	:	Key	97	DOWN	at	873424  
873567	[143]	:	Key	97	UP	at	873566  
885448	[11881]	:	Key	97	DOWN	at	885447  
885583	[135]	:	Key	97	UP	at	885582  
893865	[8282]	:	Key	97	DOWN	at	893864  
893992	[127]	:	Key	97	UP	at	893991  
910209	[16217]	:	Key	97	DOWN	at	910208  
910369	[160]	:	Key	97	UP	at	910368  
919936	[9567]	:	Key	97	DOWN	at	919935  
920081	[145]	:	Key	97	UP	at	920080  
929448	[9367]	:	Key	97	DOWN	at	929448  
929577	[129]	:	Key	97	UP	at	929576  
949744	[20167]	:	Key	97	DOWN	at	949744  
949879	[135]	:	Key	97	UP	at	949879  
962383	[12504]	:	Key	97	DOWN	at	962382  
962440	[57]	:	Key	97	UP	at	962414  
973976	[11536]	:	Key	97	DOWN	at	973975  
974089	[113]	:	Key	97	UP	at	974088  
1002375	[28286]	:	Key	97	DOWN	at	1002375 
1002488	[113]	:	Key	97	UP	at	1002488 
1016881	[14393]	:	Key	97	DOWN	at	1016880 
1017006	[125]	:	Key	97	UP	at	1017006 
1046448	[29442]	:	Key	97	DOWN	at	1046446 
1046577	[129]	:	Key	97	UP	at	1046576 
1057591	[11014]	:	Key	97	DOWN	at	1057591 
1057736	[145]	:	Key	97	UP	at	1057735 
1060687	[2951]	:	Key	97	DOWN	at	1060687 
1061687	[1000]	:	Key	97	UP	at	1060807 
1076728	[15041]	:	Key	98	DOWN	at	1076728 
1076848	[120]	:	Key	98	UP	at	1076848 
1077017	[169]	:	Key	98	DOWN	at	1077016 
1077105	[88]	:	Key	98	UP	at	1077104 
1078081	[976]	:	Key	98	DOWN	at	1078080 
1078247	[166]	:	Key	98	UP	at	1078247 
1085968	[7721]	:	Key	71	DOWN	at	1085967 
1086235	[267]	:	Key	71	UP	at	1086104 
1087557	[1322]	:	Key	71	DOWN	at	1087557 
1216800	[129243]	:	Key	71	DOWN	at	1216799 
1217214	[414]	:	Key	71	UP	at	1217213 
1218256	[1042]	:	Key	71	DOWN	at	1218255 
1284852	[66596]	:	Key	71	DOWN	at	1283920 
1284854	[2]	:	Key	71	UP	at	1284023 
1315167	[30313]	:	Key	71	DOWN	at	1313927 
1315169	[2]	:	Key	71	UP	at	1314094 
1401018	[85849]	:	Key	71	DOWN	at	1399959 
1401019	[1]	:	Key	71	UP	at	1400126 
1918550	[517531]	:	Key	97	DOWN	at	1918550 
1919550	[1000]	:	Key	97	UP	at	1918670 
1921295	[1745]	:	Key	71	DOWN	at	1921295 
2829133	[907838]	:	Key	97	DOWN	at	2829133 
2830134	[1001]	:	Key	97	UP	at	2829302 
2831142	[1008]	:	Key	71	DOWN	at	2831141 
3531469	[700327]	:	Key	97	DOWN	at	3531469 
3532469	[1000]	:	Key	97	UP	at	3531612 
3533510	[1041]	:	Key	71	DOWN	at	3533509 
4224892	[691382]	:	Key	97	DOWN	at	4224892 
4225892	[1000]	:	Key	97	UP	at	4225036 
4226931	[1039]	:	Key	71	DOWN	at	4226931 
5294915	[1067984]	:	Key	71	DOWN	at	5294915 
5294942	[27]	:	COGENT STOP
