Cog2000 log file Wed Mar 10 11:04:49 2021
gprim v1.33 Compiled:Aug 12 2015 (GLib DirectDraw v7 DX10.0 Compiled:Aug 12 2015)
Display:1024x768x32 60.02Hz
Attaching E:\Sahar Rajabi\Final MBMF+Drug Task\Cogent2000v1.33\Toolbox\CogInput.mexw64
CogInput v1.05 Compiled: May 20 2010
4	[4]	:	COGENT START
3456	[3452]	:	Key	97	DOWN	at	3455    
3640	[184]	:	Key	97	UP	at	3639    
11454	[7814]	:	Key	97	DOWN	at	11454   
11574	[120]	:	Key	97	UP	at	11574   
23271	[11697]	:	Key	97	DOWN	at	23271   
24271	[1000]	:	Key	97	UP	at	23464   
24642	[371]	:	Key	71	DOWN	at	24642   
24785	[143]	:	Key	71	UP	at	24662   
27942	[3157]	:	Key	71	DOWN	at	27942   
31328	[3386]	:	Key	71	UP	at	28110   
38511	[7183]	:	Key	71	DOWN	at	38511   
41820	[3309]	:	Key	71	UP	at	38680   
44383	[2563]	:	Key	71	DOWN	at	44383   
47684	[3301]	:	Key	71	UP	at	44584   
49391	[1707]	:	Key	71	DOWN	at	49391   
52689	[3298]	:	Key	71	UP	at	49568   
54959	[2270]	:	Key	71	DOWN	at	54959   
58236	[3277]	:	Key	71	UP	at	55200   
65126	[6890]	:	Key	71	DOWN	at	65126   
68415	[3289]	:	Key	71	UP	at	65313   
69395	[980]	:	Key	71	DOWN	at	69395   
72680	[3285]	:	Key	71	UP	at	69415   
74455	[1775]	:	Key	71	DOWN	at	74455   
77724	[3269]	:	Key	71	UP	at	74679   
81167	[3443]	:	Key	71	DOWN	at	81167   
84468	[3301]	:	Key	71	UP	at	81376   
96151	[11683]	:	Key	71	DOWN	at	96151   
99450	[3299]	:	Key	71	UP	at	96336   
100112	[662]	:	Key	71	DOWN	at	100112  
103404	[3292]	:	Key	71	UP	at	100313  
113087	[9683]	:	Key	71	DOWN	at	113087  
116387	[3300]	:	Key	71	UP	at	113296  
118376	[1989]	:	Key	71	DOWN	at	118376  
121677	[3301]	:	Key	71	UP	at	118553  
122175	[498]	:	Key	71	DOWN	at	122175  
125442	[3267]	:	Key	71	UP	at	122335  
131583	[6141]	:	Key	71	DOWN	at	131583  
134850	[3267]	:	Key	71	UP	at	131806  
140903	[6053]	:	Key	71	DOWN	at	140903  
144170	[3267]	:	Key	71	UP	at	141031  
146823	[2653]	:	Key	71	DOWN	at	146823  
150090	[3267]	:	Key	71	UP	at	147015  
156967	[6877]	:	Key	71	DOWN	at	156967  
160259	[3292]	:	Key	71	UP	at	157121  
163335	[3076]	:	Key	71	DOWN	at	163335  
166634	[3299]	:	Key	71	UP	at	163472  
167615	[981]	:	Key	71	DOWN	at	167615  
170913	[3298]	:	Key	71	UP	at	167808  
178511	[7598]	:	Key	71	DOWN	at	178511  
181811	[3300]	:	Key	71	UP	at	178680  
182431	[620]	:	Key	71	DOWN	at	182431  
185727	[3296]	:	Key	71	UP	at	182568  
189515	[3788]	:	Key	71	DOWN	at	189515  
192814	[3299]	:	Key	71	UP	at	189535  
208343	[15529]	:	Key	71	DOWN	at	208343  
211633	[3290]	:	Key	71	UP	at	208537  
212200	[567]	:	Key	71	DOWN	at	212200  
215496	[3296]	:	Key	71	UP	at	212352  
217951	[2455]	:	Key	71	DOWN	at	217951  
221252	[3301]	:	Key	71	UP	at	218064  
224056	[2804]	:	Key	71	DOWN	at	224056  
227357	[3301]	:	Key	71	UP	at	224273  
228455	[1098]	:	Key	71	DOWN	at	228455  
231742	[3287]	:	Key	71	UP	at	228679  
245008	[13266]	:	Key	71	DOWN	at	245008  
248301	[3293]	:	Key	71	UP	at	245161  
249482	[1181]	:	Key	71	DOWN	at	249482  
252782	[3300]	:	Key	71	UP	at	249501  
255367	[2585]	:	Key	71	DOWN	at	255367  
258666	[3299]	:	Key	71	UP	at	255728  
260208	[1542]	:	Key	71	DOWN	at	260208  
263507	[3299]	:	Key	71	UP	at	260377  
265696	[2189]	:	Key	71	DOWN	at	265696  
268995	[3299]	:	Key	71	UP	at	265897  
311704	[42709]	:	Key	71	DOWN	at	311704  
315004	[3300]	:	Key	71	UP	at	311849  
316175	[1171]	:	Key	71	DOWN	at	316175  
319463	[3288]	:	Key	71	UP	at	316385  
320583	[1120]	:	Key	71	DOWN	at	320583  
323873	[3290]	:	Key	71	UP	at	320816  
324698	[825]	:	Key	71	DOWN	at	324698  
327998	[3300]	:	Key	71	UP	at	324718  
328464	[466]	:	Key	71	DOWN	at	328464  
331763	[3299]	:	Key	71	UP	at	328657  
333183	[1420]	:	Key	71	DOWN	at	333183  
336483	[3300]	:	Key	71	UP	at	333353  
340050	[3567]	:	Key	71	DOWN	at	340050  
340052	[2]	:	Key	71	UP	at	340051  
346520	[6468]	:	Key	71	DOWN	at	346520  
349820	[3300]	:	Key	71	UP	at	346777  
362800	[12980]	:	Key	71	DOWN	at	362800  
366090	[3290]	:	Key	71	UP	at	362993  
366760	[670]	:	Key	71	DOWN	at	366760  
370061	[3301]	:	Key	71	UP	at	366961  
370648	[587]	:	Key	71	DOWN	at	370648  
373944	[3296]	:	Key	71	UP	at	370865  
375671	[1727]	:	Key	71	DOWN	at	375671  
378971	[3300]	:	Key	71	UP	at	375816  
380087	[1116]	:	Key	71	DOWN	at	380087  
383385	[3298]	:	Key	71	UP	at	380409  
383952	[567]	:	Key	71	DOWN	at	383952  
387253	[3301]	:	Key	71	UP	at	384427  
387712	[459]	:	Key	71	DOWN	at	387712  
391694	[3982]	:	Key	71	UP	at	387879  
404711	[13017]	:	Key	71	DOWN	at	404711  
405762	[1051]	:	Key	71	UP	at	404895  
407118	[1356]	:	Key	97	DOWN	at	407118  
408227	[1109]	:	Key	97	UP	at	407263  
409150	[923]	:	Key	97	DOWN	at	409150  
410289	[1139]	:	Key	97	UP	at	409302  
411558	[1269]	:	Key	97	DOWN	at	411558  
412685	[1127]	:	Key	97	UP	at	411702  
413646	[961]	:	Key	98	DOWN	at	413646  
414779	[1133]	:	Key	98	UP	at	413782  
415695	[916]	:	Key	97	DOWN	at	415695  
416818	[1123]	:	Key	97	UP	at	415847  
417983	[1165]	:	Key	97	DOWN	at	417983  
419112	[1129]	:	Key	97	UP	at	418135  
420687	[1575]	:	Key	97	DOWN	at	420687  
421812	[1125]	:	Key	97	UP	at	420823  
423191	[1379]	:	Key	98	DOWN	at	423191  
424936	[1745]	:	Key	98	UP	at	423351  
455663	[30727]	:	Key	71	DOWN	at	455663  
456704	[1041]	:	Key	71	UP	at	455879  
457719	[1015]	:	Key	97	DOWN	at	457719  
458836	[1117]	:	Key	97	UP	at	457871  
460238	[1402]	:	Key	97	DOWN	at	460238  
461355	[1117]	:	Key	97	UP	at	460375  
462454	[1099]	:	Key	98	DOWN	at	462454  
463579	[1125]	:	Key	98	UP	at	462582  
464862	[1283]	:	Key	97	DOWN	at	464862  
465978	[1116]	:	Key	97	UP	at	465006  
467159	[1181]	:	Key	98	DOWN	at	467159  
468278	[1119]	:	Key	98	UP	at	467287  
469415	[1137]	:	Key	98	DOWN	at	469415  
470536	[1121]	:	Key	98	UP	at	469551  
471743	[1207]	:	Key	97	DOWN	at	471743  
472869	[1126]	:	Key	97	UP	at	471887  
474343	[1474]	:	Key	97	DOWN	at	474343  
475549	[1206]	:	Key	97	UP	at	474487  
478630	[3081]	:	Key	71	DOWN	at	478630  
478947	[317]	:	Key	71	UP	at	478839  
520735	[41788]	:	Key	97	DOWN	at	520735  
520855	[120]	:	Key	97	UP	at	520855  
528191	[7336]	:	Key	97	DOWN	at	528191  
528319	[128]	:	Key	97	UP	at	528319  
535638	[7319]	:	Key	97	DOWN	at	535638  
535830	[192]	:	Key	97	UP	at	535830  
540439	[4609]	:	Key	97	DOWN	at	540439  
540647	[208]	:	Key	97	UP	at	540647  
551686	[11039]	:	Key	97	DOWN	at	551686  
551806	[120]	:	Key	97	UP	at	551806  
569542	[17736]	:	Key	97	DOWN	at	569542  
569686	[144]	:	Key	97	UP	at	569686  
573999	[4313]	:	Key	97	DOWN	at	573999  
574143	[144]	:	Key	97	UP	at	574143  
576143	[2000]	:	Key	97	DOWN	at	576143  
576343	[200]	:	Key	97	UP	at	576343  
579367	[3024]	:	Key	97	DOWN	at	579367  
579519	[152]	:	Key	97	UP	at	579519  
586118	[6599]	:	Key	97	DOWN	at	586118  
586254	[136]	:	Key	97	UP	at	586254  
592167	[5913]	:	Key	97	DOWN	at	592167  
592311	[144]	:	Key	97	UP	at	592311  
598567	[6256]	:	Key	97	DOWN	at	598567  
598751	[184]	:	Key	97	UP	at	598751  
614247	[15496]	:	Key	97	DOWN	at	614247  
614391	[144]	:	Key	97	UP	at	614391  
622742	[8351]	:	Key	97	DOWN	at	622742  
622926	[184]	:	Key	97	UP	at	622926  
628295	[5369]	:	Key	97	DOWN	at	628295  
628495	[200]	:	Key	97	UP	at	628495  
636063	[7568]	:	Key	97	DOWN	at	636063  
636231	[168]	:	Key	97	UP	at	636231  
642919	[6688]	:	Key	97	DOWN	at	642919  
643127	[208]	:	Key	97	UP	at	643127  
655854	[12727]	:	Key	97	DOWN	at	655854  
656046	[192]	:	Key	97	UP	at	656046  
662183	[6137]	:	Key	97	DOWN	at	662183  
662407	[224]	:	Key	97	UP	at	662407  
664215	[1808]	:	Key	97	DOWN	at	664215  
665215	[1000]	:	Key	97	UP	at	664415  
670103	[4888]	:	Key	71	DOWN	at	670103  
670407	[304]	:	Key	71	UP	at	670295  
671215	[808]	:	Key	71	DOWN	at	671215  
744382	[73167]	:	Key	71	DOWN	at	744382  
744550	[168]	:	Key	71	UP	at	744550  
746190	[1640]	:	Key	71	DOWN	at	746190  
1329629	[583439]	:	Key	97	DOWN	at	1329629 
1330629	[1000]	:	Key	97	UP	at	1329846 
1332181	[1552]	:	Key	71	DOWN	at	1332181 
2241497	[909316]	:	Key	97	DOWN	at	2241497 
2242497	[1000]	:	Key	97	UP	at	2241633 
2246425	[3928]	:	Key	71	DOWN	at	2246425 
2809286	[562861]	:	Key	97	DOWN	at	2809286 
2810286	[1000]	:	Key	97	UP	at	2809422 
2811311	[1025]	:	Key	71	DOWN	at	2811311 
3422319	[611008]	:	Key	97	DOWN	at	3422319 
3423319	[1000]	:	Key	97	UP	at	3422455 
3427879	[4560]	:	Key	71	DOWN	at	3427879 
4489846	[1061967]	:	Key	71	DOWN	at	4489846 
4489931	[85]	:	COGENT STOP
