Cog2000 log file Wed Mar 03 11:03:06 2021
gprim v1.33 Compiled:Aug 12 2015 (GLib DirectDraw v7 DX10.0 Compiled:Aug 12 2015)
Display:1024x768x32 60.02Hz
Attaching E:\Sahar Rajabi\Final MBMF+Drug Task\Cogent2000v1.33\Toolbox\CogInput.mexw64
CogInput v1.05 Compiled: May 20 2010
4	[4]	:	COGENT START
13772	[13768]	:	Key	97	DOWN	at	13772   
13892	[120]	:	Key	97	UP	at	13892   
22835	[8943]	:	Key	97	DOWN	at	22835   
22963	[128]	:	Key	97	UP	at	22963   
41555	[18592]	:	Key	97	DOWN	at	41555   
42555	[1000]	:	Key	97	UP	at	41684   
55055	[12500]	:	Key	71	DOWN	at	55055   
55185	[130]	:	Key	71	UP	at	55075   
56724	[1539]	:	Key	71	DOWN	at	56724   
60093	[3369]	:	Key	71	UP	at	56868   
60095	[2]	:	Key	71	DOWN	at	58507   
60096	[1]	:	Key	71	UP	at	58619   
62363	[2267]	:	Key	71	DOWN	at	62363   
65632	[3269]	:	Key	71	UP	at	62515   
67788	[2156]	:	Key	71	DOWN	at	67788   
71055	[3267]	:	Key	71	UP	at	67883   
72787	[1732]	:	Key	71	DOWN	at	72787   
76053	[3266]	:	Key	71	UP	at	72899   
77907	[1854]	:	Key	71	DOWN	at	77907   
81173	[3266]	:	Key	71	UP	at	78099   
83443	[2270]	:	Key	71	DOWN	at	83443   
86713	[3270]	:	Key	71	UP	at	83595   
88331	[1618]	:	Key	71	DOWN	at	88331   
91599	[3268]	:	Key	71	UP	at	88515   
92500	[901]	:	Key	71	DOWN	at	92500   
95782	[3282]	:	Key	71	UP	at	92667   
96531	[749]	:	Key	71	DOWN	at	96531   
99835	[3304]	:	Key	71	UP	at	96692   
100540	[705]	:	Key	71	DOWN	at	100540  
103839	[3299]	:	Key	71	UP	at	100701  
104675	[836]	:	Key	71	DOWN	at	104675  
107975	[3300]	:	Key	71	UP	at	104851  
108963	[988]	:	Key	71	DOWN	at	108963  
112242	[3279]	:	Key	71	UP	at	109131  
112948	[706]	:	Key	71	DOWN	at	112948  
116221	[3273]	:	Key	71	UP	at	113099  
117163	[942]	:	Key	71	DOWN	at	117163  
120432	[3269]	:	Key	71	UP	at	117323  
121036	[604]	:	Key	71	DOWN	at	121036  
124302	[3266]	:	Key	71	UP	at	121203  
124924	[622]	:	Key	71	DOWN	at	124924  
128221	[3297]	:	Key	71	UP	at	125085  
128844	[623]	:	Key	71	DOWN	at	128844  
132135	[3291]	:	Key	71	UP	at	129020  
132635	[500]	:	Key	71	DOWN	at	132635  
135914	[3279]	:	Key	71	UP	at	132828  
136060	[146]	:	Key	71	DOWN	at	136060  
139360	[3300]	:	Key	71	UP	at	136245  
139811	[451]	:	Key	71	DOWN	at	139811  
143101	[3290]	:	Key	71	UP	at	139949  
143596	[495]	:	Key	71	DOWN	at	143596  
146890	[3294]	:	Key	71	UP	at	143773  
147515	[625]	:	Key	71	DOWN	at	147515  
150815	[3300]	:	Key	71	UP	at	147700  
151123	[308]	:	Key	71	DOWN	at	151123  
154422	[3299]	:	Key	71	UP	at	151300  
154956	[534]	:	Key	71	DOWN	at	154956  
158253	[3297]	:	Key	71	UP	at	155117  
158748	[495]	:	Key	71	DOWN	at	158748  
162030	[3282]	:	Key	71	UP	at	158949  
164307	[2277]	:	Key	71	DOWN	at	164307  
167606	[3299]	:	Key	71	UP	at	164532  
168963	[1357]	:	Key	71	DOWN	at	168963  
172263	[3300]	:	Key	71	UP	at	169148  
172844	[581]	:	Key	71	DOWN	at	172844  
176133	[3289]	:	Key	71	UP	at	172973  
178100	[1967]	:	Key	71	DOWN	at	178100  
181398	[3298]	:	Key	71	UP	at	178277  
181955	[557]	:	Key	71	DOWN	at	181955  
185246	[3291]	:	Key	71	UP	at	182100  
186027	[781]	:	Key	71	DOWN	at	186027  
189316	[3289]	:	Key	71	UP	at	186196  
190215	[899]	:	Key	71	DOWN	at	190215  
193514	[3299]	:	Key	71	UP	at	190235  
194683	[1169]	:	Key	71	DOWN	at	194683  
197985	[3302]	:	Key	71	UP	at	194861  
198572	[587]	:	Key	71	DOWN	at	198572  
201864	[3292]	:	Key	71	UP	at	198757  
202307	[443]	:	Key	71	DOWN	at	202307  
205595	[3288]	:	Key	71	UP	at	202508  
206364	[769]	:	Key	71	DOWN	at	206364  
209652	[3288]	:	Key	71	UP	at	206525  
210156	[504]	:	Key	71	DOWN	at	210156  
213443	[3287]	:	Key	71	UP	at	210317  
214052	[609]	:	Key	71	DOWN	at	214052  
217341	[3289]	:	Key	71	UP	at	214212  
217915	[574]	:	Key	71	DOWN	at	217915  
221214	[3299]	:	Key	71	UP	at	218092  
221731	[517]	:	Key	71	DOWN	at	221731  
225022	[3291]	:	Key	71	UP	at	221940  
225620	[598]	:	Key	71	DOWN	at	225620  
228913	[3293]	:	Key	71	UP	at	225797  
229476	[563]	:	Key	71	DOWN	at	229476  
232765	[3289]	:	Key	71	UP	at	229652  
233587	[822]	:	Key	71	DOWN	at	233587  
236877	[3290]	:	Key	71	UP	at	233739  
237595	[718]	:	Key	71	DOWN	at	237595  
240883	[3288]	:	Key	71	UP	at	237764  
241452	[569]	:	Key	71	DOWN	at	241452  
244742	[3290]	:	Key	71	UP	at	241637  
245891	[1149]	:	Key	71	DOWN	at	245891  
249191	[3300]	:	Key	71	UP	at	246075  
250526	[1335]	:	Key	71	DOWN	at	250526  
253826	[3300]	:	Key	71	UP	at	250546  
254259	[433]	:	Key	71	DOWN	at	254259  
258225	[3966]	:	Key	71	UP	at	254452  
274819	[16594]	:	Key	71	DOWN	at	274819  
275865	[1046]	:	Key	71	UP	at	274980  
277180	[1315]	:	Key	97	DOWN	at	277180  
278311	[1131]	:	Key	97	UP	at	277333  
279459	[1148]	:	Key	98	DOWN	at	279459  
280570	[1111]	:	Key	98	UP	at	279903  
281403	[833]	:	Key	97	DOWN	at	281403  
282519	[1116]	:	Key	97	UP	at	281589  
283691	[1172]	:	Key	97	DOWN	at	283691  
284805	[1114]	:	Key	97	UP	at	283853  
288339	[3534]	:	Key	97	DOWN	at	288339  
289461	[1122]	:	Key	97	UP	at	288452  
290427	[966]	:	Key	97	DOWN	at	290427  
291545	[1118]	:	Key	97	UP	at	290611  
294164	[2619]	:	Key	98	DOWN	at	294164  
295286	[1122]	:	Key	98	UP	at	294309  
296860	[1574]	:	Key	97	DOWN	at	296860  
298592	[1732]	:	Key	97	UP	at	297013  
305915	[7323]	:	Key	71	DOWN	at	305915  
306962	[1047]	:	Key	71	UP	at	306132  
308171	[1209]	:	Key	97	DOWN	at	308171  
309283	[1112]	:	Key	97	UP	at	308331  
312204	[2921]	:	Key	97	DOWN	at	312204  
313321	[1117]	:	Key	97	UP	at	312380  
316219	[2898]	:	Key	98	DOWN	at	316219  
317338	[1119]	:	Key	98	UP	at	316421  
319172	[1834]	:	Key	98	DOWN	at	319172  
320307	[1135]	:	Key	98	UP	at	319349  
321611	[1304]	:	Key	97	DOWN	at	321611  
322741	[1130]	:	Key	97	UP	at	321789  
325134	[2393]	:	Key	97	DOWN	at	325134  
326235	[1101]	:	Key	97	UP	at	325155  
327572	[1337]	:	Key	97	DOWN	at	327572  
328658	[1086]	:	Key	97	UP	at	327748  
332388	[3730]	:	Key	97	DOWN	at	332388  
333589	[1201]	:	Key	97	UP	at	332541  
343411	[9822]	:	Key	71	DOWN	at	343411  
343737	[326]	:	Key	71	UP	at	343620  
349540	[5803]	:	Key	71	DOWN	at	349540  
349772	[232]	:	Key	71	UP	at	349772  
351700	[1928]	:	Key	71	DOWN	at	351700  
354999	[3299]	:	Key	71	UP	at	351877  
356235	[1236]	:	Key	71	DOWN	at	356235  
359534	[3299]	:	Key	71	UP	at	356445  
360883	[1349]	:	Key	71	DOWN	at	360883  
364183	[3300]	:	Key	71	UP	at	361100  
364956	[773]	:	Key	71	DOWN	at	364956  
368249	[3293]	:	Key	71	UP	at	365180  
369164	[915]	:	Key	71	DOWN	at	369164  
372461	[3297]	:	Key	71	UP	at	369340  
373412	[951]	:	Key	71	DOWN	at	373412  
376714	[3302]	:	Key	71	UP	at	373613  
377660	[946]	:	Key	71	DOWN	at	377660  
380948	[3288]	:	Key	71	UP	at	377859  
381844	[896]	:	Key	71	DOWN	at	381844  
385143	[3299]	:	Key	71	UP	at	382069  
385708	[565]	:	Key	71	DOWN	at	385708  
388996	[3288]	:	Key	71	UP	at	385861  
389372	[376]	:	Key	71	DOWN	at	389372  
392660	[3288]	:	Key	71	UP	at	389597  
393060	[400]	:	Key	71	DOWN	at	393060  
396346	[3286]	:	Key	71	UP	at	393220  
396851	[505]	:	Key	71	DOWN	at	396851  
400146	[3295]	:	Key	71	UP	at	397020  
400716	[570]	:	Key	71	DOWN	at	400716  
404007	[3291]	:	Key	71	UP	at	400909  
404620	[613]	:	Key	71	DOWN	at	404620  
407908	[3288]	:	Key	71	UP	at	404813  
408236	[328]	:	Key	71	DOWN	at	408236  
411534	[3298]	:	Key	71	UP	at	408437  
411876	[342]	:	Key	71	DOWN	at	411876  
415777	[3901]	:	Key	71	UP	at	411964  
415788	[11]	:	Key	71	DOWN	at	415788  
416828	[1040]	:	Key	71	UP	at	415941  
418716	[1888]	:	Key	97	DOWN	at	418716  
419830	[1114]	:	Key	97	UP	at	418853  
421196	[1366]	:	Key	97	DOWN	at	421196  
422304	[1108]	:	Key	97	UP	at	421437  
424380	[2076]	:	Key	97	DOWN	at	424380  
425490	[1110]	:	Key	97	UP	at	424525  
426548	[1058]	:	Key	97	DOWN	at	426548  
427693	[1145]	:	Key	97	UP	at	426709  
430062	[2369]	:	Key	98	DOWN	at	430062  
431189	[1127]	:	Key	98	UP	at	430082  
432388	[1199]	:	Key	97	DOWN	at	432388  
433508	[1120]	:	Key	97	UP	at	432531  
434323	[815]	:	Key	97	DOWN	at	434323  
435447	[1124]	:	Key	97	UP	at	434483  
437363	[1916]	:	Key	97	DOWN	at	437363  
439065	[1702]	:	Key	97	UP	at	437515  
441083	[2018]	:	Key	71	DOWN	at	441083  
442124	[1041]	:	Key	71	UP	at	441291  
443259	[1135]	:	Key	98	DOWN	at	443259  
444386	[1127]	:	Key	98	UP	at	443371  
445387	[1001]	:	Key	98	DOWN	at	445387  
446507	[1120]	:	Key	98	UP	at	445531  
447554	[1047]	:	Key	97	DOWN	at	447554  
448656	[1102]	:	Key	97	UP	at	447707  
449666	[1010]	:	Key	97	DOWN	at	449666  
450764	[1098]	:	Key	97	UP	at	449859  
451667	[903]	:	Key	98	DOWN	at	451667  
452788	[1121]	:	Key	98	UP	at	451851  
453891	[1103]	:	Key	97	DOWN	at	453891  
455009	[1118]	:	Key	97	UP	at	454035  
457147	[2138]	:	Key	98	DOWN	at	457147  
458268	[1121]	:	Key	98	UP	at	457299  
460139	[1871]	:	Key	98	DOWN	at	460139  
461315	[1176]	:	Key	98	UP	at	460291  
464938	[3623]	:	Key	71	DOWN	at	464938  
465261	[323]	:	Key	71	UP	at	465170  
466866	[1605]	:	Key	71	DOWN	at	466866  
467082	[216]	:	Key	71	UP	at	467082  
469603	[2521]	:	Key	71	DOWN	at	469603  
472907	[3304]	:	Key	71	UP	at	469819  
474594	[1687]	:	Key	71	DOWN	at	474594  
477895	[3301]	:	Key	71	UP	at	474794  
479002	[1107]	:	Key	71	DOWN	at	479002  
482302	[3300]	:	Key	71	UP	at	479194  
483225	[923]	:	Key	71	DOWN	at	483225  
486526	[3301]	:	Key	71	UP	at	483505  
487706	[1180]	:	Key	71	DOWN	at	487706  
490995	[3289]	:	Key	71	UP	at	487898  
491690	[695]	:	Key	71	DOWN	at	491690  
494993	[3303]	:	Key	71	UP	at	491906  
495634	[641]	:	Key	71	DOWN	at	495634  
498913	[3279]	:	Key	71	UP	at	495834  
499241	[328]	:	Key	71	DOWN	at	499241  
503151	[3910]	:	Key	71	UP	at	499458  
503210	[59]	:	Key	71	DOWN	at	503210  
504235	[1025]	:	Key	71	UP	at	503418  
506274	[2039]	:	Key	97	DOWN	at	506274  
507388	[1114]	:	Key	97	UP	at	506418  
508618	[1230]	:	Key	98	DOWN	at	508618  
509742	[1124]	:	Key	98	UP	at	508730  
510938	[1196]	:	Key	98	DOWN	at	510938  
512071	[1133]	:	Key	98	UP	at	511058  
513610	[1539]	:	Key	97	DOWN	at	513610  
514736	[1126]	:	Key	97	UP	at	513730  
515946	[1210]	:	Key	98	DOWN	at	515946  
517049	[1103]	:	Key	98	UP	at	516089  
518129	[1080]	:	Key	98	DOWN	at	518129  
519244	[1115]	:	Key	98	UP	at	518256  
520490	[1246]	:	Key	97	DOWN	at	520490  
521571	[1081]	:	Key	97	UP	at	520610  
523066	[1495]	:	Key	98	DOWN	at	523066  
524744	[1678]	:	Key	98	UP	at	523217  
526154	[1410]	:	Key	71	DOWN	at	526154  
527194	[1040]	:	Key	71	UP	at	526362  
528746	[1552]	:	Key	98	DOWN	at	528746  
529859	[1113]	:	Key	98	UP	at	528882  
531538	[1679]	:	Key	98	DOWN	at	531538  
532657	[1119]	:	Key	98	UP	at	531706  
534194	[1537]	:	Key	97	DOWN	at	534194  
535314	[1120]	:	Key	97	UP	at	534354  
537041	[1727]	:	Key	98	DOWN	at	537041  
538166	[1125]	:	Key	98	UP	at	537193  
539210	[1044]	:	Key	98	DOWN	at	539210  
540330	[1120]	:	Key	98	UP	at	539362  
541210	[880]	:	Key	98	DOWN	at	541210  
542326	[1116]	:	Key	98	UP	at	541378  
544090	[1764]	:	Key	97	DOWN	at	544090  
545192	[1102]	:	Key	97	UP	at	544274  
546170	[978]	:	Key	97	DOWN	at	546170  
547324	[1154]	:	Key	97	UP	at	546322  
550474	[3150]	:	Key	71	DOWN	at	550474  
550783	[309]	:	Key	71	UP	at	550754  
552194	[1411]	:	Key	71	DOWN	at	552194  
552417	[223]	:	Key	71	UP	at	552417  
555562	[3145]	:	Key	71	DOWN	at	555562  
558863	[3301]	:	Key	71	UP	at	555762  
560162	[1299]	:	Key	71	DOWN	at	560162  
563464	[3302]	:	Key	71	UP	at	560362  
565066	[1602]	:	Key	71	DOWN	at	565066  
568366	[3300]	:	Key	71	UP	at	565314  
570002	[1636]	:	Key	71	DOWN	at	570002  
573302	[3300]	:	Key	71	UP	at	570202  
574050	[748]	:	Key	71	DOWN	at	574050  
577339	[3289]	:	Key	71	UP	at	574250  
578754	[1415]	:	Key	71	DOWN	at	578754  
582047	[3293]	:	Key	71	UP	at	578970  
583098	[1051]	:	Key	71	DOWN	at	583098  
586400	[3302]	:	Key	71	UP	at	583314  
587162	[762]	:	Key	71	DOWN	at	587162  
591070	[3908]	:	Key	71	UP	at	587354  
593786	[2716]	:	Key	71	DOWN	at	593786  
594815	[1029]	:	Key	71	UP	at	593930  
595930	[1115]	:	Key	98	DOWN	at	595930  
597039	[1109]	:	Key	98	UP	at	596066  
598242	[1203]	:	Key	97	DOWN	at	598242  
599367	[1125]	:	Key	97	UP	at	598394  
600882	[1515]	:	Key	97	DOWN	at	600882  
602007	[1125]	:	Key	97	UP	at	601026  
603146	[1139]	:	Key	97	DOWN	at	603146  
604260	[1114]	:	Key	97	UP	at	603290  
605330	[1070]	:	Key	97	DOWN	at	605330  
606454	[1124]	:	Key	97	UP	at	605490  
607810	[1356]	:	Key	97	DOWN	at	607810  
608923	[1113]	:	Key	97	UP	at	607954  
610338	[1415]	:	Key	97	DOWN	at	610338  
611444	[1106]	:	Key	97	UP	at	610490  
614594	[3150]	:	Key	98	DOWN	at	614594  
616270	[1676]	:	Key	98	UP	at	614770  
617674	[1404]	:	Key	71	DOWN	at	617674  
618721	[1047]	:	Key	71	UP	at	617890  
621090	[2369]	:	Key	97	DOWN	at	621090  
622211	[1121]	:	Key	97	UP	at	621266  
625298	[3087]	:	Key	98	DOWN	at	625298  
626427	[1129]	:	Key	98	UP	at	625458  
628098	[1671]	:	Key	97	DOWN	at	628098  
629231	[1133]	:	Key	97	UP	at	628258  
631378	[2147]	:	Key	97	DOWN	at	631378  
632501	[1123]	:	Key	97	UP	at	631570  
633642	[1141]	:	Key	98	DOWN	at	633642  
634750	[1108]	:	Key	98	UP	at	633834  
637410	[2660]	:	Key	97	DOWN	at	637410  
638529	[1119]	:	Key	97	UP	at	637570  
639538	[1009]	:	Key	98	DOWN	at	639538  
640656	[1118]	:	Key	98	UP	at	639722  
641489	[833]	:	Key	97	DOWN	at	641489  
642663	[1174]	:	Key	97	UP	at	641658  
643970	[1307]	:	Key	71	DOWN	at	643970  
644288	[318]	:	Key	71	UP	at	644138  
645410	[1122]	:	Key	71	DOWN	at	645410  
645666	[256]	:	Key	71	UP	at	645666  
649834	[4168]	:	Key	71	DOWN	at	649834  
653138	[3304]	:	Key	71	UP	at	650082  
656058	[2920]	:	Key	71	DOWN	at	656058  
659327	[3269]	:	Key	71	UP	at	656266  
660714	[1387]	:	Key	71	DOWN	at	660714  
663983	[3269]	:	Key	71	UP	at	660938  
664562	[579]	:	Key	71	DOWN	at	664562  
667830	[3268]	:	Key	71	UP	at	664770  
669178	[1348]	:	Key	71	DOWN	at	669178  
672469	[3291]	:	Key	71	UP	at	669426  
673626	[1157]	:	Key	71	DOWN	at	673626  
676926	[3300]	:	Key	71	UP	at	673842  
677578	[652]	:	Key	71	DOWN	at	677578  
680867	[3289]	:	Key	71	UP	at	677755  
681402	[535]	:	Key	71	DOWN	at	681402  
685295	[3893]	:	Key	71	UP	at	681578  
687954	[2659]	:	Key	71	DOWN	at	687954  
688997	[1043]	:	Key	71	UP	at	688130  
690802	[1805]	:	Key	97	DOWN	at	690802  
691934	[1132]	:	Key	97	UP	at	690946  
693338	[1404]	:	Key	97	DOWN	at	693338  
694465	[1127]	:	Key	97	UP	at	693474  
696050	[1585]	:	Key	97	DOWN	at	696050  
697175	[1125]	:	Key	97	UP	at	696202  
698330	[1155]	:	Key	98	DOWN	at	698330  
699453	[1123]	:	Key	98	UP	at	698522  
701570	[2117]	:	Key	98	DOWN	at	701570  
702696	[1126]	:	Key	98	UP	at	701730  
703970	[1274]	:	Key	97	DOWN	at	703970  
705091	[1121]	:	Key	97	UP	at	704130  
706370	[1279]	:	Key	97	DOWN	at	706370  
707460	[1090]	:	Key	97	UP	at	706538  
708658	[1198]	:	Key	98	DOWN	at	708658  
710337	[1679]	:	Key	98	UP	at	708858  
711898	[1561]	:	Key	71	DOWN	at	711898  
712940	[1042]	:	Key	71	UP	at	712042  
714130	[1190]	:	Key	98	DOWN	at	714130  
715247	[1117]	:	Key	98	UP	at	714322  
716858	[1611]	:	Key	97	DOWN	at	716858  
717988	[1130]	:	Key	97	UP	at	717010  
719042	[1054]	:	Key	98	DOWN	at	719042  
720160	[1118]	:	Key	98	UP	at	719218  
722202	[2042]	:	Key	98	DOWN	at	722202  
723331	[1129]	:	Key	98	UP	at	722362  
724354	[1023]	:	Key	98	DOWN	at	724354  
725486	[1132]	:	Key	98	UP	at	724506  
726562	[1076]	:	Key	98	DOWN	at	726562  
727680	[1118]	:	Key	98	UP	at	726754  
729130	[1450]	:	Key	98	DOWN	at	729130  
730258	[1128]	:	Key	98	UP	at	729298  
731274	[1016]	:	Key	97	DOWN	at	731274  
732439	[1165]	:	Key	97	UP	at	731450  
736018	[3579]	:	Key	71	DOWN	at	736018  
736341	[323]	:	Key	71	UP	at	736226  
762346	[26005]	:	Key	97	DOWN	at	762346  
762482	[136]	:	Key	97	UP	at	762482  
772658	[10176]	:	Key	97	DOWN	at	772658  
772802	[144]	:	Key	97	UP	at	772802  
793522	[20720]	:	Key	97	DOWN	at	793522  
793642	[120]	:	Key	97	UP	at	793642  
804274	[10632]	:	Key	97	DOWN	at	804274  
804482	[208]	:	Key	97	UP	at	804482  
807634	[3152]	:	Key	98	DOWN	at	807634  
807746	[112]	:	Key	98	UP	at	807746  
808090	[344]	:	Key	98	DOWN	at	808090  
808250	[160]	:	Key	98	UP	at	808250  
809130	[880]	:	Key	98	DOWN	at	809130  
809258	[128]	:	Key	98	UP	at	809258  
809978	[720]	:	Key	97	DOWN	at	809978  
810114	[136]	:	Key	97	UP	at	810114  
823210	[13096]	:	Key	97	DOWN	at	823210  
823330	[120]	:	Key	97	UP	at	823330  
835619	[12289]	:	Key	97	DOWN	at	835619  
835803	[184]	:	Key	97	UP	at	835803  
854730	[18927]	:	Key	97	DOWN	at	854730  
854866	[136]	:	Key	97	UP	at	854866  
872810	[17944]	:	Key	97	DOWN	at	872810  
872970	[160]	:	Key	97	UP	at	872970  
879346	[6376]	:	Key	97	DOWN	at	879346  
879546	[200]	:	Key	97	UP	at	879546  
902842	[23296]	:	Key	97	DOWN	at	902842  
903018	[176]	:	Key	97	UP	at	903018  
907651	[4633]	:	Key	98	DOWN	at	907651  
907810	[159]	:	Key	98	UP	at	907810  
909066	[1256]	:	Key	97	DOWN	at	909066  
909210	[144]	:	Key	97	UP	at	909210  
922947	[13737]	:	Key	97	DOWN	at	922947  
923147	[200]	:	Key	97	UP	at	923147  
935386	[12239]	:	Key	97	DOWN	at	935386  
935538	[152]	:	Key	97	UP	at	935538  
948026	[12488]	:	Key	97	DOWN	at	948026  
948194	[168]	:	Key	97	UP	at	948194  
957787	[9593]	:	Key	97	DOWN	at	957787  
957963	[176]	:	Key	97	UP	at	957963  
970554	[12591]	:	Key	97	DOWN	at	970554  
970762	[208]	:	Key	97	UP	at	970762  
979067	[8305]	:	Key	97	DOWN	at	979066  
979210	[143]	:	Key	97	UP	at	979210  
991530	[12320]	:	Key	97	DOWN	at	991530  
991714	[184]	:	Key	97	UP	at	991714  
1011681	[19967]	:	Key	97	DOWN	at	1011681 
1011817	[136]	:	Key	97	UP	at	1011817 
1029089	[17272]	:	Key	97	DOWN	at	1029089 
1029241	[152]	:	Key	97	UP	at	1029241 
1039336	[10095]	:	Key	97	DOWN	at	1039336 
1039480	[144]	:	Key	97	UP	at	1039480 
1048137	[8657]	:	Key	97	DOWN	at	1048137 
1048305	[168]	:	Key	97	UP	at	1048305 
1090888	[42583]	:	Key	97	DOWN	at	1090888 
1091888	[1000]	:	Key	97	UP	at	1091024 
1096680	[4792]	:	Key	71	DOWN	at	1096680 
1096982	[302]	:	Key	71	UP	at	1096833 
1098601	[1619]	:	Key	71	DOWN	at	1098601 
1216120	[117519]	:	Key	71	DOWN	at	1216120 
1216336	[216]	:	Key	71	UP	at	1216336 
1219096	[2760]	:	Key	71	DOWN	at	1219096 
1893600	[674504]	:	Key	97	DOWN	at	1893600 
1894600	[1000]	:	Key	97	UP	at	1893760 
1897712	[3112]	:	Key	71	DOWN	at	1897712 
2565817	[668105]	:	Key	97	DOWN	at	2565817 
2566817	[1000]	:	Key	97	UP	at	2565985 
2572513	[5696]	:	Key	71	DOWN	at	2572513 
3286870	[714357]	:	Key	97	DOWN	at	3286870 
3287870	[1000]	:	Key	97	UP	at	3287054 
3289046	[1176]	:	Key	71	DOWN	at	3289046 
3903772	[614726]	:	Key	97	DOWN	at	3903772 
3904772	[1000]	:	Key	97	UP	at	3903892 
3906083	[1311]	:	Key	71	DOWN	at	3906083 
4977547	[1071464]	:	Key	71	DOWN	at	4977547 
4977610	[63]	:	COGENT STOP
