Cog2000 log file Mon Mar 15 10:37:23 2021
gprim v1.33 Compiled:Aug 12 2015 (GLib DirectDraw v7 DX10.0 Compiled:Aug 12 2015)
Display:1024x768x32 60.02Hz
Attaching E:\Sahar Rajabi\Final MBMF+Drug Task\Cogent2000v1.33\Toolbox\CogInput.mexw64
CogInput v1.05 Compiled: May 20 2010
3	[3]	:	COGENT START
4208	[4205]	:	Key	97	DOWN	at	4208    
4288	[80]	:	Key	97	UP	at	4248    
6392	[2104]	:	Key	97	DOWN	at	6392    
6480	[88]	:	Key	97	UP	at	6480    
7584	[1104]	:	Key	97	DOWN	at	7584    
8584	[1000]	:	Key	97	UP	at	7712    
10344	[1760]	:	Key	98	DOWN	at	10344   
10480	[136]	:	Key	98	UP	at	10480   
11896	[1416]	:	Key	98	DOWN	at	11896   
12072	[176]	:	Key	98	UP	at	12072   
13872	[1800]	:	Key	71	DOWN	at	13872   
13991	[119]	:	Key	71	UP	at	13968   
15984	[1993]	:	Key	71	DOWN	at	15984   
19361	[3377]	:	Key	71	UP	at	16161   
20844	[1483]	:	Key	71	DOWN	at	20844   
24148	[3304]	:	Key	71	UP	at	20864   
24840	[692]	:	Key	71	DOWN	at	24840   
28124	[3284]	:	Key	71	UP	at	25002   
29144	[1020]	:	Key	71	DOWN	at	29144   
32439	[3295]	:	Key	71	UP	at	29305   
33543	[1104]	:	Key	71	DOWN	at	33543   
36841	[3298]	:	Key	71	UP	at	33727   
43281	[6440]	:	Key	71	DOWN	at	43281   
46582	[3301]	:	Key	71	UP	at	43449   
47336	[754]	:	Key	71	DOWN	at	47336   
50637	[3301]	:	Key	71	UP	at	47505   
52136	[1499]	:	Key	71	DOWN	at	52136   
55436	[3300]	:	Key	71	UP	at	52313   
56216	[780]	:	Key	71	DOWN	at	56216   
59514	[3298]	:	Key	71	UP	at	56354   
61089	[1575]	:	Key	71	DOWN	at	61089   
64388	[3299]	:	Key	71	UP	at	61241   
65467	[1079]	:	Key	71	DOWN	at	65467   
68766	[3299]	:	Key	71	UP	at	65486   
70408	[1642]	:	Key	71	DOWN	at	70408   
73709	[3301]	:	Key	71	UP	at	70569   
74409	[700]	:	Key	71	DOWN	at	74409   
77698	[3289]	:	Key	71	UP	at	74578   
78664	[966]	:	Key	71	DOWN	at	78664   
81945	[3281]	:	Key	71	UP	at	78840   
85936	[3991]	:	Key	71	DOWN	at	85936   
89203	[3267]	:	Key	71	UP	at	86111   
92417	[3214]	:	Key	71	DOWN	at	92417   
95716	[3299]	:	Key	71	UP	at	92586   
96233	[517]	:	Key	71	DOWN	at	96233   
99532	[3299]	:	Key	71	UP	at	96393   
107321	[7789]	:	Key	71	DOWN	at	107321  
110618	[3297]	:	Key	71	UP	at	107490  
112112	[1494]	:	Key	71	DOWN	at	112112  
115385	[3273]	:	Key	71	UP	at	112328  
121488	[6103]	:	Key	71	DOWN	at	121488  
124787	[3299]	:	Key	71	UP	at	121640  
127513	[2726]	:	Key	71	DOWN	at	127513  
130812	[3299]	:	Key	71	UP	at	127746  
134017	[3205]	:	Key	71	DOWN	at	134017  
137316	[3299]	:	Key	71	UP	at	134185  
140056	[2740]	:	Key	71	DOWN	at	140056  
143350	[3294]	:	Key	71	UP	at	140539  
151272	[7922]	:	Key	71	DOWN	at	151272  
154538	[3266]	:	Key	71	UP	at	151456  
155635	[1097]	:	Key	71	DOWN	at	155635  
158901	[3266]	:	Key	71	UP	at	155655  
160984	[2083]	:	Key	71	DOWN	at	160984  
164250	[3266]	:	Key	71	UP	at	161192  
166192	[1942]	:	Key	71	DOWN	at	166192  
169459	[3267]	:	Key	71	UP	at	166368  
171091	[1632]	:	Key	71	DOWN	at	171091  
174358	[3267]	:	Key	71	UP	at	171111  
176184	[1826]	:	Key	71	DOWN	at	176184  
179475	[3291]	:	Key	71	UP	at	176369  
180169	[694]	:	Key	71	DOWN	at	180169  
183456	[3287]	:	Key	71	UP	at	180298  
186233	[2777]	:	Key	71	DOWN	at	186233  
189535	[3302]	:	Key	71	UP	at	186433  
189537	[2]	:	Key	71	DOWN	at	188401  
189538	[1]	:	Key	71	UP	at	188601  
190464	[926]	:	Key	71	DOWN	at	190464  
193763	[3299]	:	Key	71	UP	at	190623  
194369	[606]	:	Key	71	DOWN	at	194369  
197659	[3290]	:	Key	71	UP	at	194546  
199025	[1366]	:	Key	71	DOWN	at	199025  
202322	[3297]	:	Key	71	UP	at	199200  
202689	[367]	:	Key	71	DOWN	at	202689  
205978	[3289]	:	Key	71	UP	at	202849  
207880	[1902]	:	Key	71	DOWN	at	207880  
211179	[3299]	:	Key	71	UP	at	208041  
212809	[1630]	:	Key	71	DOWN	at	212809  
216109	[3300]	:	Key	71	UP	at	212994  
216609	[500]	:	Key	71	DOWN	at	216609  
219910	[3301]	:	Key	71	UP	at	216778  
219911	[1]	:	Key	71	DOWN	at	219274  
219912	[1]	:	Key	71	UP	at	219433  
220329	[417]	:	Key	71	DOWN	at	220329  
223617	[3288]	:	Key	71	UP	at	220466  
224920	[1303]	:	Key	71	DOWN	at	224920  
228216	[3296]	:	Key	71	UP	at	225137  
228856	[640]	:	Key	71	DOWN	at	228856  
232145	[3289]	:	Key	71	UP	at	229025  
232960	[815]	:	Key	71	DOWN	at	232960  
236256	[3296]	:	Key	71	UP	at	233176  
236945	[689]	:	Key	71	DOWN	at	236945  
240246	[3301]	:	Key	71	UP	at	237137  
241016	[770]	:	Key	71	DOWN	at	241016  
244304	[3288]	:	Key	71	UP	at	241177  
245024	[720]	:	Key	71	DOWN	at	245024  
248324	[3300]	:	Key	71	UP	at	245193  
248873	[549]	:	Key	71	DOWN	at	248873  
252160	[3287]	:	Key	71	UP	at	249066  
252649	[489]	:	Key	71	DOWN	at	252649  
255938	[3289]	:	Key	71	UP	at	252818  
256656	[718]	:	Key	71	DOWN	at	256656  
260628	[3972]	:	Key	71	UP	at	256863  
272353	[11725]	:	Key	71	DOWN	at	272353  
273403	[1050]	:	Key	71	UP	at	272481  
274712	[1309]	:	Key	97	DOWN	at	274712  
275814	[1102]	:	Key	97	UP	at	274849  
276665	[851]	:	Key	97	DOWN	at	276665  
277796	[1131]	:	Key	97	UP	at	276793  
278744	[948]	:	Key	97	DOWN	at	278744  
279880	[1136]	:	Key	97	UP	at	278895  
280744	[864]	:	Key	98	DOWN	at	280744  
281870	[1126]	:	Key	98	UP	at	280889  
283305	[1435]	:	Key	97	DOWN	at	283305  
284433	[1128]	:	Key	97	UP	at	283458  
285497	[1064]	:	Key	97	DOWN	at	285497  
286594	[1097]	:	Key	97	UP	at	285642  
287601	[1007]	:	Key	97	DOWN	at	287601  
288749	[1148]	:	Key	97	UP	at	287753  
289920	[1171]	:	Key	98	DOWN	at	289920  
291650	[1730]	:	Key	98	UP	at	290048  
296632	[4982]	:	Key	71	DOWN	at	296632  
297677	[1045]	:	Key	71	UP	at	296777  
299225	[1548]	:	Key	97	DOWN	at	299225  
300356	[1131]	:	Key	97	UP	at	299386  
301169	[813]	:	Key	97	DOWN	at	301169  
302303	[1134]	:	Key	97	UP	at	301314  
303185	[882]	:	Key	98	DOWN	at	303185  
304313	[1128]	:	Key	98	UP	at	303296  
305169	[856]	:	Key	97	DOWN	at	305169  
306295	[1126]	:	Key	97	UP	at	305612  
307241	[946]	:	Key	98	DOWN	at	307241  
308375	[1134]	:	Key	98	UP	at	307368  
309465	[1090]	:	Key	98	DOWN	at	309465  
310599	[1134]	:	Key	98	UP	at	309584  
311497	[898]	:	Key	97	DOWN	at	311497  
312640	[1143]	:	Key	97	UP	at	311632  
314176	[1536]	:	Key	97	DOWN	at	314176  
315381	[1205]	:	Key	97	UP	at	314304  
323033	[7652]	:	Key	71	DOWN	at	323033  
323368	[335]	:	Key	71	UP	at	323162  
324969	[1601]	:	Key	71	DOWN	at	324969  
325193	[224]	:	Key	71	UP	at	325193  
327376	[2183]	:	Key	71	DOWN	at	327376  
327544	[168]	:	Key	71	UP	at	327544  
328272	[728]	:	Key	97	DOWN	at	328272  
328376	[104]	:	Key	97	UP	at	328376  
329953	[1577]	:	Key	97	DOWN	at	329953  
330096	[143]	:	Key	97	UP	at	330096  
331537	[1441]	:	Key	97	DOWN	at	331537  
331713	[176]	:	Key	97	UP	at	331713  
334865	[3152]	:	Key	97	DOWN	at	334865  
335033	[168]	:	Key	97	UP	at	335033  
337241	[2208]	:	Key	97	DOWN	at	337241  
337401	[160]	:	Key	97	UP	at	337401  
342161	[4760]	:	Key	97	DOWN	at	342161  
342288	[127]	:	Key	97	UP	at	342288  
351761	[9473]	:	Key	97	DOWN	at	351761  
351873	[112]	:	Key	97	UP	at	351873  
356833	[4960]	:	Key	97	DOWN	at	356833  
356994	[161]	:	Key	97	UP	at	356994  
360985	[3991]	:	Key	97	DOWN	at	360985  
361161	[176]	:	Key	97	UP	at	361161  
368480	[7319]	:	Key	97	DOWN	at	368480  
368681	[201]	:	Key	97	UP	at	368681  
370545	[1864]	:	Key	97	DOWN	at	370545  
370753	[208]	:	Key	97	UP	at	370753  
376457	[5704]	:	Key	97	DOWN	at	376457  
376625	[168]	:	Key	97	UP	at	376625  
381713	[5088]	:	Key	97	DOWN	at	381713  
381897	[184]	:	Key	97	UP	at	381897  
384208	[2311]	:	Key	98	DOWN	at	384208  
384336	[128]	:	Key	98	UP	at	384336  
387265	[2929]	:	Key	97	DOWN	at	387265  
387441	[176]	:	Key	97	UP	at	387441  
391929	[4488]	:	Key	97	DOWN	at	391929  
392082	[153]	:	Key	97	UP	at	392082  
402056	[9974]	:	Key	71	DOWN	at	402056  
402200	[144]	:	Key	71	UP	at	402200  
403048	[848]	:	Key	97	DOWN	at	403048  
403224	[176]	:	Key	97	UP	at	403224  
405600	[2376]	:	Key	97	DOWN	at	405600  
405794	[194]	:	Key	97	UP	at	405794  
410916	[5122]	:	Key	97	DOWN	at	410916  
411010	[94]	:	Key	97	UP	at	410937  
413337	[2327]	:	Key	97	DOWN	at	413337  
413520	[183]	:	Key	97	UP	at	413520  
417591	[4071]	:	Key	97	DOWN	at	417591  
417751	[160]	:	Key	97	UP	at	417751  
419615	[1864]	:	Key	97	DOWN	at	419615  
420615	[1000]	:	Key	97	UP	at	419759  
423408	[2793]	:	Key	71	DOWN	at	423408  
423704	[296]	:	Key	71	UP	at	423576  
424872	[1168]	:	Key	71	DOWN	at	424872  
496488	[71616]	:	Key	71	DOWN	at	496488  
496696	[208]	:	Key	71	UP	at	496696  
497304	[608]	:	Key	71	DOWN	at	497304  
1065255	[567951]	:	Key	97	DOWN	at	1065255 
1066255	[1000]	:	Key	100	DOWN	at	1065271 
1066255	[0]	:	Key	100	UP	at	1065295 
1066255	[0]	:	Key	97	UP	at	1065391 
1067551	[1296]	:	Key	71	DOWN	at	1067551 
1611168	[543617]	:	Key	97	DOWN	at	1611168 
1612168	[1000]	:	Key	97	UP	at	1611312 
1612768	[600]	:	Key	71	DOWN	at	1612768 
2135336	[522568]	:	Key	97	DOWN	at	2135336 
2136336	[1000]	:	Key	97	UP	at	2135496 
2136904	[568]	:	Key	71	DOWN	at	2136904 
2614976	[478072]	:	Key	97	DOWN	at	2614976 
2615976	[1000]	:	Key	97	UP	at	2615104 
2616840	[864]	:	Key	71	DOWN	at	2616840 
3846168	[1229328]	:	Key	71	DOWN	at	3846168 
3846234	[66]	:	COGENT STOP
