Cog2000 log file Tue Jul 19 11:51:22 2022
gprim v1.33 Compiled:Aug 12 2015 (GLib DirectDraw v7 DX12.0 Compiled:Aug 12 2015)
Display:1024x768x32 59.81Hz
Attaching F:\Sahar Rajabi\Final MBMF+Drug Task\Cogent2000v1.33\Toolbox\CogInput.mexw64
CogInput v1.05 Compiled: May 20 2010
3	[3]	:	COGENT START
35459	[35456]	:	Key	97	DOWN	at	35458   
35587	[128]	:	Key	97	UP	at	35586   
36385	[798]	:	Key	98	DOWN	at	36385   
36490	[105]	:	Key	98	UP	at	36489   
36619	[129]	:	Key	98	DOWN	at	36619   
36707	[88]	:	Key	98	UP	at	36673   
37059	[352]	:	Key	97	DOWN	at	37058   
37157	[98]	:	Key	97	UP	at	37147   
38970	[1813]	:	Key	98	DOWN	at	38970   
39099	[129]	:	Key	98	UP	at	39098   
44922	[5823]	:	Key	98	DOWN	at	44922   
45013	[91]	:	Key	98	UP	at	45003   
45761	[748]	:	Key	97	DOWN	at	45761   
45882	[121]	:	Key	97	UP	at	45882   
46330	[448]	:	Key	98	DOWN	at	46330   
46434	[104]	:	Key	98	UP	at	46433   
49698	[3264]	:	Key	97	DOWN	at	49698   
49794	[96]	:	Key	97	UP	at	49793   
65908	[16114]	:	Key	97	DOWN	at	65907   
66042	[134]	:	Key	97	UP	at	66041   
73883	[7841]	:	Key	98	DOWN	at	73882   
73987	[104]	:	Key	98	UP	at	73986   
75675	[1688]	:	Key	97	DOWN	at	75675   
75795	[120]	:	Key	97	UP	at	75794   
94923	[19128]	:	Key	97	DOWN	at	94922   
95922	[999]	:	Key	97	UP	at	95066   
95924	[2]	:	Key	97	DOWN	at	95378   
95925	[1]	:	Key	97	UP	at	95443   
95926	[1]	:	Key	97	DOWN	at	95563   
95927	[1]	:	Key	97	UP	at	95627   
95928	[1]	:	Key	97	DOWN	at	95755   
95930	[2]	:	Key	97	UP	at	95819   
96109	[179]	:	Key	97	DOWN	at	95947   
96110	[1]	:	Key	97	UP	at	96010   
96211	[101]	:	Key	98	DOWN	at	96211   
96276	[65]	:	Key	98	UP	at	96275   
96852	[576]	:	Key	97	DOWN	at	96849   
96929	[77]	:	Key	97	UP	at	96929   
97041	[112]	:	Key	97	DOWN	at	97041   
97105	[64]	:	Key	97	UP	at	97105   
97211	[106]	:	Key	97	DOWN	at	97210   
97275	[64]	:	Key	97	UP	at	97274   
97378	[103]	:	Key	97	DOWN	at	97378   
97427	[49]	:	Key	97	UP	at	97426   
97555	[128]	:	Key	97	DOWN	at	97554   
97587	[32]	:	Key	97	UP	at	97586   
97731	[144]	:	Key	98	DOWN	at	97730   
97780	[49]	:	Key	98	UP	at	97778   
97891	[111]	:	Key	98	DOWN	at	97890   
97963	[72]	:	Key	98	UP	at	97962   
98060	[97]	:	Key	98	DOWN	at	98059   
98114	[54]	:	Key	98	UP	at	98114   
98226	[112]	:	Key	98	DOWN	at	98226   
98274	[48]	:	Key	98	UP	at	98274   
98378	[104]	:	Key	98	DOWN	at	98378   
98442	[64]	:	Key	98	UP	at	98442   
98612	[170]	:	Key	97	DOWN	at	98609   
98691	[79]	:	Key	97	UP	at	98691   
98827	[136]	:	Key	97	DOWN	at	98825   
98881	[54]	:	Key	97	UP	at	98881   
99009	[128]	:	Key	97	DOWN	at	99009   
99059	[50]	:	Key	97	UP	at	99057   
207267	[108208]	:	Key	71	DOWN	at	207266  
207458	[191]	:	Key	71	UP	at	207417  
210945	[3487]	:	Key	71	DOWN	at	210945  
214346	[3401]	:	Key	71	UP	at	211113  
215746	[1400]	:	Key	71	DOWN	at	215746  
219062	[3316]	:	Key	71	UP	at	215890  
219064	[2]	:	Key	71	DOWN	at	217146  
219065	[1]	:	Key	71	UP	at	217281  
219067	[2]	:	Key	71	DOWN	at	218755  
219068	[1]	:	Key	71	UP	at	218915  
220724	[1656]	:	Key	71	DOWN	at	220722  
224036	[3312]	:	Key	71	UP	at	220882  
226195	[2159]	:	Key	71	DOWN	at	226194  
229514	[3319]	:	Key	71	UP	at	226322  
233443	[3929]	:	Key	71	DOWN	at	233443  
236763	[3320]	:	Key	71	UP	at	233595  
240931	[4168]	:	Key	71	DOWN	at	240931  
244245	[3314]	:	Key	71	UP	at	241090  
246274	[2029]	:	Key	71	DOWN	at	246274  
249585	[3311]	:	Key	71	UP	at	246450  
249587	[2]	:	Key	71	DOWN	at	247922  
249588	[1]	:	Key	71	UP	at	248147  
252931	[3343]	:	Key	71	DOWN	at	252931  
256248	[3317]	:	Key	71	UP	at	253075  
256250	[2]	:	Key	71	DOWN	at	254274  
256250	[0]	:	Key	71	UP	at	254466  
256252	[2]	:	Key	71	DOWN	at	255770  
256253	[1]	:	Key	71	UP	at	255938  
257075	[822]	:	Key	71	DOWN	at	257075  
260385	[3310]	:	Key	71	UP	at	257265  
262690	[2305]	:	Key	71	DOWN	at	262689  
265999	[3309]	:	Key	71	UP	at	262881  
266000	[1]	:	Key	71	DOWN	at	263163  
266001	[1]	:	Key	71	UP	at	263323  
269242	[3241]	:	Key	71	DOWN	at	269242  
272549	[3307]	:	Key	71	UP	at	269458  
273971	[1422]	:	Key	71	DOWN	at	273971  
277286	[3315]	:	Key	71	UP	at	274243  
277288	[2]	:	Key	71	DOWN	at	275434  
277289	[1]	:	Key	71	UP	at	275690  
277290	[1]	:	Key	71	DOWN	at	277105  
277311	[21]	:	Key	71	UP	at	277305  
278740	[1429]	:	Key	71	DOWN	at	278739  
282052	[3312]	:	Key	71	UP	at	278905  
288210	[6158]	:	Key	71	DOWN	at	288209  
291524	[3314]	:	Key	71	UP	at	288354  
291526	[2]	:	Key	71	DOWN	at	289722  
291527	[1]	:	Key	71	UP	at	289914  
291528	[1]	:	Key	71	DOWN	at	290850  
291529	[1]	:	Key	71	UP	at	291018  
297073	[5544]	:	Key	71	DOWN	at	297073  
300386	[3313]	:	Key	71	UP	at	297289  
300387	[1]	:	Key	71	DOWN	at	298721  
300388	[1]	:	Key	71	UP	at	298866  
303977	[3589]	:	Key	71	DOWN	at	303977  
307288	[3311]	:	Key	71	UP	at	304201  
307290	[2]	:	Key	71	DOWN	at	305003  
307291	[1]	:	Key	71	UP	at	305187  
310723	[3432]	:	Key	71	DOWN	at	310722  
314036	[3313]	:	Key	71	UP	at	310930  
314038	[2]	:	Key	71	DOWN	at	311530  
314039	[1]	:	Key	71	UP	at	311634  
314040	[1]	:	Key	71	DOWN	at	313281  
314041	[1]	:	Key	71	UP	at	313441  
317713	[3672]	:	Key	71	DOWN	at	317713  
321025	[3312]	:	Key	71	UP	at	317882  
322923	[1898]	:	Key	71	DOWN	at	322923  
326239	[3316]	:	Key	71	UP	at	323106  
326240	[1]	:	Key	71	DOWN	at	323770  
326241	[1]	:	Key	71	UP	at	323890  
326242	[1]	:	Key	71	DOWN	at	325937  
326243	[1]	:	Key	71	UP	at	326097  
327067	[824]	:	Key	71	DOWN	at	327066  
330378	[3311]	:	Key	71	UP	at	327235  
330380	[2]	:	Key	71	DOWN	at	327881  
330381	[1]	:	Key	71	UP	at	328025  
330382	[1]	:	Key	71	DOWN	at	329442  
330384	[2]	:	Key	71	UP	at	329593  
333633	[3249]	:	Key	71	DOWN	at	333633  
336943	[3310]	:	Key	71	UP	at	333809  
336944	[1]	:	Key	71	DOWN	at	334634  
336945	[1]	:	Key	71	UP	at	334803  
338698	[1753]	:	Key	71	DOWN	at	338698  
342008	[3310]	:	Key	71	UP	at	338914  
342010	[2]	:	Key	71	DOWN	at	339522  
342011	[1]	:	Key	71	UP	at	339731  
342013	[2]	:	Key	71	DOWN	at	341891  
342051	[38]	:	Key	71	UP	at	342051  
342738	[687]	:	Key	71	DOWN	at	342738  
346052	[3314]	:	Key	71	UP	at	342906  
346054	[2]	:	Key	71	DOWN	at	343594  
346055	[1]	:	Key	71	UP	at	343802  
346056	[1]	:	Key	71	DOWN	at	345170  
346057	[1]	:	Key	71	UP	at	345330  
347515	[1458]	:	Key	71	DOWN	at	347514  
350827	[3312]	:	Key	71	UP	at	347714  
353618	[2791]	:	Key	71	DOWN	at	353617  
356931	[3313]	:	Key	71	UP	at	353810  
356933	[2]	:	Key	71	DOWN	at	354802  
356934	[1]	:	Key	71	UP	at	354994  
356935	[1]	:	Key	71	DOWN	at	356698  
356936	[1]	:	Key	71	UP	at	356914  
358217	[1281]	:	Key	71	DOWN	at	358217  
361530	[3313]	:	Key	71	UP	at	358394  
361532	[2]	:	Key	71	DOWN	at	359179  
361533	[1]	:	Key	71	UP	at	359379  
361534	[1]	:	Key	71	DOWN	at	360763  
361535	[1]	:	Key	71	UP	at	360978  
364500	[2965]	:	Key	71	DOWN	at	364499  
367813	[3313]	:	Key	71	UP	at	364762  
367815	[2]	:	Key	71	DOWN	at	365506  
367816	[1]	:	Key	71	UP	at	365698  
371098	[3282]	:	Key	71	DOWN	at	371098  
374408	[3310]	:	Key	71	UP	at	371305  
374409	[1]	:	Key	71	DOWN	at	371883  
374410	[1]	:	Key	71	UP	at	372075  
374411	[1]	:	Key	71	DOWN	at	373626  
374412	[1]	:	Key	71	UP	at	373858  
378417	[4005]	:	Key	71	DOWN	at	378417  
381729	[3312]	:	Key	71	UP	at	378698  
383146	[1417]	:	Key	71	DOWN	at	383146  
386457	[3311]	:	Key	71	UP	at	383411  
386459	[2]	:	Key	71	DOWN	at	383818  
386460	[1]	:	Key	71	UP	at	384026  
386461	[1]	:	Key	71	DOWN	at	385473  
386462	[1]	:	Key	71	UP	at	385666  
389082	[2620]	:	Key	71	DOWN	at	389082  
392396	[3314]	:	Key	71	UP	at	389170  
392398	[2]	:	Key	71	DOWN	at	389369  
392399	[1]	:	Key	71	UP	at	389553  
392400	[1]	:	Key	71	DOWN	at	389706  
392402	[2]	:	Key	71	UP	at	389842  
395883	[3481]	:	Key	71	DOWN	at	395882  
399197	[3314]	:	Key	71	UP	at	396041  
399199	[2]	:	Key	71	DOWN	at	398810  
399200	[1]	:	Key	71	UP	at	398961  
400499	[1299]	:	Key	71	DOWN	at	400499  
403811	[3312]	:	Key	71	UP	at	400658  
403813	[2]	:	Key	71	DOWN	at	401002  
403814	[1]	:	Key	71	UP	at	401186  
405523	[1709]	:	Key	71	DOWN	at	405521  
408837	[3314]	:	Key	71	UP	at	405698  
409723	[886]	:	Key	71	DOWN	at	409722  
413040	[3317]	:	Key	71	UP	at	409907  
413042	[2]	:	Key	71	DOWN	at	412362  
413043	[1]	:	Key	71	UP	at	412570  
420027	[6984]	:	Key	71	DOWN	at	420026  
423342	[3315]	:	Key	71	UP	at	420202  
424707	[1365]	:	Key	71	DOWN	at	424707  
428021	[3314]	:	Key	71	UP	at	424874  
428023	[2]	:	Key	71	DOWN	at	425185  
428024	[1]	:	Key	71	UP	at	425385  
428026	[2]	:	Key	71	DOWN	at	427225  
428027	[1]	:	Key	71	UP	at	427409  
433410	[5383]	:	Key	71	DOWN	at	433410  
436724	[3314]	:	Key	71	UP	at	433595  
441307	[4583]	:	Key	71	DOWN	at	441306  
444620	[3313]	:	Key	71	UP	at	441515  
447611	[2991]	:	Key	71	DOWN	at	447611  
450921	[3310]	:	Key	71	UP	at	447801  
452498	[1577]	:	Key	71	DOWN	at	452498  
455813	[3315]	:	Key	71	UP	at	452650  
455815	[2]	:	Key	71	DOWN	at	455450  
455816	[1]	:	Key	71	UP	at	455610  
471722	[15906]	:	Key	71	DOWN	at	471721  
475034	[3312]	:	Key	71	UP	at	471898  
475036	[2]	:	Key	71	DOWN	at	472795  
475037	[1]	:	Key	71	UP	at	472971  
475038	[1]	:	Key	71	DOWN	at	474906  
475106	[68]	:	Key	71	UP	at	475105  
476211	[1105]	:	Key	71	DOWN	at	476210  
479526	[3315]	:	Key	71	UP	at	476370  
479528	[2]	:	Key	71	DOWN	at	476666  
479529	[1]	:	Key	71	UP	at	476802  
479530	[1]	:	Key	71	DOWN	at	477682  
479531	[1]	:	Key	71	UP	at	477826  
479533	[2]	:	Key	71	DOWN	at	478577  
479534	[1]	:	Key	71	UP	at	478753  
480362	[828]	:	Key	71	DOWN	at	480361  
483671	[3309]	:	Key	71	UP	at	480553  
487019	[3348]	:	Key	71	DOWN	at	487018  
490331	[3312]	:	Key	71	UP	at	487218  
491745	[1414]	:	Key	71	DOWN	at	491745  
495057	[3312]	:	Key	71	UP	at	491962  
500707	[5650]	:	Key	71	DOWN	at	500706  
504022	[3315]	:	Key	71	UP	at	500866  
504024	[2]	:	Key	71	DOWN	at	501561  
504025	[1]	:	Key	71	UP	at	501705  
505547	[1522]	:	Key	71	DOWN	at	505546  
509480	[3933]	:	Key	71	UP	at	505714  
529514	[20034]	:	Key	71	DOWN	at	529513  
530564	[1050]	:	Key	71	UP	at	529714  
532322	[1758]	:	Key	66	DOWN	at	532322  
532499	[177]	:	Key	66	UP	at	532498  
534689	[2190]	:	Key	66	DOWN	at	534689  
537961	[3272]	:	Key	66	UP	at	537961  
538523	[562]	:	Key	66	DOWN	at	538522  
538595	[72]	:	Key	66	UP	at	538594  
538667	[72]	:	Key	66	DOWN	at	538666  
538739	[72]	:	Key	66	UP	at	538738  
538779	[40]	:	Key	66	DOWN	at	538778  
538867	[88]	:	Key	66	UP	at	538866  
538907	[40]	:	Key	66	DOWN	at	538906  
539027	[120]	:	Key	66	UP	at	539026  
539043	[16]	:	Key	66	DOWN	at	539042  
539138	[95]	:	Key	66	UP	at	539138  
539195	[57]	:	Key	66	DOWN	at	539194  
539299	[104]	:	Key	66	UP	at	539299  
539323	[24]	:	Key	66	DOWN	at	539323  
539436	[113]	:	Key	66	UP	at	539435  
539731	[295]	:	Key	71	DOWN	at	539730  
539881	[150]	:	Key	71	UP	at	539881  
540443	[562]	:	Key	66	DOWN	at	540442  
540539	[96]	:	Key	66	UP	at	540538  
540603	[64]	:	Key	66	DOWN	at	540602  
540681	[78]	:	Key	66	UP	at	540681  
540779	[98]	:	Key	66	DOWN	at	540778  
540841	[62]	:	Key	66	UP	at	540841  
540955	[114]	:	Key	66	DOWN	at	540955  
540979	[24]	:	Key	66	UP	at	540978  
541163	[184]	:	Key	66	DOWN	at	541163  
541227	[64]	:	Key	66	UP	at	541227  
541364	[137]	:	Key	66	DOWN	at	541363  
541411	[47]	:	Key	66	UP	at	541411  
541515	[104]	:	Key	66	DOWN	at	541515  
541578	[63]	:	Key	66	UP	at	541578  
541682	[104]	:	Key	66	DOWN	at	541682  
541730	[48]	:	Key	66	UP	at	541730  
541842	[112]	:	Key	66	DOWN	at	541842  
541883	[41]	:	Key	66	UP	at	541882  
542002	[119]	:	Key	66	DOWN	at	542002  
542043	[41]	:	Key	66	UP	at	542041  
542187	[144]	:	Key	66	DOWN	at	542185  
542235	[48]	:	Key	66	UP	at	542233  
542345	[110]	:	Key	66	DOWN	at	542345  
542394	[49]	:	Key	66	UP	at	542393  
542499	[105]	:	Key	66	DOWN	at	542497  
542571	[72]	:	Key	66	UP	at	542571  
542675	[104]	:	Key	66	DOWN	at	542675  
542731	[56]	:	Key	66	UP	at	542730  
542835	[104]	:	Key	66	DOWN	at	542834  
542891	[56]	:	Key	66	UP	at	542890  
542995	[104]	:	Key	66	DOWN	at	542994  
543043	[48]	:	Key	66	UP	at	543042  
543155	[112]	:	Key	66	DOWN	at	543154  
543203	[48]	:	Key	66	UP	at	543202  
543297	[94]	:	Key	66	DOWN	at	543297  
543354	[57]	:	Key	66	UP	at	543353  
543458	[104]	:	Key	66	DOWN	at	543458  
543514	[56]	:	Key	66	UP	at	543514  
543626	[112]	:	Key	66	DOWN	at	543625  
543682	[56]	:	Key	66	UP	at	543682  
543786	[104]	:	Key	66	DOWN	at	543786  
543842	[56]	:	Key	66	UP	at	543842  
543946	[104]	:	Key	66	DOWN	at	543945  
544010	[64]	:	Key	66	UP	at	544010  
544106	[96]	:	Key	66	DOWN	at	544106  
544218	[112]	:	Key	66	UP	at	544218  
544234	[16]	:	Key	66	DOWN	at	544234  
545769	[1535]	:	Key	66	UP	at	545769  
546635	[866]	:	Key	66	DOWN	at	546635  
546683	[48]	:	Key	66	UP	at	546683  
546763	[80]	:	Key	66	DOWN	at	546763  
546859	[96]	:	Key	66	UP	at	546858  
547299	[440]	:	Key	97	DOWN	at	547297  
548460	[1161]	:	Key	97	UP	at	547441  
551539	[3079]	:	Key	97	DOWN	at	551539  
552681	[1142]	:	Key	97	UP	at	551634  
557315	[4634]	:	Key	97	DOWN	at	557315  
558448	[1133]	:	Key	97	UP	at	557433  
559475	[1027]	:	Key	97	DOWN	at	559475  
560583	[1108]	:	Key	97	UP	at	559603  
563155	[2572]	:	Key	98	DOWN	at	563154  
564291	[1136]	:	Key	98	UP	at	563274  
566547	[2256]	:	Key	97	DOWN	at	566546  
567655	[1108]	:	Key	97	UP	at	566707  
570395	[2740]	:	Key	97	DOWN	at	570394  
571511	[1116]	:	Key	97	UP	at	570530  
572562	[1051]	:	Key	97	DOWN	at	572561  
574243	[1681]	:	Key	97	UP	at	572673  
583138	[8895]	:	Key	71	DOWN	at	583138  
584192	[1054]	:	Key	71	UP	at	583274  
587547	[3355]	:	Key	97	DOWN	at	587546  
588685	[1138]	:	Key	97	UP	at	587689  
589642	[957]	:	Key	98	DOWN	at	589642  
590762	[1120]	:	Key	98	UP	at	589819  
593490	[2728]	:	Key	97	DOWN	at	593490  
594597	[1107]	:	Key	97	UP	at	593618  
597322	[2725]	:	Key	98	DOWN	at	597321  
598439	[1117]	:	Key	98	UP	at	597458  
601538	[3099]	:	Key	98	DOWN	at	601538  
602664	[1126]	:	Key	98	UP	at	601618  
604195	[1531]	:	Key	98	DOWN	at	604193  
605329	[1134]	:	Key	98	UP	at	604297  
607267	[1938]	:	Key	97	DOWN	at	607265  
608402	[1135]	:	Key	97	UP	at	607401  
609274	[872]	:	Key	98	DOWN	at	609274  
610461	[1187]	:	Key	98	UP	at	609409  
623458	[12997]	:	Key	71	DOWN	at	623457  
623781	[323]	:	Key	71	UP	at	623650  
625075	[1294]	:	Key	71	DOWN	at	625074  
625233	[158]	:	Key	71	UP	at	625233  
626962	[1729]	:	Key	71	DOWN	at	626962  
630276	[3314]	:	Key	71	UP	at	627130  
631587	[1311]	:	Key	71	DOWN	at	631586  
634899	[3312]	:	Key	71	UP	at	631675  
639419	[4520]	:	Key	71	DOWN	at	639418  
642729	[3310]	:	Key	71	UP	at	639586  
651307	[8578]	:	Key	71	DOWN	at	651306  
654621	[3314]	:	Key	71	UP	at	651497  
654623	[2]	:	Key	71	DOWN	at	652154  
654624	[1]	:	Key	71	UP	at	652330  
654625	[1]	:	Key	71	DOWN	at	654010  
654626	[1]	:	Key	71	UP	at	654178  
657259	[2633]	:	Key	71	DOWN	at	657258  
660572	[3313]	:	Key	71	UP	at	657426  
662666	[2094]	:	Key	71	DOWN	at	662666  
665978	[3312]	:	Key	71	UP	at	662866  
665980	[2]	:	Key	71	DOWN	at	665282  
665981	[1]	:	Key	71	UP	at	665418  
667921	[1940]	:	Key	71	DOWN	at	667921  
671231	[3310]	:	Key	71	UP	at	668098  
673817	[2586]	:	Key	71	DOWN	at	673817  
677129	[3312]	:	Key	71	UP	at	674010  
677131	[2]	:	Key	71	DOWN	at	674722  
677132	[1]	:	Key	71	UP	at	674890  
677133	[1]	:	Key	71	DOWN	at	676321  
677135	[2]	:	Key	71	UP	at	676497  
679451	[2316]	:	Key	71	DOWN	at	679450  
682763	[3312]	:	Key	71	UP	at	679658  
682765	[2]	:	Key	71	DOWN	at	680354  
682766	[1]	:	Key	71	UP	at	680506  
685593	[2827]	:	Key	71	DOWN	at	685593  
688906	[3313]	:	Key	71	UP	at	685779  
688908	[2]	:	Key	71	DOWN	at	688257  
688909	[1]	:	Key	71	UP	at	688441  
706458	[17549]	:	Key	71	DOWN	at	706457  
709771	[3313]	:	Key	71	UP	at	706659  
713579	[3808]	:	Key	71	DOWN	at	713578  
716894	[3315]	:	Key	71	UP	at	713778  
716896	[2]	:	Key	71	DOWN	at	714401  
716897	[1]	:	Key	71	UP	at	714585  
716898	[1]	:	Key	71	DOWN	at	716057  
716900	[2]	:	Key	71	UP	at	716233  
722537	[5637]	:	Key	71	DOWN	at	722537  
725853	[3316]	:	Key	71	UP	at	722729  
725855	[2]	:	Key	71	DOWN	at	723273  
725856	[1]	:	Key	71	UP	at	723450  
725857	[1]	:	Key	71	DOWN	at	725121  
725858	[1]	:	Key	71	UP	at	725289  
730859	[5001]	:	Key	71	DOWN	at	730858  
734177	[3318]	:	Key	71	UP	at	731042  
734179	[2]	:	Key	71	DOWN	at	731714  
734180	[1]	:	Key	71	UP	at	731898  
734181	[1]	:	Key	71	DOWN	at	733435  
734183	[2]	:	Key	71	UP	at	733602  
741634	[7451]	:	Key	71	DOWN	at	741633  
744947	[3313]	:	Key	71	UP	at	741825  
753010	[8063]	:	Key	71	DOWN	at	753009  
756912	[3902]	:	Key	71	UP	at	753186  
756913	[1]	:	Key	71	DOWN	at	753819  
756913	[0]	:	Key	71	UP	at	753963  
756913	[0]	:	Key	71	DOWN	at	755498  
756914	[1]	:	Key	71	UP	at	755666  
759474	[2560]	:	Key	71	DOWN	at	759474  
760528	[1054]	:	Key	71	UP	at	759666  
762555	[2027]	:	Key	98	DOWN	at	762555  
763682	[1127]	:	Key	98	UP	at	762714  
765410	[1728]	:	Key	97	DOWN	at	765409  
766523	[1113]	:	Key	97	UP	at	765529  
768323	[1800]	:	Key	97	DOWN	at	768322  
769435	[1112]	:	Key	97	UP	at	768442  
772467	[3032]	:	Key	98	DOWN	at	772466  
773589	[1122]	:	Key	98	UP	at	772570  
778337	[4748]	:	Key	98	DOWN	at	778337  
779456	[1119]	:	Key	98	UP	at	778506  
783594	[4138]	:	Key	97	DOWN	at	783594  
784709	[1115]	:	Key	97	UP	at	783706  
789729	[5020]	:	Key	97	DOWN	at	789729  
790859	[1130]	:	Key	97	UP	at	789913  
794722	[3863]	:	Key	97	DOWN	at	794721  
796393	[1671]	:	Key	97	UP	at	794851  
798145	[1752]	:	Key	71	DOWN	at	798145  
799199	[1054]	:	Key	71	UP	at	798363  
800723	[1524]	:	Key	97	DOWN	at	800722  
801849	[1126]	:	Key	97	UP	at	800841  
810178	[8329]	:	Key	98	DOWN	at	810178  
811295	[1117]	:	Key	98	UP	at	810307  
816481	[5186]	:	Key	97	DOWN	at	816481  
817595	[1114]	:	Key	97	UP	at	816649  
822153	[4558]	:	Key	98	DOWN	at	822153  
823266	[1113]	:	Key	98	UP	at	822266  
831770	[8504]	:	Key	97	DOWN	at	831770  
832900	[1130]	:	Key	97	UP	at	831898  
834193	[1293]	:	Key	97	DOWN	at	834193  
835314	[1121]	:	Key	97	UP	at	834330  
841857	[6543]	:	Key	97	DOWN	at	841857  
842968	[1111]	:	Key	97	UP	at	841993  
847433	[4465]	:	Key	97	DOWN	at	847433  
848616	[1183]	:	Key	97	UP	at	847561  
853651	[5035]	:	Key	71	DOWN	at	853649  
853976	[325]	:	Key	71	UP	at	853762  
854865	[889]	:	Key	71	DOWN	at	854865  
855137	[272]	:	Key	71	UP	at	855137  
867713	[12576]	:	Key	71	DOWN	at	867713  
871027	[3314]	:	Key	71	UP	at	867905  
876115	[5088]	:	Key	71	DOWN	at	876114  
879428	[3313]	:	Key	71	UP	at	876322  
879430	[2]	:	Key	71	DOWN	at	878497  
879431	[1]	:	Key	71	UP	at	878641  
894770	[15339]	:	Key	71	DOWN	at	894769  
898083	[3313]	:	Key	71	UP	at	895010  
898084	[1]	:	Key	71	DOWN	at	895538  
898085	[1]	:	Key	71	UP	at	895738  
898086	[1]	:	Key	71	DOWN	at	897257  
898101	[15]	:	Key	71	UP	at	897449  
903227	[5126]	:	Key	71	DOWN	at	903226  
906540	[3313]	:	Key	71	UP	at	903475  
906542	[2]	:	Key	71	DOWN	at	904282  
906543	[1]	:	Key	71	UP	at	904458  
906544	[1]	:	Key	71	DOWN	at	905738  
906546	[2]	:	Key	71	UP	at	905898  
909169	[2623]	:	Key	71	DOWN	at	909169  
912482	[3313]	:	Key	71	UP	at	909361  
912484	[2]	:	Key	71	DOWN	at	909698  
912485	[1]	:	Key	71	UP	at	909850  
912486	[1]	:	Key	71	DOWN	at	910681  
912487	[1]	:	Key	71	UP	at	910866  
912488	[1]	:	Key	71	DOWN	at	911617  
912490	[2]	:	Key	71	UP	at	911745  
915523	[3033]	:	Key	71	DOWN	at	915522  
918837	[3314]	:	Key	71	UP	at	915690  
918839	[2]	:	Key	71	DOWN	at	915914  
918840	[1]	:	Key	71	UP	at	916082  
918841	[1]	:	Key	71	DOWN	at	917426  
918842	[1]	:	Key	71	UP	at	917594  
922739	[3897]	:	Key	71	DOWN	at	922738  
926054	[3315]	:	Key	71	UP	at	922953  
926056	[2]	:	Key	71	DOWN	at	923114  
926057	[1]	:	Key	71	UP	at	923282  
926058	[1]	:	Key	71	DOWN	at	923466  
926060	[2]	:	Key	71	UP	at	923586  
926061	[1]	:	Key	71	DOWN	at	925419  
926062	[1]	:	Key	71	UP	at	925563  
931234	[5172]	:	Key	71	DOWN	at	931233  
935141	[3907]	:	Key	71	UP	at	931481  
935142	[1]	:	Key	71	DOWN	at	932289  
935142	[0]	:	Key	71	UP	at	932459  
935142	[0]	:	Key	71	DOWN	at	933618  
935143	[1]	:	Key	71	UP	at	933786  
935953	[810]	:	Key	71	DOWN	at	935953  
937005	[1052]	:	Key	71	UP	at	936129  
939161	[2156]	:	Key	98	DOWN	at	939161  
940296	[1135]	:	Key	98	UP	at	939280  
940298	[2]	:	Key	71	DOWN	at	940017  
940299	[1]	:	Key	71	UP	at	940217  
942467	[2168]	:	Key	98	DOWN	at	942466  
943591	[1124]	:	Key	98	UP	at	942585  
943592	[1]	:	Key	71	DOWN	at	943370  
943592	[0]	:	Key	71	UP	at	943546  
945051	[1459]	:	Key	97	DOWN	at	945051  
946172	[1121]	:	Key	97	UP	at	945170  
948042	[1870]	:	Key	97	DOWN	at	948042  
949162	[1120]	:	Key	97	UP	at	948122  
950131	[969]	:	Key	97	DOWN	at	950130  
951264	[1133]	:	Key	97	UP	at	950258  
952882	[1618]	:	Key	97	DOWN	at	952881  
954002	[1120]	:	Key	97	UP	at	953017  
955977	[1975]	:	Key	98	DOWN	at	955977  
957088	[1111]	:	Key	98	UP	at	956098  
959306	[2218]	:	Key	97	DOWN	at	959306  
960957	[1651]	:	Key	97	UP	at	959434  
961723	[766]	:	Key	71	DOWN	at	961721  
962772	[1049]	:	Key	71	UP	at	961899  
964162	[1390]	:	Key	98	DOWN	at	964162  
965285	[1123]	:	Key	98	UP	at	964273  
966978	[1693]	:	Key	97	DOWN	at	966977  
968105	[1127]	:	Key	97	UP	at	967090  
971603	[3498]	:	Key	97	DOWN	at	971602  
972718	[1115]	:	Key	97	UP	at	971665  
973634	[916]	:	Key	97	DOWN	at	973633  
974740	[1106]	:	Key	97	UP	at	973761  
976234	[1494]	:	Key	98	DOWN	at	976234  
977363	[1129]	:	Key	98	UP	at	976329  
978402	[1039]	:	Key	97	DOWN	at	978401  
979520	[1118]	:	Key	97	UP	at	978498  
980699	[1179]	:	Key	98	DOWN	at	980697  
981831	[1132]	:	Key	98	UP	at	980761  
983274	[1443]	:	Key	97	DOWN	at	983274  
984451	[1177]	:	Key	97	UP	at	983368  
987666	[3215]	:	Key	71	DOWN	at	987665  
987979	[313]	:	Key	71	UP	at	987881  
988467	[488]	:	Key	71	DOWN	at	988465  
988634	[167]	:	Key	71	UP	at	988633  
990458	[1824]	:	Key	71	DOWN	at	990458  
993771	[3313]	:	Key	71	UP	at	990642  
993773	[2]	:	Key	71	DOWN	at	991249  
993774	[1]	:	Key	71	UP	at	991401  
993775	[1]	:	Key	71	DOWN	at	992905  
993776	[1]	:	Key	71	UP	at	993065  
997411	[3635]	:	Key	71	DOWN	at	997410  
1000726	[3315]	:	Key	71	UP	at	997602  
1000728	[2]	:	Key	71	DOWN	at	997882  
1000729	[1]	:	Key	71	UP	at	998018  
1000730	[1]	:	Key	71	DOWN	at	998169  
1000732	[2]	:	Key	71	UP	at	998313  
1000733	[1]	:	Key	71	DOWN	at	999730  
1000734	[1]	:	Key	71	UP	at	999890  
1002610	[1876]	:	Key	71	DOWN	at	1002609 
1005925	[3315]	:	Key	71	UP	at	1002857 
1005927	[2]	:	Key	71	DOWN	at	1003233 
1005928	[1]	:	Key	71	UP	at	1003393 
1005929	[1]	:	Key	71	DOWN	at	1005201 
1005931	[2]	:	Key	71	UP	at	1005402 
1009001	[3070]	:	Key	71	DOWN	at	1009001 
1012314	[3313]	:	Key	71	UP	at	1009209 
1012316	[2]	:	Key	71	DOWN	at	1009762 
1012317	[1]	:	Key	71	UP	at	1009954 
1012318	[1]	:	Key	71	DOWN	at	1011417 
1012319	[1]	:	Key	71	UP	at	1011617 
1015394	[3075]	:	Key	71	DOWN	at	1015393 
1018708	[3314]	:	Key	71	UP	at	1015745 
1018710	[2]	:	Key	71	DOWN	at	1015921 
1018711	[1]	:	Key	71	UP	at	1016073 
1018712	[1]	:	Key	71	DOWN	at	1016193 
1018714	[2]	:	Key	71	UP	at	1016337 
1018715	[1]	:	Key	71	DOWN	at	1016922 
1018716	[1]	:	Key	71	UP	at	1017162 
1018717	[1]	:	Key	71	DOWN	at	1018018 
1018718	[1]	:	Key	71	UP	at	1018266 
1018719	[1]	:	Key	71	DOWN	at	1018681 
1018825	[106]	:	Key	71	UP	at	1018825 
1019378	[553]	:	Key	71	DOWN	at	1019378 
1022693	[3315]	:	Key	71	UP	at	1019529 
1022695	[2]	:	Key	71	DOWN	at	1020186 
1022696	[1]	:	Key	71	UP	at	1020354 
1022697	[1]	:	Key	71	DOWN	at	1021665 
1022698	[1]	:	Key	71	UP	at	1021865 
1029906	[7208]	:	Key	71	DOWN	at	1029906 
1033220	[3314]	:	Key	71	UP	at	1030169 
1033222	[2]	:	Key	71	DOWN	at	1032696 
1033223	[1]	:	Key	71	UP	at	1032881 
1034938	[1715]	:	Key	71	DOWN	at	1034936 
1038852	[3914]	:	Key	71	UP	at	1035185 
1038853	[1]	:	Key	71	DOWN	at	1035714 
1038853	[0]	:	Key	71	UP	at	1035913 
1039513	[660]	:	Key	71	DOWN	at	1039512 
1040566	[1053]	:	Key	71	UP	at	1039737 
1042059	[1493]	:	Key	98	DOWN	at	1042058 
1043189	[1130]	:	Key	98	UP	at	1042184 
1044128	[939]	:	Key	97	DOWN	at	1044128 
1045240	[1112]	:	Key	97	UP	at	1044241 
1046882	[1642]	:	Key	98	DOWN	at	1046881 
1047999	[1117]	:	Key	98	UP	at	1047001 
1049266	[1267]	:	Key	98	DOWN	at	1049265 
1050391	[1125]	:	Key	98	UP	at	1049385 
1053170	[2779]	:	Key	97	DOWN	at	1053169 
1054283	[1113]	:	Key	97	UP	at	1053289 
1055753	[1470]	:	Key	97	DOWN	at	1055753 
1056866	[1113]	:	Key	97	UP	at	1055890 
1057634	[768]	:	Key	97	DOWN	at	1057634 
1058759	[1125]	:	Key	97	UP	at	1057762 
1059849	[1090]	:	Key	98	DOWN	at	1059849 
1061501	[1652]	:	Key	98	UP	at	1059970 
1062250	[749]	:	Key	71	DOWN	at	1062250 
1063299	[1049]	:	Key	71	UP	at	1062394 
1064713	[1414]	:	Key	98	DOWN	at	1064713 
1065832	[1119]	:	Key	98	UP	at	1064826 
1066706	[874]	:	Key	97	DOWN	at	1066706 
1067841	[1135]	:	Key	97	UP	at	1066824 
1069299	[1458]	:	Key	97	DOWN	at	1069298 
1070430	[1131]	:	Key	97	UP	at	1069361 
1071937	[1507]	:	Key	98	DOWN	at	1071937 
1073061	[1124]	:	Key	98	UP	at	1072097 
1073923	[862]	:	Key	97	DOWN	at	1073922 
1075050	[1127]	:	Key	97	UP	at	1074049 
1075889	[839]	:	Key	97	DOWN	at	1075889 
1076997	[1108]	:	Key	97	UP	at	1076018 
1078242	[1245]	:	Key	97	DOWN	at	1078241 
1079359	[1117]	:	Key	97	UP	at	1078353 
1080539	[1180]	:	Key	98	DOWN	at	1080538 
1081745	[1206]	:	Key	98	UP	at	1080658 
1083571	[1826]	:	Key	71	DOWN	at	1083570 
1083875	[304]	:	Key	71	UP	at	1083721 
1114498	[30623]	:	Key	97	DOWN	at	1114497 
1114572	[74]	:	Key	97	UP	at	1114570 
1157337	[42765]	:	Key	71	DOWN	at	1157337 
1157546	[209]	:	Key	71	UP	at	1157545 
1163241	[5695]	:	Key	71	DOWN	at	1163241 
1163490	[249]	:	Key	71	UP	at	1163489 
1166162	[2672]	:	Key	97	DOWN	at	1166161 
1166331	[169]	:	Key	97	UP	at	1166330 
1185827	[19496]	:	Key	97	DOWN	at	1185826 
1185945	[118]	:	Key	97	UP	at	1185945 
1187498	[1553]	:	Key	98	DOWN	at	1187497 
1187699	[201]	:	Key	98	UP	at	1187697 
1188217	[518]	:	Key	97	DOWN	at	1188217 
1188346	[129]	:	Key	97	UP	at	1188345 
1195385	[7039]	:	Key	97	DOWN	at	1195385 
1195489	[104]	:	Key	97	UP	at	1195489 
1224354	[28865]	:	Key	97	DOWN	at	1224353 
1224481	[127]	:	Key	97	UP	at	1224481 
1225779	[1298]	:	Key	98	DOWN	at	1225776 
1225898	[119]	:	Key	98	UP	at	1225898 
1226314	[416]	:	Key	98	DOWN	at	1226313 
1226498	[184]	:	Key	98	UP	at	1226497 
1226754	[256]	:	Key	97	DOWN	at	1226753 
1226866	[112]	:	Key	97	UP	at	1226865 
1226970	[104]	:	Key	97	DOWN	at	1226969 
1227054	[84]	:	Key	97	UP	at	1227042 
1284602	[57548]	:	Key	98	DOWN	at	1284602 
1284701	[99]	:	Key	98	UP	at	1284689 
1284841	[140]	:	Key	98	DOWN	at	1284841 
1284954	[113]	:	Key	98	UP	at	1284953 
1286146	[1192]	:	Key	98	DOWN	at	1286145 
1286281	[135]	:	Key	98	UP	at	1286280 
1288930	[2649]	:	Key	97	DOWN	at	1288929 
1289091	[161]	:	Key	97	UP	at	1289090 
1290234	[1143]	:	Key	98	DOWN	at	1290233 
1290360	[126]	:	Key	98	UP	at	1290360 
1294219	[3859]	:	Key	97	DOWN	at	1294218 
1294321	[102]	:	Key	97	UP	at	1294321 
1295658	[1337]	:	Key	98	DOWN	at	1295658 
1295769	[111]	:	Key	98	UP	at	1295714 
1298987	[3218]	:	Key	97	DOWN	at	1298985 
1299113	[126]	:	Key	97	UP	at	1299113 
1302417	[3304]	:	Key	97	DOWN	at	1302417 
1302515	[98]	:	Key	97	UP	at	1302514 
1304394	[1879]	:	Key	98	DOWN	at	1304393 
1304529	[135]	:	Key	98	UP	at	1304529 
1306651	[2122]	:	Key	97	DOWN	at	1306650 
1306737	[86]	:	Key	97	UP	at	1306737 
1312483	[5746]	:	Key	97	DOWN	at	1312482 
1312624	[141]	:	Key	97	UP	at	1312624 
1352050	[39426]	:	Key	97	DOWN	at	1352049 
1352168	[118]	:	Key	97	UP	at	1352168 
1360090	[7922]	:	Key	97	DOWN	at	1360090 
1360217	[127]	:	Key	97	UP	at	1360217 
1360826	[609]	:	Key	98	DOWN	at	1360826 
1360930	[104]	:	Key	98	UP	at	1360929 
1367546	[6616]	:	Key	97	DOWN	at	1367545 
1367640	[94]	:	Key	97	UP	at	1367640 
1379475	[11835]	:	Key	97	DOWN	at	1379472 
1379600	[125]	:	Key	97	UP	at	1379600 
1391354	[11754]	:	Key	97	DOWN	at	1391353 
1391490	[136]	:	Key	97	UP	at	1391489 
1414322	[22832]	:	Key	97	DOWN	at	1414322 
1414465	[143]	:	Key	97	UP	at	1414465 
1427090	[12625]	:	Key	97	DOWN	at	1427089 
1427178	[88]	:	Key	97	UP	at	1427177 
1483179	[56001]	:	Key	97	DOWN	at	1483177 
1483306	[127]	:	Key	97	UP	at	1483305 
1484042	[736]	:	Key	98	DOWN	at	1484042 
1484130	[88]	:	Key	98	UP	at	1484129 
1505275	[21145]	:	Key	97	DOWN	at	1505274 
1505369	[94]	:	Key	97	UP	at	1505369 
1507259	[1890]	:	Key	98	DOWN	at	1507258 
1507345	[86]	:	Key	98	UP	at	1507337 
1507842	[497]	:	Key	97	DOWN	at	1507841 
1507933	[91]	:	Key	97	UP	at	1507905 
1522907	[14974]	:	Key	97	DOWN	at	1522904 
1523066	[159]	:	Key	97	UP	at	1523065 
1523915	[849]	:	Key	98	DOWN	at	1523914 
1524011	[96]	:	Key	98	UP	at	1524010 
1524617	[606]	:	Key	97	DOWN	at	1524617 
1524721	[104]	:	Key	97	UP	at	1524721 
1534058	[9337]	:	Key	97	DOWN	at	1534057 
1534202	[144]	:	Key	97	UP	at	1534201 
1535474	[1272]	:	Key	97	DOWN	at	1535473 
1535578	[104]	:	Key	97	UP	at	1535577 
1535914	[336]	:	Key	98	DOWN	at	1535913 
1536024	[110]	:	Key	98	UP	at	1536024 
1602089	[66065]	:	Key	97	DOWN	at	1602089 
1602183	[94]	:	Key	97	UP	at	1602170 
1602865	[682]	:	Key	98	DOWN	at	1602865 
1602969	[104]	:	Key	98	UP	at	1602968 
1627786	[24817]	:	Key	97	DOWN	at	1627785 
1627896	[110]	:	Key	97	UP	at	1627896 
1628242	[346]	:	Key	98	DOWN	at	1628242 
1628370	[128]	:	Key	98	UP	at	1628369 
1628560	[190]	:	Key	98	DOWN	at	1628560 
1628656	[96]	:	Key	98	UP	at	1628656 
1629347	[691]	:	Key	97	DOWN	at	1629346 
1629466	[119]	:	Key	97	UP	at	1629465 
1646818	[17352]	:	Key	97	DOWN	at	1646817 
1646960	[142]	:	Key	97	UP	at	1646960 
1674449	[27489]	:	Key	97	DOWN	at	1674449 
1674579	[130]	:	Key	97	UP	at	1674578 
1684682	[10103]	:	Key	97	DOWN	at	1684681 
1684785	[103]	:	Key	97	UP	at	1684784 
1706178	[21393]	:	Key	97	DOWN	at	1706177 
1706290	[112]	:	Key	97	UP	at	1706289 
1707393	[1103]	:	Key	98	DOWN	at	1707392 
1707530	[137]	:	Key	98	UP	at	1707529 
1762962	[55432]	:	Key	97	DOWN	at	1762961 
1763073	[111]	:	Key	97	UP	at	1763073 
1769010	[5937]	:	Key	97	DOWN	at	1769009 
1769138	[128]	:	Key	97	UP	at	1769137 
1770809	[1671]	:	Key	97	DOWN	at	1770808 
1771808	[999]	:	Key	97	UP	at	1770880 
1776442	[4634]	:	Key	71	DOWN	at	1776441 
1776760	[318]	:	Key	71	UP	at	1776625 
1777522	[762]	:	Key	71	DOWN	at	1777522 
2106050	[328528]	:	Key	71	DOWN	at	2106049 
2106184	[134]	:	Key	71	UP	at	2106184 
2106873	[689]	:	Key	71	DOWN	at	2106873 
2111966	[5093]	:	Key	97	DOWN	at	2109913 
2111968	[2]	:	Key	97	UP	at	2109993 
2173242	[61274]	:	Key	97	DOWN	at	2171392 
2173244	[2]	:	Key	97	UP	at	2171536 
2217092	[43848]	:	Key	97	DOWN	at	2217041 
2779162	[562070]	:	Key	97	DOWN	at	2779161 
2780162	[1000]	:	Key	97	UP	at	2779312 
2781393	[1231]	:	Key	98	DOWN	at	2781392 
2781537	[144]	:	Key	98	UP	at	2781536 
2781713	[176]	:	Key	98	DOWN	at	2781712 
2781808	[95]	:	Key	98	UP	at	2781808 
2781905	[97]	:	Key	98	DOWN	at	2781905 
2781984	[79]	:	Key	98	UP	at	2781984 
2782081	[97]	:	Key	98	DOWN	at	2782081 
2782145	[64]	:	Key	98	UP	at	2782145 
2782546	[401]	:	Key	97	DOWN	at	2782545 
2782608	[62]	:	Key	97	UP	at	2782608 
2782713	[105]	:	Key	97	DOWN	at	2782712 
2782777	[64]	:	Key	97	UP	at	2782776 
2782881	[104]	:	Key	97	DOWN	at	2782881 
2782945	[64]	:	Key	97	UP	at	2782944 
2783040	[95]	:	Key	97	DOWN	at	2783039 
2783104	[64]	:	Key	97	UP	at	2783104 
3008537	[225433]	:	Key	71	DOWN	at	3008536 
3837224	[828687]	:	Key	97	DOWN	at	3837223 
3838223	[999]	:	Key	97	UP	at	3837359 
3838225	[2]	:	Key	97	DOWN	at	3837769 
3838226	[1]	:	Key	97	UP	at	3837889 
3839151	[925]	:	Key	71	DOWN	at	3839151 
4606815	[767664]	:	Key	98	DOWN	at	4606815 
4606927	[112]	:	Key	98	UP	at	4606926 
4607191	[264]	:	Key	97	DOWN	at	4607190 
4608190	[999]	:	Key	97	UP	at	4607319 
4608192	[2]	:	Key	97	DOWN	at	4607479 
4608193	[1]	:	Key	97	UP	at	4607551 
4608194	[1]	:	Key	98	DOWN	at	4607687 
4608195	[1]	:	Key	97	DOWN	at	4607695 
4608196	[1]	:	Key	98	UP	at	4607727 
4608198	[2]	:	Key	97	UP	at	4607775 
4608199	[1]	:	Key	97	DOWN	at	4607871 
4608200	[1]	:	Key	97	UP	at	4607951 
4608895	[695]	:	Key	71	DOWN	at	4608895 
5707487	[1098592]	:	Key	71	DOWN	at	5707487 
5707583	[96]	:	Key	71	UP	at	5707582 
5707838	[255]	:	Key	71	DOWN	at	5707838 
5707863	[25]	:	Key	71	UP	at	5707862 
5710966	[3103]	:	Key	97	DOWN	at	5710966 
5711967	[1001]	:	Key	97	UP	at	5711070 
5711969	[2]	:	Key	97	DOWN	at	5711238 
5711970	[1]	:	Key	97	UP	at	5711366 
5711971	[1]	:	Key	97	DOWN	at	5711510 
5711972	[1]	:	Key	97	UP	at	5711622 
5711974	[2]	:	Key	97	DOWN	at	5711726 
5711975	[1]	:	Key	97	UP	at	5711813 
5711976	[1]	:	Key	97	DOWN	at	5711909 
5712068	[92]	:	Key	97	UP	at	5711989 
5712103	[35]	:	Key	97	DOWN	at	5712102 
5712189	[86]	:	Key	97	UP	at	5712189 
5712543	[354]	:	Key	97	DOWN	at	5712542 
5712607	[64]	:	Key	97	UP	at	5712606 
5712847	[240]	:	Key	71	DOWN	at	5712846 
6722470	[1009623]	:	Key	71	DOWN	at	6722469 
6722490	[20]	:	COGENT STOP
