Cog2000 log file Tue Jun 07 09:28:42 2022
gprim v1.33 Compiled:Aug 12 2015 (GLib DirectDraw v7 DX12.0 Compiled:Aug 12 2015)
Display:1024x768x32 59.88Hz
Attaching F:\Sahar Rajabi\Final MBMF+Drug Task\Cogent2000v1.33\Toolbox\CogInput.mexw64
CogInput v1.05 Compiled: May 20 2010
5	[5]	:	COGENT START
19577	[19572]	:	Key	98	DOWN	at	19576   
19664	[87]	:	Key	98	UP	at	19664   
22305	[2641]	:	Key	97	DOWN	at	22304   
22512	[207]	:	Key	97	UP	at	22511   
34751	[12239]	:	Key	97	DOWN	at	34751   
34865	[114]	:	Key	97	UP	at	34864   
52824	[17959]	:	Key	97	DOWN	at	52824   
53824	[1000]	:	Key	97	UP	at	52991   
64793	[10969]	:	Key	71	DOWN	at	64792   
64979	[186]	:	Key	71	UP	at	64911   
67424	[2445]	:	Key	71	DOWN	at	67424   
70853	[3429]	:	Key	71	UP	at	67544   
72944	[2091]	:	Key	71	DOWN	at	72944   
76256	[3312]	:	Key	71	UP	at	73104   
78343	[2087]	:	Key	71	DOWN	at	78343   
81671	[3328]	:	Key	71	UP	at	78439   
82273	[602]	:	Key	71	DOWN	at	82272   
85583	[3310]	:	Key	71	UP	at	82464   
86545	[962]	:	Key	71	DOWN	at	86544   
89855	[3310]	:	Key	71	UP	at	86735   
90545	[690]	:	Key	71	DOWN	at	90544   
93853	[3308]	:	Key	71	UP	at	90695   
94511	[658]	:	Key	71	DOWN	at	94511   
97821	[3310]	:	Key	71	UP	at	94663   
98368	[547]	:	Key	71	DOWN	at	98368   
101678	[3310]	:	Key	71	UP	at	98503   
102447	[769]	:	Key	71	DOWN	at	102447  
105758	[3311]	:	Key	71	UP	at	102592  
105760	[2]	:	Key	71	DOWN	at	105168  
105761	[1]	:	Key	71	UP	at	105280  
107215	[1454]	:	Key	71	DOWN	at	107215  
110526	[3311]	:	Key	71	UP	at	107335  
111393	[867]	:	Key	71	DOWN	at	111392  
114703	[3310]	:	Key	71	UP	at	111528  
115616	[913]	:	Key	71	DOWN	at	115616  
118926	[3310]	:	Key	71	UP	at	115761  
120271	[1345]	:	Key	71	DOWN	at	120271  
123580	[3309]	:	Key	71	UP	at	120432  
124095	[515]	:	Key	71	DOWN	at	124095  
127404	[3309]	:	Key	71	UP	at	124257  
128271	[867]	:	Key	71	DOWN	at	128270  
131581	[3310]	:	Key	71	UP	at	128455  
132576	[995]	:	Key	71	DOWN	at	132575  
135886	[3310]	:	Key	71	UP	at	132712  
137399	[1513]	:	Key	71	DOWN	at	137399  
140707	[3308]	:	Key	71	UP	at	137559  
143951	[3244]	:	Key	71	DOWN	at	143951  
147261	[3310]	:	Key	71	UP	at	144096  
150849	[3588]	:	Key	71	DOWN	at	150848  
154139	[3290]	:	Key	71	UP	at	150975  
155481	[1342]	:	Key	71	DOWN	at	155480  
158792	[3311]	:	Key	71	UP	at	155607  
160505	[1713]	:	Key	71	DOWN	at	160504  
163813	[3308]	:	Key	71	UP	at	160640  
165537	[1724]	:	Key	71	DOWN	at	165536  
168848	[3311]	:	Key	71	UP	at	165695  
169601	[753]	:	Key	71	DOWN	at	169600  
172911	[3310]	:	Key	71	UP	at	169791  
173688	[777]	:	Key	71	DOWN	at	173688  
176999	[3311]	:	Key	71	UP	at	173864  
177001	[2]	:	Key	71	DOWN	at	176264  
177002	[1]	:	Key	71	UP	at	176464  
177856	[854]	:	Key	71	DOWN	at	177856  
181166	[3310]	:	Key	71	UP	at	178040  
184233	[3067]	:	Key	71	DOWN	at	184232  
187543	[3310]	:	Key	71	UP	at	184351  
189064	[1521]	:	Key	71	DOWN	at	189064  
192373	[3309]	:	Key	71	UP	at	189191  
193168	[795]	:	Key	71	DOWN	at	193168  
196475	[3307]	:	Key	71	UP	at	193344  
197089	[614]	:	Key	71	DOWN	at	197088  
200399	[3310]	:	Key	71	UP	at	197248  
201713	[1314]	:	Key	71	DOWN	at	201712  
205021	[3308]	:	Key	71	UP	at	201873  
205727	[706]	:	Key	71	DOWN	at	205727  
209036	[3309]	:	Key	71	UP	at	205943  
212545	[3509]	:	Key	71	DOWN	at	212544  
215855	[3310]	:	Key	71	UP	at	212672  
216808	[953]	:	Key	71	DOWN	at	216808  
220118	[3310]	:	Key	71	UP	at	216991  
221225	[1107]	:	Key	71	DOWN	at	221224  
224533	[3308]	:	Key	71	UP	at	221368  
226559	[2026]	:	Key	71	DOWN	at	226559  
229869	[3310]	:	Key	71	UP	at	226713  
230600	[731]	:	Key	71	DOWN	at	230600  
233910	[3310]	:	Key	71	UP	at	230736  
236784	[2874]	:	Key	71	DOWN	at	236783  
240094	[3310]	:	Key	71	UP	at	236880  
240960	[866]	:	Key	71	DOWN	at	240960  
244267	[3307]	:	Key	71	UP	at	241112  
245880	[1613]	:	Key	71	DOWN	at	245879  
249189	[3309]	:	Key	71	UP	at	245992  
250010	[821]	:	Key	71	DOWN	at	250009  
253319	[3309]	:	Key	71	UP	at	250168  
256632	[3313]	:	Key	71	DOWN	at	256632  
259942	[3310]	:	Key	71	UP	at	256726  
263135	[3193]	:	Key	71	DOWN	at	263135  
266443	[3308]	:	Key	71	UP	at	263248  
267192	[749]	:	Key	71	DOWN	at	267192  
270501	[3309]	:	Key	71	UP	at	267367  
273128	[2627]	:	Key	71	DOWN	at	273128  
276437	[3309]	:	Key	71	UP	at	273327  
277064	[627]	:	Key	71	DOWN	at	277064  
280373	[3309]	:	Key	71	UP	at	277200  
281018	[645]	:	Key	71	DOWN	at	281017  
284328	[3310]	:	Key	71	UP	at	281177  
286496	[2168]	:	Key	71	DOWN	at	286496  
289806	[3310]	:	Key	71	UP	at	286673  
291128	[1322]	:	Key	71	DOWN	at	291127  
295118	[3990]	:	Key	71	UP	at	291264  
310393	[15275]	:	Key	71	DOWN	at	310392  
311454	[1061]	:	Key	71	UP	at	310561  
312689	[1235]	:	Key	97	DOWN	at	312688  
313807	[1118]	:	Key	97	UP	at	312865  
315471	[1664]	:	Key	98	DOWN	at	315471  
316578	[1107]	:	Key	98	UP	at	315584  
318016	[1438]	:	Key	98	DOWN	at	318015  
319128	[1112]	:	Key	98	UP	at	318135  
319912	[784]	:	Key	98	DOWN	at	319911  
321021	[1109]	:	Key	98	UP	at	320016  
322048	[1027]	:	Key	97	DOWN	at	322048  
323168	[1120]	:	Key	97	UP	at	322159  
324248	[1080]	:	Key	97	DOWN	at	324247  
325369	[1121]	:	Key	97	UP	at	324369  
327136	[1767]	:	Key	97	DOWN	at	327135  
328252	[1116]	:	Key	97	UP	at	327263  
329289	[1037]	:	Key	97	DOWN	at	329288  
331003	[1714]	:	Key	97	UP	at	329400  
339465	[8462]	:	Key	71	DOWN	at	339464  
340522	[1057]	:	Key	71	UP	at	339625  
342808	[2286]	:	Key	97	DOWN	at	342808  
343915	[1107]	:	Key	97	UP	at	342911  
345224	[1309]	:	Key	98	DOWN	at	345223  
346343	[1119]	:	Key	98	UP	at	345344  
347777	[1434]	:	Key	97	DOWN	at	347776  
348896	[1119]	:	Key	97	UP	at	347880  
350465	[1569]	:	Key	97	DOWN	at	350464  
351570	[1105]	:	Key	97	UP	at	350568  
352425	[855]	:	Key	98	DOWN	at	352424  
353550	[1125]	:	Key	98	UP	at	352503  
354881	[1331]	:	Key	97	DOWN	at	354880  
356041	[1160]	:	Key	97	UP	at	354959  
357080	[1039]	:	Key	97	DOWN	at	357080  
358188	[1108]	:	Key	97	UP	at	357192  
359217	[1029]	:	Key	97	DOWN	at	359216  
360379	[1162]	:	Key	97	UP	at	359328  
366409	[6030]	:	Key	71	DOWN	at	366408  
366734	[325]	:	Key	71	UP	at	366560  
368457	[1723]	:	Key	71	DOWN	at	368457  
368657	[200]	:	Key	71	UP	at	368657  
370377	[1720]	:	Key	71	DOWN	at	370376  
373689	[3312]	:	Key	71	UP	at	370488  
373691	[2]	:	Key	71	DOWN	at	373232  
373692	[1]	:	Key	71	UP	at	373336  
375527	[1835]	:	Key	71	DOWN	at	375527  
378836	[3309]	:	Key	71	UP	at	375696  
379546	[710]	:	Key	71	DOWN	at	379544  
382854	[3308]	:	Key	71	UP	at	379679  
386304	[3450]	:	Key	71	DOWN	at	386303  
389614	[3310]	:	Key	71	UP	at	386456  
390400	[786]	:	Key	71	DOWN	at	390400  
393706	[3306]	:	Key	71	UP	at	390560  
396369	[2663]	:	Key	71	DOWN	at	396368  
399680	[3311]	:	Key	71	UP	at	396520  
401073	[1393]	:	Key	71	DOWN	at	401072  
404381	[3308]	:	Key	71	UP	at	401224  
405015	[634]	:	Key	71	DOWN	at	405015  
408324	[3309]	:	Key	71	UP	at	405191  
410561	[2237]	:	Key	71	DOWN	at	410560  
413868	[3307]	:	Key	71	UP	at	410711  
415840	[1972]	:	Key	71	DOWN	at	415839  
419149	[3309]	:	Key	71	UP	at	415991  
419960	[811]	:	Key	71	DOWN	at	419959  
423269	[3309]	:	Key	71	UP	at	420103  
423711	[442]	:	Key	71	DOWN	at	423711  
427023	[3312]	:	Key	71	UP	at	423863  
427648	[625]	:	Key	71	DOWN	at	427648  
430958	[3310]	:	Key	71	UP	at	427800  
431112	[154]	:	Key	71	DOWN	at	431112  
434422	[3310]	:	Key	71	UP	at	431263  
434855	[433]	:	Key	71	DOWN	at	434855  
438164	[3309]	:	Key	71	UP	at	435016  
438776	[612]	:	Key	71	DOWN	at	438775  
442683	[3907]	:	Key	71	UP	at	438945  
448408	[5725]	:	Key	71	DOWN	at	448407  
449455	[1047]	:	Key	71	UP	at	448585  
450697	[1242]	:	Key	97	DOWN	at	450696  
451800	[1103]	:	Key	97	UP	at	450840  
453352	[1552]	:	Key	97	DOWN	at	453351  
454457	[1105]	:	Key	97	UP	at	453480  
455423	[966]	:	Key	98	DOWN	at	455423  
456530	[1107]	:	Key	98	UP	at	455503  
457265	[735]	:	Key	98	DOWN	at	457264  
458389	[1124]	:	Key	98	UP	at	457336  
459512	[1123]	:	Key	97	DOWN	at	459511  
460621	[1109]	:	Key	97	UP	at	459617  
461528	[907]	:	Key	97	DOWN	at	461528  
462647	[1119]	:	Key	97	UP	at	461616  
464616	[1969]	:	Key	97	DOWN	at	464615  
465738	[1122]	:	Key	97	UP	at	464704  
466831	[1093]	:	Key	97	DOWN	at	466831  
468487	[1656]	:	Key	97	UP	at	466920  
469889	[1402]	:	Key	71	DOWN	at	469888  
470938	[1049]	:	Key	71	UP	at	470071  
472608	[1670]	:	Key	97	DOWN	at	472608  
473721	[1113]	:	Key	97	UP	at	472688  
475146	[1425]	:	Key	97	DOWN	at	475145  
476265	[1119]	:	Key	97	UP	at	475231  
477177	[912]	:	Key	98	DOWN	at	477176  
478284	[1107]	:	Key	98	UP	at	477256  
479320	[1036]	:	Key	98	DOWN	at	479319  
480424	[1104]	:	Key	98	UP	at	479391  
481167	[743]	:	Key	97	DOWN	at	481167  
482269	[1102]	:	Key	97	UP	at	481239  
483241	[972]	:	Key	97	DOWN	at	483240  
484349	[1108]	:	Key	97	UP	at	483320  
485592	[1243]	:	Key	97	DOWN	at	485591  
486686	[1094]	:	Key	97	UP	at	485680  
487887	[1201]	:	Key	98	DOWN	at	487887  
489041	[1154]	:	Key	98	UP	at	487992  
490416	[1375]	:	Key	71	DOWN	at	490416  
490724	[308]	:	Key	71	UP	at	490567  
491936	[1212]	:	Key	71	DOWN	at	491935  
492153	[217]	:	Key	71	UP	at	492152  
493039	[886]	:	Key	71	DOWN	at	493039  
496349	[3310]	:	Key	71	UP	at	493217  
497407	[1058]	:	Key	71	DOWN	at	497407  
500718	[3311]	:	Key	71	UP	at	497584  
501634	[916]	:	Key	71	DOWN	at	501633  
504932	[3298]	:	Key	71	UP	at	501783  
506433	[1501]	:	Key	71	DOWN	at	506432  
509744	[3311]	:	Key	71	UP	at	506584  
511673	[1929]	:	Key	71	DOWN	at	511672  
514981	[3308]	:	Key	71	UP	at	511856  
515936	[955]	:	Key	71	DOWN	at	515934  
519244	[3308]	:	Key	71	UP	at	516113  
521376	[2132]	:	Key	71	DOWN	at	521376  
524687	[3311]	:	Key	71	UP	at	521511  
528023	[3336]	:	Key	71	DOWN	at	528023  
531912	[3889]	:	Key	71	UP	at	528175  
532633	[721]	:	Key	71	DOWN	at	532632  
533690	[1057]	:	Key	71	UP	at	532816  
534535	[845]	:	Key	97	DOWN	at	534535  
535645	[1110]	:	Key	97	UP	at	534607  
536432	[787]	:	Key	98	DOWN	at	536432  
537552	[1120]	:	Key	98	UP	at	536496  
538647	[1095]	:	Key	98	DOWN	at	538647  
539774	[1127]	:	Key	98	UP	at	538720  
540497	[723]	:	Key	98	DOWN	at	540496  
541608	[1111]	:	Key	98	UP	at	540568  
542345	[737]	:	Key	97	DOWN	at	542344  
543449	[1104]	:	Key	97	UP	at	542399  
544313	[864]	:	Key	97	DOWN	at	544312  
545433	[1120]	:	Key	97	UP	at	544368  
546272	[839]	:	Key	97	DOWN	at	546272  
547376	[1104]	:	Key	97	UP	at	546351  
548265	[889]	:	Key	97	DOWN	at	548264  
549916	[1651]	:	Key	97	UP	at	548343  
550880	[964]	:	Key	71	DOWN	at	550880  
551932	[1052]	:	Key	71	UP	at	551040  
552705	[773]	:	Key	98	DOWN	at	552704  
553822	[1117]	:	Key	98	UP	at	552768  
555864	[2042]	:	Key	98	DOWN	at	555863  
556976	[1112]	:	Key	98	UP	at	555928  
558048	[1072]	:	Key	97	DOWN	at	558047  
559159	[1111]	:	Key	97	UP	at	558103  
559857	[698]	:	Key	97	DOWN	at	559856  
560968	[1111]	:	Key	97	UP	at	559912  
561817	[849]	:	Key	98	DOWN	at	561816  
562919	[1102]	:	Key	98	UP	at	561872  
563664	[745]	:	Key	97	DOWN	at	563663  
564773	[1109]	:	Key	97	UP	at	563719  
566247	[1474]	:	Key	98	DOWN	at	566247  
567356	[1109]	:	Key	98	UP	at	566311  
568281	[925]	:	Key	97	DOWN	at	568280  
569426	[1145]	:	Key	97	UP	at	568367  
570969	[1543]	:	Key	71	DOWN	at	570968  
571283	[314]	:	Key	71	UP	at	571056  
588344	[17061]	:	Key	97	DOWN	at	588344  
588463	[119]	:	Key	97	UP	at	588463  
608248	[19785]	:	Key	97	DOWN	at	608247  
608368	[120]	:	Key	97	UP	at	608368  
626264	[17896]	:	Key	71	DOWN	at	626264  
626441	[177]	:	Key	71	UP	at	626440  
627929	[1488]	:	Key	97	DOWN	at	627928  
628024	[95]	:	Key	97	UP	at	628024  
630584	[2560]	:	Key	98	DOWN	at	630583  
630768	[184]	:	Key	98	UP	at	630768  
631063	[295]	:	Key	97	DOWN	at	631063  
631175	[112]	:	Key	97	UP	at	631175  
641009	[9834]	:	Key	97	DOWN	at	641008  
641129	[120]	:	Key	97	UP	at	641128  
651641	[10512]	:	Key	97	DOWN	at	651640  
651768	[127]	:	Key	97	UP	at	651767  
671424	[19656]	:	Key	97	DOWN	at	671423  
671584	[160]	:	Key	97	UP	at	671583  
677585	[6001]	:	Key	97	DOWN	at	677584  
677721	[136]	:	Key	97	UP	at	677720  
689576	[11855]	:	Key	97	DOWN	at	689576  
689745	[169]	:	Key	97	UP	at	689744  
697569	[7824]	:	Key	97	DOWN	at	697568  
697745	[176]	:	Key	97	UP	at	697744  
707296	[9551]	:	Key	97	DOWN	at	707296  
707473	[177]	:	Key	97	UP	at	707472  
719072	[11599]	:	Key	97	DOWN	at	719072  
719192	[120]	:	Key	97	UP	at	719192  
728577	[9385]	:	Key	97	DOWN	at	728576  
728697	[120]	:	Key	97	UP	at	728696  
746663	[17966]	:	Key	97	DOWN	at	746663  
746841	[178]	:	Key	97	UP	at	746840  
755865	[9024]	:	Key	97	DOWN	at	755864  
756040	[175]	:	Key	97	UP	at	756039  
766496	[10456]	:	Key	97	DOWN	at	766496  
766641	[145]	:	Key	97	UP	at	766641  
798336	[31695]	:	Key	97	DOWN	at	798335  
798601	[265]	:	Key	97	UP	at	798600  
815593	[16992]	:	Key	97	DOWN	at	815592  
815769	[176]	:	Key	97	UP	at	815767  
832121	[16352]	:	Key	97	DOWN	at	832120  
832272	[151]	:	Key	97	UP	at	832271  
845599	[13327]	:	Key	97	DOWN	at	845599  
845785	[186]	:	Key	97	UP	at	845784  
847464	[1679]	:	Key	97	DOWN	at	847464  
848464	[1000]	:	Key	97	UP	at	847631  
853361	[4897]	:	Key	97	DOWN	at	853360  
853504	[143]	:	Key	97	UP	at	853504  
857441	[3937]	:	Key	71	DOWN	at	857441  
857737	[296]	:	Key	71	UP	at	857703  
859209	[1472]	:	Key	71	DOWN	at	859208  
975281	[116072]	:	Key	71	DOWN	at	975280  
975409	[128]	:	Key	71	UP	at	975407  
976273	[864]	:	Key	71	DOWN	at	976272  
1014846	[38573]	:	Key	71	DOWN	at	1014592 
1014848	[2]	:	Key	71	UP	at	1014704 
1231899	[217051]	:	Key	71	DOWN	at	1230479 
1231901	[2]	:	Key	71	UP	at	1230607 
1279975	[48074]	:	Key	71	DOWN	at	1278663 
1279976	[1]	:	Key	71	UP	at	1278767 
1436325	[156349]	:	Key	71	DOWN	at	1435265 
1436327	[2]	:	Key	71	UP	at	1435433 
1556369	[120042]	:	Key	97	DOWN	at	1556368 
1557369	[1000]	:	Key	97	UP	at	1556520 
1558488	[1119]	:	Key	92	DOWN	at	1558488 
1558625	[137]	:	Key	92	UP	at	1558624 
1558864	[239]	:	Key	71	DOWN	at	1558864 
2136481	[577617]	:	Key	97	DOWN	at	2136480 
2137480	[999]	:	Key	97	UP	at	2136624 
2138714	[1234]	:	Key	71	DOWN	at	2138713 
2293568	[154854]	:	Key	71	DOWN	at	2291945 
2293569	[1]	:	Key	71	UP	at	2292041 
2689008	[395439]	:	Key	97	DOWN	at	2689008 
2690009	[1001]	:	Key	97	UP	at	2689177 
2697272	[7263]	:	Key	71	DOWN	at	2697271 
3257985	[560713]	:	Key	97	DOWN	at	3257985 
3258985	[1000]	:	Key	97	UP	at	3258104 
3260449	[1464]	:	Key	71	DOWN	at	3260449 
4179361	[918912]	:	Key	71	DOWN	at	4179361 
4179439	[78]	:	COGENT STOP
