Cog2000 log file Sat Feb 13 09:53:12 2021
gprim v1.33 Compiled:Aug 12 2015 (GLib DirectDraw v7 DX10.0 Compiled:Aug 12 2015)
Display:1024x768x32 59.95Hz
Attaching E:\saharrajabi\final mbmf+drug task\cogent2000v1.33\toolbox\CogInput.mexw64
CogInput v1.05 Compiled: May 20 2010
4	[4]	:	COGENT START
31445	[31441]	:	Key	97	DOWN	at	31444   
31549	[104]	:	Key	97	UP	at	31508   
34403	[2854]	:	Key	97	DOWN	at	34403   
34514	[111]	:	Key	97	UP	at	34514   
36514	[2000]	:	Key	97	DOWN	at	36514   
37514	[1000]	:	Key	97	UP	at	36611   
46682	[9168]	:	Key	71	DOWN	at	46682   
46929	[247]	:	Key	71	UP	at	46770   
48698	[1769]	:	Key	71	DOWN	at	48698   
52076	[3378]	:	Key	71	UP	at	48763   
53362	[1286]	:	Key	71	DOWN	at	53362   
56665	[3303]	:	Key	71	UP	at	53476   
58019	[1354]	:	Key	71	DOWN	at	58019   
61316	[3297]	:	Key	71	UP	at	58187   
62986	[1670]	:	Key	71	DOWN	at	62986   
66286	[3300]	:	Key	71	UP	at	63123   
67569	[1283]	:	Key	71	DOWN	at	67569   
70868	[3299]	:	Key	71	UP	at	67665   
74459	[3591]	:	Key	71	DOWN	at	74459   
77759	[3300]	:	Key	71	UP	at	74579   
81402	[3643]	:	Key	71	DOWN	at	81402   
84702	[3300]	:	Key	71	UP	at	81795   
90760	[6058]	:	Key	71	DOWN	at	90760   
94060	[3300]	:	Key	71	UP	at	90913   
95472	[1412]	:	Key	71	DOWN	at	95472   
98772	[3300]	:	Key	71	UP	at	95633   
102641	[3869]	:	Key	71	DOWN	at	102641  
102643	[2]	:	Key	71	UP	at	102642  
108281	[5638]	:	Key	71	DOWN	at	108281  
111581	[3300]	:	Key	71	UP	at	108425  
114016	[2435]	:	Key	71	DOWN	at	114016  
117312	[3296]	:	Key	71	UP	at	114241  
118638	[1326]	:	Key	71	DOWN	at	118638  
121936	[3298]	:	Key	71	UP	at	118791  
123119	[1183]	:	Key	71	DOWN	at	123119  
126421	[3302]	:	Key	71	UP	at	123320  
128198	[1777]	:	Key	71	DOWN	at	128198  
131496	[3298]	:	Key	71	UP	at	128422  
134077	[2581]	:	Key	71	DOWN	at	134077  
137374	[3297]	:	Key	71	UP	at	134254  
138612	[1238]	:	Key	71	DOWN	at	138612  
141911	[3299]	:	Key	71	UP	at	138799  
143654	[1743]	:	Key	71	DOWN	at	143654  
146954	[3300]	:	Key	71	UP	at	143838  
149173	[2219]	:	Key	71	DOWN	at	149173  
152473	[3300]	:	Key	71	UP	at	149349  
154268	[1795]	:	Key	71	DOWN	at	154268  
157568	[3300]	:	Key	71	UP	at	154453  
159692	[2124]	:	Key	71	DOWN	at	159692  
162985	[3293]	:	Key	71	UP	at	159870  
164701	[1716]	:	Key	71	DOWN	at	164701  
168001	[3300]	:	Key	71	UP	at	164885  
170028	[2027]	:	Key	71	DOWN	at	170028  
173327	[3299]	:	Key	71	UP	at	170221  
175469	[2142]	:	Key	71	DOWN	at	175469  
178769	[3300]	:	Key	71	UP	at	175694  
180741	[1972]	:	Key	71	DOWN	at	180741  
184041	[3300]	:	Key	71	UP	at	180829  
186308	[2267]	:	Key	71	DOWN	at	186308  
189607	[3299]	:	Key	71	UP	at	186453  
193220	[3613]	:	Key	71	DOWN	at	193220  
196519	[3299]	:	Key	71	UP	at	193373  
198036	[1517]	:	Key	71	DOWN	at	198036  
201335	[3299]	:	Key	71	UP	at	198108  
201337	[2]	:	Key	71	DOWN	at	198660  
201338	[1]	:	Key	71	UP	at	198804  
205347	[4009]	:	Key	71	DOWN	at	205347  
208647	[3300]	:	Key	71	UP	at	205492  
210188	[1541]	:	Key	71	DOWN	at	210188  
213488	[3300]	:	Key	71	UP	at	210317  
215531	[2043]	:	Key	71	DOWN	at	215531  
218830	[3299]	:	Key	71	UP	at	215676  
221147	[2317]	:	Key	71	DOWN	at	221147  
224446	[3299]	:	Key	71	UP	at	221268  
226003	[1557]	:	Key	71	DOWN	at	226003  
229302	[3299]	:	Key	71	UP	at	226124  
232108	[2806]	:	Key	71	DOWN	at	232108  
235408	[3300]	:	Key	71	UP	at	232308  
236292	[884]	:	Key	71	DOWN	at	236292  
239588	[3296]	:	Key	71	UP	at	236452  
241594	[2006]	:	Key	71	DOWN	at	241594  
244894	[3300]	:	Key	71	UP	at	241740  
248003	[3109]	:	Key	71	DOWN	at	248003  
251303	[3300]	:	Key	71	UP	at	248196  
252706	[1403]	:	Key	71	DOWN	at	252706  
252708	[2]	:	Key	71	UP	at	252708  
257474	[4766]	:	Key	71	DOWN	at	257474  
260774	[3300]	:	Key	71	UP	at	257595  
262673	[1899]	:	Key	71	DOWN	at	262673  
265973	[3300]	:	Key	71	UP	at	262874  
268121	[2148]	:	Key	71	DOWN	at	268121  
271421	[3300]	:	Key	71	UP	at	268273  
275007	[3586]	:	Key	71	DOWN	at	275007  
278307	[3300]	:	Key	71	UP	at	275144  
280254	[1947]	:	Key	71	DOWN	at	280254  
283535	[3281]	:	Key	71	UP	at	280423  
284814	[1279]	:	Key	71	DOWN	at	284814  
288114	[3300]	:	Key	71	UP	at	284926  
289894	[1780]	:	Key	71	DOWN	at	289894  
293194	[3300]	:	Key	71	UP	at	290062  
295325	[2131]	:	Key	71	DOWN	at	295325  
298625	[3300]	:	Key	71	UP	at	295486  
300084	[1459]	:	Key	71	DOWN	at	300084  
303383	[3299]	:	Key	71	UP	at	300237  
307004	[3621]	:	Key	71	DOWN	at	307004  
310953	[3949]	:	Key	71	UP	at	307196  
312785	[1832]	:	Key	71	DOWN	at	312785  
313832	[1047]	:	Key	71	UP	at	312882  
315466	[1634]	:	Key	97	DOWN	at	315466  
316616	[1150]	:	Key	97	UP	at	315562  
318066	[1450]	:	Key	97	DOWN	at	318066  
319195	[1129]	:	Key	97	UP	at	318169  
320554	[1359]	:	Key	97	DOWN	at	320554  
321686	[1132]	:	Key	97	UP	at	320649  
322809	[1123]	:	Key	98	DOWN	at	322809  
323915	[1106]	:	Key	98	UP	at	322865  
325161	[1246]	:	Key	97	DOWN	at	325161  
326277	[1116]	:	Key	97	UP	at	325282  
327745	[1468]	:	Key	97	DOWN	at	327745  
327745	[0]	:	Key	97	UP	at	327745  
330096	[2351]	:	Key	97	DOWN	at	330096  
331225	[1129]	:	Key	97	UP	at	330176  
332449	[1224]	:	Key	98	DOWN	at	332449  
334165	[1716]	:	Key	98	UP	at	332521  
338577	[4412]	:	Key	71	DOWN	at	338577  
339626	[1049]	:	Key	71	UP	at	338673  
340896	[1270]	:	Key	97	DOWN	at	340896  
342022	[1126]	:	Key	97	UP	at	340992  
343606	[1584]	:	Key	97	DOWN	at	343606  
344741	[1135]	:	Key	97	UP	at	343678  
346254	[1513]	:	Key	98	DOWN	at	346254  
347378	[1124]	:	Key	98	UP	at	346294  
348253	[875]	:	Key	97	DOWN	at	348253  
349381	[1128]	:	Key	97	UP	at	348373  
350709	[1328]	:	Key	98	DOWN	at	350709  
351815	[1106]	:	Key	98	UP	at	350790  
352965	[1150]	:	Key	98	DOWN	at	352965  
354082	[1117]	:	Key	98	UP	at	353077  
355150	[1068]	:	Key	97	DOWN	at	355150  
356274	[1124]	:	Key	97	UP	at	355269  
357761	[1487]	:	Key	98	DOWN	at	357761  
357761	[0]	:	Key	98	UP	at	357761  
365219	[7458]	:	Key	71	DOWN	at	365219  
365541	[322]	:	Key	71	UP	at	365372  
366292	[751]	:	Key	71	DOWN	at	366292  
366452	[160]	:	Key	71	UP	at	366452  
371379	[4927]	:	Key	71	DOWN	at	371379  
374679	[3300]	:	Key	71	UP	at	371477  
377268	[2589]	:	Key	71	DOWN	at	377268  
380568	[3300]	:	Key	71	UP	at	377428  
383795	[3227]	:	Key	71	DOWN	at	383795  
387095	[3300]	:	Key	71	UP	at	383948  
390523	[3428]	:	Key	71	DOWN	at	390523  
393823	[3300]	:	Key	71	UP	at	390652  
394641	[818]	:	Key	71	DOWN	at	394641  
397944	[3303]	:	Key	71	UP	at	394762  
397946	[2]	:	Key	71	DOWN	at	397138  
397947	[1]	:	Key	71	UP	at	397242  
399473	[1526]	:	Key	71	DOWN	at	399473  
402772	[3299]	:	Key	71	UP	at	399554  
403914	[1142]	:	Key	71	DOWN	at	403914  
407213	[3299]	:	Key	71	UP	at	404001  
408553	[1340]	:	Key	71	DOWN	at	408553  
411851	[3298]	:	Key	71	UP	at	408666  
413961	[2110]	:	Key	71	DOWN	at	413961  
417260	[3299]	:	Key	71	UP	at	414081  
419154	[1894]	:	Key	71	DOWN	at	419154  
422455	[3301]	:	Key	71	UP	at	419243  
423761	[1306]	:	Key	71	DOWN	at	423761  
427048	[3287]	:	Key	71	UP	at	423875  
428482	[1434]	:	Key	71	DOWN	at	428482  
431774	[3292]	:	Key	71	UP	at	428602  
432818	[1044]	:	Key	71	DOWN	at	432818  
432820	[2]	:	Key	71	UP	at	432819  
436946	[4126]	:	Key	71	DOWN	at	436946  
440246	[3300]	:	Key	71	UP	at	437051  
440794	[548]	:	Key	71	DOWN	at	440794  
444083	[3289]	:	Key	71	UP	at	440851  
444970	[887]	:	Key	71	DOWN	at	444970  
448878	[3908]	:	Key	71	UP	at	445074  
450625	[1747]	:	Key	71	DOWN	at	450625  
451677	[1052]	:	Key	71	UP	at	450738  
453594	[1917]	:	Key	97	DOWN	at	453594  
454732	[1138]	:	Key	97	UP	at	453714  
455714	[982]	:	Key	98	DOWN	at	455714  
456843	[1129]	:	Key	98	UP	at	455802  
457690	[847]	:	Key	97	DOWN	at	457690  
458817	[1127]	:	Key	97	UP	at	457793  
459874	[1057]	:	Key	97	DOWN	at	459874  
461005	[1131]	:	Key	97	UP	at	459978  
462808	[1803]	:	Key	97	DOWN	at	462808  
463929	[1121]	:	Key	97	UP	at	462849  
466737	[2808]	:	Key	97	DOWN	at	466737  
467851	[1114]	:	Key	97	UP	at	466898  
469040	[1189]	:	Key	97	DOWN	at	469040  
470181	[1141]	:	Key	97	UP	at	469111  
471624	[1443]	:	Key	98	DOWN	at	471624  
473322	[1698]	:	Key	98	UP	at	471704  
475264	[1942]	:	Key	71	DOWN	at	475264  
476308	[1044]	:	Key	71	UP	at	475409  
477820	[1512]	:	Key	98	DOWN	at	477820  
478945	[1125]	:	Key	98	UP	at	477822  
482072	[3127]	:	Key	97	DOWN	at	482072  
483205	[1133]	:	Key	97	UP	at	482225  
485159	[1954]	:	Key	97	DOWN	at	485159  
486282	[1123]	:	Key	97	UP	at	485263  
487783	[1501]	:	Key	98	DOWN	at	487783  
488907	[1124]	:	Key	98	UP	at	487903  
489918	[1011]	:	Key	97	DOWN	at	489918  
491042	[1124]	:	Key	97	UP	at	490013  
492818	[1776]	:	Key	97	DOWN	at	492818  
492818	[0]	:	Key	97	UP	at	492818  
495270	[2452]	:	Key	98	DOWN	at	495270  
496406	[1136]	:	Key	98	UP	at	495373  
498246	[1840]	:	Key	97	DOWN	at	498246  
499469	[1223]	:	Key	97	UP	at	498349  
508302	[8833]	:	Key	71	DOWN	at	508302  
508624	[322]	:	Key	71	UP	at	508463  
510174	[1550]	:	Key	71	DOWN	at	510174  
510310	[136]	:	Key	71	UP	at	510310  
512381	[2071]	:	Key	71	DOWN	at	512381  
515679	[3298]	:	Key	71	UP	at	512519  
516390	[711]	:	Key	71	DOWN	at	516390  
519688	[3298]	:	Key	71	UP	at	516606  
521110	[1422]	:	Key	71	DOWN	at	521110  
524409	[3299]	:	Key	71	UP	at	521278  
525246	[837]	:	Key	71	DOWN	at	525246  
528545	[3299]	:	Key	71	UP	at	525375  
530157	[1612]	:	Key	71	DOWN	at	530157  
533457	[3300]	:	Key	71	UP	at	530278  
534596	[1139]	:	Key	71	DOWN	at	534596  
537892	[3296]	:	Key	71	UP	at	534724  
538412	[520]	:	Key	71	DOWN	at	538412  
541713	[3301]	:	Key	71	UP	at	538525  
542677	[964]	:	Key	71	DOWN	at	542677  
546581	[3904]	:	Key	71	UP	at	542829  
548381	[1800]	:	Key	71	DOWN	at	548381  
549422	[1041]	:	Key	71	UP	at	548510  
552857	[3435]	:	Key	98	DOWN	at	552857  
553978	[1121]	:	Key	98	UP	at	552922  
555347	[1369]	:	Key	97	DOWN	at	555347  
556478	[1131]	:	Key	97	UP	at	555426  
557298	[820]	:	Key	97	DOWN	at	557298  
558422	[1124]	:	Key	97	UP	at	557417  
559050	[628]	:	Key	97	DOWN	at	559050  
560186	[1136]	:	Key	97	UP	at	559170  
561106	[920]	:	Key	97	DOWN	at	561106  
562231	[1125]	:	Key	97	UP	at	561178  
563026	[795]	:	Key	97	DOWN	at	563026  
564146	[1120]	:	Key	97	UP	at	563082  
565202	[1056]	:	Key	97	DOWN	at	565202  
566314	[1112]	:	Key	97	UP	at	565265  
567863	[1549]	:	Key	98	DOWN	at	567863  
567863	[0]	:	Key	98	UP	at	567863  
569555	[1692]	:	Key	98	DOWN	at	568090  
569555	[0]	:	Key	98	UP	at	568250  
572250	[2695]	:	Key	71	DOWN	at	572250  
573295	[1045]	:	Key	71	UP	at	572426  
574602	[1307]	:	Key	98	DOWN	at	574602  
575731	[1129]	:	Key	98	UP	at	574629  
576514	[783]	:	Key	98	DOWN	at	576514  
577645	[1131]	:	Key	98	UP	at	576554  
578530	[885]	:	Key	97	DOWN	at	578530  
579658	[1128]	:	Key	97	UP	at	578602  
581170	[1512]	:	Key	98	DOWN	at	581170  
582301	[1131]	:	Key	98	UP	at	581250  
584330	[2029]	:	Key	97	DOWN	at	584330  
585471	[1141]	:	Key	97	UP	at	584401  
586175	[704]	:	Key	97	DOWN	at	586175  
587301	[1126]	:	Key	97	UP	at	586263  
588144	[843]	:	Key	98	DOWN	at	588144  
589270	[1126]	:	Key	98	UP	at	588215  
590112	[842]	:	Key	97	DOWN	at	590112  
591309	[1197]	:	Key	97	UP	at	590191  
593720	[2411]	:	Key	71	DOWN	at	593720  
594048	[328]	:	Key	71	UP	at	593945  
594976	[928]	:	Key	71	DOWN	at	594976  
595056	[80]	:	Key	71	UP	at	595056  
597878	[2822]	:	Key	71	DOWN	at	597878  
597880	[2]	:	Key	71	UP	at	597879  
604479	[6599]	:	Key	71	DOWN	at	604479  
607777	[3298]	:	Key	71	UP	at	604608  
608032	[255]	:	Key	71	DOWN	at	608032  
611333	[3301]	:	Key	71	UP	at	608152  
612881	[1548]	:	Key	71	DOWN	at	612881  
612883	[2]	:	Key	71	UP	at	612882  
616639	[3756]	:	Key	71	DOWN	at	616639  
619929	[3290]	:	Key	71	UP	at	616792  
620589	[660]	:	Key	71	DOWN	at	620589  
623877	[3288]	:	Key	71	UP	at	620764  
624635	[758]	:	Key	71	DOWN	at	624635  
627934	[3299]	:	Key	71	UP	at	624842  
628483	[549]	:	Key	71	DOWN	at	628483  
632395	[3912]	:	Key	71	UP	at	628636  
632395	[0]	:	Key	71	DOWN	at	631284  
632396	[1]	:	Key	71	UP	at	631460  
632915	[519]	:	Key	71	DOWN	at	632915  
633962	[1047]	:	Key	71	UP	at	633100  
634787	[825]	:	Key	97	DOWN	at	634787  
635918	[1131]	:	Key	97	UP	at	634867  
636539	[621]	:	Key	97	DOWN	at	636539  
637654	[1115]	:	Key	97	UP	at	636634  
638483	[829]	:	Key	97	DOWN	at	638483  
639624	[1141]	:	Key	97	UP	at	638579  
640459	[835]	:	Key	97	DOWN	at	640459  
641601	[1142]	:	Key	97	UP	at	640538  
642887	[1286]	:	Key	97	DOWN	at	642887  
642887	[0]	:	Key	97	UP	at	642887  
644771	[1884]	:	Key	97	DOWN	at	644771  
645898	[1127]	:	Key	97	UP	at	644842  
647107	[1209]	:	Key	98	DOWN	at	647107  
648237	[1130]	:	Key	98	UP	at	647187  
649595	[1358]	:	Key	97	DOWN	at	649595  
651305	[1710]	:	Key	97	UP	at	649683  
652731	[1426]	:	Key	71	DOWN	at	652731  
653773	[1042]	:	Key	71	UP	at	652836  
655195	[1422]	:	Key	97	DOWN	at	655195  
656333	[1138]	:	Key	97	UP	at	655259  
657909	[1576]	:	Key	97	DOWN	at	657909  
657909	[0]	:	Key	97	UP	at	657909  
660379	[2470]	:	Key	97	DOWN	at	660379  
661506	[1127]	:	Key	97	UP	at	660450  
662859	[1353]	:	Key	98	DOWN	at	662859  
663958	[1099]	:	Key	98	UP	at	662875  
664787	[829]	:	Key	97	DOWN	at	664787  
665919	[1132]	:	Key	97	UP	at	664867  
667219	[1300]	:	Key	98	DOWN	at	667219  
668334	[1115]	:	Key	98	UP	at	667323  
669155	[821]	:	Key	97	DOWN	at	669155  
670286	[1131]	:	Key	97	UP	at	669243  
671043	[757]	:	Key	97	DOWN	at	671043  
672221	[1178]	:	Key	97	UP	at	671123  
674338	[2117]	:	Key	71	DOWN	at	674338  
674682	[344]	:	Key	71	UP	at	674484  
676963	[2281]	:	Key	71	DOWN	at	676963  
677107	[144]	:	Key	71	UP	at	677107  
679691	[2584]	:	Key	59	DOWN	at	679691  
679795	[104]	:	Key	59	UP	at	679795  
681036	[1241]	:	Key	71	DOWN	at	681036  
681172	[136]	:	Key	71	UP	at	681172  
742672	[61500]	:	Key	97	DOWN	at	742672  
742807	[135]	:	Key	97	UP	at	742807  
747975	[5168]	:	Key	97	DOWN	at	747975  
748058	[83]	:	Key	97	UP	at	748047  
759055	[10997]	:	Key	97	DOWN	at	759055  
759151	[96]	:	Key	97	UP	at	759087  
759311	[160]	:	Key	97	DOWN	at	759311  
759415	[104]	:	Key	97	UP	at	759335  
761487	[2072]	:	Key	97	DOWN	at	761487  
761598	[111]	:	Key	97	UP	at	761598  
762983	[1385]	:	Key	97	DOWN	at	762983  
763083	[100]	:	Key	97	UP	at	763070  
764111	[1028]	:	Key	97	DOWN	at	764111  
764214	[103]	:	Key	97	UP	at	764214  
764799	[585]	:	Key	97	DOWN	at	764799  
764894	[95]	:	Key	97	UP	at	764894  
765542	[648]	:	Key	97	DOWN	at	765542  
765646	[104]	:	Key	97	UP	at	765646  
766239	[593]	:	Key	97	DOWN	at	766239  
766349	[110]	:	Key	97	UP	at	766334  
768413	[2064]	:	Key	97	DOWN	at	768413  
768517	[104]	:	Key	97	UP	at	768517  
769436	[919]	:	Key	97	DOWN	at	769436  
769531	[95]	:	Key	97	UP	at	769515  
770915	[1384]	:	Key	97	DOWN	at	770915  
771002	[87]	:	Key	97	UP	at	770987  
773483	[2481]	:	Key	97	DOWN	at	773483  
773660	[177]	:	Key	97	UP	at	773660  
774187	[527]	:	Key	97	DOWN	at	774187  
774315	[128]	:	Key	97	UP	at	774315  
775083	[768]	:	Key	97	DOWN	at	775083  
775203	[120]	:	Key	97	UP	at	775203  
775643	[440]	:	Key	97	DOWN	at	775643  
775763	[120]	:	Key	97	UP	at	775763  
776283	[520]	:	Key	97	DOWN	at	776283  
776389	[106]	:	Key	97	UP	at	776355  
778107	[1718]	:	Key	97	DOWN	at	778107  
778202	[95]	:	Key	97	UP	at	778202  
779571	[1369]	:	Key	97	DOWN	at	779571  
780571	[1000]	:	Key	97	UP	at	779652  
783211	[2640]	:	Key	97	DOWN	at	783211  
783323	[112]	:	Key	97	UP	at	783323  
785235	[1912]	:	Key	71	DOWN	at	785235  
785546	[311]	:	Key	71	UP	at	785363  
786548	[1002]	:	Key	71	DOWN	at	786548  
855537	[68989]	:	Key	71	DOWN	at	855537  
855683	[146]	:	Key	71	UP	at	855683  
856362	[679]	:	Key	71	DOWN	at	856362  
1377122	[520760]	:	Key	97	DOWN	at	1377122 
1378122	[1000]	:	Key	97	UP	at	1377179 
1379513	[1391]	:	Key	71	DOWN	at	1379513 
1903502	[523989]	:	Key	97	DOWN	at	1903502 
1903502	[0]	:	Key	97	UP	at	1903502 
1906485	[2983]	:	Key	71	DOWN	at	1906485 
2429198	[522713]	:	Key	97	DOWN	at	2429198 
2430198	[1000]	:	Key	97	UP	at	2429287 
2431215	[1017]	:	Key	71	DOWN	at	2431215 
2984591	[553376]	:	Key	97	DOWN	at	2984591 
2985591	[1000]	:	Key	97	UP	at	2984672 
2993008	[7417]	:	Key	71	DOWN	at	2993008 
4013491	[1020483]	:	Key	71	DOWN	at	4013491 
4013976	[485]	:	Key	71	UP	at	4013604 
4014035	[59]	:	COGENT STOP
