Cog2000 log file Tue Feb 02 10:49:22 2021
gprim v1.33 Compiled:Aug 12 2015 (GLib DirectDraw v7 DX10.0 Compiled:Aug 12 2015)
Display:1024x768x32 60.02Hz
Attaching E:\saharrajabi\final mbmf+drug task\cogent2000v1.33\toolbox\CogInput.mexw64
CogInput v1.05 Compiled: May 20 2010
3	[3]	:	COGENT START
18027	[18024]	:	Key	98	DOWN	at	18026   
18109	[82]	:	Key	98	UP	at	18089   
22713	[4604]	:	Key	97	DOWN	at	22713   
22867	[154]	:	Key	97	UP	at	22867   
31545	[8678]	:	Key	97	DOWN	at	31545   
31649	[104]	:	Key	97	UP	at	31649   
47434	[15785]	:	Key	97	DOWN	at	47434   
48434	[1000]	:	Key	97	UP	at	47587   
59954	[11520]	:	Key	71	DOWN	at	59954   
60138	[184]	:	Key	71	UP	at	60018   
63066	[2928]	:	Key	71	DOWN	at	63066   
66461	[3395]	:	Key	71	UP	at	63163   
70682	[4221]	:	Key	71	DOWN	at	70682   
74005	[3323]	:	Key	71	UP	at	70849   
76666	[2661]	:	Key	71	DOWN	at	76666   
79946	[3280]	:	Key	71	UP	at	76794   
83090	[3144]	:	Key	71	DOWN	at	83090   
86392	[3302]	:	Key	71	UP	at	83219   
89890	[3498]	:	Key	71	DOWN	at	89890   
93191	[3301]	:	Key	71	UP	at	90018   
95043	[1852]	:	Key	71	DOWN	at	95043   
98345	[3302]	:	Key	71	UP	at	95171   
100265	[1920]	:	Key	71	DOWN	at	100265  
103566	[3301]	:	Key	71	UP	at	100393  
104673	[1107]	:	Key	71	DOWN	at	104673  
107973	[3300]	:	Key	71	UP	at	104857  
109794	[1821]	:	Key	71	DOWN	at	109794  
113095	[3301]	:	Key	71	UP	at	109938  
114210	[1115]	:	Key	71	DOWN	at	114210  
117513	[3303]	:	Key	71	UP	at	114355  
123074	[5561]	:	Key	71	DOWN	at	123074  
126377	[3303]	:	Key	71	UP	at	123226  
126378	[1]	:	Key	71	DOWN	at	125298  
126379	[1]	:	Key	71	UP	at	125378  
130058	[3679]	:	Key	71	DOWN	at	130058  
133359	[3301]	:	Key	71	UP	at	130211  
148411	[15052]	:	Key	71	DOWN	at	148411  
151715	[3304]	:	Key	71	UP	at	148483  
153066	[1351]	:	Key	71	DOWN	at	153066  
156368	[3302]	:	Key	71	UP	at	153195  
158450	[2082]	:	Key	71	DOWN	at	158450  
161746	[3296]	:	Key	71	UP	at	158578  
163347	[1601]	:	Key	71	DOWN	at	163347  
166648	[3301]	:	Key	71	UP	at	163467  
168706	[2058]	:	Key	71	DOWN	at	168706  
172009	[3303]	:	Key	71	UP	at	168787  
173666	[1657]	:	Key	71	DOWN	at	173666  
176969	[3303]	:	Key	71	UP	at	173754  
178506	[1537]	:	Key	71	DOWN	at	178506  
181792	[3286]	:	Key	71	UP	at	178634  
183067	[1275]	:	Key	71	DOWN	at	183067  
186359	[3292]	:	Key	71	UP	at	183202  
187609	[1250]	:	Key	71	DOWN	at	187609  
190909	[3300]	:	Key	71	UP	at	187633  
190911	[2]	:	Key	71	DOWN	at	187747  
190912	[1]	:	Key	71	UP	at	187811  
191922	[1010]	:	Key	71	DOWN	at	191922  
195224	[3302]	:	Key	71	UP	at	192051  
196393	[1169]	:	Key	71	DOWN	at	196393  
199693	[3300]	:	Key	71	UP	at	196521  
202251	[2558]	:	Key	71	DOWN	at	202251  
205552	[3301]	:	Key	71	UP	at	202411  
207978	[2426]	:	Key	71	DOWN	at	207978  
211280	[3302]	:	Key	71	UP	at	208123  
212282	[1002]	:	Key	71	DOWN	at	212282  
215583	[3301]	:	Key	71	UP	at	212370  
216898	[1315]	:	Key	71	DOWN	at	216898  
220200	[3302]	:	Key	71	UP	at	216987  
221098	[898]	:	Key	71	DOWN	at	221098  
224382	[3284]	:	Key	71	UP	at	221243  
226202	[1820]	:	Key	71	DOWN	at	226202  
229505	[3303]	:	Key	71	UP	at	226337  
230689	[1184]	:	Key	71	DOWN	at	230689  
233976	[3287]	:	Key	71	UP	at	230841  
233978	[2]	:	Key	71	DOWN	at	233571  
233979	[1]	:	Key	71	UP	at	233707  
237194	[3215]	:	Key	71	DOWN	at	237194  
240461	[3267]	:	Key	71	UP	at	237315  
241369	[908]	:	Key	71	DOWN	at	241369  
244664	[3295]	:	Key	71	UP	at	241523  
245769	[1105]	:	Key	71	DOWN	at	245769  
249052	[3283]	:	Key	71	UP	at	246886  
249745	[693]	:	Key	71	DOWN	at	249745  
253029	[3284]	:	Key	71	UP	at	249825  
253994	[965]	:	Key	71	DOWN	at	253994  
257279	[3285]	:	Key	71	UP	at	254162  
259257	[1978]	:	Key	71	DOWN	at	259257  
262522	[3265]	:	Key	71	UP	at	259403  
263121	[599]	:	Key	71	DOWN	at	263121  
266387	[3266]	:	Key	71	UP	at	263241  
266681	[294]	:	Key	71	DOWN	at	266681  
269967	[3286]	:	Key	71	UP	at	266801  
271530	[1563]	:	Key	71	DOWN	at	271530  
274809	[3279]	:	Key	71	UP	at	271651  
275881	[1072]	:	Key	71	DOWN	at	275881  
279176	[3295]	:	Key	71	UP	at	276910  
280210	[1034]	:	Key	71	DOWN	at	280210  
283513	[3303]	:	Key	71	UP	at	280370  
284586	[1073]	:	Key	71	DOWN	at	284586  
287889	[3303]	:	Key	71	UP	at	284786  
288610	[721]	:	Key	71	DOWN	at	288610  
291899	[3289]	:	Key	71	UP	at	288771  
292634	[735]	:	Key	71	DOWN	at	292634  
295935	[3301]	:	Key	71	UP	at	292755  
296458	[523]	:	Key	71	DOWN	at	296458  
299745	[3287]	:	Key	71	UP	at	296579  
301369	[1624]	:	Key	71	DOWN	at	301369  
304669	[3300]	:	Key	71	UP	at	301498  
305218	[549]	:	Key	71	DOWN	at	305218  
308521	[3303]	:	Key	71	UP	at	305371  
309522	[1001]	:	Key	71	DOWN	at	309522  
313492	[3970]	:	Key	71	UP	at	309682  
326794	[13302]	:	Key	71	DOWN	at	326794  
327840	[1046]	:	Key	71	UP	at	326891  
330122	[2282]	:	Key	97	DOWN	at	330122  
331282	[1160]	:	Key	97	UP	at	330217  
332098	[816]	:	Key	98	DOWN	at	332098  
333231	[1133]	:	Key	98	UP	at	332186  
334050	[819]	:	Key	97	DOWN	at	334050  
335182	[1132]	:	Key	97	UP	at	334145  
336929	[1747]	:	Key	97	DOWN	at	336929  
336929	[0]	:	Key	97	UP	at	336929  
339122	[2193]	:	Key	97	DOWN	at	339122  
340249	[1127]	:	Key	97	UP	at	339211  
340995	[746]	:	Key	97	DOWN	at	340995  
342122	[1127]	:	Key	97	UP	at	341082  
342811	[689]	:	Key	98	DOWN	at	342811  
343953	[1142]	:	Key	98	UP	at	342858  
344778	[825]	:	Key	97	DOWN	at	344778  
346499	[1721]	:	Key	97	UP	at	344858  
353834	[7335]	:	Key	71	DOWN	at	353834  
354880	[1046]	:	Key	71	UP	at	353970  
356706	[1826]	:	Key	97	DOWN	at	356706  
357823	[1117]	:	Key	97	UP	at	356794  
358691	[868]	:	Key	97	DOWN	at	358691  
359821	[1130]	:	Key	97	UP	at	358802  
360778	[957]	:	Key	98	DOWN	at	360778  
361915	[1137]	:	Key	98	UP	at	360826  
362794	[879]	:	Key	98	DOWN	at	362794  
363924	[1130]	:	Key	98	UP	at	362866  
364786	[862]	:	Key	97	DOWN	at	364786  
365932	[1146]	:	Key	97	UP	at	364866  
366950	[1018]	:	Key	97	DOWN	at	366950  
368091	[1141]	:	Key	97	UP	at	366952  
370170	[2079]	:	Key	97	DOWN	at	370170  
371302	[1132]	:	Key	97	UP	at	370249  
372098	[796]	:	Key	97	DOWN	at	372098  
373324	[1226]	:	Key	97	UP	at	372193  
375435	[2111]	:	Key	71	DOWN	at	375435  
375797	[362]	:	Key	71	UP	at	375563  
404010	[28213]	:	Key	97	DOWN	at	404010  
404120	[110]	:	Key	97	UP	at	404090  
409378	[5258]	:	Key	97	DOWN	at	409378  
409465	[87]	:	Key	97	UP	at	409427  
435722	[26257]	:	Key	97	DOWN	at	435722  
435834	[112]	:	Key	97	UP	at	435834  
457210	[21376]	:	Key	97	DOWN	at	457210  
457326	[116]	:	Key	97	UP	at	457313  
468714	[11388]	:	Key	97	DOWN	at	468714  
468803	[89]	:	Key	97	UP	at	468803  
495155	[26352]	:	Key	97	DOWN	at	495155  
495289	[134]	:	Key	97	UP	at	495227  
499723	[4434]	:	Key	97	DOWN	at	499723  
499848	[125]	:	Key	97	UP	at	499819  
510954	[11106]	:	Key	97	DOWN	at	510954  
511043	[89]	:	Key	97	UP	at	511033  
518322	[7279]	:	Key	97	DOWN	at	518322  
518414	[92]	:	Key	97	UP	at	518402  
529875	[11461]	:	Key	97	DOWN	at	529875  
530005	[130]	:	Key	97	UP	at	529963  
542042	[12037]	:	Key	97	DOWN	at	542042  
542145	[103]	:	Key	97	UP	at	542138  
548195	[6050]	:	Key	97	DOWN	at	548195  
548290	[95]	:	Key	97	UP	at	548282  
559842	[11552]	:	Key	97	DOWN	at	559842  
559937	[95]	:	Key	97	UP	at	559930  
567459	[7522]	:	Key	97	DOWN	at	567459  
567575	[116]	:	Key	97	UP	at	567554  
574514	[6939]	:	Key	97	DOWN	at	574514  
574638	[124]	:	Key	97	UP	at	574594  
585739	[11101]	:	Key	98	DOWN	at	585739  
585866	[127]	:	Key	98	UP	at	585866  
586474	[608]	:	Key	97	DOWN	at	586474  
586586	[112]	:	Key	97	UP	at	586586  
587018	[432]	:	Key	97	DOWN	at	587018  
587114	[96]	:	Key	97	UP	at	587114  
594234	[7120]	:	Key	97	DOWN	at	594234  
594338	[104]	:	Key	97	UP	at	594322  
604331	[9993]	:	Key	97	DOWN	at	604331  
604453	[122]	:	Key	97	UP	at	604410  
611994	[7541]	:	Key	97	DOWN	at	611994  
612098	[104]	:	Key	97	UP	at	612098  
617010	[4912]	:	Key	97	DOWN	at	617010  
618010	[1000]	:	Key	97	UP	at	617089  
618891	[881]	:	Key	71	DOWN	at	618891  
619192	[301]	:	Key	71	UP	at	619003  
622290	[3098]	:	Key	98	DOWN	at	622290  
622402	[112]	:	Key	98	UP	at	622402  
627418	[5016]	:	Key	71	DOWN	at	627418  
745706	[118288]	:	Key	71	DOWN	at	745706  
745818	[112]	:	Key	71	UP	at	745818  
747546	[1728]	:	Key	71	DOWN	at	747546  
1252382	[504836]	:	Key	71	DOWN	at	1252382 
1252384	[2]	:	Key	71	UP	at	1252384 
1297400	[45016]	:	Key	97	DOWN	at	1297400 
1298400	[1000]	:	Key	97	UP	at	1297401 
1300579	[2179]	:	Key	71	DOWN	at	1300579 
1824492	[523913]	:	Key	97	DOWN	at	1824492 
1825492	[1000]	:	Key	97	UP	at	1824572 
1826180	[688]	:	Key	71	DOWN	at	1826180 
2356772	[530592]	:	Key	97	DOWN	at	2356772 
2357772	[1000]	:	Key	97	UP	at	2356876 
2359676	[1904]	:	Key	71	DOWN	at	2359676 
2903228	[543552]	:	Key	71	DOWN	at	2903228 
2903340	[112]	:	Key	71	UP	at	2903340 
2904628	[1288]	:	Key	97	DOWN	at	2904628 
2905628	[1000]	:	Key	97	UP	at	2904708 
2913932	[8304]	:	Key	71	DOWN	at	2913932 
4014918	[1100986]	:	Key	71	DOWN	at	4014918 
4015372	[454]	:	Key	71	UP	at	4015030 
4015449	[77]	:	COGENT STOP
