Cog2000 log file Wed Feb 17 09:50:29 2021
gprim v1.33 Compiled:Aug 12 2015 (GLib DirectDraw v7 DX10.0 Compiled:Aug 12 2015)
Display:1024x768x32 60.02Hz
Attaching E:\saharrajabi\final mbmf+drug task\cogent2000v1.33\toolbox\CogInput.mexw64
CogInput v1.05 Compiled: May 20 2010
4	[4]	:	COGENT START
11998	[11994]	:	Key	97	DOWN	at	11998   
12081	[83]	:	Key	97	UP	at	12055   
12518	[437]	:	Key	97	DOWN	at	12518   
12606	[88]	:	Key	97	UP	at	12606   
12902	[296]	:	Key	97	DOWN	at	12902   
13902	[1000]	:	Key	97	UP	at	13015   
16732	[2830]	:	Key	71	DOWN	at	16732   
16922	[190]	:	Key	71	UP	at	16804   
21572	[4650]	:	Key	71	DOWN	at	21572   
24956	[3384]	:	Key	71	UP	at	21700   
26188	[1232]	:	Key	71	DOWN	at	26188   
29489	[3301]	:	Key	71	UP	at	26340   
30683	[1194]	:	Key	71	DOWN	at	30683   
33983	[3300]	:	Key	71	UP	at	30867   
35330	[1347]	:	Key	71	DOWN	at	35330   
38629	[3299]	:	Key	71	UP	at	35467   
41433	[2804]	:	Key	71	DOWN	at	41433   
44732	[3299]	:	Key	71	UP	at	41570   
47480	[2748]	:	Key	71	DOWN	at	47480   
50750	[3270]	:	Key	71	UP	at	47632   
52128	[1378]	:	Key	71	DOWN	at	52128   
55406	[3278]	:	Key	71	UP	at	52232   
55824	[418]	:	Key	71	DOWN	at	55824   
59115	[3291]	:	Key	71	UP	at	55945   
60375	[1260]	:	Key	71	DOWN	at	60375   
63675	[3300]	:	Key	71	UP	at	60520   
66528	[2853]	:	Key	71	DOWN	at	66528   
69829	[3301]	:	Key	71	UP	at	66705   
72223	[2394]	:	Key	71	DOWN	at	72223   
75523	[3300]	:	Key	71	UP	at	72344   
77647	[2124]	:	Key	71	DOWN	at	77647   
80947	[3300]	:	Key	71	UP	at	77743   
82672	[1725]	:	Key	71	DOWN	at	82672   
85972	[3300]	:	Key	71	UP	at	82808   
89126	[3154]	:	Key	71	DOWN	at	89126   
92395	[3269]	:	Key	71	UP	at	89255   
93973	[1578]	:	Key	71	DOWN	at	93973   
97269	[3296]	:	Key	71	UP	at	94101   
104942	[7673]	:	Key	71	DOWN	at	104942  
108227	[3285]	:	Key	71	UP	at	105078  
110518	[2291]	:	Key	71	DOWN	at	110518  
113798	[3280]	:	Key	71	UP	at	110646  
115853	[2055]	:	Key	71	DOWN	at	115853  
119119	[3266]	:	Key	71	UP	at	115973  
121326	[2207]	:	Key	71	DOWN	at	121326  
124624	[3298]	:	Key	71	UP	at	121454  
126950	[2326]	:	Key	71	DOWN	at	126950  
130227	[3277]	:	Key	71	UP	at	127095  
132373	[2146]	:	Key	71	DOWN	at	132373  
135670	[3297]	:	Key	71	UP	at	132534  
137046	[1376]	:	Key	71	DOWN	at	137046  
140340	[3294]	:	Key	71	UP	at	137231  
141310	[970]	:	Key	71	DOWN	at	141310  
144610	[3300]	:	Key	71	UP	at	141454  
145774	[1164]	:	Key	71	DOWN	at	145774  
149066	[3292]	:	Key	71	UP	at	145942  
149941	[875]	:	Key	71	DOWN	at	149941  
153238	[3297]	:	Key	71	UP	at	150117  
154919	[1681]	:	Key	71	DOWN	at	154919  
158216	[3297]	:	Key	71	UP	at	155039  
160646	[2430]	:	Key	71	DOWN	at	160646  
163943	[3297]	:	Key	71	UP	at	160822  
167070	[3127]	:	Key	71	DOWN	at	167070  
170359	[3289]	:	Key	71	UP	at	167214  
171478	[1119]	:	Key	71	DOWN	at	171478  
174770	[3292]	:	Key	71	UP	at	171767  
176494	[1724]	:	Key	71	DOWN	at	176494  
179794	[3300]	:	Key	71	UP	at	176639  
182142	[2348]	:	Key	71	DOWN	at	182142  
185441	[3299]	:	Key	71	UP	at	182318  
186271	[830]	:	Key	71	DOWN	at	186271  
189571	[3300]	:	Key	71	UP	at	186463  
191414	[1843]	:	Key	71	DOWN	at	191414  
194715	[3301]	:	Key	71	UP	at	191599  
196717	[2002]	:	Key	71	DOWN	at	196717  
200016	[3299]	:	Key	71	UP	at	196863  
201277	[1261]	:	Key	71	DOWN	at	201277  
204573	[3296]	:	Key	71	UP	at	201422  
206487	[1914]	:	Key	71	DOWN	at	206487  
209786	[3299]	:	Key	71	UP	at	206607  
211974	[2188]	:	Key	71	DOWN	at	211974  
215275	[3301]	:	Key	71	UP	at	212111  
216302	[1027]	:	Key	71	DOWN	at	216302  
219602	[3300]	:	Key	71	UP	at	216461  
221223	[1621]	:	Key	71	DOWN	at	221223  
224522	[3299]	:	Key	71	UP	at	221335  
227766	[3244]	:	Key	71	DOWN	at	227766  
231065	[3299]	:	Key	71	UP	at	227887  
232486	[1421]	:	Key	71	DOWN	at	232486  
235779	[3293]	:	Key	71	UP	at	232647  
239359	[3580]	:	Key	71	DOWN	at	239359  
242660	[3301]	:	Key	71	UP	at	239543  
246726	[4066]	:	Key	71	DOWN	at	246726  
250026	[3300]	:	Key	71	UP	at	246839  
252350	[2324]	:	Key	71	DOWN	at	252350  
255650	[3300]	:	Key	71	UP	at	252527  
258471	[2821]	:	Key	71	DOWN	at	258471  
261769	[3298]	:	Key	71	UP	at	258575  
262822	[1053]	:	Key	71	DOWN	at	262822  
266122	[3300]	:	Key	71	UP	at	262966  
268022	[1900]	:	Key	71	DOWN	at	268022  
271323	[3301]	:	Key	71	UP	at	268206  
272325	[1002]	:	Key	71	DOWN	at	272325  
276285	[3960]	:	Key	71	UP	at	272477  
280318	[4033]	:	Key	71	DOWN	at	280318  
281361	[1043]	:	Key	71	UP	at	280447  
285398	[4037]	:	Key	97	DOWN	at	285398  
286560	[1162]	:	Key	97	UP	at	285511  
288413	[1853]	:	Key	97	DOWN	at	288413  
289533	[1120]	:	Key	97	UP	at	288487  
290374	[841]	:	Key	97	DOWN	at	290374  
291505	[1131]	:	Key	97	UP	at	290485  
292582	[1077]	:	Key	98	DOWN	at	292582  
293704	[1122]	:	Key	98	UP	at	292654  
294982	[1278]	:	Key	97	DOWN	at	294982  
296106	[1124]	:	Key	97	UP	at	295063  
296990	[884]	:	Key	97	DOWN	at	296990  
298112	[1122]	:	Key	97	UP	at	297086  
299270	[1158]	:	Key	97	DOWN	at	299270  
300397	[1127]	:	Key	97	UP	at	299342  
301774	[1377]	:	Key	98	DOWN	at	301774  
303496	[1722]	:	Key	98	UP	at	301894  
305158	[1662]	:	Key	71	DOWN	at	305158  
306200	[1042]	:	Key	71	UP	at	305255  
306941	[741]	:	Key	97	DOWN	at	306941  
308056	[1115]	:	Key	97	UP	at	307014  
309510	[1454]	:	Key	97	DOWN	at	309510  
309510	[0]	:	Key	97	UP	at	309510  
311468	[1958]	:	Key	98	DOWN	at	311468  
312585	[1117]	:	Key	98	UP	at	311556  
313100	[515]	:	Key	97	DOWN	at	313100  
314222	[1122]	:	Key	97	UP	at	313196  
315509	[1287]	:	Key	98	DOWN	at	315509  
316651	[1142]	:	Key	98	UP	at	315573  
317596	[945]	:	Key	98	DOWN	at	317596  
318725	[1129]	:	Key	98	UP	at	317636  
319884	[1159]	:	Key	97	DOWN	at	319884  
321008	[1124]	:	Key	97	UP	at	319965  
321948	[940]	:	Key	97	DOWN	at	321948  
323199	[1251]	:	Key	97	UP	at	322043  
329595	[6396]	:	Key	71	DOWN	at	329595  
329938	[343]	:	Key	71	UP	at	329915  
334787	[4849]	:	Key	71	DOWN	at	334787  
335051	[264]	:	Key	71	UP	at	335051  
336683	[1632]	:	Key	71	DOWN	at	336683  
339983	[3300]	:	Key	71	UP	at	336748  
342210	[2227]	:	Key	71	DOWN	at	342210  
345509	[3299]	:	Key	71	UP	at	342290  
352283	[6774]	:	Key	71	DOWN	at	352283  
355582	[3299]	:	Key	71	UP	at	352420  
357659	[2077]	:	Key	71	DOWN	at	357659  
360954	[3295]	:	Key	71	UP	at	357810  
362475	[1521]	:	Key	71	DOWN	at	362475  
365774	[3299]	:	Key	71	UP	at	362580  
367180	[1406]	:	Key	71	DOWN	at	367180  
370478	[3298]	:	Key	71	UP	at	367292  
372323	[1845]	:	Key	71	DOWN	at	372323  
375623	[3300]	:	Key	71	UP	at	372436  
377619	[1996]	:	Key	71	DOWN	at	377619  
380919	[3300]	:	Key	71	UP	at	377723  
382460	[1541]	:	Key	71	DOWN	at	382460  
385748	[3288]	:	Key	71	UP	at	382548  
387531	[1783]	:	Key	71	DOWN	at	387531  
390831	[3300]	:	Key	71	UP	at	387660  
392106	[1275]	:	Key	71	DOWN	at	392106  
395404	[3298]	:	Key	71	UP	at	392228  
396564	[1160]	:	Key	71	DOWN	at	396564  
399858	[3294]	:	Key	71	UP	at	396716  
402268	[2410]	:	Key	71	DOWN	at	402268  
405568	[3300]	:	Key	71	UP	at	402388  
406883	[1315]	:	Key	71	DOWN	at	406883  
410171	[3288]	:	Key	71	UP	at	407004  
410939	[768]	:	Key	71	DOWN	at	410939  
414239	[3300]	:	Key	71	UP	at	411074  
415644	[1405]	:	Key	71	DOWN	at	415644  
419561	[3917]	:	Key	71	UP	at	415772  
425575	[6014]	:	Key	71	DOWN	at	425575  
426614	[1039]	:	Key	71	UP	at	425712  
427455	[841]	:	Key	97	DOWN	at	427455  
428585	[1130]	:	Key	97	UP	at	427535  
429583	[998]	:	Key	98	DOWN	at	429583  
429583	[0]	:	Key	98	UP	at	429583  
431464	[1881]	:	Key	97	DOWN	at	431464  
432603	[1139]	:	Key	97	UP	at	431520  
433232	[629]	:	Key	97	DOWN	at	433232  
434371	[1139]	:	Key	97	UP	at	433320  
435327	[956]	:	Key	98	DOWN	at	435327  
436474	[1147]	:	Key	98	UP	at	435375  
437671	[1197]	:	Key	98	DOWN	at	437671  
438791	[1120]	:	Key	98	UP	at	437759  
439959	[1168]	:	Key	97	DOWN	at	439959  
441072	[1113]	:	Key	97	UP	at	440039  
441735	[663]	:	Key	98	DOWN	at	441735  
443443	[1708]	:	Key	98	UP	at	441799  
444919	[1476]	:	Key	71	DOWN	at	444919  
445969	[1050]	:	Key	71	UP	at	445112  
446703	[734]	:	Key	98	DOWN	at	446703  
447822	[1119]	:	Key	98	UP	at	446806  
448679	[857]	:	Key	97	DOWN	at	448679  
449797	[1118]	:	Key	97	UP	at	448775  
450696	[899]	:	Key	97	DOWN	at	450696  
451816	[1120]	:	Key	97	UP	at	450799  
452447	[631]	:	Key	98	DOWN	at	452447  
453572	[1125]	:	Key	98	UP	at	452535  
454232	[660]	:	Key	97	DOWN	at	454232  
455371	[1139]	:	Key	97	UP	at	454319  
456000	[629]	:	Key	97	DOWN	at	456000  
457125	[1125]	:	Key	97	UP	at	456071  
457783	[658]	:	Key	97	DOWN	at	457783  
458897	[1114]	:	Key	97	UP	at	457856  
459855	[958]	:	Key	97	DOWN	at	459855  
461048	[1193]	:	Key	97	UP	at	459927  
463991	[2943]	:	Key	71	DOWN	at	463991  
464313	[322]	:	Key	71	UP	at	464096  
466008	[1695]	:	Key	71	DOWN	at	466008  
466167	[159]	:	Key	71	UP	at	466167  
470984	[4817]	:	Key	71	DOWN	at	470984  
474285	[3301]	:	Key	71	UP	at	471104  
474814	[529]	:	Key	71	DOWN	at	474814  
478113	[3299]	:	Key	71	UP	at	474959  
479117	[1004]	:	Key	71	DOWN	at	479117  
482416	[3299]	:	Key	71	UP	at	479231  
482418	[2]	:	Key	71	DOWN	at	481775  
482419	[1]	:	Key	71	UP	at	481895  
483206	[787]	:	Key	71	DOWN	at	483206  
486505	[3299]	:	Key	71	UP	at	483327  
487719	[1214]	:	Key	71	DOWN	at	487719  
491015	[3296]	:	Key	71	UP	at	487855  
493892	[2877]	:	Key	71	DOWN	at	493892  
497191	[3299]	:	Key	71	UP	at	493965  
497676	[485]	:	Key	71	DOWN	at	497676  
500977	[3301]	:	Key	71	UP	at	497837  
502693	[1716]	:	Key	71	DOWN	at	502693  
506602	[3909]	:	Key	71	UP	at	502845  
509892	[3290]	:	Key	71	DOWN	at	509892  
510924	[1032]	:	Key	71	UP	at	509949  
511860	[936]	:	Key	98	DOWN	at	511860  
512976	[1116]	:	Key	98	UP	at	511948  
515515	[2539]	:	Key	97	DOWN	at	515515  
516635	[1120]	:	Key	97	UP	at	515708  
517515	[880]	:	Key	97	DOWN	at	517515  
518640	[1125]	:	Key	97	UP	at	517693  
519634	[994]	:	Key	97	DOWN	at	519634  
519634	[0]	:	Key	97	UP	at	519634  
521445	[1811]	:	Key	97	DOWN	at	521445  
522572	[1127]	:	Key	97	UP	at	521636  
523660	[1088]	:	Key	97	DOWN	at	523660  
524794	[1134]	:	Key	97	UP	at	523849  
525500	[706]	:	Key	97	DOWN	at	525500  
526624	[1124]	:	Key	97	UP	at	525701  
527340	[716]	:	Key	98	DOWN	at	527340  
529020	[1680]	:	Key	98	UP	at	527500  
529972	[952]	:	Key	71	DOWN	at	529972  
531013	[1041]	:	Key	71	UP	at	530101  
532340	[1327]	:	Key	98	DOWN	at	532340  
533471	[1131]	:	Key	98	UP	at	532404  
534780	[1309]	:	Key	98	DOWN	at	534780  
535897	[1117]	:	Key	98	UP	at	534828  
535898	[1]	:	Key	98	DOWN	at	534891  
535898	[0]	:	Key	98	UP	at	534941  
536589	[691]	:	Key	97	DOWN	at	536589  
537701	[1112]	:	Key	97	UP	at	536750  
538530	[829]	:	Key	98	DOWN	at	538530  
539645	[1115]	:	Key	98	UP	at	538658  
541026	[1381]	:	Key	97	DOWN	at	541026  
542141	[1115]	:	Key	97	UP	at	541163  
542874	[733]	:	Key	98	DOWN	at	542874  
543995	[1121]	:	Key	98	UP	at	543019  
544930	[935]	:	Key	98	DOWN	at	544930  
546033	[1103]	:	Key	98	UP	at	545018  
546810	[777]	:	Key	98	DOWN	at	546810  
547998	[1188]	:	Key	98	UP	at	546963  
550098	[2100]	:	Key	71	DOWN	at	550098  
550418	[320]	:	Key	71	UP	at	550259  
551746	[1328]	:	Key	71	DOWN	at	551746  
551930	[184]	:	Key	71	UP	at	551930  
552818	[888]	:	Key	71	DOWN	at	552818  
556115	[3297]	:	Key	71	UP	at	552883  
557011	[896]	:	Key	71	DOWN	at	557011  
560300	[3289]	:	Key	71	UP	at	557091  
561226	[926]	:	Key	71	DOWN	at	561226  
564525	[3299]	:	Key	71	UP	at	561354  
565426	[901]	:	Key	71	DOWN	at	565426  
568725	[3299]	:	Key	71	UP	at	565579  
569722	[997]	:	Key	71	DOWN	at	569722  
573023	[3301]	:	Key	71	UP	at	569827  
574818	[1795]	:	Key	71	DOWN	at	574818  
578116	[3298]	:	Key	71	UP	at	574971  
579653	[1537]	:	Key	71	DOWN	at	579653  
579655	[2]	:	Key	71	UP	at	579654  
583514	[3859]	:	Key	71	DOWN	at	583514  
587392	[3878]	:	Key	71	UP	at	583683  
588306	[914]	:	Key	71	DOWN	at	588306  
589351	[1045]	:	Key	71	UP	at	588524  
590115	[764]	:	Key	97	DOWN	at	590115  
591230	[1115]	:	Key	97	UP	at	590226  
591883	[653]	:	Key	97	DOWN	at	591883  
593020	[1137]	:	Key	97	UP	at	592002  
593626	[606]	:	Key	97	DOWN	at	593626  
594746	[1120]	:	Key	97	UP	at	594654  
595595	[849]	:	Key	97	DOWN	at	595595  
596732	[1137]	:	Key	97	UP	at	595706  
597467	[735]	:	Key	97	DOWN	at	597467  
598572	[1105]	:	Key	97	UP	at	597586  
599370	[798]	:	Key	97	DOWN	at	599370  
600484	[1114]	:	Key	97	UP	at	599490  
601498	[1014]	:	Key	98	DOWN	at	601498  
602610	[1112]	:	Key	98	UP	at	601578  
603474	[864]	:	Key	97	DOWN	at	603474  
605177	[1703]	:	Key	97	UP	at	603578  
605754	[577]	:	Key	71	DOWN	at	605754  
606795	[1041]	:	Key	71	UP	at	605876  
607506	[711]	:	Key	97	DOWN	at	607506  
608616	[1110]	:	Key	97	UP	at	607594  
609662	[1046]	:	Key	97	DOWN	at	609662  
609662	[0]	:	Key	97	UP	at	609662  
611354	[1692]	:	Key	97	DOWN	at	611354  
612471	[1117]	:	Key	97	UP	at	611458  
613162	[691]	:	Key	98	DOWN	at	613162  
614282	[1120]	:	Key	98	UP	at	613226  
614818	[536]	:	Key	97	DOWN	at	614818  
615936	[1118]	:	Key	97	UP	at	614914  
616970	[1034]	:	Key	98	DOWN	at	616970  
618096	[1126]	:	Key	98	UP	at	617026  
618762	[666]	:	Key	97	DOWN	at	618762  
619892	[1130]	:	Key	97	UP	at	618850  
620842	[950]	:	Key	97	DOWN	at	620842  
622028	[1186]	:	Key	97	UP	at	620914  
628905	[6877]	:	Key	71	DOWN	at	628905  
629255	[350]	:	Key	71	UP	at	628986  
631144	[1889]	:	Key	97	DOWN	at	631144  
631254	[110]	:	Key	97	UP	at	631224  
631905	[651]	:	Key	97	DOWN	at	631905  
631993	[88]	:	Key	97	UP	at	631936  
633984	[1991]	:	Key	97	DOWN	at	633984  
634088	[104]	:	Key	97	UP	at	634056  
635448	[1360]	:	Key	97	DOWN	at	635448  
635556	[108]	:	Key	97	UP	at	635528  
637248	[1692]	:	Key	97	DOWN	at	637248  
637368	[120]	:	Key	97	UP	at	637368  
637912	[544]	:	Key	97	DOWN	at	637912  
638016	[104]	:	Key	97	UP	at	638016  
638440	[424]	:	Key	97	DOWN	at	638440  
638552	[112]	:	Key	97	UP	at	638552  
639666	[1114]	:	Key	97	DOWN	at	639666  
639762	[96]	:	Key	97	UP	at	639667  
639928	[166]	:	Key	97	DOWN	at	639928  
640072	[144]	:	Key	97	UP	at	640072  
640800	[728]	:	Key	97	DOWN	at	640800  
640897	[97]	:	Key	97	UP	at	640897  
641689	[792]	:	Key	97	DOWN	at	641689  
641800	[111]	:	Key	97	UP	at	641800  
644505	[2705]	:	Key	97	DOWN	at	644505  
644598	[93]	:	Key	97	UP	at	644569  
646312	[1714]	:	Key	97	DOWN	at	646312  
646456	[144]	:	Key	97	UP	at	646456  
648574	[2118]	:	Key	97	DOWN	at	648574  
648710	[136]	:	Key	97	UP	at	648710  
655660	[6950]	:	Key	97	DOWN	at	655660  
655757	[97]	:	Key	97	UP	at	655740  
656612	[855]	:	Key	97	DOWN	at	656612  
656716	[104]	:	Key	97	UP	at	656716  
658853	[2137]	:	Key	97	DOWN	at	658853  
659004	[151]	:	Key	97	UP	at	659004  
659461	[457]	:	Key	97	DOWN	at	659461  
659613	[152]	:	Key	97	UP	at	659613  
660284	[671]	:	Key	98	DOWN	at	660284  
660404	[120]	:	Key	98	UP	at	660404  
671779	[11375]	:	Key	97	DOWN	at	671779  
671875	[96]	:	Key	97	UP	at	671875  
681499	[9624]	:	Key	97	DOWN	at	681499  
681828	[329]	:	Key	97	UP	at	681828  
685355	[3527]	:	Key	97	DOWN	at	685355  
686355	[1000]	:	Key	97	UP	at	685540  
688227	[1872]	:	Key	97	DOWN	at	688227  
688251	[24]	:	Key	97	UP	at	688251  
688267	[16]	:	Key	97	DOWN	at	688267  
688443	[176]	:	Key	97	UP	at	688443  
690411	[1968]	:	Key	71	DOWN	at	690411  
690739	[328]	:	Key	71	UP	at	690532  
691715	[976]	:	Key	71	DOWN	at	691715  
759727	[68012]	:	Key	71	DOWN	at	759727  
759803	[76]	:	Key	71	UP	at	759757  
762797	[2994]	:	Key	71	DOWN	at	762797  
1321079	[558282]	:	Key	97	DOWN	at	1321079 
1322079	[1000]	:	Key	97	UP	at	1321175 
1324175	[2096]	:	Key	71	DOWN	at	1324175 
1863920	[539745]	:	Key	97	DOWN	at	1863920 
1864920	[1000]	:	Key	97	UP	at	1863985 
1868441	[3521]	:	Key	71	DOWN	at	1868441 
2440557	[572116]	:	Key	97	DOWN	at	2440557 
2440557	[0]	:	Key	97	UP	at	2440557 
2448770	[8213]	:	Key	71	DOWN	at	2448770 
3018538	[569768]	:	Key	97	DOWN	at	3018538 
3019538	[1000]	:	Key	97	UP	at	3018675 
3020834	[1296]	:	Key	71	DOWN	at	3020834 
3554514	[533680]	:	Key	71	DOWN	at	3554514 
3554549	[35]	:	COGENT STOP
