Cog2000 log file Sat Jan 30 11:24:32 2021
gprim v1.33 Compiled:Aug 12 2015 (GLib DirectDraw v7 DX10.0 Compiled:Aug 12 2015)
Display:1024x768x32 60.02Hz
Attaching E:\Sahar Rajabi\Final MBMF+Drug Task\Cogent2000v1.33\Toolbox\CogInput.mexw64
CogInput v1.05 Compiled: May 20 2010
4	[4]	:	COGENT START
28294	[28290]	:	Key	97	DOWN	at	28293   
28518	[224]	:	Key	97	UP	at	28517   
30117	[1599]	:	Key	98	DOWN	at	30117   
30293	[176]	:	Key	98	UP	at	30293   
30933	[640]	:	Key	97	DOWN	at	30933   
31044	[111]	:	Key	97	UP	at	31044   
44957	[13913]	:	Key	97	DOWN	at	44957   
45077	[120]	:	Key	97	UP	at	45077   
66941	[21864]	:	Key	97	DOWN	at	66941   
67941	[1000]	:	Key	97	UP	at	67029   
81421	[13480]	:	Key	71	DOWN	at	81421   
81621	[200]	:	Key	71	UP	at	81621   
84684	[3063]	:	Key	71	DOWN	at	84684   
88086	[3402]	:	Key	71	UP	at	84869   
92565	[4479]	:	Key	71	DOWN	at	92565   
95880	[3315]	:	Key	71	UP	at	92789   
98996	[3116]	:	Key	71	DOWN	at	98996   
102298	[3302]	:	Key	71	UP	at	99245   
104996	[2698]	:	Key	71	DOWN	at	104996  
108297	[3301]	:	Key	71	UP	at	105213  
111436	[3139]	:	Key	71	DOWN	at	111436  
114739	[3303]	:	Key	71	UP	at	111637  
118852	[4113]	:	Key	71	DOWN	at	118852  
122154	[3302]	:	Key	71	UP	at	119069  
124620	[2466]	:	Key	71	DOWN	at	124620  
127921	[3301]	:	Key	71	UP	at	125136  
130372	[2451]	:	Key	71	DOWN	at	130372  
133672	[3300]	:	Key	71	UP	at	130597  
135436	[1764]	:	Key	71	DOWN	at	135436  
138727	[3291]	:	Key	71	UP	at	135701  
140279	[1552]	:	Key	71	DOWN	at	140279  
143581	[3302]	:	Key	71	UP	at	140299  
144980	[1399]	:	Key	71	DOWN	at	144980  
148280	[3300]	:	Key	71	UP	at	145189  
150964	[2684]	:	Key	71	DOWN	at	150964  
154266	[3302]	:	Key	71	UP	at	151157  
155551	[1285]	:	Key	71	DOWN	at	155551  
158851	[3300]	:	Key	71	UP	at	155571  
160181	[1330]	:	Key	71	DOWN	at	160181  
163484	[3303]	:	Key	71	UP	at	160486  
164812	[1328]	:	Key	71	DOWN	at	164812  
168115	[3303]	:	Key	71	UP	at	165053  
169028	[913]	:	Key	71	DOWN	at	169028  
172329	[3301]	:	Key	71	UP	at	169197  
173236	[907]	:	Key	71	DOWN	at	173236  
176538	[3302]	:	Key	71	UP	at	173451  
177668	[1130]	:	Key	71	DOWN	at	177668  
180969	[3301]	:	Key	71	UP	at	177868  
181996	[1027]	:	Key	71	DOWN	at	181996  
185298	[3302]	:	Key	71	UP	at	182220  
186700	[1402]	:	Key	71	DOWN	at	186700  
190003	[3303]	:	Key	71	UP	at	186901  
190820	[817]	:	Key	71	DOWN	at	190820  
194109	[3289]	:	Key	71	UP	at	191045  
195389	[1280]	:	Key	71	DOWN	at	195389  
198680	[3291]	:	Key	71	UP	at	195574  
200684	[2004]	:	Key	71	DOWN	at	200684  
203985	[3301]	:	Key	71	UP	at	200853  
204916	[931]	:	Key	71	DOWN	at	204916  
208217	[3301]	:	Key	71	UP	at	205100  
210732	[2515]	:	Key	71	DOWN	at	210732  
214035	[3303]	:	Key	71	UP	at	210909  
215691	[1656]	:	Key	71	DOWN	at	215691  
218992	[3301]	:	Key	71	UP	at	215733  
219907	[915]	:	Key	71	DOWN	at	219907  
223209	[3302]	:	Key	71	UP	at	220139  
223899	[690]	:	Key	71	DOWN	at	223899  
227187	[3288]	:	Key	71	UP	at	224132  
228210	[1023]	:	Key	71	DOWN	at	228210  
231493	[3283]	:	Key	71	UP	at	228460  
231996	[503]	:	Key	71	DOWN	at	231996  
235298	[3302]	:	Key	71	UP	at	232197  
236579	[1281]	:	Key	71	DOWN	at	236579  
239879	[3300]	:	Key	71	UP	at	236828  
241427	[1548]	:	Key	71	DOWN	at	241427  
244730	[3303]	:	Key	71	UP	at	241620  
247172	[2442]	:	Key	71	DOWN	at	247172  
250473	[3301]	:	Key	71	UP	at	247397  
252443	[1970]	:	Key	71	DOWN	at	252443  
255744	[3301]	:	Key	71	UP	at	252588  
257051	[1307]	:	Key	71	DOWN	at	257051  
260351	[3300]	:	Key	71	UP	at	257228  
261059	[708]	:	Key	71	DOWN	at	261059  
264347	[3288]	:	Key	71	UP	at	261244  
265315	[968]	:	Key	71	DOWN	at	265315  
268615	[3300]	:	Key	71	UP	at	265445  
269283	[668]	:	Key	71	DOWN	at	269283  
272572	[3289]	:	Key	71	UP	at	269412  
273458	[886]	:	Key	71	DOWN	at	273458  
276759	[3301]	:	Key	71	UP	at	273610  
277715	[956]	:	Key	71	DOWN	at	277715  
281018	[3303]	:	Key	71	UP	at	277884  
281955	[937]	:	Key	71	DOWN	at	281955  
285257	[3302]	:	Key	71	UP	at	282117  
285259	[2]	:	Key	71	DOWN	at	284965  
285260	[1]	:	Key	71	UP	at	285133  
287299	[2039]	:	Key	71	DOWN	at	287299  
290600	[3301]	:	Key	71	UP	at	287428  
291818	[1218]	:	Key	71	DOWN	at	291818  
295119	[3301]	:	Key	71	UP	at	291996  
295859	[740]	:	Key	71	DOWN	at	295859  
299151	[3292]	:	Key	71	UP	at	296004  
300108	[957]	:	Key	71	DOWN	at	300108  
303411	[3303]	:	Key	71	UP	at	300275  
303413	[2]	:	Key	71	DOWN	at	303029  
303414	[1]	:	Key	71	UP	at	303197  
305022	[1608]	:	Key	71	DOWN	at	305022  
308319	[3297]	:	Key	71	UP	at	305042  
308320	[1]	:	Key	71	DOWN	at	307628  
308321	[1]	:	Key	71	UP	at	307804  
309883	[1562]	:	Key	71	DOWN	at	309883  
313185	[3302]	:	Key	71	UP	at	310060  
313987	[802]	:	Key	71	DOWN	at	313987  
317969	[3982]	:	Key	71	UP	at	314140  
380971	[63002]	:	Key	71	DOWN	at	380971  
382021	[1050]	:	Key	71	UP	at	381116  
383098	[1077]	:	Key	97	DOWN	at	383098  
384216	[1118]	:	Key	97	UP	at	383234  
385083	[867]	:	Key	98	DOWN	at	385083  
386208	[1125]	:	Key	98	UP	at	385260  
387252	[1044]	:	Key	97	DOWN	at	387252  
388386	[1134]	:	Key	97	UP	at	387355  
389388	[1002]	:	Key	97	DOWN	at	389388  
390517	[1129]	:	Key	97	UP	at	389539  
391523	[1006]	:	Key	97	DOWN	at	391523  
392652	[1129]	:	Key	97	UP	at	391676  
393707	[1055]	:	Key	97	DOWN	at	393707  
394819	[1112]	:	Key	97	UP	at	393835  
396387	[1568]	:	Key	98	DOWN	at	396387  
397510	[1123]	:	Key	98	UP	at	396532  
398483	[973]	:	Key	97	DOWN	at	398483  
400237	[1754]	:	Key	97	UP	at	398595  
408580	[8343]	:	Key	71	DOWN	at	408580  
409631	[1051]	:	Key	71	UP	at	408693  
411187	[1556]	:	Key	97	DOWN	at	411187  
412313	[1126]	:	Key	97	UP	at	411276  
413747	[1434]	:	Key	97	DOWN	at	413747  
414854	[1107]	:	Key	97	UP	at	413859  
415579	[725]	:	Key	98	DOWN	at	415579  
416710	[1131]	:	Key	98	UP	at	415788  
417931	[1221]	:	Key	98	DOWN	at	417931  
419024	[1093]	:	Key	98	UP	at	418076  
420147	[1123]	:	Key	97	DOWN	at	420147  
421279	[1132]	:	Key	97	UP	at	420276  
422219	[940]	:	Key	97	DOWN	at	422219  
423334	[1115]	:	Key	97	UP	at	422331  
424571	[1237]	:	Key	97	DOWN	at	424571  
425704	[1133]	:	Key	97	UP	at	424675  
426668	[964]	:	Key	97	DOWN	at	426668  
427880	[1212]	:	Key	97	UP	at	426763  
430779	[2899]	:	Key	71	DOWN	at	430779  
431106	[327]	:	Key	71	UP	at	430892  
461172	[30066]	:	Key	71	DOWN	at	461172  
461340	[168]	:	Key	71	UP	at	461340  
465123	[3783]	:	Key	71	DOWN	at	465123  
465355	[232]	:	Key	71	UP	at	465355  
468211	[2856]	:	Key	97	DOWN	at	468211  
468370	[159]	:	Key	97	UP	at	468315  
477820	[9450]	:	Key	97	DOWN	at	477820  
477912	[92]	:	Key	97	UP	at	477908  
491650	[13738]	:	Key	97	DOWN	at	491650  
491771	[121]	:	Key	97	UP	at	491771  
500454	[8683]	:	Key	97	DOWN	at	500454  
500549	[95]	:	Key	97	UP	at	500474  
514004	[13455]	:	Key	97	DOWN	at	514004  
514155	[151]	:	Key	97	UP	at	514155  
536579	[22424]	:	Key	97	DOWN	at	536579  
536716	[137]	:	Key	97	UP	at	536716  
542083	[5367]	:	Key	97	DOWN	at	542083  
542234	[151]	:	Key	97	UP	at	542234  
553523	[11289]	:	Key	97	DOWN	at	553523  
553651	[128]	:	Key	97	UP	at	553651  
562756	[9105]	:	Key	97	DOWN	at	562756  
562900	[144]	:	Key	97	UP	at	562900  
570524	[7624]	:	Key	97	DOWN	at	570524  
570700	[176]	:	Key	97	UP	at	570700  
586132	[15432]	:	Key	97	DOWN	at	586132  
586332	[200]	:	Key	97	UP	at	586332  
594571	[8239]	:	Key	97	DOWN	at	594571  
594739	[168]	:	Key	97	UP	at	594739  
607827	[13088]	:	Key	97	DOWN	at	607827  
607980	[153]	:	Key	97	UP	at	607980  
616004	[8024]	:	Key	97	DOWN	at	616004  
616188	[184]	:	Key	97	UP	at	616188  
634540	[18352]	:	Key	97	DOWN	at	634540  
634773	[233]	:	Key	97	UP	at	634773  
658347	[23574]	:	Key	97	DOWN	at	658347  
658524	[177]	:	Key	97	UP	at	658524  
668244	[9720]	:	Key	97	DOWN	at	668244  
668436	[192]	:	Key	97	UP	at	668436  
680814	[12378]	:	Key	97	DOWN	at	680814  
680903	[89]	:	Key	97	UP	at	680834  
691308	[10405]	:	Key	97	DOWN	at	691308  
691418	[110]	:	Key	97	UP	at	691418  
693842	[2424]	:	Key	97	DOWN	at	693842  
694842	[1000]	:	Key	97	UP	at	694010  
701691	[6849]	:	Key	71	DOWN	at	701691  
702016	[325]	:	Key	71	UP	at	701907  
703315	[1299]	:	Key	71	DOWN	at	703315  
820554	[117239]	:	Key	71	DOWN	at	820554  
820730	[176]	:	Key	71	UP	at	820730  
821850	[1120]	:	Key	71	DOWN	at	821850  
1358234	[536384]	:	Key	71	DOWN	at	1358234 
1358498	[264]	:	Key	71	UP	at	1358498 
1359306	[808]	:	Key	97	DOWN	at	1359306 
1359402	[96]	:	Key	97	UP	at	1359402 
1447568	[88166]	:	Key	97	DOWN	at	1447568 
1448568	[1000]	:	Key	97	UP	at	1447656 
1451488	[2920]	:	Key	71	DOWN	at	1451488 
2040656	[589168]	:	Key	97	DOWN	at	2040656 
2041656	[1000]	:	Key	97	UP	at	2040745 
2042936	[1280]	:	Key	71	DOWN	at	2042936 
2577720	[534784]	:	Key	97	DOWN	at	2577720 
2578720	[1000]	:	Key	97	UP	at	2577872 
2579824	[1104]	:	Key	71	DOWN	at	2579824 
3121766	[541942]	:	Key	97	DOWN	at	3121766 
3122766	[1000]	:	Key	97	UP	at	3121863 
3123550	[784]	:	Key	71	DOWN	at	3123550 
3701079	[577529]	:	Key	71	DOWN	at	3701079 
3701139	[60]	:	COGENT STOP
