Cog2000 log file Sat Feb 06 11:11:01 2021
gprim v1.33 Compiled:Aug 12 2015 (GLib DirectDraw v7 DX10.0 Compiled:Aug 12 2015)
Display:1024x768x32 60.02Hz
Attaching E:\Sahar Rajabi\Final MBMF+Drug Task\Cogent2000v1.33\Toolbox\CogInput.mexw64
CogInput v1.05 Compiled: May 20 2010
13	[13]	:	COGENT START
9758	[9745]	:	Key	97	DOWN	at	9757    
9917	[159]	:	Key	97	UP	at	9917    
11885	[1968]	:	Key	97	DOWN	at	11885   
12029	[144]	:	Key	97	UP	at	12029   
17293	[5264]	:	Key	97	DOWN	at	17293   
18293	[1000]	:	Key	97	UP	at	17437   
23892	[5599]	:	Key	71	DOWN	at	23892   
24212	[320]	:	Key	71	UP	at	24212   
27484	[3272]	:	Key	71	DOWN	at	27484   
30875	[3391]	:	Key	71	UP	at	27734   
33213	[2338]	:	Key	71	DOWN	at	33213   
36532	[3319]	:	Key	71	UP	at	33509   
37988	[1456]	:	Key	71	DOWN	at	37988   
41288	[3300]	:	Key	71	UP	at	38189   
42357	[1069]	:	Key	71	DOWN	at	42357   
45656	[3299]	:	Key	71	UP	at	42557   
47813	[2157]	:	Key	71	DOWN	at	47813   
51113	[3300]	:	Key	71	UP	at	47974   
51772	[659]	:	Key	71	DOWN	at	51772   
55062	[3290]	:	Key	71	UP	at	51941   
55836	[774]	:	Key	71	DOWN	at	55836   
59135	[3299]	:	Key	71	UP	at	56061   
61468	[2333]	:	Key	71	DOWN	at	61468   
64766	[3298]	:	Key	71	UP	at	61670   
65855	[1089]	:	Key	71	DOWN	at	65855   
69153	[3298]	:	Key	71	UP	at	65875   
70500	[1347]	:	Key	71	DOWN	at	70500   
73802	[3302]	:	Key	71	UP	at	70710   
74588	[786]	:	Key	71	DOWN	at	74588   
77876	[3288]	:	Key	71	UP	at	74789   
78389	[513]	:	Key	71	DOWN	at	78389   
81677	[3288]	:	Key	71	UP	at	78638   
82189	[512]	:	Key	71	DOWN	at	82189   
85488	[3299]	:	Key	71	UP	at	82382   
85490	[2]	:	Key	71	DOWN	at	85301   
85541	[51]	:	Key	71	UP	at	85541   
87061	[1520]	:	Key	71	DOWN	at	87061   
90362	[3301]	:	Key	71	UP	at	87221   
91124	[762]	:	Key	71	DOWN	at	91124   
94424	[3300]	:	Key	71	UP	at	91309   
96384	[1960]	:	Key	71	DOWN	at	96384   
99684	[3300]	:	Key	71	UP	at	96404   
100261	[577]	:	Key	71	DOWN	at	100261  
103551	[3290]	:	Key	71	UP	at	100462  
103933	[382]	:	Key	71	DOWN	at	103933  
107224	[3291]	:	Key	71	UP	at	104118  
107226	[2]	:	Key	71	DOWN	at	107005  
107292	[66]	:	Key	71	UP	at	107292  
109324	[2032]	:	Key	71	DOWN	at	109324  
112625	[3301]	:	Key	71	UP	at	109485  
113469	[844]	:	Key	71	DOWN	at	113469  
116770	[3301]	:	Key	71	UP	at	113622  
117717	[947]	:	Key	71	DOWN	at	117717  
121017	[3300]	:	Key	71	UP	at	117924  
121692	[675]	:	Key	71	DOWN	at	121692  
124991	[3299]	:	Key	71	UP	at	121909  
125967	[976]	:	Key	71	DOWN	at	125967  
129264	[3297]	:	Key	71	UP	at	125987  
129877	[613]	:	Key	71	DOWN	at	129877  
133164	[3287]	:	Key	71	UP	at	130094  
133581	[417]	:	Key	71	DOWN	at	133581  
136872	[3291]	:	Key	71	UP	at	133726  
137573	[701]	:	Key	71	DOWN	at	137573  
140873	[3300]	:	Key	71	UP	at	137756  
141684	[811]	:	Key	71	DOWN	at	141684  
144984	[3300]	:	Key	71	UP	at	141885  
146556	[1572]	:	Key	71	DOWN	at	146556  
149855	[3299]	:	Key	71	UP	at	146813  
150357	[502]	:	Key	71	DOWN	at	150357  
153656	[3299]	:	Key	71	UP	at	150550  
154141	[485]	:	Key	71	DOWN	at	154141  
157423	[3282]	:	Key	71	UP	at	154310  
158028	[605]	:	Key	71	DOWN	at	158028  
161316	[3288]	:	Key	71	UP	at	158230  
161884	[568]	:	Key	71	DOWN	at	161884  
165171	[3287]	:	Key	71	UP	at	162053  
165885	[714]	:	Key	71	DOWN	at	165885  
169173	[3288]	:	Key	71	UP	at	166078  
171469	[2296]	:	Key	71	DOWN	at	171469  
174767	[3298]	:	Key	71	UP	at	171510  
175381	[614]	:	Key	71	DOWN	at	175381  
178684	[3303]	:	Key	71	UP	at	175597  
179268	[584]	:	Key	71	DOWN	at	179268  
182567	[3299]	:	Key	71	UP	at	179501  
182925	[358]	:	Key	71	DOWN	at	182925  
186216	[3291]	:	Key	71	UP	at	183134  
186653	[437]	:	Key	71	DOWN	at	186653  
189952	[3299]	:	Key	71	UP	at	186854  
190381	[429]	:	Key	71	DOWN	at	190381  
193676	[3295]	:	Key	71	UP	at	190590  
194316	[640]	:	Key	71	DOWN	at	194316  
197605	[3289]	:	Key	71	UP	at	194572  
198188	[583]	:	Key	71	DOWN	at	198188  
201485	[3297]	:	Key	71	UP	at	198421  
201813	[328]	:	Key	71	DOWN	at	201813  
205111	[3298]	:	Key	71	UP	at	202158  
205637	[526]	:	Key	71	DOWN	at	205637  
208936	[3299]	:	Key	71	UP	at	205862  
210213	[1277]	:	Key	71	DOWN	at	210213  
213512	[3299]	:	Key	71	UP	at	210413  
214132	[620]	:	Key	71	DOWN	at	214132  
217426	[3294]	:	Key	71	UP	at	214405  
217893	[467]	:	Key	71	DOWN	at	217893  
221192	[3299]	:	Key	71	UP	at	218126  
221629	[437]	:	Key	71	DOWN	at	221629  
224918	[3289]	:	Key	71	UP	at	221814  
225557	[639]	:	Key	71	DOWN	at	225557  
229521	[3964]	:	Key	71	UP	at	225814  
232348	[2827]	:	Key	71	DOWN	at	232348  
233400	[1052]	:	Key	71	UP	at	232533  
236605	[3205]	:	Key	100	DOWN	at	236605  
236717	[112]	:	Key	100	UP	at	236717  
237557	[840]	:	Key	97	DOWN	at	237557  
238687	[1130]	:	Key	97	UP	at	237694  
240109	[1422]	:	Key	97	DOWN	at	240109  
241234	[1125]	:	Key	97	UP	at	240270  
242117	[883]	:	Key	97	DOWN	at	242117  
243244	[1127]	:	Key	97	UP	at	242293  
244149	[905]	:	Key	75	DOWN	at	244149  
244357	[208]	:	Key	75	UP	at	244357  
246399	[2042]	:	Key	98	DOWN	at	246399  
247531	[1132]	:	Key	98	UP	at	246419  
248460	[929]	:	Key	97	DOWN	at	248460  
249598	[1138]	:	Key	97	UP	at	248637  
250636	[1038]	:	Key	97	DOWN	at	250636  
251739	[1103]	:	Key	97	UP	at	250821  
252525	[786]	:	Key	97	DOWN	at	252525  
253652	[1127]	:	Key	97	UP	at	252734  
255245	[1593]	:	Key	98	DOWN	at	255245  
257002	[1757]	:	Key	98	UP	at	255414  
261231	[4229]	:	Key	71	DOWN	at	261231  
262277	[1046]	:	Key	71	UP	at	261250  
263733	[1456]	:	Key	97	DOWN	at	263733  
264869	[1136]	:	Key	97	UP	at	263843  
265635	[766]	:	Key	97	DOWN	at	265635  
266758	[1123]	:	Key	97	UP	at	265787  
267659	[901]	:	Key	98	DOWN	at	267659  
268782	[1123]	:	Key	98	UP	at	267827  
269628	[846]	:	Key	97	DOWN	at	269628  
270749	[1121]	:	Key	97	UP	at	269788  
271836	[1087]	:	Key	98	DOWN	at	271836  
272956	[1120]	:	Key	98	UP	at	272004  
273700	[744]	:	Key	98	DOWN	at	273700  
274813	[1113]	:	Key	98	UP	at	273876  
275916	[1103]	:	Key	98	DOWN	at	275916  
277050	[1134]	:	Key	98	UP	at	276092  
278499	[1449]	:	Key	97	DOWN	at	278499  
279712	[1213]	:	Key	97	UP	at	278684  
283459	[3747]	:	Key	71	DOWN	at	283459  
283793	[334]	:	Key	71	UP	at	283707  
285299	[1506]	:	Key	71	DOWN	at	285299  
285563	[264]	:	Key	71	UP	at	285563  
287692	[2129]	:	Key	71	DOWN	at	287692  
290993	[3301]	:	Key	71	UP	at	287908  
292636	[1643]	:	Key	71	DOWN	at	292636  
295925	[3289]	:	Key	71	UP	at	292876  
295925	[0]	:	Key	71	DOWN	at	294324  
295926	[1]	:	Key	71	UP	at	294396  
298899	[2973]	:	Key	71	DOWN	at	298899  
302198	[3299]	:	Key	71	UP	at	299211  
302931	[733]	:	Key	71	DOWN	at	302931  
306221	[3290]	:	Key	71	UP	at	303187  
306764	[543]	:	Key	71	DOWN	at	306764  
310063	[3299]	:	Key	71	UP	at	306980  
311028	[965]	:	Key	71	DOWN	at	311028  
314327	[3299]	:	Key	71	UP	at	311260  
315419	[1092]	:	Key	71	DOWN	at	315419  
318720	[3301]	:	Key	71	UP	at	315667  
319323	[603]	:	Key	71	DOWN	at	319323  
322617	[3294]	:	Key	71	UP	at	319571  
323148	[531]	:	Key	71	DOWN	at	323148  
326437	[3289]	:	Key	71	UP	at	323404  
327508	[1071]	:	Key	71	DOWN	at	327508  
330808	[3300]	:	Key	71	UP	at	327764  
331044	[236]	:	Key	71	DOWN	at	331044  
334344	[3300]	:	Key	71	UP	at	331404  
334346	[2]	:	Key	71	DOWN	at	333923  
334366	[20]	:	Key	71	UP	at	334355  
334619	[253]	:	Key	71	DOWN	at	334619  
337914	[3295]	:	Key	71	UP	at	335035  
337916	[2]	:	Key	71	DOWN	at	335467  
337917	[1]	:	Key	71	UP	at	335931  
337918	[1]	:	Key	71	DOWN	at	336251  
337919	[1]	:	Key	71	UP	at	336779  
337920	[1]	:	Key	71	DOWN	at	337099  
337922	[2]	:	Key	71	UP	at	337507  
337923	[1]	:	Key	71	DOWN	at	337819  
338251	[328]	:	Key	71	UP	at	338251  
338667	[416]	:	Key	71	DOWN	at	338667  
341970	[3303]	:	Key	71	UP	at	339091  
341972	[2]	:	Key	71	DOWN	at	339435  
341973	[1]	:	Key	71	UP	at	339908  
341974	[1]	:	Key	71	DOWN	at	340236  
341975	[1]	:	Key	71	UP	at	340660  
341976	[1]	:	Key	71	DOWN	at	341004  
341977	[1]	:	Key	71	UP	at	341364  
341978	[1]	:	Key	71	DOWN	at	341740  
342140	[162]	:	Key	71	UP	at	342140  
342484	[344]	:	Key	71	DOWN	at	342484  
345778	[3294]	:	Key	71	UP	at	342836  
345780	[2]	:	Key	71	DOWN	at	343204  
345781	[1]	:	Key	71	UP	at	343604  
345782	[1]	:	Key	71	DOWN	at	343988  
345783	[1]	:	Key	71	UP	at	344356  
345784	[1]	:	Key	71	DOWN	at	344724  
345785	[1]	:	Key	71	UP	at	345148  
345786	[1]	:	Key	71	DOWN	at	345476  
345844	[58]	:	Key	71	UP	at	345844  
346196	[352]	:	Key	71	DOWN	at	346196  
349486	[3290]	:	Key	71	UP	at	346476  
349488	[2]	:	Key	71	DOWN	at	346836  
349489	[1]	:	Key	71	UP	at	347212  
349490	[1]	:	Key	71	DOWN	at	347580  
349491	[1]	:	Key	71	UP	at	347988  
349492	[1]	:	Key	71	DOWN	at	348396  
349493	[1]	:	Key	71	UP	at	348827  
349494	[1]	:	Key	71	DOWN	at	349148  
349539	[45]	:	Key	71	UP	at	349539  
349867	[328]	:	Key	71	DOWN	at	349867  
353771	[3904]	:	Key	71	UP	at	350252  
353771	[0]	:	Key	71	DOWN	at	350628  
353771	[0]	:	Key	71	UP	at	351035  
353772	[1]	:	Key	71	DOWN	at	351355  
353772	[0]	:	Key	71	UP	at	351747  
353772	[0]	:	Key	71	DOWN	at	352115  
353772	[0]	:	Key	71	UP	at	352507  
353773	[1]	:	Key	71	DOWN	at	352843  
353773	[0]	:	Key	71	UP	at	353243  
353773	[0]	:	Key	71	DOWN	at	353579  
353987	[214]	:	Key	71	UP	at	353987  
355715	[1728]	:	Key	71	DOWN	at	355715  
356761	[1046]	:	Key	71	UP	at	355891  
358396	[1635]	:	Key	97	DOWN	at	358396  
359524	[1128]	:	Key	97	UP	at	358508  
360644	[1120]	:	Key	98	DOWN	at	360644  
361738	[1094]	:	Key	98	UP	at	360804  
362796	[1058]	:	Key	97	DOWN	at	362796  
363930	[1134]	:	Key	97	UP	at	362948  
365340	[1410]	:	Key	97	DOWN	at	365340  
366467	[1127]	:	Key	97	UP	at	365492  
367835	[1368]	:	Key	97	DOWN	at	367835  
368969	[1134]	:	Key	97	UP	at	368004  
370195	[1226]	:	Key	97	DOWN	at	370195  
371309	[1114]	:	Key	97	UP	at	370363  
373067	[1758]	:	Key	97	DOWN	at	373067  
374190	[1123]	:	Key	97	UP	at	373243  
375244	[1054]	:	Key	98	DOWN	at	375244  
376936	[1692]	:	Key	98	UP	at	375460  
378828	[1892]	:	Key	71	DOWN	at	378828  
379869	[1041]	:	Key	71	UP	at	379044  
381348	[1479]	:	Key	98	DOWN	at	381348  
382480	[1132]	:	Key	98	UP	at	381524  
384204	[1724]	:	Key	97	DOWN	at	384204  
385332	[1128]	:	Key	97	UP	at	384348  
388235	[2903]	:	Key	97	DOWN	at	388235  
389369	[1134]	:	Key	97	UP	at	388379  
390723	[1354]	:	Key	98	DOWN	at	390723  
391837	[1114]	:	Key	98	UP	at	390891  
392652	[815]	:	Key	97	DOWN	at	392652  
393766	[1114]	:	Key	97	UP	at	392788  
395644	[1878]	:	Key	97	DOWN	at	395644  
396760	[1116]	:	Key	97	UP	at	395748  
397940	[1180]	:	Key	98	DOWN	at	397940  
399061	[1121]	:	Key	98	UP	at	398132  
401196	[2135]	:	Key	97	DOWN	at	401196  
402393	[1197]	:	Key	97	UP	at	401340  
404331	[1938]	:	Key	71	DOWN	at	404331  
404649	[318]	:	Key	71	UP	at	404531  
485404	[80755]	:	Key	59	DOWN	at	485404  
485508	[104]	:	Key	59	UP	at	485508  
497044	[11536]	:	Key	59	DOWN	at	497044  
497316	[272]	:	Key	59	UP	at	497316  
513914	[16598]	:	Key	98	DOWN	at	513914  
514019	[105]	:	Key	98	UP	at	514019  
514363	[344]	:	Key	97	DOWN	at	514363  
514517	[154]	:	Key	97	UP	at	514515  
517476	[2959]	:	Key	97	DOWN	at	517476  
517644	[168]	:	Key	97	UP	at	517644  
526395	[8751]	:	Key	97	DOWN	at	526395  
526499	[104]	:	Key	97	UP	at	526499  
530883	[4384]	:	Key	97	DOWN	at	530883  
530995	[112]	:	Key	97	UP	at	530995  
532036	[1041]	:	Key	97	DOWN	at	532036  
532172	[136]	:	Key	97	UP	at	532172  
532660	[488]	:	Key	97	DOWN	at	532660  
532804	[144]	:	Key	97	UP	at	532804  
534308	[1504]	:	Key	97	DOWN	at	534308  
534404	[96]	:	Key	97	UP	at	534404  
534972	[568]	:	Key	97	DOWN	at	534972  
535076	[104]	:	Key	97	UP	at	535076  
535772	[696]	:	Key	97	DOWN	at	535772  
535884	[112]	:	Key	97	UP	at	535884  
536508	[624]	:	Key	97	DOWN	at	536508  
536628	[120]	:	Key	97	UP	at	536628  
537580	[952]	:	Key	97	DOWN	at	537580  
537684	[104]	:	Key	97	UP	at	537684  
538812	[1128]	:	Key	97	DOWN	at	538812  
538924	[112]	:	Key	97	UP	at	538924  
544132	[5208]	:	Key	97	DOWN	at	544132  
544251	[119]	:	Key	97	UP	at	544251  
547067	[2816]	:	Key	97	DOWN	at	547067  
547171	[104]	:	Key	97	UP	at	547171  
548451	[1280]	:	Key	97	DOWN	at	548451  
548563	[112]	:	Key	97	UP	at	548563  
549307	[744]	:	Key	97	DOWN	at	549307  
549428	[121]	:	Key	97	UP	at	549428  
550172	[744]	:	Key	97	DOWN	at	550172  
550292	[120]	:	Key	97	UP	at	550292  
557452	[7160]	:	Key	97	DOWN	at	557452  
557556	[104]	:	Key	97	UP	at	557556  
560683	[3127]	:	Key	97	DOWN	at	560683  
560796	[113]	:	Key	97	UP	at	560796  
562755	[1959]	:	Key	97	DOWN	at	562755  
563755	[1000]	:	Key	97	UP	at	562884  
567916	[4161]	:	Key	71	DOWN	at	567916  
568207	[291]	:	Key	71	UP	at	568052  
570124	[1917]	:	Key	71	DOWN	at	570124  
641724	[71600]	:	Key	71	DOWN	at	641724  
641892	[168]	:	Key	71	UP	at	641892  
642700	[808]	:	Key	71	DOWN	at	642700  
1172848	[530148]	:	Key	97	DOWN	at	1172848 
1173848	[1000]	:	Key	97	UP	at	1173000 
1175552	[1704]	:	Key	71	DOWN	at	1175552 
1723423	[547871]	:	Key	97	DOWN	at	1723423 
1724423	[1000]	:	Key	97	UP	at	1723727 
1726231	[1808]	:	Key	71	DOWN	at	1726231 
2219492	[493261]	:	Key	97	DOWN	at	2219492 
2219740	[248]	:	Key	97	UP	at	2219740 
2258556	[38816]	:	Key	97	DOWN	at	2258556 
2259556	[1000]	:	Key	97	UP	at	2258684 
2260556	[1000]	:	Key	71	DOWN	at	2260556 
2776061	[515505]	:	Key	97	DOWN	at	2776061 
2777061	[1000]	:	Key	97	UP	at	2776237 
2778404	[1343]	:	Key	71	DOWN	at	2778404 
3282756	[504352]	:	Key	71	DOWN	at	3282756 
3282824	[68]	:	COGENT STOP
