Cog2000 log file Sun Dec 13 10:36:39 2020
gprim v1.33 Compiled:Aug 12 2015 (GLib DirectDraw v7 DX10.0 Compiled:Aug 12 2015)
Display:1024x768x32 60.02Hz
Attaching E:\Sahar Rajabi\Final MBMF+Drug Task\Cogent2000v1.33\Toolbox\CogInput.mexw64
CogInput v1.05 Compiled: May 20 2010
5	[5]	:	COGENT START
28507	[28502]	:	Key	97	DOWN	at	28506   
28602	[95]	:	Key	97	UP	at	28507   
30694	[2092]	:	Key	97	DOWN	at	30694   
30886	[192]	:	Key	97	UP	at	30886   
44294	[13408]	:	Key	97	DOWN	at	44294   
45294	[1000]	:	Key	97	UP	at	44510   
53517	[8223]	:	Key	71	DOWN	at	53517   
53765	[248]	:	Key	71	UP	at	53765   
56925	[3160]	:	Key	71	DOWN	at	56925   
60257	[3332]	:	Key	71	UP	at	57189   
60262	[5]	:	Key	71	DOWN	at	58637   
60264	[2]	:	Key	71	UP	at	58981   
68176	[7912]	:	Key	71	DOWN	at	68176   
71483	[3307]	:	Key	71	UP	at	68423   
80934	[9451]	:	Key	71	DOWN	at	80934   
84204	[3270]	:	Key	71	UP	at	81230   
86141	[1937]	:	Key	71	DOWN	at	86141   
89429	[3288]	:	Key	71	UP	at	86645   
90854	[1425]	:	Key	71	DOWN	at	90854   
94139	[3285]	:	Key	71	UP	at	91261   
95566	[1427]	:	Key	71	DOWN	at	95566   
98854	[3288]	:	Key	71	UP	at	96055   
100205	[1351]	:	Key	71	DOWN	at	100205  
103471	[3266]	:	Key	71	UP	at	100533  
106885	[3414]	:	Key	71	DOWN	at	106885  
110152	[3267]	:	Key	71	UP	at	107213  
111157	[1005]	:	Key	71	DOWN	at	111157  
114423	[3266]	:	Key	71	UP	at	111469  
115606	[1183]	:	Key	71	DOWN	at	115606  
118873	[3267]	:	Key	71	UP	at	115989  
119629	[756]	:	Key	71	DOWN	at	119629  
122895	[3266]	:	Key	71	UP	at	119981  
125149	[2254]	:	Key	71	DOWN	at	125149  
128417	[3268]	:	Key	71	UP	at	125525  
129125	[708]	:	Key	71	DOWN	at	129125  
132390	[3265]	:	Key	71	UP	at	129437  
133249	[859]	:	Key	71	DOWN	at	133249  
136516	[3267]	:	Key	71	UP	at	133269  
137213	[697]	:	Key	71	DOWN	at	137213  
140481	[3268]	:	Key	71	UP	at	137517  
141061	[580]	:	Key	71	DOWN	at	141061  
144329	[3268]	:	Key	71	UP	at	141405  
144797	[468]	:	Key	71	DOWN	at	144797  
148074	[3277]	:	Key	71	UP	at	145158  
148572	[498]	:	Key	71	DOWN	at	148572  
151848	[3276]	:	Key	71	UP	at	148863  
152109	[261]	:	Key	71	DOWN	at	152109  
155384	[3275]	:	Key	71	UP	at	152350  
155385	[1]	:	Key	71	DOWN	at	155351  
155549	[164]	:	Key	71	UP	at	155549  
156574	[1025]	:	Key	71	DOWN	at	156574  
159857	[3283]	:	Key	71	UP	at	156798  
160158	[301]	:	Key	71	DOWN	at	160158  
163436	[3278]	:	Key	71	UP	at	160558  
163436	[0]	:	Key	71	DOWN	at	161622  
163436	[0]	:	Key	71	UP	at	161949  
163565	[129]	:	Key	71	DOWN	at	163565  
166853	[3288]	:	Key	71	UP	at	163885  
166854	[1]	:	Key	71	DOWN	at	166126  
166854	[0]	:	Key	71	UP	at	166373  
168454	[1600]	:	Key	71	DOWN	at	168454  
171721	[3267]	:	Key	71	UP	at	168894  
171721	[0]	:	Key	71	DOWN	at	170333  
171722	[1]	:	Key	71	UP	at	170701  
172797	[1075]	:	Key	71	DOWN	at	172797  
176079	[3282]	:	Key	71	UP	at	173165  
176081	[2]	:	Key	71	DOWN	at	175871  
176157	[76]	:	Key	71	UP	at	176157  
178384	[2227]	:	Key	71	DOWN	at	178384  
181652	[3268]	:	Key	71	UP	at	178481  
181652	[0]	:	Key	71	DOWN	at	181381  
181757	[105]	:	Key	71	UP	at	181757  
182269	[512]	:	Key	71	DOWN	at	182269  
185538	[3269]	:	Key	71	UP	at	182517  
185926	[388]	:	Key	71	DOWN	at	185926  
189193	[3267]	:	Key	71	UP	at	186270  
189193	[0]	:	Key	71	DOWN	at	187110  
189193	[0]	:	Key	71	UP	at	187342  
189194	[1]	:	Key	71	DOWN	at	188214  
189194	[0]	:	Key	71	UP	at	188398  
189350	[156]	:	Key	71	DOWN	at	189350  
192619	[3269]	:	Key	71	UP	at	189590  
192619	[0]	:	Key	71	DOWN	at	190325  
192619	[0]	:	Key	71	UP	at	190566  
192620	[1]	:	Key	71	DOWN	at	191333  
192620	[0]	:	Key	71	UP	at	191742  
193225	[605]	:	Key	71	DOWN	at	193225  
196492	[3267]	:	Key	71	UP	at	193353  
196493	[1]	:	Key	71	DOWN	at	194893  
196494	[1]	:	Key	71	UP	at	195173  
196917	[423]	:	Key	71	DOWN	at	196917  
200187	[3270]	:	Key	71	UP	at	197197  
200333	[146]	:	Key	71	DOWN	at	200333  
203600	[3267]	:	Key	71	UP	at	200662  
203822	[222]	:	Key	71	DOWN	at	203822  
207092	[3270]	:	Key	71	UP	at	204062  
207222	[130]	:	Key	71	DOWN	at	207222  
210502	[3280]	:	Key	71	UP	at	207905  
210541	[39]	:	Key	71	DOWN	at	210541  
213807	[3266]	:	Key	71	UP	at	210838  
213807	[0]	:	Key	71	DOWN	at	213181  
213808	[1]	:	Key	71	UP	at	213565  
214581	[773]	:	Key	71	DOWN	at	214581  
217847	[3266]	:	Key	71	UP	at	214869  
217847	[0]	:	Key	71	DOWN	at	216253  
217848	[1]	:	Key	71	UP	at	216613  
218718	[870]	:	Key	71	DOWN	at	218718  
221987	[3269]	:	Key	71	UP	at	219086  
221987	[0]	:	Key	71	DOWN	at	220950  
221987	[0]	:	Key	71	UP	at	221422  
222550	[563]	:	Key	71	DOWN	at	222550  
225818	[3268]	:	Key	71	UP	at	223265  
225818	[0]	:	Key	71	DOWN	at	224613  
225819	[1]	:	Key	71	UP	at	224902  
226029	[210]	:	Key	71	DOWN	at	226029  
229314	[3285]	:	Key	71	UP	at	226445  
229314	[0]	:	Key	71	DOWN	at	227879  
229315	[1]	:	Key	71	UP	at	228486  
229654	[339]	:	Key	71	DOWN	at	229654  
232960	[3306]	:	Key	71	UP	at	230005  
232961	[1]	:	Key	71	DOWN	at	232038  
232962	[1]	:	Key	71	UP	at	232453  
233646	[684]	:	Key	71	DOWN	at	233646  
236930	[3284]	:	Key	71	UP	at	234213  
236932	[2]	:	Key	71	DOWN	at	234725  
236933	[1]	:	Key	71	UP	at	235374  
236934	[1]	:	Key	71	DOWN	at	235983  
236935	[1]	:	Key	71	UP	at	236438  
238345	[1410]	:	Key	71	DOWN	at	238345  
241635	[3290]	:	Key	71	UP	at	239405  
241635	[0]	:	Key	71	DOWN	at	239901  
241635	[0]	:	Key	71	UP	at	240397  
241636	[1]	:	Key	71	DOWN	at	240997  
241636	[0]	:	Key	71	UP	at	241469  
242165	[529]	:	Key	71	DOWN	at	242165  
245467	[3302]	:	Key	71	UP	at	242565  
245468	[1]	:	Key	71	DOWN	at	243213  
245469	[1]	:	Key	71	UP	at	243613  
245470	[1]	:	Key	71	DOWN	at	244605  
245471	[1]	:	Key	71	UP	at	245149  
246117	[646]	:	Key	71	DOWN	at	246117  
249397	[3280]	:	Key	71	UP	at	246589  
249398	[1]	:	Key	71	DOWN	at	247252  
249399	[1]	:	Key	71	UP	at	247716  
249400	[1]	:	Key	71	DOWN	at	248541  
249401	[1]	:	Key	71	UP	at	248989  
250044	[643]	:	Key	71	DOWN	at	250044  
253347	[3303]	:	Key	71	UP	at	250517  
253347	[0]	:	Key	97	DOWN	at	251660  
253348	[1]	:	Key	97	UP	at	251884  
253629	[281]	:	Key	71	DOWN	at	253629  
256930	[3301]	:	Key	71	UP	at	253805  
257053	[123]	:	Key	71	DOWN	at	257053  
260341	[3288]	:	Key	71	UP	at	257165  
260343	[2]	:	Key	71	DOWN	at	259357  
260344	[1]	:	Key	71	UP	at	259596  
260345	[1]	:	Key	71	DOWN	at	260189  
260389	[44]	:	Key	71	UP	at	260389  
260677	[288]	:	Key	71	DOWN	at	260677  
263973	[3296]	:	Key	71	UP	at	260892  
263975	[2]	:	Key	71	DOWN	at	261197  
263976	[1]	:	Key	71	UP	at	261541  
263977	[1]	:	Key	71	DOWN	at	262221  
263978	[1]	:	Key	71	UP	at	263165  
264533	[555]	:	Key	71	DOWN	at	264533  
268525	[3992]	:	Key	71	UP	at	264885  
268525	[0]	:	Key	71	DOWN	at	266541  
268525	[0]	:	Key	71	UP	at	266821  
282413	[13888]	:	Key	71	DOWN	at	282413  
283463	[1050]	:	Key	71	UP	at	282636  
284933	[1470]	:	Key	97	DOWN	at	284933  
286108	[1175]	:	Key	97	UP	at	285149  
287076	[968]	:	Key	97	DOWN	at	287076  
288194	[1118]	:	Key	97	UP	at	287300  
288973	[779]	:	Key	97	DOWN	at	288973  
290098	[1125]	:	Key	97	UP	at	289157  
290877	[779]	:	Key	98	DOWN	at	290877  
292008	[1131]	:	Key	98	UP	at	290997  
292885	[877]	:	Key	97	DOWN	at	292885  
294005	[1120]	:	Key	97	UP	at	293069  
295021	[1016]	:	Key	97	DOWN	at	295021  
296147	[1126]	:	Key	97	UP	at	295157  
296821	[674]	:	Key	97	DOWN	at	296821  
297954	[1133]	:	Key	97	UP	at	296965  
299149	[1195]	:	Key	98	DOWN	at	299149  
300905	[1756]	:	Key	98	UP	at	299293  
305645	[4740]	:	Key	71	DOWN	at	305645  
306688	[1043]	:	Key	71	UP	at	305845  
308373	[1685]	:	Key	97	DOWN	at	308373  
309498	[1125]	:	Key	97	UP	at	308557  
310389	[891]	:	Key	97	DOWN	at	310389  
311519	[1130]	:	Key	97	UP	at	310581  
312349	[830]	:	Key	98	DOWN	at	312349  
313474	[1125]	:	Key	98	UP	at	312517  
314925	[1451]	:	Key	97	DOWN	at	314925  
316021	[1096]	:	Key	97	UP	at	315069  
316949	[928]	:	Key	98	DOWN	at	316949  
318053	[1104]	:	Key	98	UP	at	317125  
318821	[768]	:	Key	98	DOWN	at	318821  
319942	[1121]	:	Key	98	UP	at	318988  
320964	[1022]	:	Key	97	DOWN	at	320964  
322092	[1128]	:	Key	97	UP	at	321100  
323205	[1113]	:	Key	97	DOWN	at	323205  
324453	[1248]	:	Key	97	UP	at	323373  
327469	[3016]	:	Key	71	DOWN	at	327469  
327800	[331]	:	Key	71	UP	at	327741  
332837	[5037]	:	Key	71	DOWN	at	332837  
333109	[272]	:	Key	71	UP	at	333109  
334845	[1736]	:	Key	97	DOWN	at	334845  
335077	[232]	:	Key	97	UP	at	335077  
340573	[5496]	:	Key	97	DOWN	at	340573  
340877	[304]	:	Key	97	UP	at	340877  
349901	[9024]	:	Key	97	DOWN	at	349901  
350165	[264]	:	Key	97	UP	at	350165  
356908	[6743]	:	Key	97	DOWN	at	356908  
357132	[224]	:	Key	97	UP	at	357132  
366845	[9713]	:	Key	97	DOWN	at	366845  
367245	[400]	:	Key	97	UP	at	367245  
378781	[11536]	:	Key	97	DOWN	at	378781  
379021	[240]	:	Key	97	UP	at	379021  
384957	[5936]	:	Key	97	DOWN	at	384957  
385149	[192]	:	Key	97	UP	at	385149  
396933	[11784]	:	Key	97	DOWN	at	396933  
397149	[216]	:	Key	97	UP	at	397149  
406389	[9240]	:	Key	97	DOWN	at	406389  
406605	[216]	:	Key	97	UP	at	406605  
417965	[11360]	:	Key	97	DOWN	at	417965  
418197	[232]	:	Key	97	UP	at	418197  
429405	[11208]	:	Key	97	DOWN	at	429405  
429669	[264]	:	Key	97	UP	at	429669  
437245	[7576]	:	Key	97	DOWN	at	437245  
437437	[192]	:	Key	97	UP	at	437437  
447861	[10424]	:	Key	97	DOWN	at	447861  
448101	[240]	:	Key	97	UP	at	448101  
454797	[6696]	:	Key	97	DOWN	at	454797  
455029	[232]	:	Key	97	UP	at	455029  
462829	[7800]	:	Key	97	DOWN	at	462829  
463045	[216]	:	Key	97	UP	at	463045  
472989	[9944]	:	Key	97	DOWN	at	472989  
473237	[248]	:	Key	97	UP	at	473237  
476757	[3520]	:	Key	97	DOWN	at	476757  
476997	[240]	:	Key	97	UP	at	476997  
490181	[13184]	:	Key	97	DOWN	at	490181  
490397	[216]	:	Key	97	UP	at	490397  
499421	[9024]	:	Key	97	DOWN	at	499421  
499693	[272]	:	Key	97	UP	at	499693  
511925	[12232]	:	Key	97	DOWN	at	511925  
512926	[1001]	:	Key	97	UP	at	512101  
519173	[6247]	:	Key	71	DOWN	at	519173  
519486	[313]	:	Key	71	UP	at	519413  
520373	[887]	:	Key	71	DOWN	at	520373  
593629	[73256]	:	Key	71	DOWN	at	593629  
593805	[176]	:	Key	71	UP	at	593805  
594445	[640]	:	Key	71	DOWN	at	594445  
1175949	[581504]	:	Key	97	DOWN	at	1175949 
1176949	[1000]	:	Key	97	UP	at	1176165 
1179029	[2080]	:	Key	71	DOWN	at	1179029 
1767414	[588385]	:	Key	97	DOWN	at	1767414 
1768414	[1000]	:	Key	97	UP	at	1767638 
1769726	[1312]	:	Key	71	DOWN	at	1769726 
2408367	[638641]	:	Key	97	DOWN	at	2408367 
2409367	[1000]	:	Key	97	UP	at	2408591 
2410143	[776]	:	Key	71	DOWN	at	2410143 
2938055	[527912]	:	Key	71	DOWN	at	2938055 
2938335	[280]	:	Key	71	UP	at	2938335 
2951383	[13048]	:	Key	97	DOWN	at	2951383 
2952383	[1000]	:	Key	97	UP	at	2951551 
2952903	[520]	:	Key	71	DOWN	at	2952903 
3518567	[565664]	:	Key	71	DOWN	at	3518567 
3518632	[65]	:	COGENT STOP
