Cog2000 log file Sun Dec 20 10:14:00 2020
gprim v1.33 Compiled:Aug 12 2015 (GLib DirectDraw v7 DX10.0 Compiled:Aug 12 2015)
Display:1024x768x32 60.02Hz
Attaching E:\Sahar Rajabi\Final MBMF+Drug Task\Cogent2000v1.33\Toolbox\CogInput.mexw64
CogInput v1.05 Compiled: May 20 2010
3	[3]	:	COGENT START
34358	[34355]	:	Key	98	DOWN	at	34358   
34542	[184]	:	Key	98	UP	at	34542   
36110	[1568]	:	Key	97	DOWN	at	36110   
36246	[136]	:	Key	97	UP	at	36246   
37990	[1744]	:	Key	97	DOWN	at	37990   
38135	[145]	:	Key	97	UP	at	38135   
38343	[208]	:	Key	97	DOWN	at	38343   
39343	[1000]	:	Key	97	UP	at	38502   
39345	[2]	:	Key	97	DOWN	at	39136   
39346	[1]	:	Key	97	UP	at	39296   
39510	[164]	:	Key	97	DOWN	at	39503   
39639	[129]	:	Key	97	UP	at	39639   
41463	[1824]	:	Key	71	DOWN	at	41463   
41670	[207]	:	Key	71	UP	at	41670   
44594	[2924]	:	Key	97	DOWN	at	44594   
44614	[20]	:	Key	97	UP	at	44614   
47046	[2432]	:	Key	71	DOWN	at	47046   
50432	[3386]	:	Key	71	UP	at	47336   
54094	[3662]	:	Key	71	DOWN	at	54094   
57413	[3319]	:	Key	71	UP	at	54295   
58159	[746]	:	Key	71	DOWN	at	58159   
61448	[3289]	:	Key	71	UP	at	58456   
62231	[783]	:	Key	71	DOWN	at	62231   
65530	[3299]	:	Key	71	UP	at	62584   
65532	[2]	:	Key	71	DOWN	at	65304   
65575	[43]	:	Key	71	UP	at	65575   
67519	[1944]	:	Key	71	DOWN	at	67519   
70811	[3292]	:	Key	71	UP	at	67814   
73631	[2820]	:	Key	71	DOWN	at	73631   
76929	[3298]	:	Key	71	UP	at	74210   
77551	[622]	:	Key	71	DOWN	at	77551   
80845	[3294]	:	Key	71	UP	at	77904   
81487	[642]	:	Key	71	DOWN	at	81487   
84788	[3301]	:	Key	71	UP	at	81808   
85246	[458]	:	Key	71	DOWN	at	85246   
88546	[3300]	:	Key	71	UP	at	85552   
89721	[1175]	:	Key	71	DOWN	at	89721   
93020	[3299]	:	Key	71	UP	at	89734   
93679	[659]	:	Key	71	DOWN	at	93679   
96979	[3300]	:	Key	71	UP	at	93998   
97799	[820]	:	Key	71	DOWN	at	97799   
101087	[3288]	:	Key	71	UP	at	98174   
101647	[560]	:	Key	71	DOWN	at	101647  
104935	[3288]	:	Key	71	UP	at	101903  
104937	[2]	:	Key	71	DOWN	at	104797  
105006	[69]	:	Key	71	UP	at	105006  
105926	[920]	:	Key	71	DOWN	at	105926  
109227	[3301]	:	Key	71	UP	at	106095  
109229	[2]	:	Key	71	DOWN	at	106759  
109230	[1]	:	Key	71	UP	at	106903  
109231	[1]	:	Key	71	DOWN	at	107766  
109231	[0]	:	Key	71	UP	at	107863  
110879	[1648]	:	Key	71	DOWN	at	110879  
114180	[3301]	:	Key	71	UP	at	111136  
114180	[0]	:	Key	71	DOWN	at	112088  
114180	[0]	:	Key	71	UP	at	112360  
114181	[1]	:	Key	71	DOWN	at	113584  
114181	[0]	:	Key	71	UP	at	113911  
114686	[505]	:	Key	71	DOWN	at	114686  
117973	[3287]	:	Key	71	UP	at	114912  
117975	[2]	:	Key	71	DOWN	at	117936  
118255	[280]	:	Key	71	UP	at	118255  
119561	[1306]	:	Key	71	DOWN	at	119561  
122863	[3302]	:	Key	71	UP	at	119601  
122865	[2]	:	Key	71	DOWN	at	120343  
122866	[1]	:	Key	71	UP	at	120544  
122867	[1]	:	Key	71	DOWN	at	121815  
122868	[1]	:	Key	71	UP	at	122111  
123287	[419]	:	Key	71	DOWN	at	123287  
126575	[3288]	:	Key	71	UP	at	123567  
127495	[920]	:	Key	71	DOWN	at	127495  
130797	[3302]	:	Key	71	UP	at	127816  
131351	[554]	:	Key	71	DOWN	at	131351  
134652	[3301]	:	Key	71	UP	at	131704  
134654	[2]	:	Key	71	DOWN	at	134074  
134655	[1]	:	Key	71	UP	at	134282  
135023	[368]	:	Key	71	DOWN	at	135023  
138310	[3287]	:	Key	71	UP	at	135408  
138312	[2]	:	Key	71	DOWN	at	137400  
138313	[1]	:	Key	71	UP	at	137832  
138799	[486]	:	Key	71	DOWN	at	138799  
142087	[3288]	:	Key	71	UP	at	139072  
142286	[199]	:	Key	71	DOWN	at	142286  
145587	[3301]	:	Key	71	UP	at	142471  
145589	[2]	:	Key	71	DOWN	at	143512  
145590	[1]	:	Key	71	UP	at	143776  
145591	[1]	:	Key	71	DOWN	at	144504  
145592	[1]	:	Key	71	UP	at	144752  
145594	[2]	:	Key	71	DOWN	at	145272  
145595	[1]	:	Key	71	UP	at	145496  
145791	[196]	:	Key	71	DOWN	at	145791  
149092	[3301]	:	Key	71	UP	at	146192  
149092	[0]	:	Key	71	DOWN	at	146632  
149093	[1]	:	Key	71	UP	at	146912  
149093	[0]	:	Key	71	DOWN	at	147288  
149093	[0]	:	Key	71	UP	at	147670  
149094	[1]	:	Key	71	DOWN	at	148016  
149094	[0]	:	Key	71	UP	at	148264  
149094	[0]	:	Key	71	DOWN	at	148544  
149562	[468]	:	Key	71	UP	at	149562  
149698	[136]	:	Key	71	DOWN	at	149698  
152990	[3292]	:	Key	71	UP	at	150390  
152990	[0]	:	Key	71	DOWN	at	150710  
152991	[1]	:	Key	71	UP	at	151318  
152991	[0]	:	Key	71	DOWN	at	151678  
152991	[0]	:	Key	71	UP	at	152046  
152992	[1]	:	Key	71	DOWN	at	152558  
153326	[334]	:	Key	71	UP	at	153326  
153654	[328]	:	Key	71	DOWN	at	153654  
156957	[3303]	:	Key	71	UP	at	154014  
156958	[1]	:	Key	71	DOWN	at	154374  
156959	[1]	:	Key	71	UP	at	154742  
156961	[2]	:	Key	71	DOWN	at	155150  
156962	[1]	:	Key	71	UP	at	155486  
156963	[1]	:	Key	71	DOWN	at	155902  
156964	[1]	:	Key	71	UP	at	156238  
156965	[1]	:	Key	71	DOWN	at	156613  
156990	[25]	:	Key	71	UP	at	156989  
157405	[415]	:	Key	71	DOWN	at	157405  
160698	[3293]	:	Key	71	UP	at	157781  
160700	[2]	:	Key	71	DOWN	at	158109  
160701	[1]	:	Key	71	UP	at	158469  
160702	[1]	:	Key	71	DOWN	at	158845  
160703	[1]	:	Key	71	UP	at	159165  
160704	[1]	:	Key	71	DOWN	at	159453  
160705	[1]	:	Key	71	UP	at	160061  
160706	[1]	:	Key	71	DOWN	at	160461  
160822	[116]	:	Key	71	UP	at	160822  
161166	[344]	:	Key	71	DOWN	at	161166  
164455	[3289]	:	Key	71	UP	at	161526  
164457	[2]	:	Key	71	DOWN	at	162006  
164458	[1]	:	Key	71	UP	at	162414  
164459	[1]	:	Key	71	DOWN	at	163214  
164460	[1]	:	Key	71	UP	at	163542  
164461	[1]	:	Key	71	DOWN	at	164142  
164462	[1]	:	Key	71	UP	at	164374  
165054	[592]	:	Key	71	DOWN	at	165054  
168353	[3299]	:	Key	71	UP	at	165166  
168550	[197]	:	Key	71	DOWN	at	168550  
171850	[3300]	:	Key	71	UP	at	168814  
172558	[708]	:	Key	71	DOWN	at	172558  
175844	[3286]	:	Key	71	UP	at	172862  
176661	[817]	:	Key	71	DOWN	at	176661  
179962	[3301]	:	Key	71	UP	at	177029  
180510	[548]	:	Key	71	DOWN	at	180510  
183810	[3300]	:	Key	71	UP	at	180766  
184278	[468]	:	Key	71	DOWN	at	184278  
187544	[3266]	:	Key	71	UP	at	184510  
187846	[302]	:	Key	71	DOWN	at	187846  
191112	[3266]	:	Key	71	UP	at	188094  
191112	[0]	:	Key	71	DOWN	at	190141  
191112	[0]	:	Key	71	UP	at	190349  
191113	[1]	:	Key	71	DOWN	at	190557  
191113	[0]	:	Key	71	UP	at	190725  
191113	[0]	:	Key	71	DOWN	at	190909  
191114	[1]	:	Key	71	UP	at	191053  
191269	[155]	:	Key	71	DOWN	at	191269  
194536	[3267]	:	Key	71	UP	at	191429  
194536	[0]	:	Key	71	DOWN	at	191613  
194536	[0]	:	Key	71	UP	at	191821  
194537	[1]	:	Key	71	DOWN	at	192021  
194537	[0]	:	Key	71	UP	at	192229  
194537	[0]	:	Key	71	DOWN	at	192477  
194538	[1]	:	Key	71	UP	at	192909  
194538	[0]	:	Key	71	DOWN	at	194237  
194597	[59]	:	Key	71	UP	at	194597  
195045	[448]	:	Key	71	DOWN	at	195045  
198311	[3266]	:	Key	71	UP	at	195493  
198311	[0]	:	Key	71	DOWN	at	196110  
198311	[0]	:	Key	71	UP	at	196662  
198312	[1]	:	Key	71	DOWN	at	197846  
199590	[1278]	:	Key	71	UP	at	199590  
199822	[232]	:	Key	71	DOWN	at	199822  
203125	[3303]	:	Key	71	UP	at	201662  
203127	[2]	:	Key	71	DOWN	at	201982  
203128	[1]	:	Key	71	UP	at	202438  
203129	[1]	:	Key	71	DOWN	at	202750  
203151	[22]	:	Key	71	UP	at	203150  
203486	[335]	:	Key	71	DOWN	at	203486  
206776	[3290]	:	Key	71	UP	at	203838  
206778	[2]	:	Key	71	DOWN	at	204246  
206779	[1]	:	Key	71	UP	at	204598  
206780	[1]	:	Key	71	DOWN	at	205246  
206781	[1]	:	Key	71	UP	at	205646  
206782	[1]	:	Key	71	DOWN	at	206310  
206783	[1]	:	Key	71	UP	at	206726  
207773	[990]	:	Key	71	DOWN	at	207773  
211070	[3297]	:	Key	71	UP	at	208230  
211072	[2]	:	Key	71	DOWN	at	209278  
211073	[1]	:	Key	71	UP	at	209678  
211074	[1]	:	Key	71	DOWN	at	210437  
211075	[1]	:	Key	71	UP	at	210757  
211597	[522]	:	Key	71	DOWN	at	211597  
214886	[3289]	:	Key	71	UP	at	211909  
214888	[2]	:	Key	71	DOWN	at	212573  
214889	[1]	:	Key	71	UP	at	213045  
214890	[1]	:	Key	71	DOWN	at	213742  
214891	[1]	:	Key	71	UP	at	214118  
214892	[1]	:	Key	71	DOWN	at	214878  
215310	[418]	:	Key	71	UP	at	215310  
215710	[400]	:	Key	71	DOWN	at	215710  
219011	[3301]	:	Key	71	UP	at	216094  
219013	[2]	:	Key	71	DOWN	at	216630  
219014	[1]	:	Key	71	UP	at	217030  
219015	[1]	:	Key	71	DOWN	at	217862  
219016	[1]	:	Key	71	UP	at	218238  
219017	[1]	:	Key	71	DOWN	at	218974  
219366	[349]	:	Key	71	UP	at	219366  
220718	[1352]	:	Key	71	DOWN	at	220718  
224020	[3302]	:	Key	71	UP	at	221070  
224398	[378]	:	Key	71	DOWN	at	224398  
227700	[3302]	:	Key	71	UP	at	224678  
227702	[2]	:	Key	71	DOWN	at	226605  
227703	[1]	:	Key	71	UP	at	226790  
227704	[1]	:	Key	71	DOWN	at	227166  
227853	[149]	:	Key	71	UP	at	227853  
228429	[576]	:	Key	71	DOWN	at	228429  
231731	[3302]	:	Key	71	UP	at	228821  
231733	[2]	:	Key	71	DOWN	at	229269  
231734	[1]	:	Key	71	UP	at	229933  
231735	[1]	:	Key	71	DOWN	at	230750  
231736	[1]	:	Key	71	UP	at	231086  
231822	[86]	:	Key	71	DOWN	at	231822  
235122	[3300]	:	Key	71	UP	at	232198  
235124	[2]	:	Key	71	DOWN	at	232894  
235125	[1]	:	Key	71	UP	at	233350  
235126	[1]	:	Key	71	DOWN	at	234206  
235127	[1]	:	Key	71	UP	at	234606  
235478	[351]	:	Key	71	DOWN	at	235478  
238771	[3293]	:	Key	71	UP	at	235862  
238773	[2]	:	Key	71	DOWN	at	236526  
238774	[1]	:	Key	71	UP	at	236998  
238775	[1]	:	Key	71	DOWN	at	237766  
238776	[1]	:	Key	71	UP	at	238366  
239358	[582]	:	Key	71	DOWN	at	239358  
243327	[3969]	:	Key	71	UP	at	239950  
243327	[0]	:	Key	71	DOWN	at	240558  
243327	[0]	:	Key	71	UP	at	240982  
243328	[1]	:	Key	71	DOWN	at	241774  
243328	[0]	:	Key	71	UP	at	242134  
243328	[0]	:	Key	71	DOWN	at	242942  
243390	[62]	:	Key	71	UP	at	243390  
245285	[1895]	:	Key	71	DOWN	at	245285  
246338	[1053]	:	Key	71	UP	at	245621  
250166	[3828]	:	Key	97	DOWN	at	250166  
251288	[1122]	:	Key	97	UP	at	250326  
252254	[966]	:	Key	97	DOWN	at	252254  
253368	[1114]	:	Key	97	UP	at	252406  
254662	[1294]	:	Key	97	DOWN	at	254662  
255789	[1127]	:	Key	97	UP	at	254790  
256934	[1145]	:	Key	98	DOWN	at	256934  
258064	[1130]	:	Key	98	UP	at	257125  
259661	[1597]	:	Key	97	DOWN	at	259661  
260793	[1132]	:	Key	97	UP	at	259822  
262093	[1300]	:	Key	97	DOWN	at	262093  
263205	[1112]	:	Key	97	UP	at	262246  
264485	[1280]	:	Key	97	DOWN	at	264485  
265601	[1116]	:	Key	97	UP	at	264613  
266358	[757]	:	Key	98	DOWN	at	266358  
268095	[1737]	:	Key	98	UP	at	266534  
270318	[2223]	:	Key	71	DOWN	at	270318  
271362	[1044]	:	Key	71	UP	at	270606  
273198	[1836]	:	Key	97	DOWN	at	273198  
274323	[1125]	:	Key	97	UP	at	273350  
275230	[907]	:	Key	97	DOWN	at	275230  
276341	[1111]	:	Key	97	UP	at	275318  
277622	[1281]	:	Key	98	DOWN	at	277622  
278745	[1123]	:	Key	98	UP	at	277870  
279422	[677]	:	Key	97	DOWN	at	279422  
280550	[1128]	:	Key	97	UP	at	279501  
281549	[999]	:	Key	98	DOWN	at	281549  
282693	[1144]	:	Key	98	UP	at	281669  
283478	[785]	:	Key	98	DOWN	at	283478  
284599	[1121]	:	Key	98	UP	at	283590  
285694	[1095]	:	Key	98	DOWN	at	285694  
286816	[1122]	:	Key	98	UP	at	285822  
288166	[1350]	:	Key	98	DOWN	at	288166  
289378	[1212]	:	Key	98	UP	at	288294  
295998	[6620]	:	Key	71	DOWN	at	295998  
296331	[333]	:	Key	71	UP	at	296270  
296830	[499]	:	Key	71	DOWN	at	296830  
297086	[256]	:	Key	71	UP	at	297086  
298157	[1071]	:	Key	71	DOWN	at	298157  
301458	[3301]	:	Key	71	UP	at	298453  
301926	[468]	:	Key	71	DOWN	at	301926  
305226	[3300]	:	Key	71	UP	at	302246  
305228	[2]	:	Key	71	DOWN	at	303326  
305229	[1]	:	Key	71	UP	at	303798  
305230	[1]	:	Key	71	DOWN	at	304678  
305231	[1]	:	Key	71	UP	at	304878  
305654	[423]	:	Key	71	DOWN	at	305654  
308944	[3290]	:	Key	71	UP	at	305958  
308946	[2]	:	Key	71	DOWN	at	307046  
308947	[1]	:	Key	71	UP	at	307206  
308948	[1]	:	Key	71	DOWN	at	308142  
308949	[1]	:	Key	71	UP	at	308422  
309558	[609]	:	Key	71	DOWN	at	309558  
312858	[3300]	:	Key	71	UP	at	309870  
312860	[2]	:	Key	71	DOWN	at	310670  
312861	[1]	:	Key	71	UP	at	311046  
312862	[1]	:	Key	71	DOWN	at	311926  
312863	[1]	:	Key	71	UP	at	312270  
313590	[727]	:	Key	71	DOWN	at	313590  
316880	[3290]	:	Key	71	UP	at	313886  
316880	[0]	:	Key	71	DOWN	at	314861  
316880	[0]	:	Key	71	UP	at	315173  
316881	[1]	:	Key	71	DOWN	at	316397  
316881	[0]	:	Key	71	UP	at	316781  
317917	[1036]	:	Key	71	DOWN	at	317917  
321204	[3287]	:	Key	71	UP	at	318286  
321204	[0]	:	Key	71	DOWN	at	319222  
321205	[1]	:	Key	71	UP	at	319606  
321205	[0]	:	Key	71	DOWN	at	320558  
321206	[1]	:	Key	71	UP	at	320902  
322246	[1040]	:	Key	71	DOWN	at	322246  
325546	[3300]	:	Key	71	UP	at	322774  
326142	[596]	:	Key	71	DOWN	at	326142  
329444	[3302]	:	Key	71	UP	at	326542  
329445	[1]	:	Key	71	DOWN	at	328598  
329445	[0]	:	Key	71	UP	at	328942  
329998	[553]	:	Key	71	DOWN	at	329998  
333288	[3290]	:	Key	71	UP	at	330334  
333290	[2]	:	Key	71	DOWN	at	332302  
333291	[1]	:	Key	71	UP	at	332598  
333310	[19]	:	Key	71	DOWN	at	333310  
336611	[3301]	:	Key	71	UP	at	333654  
336611	[0]	:	Key	71	DOWN	at	334981  
336612	[1]	:	Key	71	UP	at	335437  
336612	[0]	:	Key	71	DOWN	at	336150  
336750	[138]	:	Key	71	UP	at	336750  
337582	[832]	:	Key	71	DOWN	at	337582  
340883	[3301]	:	Key	71	UP	at	338086  
340885	[2]	:	Key	71	DOWN	at	338774  
340886	[1]	:	Key	71	UP	at	339238  
340966	[80]	:	Key	71	DOWN	at	340966  
344266	[3300]	:	Key	71	UP	at	341574  
346006	[1740]	:	Key	71	DOWN	at	346006  
349307	[3301]	:	Key	71	UP	at	346406  
349462	[155]	:	Key	71	DOWN	at	349462  
352761	[3299]	:	Key	71	UP	at	349758  
352761	[0]	:	Key	71	DOWN	at	351206  
352761	[0]	:	Key	71	UP	at	351629  
353046	[285]	:	Key	71	DOWN	at	353046  
356347	[3301]	:	Key	71	UP	at	353486  
356349	[2]	:	Key	71	DOWN	at	355030  
356350	[1]	:	Key	71	UP	at	355526  
356878	[528]	:	Key	71	DOWN	at	356878  
360777	[3899]	:	Key	71	UP	at	357230  
360777	[0]	:	Key	71	DOWN	at	358022  
360777	[0]	:	Key	71	UP	at	358478  
360778	[1]	:	Key	71	DOWN	at	359190  
360778	[0]	:	Key	71	UP	at	359502  
360778	[0]	:	Key	71	DOWN	at	360406  
360778	[0]	:	Key	71	UP	at	360518  
361926	[1148]	:	Key	71	DOWN	at	361926  
362976	[1050]	:	Key	71	UP	at	362158  
364382	[1406]	:	Key	98	DOWN	at	364382  
365498	[1116]	:	Key	98	UP	at	364478  
366734	[1236]	:	Key	98	DOWN	at	366734  
367820	[1086]	:	Key	98	UP	at	366870  
368829	[1009]	:	Key	97	DOWN	at	368829  
369961	[1132]	:	Key	97	UP	at	368949  
370702	[741]	:	Key	97	DOWN	at	370702  
371828	[1126]	:	Key	97	UP	at	370798  
372686	[858]	:	Key	97	DOWN	at	372686  
373805	[1119]	:	Key	97	UP	at	372758  
374702	[897]	:	Key	97	DOWN	at	374702  
375823	[1121]	:	Key	97	UP	at	374790  
377086	[1263]	:	Key	97	DOWN	at	377086  
378215	[1129]	:	Key	97	UP	at	377166  
379174	[959]	:	Key	98	DOWN	at	379174  
380866	[1692]	:	Key	98	UP	at	379310  
383046	[2180]	:	Key	71	DOWN	at	383046  
384081	[1035]	:	Key	71	UP	at	383334  
386269	[2188]	:	Key	98	DOWN	at	386269  
387358	[1089]	:	Key	98	UP	at	386397  
388150	[792]	:	Key	97	DOWN	at	388150  
389264	[1114]	:	Key	97	UP	at	388246  
390646	[1382]	:	Key	97	DOWN	at	390646  
391750	[1104]	:	Key	97	UP	at	390726  
392710	[960]	:	Key	98	DOWN	at	392710  
393843	[1133]	:	Key	98	UP	at	392798  
394654	[811]	:	Key	97	DOWN	at	394654  
395783	[1129]	:	Key	97	UP	at	394742  
396414	[631]	:	Key	97	DOWN	at	396414  
397549	[1135]	:	Key	97	UP	at	396470  
398582	[1033]	:	Key	98	DOWN	at	398582  
399722	[1140]	:	Key	98	UP	at	398662  
400542	[820]	:	Key	97	DOWN	at	400542  
401737	[1195]	:	Key	97	UP	at	400622  
405341	[3604]	:	Key	71	DOWN	at	405341  
405661	[320]	:	Key	71	UP	at	405630  
406454	[793]	:	Key	71	DOWN	at	406454  
406806	[352]	:	Key	71	UP	at	406806  
407718	[912]	:	Key	71	DOWN	at	407718  
411021	[3303]	:	Key	71	UP	at	407990  
411023	[2]	:	Key	71	DOWN	at	409550  
411024	[1]	:	Key	71	UP	at	409854  
411126	[102]	:	Key	71	DOWN	at	411126  
414426	[3300]	:	Key	71	UP	at	411430  
414428	[2]	:	Key	71	DOWN	at	412182  
414429	[1]	:	Key	71	UP	at	412646  
414430	[1]	:	Key	71	DOWN	at	413878  
414431	[1]	:	Key	71	UP	at	414126  
414870	[439]	:	Key	71	DOWN	at	414870  
418162	[3292]	:	Key	71	UP	at	415158  
418164	[2]	:	Key	71	DOWN	at	417102  
418165	[1]	:	Key	71	UP	at	417470  
418358	[193]	:	Key	71	DOWN	at	418358  
421658	[3300]	:	Key	71	UP	at	418670  
421658	[0]	:	Key	71	DOWN	at	419630  
421659	[1]	:	Key	71	UP	at	419942  
421659	[0]	:	Key	71	DOWN	at	421302  
421790	[131]	:	Key	71	UP	at	421790  
422942	[1152]	:	Key	71	DOWN	at	422942  
426243	[3301]	:	Key	71	UP	at	423382  
426245	[2]	:	Key	71	DOWN	at	424926  
426246	[1]	:	Key	71	UP	at	425246  
426247	[1]	:	Key	71	DOWN	at	425966  
426267	[20]	:	Key	71	UP	at	426246  
426846	[579]	:	Key	71	DOWN	at	426846  
430142	[3296]	:	Key	71	UP	at	427126  
430144	[2]	:	Key	71	DOWN	at	428694  
430145	[1]	:	Key	71	UP	at	429014  
430310	[165]	:	Key	71	DOWN	at	430310  
433610	[3300]	:	Key	71	UP	at	430630  
433610	[0]	:	Key	71	DOWN	at	431718  
433610	[0]	:	Key	71	UP	at	432086  
433611	[1]	:	Key	71	DOWN	at	433134  
433611	[0]	:	Key	71	UP	at	433486  
434462	[851]	:	Key	71	DOWN	at	434462  
438378	[3916]	:	Key	71	UP	at	434878  
438378	[0]	:	Key	71	DOWN	at	436182  
438378	[0]	:	Key	71	UP	at	436622  
438378	[0]	:	Key	71	DOWN	at	437782  
438379	[1]	:	Key	71	UP	at	438246  
439845	[1466]	:	Key	71	DOWN	at	439845  
440891	[1046]	:	Key	71	UP	at	440046  
442070	[1179]	:	Key	98	DOWN	at	442070  
443184	[1114]	:	Key	98	UP	at	442238  
444078	[894]	:	Key	97	DOWN	at	444078  
445183	[1105]	:	Key	97	UP	at	444174  
446262	[1079]	:	Key	97	DOWN	at	446262  
447377	[1115]	:	Key	97	UP	at	446374  
448014	[637]	:	Key	97	DOWN	at	448014  
449126	[1112]	:	Key	97	UP	at	448118  
450326	[1200]	:	Key	97	DOWN	at	450326  
451448	[1122]	:	Key	97	UP	at	450390  
452734	[1286]	:	Key	97	DOWN	at	452734  
453851	[1117]	:	Key	97	UP	at	452822  
454702	[851]	:	Key	97	DOWN	at	454702  
455806	[1104]	:	Key	97	UP	at	454782  
456726	[920]	:	Key	98	DOWN	at	456726  
458408	[1682]	:	Key	98	UP	at	456846  
459734	[1326]	:	Key	71	DOWN	at	459734  
460780	[1046]	:	Key	71	UP	at	459894  
462366	[1586]	:	Key	98	DOWN	at	462366  
463488	[1122]	:	Key	98	UP	at	462494  
464526	[1038]	:	Key	98	DOWN	at	464526  
465647	[1121]	:	Key	98	UP	at	464654  
467078	[1431]	:	Key	97	DOWN	at	467078  
468187	[1109]	:	Key	97	UP	at	467222  
469550	[1363]	:	Key	98	DOWN	at	469550  
470677	[1127]	:	Key	98	UP	at	469678  
472150	[1473]	:	Key	97	DOWN	at	472150  
473282	[1132]	:	Key	97	UP	at	472222  
474053	[771]	:	Key	97	DOWN	at	474053  
475156	[1103]	:	Key	97	UP	at	474149  
476166	[1010]	:	Key	98	DOWN	at	476166  
477304	[1138]	:	Key	98	UP	at	476318  
478030	[726]	:	Key	98	DOWN	at	478030  
479207	[1177]	:	Key	98	UP	at	478142  
481814	[2607]	:	Key	71	DOWN	at	481814  
482129	[315]	:	Key	71	UP	at	481998  
483910	[1781]	:	Key	71	DOWN	at	483910  
484126	[216]	:	Key	71	UP	at	484126  
487622	[3496]	:	Key	71	DOWN	at	487622  
487998	[376]	:	Key	71	UP	at	487998  
488838	[840]	:	Key	97	DOWN	at	488838  
489022	[184]	:	Key	97	UP	at	489022  
489814	[792]	:	Key	97	DOWN	at	489814  
489966	[152]	:	Key	97	UP	at	489966  
490638	[672]	:	Key	97	DOWN	at	490638  
490790	[152]	:	Key	97	UP	at	490790  
491094	[304]	:	Key	97	DOWN	at	491094  
491229	[135]	:	Key	97	UP	at	491229  
491470	[241]	:	Key	97	DOWN	at	491470  
491573	[103]	:	Key	97	UP	at	491573  
491749	[176]	:	Key	97	DOWN	at	491749  
491853	[104]	:	Key	97	UP	at	491853  
492061	[208]	:	Key	97	DOWN	at	492061  
492134	[73]	:	Key	97	UP	at	492134  
492374	[240]	:	Key	97	DOWN	at	492374  
492485	[111]	:	Key	97	UP	at	492485  
492717	[232]	:	Key	97	DOWN	at	492717  
492821	[104]	:	Key	97	UP	at	492821  
493119	[298]	:	Key	97	DOWN	at	493119  
493246	[127]	:	Key	97	UP	at	493246  
493446	[200]	:	Key	97	DOWN	at	493446  
493542	[96]	:	Key	97	UP	at	493542  
493726	[184]	:	Key	97	DOWN	at	493726  
493838	[112]	:	Key	97	UP	at	493838  
494102	[264]	:	Key	97	DOWN	at	494102  
494199	[97]	:	Key	97	UP	at	494199  
495550	[1351]	:	Key	97	DOWN	at	495550  
495710	[160]	:	Key	97	UP	at	495710  
496038	[328]	:	Key	97	DOWN	at	496038  
496182	[144]	:	Key	97	UP	at	496182  
496558	[376]	:	Key	97	DOWN	at	496558  
496678	[120]	:	Key	97	UP	at	496678  
497214	[536]	:	Key	97	DOWN	at	497214  
497302	[88]	:	Key	97	UP	at	497302  
497702	[400]	:	Key	97	DOWN	at	497702  
497806	[104]	:	Key	97	UP	at	497806  
498614	[808]	:	Key	98	DOWN	at	498614  
498806	[192]	:	Key	98	UP	at	498806  
507950	[9144]	:	Key	98	DOWN	at	507950  
508158	[208]	:	Key	98	UP	at	508158  
508694	[536]	:	Key	98	DOWN	at	508694  
508894	[200]	:	Key	98	UP	at	508894  
509173	[279]	:	Key	97	DOWN	at	509173  
509254	[81]	:	Key	97	UP	at	509254  
509405	[151]	:	Key	97	DOWN	at	509405  
509489	[84]	:	Key	97	UP	at	509486  
509622	[133]	:	Key	97	DOWN	at	509622  
509725	[103]	:	Key	97	UP	at	509725  
509870	[145]	:	Key	97	DOWN	at	509870  
509961	[91]	:	Key	97	UP	at	509941  
511030	[1069]	:	Key	97	DOWN	at	511030  
512030	[1000]	:	Key	97	UP	at	511143  
515741	[3711]	:	Key	71	DOWN	at	515741  
516061	[320]	:	Key	71	UP	at	515966  
517390	[1329]	:	Key	71	DOWN	at	517390  
594454	[77064]	:	Key	71	DOWN	at	594454  
594758	[304]	:	Key	71	UP	at	594758  
595190	[432]	:	Key	71	DOWN	at	595190  
1066478	[471288]	:	Key	71	DOWN	at	1066478 
1066558	[80]	:	Key	71	UP	at	1066558 
1066622	[64]	:	Key	71	DOWN	at	1066622 
1067110	[488]	:	Key	71	UP	at	1067110 
1186646	[119536]	:	Key	97	DOWN	at	1186646 
1187646	[1000]	:	Key	97	UP	at	1186790 
1188862	[1216]	:	Key	71	DOWN	at	1188862 
1947591	[758729]	:	Key	97	DOWN	at	1947591 
1948591	[1000]	:	Key	97	UP	at	1947728 
1949639	[1048]	:	Key	71	DOWN	at	1949639 
2648760	[699121]	:	Key	97	DOWN	at	2648760 
2649760	[1000]	:	Key	97	UP	at	2648904 
2651104	[1344]	:	Key	71	DOWN	at	2651104 
3343433	[692329]	:	Key	97	DOWN	at	3343433 
3344433	[1000]	:	Key	97	UP	at	3343569 
3345225	[792]	:	Key	97	DOWN	at	3345225 
3345345	[120]	:	Key	97	UP	at	3345345 
3345553	[208]	:	Key	71	DOWN	at	3345553 
3355323	[9770]	:	Key	71	DOWN	at	3354272 
3355323	[0]	:	Key	71	UP	at	3354536 
3360413	[5090]	:	Key	71	DOWN	at	3357480 
3360414	[1]	:	Key	71	UP	at	3357744 
4094713	[734299]	:	Key	71	DOWN	at	4094713 
4094772	[59]	:	COGENT STOP
