Cog2000 log file Sun Nov 29 10:10:04 2020
gprim v1.33 Compiled:Aug 12 2015 (GLib DirectDraw v7 DX10.0 Compiled:Aug 12 2015)
Display:1024x768x32 60.02Hz
Attaching E:\Sahar Rajabi\Final MBMF+Drug Task\Cogent2000v1.33\Toolbox\CogInput.mexw64
CogInput v1.05 Compiled: May 20 2010
3	[3]	:	COGENT START
12324	[12321]	:	Key	98	DOWN	at	12324   
12498	[174]	:	Key	98	UP	at	12498   
15971	[3473]	:	Key	98	DOWN	at	15971   
16114	[143]	:	Key	98	UP	at	16114   
16370	[256]	:	Key	95	DOWN	at	16370   
16642	[272]	:	Key	95	UP	at	16642   
20802	[4160]	:	Key	98	DOWN	at	20802   
21258	[456]	:	Key	98	UP	at	21258   
23338	[2080]	:	Key	97	DOWN	at	23338   
23579	[241]	:	Key	97	UP	at	23579   
43434	[19855]	:	Key	97	DOWN	at	43434   
43610	[176]	:	Key	97	UP	at	43610   
66194	[22584]	:	Key	97	DOWN	at	66194   
67194	[1000]	:	Key	97	UP	at	66346   
67194	[0]	:	Key	97	DOWN	at	66914   
67303	[109]	:	Key	97	UP	at	67258   
100850	[33547]	:	Key	97	DOWN	at	100850  
101018	[168]	:	Key	97	UP	at	101018  
102554	[1536]	:	Key	71	DOWN	at	102554  
102882	[328]	:	Key	71	UP	at	102882  
115403	[12521]	:	Key	71	DOWN	at	115403  
118783	[3380]	:	Key	71	UP	at	115580  
127410	[8627]	:	Key	71	DOWN	at	127410  
130716	[3306]	:	Key	71	UP	at	127547  
138026	[7310]	:	Key	71	DOWN	at	138026  
141325	[3299]	:	Key	71	UP	at	138266  
144050	[2725]	:	Key	71	DOWN	at	144050  
147346	[3296]	:	Key	71	UP	at	144299  
149810	[2464]	:	Key	71	DOWN	at	149810  
153102	[3292]	:	Key	71	UP	at	150334  
157034	[3932]	:	Key	71	DOWN	at	157034  
160331	[3297]	:	Key	71	UP	at	157227  
163539	[3208]	:	Key	71	DOWN	at	163539  
166837	[3298]	:	Key	71	UP	at	163636  
169107	[2270]	:	Key	71	DOWN	at	169107  
172407	[3300]	:	Key	71	UP	at	169252  
175114	[2707]	:	Key	71	DOWN	at	175114  
178415	[3301]	:	Key	71	UP	at	175219  
179266	[851]	:	Key	71	DOWN	at	179266  
182559	[3293]	:	Key	71	UP	at	179401  
184283	[1724]	:	Key	71	DOWN	at	184283  
187585	[3302]	:	Key	71	UP	at	184460  
190571	[2986]	:	Key	71	DOWN	at	190571  
193866	[3295]	:	Key	71	UP	at	190779  
194019	[153]	:	Key	71	DOWN	at	194019  
197319	[3300]	:	Key	71	UP	at	194251  
197321	[2]	:	Key	71	DOWN	at	196363  
197322	[1]	:	Key	71	UP	at	196506  
198963	[1641]	:	Key	71	DOWN	at	198963  
202262	[3299]	:	Key	71	UP	at	199131  
202264	[2]	:	Key	71	DOWN	at	201420  
202265	[1]	:	Key	71	UP	at	201555  
203210	[945]	:	Key	71	DOWN	at	203210  
206511	[3301]	:	Key	71	UP	at	203371  
207586	[1075]	:	Key	71	DOWN	at	207586  
210892	[3306]	:	Key	71	UP	at	207770  
211835	[943]	:	Key	71	DOWN	at	211835  
215116	[3281]	:	Key	71	UP	at	211931  
215118	[2]	:	Key	71	DOWN	at	214531  
215119	[1]	:	Key	71	UP	at	214643  
216363	[1244]	:	Key	71	DOWN	at	216363  
219666	[3303]	:	Key	71	UP	at	216508  
221547	[1881]	:	Key	71	DOWN	at	221547  
224850	[3303]	:	Key	71	UP	at	221636  
225645	[795]	:	Key	71	DOWN	at	225645  
228949	[3304]	:	Key	71	UP	at	225665  
228951	[2]	:	Key	71	DOWN	at	228467  
228952	[1]	:	Key	71	UP	at	228595  
230778	[1826]	:	Key	71	DOWN	at	230778  
234081	[3303]	:	Key	71	UP	at	231003  
234083	[2]	:	Key	71	DOWN	at	233252  
234084	[1]	:	Key	71	UP	at	233396  
235299	[1215]	:	Key	71	DOWN	at	235299  
238603	[3304]	:	Key	71	UP	at	235484  
238605	[2]	:	Key	71	DOWN	at	237868  
238606	[1]	:	Key	71	UP	at	237995  
239299	[693]	:	Key	71	DOWN	at	239299  
242591	[3292]	:	Key	71	UP	at	239562  
242593	[2]	:	Key	71	DOWN	at	242124  
242594	[1]	:	Key	71	UP	at	242268  
243395	[801]	:	Key	71	DOWN	at	243395  
246697	[3302]	:	Key	71	UP	at	243524  
247042	[345]	:	Key	71	DOWN	at	247042  
250334	[3292]	:	Key	71	UP	at	247171  
250336	[2]	:	Key	71	DOWN	at	248475  
250337	[1]	:	Key	71	UP	at	248659  
250338	[1]	:	Key	71	DOWN	at	249865  
250339	[1]	:	Key	71	UP	at	250067  
250819	[480]	:	Key	71	DOWN	at	250819  
254110	[3291]	:	Key	71	UP	at	251004  
254112	[2]	:	Key	71	DOWN	at	251660  
254113	[1]	:	Key	71	UP	at	251836  
254114	[1]	:	Key	71	DOWN	at	253388  
254116	[2]	:	Key	71	UP	at	253538  
254715	[599]	:	Key	71	DOWN	at	254715  
258005	[3290]	:	Key	71	UP	at	254804  
258007	[2]	:	Key	71	DOWN	at	256046  
258007	[0]	:	Key	71	UP	at	256065  
258322	[315]	:	Key	71	DOWN	at	258322  
261628	[3306]	:	Key	71	UP	at	258524  
261630	[2]	:	Key	71	DOWN	at	260868  
261630	[0]	:	Key	71	UP	at	261100  
262035	[405]	:	Key	71	DOWN	at	262035  
265332	[3297]	:	Key	71	UP	at	262236  
265334	[2]	:	Key	71	DOWN	at	263275  
265335	[1]	:	Key	71	UP	at	263490  
265336	[1]	:	Key	71	DOWN	at	264747  
265337	[1]	:	Key	71	UP	at	264947  
265866	[529]	:	Key	71	DOWN	at	265866  
269157	[3291]	:	Key	71	UP	at	266051  
269159	[2]	:	Key	71	DOWN	at	266899  
269160	[1]	:	Key	71	UP	at	267107  
269161	[1]	:	Key	71	DOWN	at	268196  
269162	[1]	:	Key	71	UP	at	268412  
269475	[313]	:	Key	71	DOWN	at	269475  
272760	[3285]	:	Key	71	UP	at	269668  
272762	[2]	:	Key	71	DOWN	at	270630  
272763	[1]	:	Key	71	UP	at	270650  
272764	[1]	:	Key	71	DOWN	at	271883  
272765	[1]	:	Key	71	UP	at	272083  
272891	[126]	:	Key	71	DOWN	at	272891  
276190	[3299]	:	Key	71	UP	at	273140  
276192	[2]	:	Key	71	DOWN	at	273826  
276193	[1]	:	Key	71	UP	at	274132  
276194	[1]	:	Key	71	DOWN	at	275626  
276195	[1]	:	Key	71	UP	at	275787  
276994	[799]	:	Key	71	DOWN	at	276994  
280293	[3299]	:	Key	71	UP	at	277122  
280294	[1]	:	Key	71	DOWN	at	279740  
280294	[0]	:	Key	71	UP	at	279908  
281426	[1132]	:	Key	71	DOWN	at	281426  
284728	[3302]	:	Key	71	UP	at	281587  
284730	[2]	:	Key	71	DOWN	at	284355  
284731	[1]	:	Key	71	UP	at	284539  
285870	[1139]	:	Key	71	DOWN	at	285870  
289172	[3302]	:	Key	71	UP	at	285890  
289819	[647]	:	Key	71	DOWN	at	289819  
293112	[3293]	:	Key	71	UP	at	289988  
293795	[683]	:	Key	71	DOWN	at	293795  
297089	[3294]	:	Key	71	UP	at	294036  
297275	[186]	:	Key	71	DOWN	at	297275  
300576	[3301]	:	Key	71	UP	at	297492  
300578	[2]	:	Key	71	DOWN	at	299892  
300579	[1]	:	Key	71	UP	at	300397  
301362	[783]	:	Key	71	DOWN	at	301362  
304665	[3303]	:	Key	71	UP	at	301554  
304667	[2]	:	Key	71	DOWN	at	303772  
304668	[1]	:	Key	71	UP	at	304012  
305514	[846]	:	Key	71	DOWN	at	305514  
308803	[3289]	:	Key	71	UP	at	305738  
308805	[2]	:	Key	71	DOWN	at	307907  
308806	[1]	:	Key	71	UP	at	308044  
309499	[693]	:	Key	71	DOWN	at	309499  
312802	[3303]	:	Key	71	UP	at	309683  
312804	[2]	:	Key	71	DOWN	at	310604  
312805	[1]	:	Key	71	UP	at	310772  
312806	[1]	:	Key	71	DOWN	at	311884  
312807	[1]	:	Key	71	UP	at	312036  
313163	[356]	:	Key	71	DOWN	at	313163  
316446	[3283]	:	Key	71	UP	at	313444  
316448	[2]	:	Key	71	DOWN	at	314092  
316449	[1]	:	Key	71	UP	at	314356  
316450	[1]	:	Key	71	DOWN	at	316149  
316451	[1]	:	Key	71	UP	at	316187  
316939	[488]	:	Key	71	DOWN	at	316939  
320232	[3293]	:	Key	71	UP	at	317091  
320234	[2]	:	Key	71	DOWN	at	318099  
320235	[1]	:	Key	71	UP	at	318283  
320236	[1]	:	Key	71	DOWN	at	319307  
320237	[1]	:	Key	71	UP	at	319507  
320338	[101]	:	Key	71	DOWN	at	320338  
323641	[3303]	:	Key	71	UP	at	320579  
323643	[2]	:	Key	71	DOWN	at	321236  
323644	[1]	:	Key	71	UP	at	321532  
323645	[1]	:	Key	71	DOWN	at	322492  
323647	[2]	:	Key	71	UP	at	322700  
323995	[348]	:	Key	71	DOWN	at	323995  
327293	[3298]	:	Key	71	UP	at	324300  
327295	[2]	:	Key	71	DOWN	at	325036  
327296	[1]	:	Key	71	UP	at	325324  
327297	[1]	:	Key	71	DOWN	at	326284  
327298	[1]	:	Key	71	UP	at	326595  
327411	[113]	:	Key	71	DOWN	at	327411  
330713	[3302]	:	Key	71	UP	at	327708  
330714	[1]	:	Key	71	DOWN	at	330438  
330714	[0]	:	Key	71	UP	at	330458  
332075	[1361]	:	Key	71	DOWN	at	332075  
335378	[3303]	:	Key	71	UP	at	332322  
335380	[2]	:	Key	71	DOWN	at	335033  
335381	[1]	:	Key	71	UP	at	335265  
337905	[2524]	:	Key	71	DOWN	at	337905  
341918	[4013]	:	Key	71	UP	at	338025  
341918	[0]	:	Key	71	DOWN	at	339770  
341918	[0]	:	Key	71	UP	at	339898  
341919	[1]	:	Key	71	DOWN	at	340346  
341919	[0]	:	Key	71	UP	at	340506  
341919	[0]	:	Key	71	DOWN	at	341258  
341919	[0]	:	Key	71	UP	at	341410  
341920	[1]	:	Key	71	DOWN	at	341826  
341970	[50]	:	Key	71	UP	at	341970  
394378	[52408]	:	Key	71	DOWN	at	394378  
395426	[1048]	:	Key	71	UP	at	394490  
397786	[2360]	:	Key	97	DOWN	at	397786  
398929	[1143]	:	Key	97	UP	at	397922  
399658	[729]	:	Key	98	DOWN	at	399658  
400786	[1128]	:	Key	98	UP	at	399802  
401906	[1120]	:	Key	97	DOWN	at	401906  
403037	[1131]	:	Key	97	UP	at	402090  
404074	[1037]	:	Key	97	DOWN	at	404074  
405193	[1119]	:	Key	97	UP	at	404218  
406113	[920]	:	Key	97	DOWN	at	406113  
407237	[1124]	:	Key	97	UP	at	406257  
407929	[692]	:	Key	97	DOWN	at	407929  
409067	[1138]	:	Key	97	UP	at	408074  
409834	[767]	:	Key	98	DOWN	at	409834  
410961	[1127]	:	Key	98	UP	at	409978  
411594	[633]	:	Key	97	DOWN	at	411594  
413307	[1713]	:	Key	97	UP	at	411738  
425025	[11718]	:	Key	71	DOWN	at	425025  
426071	[1046]	:	Key	71	UP	at	425193  
427786	[1715]	:	Key	97	DOWN	at	427786  
428901	[1115]	:	Key	97	UP	at	427978  
429890	[989]	:	Key	97	DOWN	at	429890  
431001	[1111]	:	Key	97	UP	at	430026  
432690	[1689]	:	Key	98	DOWN	at	432690  
433799	[1109]	:	Key	98	UP	at	432786  
434698	[899]	:	Key	98	DOWN	at	434698  
435798	[1100]	:	Key	98	UP	at	434802  
436818	[1020]	:	Key	97	DOWN	at	436818  
437944	[1126]	:	Key	97	UP	at	436914  
438762	[818]	:	Key	97	DOWN	at	438762  
439890	[1128]	:	Key	97	UP	at	438857  
441217	[1327]	:	Key	97	DOWN	at	441217  
442333	[1116]	:	Key	97	UP	at	441305  
443522	[1189]	:	Key	97	DOWN	at	443522  
444717	[1195]	:	Key	97	UP	at	443610  
447890	[3173]	:	Key	71	DOWN	at	447890  
448251	[361]	:	Key	71	UP	at	448122  
578114	[129863]	:	Key	71	DOWN	at	578114  
578282	[168]	:	Key	71	UP	at	578282  
581913	[3631]	:	Key	71	DOWN	at	581913  
582233	[320]	:	Key	71	UP	at	582233  
582393	[160]	:	Key	97	DOWN	at	582393  
582585	[192]	:	Key	97	UP	at	582585  
585090	[2505]	:	Key	97	DOWN	at	585090  
585378	[288]	:	Key	97	UP	at	585378  
595650	[10272]	:	Key	97	DOWN	at	595650  
595874	[224]	:	Key	97	UP	at	595874  
617353	[21479]	:	Key	97	DOWN	at	617353  
617578	[225]	:	Key	97	UP	at	617577  
635802	[18224]	:	Key	97	DOWN	at	635802  
635970	[168]	:	Key	97	UP	at	635970  
664162	[28192]	:	Key	97	DOWN	at	664162  
664330	[168]	:	Key	97	UP	at	664330  
672482	[8152]	:	Key	97	DOWN	at	672482  
672666	[184]	:	Key	97	UP	at	672666  
685010	[12344]	:	Key	97	DOWN	at	685010  
685178	[168]	:	Key	97	UP	at	685178  
697778	[12600]	:	Key	97	DOWN	at	697778  
697970	[192]	:	Key	97	UP	at	697970  
713050	[15080]	:	Key	97	DOWN	at	713050  
713258	[208]	:	Key	97	UP	at	713258  
745650	[32392]	:	Key	97	DOWN	at	745650  
745874	[224]	:	Key	97	UP	at	745874  
754426	[8552]	:	Key	97	DOWN	at	754426  
754610	[184]	:	Key	97	UP	at	754610  
770970	[16360]	:	Key	97	DOWN	at	770970  
771130	[160]	:	Key	97	UP	at	771130  
781394	[10264]	:	Key	97	DOWN	at	781394  
781594	[200]	:	Key	97	UP	at	781594  
798802	[17208]	:	Key	97	DOWN	at	798802  
798962	[160]	:	Key	97	UP	at	798962  
817010	[18048]	:	Key	97	DOWN	at	817010  
817234	[224]	:	Key	97	UP	at	817234  
829011	[11777]	:	Key	97	DOWN	at	829011  
829195	[184]	:	Key	97	UP	at	829195  
844802	[15607]	:	Key	97	DOWN	at	844802  
844962	[160]	:	Key	97	UP	at	844962  
856530	[11568]	:	Key	97	DOWN	at	856530  
856738	[208]	:	Key	97	UP	at	856738  
968011	[111273]	:	Key	97	DOWN	at	968011  
969011	[1000]	:	Key	97	UP	at	968155  
975002	[5991]	:	Key	71	DOWN	at	975002  
975309	[307]	:	Key	71	UP	at	975186  
1004075	[28766]	:	Key	71	DOWN	at	1004075 
1184866	[180791]	:	Key	71	DOWN	at	1184866 
1185114	[248]	:	Key	71	UP	at	1185114 
1186586	[1472]	:	Key	71	DOWN	at	1186586 
1787434	[600848]	:	Key	97	DOWN	at	1787434 
1788434	[1000]	:	Key	97	UP	at	1787603 
1790235	[1801]	:	Key	71	DOWN	at	1790235 
2333420	[543185]	:	Key	97	DOWN	at	2333420 
2334420	[1000]	:	Key	97	UP	at	2333604 
2335084	[664]	:	Key	71	DOWN	at	2335084 
2889307	[554223]	:	Key	97	DOWN	at	2889307 
2890307	[1000]	:	Key	97	UP	at	2889603 
2890844	[537]	:	Key	71	DOWN	at	2890844 
3463228	[572384]	:	Key	97	DOWN	at	3463228 
3464228	[1000]	:	Key	97	UP	at	3463508 
3464230	[2]	:	Key	71	DOWN	at	3464028 
3464328	[98]	:	Key	71	UP	at	3464268 
3466756	[2428]	:	Key	71	DOWN	at	3466756 
4012629	[545873]	:	Key	97	DOWN	at	4012629 
4012885	[256]	:	Key	97	UP	at	4012885 
4013805	[920]	:	Key	71	DOWN	at	4013805 
4013854	[49]	:	COGENT STOP
