Cog2000 log file Tue Dec 22 10:59:09 2020
gprim v1.33 Compiled:Aug 12 2015 (GLib DirectDraw v7 DX10.0 Compiled:Aug 12 2015)
Display:1024x768x32 60.02Hz
Attaching E:\Sahar Rajabi\Final MBMF+Drug Task\Cogent2000v1.33\Toolbox\CogInput.mexw64
CogInput v1.05 Compiled: May 20 2010
3	[3]	:	COGENT START
43960	[43957]	:	Key	97	DOWN	at	43959   
44079	[119]	:	Key	97	UP	at	44079   
56622	[12543]	:	Key	97	DOWN	at	56622   
56747	[125]	:	Key	97	UP	at	56742   
82471	[25724]	:	Key	97	DOWN	at	82471   
83471	[1000]	:	Key	97	UP	at	82591   
120127	[36656]	:	Key	71	DOWN	at	120127  
120327	[200]	:	Key	71	UP	at	120327  
122823	[2496]	:	Key	71	DOWN	at	122823  
126219	[3396]	:	Key	71	UP	at	122975  
128175	[1956]	:	Key	71	DOWN	at	128175  
131491	[3316]	:	Key	71	UP	at	128351  
133055	[1564]	:	Key	71	DOWN	at	133055  
136355	[3300]	:	Key	71	UP	at	133183  
137695	[1340]	:	Key	71	DOWN	at	137695  
140998	[3303]	:	Key	71	UP	at	137855  
141766	[768]	:	Key	71	DOWN	at	141766  
145057	[3291]	:	Key	71	UP	at	141959  
145751	[694]	:	Key	71	DOWN	at	145751  
149040	[3289]	:	Key	71	UP	at	145943  
149543	[503]	:	Key	71	DOWN	at	149543  
152812	[3269]	:	Key	71	UP	at	149727  
153239	[427]	:	Key	71	DOWN	at	153239  
156529	[3290]	:	Key	71	UP	at	153407  
157183	[654]	:	Key	71	DOWN	at	157183  
160476	[3293]	:	Key	71	UP	at	157367  
160910	[434]	:	Key	71	DOWN	at	160910  
164201	[3291]	:	Key	71	UP	at	161079  
164695	[494]	:	Key	71	DOWN	at	164695  
167994	[3299]	:	Key	71	UP	at	164879  
168591	[597]	:	Key	71	DOWN	at	168591  
171894	[3303]	:	Key	71	UP	at	168751  
172583	[689]	:	Key	71	DOWN	at	172583  
175874	[3291]	:	Key	71	UP	at	172751  
176471	[597]	:	Key	71	DOWN	at	176471  
179768	[3297]	:	Key	71	UP	at	176599  
180287	[519]	:	Key	71	DOWN	at	180287  
183577	[3290]	:	Key	71	UP	at	180431  
184071	[494]	:	Key	71	DOWN	at	184071  
187361	[3290]	:	Key	71	UP	at	184215  
188479	[1118]	:	Key	71	DOWN	at	188479  
191780	[3301]	:	Key	71	UP	at	188647  
192607	[827]	:	Key	71	DOWN	at	192607  
195911	[3304]	:	Key	71	UP	at	192775  
196542	[631]	:	Key	71	DOWN	at	196542  
199834	[3292]	:	Key	71	UP	at	196735  
200583	[749]	:	Key	71	DOWN	at	200583  
203883	[3300]	:	Key	71	UP	at	200751  
204455	[572]	:	Key	71	DOWN	at	204455  
207753	[3298]	:	Key	71	UP	at	204655  
208359	[606]	:	Key	71	DOWN	at	208359  
211659	[3300]	:	Key	71	UP	at	208527  
213007	[1348]	:	Key	71	DOWN	at	213007  
216309	[3302]	:	Key	71	UP	at	213199  
217543	[1234]	:	Key	71	DOWN	at	217543  
220846	[3303]	:	Key	71	UP	at	217775  
221583	[737]	:	Key	71	DOWN	at	221583  
224885	[3302]	:	Key	71	UP	at	221767  
225471	[586]	:	Key	71	DOWN	at	225471  
228772	[3301]	:	Key	71	UP	at	225647  
229023	[251]	:	Key	71	DOWN	at	229023  
232323	[3300]	:	Key	71	UP	at	229199  
233023	[700]	:	Key	71	DOWN	at	233023  
236314	[3291]	:	Key	71	UP	at	233167  
237055	[741]	:	Key	71	DOWN	at	237055  
240343	[3288]	:	Key	71	UP	at	237263  
240847	[504]	:	Key	71	DOWN	at	240847  
244139	[3292]	:	Key	71	UP	at	241039  
244783	[644]	:	Key	71	DOWN	at	244783  
248066	[3283]	:	Key	71	UP	at	244943  
248575	[509]	:	Key	71	DOWN	at	248575  
251864	[3289]	:	Key	71	UP	at	248759  
252959	[1095]	:	Key	71	DOWN	at	252959  
256260	[3301]	:	Key	71	UP	at	253159  
256767	[507]	:	Key	71	DOWN	at	256767  
260067	[3300]	:	Key	71	UP	at	256927  
260495	[428]	:	Key	71	DOWN	at	260495  
263784	[3289]	:	Key	71	UP	at	260678  
264279	[495]	:	Key	71	DOWN	at	264279  
267579	[3300]	:	Key	71	UP	at	264423  
268119	[540]	:	Key	71	DOWN	at	268119  
271407	[3288]	:	Key	71	UP	at	268351  
271887	[480]	:	Key	71	DOWN	at	271887  
275176	[3289]	:	Key	71	UP	at	272079  
275447	[271]	:	Key	71	DOWN	at	275447  
278727	[3280]	:	Key	71	UP	at	275647  
279231	[504]	:	Key	71	DOWN	at	279231  
282522	[3291]	:	Key	71	UP	at	279423  
283031	[509]	:	Key	71	DOWN	at	283031  
286333	[3302]	:	Key	71	UP	at	283191  
286655	[322]	:	Key	71	DOWN	at	286655  
289946	[3291]	:	Key	71	UP	at	286831  
290223	[277]	:	Key	71	DOWN	at	290223  
293524	[3301]	:	Key	71	UP	at	290439  
293943	[419]	:	Key	71	DOWN	at	293943  
297232	[3289]	:	Key	71	UP	at	294167  
297823	[591]	:	Key	71	DOWN	at	297823  
301115	[3292]	:	Key	71	UP	at	298007  
301679	[564]	:	Key	71	DOWN	at	301679  
304973	[3294]	:	Key	71	UP	at	301888  
306343	[1370]	:	Key	71	DOWN	at	306343  
309644	[3301]	:	Key	71	UP	at	306479  
310103	[459]	:	Key	71	DOWN	at	310103  
314001	[3898]	:	Key	71	UP	at	310311  
338295	[24294]	:	Key	71	DOWN	at	338295  
339338	[1043]	:	Key	71	UP	at	338488  
341055	[1717]	:	Key	97	DOWN	at	341055  
342199	[1144]	:	Key	97	UP	at	341183  
343407	[1208]	:	Key	98	DOWN	at	343407  
344514	[1107]	:	Key	98	UP	at	343551  
345319	[805]	:	Key	97	DOWN	at	345319  
346441	[1122]	:	Key	97	UP	at	345447  
347879	[1438]	:	Key	97	DOWN	at	347879  
348975	[1096]	:	Key	97	UP	at	347991  
350519	[1544]	:	Key	97	DOWN	at	350519  
351650	[1131]	:	Key	97	UP	at	350639  
352431	[781]	:	Key	97	DOWN	at	352431  
353550	[1119]	:	Key	97	UP	at	352567  
354591	[1041]	:	Key	98	DOWN	at	354591  
355704	[1113]	:	Key	98	UP	at	354711  
356527	[823]	:	Key	97	DOWN	at	356527  
358274	[1747]	:	Key	97	UP	at	356639  
366967	[8693]	:	Key	71	DOWN	at	366967  
368010	[1043]	:	Key	71	UP	at	367159  
369927	[1917]	:	Key	97	DOWN	at	369927  
371061	[1134]	:	Key	97	UP	at	370047  
372183	[1122]	:	Key	97	DOWN	at	372183  
373310	[1127]	:	Key	97	UP	at	372287  
375071	[1761]	:	Key	98	DOWN	at	375071  
376191	[1120]	:	Key	98	UP	at	375199  
377375	[1184]	:	Key	98	DOWN	at	377375  
378485	[1110]	:	Key	98	UP	at	377495  
379751	[1266]	:	Key	97	DOWN	at	379751  
380850	[1099]	:	Key	97	UP	at	379871  
381951	[1101]	:	Key	97	DOWN	at	381951  
383069	[1118]	:	Key	97	UP	at	382055  
384367	[1298]	:	Key	97	DOWN	at	384367  
385476	[1109]	:	Key	97	UP	at	384503  
386287	[811]	:	Key	97	DOWN	at	386287  
387483	[1196]	:	Key	97	UP	at	386431  
389079	[1596]	:	Key	71	DOWN	at	389079  
389413	[334]	:	Key	71	UP	at	389223  
412175	[22762]	:	Key	97	DOWN	at	412175  
412287	[112]	:	Key	97	UP	at	412287  
420679	[8392]	:	Key	97	DOWN	at	420679  
420759	[80]	:	Key	97	UP	at	420759  
445751	[24992]	:	Key	97	DOWN	at	445751  
445855	[104]	:	Key	97	UP	at	445855  
453743	[7888]	:	Key	98	DOWN	at	453743  
453863	[120]	:	Key	98	UP	at	453863  
454127	[264]	:	Key	98	DOWN	at	454127  
454239	[112]	:	Key	98	UP	at	454239  
454735	[496]	:	Key	97	DOWN	at	454735  
454855	[120]	:	Key	97	UP	at	454855  
471839	[16984]	:	Key	97	DOWN	at	471839  
471991	[152]	:	Key	97	UP	at	471991  
491511	[19520]	:	Key	97	DOWN	at	491511  
491607	[96]	:	Key	97	UP	at	491607  
514511	[22904]	:	Key	97	DOWN	at	514511  
514664	[153]	:	Key	97	UP	at	514664  
548152	[33488]	:	Key	97	DOWN	at	548152  
548320	[168]	:	Key	97	UP	at	548320  
554535	[6215]	:	Key	97	DOWN	at	554535  
554655	[120]	:	Key	97	UP	at	554655  
578223	[23568]	:	Key	97	DOWN	at	578223  
578327	[104]	:	Key	97	UP	at	578327  
616247	[37920]	:	Key	97	DOWN	at	616247  
616407	[160]	:	Key	97	UP	at	616407  
629895	[13488]	:	Key	97	DOWN	at	629895  
630023	[128]	:	Key	97	UP	at	630023  
639167	[9144]	:	Key	97	DOWN	at	639167  
639279	[112]	:	Key	97	UP	at	639279  
646655	[7376]	:	Key	97	DOWN	at	646655  
646767	[112]	:	Key	97	UP	at	646767  
658031	[11264]	:	Key	97	DOWN	at	658031  
658159	[128]	:	Key	97	UP	at	658159  
672840	[14681]	:	Key	97	DOWN	at	672840  
672984	[144]	:	Key	97	UP	at	672984  
685855	[12871]	:	Key	97	DOWN	at	685855  
685999	[144]	:	Key	97	UP	at	685999  
714111	[28112]	:	Key	97	DOWN	at	714111  
714223	[112]	:	Key	97	UP	at	714223  
725944	[11721]	:	Key	97	DOWN	at	725944  
726063	[119]	:	Key	97	UP	at	726063  
734951	[8888]	:	Key	97	DOWN	at	734951  
735095	[144]	:	Key	97	UP	at	735095  
742480	[7385]	:	Key	97	DOWN	at	742480  
742624	[144]	:	Key	97	UP	at	742624  
790343	[47719]	:	Key	97	DOWN	at	790343  
791343	[1000]	:	Key	97	UP	at	790439  
796712	[5369]	:	Key	71	DOWN	at	796712  
797023	[311]	:	Key	71	UP	at	796808  
798832	[1809]	:	Key	71	DOWN	at	798832  
891023	[92191]	:	Key	71	DOWN	at	891023  
891199	[176]	:	Key	71	UP	at	891199  
893063	[1864]	:	Key	71	DOWN	at	893063  
1467880	[574817]	:	Key	97	DOWN	at	1467880 
1468880	[1000]	:	Key	97	UP	at	1467968 
1470488	[1608]	:	Key	71	DOWN	at	1470488 
2020745	[550257]	:	Key	97	DOWN	at	2020745 
2021745	[1000]	:	Key	97	UP	at	2020817 
2023152	[1407]	:	Key	71	DOWN	at	2023152 
2574544	[551392]	:	Key	97	DOWN	at	2574544 
2575544	[1000]	:	Key	97	UP	at	2574632 
2576217	[673]	:	Key	71	DOWN	at	2576217 
3131033	[554816]	:	Key	97	DOWN	at	3131033 
3132033	[1000]	:	Key	97	UP	at	3131129 
3132553	[520]	:	Key	71	DOWN	at	3132553 
3827650	[695097]	:	Key	71	DOWN	at	3827650 
3827708	[58]	:	COGENT STOP
