Cog2000 log file Tue Jan 05 11:03:28 2021
gprim v1.33 Compiled:Aug 12 2015 (GLib DirectDraw v7 DX10.0 Compiled:Aug 12 2015)
Display:1024x768x32 60.02Hz
Attaching E:\Sahar Rajabi\Final MBMF+Drug Task\Cogent2000v1.33\Toolbox\CogInput.mexw64
CogInput v1.05 Compiled: May 20 2010
3	[3]	:	COGENT START
20345	[20342]	:	Key	97	DOWN	at	20344   
20447	[102]	:	Key	97	UP	at	20447   
20560	[113]	:	Key	97	DOWN	at	20560   
20654	[94]	:	Key	97	UP	at	20631   
20736	[82]	:	Key	97	DOWN	at	20736   
21736	[1000]	:	Key	97	UP	at	20800   
21736	[0]	:	Key	97	DOWN	at	20952   
21736	[0]	:	Key	97	UP	at	21040   
21879	[143]	:	Key	97	DOWN	at	21879   
21999	[120]	:	Key	97	UP	at	21999   
31960	[9961]	:	Key	71	DOWN	at	31960   
32144	[184]	:	Key	71	UP	at	32144   
35504	[3360]	:	Key	71	DOWN	at	35504   
38898	[3394]	:	Key	71	UP	at	35680   
40327	[1429]	:	Key	71	DOWN	at	40327   
43621	[3294]	:	Key	71	UP	at	40455   
44543	[922]	:	Key	71	DOWN	at	44543   
47842	[3299]	:	Key	71	UP	at	44703   
48383	[541]	:	Key	71	DOWN	at	48383   
51680	[3297]	:	Key	71	UP	at	48511   
52312	[632]	:	Key	71	DOWN	at	52312   
55601	[3289]	:	Key	71	UP	at	52464   
57159	[1558]	:	Key	71	DOWN	at	57159   
60460	[3301]	:	Key	71	UP	at	57312   
60991	[531]	:	Key	71	DOWN	at	60991   
64281	[3290]	:	Key	71	UP	at	61183   
64903	[622]	:	Key	71	DOWN	at	64903   
68192	[3289]	:	Key	71	UP	at	65039   
72056	[3864]	:	Key	71	DOWN	at	72056   
75355	[3299]	:	Key	71	UP	at	72240   
75791	[436]	:	Key	71	DOWN	at	75791   
79091	[3300]	:	Key	71	UP	at	75919   
79687	[596]	:	Key	71	DOWN	at	79687   
82983	[3296]	:	Key	71	UP	at	79871   
84392	[1409]	:	Key	71	DOWN	at	84392   
87682	[3290]	:	Key	71	UP	at	84544   
88104	[422]	:	Key	71	DOWN	at	88104   
91394	[3290]	:	Key	71	UP	at	88256   
92599	[1205]	:	Key	71	DOWN	at	92599   
95895	[3296]	:	Key	71	UP	at	92784   
96439	[544]	:	Key	71	DOWN	at	96439   
99739	[3300]	:	Key	71	UP	at	96543   
100103	[364]	:	Key	71	DOWN	at	100103  
103401	[3298]	:	Key	71	UP	at	100271  
103840	[439]	:	Key	71	DOWN	at	103840  
107131	[3291]	:	Key	71	UP	at	103976  
107824	[693]	:	Key	71	DOWN	at	107824  
111115	[3291]	:	Key	71	UP	at	107952  
112655	[1540]	:	Key	71	DOWN	at	112655  
115955	[3300]	:	Key	71	UP	at	112783  
116551	[596]	:	Key	71	DOWN	at	116551  
119842	[3291]	:	Key	71	UP	at	116703  
120432	[590]	:	Key	71	DOWN	at	120432  
123732	[3300]	:	Key	71	UP	at	120560  
125168	[1436]	:	Key	71	DOWN	at	125168  
128458	[3290]	:	Key	71	UP	at	125344  
129047	[589]	:	Key	71	DOWN	at	129047  
132335	[3288]	:	Key	71	UP	at	129207  
133023	[688]	:	Key	71	DOWN	at	133023  
136323	[3300]	:	Key	71	UP	at	133199  
136984	[661]	:	Key	71	DOWN	at	136984  
140286	[3302]	:	Key	71	UP	at	137120  
140960	[674]	:	Key	71	DOWN	at	140960  
144249	[3289]	:	Key	71	UP	at	141152  
146151	[1902]	:	Key	71	DOWN	at	146151  
149450	[3299]	:	Key	71	UP	at	146303  
150215	[765]	:	Key	71	DOWN	at	150215  
153505	[3290]	:	Key	71	UP	at	150359  
155160	[1655]	:	Key	71	DOWN	at	155160  
158460	[3300]	:	Key	71	UP	at	155376  
159008	[548]	:	Key	71	DOWN	at	159008  
162310	[3302]	:	Key	71	UP	at	159168  
164319	[2009]	:	Key	71	DOWN	at	164319  
167619	[3300]	:	Key	71	UP	at	164511  
168527	[908]	:	Key	71	DOWN	at	168527  
171826	[3299]	:	Key	71	UP	at	168687  
172808	[982]	:	Key	71	DOWN	at	172808  
176108	[3300]	:	Key	71	UP	at	172944  
177592	[1484]	:	Key	71	DOWN	at	177592  
180889	[3297]	:	Key	71	UP	at	177744  
181463	[574]	:	Key	71	DOWN	at	181463  
184765	[3302]	:	Key	71	UP	at	181600  
185903	[1138]	:	Key	71	DOWN	at	185903  
189202	[3299]	:	Key	71	UP	at	186063  
190200	[998]	:	Key	71	DOWN	at	190200  
193500	[3300]	:	Key	71	UP	at	190448  
194160	[660]	:	Key	71	DOWN	at	194160  
197460	[3300]	:	Key	71	UP	at	194328  
197976	[516]	:	Key	71	DOWN	at	197976  
201275	[3299]	:	Key	71	UP	at	198128  
202015	[740]	:	Key	71	DOWN	at	202015  
205315	[3300]	:	Key	71	UP	at	202223  
208128	[2813]	:	Key	71	DOWN	at	208128  
211424	[3296]	:	Key	71	UP	at	208304  
212320	[896]	:	Key	71	DOWN	at	212320  
215619	[3299]	:	Key	71	UP	at	212528  
216256	[637]	:	Key	71	DOWN	at	216256  
219547	[3291]	:	Key	71	UP	at	216415  
220359	[812]	:	Key	71	DOWN	at	220359  
223659	[3300]	:	Key	71	UP	at	220543  
224288	[629]	:	Key	71	DOWN	at	224288  
227589	[3301]	:	Key	71	UP	at	224480  
228184	[595]	:	Key	71	DOWN	at	228184  
231471	[3287]	:	Key	71	UP	at	228352  
231968	[497]	:	Key	71	DOWN	at	231968  
235261	[3293]	:	Key	71	UP	at	232128  
236055	[794]	:	Key	71	DOWN	at	236055  
240007	[3952]	:	Key	71	UP	at	236207  
260224	[20217]	:	Key	71	DOWN	at	260224  
261272	[1048]	:	Key	71	UP	at	260399  
262800	[1528]	:	Key	97	DOWN	at	262800  
263938	[1138]	:	Key	97	UP	at	262928  
265208	[1270]	:	Key	97	DOWN	at	265208  
266324	[1116]	:	Key	97	UP	at	265304  
267448	[1124]	:	Key	97	DOWN	at	267448  
268583	[1135]	:	Key	97	UP	at	267536  
269831	[1248]	:	Key	98	DOWN	at	269831  
270958	[1127]	:	Key	98	UP	at	269967  
272199	[1241]	:	Key	97	DOWN	at	272199  
273305	[1106]	:	Key	97	UP	at	272287  
274399	[1094]	:	Key	97	DOWN	at	274399  
275538	[1139]	:	Key	97	UP	at	274551  
276287	[749]	:	Key	97	DOWN	at	276287  
277406	[1119]	:	Key	97	UP	at	276400  
278312	[906]	:	Key	98	DOWN	at	278312  
280050	[1738]	:	Key	98	UP	at	278432  
282416	[2366]	:	Key	71	DOWN	at	282416  
283453	[1037]	:	Key	71	UP	at	282608  
285160	[1707]	:	Key	97	DOWN	at	285160  
286305	[1145]	:	Key	97	UP	at	285312  
287215	[910]	:	Key	97	DOWN	at	287215  
288350	[1135]	:	Key	97	UP	at	287335  
289447	[1097]	:	Key	98	DOWN	at	289447  
290574	[1127]	:	Key	98	UP	at	289599  
291511	[937]	:	Key	97	DOWN	at	291511  
292642	[1131]	:	Key	97	UP	at	291631  
293863	[1221]	:	Key	98	DOWN	at	293863  
294987	[1124]	:	Key	98	UP	at	294000  
296536	[1549]	:	Key	98	DOWN	at	296536  
297666	[1130]	:	Key	98	UP	at	296672  
298552	[886]	:	Key	97	DOWN	at	298552  
299682	[1130]	:	Key	97	UP	at	298688  
300656	[974]	:	Key	97	DOWN	at	300656  
301860	[1204]	:	Key	97	UP	at	300784  
303672	[1812]	:	Key	71	DOWN	at	303672  
304005	[333]	:	Key	71	UP	at	303824  
365656	[61651]	:	Key	71	DOWN	at	365656  
365824	[168]	:	Key	71	UP	at	365824  
376055	[10231]	:	Key	97	DOWN	at	376055  
376201	[146]	:	Key	97	UP	at	376175  
376999	[798]	:	Key	97	DOWN	at	376999  
377100	[101]	:	Key	97	UP	at	377071  
377383	[283]	:	Key	98	DOWN	at	377383  
377487	[104]	:	Key	98	UP	at	377487  
392528	[15041]	:	Key	97	DOWN	at	392528  
392639	[111]	:	Key	97	UP	at	392639  
392840	[201]	:	Key	97	DOWN	at	392840  
392943	[103]	:	Key	97	UP	at	392943  
393096	[153]	:	Key	97	DOWN	at	393096  
393193	[97]	:	Key	97	UP	at	393167  
393407	[214]	:	Key	97	DOWN	at	393407  
393503	[96]	:	Key	97	UP	at	393503  
393783	[280]	:	Key	97	DOWN	at	393783  
393887	[104]	:	Key	97	UP	at	393887  
394135	[248]	:	Key	97	DOWN	at	394135  
394222	[87]	:	Key	97	UP	at	394191  
394463	[241]	:	Key	97	DOWN	at	394463  
394544	[81]	:	Key	97	UP	at	394511  
394863	[319]	:	Key	97	DOWN	at	394863  
394959	[96]	:	Key	97	UP	at	394959  
395231	[272]	:	Key	97	DOWN	at	395231  
395328	[97]	:	Key	97	UP	at	395327  
395751	[423]	:	Key	97	DOWN	at	395751  
395841	[90]	:	Key	97	UP	at	395840  
396103	[262]	:	Key	97	DOWN	at	396103  
396223	[120]	:	Key	97	UP	at	396223  
396495	[272]	:	Key	97	DOWN	at	396495  
396623	[128]	:	Key	97	UP	at	396623  
397023	[400]	:	Key	97	DOWN	at	397023  
397151	[128]	:	Key	97	UP	at	397151  
397567	[416]	:	Key	97	DOWN	at	397567  
397695	[128]	:	Key	97	UP	at	397695  
398319	[624]	:	Key	97	DOWN	at	398319  
398463	[144]	:	Key	97	UP	at	398463  
398928	[465]	:	Key	97	DOWN	at	398928  
399024	[96]	:	Key	97	UP	at	399024  
399656	[632]	:	Key	97	DOWN	at	399656  
399784	[128]	:	Key	97	UP	at	399784  
400200	[416]	:	Key	97	DOWN	at	400200  
400344	[144]	:	Key	97	UP	at	400344  
401424	[1080]	:	Key	97	DOWN	at	401424  
402424	[1000]	:	Key	97	UP	at	401568  
402608	[184]	:	Key	98	DOWN	at	402608  
402736	[128]	:	Key	98	UP	at	402736  
402840	[104]	:	Key	98	DOWN	at	402840  
402952	[112]	:	Key	98	UP	at	402952  
404344	[1392]	:	Key	97	DOWN	at	404344  
404448	[104]	:	Key	97	UP	at	404448  
405448	[1000]	:	Key	71	DOWN	at	405448  
405756	[308]	:	Key	71	UP	at	405552  
407272	[1516]	:	Key	71	DOWN	at	407272  
475104	[67832]	:	Key	71	DOWN	at	475104  
475288	[184]	:	Key	71	UP	at	475288  
476920	[1632]	:	Key	71	DOWN	at	476920  
1001128	[524208]	:	Key	97	DOWN	at	1001128 
1002128	[1000]	:	Key	97	UP	at	1001224 
1003368	[1240]	:	Key	71	DOWN	at	1003368 
1530752	[527384]	:	Key	97	DOWN	at	1530752 
1531752	[1000]	:	Key	97	UP	at	1530856 
1532824	[1072]	:	Key	71	DOWN	at	1532824 
2059728	[526904]	:	Key	97	DOWN	at	2059728 
2060728	[1000]	:	Key	97	UP	at	2059826 
2061945	[1217]	:	Key	71	DOWN	at	2061945 
2583441	[521496]	:	Key	97	DOWN	at	2583441 
2584441	[1000]	:	Key	97	UP	at	2583545 
2586314	[1873]	:	Key	71	DOWN	at	2586314 
3753347	[1167033]	:	Key	71	DOWN	at	3753347 
3753423	[76]	:	COGENT STOP
