Cog2000 log file Mon Dec 28 23:25:39 2020
gprim v1.33 Compiled:Aug 12 2015 (GLib DirectDraw v7 DX12.0 Compiled:Aug 12 2015)
Display:1024x768x32 60.02Hz
Attaching C:\Sahar Rajabi\Final MBMF+Drug Task\Cogent2000v1.33\Toolbox\CogInput.mexw64
CogInput v1.05 Compiled: May 20 2010
5	[5]	:	COGENT START
52306	[52301]	:	Key	97	DOWN	at	52304   
52425	[119]	:	Key	97	UP	at	52424   
55617	[3192]	:	Key	97	DOWN	at	55616   
55714	[97]	:	Key	97	UP	at	55713   
57512	[1798]	:	Key	97	DOWN	at	57512   
58512	[1000]	:	Key	97	UP	at	57585   
67009	[8497]	:	Key	71	DOWN	at	67009   
67217	[208]	:	Key	71	UP	at	67144   
70593	[3376]	:	Key	71	DOWN	at	70592   
74023	[3430]	:	Key	71	UP	at	70735   
76440	[2417]	:	Key	71	DOWN	at	76440   
79759	[3319]	:	Key	71	UP	at	76560   
80818	[1059]	:	Key	71	DOWN	at	80816   
84127	[3309]	:	Key	71	UP	at	81015   
84495	[368]	:	Key	71	DOWN	at	84495   
87806	[3311]	:	Key	71	UP	at	84664   
87849	[43]	:	Key	71	DOWN	at	87849   
91153	[3304]	:	Key	71	UP	at	88008   
94049	[2896]	:	Key	71	DOWN	at	94048   
97359	[3310]	:	Key	71	UP	at	94271   
98897	[1538]	:	Key	71	DOWN	at	98896   
102208	[3311]	:	Key	71	UP	at	99073   
103728	[1520]	:	Key	71	DOWN	at	103728  
107038	[3310]	:	Key	71	UP	at	103904  
110449	[3411]	:	Key	71	DOWN	at	110449  
113744	[3295]	:	Key	71	UP	at	110624  
116800	[3056]	:	Key	71	DOWN	at	116800  
120107	[3307]	:	Key	71	UP	at	116976  
120890	[783]	:	Key	71	DOWN	at	120889  
124197	[3307]	:	Key	71	UP	at	121064  
124841	[644]	:	Key	71	DOWN	at	124840  
128150	[3309]	:	Key	71	UP	at	125008  
128737	[587]	:	Key	71	DOWN	at	128737  
132045	[3308]	:	Key	71	UP	at	128904  
132655	[610]	:	Key	71	DOWN	at	132655  
135965	[3310]	:	Key	71	UP	at	132824  
137666	[1701]	:	Key	71	DOWN	at	137665  
140973	[3307]	:	Key	71	UP	at	137839  
141928	[955]	:	Key	71	DOWN	at	141928  
145237	[3309]	:	Key	71	UP	at	142088  
145360	[123]	:	Key	71	DOWN	at	145360  
148665	[3305]	:	Key	71	UP	at	145536  
149008	[343]	:	Key	71	DOWN	at	149008  
152318	[3310]	:	Key	71	UP	at	149167  
152641	[323]	:	Key	71	DOWN	at	152641  
155947	[3306]	:	Key	71	UP	at	152848  
156431	[484]	:	Key	71	DOWN	at	156431  
159745	[3314]	:	Key	71	UP	at	156608  
160457	[712]	:	Key	71	DOWN	at	160456  
163765	[3308]	:	Key	71	UP	at	160624  
164378	[613]	:	Key	71	DOWN	at	164377  
167690	[3312]	:	Key	71	UP	at	164552  
168215	[525]	:	Key	71	DOWN	at	168215  
171526	[3311]	:	Key	71	UP	at	168385  
172482	[956]	:	Key	71	DOWN	at	172481  
175793	[3311]	:	Key	71	UP	at	172633  
176297	[504]	:	Key	71	DOWN	at	176297  
179607	[3310]	:	Key	71	UP	at	176463  
180121	[514]	:	Key	71	DOWN	at	180121  
183434	[3313]	:	Key	71	UP	at	180328  
184832	[1398]	:	Key	71	DOWN	at	184832  
188141	[3309]	:	Key	71	UP	at	184967  
188496	[355]	:	Key	71	DOWN	at	188495  
191805	[3309]	:	Key	71	UP	at	188664  
195136	[3331]	:	Key	71	DOWN	at	195136  
198443	[3307]	:	Key	71	UP	at	195328  
199055	[612]	:	Key	71	DOWN	at	199055  
202370	[3315]	:	Key	71	UP	at	199224  
203193	[823]	:	Key	71	DOWN	at	203192  
206483	[3290]	:	Key	71	UP	at	203385  
206945	[462]	:	Key	71	DOWN	at	206944  
210257	[3312]	:	Key	71	UP	at	207128  
210705	[448]	:	Key	71	DOWN	at	210704  
214013	[3308]	:	Key	71	UP	at	210865  
214608	[595]	:	Key	71	DOWN	at	214608  
217918	[3310]	:	Key	71	UP	at	214752  
218440	[522]	:	Key	71	DOWN	at	218440  
221750	[3310]	:	Key	71	UP	at	218616  
222457	[707]	:	Key	71	DOWN	at	222457  
225769	[3312]	:	Key	71	UP	at	222704  
227418	[1649]	:	Key	71	DOWN	at	227415  
230726	[3308]	:	Key	71	UP	at	227584  
231217	[491]	:	Key	71	DOWN	at	231217  
234523	[3306]	:	Key	71	UP	at	231359  
237383	[2860]	:	Key	71	DOWN	at	237383  
240689	[3306]	:	Key	71	UP	at	237593  
241049	[360]	:	Key	71	DOWN	at	241049  
244358	[3309]	:	Key	71	UP	at	241217  
245096	[738]	:	Key	71	DOWN	at	245096  
248407	[3311]	:	Key	71	UP	at	245288  
248945	[538]	:	Key	71	DOWN	at	248944  
252254	[3309]	:	Key	71	UP	at	249137  
253359	[1105]	:	Key	71	DOWN	at	253359  
256666	[3307]	:	Key	71	UP	at	253528  
258016	[1350]	:	Key	71	DOWN	at	258016  
261327	[3311]	:	Key	71	UP	at	258177  
262649	[1322]	:	Key	71	DOWN	at	262649  
265956	[3307]	:	Key	71	UP	at	262824  
267185	[1229]	:	Key	71	DOWN	at	267184  
270490	[3305]	:	Key	71	UP	at	267320  
272033	[1543]	:	Key	71	DOWN	at	272032  
275340	[3307]	:	Key	71	UP	at	272241  
276001	[661]	:	Key	71	DOWN	at	276000  
279960	[3959]	:	Key	71	UP	at	276201  
279960	[0]	:	Key	71	DOWN	at	279192  
279960	[0]	:	Key	71	UP	at	279225  
285009	[5049]	:	Key	71	DOWN	at	285008  
286063	[1054]	:	Key	71	UP	at	285199  
287880	[1817]	:	Key	97	DOWN	at	287880  
289007	[1127]	:	Key	97	UP	at	287992  
290768	[1761]	:	Key	97	DOWN	at	290768  
291879	[1111]	:	Key	97	UP	at	290888  
293056	[1177]	:	Key	97	DOWN	at	293056  
294184	[1128]	:	Key	97	UP	at	293176  
295945	[1761]	:	Key	98	DOWN	at	295944  
297051	[1106]	:	Key	98	UP	at	296056  
299553	[2502]	:	Key	97	DOWN	at	299553  
300673	[1120]	:	Key	97	UP	at	299704  
301993	[1320]	:	Key	97	DOWN	at	301993  
303102	[1109]	:	Key	97	UP	at	302120  
304001	[899]	:	Key	97	DOWN	at	304000  
305106	[1105]	:	Key	97	UP	at	304120  
307240	[2134]	:	Key	98	DOWN	at	307240  
308910	[1670]	:	Key	98	UP	at	307392  
312888	[3978]	:	Key	71	DOWN	at	312888  
313934	[1046]	:	Key	71	UP	at	313056  
315768	[1834]	:	Key	97	DOWN	at	315768  
316903	[1135]	:	Key	97	UP	at	315896  
318265	[1362]	:	Key	97	DOWN	at	318264  
319384	[1119]	:	Key	97	UP	at	318408  
320641	[1257]	:	Key	98	DOWN	at	320640  
321768	[1127]	:	Key	98	UP	at	320745  
323401	[1633]	:	Key	97	DOWN	at	323401  
324523	[1122]	:	Key	97	UP	at	323545  
326064	[1541]	:	Key	98	DOWN	at	326064  
327183	[1119]	:	Key	98	UP	at	326193  
328832	[1649]	:	Key	98	DOWN	at	328832  
329945	[1113]	:	Key	98	UP	at	328992  
331440	[1495]	:	Key	97	DOWN	at	331440  
332556	[1116]	:	Key	97	UP	at	331567  
334504	[1948]	:	Key	97	DOWN	at	334504  
335675	[1171]	:	Key	97	UP	at	334608  
337576	[1901]	:	Key	71	DOWN	at	337576  
337908	[332]	:	Key	71	UP	at	337705  
348081	[10173]	:	Key	97	DOWN	at	348081  
348178	[97]	:	Key	97	UP	at	348177  
350065	[1887]	:	Key	97	DOWN	at	350065  
350186	[121]	:	Key	97	UP	at	350185  
351113	[927]	:	Key	98	DOWN	at	351112  
351241	[128]	:	Key	98	UP	at	351241  
353257	[2016]	:	Key	97	DOWN	at	353256  
353347	[90]	:	Key	97	UP	at	353345  
356033	[2686]	:	Key	97	DOWN	at	356033  
356185	[152]	:	Key	97	UP	at	356184  
373689	[17504]	:	Key	97	DOWN	at	373689  
373793	[104]	:	Key	97	UP	at	373793  
375169	[1376]	:	Key	97	DOWN	at	375168  
375250	[81]	:	Key	97	UP	at	375249  
377049	[1799]	:	Key	97	DOWN	at	377049  
377153	[104]	:	Key	97	UP	at	377153  
380322	[3169]	:	Key	97	DOWN	at	380321  
380410	[88]	:	Key	97	UP	at	380409  
383801	[3391]	:	Key	97	DOWN	at	383800  
383937	[136]	:	Key	97	UP	at	383936  
385640	[1703]	:	Key	97	DOWN	at	385640  
385754	[114]	:	Key	97	UP	at	385753  
386337	[583]	:	Key	97	DOWN	at	386337  
386482	[145]	:	Key	97	UP	at	386481  
390057	[3575]	:	Key	97	DOWN	at	390057  
390160	[103]	:	Key	97	UP	at	390160  
392569	[2409]	:	Key	97	DOWN	at	392568  
392682	[113]	:	Key	97	UP	at	392681  
397016	[4334]	:	Key	97	DOWN	at	397016  
397129	[113]	:	Key	97	UP	at	397129  
398960	[1831]	:	Key	97	DOWN	at	398960  
399074	[114]	:	Key	97	UP	at	399073  
402537	[3463]	:	Key	97	DOWN	at	402536  
402681	[144]	:	Key	97	UP	at	402680  
403368	[687]	:	Key	97	DOWN	at	403367  
403497	[129]	:	Key	97	UP	at	403496  
405665	[2168]	:	Key	97	DOWN	at	405664  
405785	[120]	:	Key	97	UP	at	405784  
408840	[3055]	:	Key	97	DOWN	at	408840  
408977	[137]	:	Key	97	UP	at	408975  
416880	[7903]	:	Key	98	DOWN	at	416880  
417081	[201]	:	Key	98	UP	at	417081  
417337	[256]	:	Key	97	DOWN	at	417337  
417450	[113]	:	Key	97	UP	at	417449  
417593	[143]	:	Key	97	DOWN	at	417592  
417697	[104]	:	Key	97	UP	at	417697  
431137	[13440]	:	Key	97	DOWN	at	431137  
432138	[1001]	:	Key	97	UP	at	431216  
436049	[3911]	:	Key	71	DOWN	at	436049  
436349	[300]	:	Key	71	UP	at	436169  
437921	[1572]	:	Key	71	DOWN	at	437920  
516024	[78103]	:	Key	71	DOWN	at	516024  
516169	[145]	:	Key	71	UP	at	516168  
517505	[1336]	:	Key	71	DOWN	at	517505  
1019874	[502369]	:	Key	97	DOWN	at	1019874 
1019993	[119]	:	Key	97	UP	at	1019993 
1048161	[28168]	:	Key	97	DOWN	at	1048160 
1048258	[97]	:	Key	97	UP	at	1048258 
1048698	[440]	:	Key	98	DOWN	at	1048697 
1048809	[111]	:	Key	98	UP	at	1048809 
1055426	[6617]	:	Key	97	DOWN	at	1055425 
1056425	[999]	:	Key	97	UP	at	1055545 
1057850	[1425]	:	Key	71	DOWN	at	1057850 
1608091	[550241]	:	Key	97	DOWN	at	1608090 
1609091	[1000]	:	Key	97	UP	at	1608171 
1610554	[1463]	:	Key	71	DOWN	at	1610554 
2162810	[552256]	:	Key	97	DOWN	at	2162810 
2163810	[1000]	:	Key	97	UP	at	2162891 
2174652	[10842]	:	Key	71	DOWN	at	2174649 
2734435	[559783]	:	Key	97	DOWN	at	2734435 
2735435	[1000]	:	Key	97	UP	at	2734531 
2737355	[1920]	:	Key	71	DOWN	at	2737355 
3270851	[533496]	:	Key	71	DOWN	at	3270851 
3270911	[60]	:	COGENT STOP
