Cog2000 log file Tue Aug 02 09:58:54 2022
gprim v1.33 Compiled:Aug 12 2015 (GLib DirectDraw v7 DX12.0 Compiled:Aug 12 2015)
Display:1024x768x32 59.81Hz
Attaching F:\Sahar Rajabi\Final MBMF+Drug Task\Cogent2000v1.33\Toolbox\CogInput.mexw64
CogInput v1.05 Compiled: May 20 2010
3	[3]	:	COGENT START
63660	[63657]	:	Key	97	DOWN	at	63658   
63759	[99]	:	Key	97	UP	at	63690   
81123	[17364]	:	Key	97	DOWN	at	81123   
81219	[96]	:	Key	97	UP	at	81218   
107860	[26641]	:	Key	98	DOWN	at	107859  
107949	[89]	:	Key	98	UP	at	107891  
109142	[1193]	:	Key	97	DOWN	at	109142  
109206	[64]	:	Key	97	UP	at	109174  
109335	[129]	:	Key	97	DOWN	at	109334  
110335	[1000]	:	Key	97	UP	at	109383  
129845	[19510]	:	Key	71	DOWN	at	129844  
129982	[137]	:	Key	71	UP	at	129979  
134205	[4223]	:	Key	71	DOWN	at	134204  
137653	[3448]	:	Key	71	UP	at	134317  
142068	[4415]	:	Key	71	DOWN	at	142067  
145375	[3307]	:	Key	71	UP	at	142181  
152532	[7157]	:	Key	71	DOWN	at	152532  
155831	[3299]	:	Key	71	UP	at	152668  
155833	[2]	:	Key	71	DOWN	at	154474  
155834	[1]	:	Key	71	UP	at	154476  
160108	[4274]	:	Key	71	DOWN	at	160107  
163419	[3311]	:	Key	71	UP	at	160236  
167755	[4336]	:	Key	71	DOWN	at	167755  
171060	[3305]	:	Key	71	UP	at	167916  
173661	[2601]	:	Key	71	DOWN	at	173660  
176964	[3303]	:	Key	71	UP	at	173789  
176966	[2]	:	Key	71	DOWN	at	175386  
176967	[1]	:	Key	71	UP	at	175554  
178773	[1806]	:	Key	71	DOWN	at	178773  
182089	[3316]	:	Key	71	UP	at	178948  
182089	[0]	:	Key	71	DOWN	at	179949  
182090	[1]	:	Key	71	UP	at	180085  
185315	[3225]	:	Key	71	DOWN	at	185315  
188626	[3311]	:	Key	71	UP	at	185476  
194692	[6066]	:	Key	71	DOWN	at	194691  
197994	[3302]	:	Key	71	UP	at	194852  
197994	[0]	:	Key	71	DOWN	at	196826  
197995	[1]	:	Key	71	UP	at	196979  
203476	[5481]	:	Key	71	DOWN	at	203475  
206780	[3304]	:	Key	71	UP	at	203620  
206782	[2]	:	Key	71	DOWN	at	205195  
206783	[1]	:	Key	71	UP	at	205379  
219780	[12997]	:	Key	71	DOWN	at	219780  
223085	[3305]	:	Key	71	UP	at	219909  
223086	[1]	:	Key	71	DOWN	at	221571  
223087	[1]	:	Key	71	UP	at	221731  
227278	[4191]	:	Key	71	DOWN	at	227277  
230596	[3318]	:	Key	71	UP	at	227428  
230596	[0]	:	Key	71	DOWN	at	229499  
230596	[0]	:	Key	71	UP	at	229595  
234260	[3664]	:	Key	71	DOWN	at	234260  
237566	[3306]	:	Key	71	UP	at	234428  
241501	[3935]	:	Key	71	DOWN	at	241501  
244808	[3307]	:	Key	71	UP	at	241652  
251349	[6541]	:	Key	71	DOWN	at	251348  
254652	[3303]	:	Key	71	UP	at	251516  
254653	[1]	:	Key	71	DOWN	at	254317  
254654	[1]	:	Key	71	UP	at	254485  
259152	[4498]	:	Key	71	DOWN	at	259151  
262448	[3296]	:	Key	71	UP	at	259183  
266645	[4197]	:	Key	71	DOWN	at	266645  
269952	[3307]	:	Key	71	UP	at	266837  
276341	[6389]	:	Key	71	DOWN	at	276340  
279652	[3311]	:	Key	71	UP	at	276549  
282021	[2369]	:	Key	71	DOWN	at	282020  
285325	[3304]	:	Key	71	UP	at	282172  
290252	[4927]	:	Key	71	DOWN	at	290251  
293556	[3304]	:	Key	71	UP	at	290404  
296973	[3417]	:	Key	71	DOWN	at	296972  
300280	[3307]	:	Key	71	UP	at	297148  
304488	[4208]	:	Key	71	DOWN	at	304487  
304492	[4]	:	Key	71	UP	at	304489  
315133	[10641]	:	Key	71	DOWN	at	315132  
318438	[3305]	:	Key	71	UP	at	315348  
320724	[2286]	:	Key	71	DOWN	at	320724  
324030	[3306]	:	Key	71	UP	at	320899  
332605	[8575]	:	Key	71	DOWN	at	332605  
335913	[3308]	:	Key	71	UP	at	332772  
341020	[5107]	:	Key	71	DOWN	at	341020  
344324	[3304]	:	Key	71	UP	at	341181  
344326	[2]	:	Key	71	DOWN	at	343900  
344327	[1]	:	Key	71	UP	at	344117  
352332	[8005]	:	Key	71	DOWN	at	352331  
355650	[3318]	:	Key	71	UP	at	352524  
362491	[6841]	:	Key	71	DOWN	at	362491  
365784	[3293]	:	Key	71	UP	at	362685  
369100	[3316]	:	Key	71	DOWN	at	369100  
372409	[3309]	:	Key	71	UP	at	369260  
374637	[2228]	:	Key	71	DOWN	at	374637  
377942	[3305]	:	Key	71	UP	at	374813  
383835	[5893]	:	Key	71	DOWN	at	383835  
387142	[3307]	:	Key	71	UP	at	383996  
388419	[1277]	:	Key	71	DOWN	at	388418  
391717	[3298]	:	Key	71	UP	at	388619  
399156	[7439]	:	Key	71	DOWN	at	399156  
402462	[3306]	:	Key	71	UP	at	399388  
402709	[247]	:	Key	97	DOWN	at	402708  
402821	[112]	:	Key	97	UP	at	402820  
409002	[6181]	:	Key	71	DOWN	at	409001  
412303	[3301]	:	Key	71	UP	at	409033  
420419	[8116]	:	Key	71	DOWN	at	420419  
423738	[3319]	:	Key	71	UP	at	420573  
423738	[0]	:	Key	71	DOWN	at	421387  
423739	[1]	:	Key	71	UP	at	421547  
432091	[8352]	:	Key	71	DOWN	at	432091  
435407	[3316]	:	Key	71	UP	at	432221  
436989	[1582]	:	Key	71	DOWN	at	436988  
440292	[3303]	:	Key	71	UP	at	437100  
440421	[129]	:	Key	71	DOWN	at	440420  
443728	[3307]	:	Key	71	UP	at	440596  
445323	[1595]	:	Key	71	DOWN	at	445323  
448627	[3304]	:	Key	71	UP	at	445468  
451491	[2864]	:	Key	71	DOWN	at	451491  
454799	[3308]	:	Key	71	UP	at	451669  
459492	[4693]	:	Key	71	DOWN	at	459491  
462795	[3303]	:	Key	71	UP	at	459653  
468125	[5330]	:	Key	71	DOWN	at	468125  
471428	[3303]	:	Key	71	UP	at	468325  
476037	[4609]	:	Key	71	DOWN	at	476037  
479345	[3308]	:	Key	71	UP	at	476197  
483991	[4646]	:	Key	71	DOWN	at	483991  
487293	[3302]	:	Key	71	UP	at	484023  
490469	[3176]	:	Key	71	DOWN	at	490468  
493777	[3308]	:	Key	71	UP	at	490642  
498643	[4866]	:	Key	71	DOWN	at	498642  
501945	[3302]	:	Key	71	UP	at	498810  
503338	[1393]	:	Key	71	DOWN	at	503338  
506641	[3303]	:	Key	71	UP	at	503498  
508660	[2019]	:	Key	71	DOWN	at	508659  
512642	[3982]	:	Key	71	UP	at	508779  
558097	[45455]	:	Key	71	DOWN	at	558097  
559146	[1049]	:	Key	71	UP	at	558219  
560347	[1201]	:	Key	97	DOWN	at	560346  
561461	[1114]	:	Key	97	UP	at	560458  
562587	[1126]	:	Key	97	DOWN	at	562586  
563709	[1122]	:	Key	97	UP	at	562715  
565051	[1342]	:	Key	98	DOWN	at	565051  
566178	[1127]	:	Key	98	UP	at	565227  
567387	[1209]	:	Key	98	DOWN	at	567386  
568491	[1104]	:	Key	98	UP	at	567554  
569603	[1112]	:	Key	97	DOWN	at	569602  
570731	[1128]	:	Key	97	UP	at	569722  
571915	[1184]	:	Key	97	DOWN	at	571914  
573042	[1127]	:	Key	97	UP	at	572066  
574419	[1377]	:	Key	97	DOWN	at	574419  
575527	[1108]	:	Key	97	UP	at	574531  
576604	[1077]	:	Key	97	DOWN	at	576603  
578273	[1669]	:	Key	97	UP	at	576731  
602835	[24562]	:	Key	71	DOWN	at	602835  
603888	[1053]	:	Key	71	UP	at	602971  
605747	[1859]	:	Key	97	DOWN	at	605746  
606885	[1138]	:	Key	97	UP	at	605857  
607971	[1086]	:	Key	98	DOWN	at	607970  
609083	[1112]	:	Key	98	UP	at	608114  
610379	[1296]	:	Key	98	DOWN	at	610379  
611520	[1141]	:	Key	98	UP	at	610506  
612755	[1235]	:	Key	97	DOWN	at	612754  
613865	[1110]	:	Key	97	UP	at	612833  
615043	[1178]	:	Key	97	DOWN	at	615042  
616154	[1111]	:	Key	97	UP	at	615154  
617651	[1497]	:	Key	97	DOWN	at	617651  
618793	[1142]	:	Key	97	UP	at	617778  
619891	[1098]	:	Key	98	DOWN	at	619890  
621017	[1126]	:	Key	98	UP	at	620025  
622003	[986]	:	Key	98	DOWN	at	622001  
623158	[1155]	:	Key	98	UP	at	622146  
626234	[3076]	:	Key	71	DOWN	at	626234  
626561	[327]	:	Key	71	UP	at	626347  
650947	[24386]	:	Key	97	DOWN	at	650946  
651042	[95]	:	Key	97	UP	at	651003  
732442	[81400]	:	Key	97	DOWN	at	732442  
732538	[96]	:	Key	97	UP	at	732538  
775387	[42849]	:	Key	97	DOWN	at	775387  
775522	[135]	:	Key	97	UP	at	775522  
787508	[11986]	:	Key	97	DOWN	at	787507  
787619	[111]	:	Key	97	UP	at	787619  
809228	[21609]	:	Key	97	DOWN	at	809227  
809354	[126]	:	Key	97	UP	at	809354  
836218	[26864]	:	Key	97	DOWN	at	836218  
836311	[93]	:	Key	97	UP	at	836298  
852682	[16371]	:	Key	97	DOWN	at	852682  
852771	[89]	:	Key	97	UP	at	852770  
886779	[34008]	:	Key	97	DOWN	at	886778  
886875	[96]	:	Key	97	UP	at	886874  
897667	[10792]	:	Key	97	DOWN	at	897666  
897759	[92]	:	Key	97	UP	at	897746  
908819	[11060]	:	Key	97	DOWN	at	908818  
908914	[95]	:	Key	97	UP	at	908914  
937011	[28097]	:	Key	97	DOWN	at	937010  
937130	[119]	:	Key	97	UP	at	937129  
949410	[12280]	:	Key	97	DOWN	at	949410  
949497	[87]	:	Key	97	UP	at	949482  
968164	[18667]	:	Key	97	DOWN	at	968163  
968270	[106]	:	Key	97	UP	at	968258  
977466	[9196]	:	Key	97	DOWN	at	977466  
977571	[105]	:	Key	97	UP	at	977570  
993051	[15480]	:	Key	97	DOWN	at	993050  
993154	[103]	:	Key	97	UP	at	993147  
1040059	[46905]	:	Key	97	DOWN	at	1040058 
1040146	[87]	:	Key	97	UP	at	1040146 
1053732	[13586]	:	Key	97	DOWN	at	1053731 
1053857	[125]	:	Key	97	UP	at	1053801 
1071593	[17736]	:	Key	97	DOWN	at	1071593 
1071683	[90]	:	Key	97	UP	at	1071682 
1085298	[13615]	:	Key	98	DOWN	at	1085298 
1085402	[104]	:	Key	98	UP	at	1085402 
1088740	[3338]	:	Key	97	DOWN	at	1088739 
1088812	[72]	:	Key	97	UP	at	1088803 
1101058	[12246]	:	Key	97	DOWN	at	1101057 
1101162	[104]	:	Key	97	UP	at	1101161 
1106089	[4927]	:	Key	97	DOWN	at	1106089 
1107090	[1001]	:	Key	97	UP	at	1106201 
1112955	[5865]	:	Key	71	DOWN	at	1112954 
1113254	[299]	:	Key	71	UP	at	1113090 
1115004	[1750]	:	Key	71	DOWN	at	1115003 
1326130	[211126]	:	Key	71	DOWN	at	1326130 
1326234	[104]	:	Key	71	UP	at	1326233 
1329041	[2807]	:	Key	71	DOWN	at	1329041 
2099811	[770770]	:	Key	97	DOWN	at	2099810 
2100811	[1000]	:	Key	97	UP	at	2099873 
2102827	[2016]	:	Key	71	DOWN	at	2102827 
3060739	[957912]	:	Key	97	DOWN	at	3060739 
3061740	[1001]	:	Key	97	UP	at	3060826 
3063498	[1758]	:	Key	71	DOWN	at	3063498 
3740259	[676761]	:	Key	97	DOWN	at	3740258 
3741258	[999]	:	Key	97	UP	at	3740378 
3742515	[1257]	:	Key	71	DOWN	at	3742514 
4375163	[632648]	:	Key	97	DOWN	at	4375162 
4376162	[999]	:	Key	97	UP	at	4375242 
4377331	[1169]	:	Key	71	DOWN	at	4377331 
5547930	[1170599]	:	Key	71	DOWN	at	5547930 
5547990	[60]	:	COGENT STOP
