Cog2000 log file Sat Mar 13 10:05:47 2021
gprim v1.33 Compiled:Aug 12 2015 (GLib DirectDraw v7 DX10.0 Compiled:Aug 12 2015)
Display:1024x768x32 60.02Hz
Attaching E:\saharrajabi\final mbmf+drug task\cogent2000v1.33\toolbox\CogInput.mexw64
CogInput v1.05 Compiled: May 20 2010
7	[7]	:	COGENT START
12100	[12093]	:	Key	97	DOWN	at	12099   
12194	[94]	:	Key	97	UP	at	12194   
23627	[11433]	:	Key	97	DOWN	at	23627   
23738	[111]	:	Key	97	UP	at	23738   
33371	[9633]	:	Key	97	DOWN	at	33371   
34371	[1000]	:	Key	97	UP	at	33491   
41595	[7224]	:	Key	71	DOWN	at	41595   
41774	[179]	:	Key	71	UP	at	41770   
43571	[1797]	:	Key	71	DOWN	at	43571   
46947	[3376]	:	Key	71	UP	at	43700   
47722	[775]	:	Key	71	DOWN	at	47722   
50995	[3273]	:	Key	71	UP	at	47835   
52762	[1767]	:	Key	71	DOWN	at	52762   
56040	[3278]	:	Key	71	UP	at	52858   
56778	[738]	:	Key	71	DOWN	at	56778   
60062	[3284]	:	Key	71	UP	at	56884   
60868	[806]	:	Key	71	DOWN	at	60868   
64166	[3298]	:	Key	71	UP	at	60962   
65083	[917]	:	Key	71	DOWN	at	65083   
68381	[3298]	:	Key	71	UP	at	65171   
69291	[910]	:	Key	71	DOWN	at	69291   
72591	[3300]	:	Key	71	UP	at	69395   
74050	[1459]	:	Key	71	DOWN	at	74050   
77338	[3288]	:	Key	71	UP	at	74147   
78715	[1377]	:	Key	71	DOWN	at	78715   
82016	[3301]	:	Key	71	UP	at	78796   
82787	[771]	:	Key	71	DOWN	at	82787   
86063	[3276]	:	Key	71	UP	at	82876   
86115	[52]	:	Key	71	DOWN	at	86115   
89417	[3302]	:	Key	71	UP	at	86219   
89418	[1]	:	Key	71	DOWN	at	88803   
89419	[1]	:	Key	71	UP	at	88907   
90890	[1471]	:	Key	71	DOWN	at	90890   
94156	[3266]	:	Key	71	UP	at	90995   
95691	[1535]	:	Key	71	DOWN	at	95691   
98979	[3288]	:	Key	71	UP	at	95787   
99747	[768]	:	Key	71	DOWN	at	99747   
103024	[3277]	:	Key	71	UP	at	99875   
104618	[1594]	:	Key	71	DOWN	at	104618  
107896	[3278]	:	Key	71	UP	at	104746  
109571	[1675]	:	Key	71	DOWN	at	109571  
112853	[3282]	:	Key	71	UP	at	109699  
113698	[845]	:	Key	71	DOWN	at	113698  
116965	[3267]	:	Key	71	UP	at	113810  
120522	[3557]	:	Key	71	DOWN	at	120522  
123799	[3277]	:	Key	71	UP	at	120611  
125033	[1234]	:	Key	71	DOWN	at	125033  
128333	[3300]	:	Key	71	UP	at	125195  
131020	[2687]	:	Key	71	DOWN	at	131020  
134293	[3273]	:	Key	71	UP	at	131130  
138682	[4389]	:	Key	71	DOWN	at	138682  
141980	[3298]	:	Key	71	UP	at	138899  
144619	[2639]	:	Key	71	DOWN	at	144619  
147919	[3300]	:	Key	71	UP	at	144828  
148715	[796]	:	Key	71	DOWN	at	148715  
152014	[3299]	:	Key	71	UP	at	148923  
152579	[565]	:	Key	71	DOWN	at	152579  
155867	[3288]	:	Key	71	UP	at	152771  
156730	[863]	:	Key	71	DOWN	at	156730  
160024	[3294]	:	Key	71	UP	at	156898  
161041	[1017]	:	Key	71	DOWN	at	161041  
164330	[3289]	:	Key	71	UP	at	161114  
168851	[4521]	:	Key	71	DOWN	at	168851  
172140	[3289]	:	Key	71	UP	at	169051  
173954	[1814]	:	Key	71	DOWN	at	173954  
177252	[3298]	:	Key	71	UP	at	174170  
178433	[1181]	:	Key	71	DOWN	at	178433  
181712	[3279]	:	Key	71	UP	at	178802  
182459	[747]	:	Key	71	DOWN	at	182459  
185746	[3287]	:	Key	71	UP	at	182588  
186123	[377]	:	Key	71	DOWN	at	186123  
189411	[3288]	:	Key	71	UP	at	186355  
191056	[1645]	:	Key	71	DOWN	at	191056  
191058	[2]	:	Key	71	UP	at	191058  
195128	[4070]	:	Key	71	DOWN	at	195128  
198396	[3268]	:	Key	71	UP	at	195272  
200769	[2373]	:	Key	71	DOWN	at	200769  
204038	[3269]	:	Key	71	UP	at	200880  
204720	[682]	:	Key	71	DOWN	at	204720  
207989	[3269]	:	Key	71	UP	at	204864  
211088	[3099]	:	Key	71	DOWN	at	211088  
214357	[3269]	:	Key	71	UP	at	211232  
215241	[884]	:	Key	71	DOWN	at	215241  
218509	[3268]	:	Key	71	UP	at	215353  
219193	[684]	:	Key	71	DOWN	at	219193  
222460	[3267]	:	Key	71	UP	at	219321  
222904	[444]	:	Key	71	DOWN	at	222904  
226184	[3280]	:	Key	71	UP	at	223032  
228400	[2216]	:	Key	71	DOWN	at	228400  
231697	[3297]	:	Key	71	UP	at	228561  
237105	[5408]	:	Key	71	DOWN	at	237105  
240404	[3299]	:	Key	71	UP	at	237314  
241624	[1220]	:	Key	71	DOWN	at	241624  
244923	[3299]	:	Key	71	UP	at	241801  
245624	[701]	:	Key	71	DOWN	at	245624  
248925	[3301]	:	Key	71	UP	at	245785  
251082	[2157]	:	Key	71	DOWN	at	251082  
254377	[3295]	:	Key	71	UP	at	251218  
255544	[1167]	:	Key	71	DOWN	at	255544  
258841	[3297]	:	Key	71	UP	at	255688  
259904	[1063]	:	Key	71	DOWN	at	259904  
263200	[3296]	:	Key	71	UP	at	260017  
264016	[816]	:	Key	71	DOWN	at	264016  
267304	[3288]	:	Key	71	UP	at	264257  
268144	[840]	:	Key	71	DOWN	at	268144  
272102	[3958]	:	Key	71	UP	at	268321  
279133	[7031]	:	Key	71	DOWN	at	279133  
280167	[1034]	:	Key	71	UP	at	279270  
282764	[2597]	:	Key	97	DOWN	at	282764  
283911	[1147]	:	Key	97	UP	at	282917  
284837	[926]	:	Key	97	DOWN	at	284837  
285970	[1133]	:	Key	97	UP	at	284973  
287565	[1595]	:	Key	97	DOWN	at	287565  
288684	[1119]	:	Key	97	UP	at	287718  
290213	[1529]	:	Key	98	DOWN	at	290213  
291345	[1132]	:	Key	98	UP	at	290340  
293005	[1660]	:	Key	97	DOWN	at	293005  
294119	[1114]	:	Key	97	UP	at	293092  
296103	[1984]	:	Key	97	DOWN	at	296103  
297226	[1123]	:	Key	97	UP	at	296127  
298740	[1514]	:	Key	97	DOWN	at	298740  
299868	[1128]	:	Key	97	UP	at	298812  
301436	[1568]	:	Key	98	DOWN	at	301436  
303159	[1723]	:	Key	98	UP	at	301564  
311110	[7951]	:	Key	71	DOWN	at	311110  
312154	[1044]	:	Key	71	UP	at	311111  
314213	[2059]	:	Key	97	DOWN	at	314213  
315349	[1136]	:	Key	97	UP	at	314292  
316724	[1375]	:	Key	97	DOWN	at	316724  
317844	[1120]	:	Key	97	UP	at	316796  
319405	[1561]	:	Key	98	DOWN	at	319405  
320541	[1136]	:	Key	98	UP	at	319517  
321389	[848]	:	Key	97	DOWN	at	321389  
322516	[1127]	:	Key	97	UP	at	321501  
324565	[2049]	:	Key	98	DOWN	at	324565  
325678	[1113]	:	Key	98	UP	at	324644  
328349	[2671]	:	Key	98	DOWN	at	328349  
329482	[1133]	:	Key	98	UP	at	328460  
330612	[1130]	:	Key	97	DOWN	at	330612  
331724	[1112]	:	Key	97	UP	at	330700  
332924	[1200]	:	Key	97	DOWN	at	332924  
334141	[1217]	:	Key	97	UP	at	333004  
338061	[3920]	:	Key	71	DOWN	at	338061  
338435	[374]	:	Key	71	UP	at	338182  
341127	[2692]	:	Key	71	DOWN	at	341127  
341129	[2]	:	Key	71	UP	at	341129  
343181	[2052]	:	Key	97	DOWN	at	343181  
343357	[176]	:	Key	97	UP	at	343357  
381939	[38582]	:	Key	97	DOWN	at	381939  
382091	[152]	:	Key	97	UP	at	382091  
383138	[1047]	:	Key	97	DOWN	at	383138  
383290	[152]	:	Key	97	UP	at	383290  
387490	[4200]	:	Key	97	DOWN	at	387490  
387610	[120]	:	Key	97	UP	at	387610  
391867	[4257]	:	Key	97	DOWN	at	391867  
391987	[120]	:	Key	97	UP	at	391987  
402083	[10096]	:	Key	97	DOWN	at	402083  
402218	[135]	:	Key	97	UP	at	402218  
410387	[8169]	:	Key	97	DOWN	at	410387  
410515	[128]	:	Key	97	UP	at	410515  
423498	[12983]	:	Key	97	DOWN	at	423498  
423650	[152]	:	Key	97	UP	at	423650  
428499	[4849]	:	Key	97	DOWN	at	428499  
428636	[137]	:	Key	97	UP	at	428636  
434771	[6135]	:	Key	97	DOWN	at	434771  
434914	[143]	:	Key	97	UP	at	434914  
439242	[4328]	:	Key	97	DOWN	at	439242  
439362	[120]	:	Key	97	UP	at	439362  
446178	[6816]	:	Key	97	DOWN	at	446178  
446267	[89]	:	Key	97	UP	at	446202  
454163	[7896]	:	Key	97	DOWN	at	454163  
454298	[135]	:	Key	97	UP	at	454298  
457067	[2769]	:	Key	97	DOWN	at	457067  
457194	[127]	:	Key	97	UP	at	457163  
466539	[9345]	:	Key	97	DOWN	at	466539  
466699	[160]	:	Key	97	UP	at	466699  
468819	[2120]	:	Key	97	DOWN	at	468819  
468954	[135]	:	Key	97	UP	at	468954  
478411	[9457]	:	Key	97	DOWN	at	478411  
478526	[115]	:	Key	97	UP	at	478507  
483259	[4733]	:	Key	97	DOWN	at	483259  
483427	[168]	:	Key	97	UP	at	483427  
492819	[9392]	:	Key	97	DOWN	at	492819  
492946	[127]	:	Key	97	UP	at	492946  
494563	[1617]	:	Key	97	DOWN	at	494563  
495563	[1000]	:	Key	97	UP	at	494684  
497595	[2032]	:	Key	97	DOWN	at	497595  
497795	[200]	:	Key	97	UP	at	497795  
499571	[1776]	:	Key	71	DOWN	at	499571  
499905	[334]	:	Key	71	UP	at	499772  
500779	[874]	:	Key	71	DOWN	at	500779  
575930	[75151]	:	Key	71	DOWN	at	575930  
576065	[135]	:	Key	71	UP	at	576065  
576978	[913]	:	Key	71	DOWN	at	576978  
1094363	[517385]	:	Key	97	DOWN	at	1094363 
1094523	[160]	:	Key	97	UP	at	1094523 
1095035	[512]	:	Key	71	DOWN	at	1095035 
1095235	[200]	:	Key	71	UP	at	1095235 
1144266	[49031]	:	Key	97	DOWN	at	1144266 
1145266	[1000]	:	Key	97	UP	at	1144490 
1146625	[1359]	:	Key	71	DOWN	at	1146625 
1691782	[545157]	:	Key	97	DOWN	at	1691782 
1692782	[1000]	:	Key	97	UP	at	1691783 
1693968	[1186]	:	Key	71	DOWN	at	1693968 
2259184	[565216]	:	Key	97	DOWN	at	2259184 
2260184	[1000]	:	Key	97	UP	at	2259305 
2262060	[1876]	:	Key	71	DOWN	at	2262060 
2811037	[548977]	:	Key	97	DOWN	at	2811037 
2812037	[1000]	:	Key	97	UP	at	2811189 
2812039	[2]	:	Key	97	DOWN	at	2811701 
2812040	[1]	:	Key	97	UP	at	2811877 
2813109	[1069]	:	Key	71	DOWN	at	2813109 
3652917	[839808]	:	Key	71	DOWN	at	3652917 
3653321	[404]	:	Key	71	UP	at	3653078 
3653354	[33]	:	COGENT STOP
