Cog2000 log file Tue Mar 09 10:16:20 2021
gprim v1.33 Compiled:Aug 12 2015 (GLib DirectDraw v7 DX10.0 Compiled:Aug 12 2015)
Display:1024x768x32 60.02Hz
Attaching E:\saharrajabi\final mbmf+drug task\cogent2000v1.33\toolbox\CogInput.mexw64
CogInput v1.05 Compiled: May 20 2010
7	[7]	:	COGENT START
4348	[4341]	:	Key	97	DOWN	at	4348    
4502	[154]	:	Key	97	UP	at	4501    
11436	[6934]	:	Key	97	DOWN	at	11436   
11532	[96]	:	Key	97	UP	at	11532   
21812	[10280]	:	Key	97	DOWN	at	21812   
22812	[1000]	:	Key	97	UP	at	21941   
33483	[10671]	:	Key	71	DOWN	at	33483   
33667	[184]	:	Key	71	UP	at	33658   
35203	[1536]	:	Key	71	DOWN	at	35203   
38585	[3382]	:	Key	71	UP	at	35332   
40027	[1442]	:	Key	71	DOWN	at	40027   
43332	[3305]	:	Key	71	UP	at	40171   
43354	[22]	:	Key	71	DOWN	at	43347   
43498	[144]	:	Key	71	UP	at	43498   
45370	[1872]	:	Key	71	DOWN	at	45370   
48659	[3289]	:	Key	71	UP	at	45514   
50088	[1429]	:	Key	71	DOWN	at	50088   
53364	[3276]	:	Key	71	UP	at	50224   
53364	[0]	:	Key	71	DOWN	at	53144   
53365	[1]	:	Key	71	UP	at	53336   
55400	[2035]	:	Key	71	DOWN	at	55400   
58699	[3299]	:	Key	71	UP	at	55552   
59832	[1133]	:	Key	71	DOWN	at	59832   
63129	[3297]	:	Key	71	UP	at	59992   
63888	[759]	:	Key	71	DOWN	at	63888   
67175	[3287]	:	Key	71	UP	at	64041   
67196	[21]	:	Key	71	DOWN	at	67186   
67361	[165]	:	Key	71	UP	at	67361   
69556	[2195]	:	Key	71	DOWN	at	69556   
72856	[3300]	:	Key	71	UP	at	69642   
74505	[1649]	:	Key	71	DOWN	at	74505   
77806	[3301]	:	Key	71	UP	at	74649   
77808	[2]	:	Key	71	DOWN	at	77201   
77809	[1]	:	Key	71	UP	at	77345   
79729	[1920]	:	Key	71	DOWN	at	79729   
83029	[3300]	:	Key	71	UP	at	79849   
84560	[1531]	:	Key	71	DOWN	at	84560   
87861	[3301]	:	Key	71	UP	at	84583   
89200	[1339]	:	Key	71	DOWN	at	89200   
92473	[3273]	:	Key	71	UP	at	89376   
93296	[823]	:	Key	71	DOWN	at	93296   
96576	[3280]	:	Key	71	UP	at	93464   
96578	[2]	:	Key	71	DOWN	at	96457   
96600	[22]	:	Key	71	UP	at	96593   
97944	[1344]	:	Key	71	DOWN	at	97944   
101231	[3287]	:	Key	71	UP	at	98096   
102721	[1490]	:	Key	71	DOWN	at	102721  
106006	[3285]	:	Key	71	UP	at	102881  
106704	[698]	:	Key	71	DOWN	at	106704  
109989	[3285]	:	Key	71	UP	at	106864  
111104	[1115]	:	Key	71	DOWN	at	111104  
114373	[3269]	:	Key	71	UP	at	111273  
115048	[675]	:	Key	71	DOWN	at	115048  
118318	[3270]	:	Key	71	UP	at	115208  
118320	[2]	:	Key	71	DOWN	at	117697  
118321	[1]	:	Key	71	UP	at	117889  
119369	[1048]	:	Key	71	DOWN	at	119369  
122638	[3269]	:	Key	71	UP	at	119481  
123713	[1075]	:	Key	71	DOWN	at	123713  
127013	[3300]	:	Key	71	UP	at	123849  
127013	[0]	:	Key	71	DOWN	at	126617  
127014	[1]	:	Key	71	UP	at	126761  
128288	[1274]	:	Key	71	DOWN	at	128288  
131578	[3290]	:	Key	71	UP	at	128401  
133456	[1878]	:	Key	71	DOWN	at	133456  
136747	[3291]	:	Key	71	UP	at	133577  
138905	[2158]	:	Key	71	DOWN	at	138905  
142199	[3294]	:	Key	71	UP	at	139042  
143329	[1130]	:	Key	71	DOWN	at	143329  
146628	[3299]	:	Key	71	UP	at	143489  
147425	[797]	:	Key	71	DOWN	at	147425  
150724	[3299]	:	Key	71	UP	at	147600  
150726	[2]	:	Key	71	DOWN	at	149825  
150727	[1]	:	Key	71	UP	at	149985  
152160	[1433]	:	Key	71	DOWN	at	152160  
155458	[3298]	:	Key	71	UP	at	152346  
156401	[943]	:	Key	71	DOWN	at	156401  
159700	[3299]	:	Key	71	UP	at	156554  
159702	[2]	:	Key	71	DOWN	at	159627  
159703	[1]	:	Key	71	UP	at	159628  
160808	[1105]	:	Key	71	DOWN	at	160808  
164110	[3302]	:	Key	71	UP	at	160977  
166401	[2291]	:	Key	71	DOWN	at	166401  
169691	[3290]	:	Key	71	UP	at	166577  
170241	[550]	:	Key	71	DOWN	at	170241  
173540	[3299]	:	Key	71	UP	at	170386  
174612	[1072]	:	Key	71	DOWN	at	174612  
177912	[3300]	:	Key	71	UP	at	174631  
177914	[2]	:	Key	71	DOWN	at	177352  
177915	[1]	:	Key	71	UP	at	177489  
178744	[829]	:	Key	71	DOWN	at	178744  
182041	[3297]	:	Key	71	UP	at	178912  
182423	[382]	:	Key	71	DOWN	at	182423  
185722	[3299]	:	Key	71	UP	at	182560  
186959	[1237]	:	Key	71	DOWN	at	186959  
190258	[3299]	:	Key	71	UP	at	187136  
190920	[662]	:	Key	71	DOWN	at	190920  
194220	[3300]	:	Key	71	UP	at	191088  
194249	[29]	:	Key	71	DOWN	at	194249  
197550	[3301]	:	Key	71	UP	at	194409  
199864	[2314]	:	Key	71	DOWN	at	199864  
203163	[3299]	:	Key	71	UP	at	200016  
204620	[1457]	:	Key	71	DOWN	at	204620  
204621	[1]	:	Key	71	UP	at	204621  
208496	[3875]	:	Key	71	DOWN	at	208496  
211786	[3290]	:	Key	71	UP	at	208648  
213887	[2101]	:	Key	71	DOWN	at	213887  
217187	[3300]	:	Key	71	UP	at	214063  
220078	[2891]	:	Key	71	DOWN	at	220078  
223378	[3300]	:	Key	71	UP	at	220247  
224863	[1485]	:	Key	71	DOWN	at	224863  
228164	[3301]	:	Key	71	UP	at	225000  
230125	[1961]	:	Key	71	DOWN	at	230125  
233422	[3297]	:	Key	71	UP	at	230294  
234643	[1221]	:	Key	71	DOWN	at	234643  
234645	[2]	:	Key	71	UP	at	234644  
239572	[4927]	:	Key	71	DOWN	at	239572  
242871	[3299]	:	Key	71	UP	at	239750  
244781	[1910]	:	Key	71	DOWN	at	244781  
248081	[3300]	:	Key	71	UP	at	244990  
249646	[1565]	:	Key	71	DOWN	at	249646  
249646	[0]	:	Key	71	UP	at	249646  
254693	[5047]	:	Key	71	DOWN	at	254693  
258676	[3983]	:	Key	71	UP	at	254837  
268346	[9670]	:	Key	71	DOWN	at	268346  
269389	[1043]	:	Key	71	UP	at	268483  
270442	[1053]	:	Key	97	DOWN	at	270442  
271591	[1149]	:	Key	97	UP	at	270546  
272594	[1003]	:	Key	97	DOWN	at	272594  
273712	[1118]	:	Key	97	UP	at	272723  
274979	[1267]	:	Key	98	DOWN	at	274979  
276133	[1154]	:	Key	98	UP	at	275091  
277323	[1190]	:	Key	98	DOWN	at	277323  
278451	[1128]	:	Key	98	UP	at	277435  
279667	[1216]	:	Key	97	DOWN	at	279667  
280792	[1125]	:	Key	97	UP	at	279769  
281809	[1017]	:	Key	97	DOWN	at	281809  
282941	[1132]	:	Key	97	UP	at	281920  
284073	[1132]	:	Key	98	DOWN	at	284073  
285196	[1123]	:	Key	98	UP	at	284161  
286480	[1284]	:	Key	97	DOWN	at	286480  
288197	[1717]	:	Key	97	UP	at	286575  
297888	[9691]	:	Key	71	DOWN	at	297888  
298933	[1045]	:	Key	71	UP	at	298009  
300008	[1075]	:	Key	97	DOWN	at	300008  
301128	[1120]	:	Key	97	UP	at	300119  
301959	[831]	:	Key	97	DOWN	at	301959  
303076	[1117]	:	Key	97	UP	at	302063  
304447	[1371]	:	Key	98	DOWN	at	304447  
305563	[1116]	:	Key	98	UP	at	304520  
307112	[1549]	:	Key	97	DOWN	at	307112  
308241	[1129]	:	Key	97	UP	at	307200  
309668	[1427]	:	Key	98	DOWN	at	309668  
309668	[0]	:	Key	98	UP	at	309668  
311664	[1996]	:	Key	98	DOWN	at	311664  
312777	[1113]	:	Key	98	UP	at	311752  
313960	[1183]	:	Key	98	DOWN	at	313960  
315051	[1091]	:	Key	98	UP	at	314064  
316224	[1173]	:	Key	98	DOWN	at	316224  
317412	[1188]	:	Key	98	UP	at	316304  
324680	[7268]	:	Key	71	DOWN	at	324680  
324680	[0]	:	Key	71	UP	at	324680  
328584	[3904]	:	Key	71	DOWN	at	328584  
328720	[136]	:	Key	71	UP	at	328720  
330664	[1944]	:	Key	71	DOWN	at	330664  
333961	[3297]	:	Key	71	UP	at	330793  
333963	[2]	:	Key	71	DOWN	at	333521  
333964	[1]	:	Key	71	UP	at	333641  
337335	[3371]	:	Key	71	DOWN	at	337335  
340635	[3300]	:	Key	71	UP	at	337456  
340637	[2]	:	Key	71	DOWN	at	340312  
340638	[1]	:	Key	71	UP	at	340448  
342792	[2154]	:	Key	71	DOWN	at	342792  
346089	[3297]	:	Key	71	UP	at	342920  
346976	[887]	:	Key	71	DOWN	at	346976  
350275	[3299]	:	Key	71	UP	at	347081  
350784	[509]	:	Key	71	DOWN	at	350784  
354085	[3301]	:	Key	71	UP	at	350896  
354935	[850]	:	Key	71	DOWN	at	354935  
358224	[3289]	:	Key	71	UP	at	355088  
358871	[647]	:	Key	71	DOWN	at	358871  
362171	[3300]	:	Key	71	UP	at	358991  
362823	[652]	:	Key	71	DOWN	at	362823  
366123	[3300]	:	Key	71	UP	at	362960  
366125	[2]	:	Key	71	DOWN	at	365942  
366126	[1]	:	Key	71	UP	at	366078  
369706	[3580]	:	Key	71	DOWN	at	369706  
369706	[0]	:	Key	71	UP	at	369706  
374418	[4712]	:	Key	71	DOWN	at	374418  
377719	[3301]	:	Key	71	UP	at	374538  
378913	[1194]	:	Key	71	DOWN	at	378913  
382212	[3299]	:	Key	71	UP	at	379050  
384710	[2498]	:	Key	71	DOWN	at	384710  
384710	[0]	:	Key	71	UP	at	384710  
389969	[5259]	:	Key	71	DOWN	at	389969  
393269	[3300]	:	Key	71	UP	at	390050  
393945	[676]	:	Key	71	DOWN	at	393945  
397233	[3288]	:	Key	71	UP	at	394098  
397769	[536]	:	Key	71	DOWN	at	397769  
401055	[3286]	:	Key	71	UP	at	397874  
403201	[2146]	:	Key	71	DOWN	at	403201  
407119	[3918]	:	Key	71	UP	at	403322  
423113	[15994]	:	Key	71	DOWN	at	423113  
424159	[1046]	:	Key	71	UP	at	423226  
424985	[826]	:	Key	97	DOWN	at	424985  
426104	[1119]	:	Key	97	UP	at	425096  
427025	[921]	:	Key	98	DOWN	at	427025  
428147	[1122]	:	Key	98	UP	at	427136  
429732	[1585]	:	Key	97	DOWN	at	429732  
429732	[0]	:	Key	97	UP	at	429732  
432216	[2484]	:	Key	97	DOWN	at	432216  
433363	[1147]	:	Key	97	UP	at	432287  
434533	[1170]	:	Key	98	DOWN	at	434533  
435645	[1112]	:	Key	98	UP	at	434621  
436829	[1184]	:	Key	97	DOWN	at	436829  
437963	[1134]	:	Key	97	UP	at	436949  
438997	[1034]	:	Key	97	DOWN	at	438997  
440121	[1124]	:	Key	97	UP	at	439029  
441117	[996]	:	Key	98	DOWN	at	441117  
442817	[1700]	:	Key	98	UP	at	441212  
444743	[1926]	:	Key	71	DOWN	at	444743  
445786	[1043]	:	Key	71	UP	at	444744  
446884	[1098]	:	Key	97	DOWN	at	446884  
447999	[1115]	:	Key	97	UP	at	446988  
449781	[1782]	:	Key	97	DOWN	at	449781  
450909	[1128]	:	Key	97	UP	at	449877  
451654	[745]	:	Key	97	DOWN	at	451654  
452785	[1131]	:	Key	97	UP	at	451717  
454301	[1516]	:	Key	97	DOWN	at	454301  
455439	[1138]	:	Key	97	UP	at	454413  
456829	[1390]	:	Key	97	DOWN	at	456829  
457960	[1131]	:	Key	97	UP	at	456917  
459744	[1784]	:	Key	97	DOWN	at	459744  
459744	[0]	:	Key	97	UP	at	459744  
462042	[2298]	:	Key	98	DOWN	at	462042  
463154	[1112]	:	Key	98	UP	at	462115  
464163	[1009]	:	Key	97	DOWN	at	464163  
465354	[1191]	:	Key	97	UP	at	464242  
467036	[1682]	:	Key	71	DOWN	at	467036  
467368	[332]	:	Key	71	UP	at	467212  
468331	[963]	:	Key	71	DOWN	at	468331  
468507	[176]	:	Key	71	UP	at	468507  
469748	[1241]	:	Key	71	DOWN	at	469748  
473041	[3293]	:	Key	71	UP	at	469932  
474795	[1754]	:	Key	71	DOWN	at	474795  
478095	[3300]	:	Key	71	UP	at	474908  
479042	[947]	:	Key	71	DOWN	at	479042  
482340	[3298]	:	Key	71	UP	at	479187  
482939	[599]	:	Key	71	DOWN	at	482939  
486240	[3301]	:	Key	71	UP	at	483091  
486300	[60]	:	Key	71	DOWN	at	486300  
489600	[3300]	:	Key	71	UP	at	486436  
490483	[883]	:	Key	71	DOWN	at	490483  
493783	[3300]	:	Key	71	UP	at	490628  
494339	[556]	:	Key	71	DOWN	at	494339  
497627	[3288]	:	Key	71	UP	at	494500  
498795	[1168]	:	Key	71	DOWN	at	498795  
502676	[3881]	:	Key	71	UP	at	498920  
503696	[1020]	:	Key	71	DOWN	at	503696  
504777	[1081]	:	Key	71	UP	at	504777  
506512	[1735]	:	Key	98	DOWN	at	506512  
507640	[1128]	:	Key	98	UP	at	506624  
508424	[784]	:	Key	97	DOWN	at	508424  
509554	[1130]	:	Key	97	UP	at	508536  
510288	[734]	:	Key	97	DOWN	at	510288  
511400	[1112]	:	Key	97	UP	at	510367  
512727	[1327]	:	Key	97	DOWN	at	512727  
513849	[1122]	:	Key	97	UP	at	512823  
514883	[1034]	:	Key	97	DOWN	at	514883  
515985	[1102]	:	Key	97	UP	at	514943  
516687	[702]	:	Key	97	DOWN	at	516687  
517791	[1104]	:	Key	97	UP	at	516792  
518679	[888]	:	Key	97	DOWN	at	518679  
519806	[1127]	:	Key	97	UP	at	518759  
520633	[827]	:	Key	98	DOWN	at	520633  
522317	[1684]	:	Key	98	UP	at	520736  
523775	[1458]	:	Key	71	DOWN	at	523775  
524811	[1036]	:	Key	71	UP	at	523993  
525872	[1061]	:	Key	98	DOWN	at	525872  
526983	[1111]	:	Key	98	UP	at	525967  
527672	[689]	:	Key	98	DOWN	at	527672  
528759	[1087]	:	Key	98	UP	at	527776  
529864	[1105]	:	Key	97	DOWN	at	529864  
530988	[1124]	:	Key	97	UP	at	529967  
531991	[1003]	:	Key	97	DOWN	at	531991  
533108	[1117]	:	Key	97	UP	at	532079  
534785	[1677]	:	Key	98	DOWN	at	534785  
534785	[0]	:	Key	98	UP	at	534785  
536776	[1991]	:	Key	97	DOWN	at	536776  
537912	[1136]	:	Key	97	UP	at	536880  
538880	[968]	:	Key	98	DOWN	at	538880  
540000	[1120]	:	Key	98	UP	at	538968  
541344	[1344]	:	Key	98	DOWN	at	541344  
542537	[1193]	:	Key	98	UP	at	541424  
543008	[471]	:	Key	71	DOWN	at	543008  
543330	[322]	:	Key	71	UP	at	543185  
543824	[494]	:	Key	71	DOWN	at	543824  
543984	[160]	:	Key	71	UP	at	543984  
545656	[1672]	:	Key	71	DOWN	at	545656  
548957	[3301]	:	Key	71	UP	at	545801  
549812	[855]	:	Key	71	DOWN	at	549812  
549812	[0]	:	Key	71	UP	at	549812  
553560	[3748]	:	Key	71	DOWN	at	553560  
556859	[3299]	:	Key	71	UP	at	553712  
557504	[645]	:	Key	71	DOWN	at	557504  
560803	[3299]	:	Key	71	UP	at	557625  
561528	[725]	:	Key	71	DOWN	at	561528  
564817	[3289]	:	Key	71	UP	at	561609  
565456	[639]	:	Key	71	DOWN	at	565456  
568744	[3288]	:	Key	71	UP	at	565601  
569807	[1063]	:	Key	71	DOWN	at	569807  
573105	[3298]	:	Key	71	UP	at	569912  
574456	[1351]	:	Key	71	DOWN	at	574456  
578365	[3909]	:	Key	71	UP	at	574577  
579806	[1441]	:	Key	71	DOWN	at	579806  
580848	[1042]	:	Key	71	UP	at	579808  
581568	[720]	:	Key	97	DOWN	at	581568  
582685	[1117]	:	Key	97	UP	at	581663  
583464	[779]	:	Key	97	DOWN	at	583464  
584590	[1126]	:	Key	97	UP	at	583583  
585399	[809]	:	Key	97	DOWN	at	585399  
586515	[1116]	:	Key	97	UP	at	585495  
587408	[893]	:	Key	97	DOWN	at	587408  
588532	[1124]	:	Key	97	UP	at	587496  
589280	[748]	:	Key	97	DOWN	at	589280  
590412	[1132]	:	Key	97	UP	at	589376  
591168	[756]	:	Key	97	DOWN	at	591168  
592299	[1131]	:	Key	97	UP	at	591264  
593424	[1125]	:	Key	98	DOWN	at	593424  
594548	[1124]	:	Key	98	UP	at	593472  
594549	[1]	:	Key	98	DOWN	at	593497  
594549	[0]	:	Key	98	UP	at	593544  
595528	[979]	:	Key	97	DOWN	at	595528  
597187	[1659]	:	Key	97	UP	at	595608  
599270	[2083]	:	Key	71	DOWN	at	599270  
600314	[1044]	:	Key	71	UP	at	599391  
601862	[1548]	:	Key	98	DOWN	at	601862  
602984	[1122]	:	Key	98	UP	at	601949  
605989	[3005]	:	Key	97	DOWN	at	605989  
607101	[1112]	:	Key	97	UP	at	606101  
610806	[3705]	:	Key	97	DOWN	at	610806  
611922	[1116]	:	Key	97	UP	at	610894  
613614	[1692]	:	Key	97	DOWN	at	613614  
614733	[1119]	:	Key	97	UP	at	613702  
615894	[1161]	:	Key	97	DOWN	at	615894  
617019	[1125]	:	Key	97	UP	at	616006  
619318	[2299]	:	Key	98	DOWN	at	619318  
620451	[1133]	:	Key	98	UP	at	619407  
621334	[883]	:	Key	97	DOWN	at	621334  
622478	[1144]	:	Key	97	UP	at	621421  
624967	[2489]	:	Key	97	DOWN	at	624967  
626157	[1190]	:	Key	97	UP	at	625045  
627276	[1119]	:	Key	71	DOWN	at	627276  
627559	[283]	:	Key	71	UP	at	627460  
628316	[757]	:	Key	71	DOWN	at	628316  
628508	[192]	:	Key	71	UP	at	628508  
629402	[894]	:	Key	71	DOWN	at	629402  
632699	[3297]	:	Key	71	UP	at	629554  
632731	[32]	:	Key	71	DOWN	at	632731  
636034	[3303]	:	Key	71	UP	at	632867  
639829	[3795]	:	Key	71	DOWN	at	639829  
643128	[3299]	:	Key	71	UP	at	639849  
643130	[2]	:	Key	71	DOWN	at	642379  
643131	[1]	:	Key	71	UP	at	642499  
646130	[2999]	:	Key	71	DOWN	at	646130  
649419	[3289]	:	Key	71	UP	at	646251  
649866	[447]	:	Key	71	DOWN	at	649866  
653164	[3298]	:	Key	71	UP	at	649995  
654967	[1803]	:	Key	71	DOWN	at	654967  
658265	[3298]	:	Key	71	UP	at	655113  
659841	[1576]	:	Key	71	DOWN	at	659841  
663130	[3289]	:	Key	71	UP	at	659953  
665728	[2598]	:	Key	71	DOWN	at	665728  
669647	[3919]	:	Key	71	UP	at	665897  
670448	[801]	:	Key	71	DOWN	at	670448  
671499	[1051]	:	Key	71	UP	at	670577  
672687	[1188]	:	Key	97	DOWN	at	672687  
673795	[1108]	:	Key	97	UP	at	672767  
675488	[1693]	:	Key	98	DOWN	at	675488  
676607	[1119]	:	Key	98	UP	at	675640  
677337	[730]	:	Key	97	DOWN	at	677337  
678460	[1123]	:	Key	97	UP	at	677448  
679376	[916]	:	Key	97	DOWN	at	679376  
680499	[1123]	:	Key	97	UP	at	679472  
681742	[1243]	:	Key	97	DOWN	at	681742  
682846	[1104]	:	Key	97	UP	at	681807  
684853	[2007]	:	Key	97	DOWN	at	684853  
684853	[0]	:	Key	97	UP	at	684853  
687030	[2177]	:	Key	97	DOWN	at	687030  
688152	[1122]	:	Key	97	UP	at	687126  
689245	[1093]	:	Key	97	DOWN	at	689245  
690923	[1678]	:	Key	97	UP	at	689333  
691950	[1027]	:	Key	71	DOWN	at	691950  
692990	[1040]	:	Key	71	UP	at	692119  
695991	[3001]	:	Key	98	DOWN	at	695991  
697118	[1127]	:	Key	98	UP	at	696094  
699865	[2747]	:	Key	97	DOWN	at	699865  
699865	[0]	:	Key	97	UP	at	699865  
710222	[10357]	:	Key	97	DOWN	at	710222  
711331	[1109]	:	Key	97	UP	at	710415  
712294	[963]	:	Key	97	DOWN	at	712294  
713382	[1088]	:	Key	97	UP	at	712478  
714871	[1489]	:	Key	98	DOWN	at	714871  
715954	[1083]	:	Key	98	UP	at	714942  
717919	[1965]	:	Key	97	DOWN	at	717919  
719035	[1116]	:	Key	97	UP	at	718102  
720198	[1163]	:	Key	98	DOWN	at	720198  
721316	[1118]	:	Key	98	UP	at	720407  
722374	[1058]	:	Key	97	DOWN	at	722374  
723564	[1190]	:	Key	97	UP	at	722527  
724726	[1162]	:	Key	71	DOWN	at	724726  
725044	[318]	:	Key	71	UP	at	724861  
725942	[898]	:	Key	71	DOWN	at	725942  
726086	[144]	:	Key	71	UP	at	726086  
726766	[680]	:	Key	71	DOWN	at	726766  
730063	[3297]	:	Key	71	UP	at	726886  
732095	[2032]	:	Key	71	DOWN	at	732095  
735395	[3300]	:	Key	71	UP	at	732191  
739254	[3859]	:	Key	71	DOWN	at	739254  
742555	[3301]	:	Key	71	UP	at	739375  
742557	[2]	:	Key	71	DOWN	at	741663  
742558	[1]	:	Key	71	UP	at	741799  
745150	[2592]	:	Key	71	DOWN	at	745150  
748452	[3302]	:	Key	71	UP	at	745295  
748454	[2]	:	Key	71	DOWN	at	747535  
748455	[1]	:	Key	71	UP	at	747719  
749767	[1312]	:	Key	71	DOWN	at	749767  
753067	[3300]	:	Key	71	UP	at	749911  
753550	[483]	:	Key	71	DOWN	at	753550  
756850	[3300]	:	Key	71	UP	at	753679  
756852	[2]	:	Key	71	DOWN	at	756135  
756853	[1]	:	Key	71	UP	at	756255  
757406	[553]	:	Key	71	DOWN	at	757406  
760686	[3280]	:	Key	71	UP	at	757519  
760688	[2]	:	Key	71	DOWN	at	759918  
760689	[1]	:	Key	71	UP	at	759920  
762958	[2269]	:	Key	71	DOWN	at	762958  
766881	[3923]	:	Key	71	UP	at	763142  
766881	[0]	:	Key	71	DOWN	at	764143  
766881	[0]	:	Key	71	UP	at	764271  
766882	[1]	:	Key	71	DOWN	at	765327  
766882	[0]	:	Key	71	UP	at	765455  
767510	[628]	:	Key	71	DOWN	at	767510  
768554	[1044]	:	Key	71	UP	at	767590  
770397	[1843]	:	Key	98	DOWN	at	770397  
771524	[1127]	:	Key	98	UP	at	770509  
772844	[1320]	:	Key	97	DOWN	at	772844  
773953	[1109]	:	Key	97	UP	at	772916  
775308	[1355]	:	Key	97	DOWN	at	775308  
776422	[1114]	:	Key	97	UP	at	775404  
777316	[894]	:	Key	97	DOWN	at	777316  
778431	[1115]	:	Key	97	UP	at	777388  
779276	[845]	:	Key	97	DOWN	at	779276  
780399	[1123]	:	Key	97	UP	at	779363  
782365	[1966]	:	Key	98	DOWN	at	782365  
783493	[1128]	:	Key	98	UP	at	782476  
784588	[1095]	:	Key	97	DOWN	at	784588  
785707	[1119]	:	Key	97	UP	at	784676  
787348	[1641]	:	Key	97	DOWN	at	787348  
789031	[1683]	:	Key	97	UP	at	787428  
789929	[898]	:	Key	71	DOWN	at	789929  
790970	[1041]	:	Key	71	UP	at	789989  
793235	[2265]	:	Key	98	DOWN	at	793235  
794349	[1114]	:	Key	98	UP	at	793348  
795420	[1071]	:	Key	97	DOWN	at	795420  
796538	[1118]	:	Key	97	UP	at	795523  
797732	[1194]	:	Key	97	DOWN	at	797732  
798857	[1125]	:	Key	97	UP	at	797843  
799972	[1115]	:	Key	97	DOWN	at	799972  
801090	[1118]	:	Key	97	UP	at	800085  
802228	[1138]	:	Key	98	DOWN	at	802228  
803350	[1122]	:	Key	98	UP	at	802372  
805124	[1774]	:	Key	98	DOWN	at	805124  
806237	[1113]	:	Key	98	UP	at	805293  
807397	[1160]	:	Key	97	DOWN	at	807397  
808537	[1140]	:	Key	97	UP	at	807524  
809771	[1234]	:	Key	98	DOWN	at	809771  
810948	[1177]	:	Key	98	UP	at	809925  
812059	[1111]	:	Key	71	DOWN	at	812059  
812408	[349]	:	Key	71	UP	at	812195  
823701	[11293]	:	Key	71	DOWN	at	823701  
823781	[80]	:	Key	71	UP	at	823781  
824733	[952]	:	Key	71	DOWN	at	824733  
824925	[192]	:	Key	71	UP	at	824925  
825572	[647]	:	Key	71	DOWN	at	825572  
825700	[128]	:	Key	71	UP	at	825700  
829188	[3488]	:	Key	97	DOWN	at	829188  
829316	[128]	:	Key	97	UP	at	829316  
830876	[1560]	:	Key	97	DOWN	at	830876  
830979	[103]	:	Key	97	UP	at	830979  
839228	[8249]	:	Key	98	DOWN	at	839228  
839324	[96]	:	Key	98	UP	at	839324  
845332	[6008]	:	Key	97	DOWN	at	845332  
845485	[153]	:	Key	97	UP	at	845485  
851931	[6446]	:	Key	97	DOWN	at	851931  
852043	[112]	:	Key	97	UP	at	852043  
858931	[6888]	:	Key	97	DOWN	at	858931  
859043	[112]	:	Key	97	UP	at	858996  
863394	[4351]	:	Key	97	DOWN	at	863394  
863538	[144]	:	Key	97	UP	at	863538  
873235	[9697]	:	Key	97	DOWN	at	873235  
873354	[119]	:	Key	97	UP	at	873346  
877907	[4553]	:	Key	97	DOWN	at	877907  
878011	[104]	:	Key	97	UP	at	878010  
878706	[695]	:	Key	97	DOWN	at	878706  
878796	[90]	:	Key	97	UP	at	878778  
883584	[4788]	:	Key	97	DOWN	at	883584  
883676	[92]	:	Key	97	UP	at	883648  
888800	[5124]	:	Key	97	DOWN	at	888800  
888899	[99]	:	Key	97	UP	at	888880  
896408	[7509]	:	Key	97	DOWN	at	896408  
896520	[112]	:	Key	97	UP	at	896520  
897632	[1112]	:	Key	97	DOWN	at	897632  
897752	[120]	:	Key	97	UP	at	897752  
906081	[8329]	:	Key	97	DOWN	at	906081  
906192	[111]	:	Key	97	UP	at	906192  
968218	[62026]	:	Key	97	DOWN	at	968218  
968330	[112]	:	Key	97	UP	at	968330  
974307	[5977]	:	Key	97	DOWN	at	974307  
974434	[127]	:	Key	97	UP	at	974427  
982691	[8257]	:	Key	97	DOWN	at	982691  
982786	[95]	:	Key	97	UP	at	982778  
989914	[7128]	:	Key	97	DOWN	at	989914  
990020	[106]	:	Key	97	UP	at	990002  
998823	[8803]	:	Key	97	DOWN	at	998823  
998935	[112]	:	Key	97	UP	at	998935  
1002574	[3639]	:	Key	97	DOWN	at	1002574 
1002660	[86]	:	Key	97	UP	at	1002655 
1006246	[3586]	:	Key	97	DOWN	at	1006246 
1007246	[1000]	:	Key	97	UP	at	1006351 
1011991	[4745]	:	Key	71	DOWN	at	1011991 
1012297	[306]	:	Key	71	UP	at	1012175 
1013215	[918]	:	Key	71	DOWN	at	1013215 
1093350	[80135]	:	Key	71	DOWN	at	1093350 
1093558	[208]	:	Key	71	UP	at	1093558 
1094838	[1280]	:	Key	71	DOWN	at	1094838 
1583919	[489081]	:	Key	71	DOWN	at	1583919 
1584023	[104]	:	Key	71	UP	at	1584023 
1589887	[5864]	:	Key	97	DOWN	at	1589887 
1590031	[144]	:	Key	97	UP	at	1590031 
1590815	[784]	:	Key	71	DOWN	at	1590815 
1591119	[304]	:	Key	71	UP	at	1591119 
1607725	[16606]	:	Key	97	DOWN	at	1607725 
1607949	[224]	:	Key	97	UP	at	1607949 
1608525	[576]	:	Key	97	DOWN	at	1608525 
1608693	[168]	:	Key	97	UP	at	1608693 
1609229	[536]	:	Key	71	DOWN	at	1609229 
1609581	[352]	:	Key	71	UP	at	1609581 
1618084	[8503]	:	Key	97	DOWN	at	1618084 
1619084	[1000]	:	Key	97	UP	at	1618197 
1620733	[1649]	:	Key	71	DOWN	at	1620733 
2181523	[560790]	:	Key	97	DOWN	at	2181523 
2182523	[1000]	:	Key	97	UP	at	2181700 
2184083	[1560]	:	Key	71	DOWN	at	2184083 
2728414	[544331]	:	Key	97	DOWN	at	2728414 
2729414	[1000]	:	Key	97	UP	at	2728543 
2731558	[2144]	:	Key	71	DOWN	at	2731558 
3281737	[550179]	:	Key	97	DOWN	at	3281737 
3282737	[1000]	:	Key	97	UP	at	3281954 
3283842	[1105]	:	Key	71	DOWN	at	3283842 
4291512	[1007670]	:	Key	71	DOWN	at	4291512 
4291962	[450]	:	Key	71	UP	at	4291610 
4291997	[35]	:	COGENT STOP
