Cog2000 log file Tue Mar 02 10:05:39 2021
gprim v1.33 Compiled:Aug 12 2015 (GLib DirectDraw v7 DX10.0 Compiled:Aug 12 2015)
Display:1024x768x32 60.02Hz
Attaching E:\saharrajabi\final mbmf+drug task\cogent2000v1.33\toolbox\CogInput.mexw64
CogInput v1.05 Compiled: May 20 2010
3	[3]	:	COGENT START
19900	[19897]	:	Key	97	DOWN	at	19899   
20034	[134]	:	Key	97	UP	at	20034   
32162	[12128]	:	Key	97	DOWN	at	32162   
32313	[151]	:	Key	97	UP	at	32313   
51717	[19404]	:	Key	97	DOWN	at	51717   
52717	[1000]	:	Key	97	UP	at	51869   
68945	[16228]	:	Key	71	DOWN	at	68945   
69151	[206]	:	Key	71	UP	at	69113   
71682	[2531]	:	Key	71	DOWN	at	71682   
75070	[3388]	:	Key	71	UP	at	71818   
77481	[2411]	:	Key	71	DOWN	at	77481   
80787	[3306]	:	Key	71	UP	at	77626   
81978	[1191]	:	Key	71	DOWN	at	81978   
85281	[3303]	:	Key	71	UP	at	82123   
87810	[2529]	:	Key	71	DOWN	at	87810   
91112	[3302]	:	Key	71	UP	at	87954   
98042	[6930]	:	Key	71	DOWN	at	98042   
101343	[3301]	:	Key	71	UP	at	98187   
104106	[2763]	:	Key	71	DOWN	at	104106  
107406	[3300]	:	Key	71	UP	at	104306  
107408	[2]	:	Key	71	DOWN	at	107232  
107409	[1]	:	Key	71	UP	at	107352  
110469	[3060]	:	Key	71	DOWN	at	110469  
113769	[3300]	:	Key	71	UP	at	110646  
115310	[1541]	:	Key	71	DOWN	at	115310  
118612	[3302]	:	Key	71	UP	at	115447  
119829	[1217]	:	Key	71	DOWN	at	119829  
123129	[3300]	:	Key	71	UP	at	120007  
125005	[1876]	:	Key	71	DOWN	at	125005  
128294	[3289]	:	Key	71	UP	at	125165  
129797	[1503]	:	Key	71	DOWN	at	129797  
133098	[3301]	:	Key	71	UP	at	129949  
135302	[2204]	:	Key	71	DOWN	at	135302  
138601	[3299]	:	Key	71	UP	at	135463  
139718	[1117]	:	Key	71	DOWN	at	139718  
143019	[3301]	:	Key	71	UP	at	139854  
144803	[1784]	:	Key	71	DOWN	at	144803  
148103	[3300]	:	Key	71	UP	at	144972  
149348	[1245]	:	Key	71	DOWN	at	149348  
152649	[3301]	:	Key	71	UP	at	149501  
153308	[659]	:	Key	71	DOWN	at	153308  
156609	[3301]	:	Key	71	UP	at	153461  
157931	[1322]	:	Key	71	DOWN	at	157931  
161230	[3299]	:	Key	71	UP	at	158092  
163979	[2749]	:	Key	71	DOWN	at	163979  
167274	[3295]	:	Key	71	UP	at	164116  
168644	[1370]	:	Key	71	DOWN	at	168644  
171945	[3301]	:	Key	71	UP	at	168789  
172987	[1042]	:	Key	71	DOWN	at	172987  
176286	[3299]	:	Key	71	UP	at	173116  
177610	[1324]	:	Key	71	DOWN	at	177610  
180910	[3300]	:	Key	71	UP	at	177778  
180961	[51]	:	Key	71	DOWN	at	180961  
184261	[3300]	:	Key	71	UP	at	182011  
186274	[2013]	:	Key	71	DOWN	at	186274  
189574	[3300]	:	Key	71	UP	at	186411  
189576	[2]	:	Key	71	DOWN	at	189355  
189577	[1]	:	Key	71	UP	at	189507  
191946	[2369]	:	Key	71	DOWN	at	191946  
195247	[3301]	:	Key	71	UP	at	192042  
197022	[1775]	:	Key	71	DOWN	at	197022  
197022	[0]	:	Key	71	UP	at	197022  
202015	[4993]	:	Key	71	DOWN	at	202015  
205315	[3300]	:	Key	71	UP	at	202160  
205317	[2]	:	Key	71	DOWN	at	205104  
205318	[1]	:	Key	71	UP	at	205248  
206662	[1344]	:	Key	71	DOWN	at	206662  
209961	[3299]	:	Key	71	UP	at	206824  
210783	[822]	:	Key	71	DOWN	at	210783  
214082	[3299]	:	Key	71	UP	at	210935  
214084	[2]	:	Key	71	DOWN	at	213407  
214085	[1]	:	Key	71	UP	at	213567  
216287	[2202]	:	Key	71	DOWN	at	216287  
219585	[3298]	:	Key	71	UP	at	216415  
219587	[2]	:	Key	71	DOWN	at	219208  
219588	[1]	:	Key	71	UP	at	219360  
221159	[1571]	:	Key	71	DOWN	at	221159  
224459	[3300]	:	Key	71	UP	at	221312  
224461	[2]	:	Key	71	DOWN	at	224128  
224462	[1]	:	Key	71	UP	at	224288  
225919	[1457]	:	Key	71	DOWN	at	225919  
229220	[3301]	:	Key	71	UP	at	227058  
229222	[2]	:	Key	71	DOWN	at	229143  
229295	[73]	:	Key	71	UP	at	229295  
230909	[1614]	:	Key	71	DOWN	at	230909  
234186	[3277]	:	Key	71	UP	at	231070  
236622	[2436]	:	Key	71	DOWN	at	236622  
239923	[3301]	:	Key	71	UP	at	236783  
242038	[2115]	:	Key	71	DOWN	at	242038  
245339	[3301]	:	Key	71	UP	at	242111  
246470	[1131]	:	Key	71	DOWN	at	246470  
249771	[3301]	:	Key	71	UP	at	246646  
250637	[866]	:	Key	71	DOWN	at	250637  
253926	[3289]	:	Key	71	UP	at	250806  
253928	[2]	:	Key	71	DOWN	at	253607  
253929	[1]	:	Key	71	UP	at	253751  
255494	[1565]	:	Key	71	DOWN	at	255494  
258779	[3285]	:	Key	71	UP	at	255647  
260558	[1779]	:	Key	71	DOWN	at	260558  
263858	[3300]	:	Key	71	UP	at	260735  
265573	[1715]	:	Key	71	DOWN	at	265573  
268872	[3299]	:	Key	71	UP	at	265742  
269437	[565]	:	Key	71	DOWN	at	269437  
272738	[3301]	:	Key	71	UP	at	269590  
274166	[1428]	:	Key	71	DOWN	at	274166  
277467	[3301]	:	Key	71	UP	at	274303  
277469	[2]	:	Key	71	DOWN	at	277255  
277470	[1]	:	Key	71	UP	at	277415  
280526	[3056]	:	Key	71	DOWN	at	280526  
283826	[3300]	:	Key	71	UP	at	280695  
285853	[2027]	:	Key	71	DOWN	at	285853  
289154	[3301]	:	Key	71	UP	at	286030  
290966	[1812]	:	Key	71	DOWN	at	290966  
294255	[3289]	:	Key	71	UP	at	291127  
296110	[1855]	:	Key	71	DOWN	at	296110  
299411	[3301]	:	Key	71	UP	at	296247  
301046	[1635]	:	Key	71	DOWN	at	301046  
304346	[3300]	:	Key	71	UP	at	302086  
306638	[2292]	:	Key	71	DOWN	at	306638  
309940	[3302]	:	Key	71	UP	at	306807  
313246	[3306]	:	Key	71	DOWN	at	313246  
317198	[3952]	:	Key	71	UP	at	313383  
332083	[14885]	:	Key	71	DOWN	at	332083  
332083	[0]	:	Key	71	UP	at	332083  
334547	[2464]	:	Key	97	DOWN	at	334547  
335670	[1123]	:	Key	97	UP	at	334700  
336555	[885]	:	Key	98	DOWN	at	336555  
337682	[1127]	:	Key	98	UP	at	336714  
338433	[751]	:	Key	97	DOWN	at	338433  
339559	[1126]	:	Key	97	UP	at	338562  
340537	[978]	:	Key	97	DOWN	at	340537  
341657	[1120]	:	Key	97	UP	at	340633  
342674	[1017]	:	Key	97	DOWN	at	342674  
343783	[1109]	:	Key	97	UP	at	342786  
344714	[931]	:	Key	97	DOWN	at	344714  
345838	[1124]	:	Key	97	UP	at	344818  
347091	[1253]	:	Key	98	DOWN	at	347091  
348216	[1125]	:	Key	98	UP	at	347092  
349146	[930]	:	Key	97	DOWN	at	349146  
350868	[1722]	:	Key	97	UP	at	349241  
363505	[12637]	:	Key	71	DOWN	at	363505  
364557	[1052]	:	Key	71	UP	at	363658  
365921	[1364]	:	Key	97	DOWN	at	365921  
367033	[1112]	:	Key	97	UP	at	366034  
368696	[1663]	:	Key	97	DOWN	at	368696  
369830	[1134]	:	Key	97	UP	at	368807  
371079	[1249]	:	Key	98	DOWN	at	371079  
372171	[1092]	:	Key	98	UP	at	371200  
372896	[725]	:	Key	98	DOWN	at	372896  
374022	[1126]	:	Key	98	UP	at	373015  
375040	[1018]	:	Key	97	DOWN	at	375040  
376151	[1111]	:	Key	97	UP	at	375151  
377312	[1161]	:	Key	97	DOWN	at	377312  
378422	[1110]	:	Key	97	UP	at	377392  
379400	[978]	:	Key	97	DOWN	at	379400  
380525	[1125]	:	Key	97	UP	at	379464  
381728	[1203]	:	Key	97	DOWN	at	381728  
382932	[1204]	:	Key	97	UP	at	381808  
385280	[2348]	:	Key	71	DOWN	at	385280  
385635	[355]	:	Key	71	UP	at	385457  
558687	[173052]	:	Key	97	DOWN	at	558687  
558823	[136]	:	Key	97	UP	at	558823  
568999	[10176]	:	Key	97	DOWN	at	568999  
569152	[153]	:	Key	97	UP	at	569152  
605952	[36800]	:	Key	97	DOWN	at	605952  
606077	[125]	:	Key	97	UP	at	606063  
617217	[11140]	:	Key	98	DOWN	at	617217  
617217	[0]	:	Key	98	UP	at	617217  
625823	[8606]	:	Key	98	DOWN	at	625823  
625951	[128]	:	Key	98	UP	at	625951  
626551	[600]	:	Key	97	DOWN	at	626551  
626647	[96]	:	Key	97	UP	at	626647  
627031	[384]	:	Key	97	DOWN	at	627031  
627119	[88]	:	Key	97	UP	at	627119  
638701	[11582]	:	Key	97	DOWN	at	638701  
638804	[103]	:	Key	97	UP	at	638789  
655766	[16962]	:	Key	97	DOWN	at	655766  
655869	[103]	:	Key	97	UP	at	655869  
685411	[29542]	:	Key	97	DOWN	at	685411  
685527	[116]	:	Key	97	UP	at	685514  
696435	[10908]	:	Key	97	DOWN	at	696435  
696563	[128]	:	Key	97	UP	at	696563  
709601	[13038]	:	Key	97	DOWN	at	709601  
709746	[145]	:	Key	97	UP	at	709746  
727617	[17871]	:	Key	97	DOWN	at	727617  
727746	[129]	:	Key	97	UP	at	727746  
742753	[15007]	:	Key	97	DOWN	at	742753  
742865	[112]	:	Key	97	UP	at	742865  
752655	[9790]	:	Key	97	DOWN	at	752655  
752775	[120]	:	Key	97	UP	at	752775  
761944	[9169]	:	Key	97	DOWN	at	761944  
762071	[127]	:	Key	97	UP	at	762071  
783390	[21319]	:	Key	97	DOWN	at	783390  
783502	[112]	:	Key	97	UP	at	783502  
795094	[11592]	:	Key	97	DOWN	at	795094  
795208	[114]	:	Key	97	UP	at	795182  
806942	[11734]	:	Key	97	DOWN	at	806942  
807054	[112]	:	Key	97	UP	at	807054  
827957	[20903]	:	Key	97	DOWN	at	827957  
828068	[111]	:	Key	97	UP	at	828068  
849739	[21671]	:	Key	97	DOWN	at	849739  
849874	[135]	:	Key	97	UP	at	849874  
860793	[10919]	:	Key	97	DOWN	at	860793  
860921	[128]	:	Key	97	UP	at	860921  
868585	[7664]	:	Key	97	DOWN	at	868585  
868689	[104]	:	Key	97	UP	at	868689  
877481	[8792]	:	Key	97	DOWN	at	877481  
878481	[1000]	:	Key	97	UP	at	877618  
912294	[33813]	:	Key	71	DOWN	at	912294  
912606	[312]	:	Key	71	UP	at	912511  
913685	[1079]	:	Key	71	DOWN	at	913685  
1032964	[119279]	:	Key	71	DOWN	at	1032964 
1033075	[111]	:	Key	71	UP	at	1033075 
1043298	[10223]	:	Key	71	DOWN	at	1043298 
1620638	[577340]	:	Key	97	DOWN	at	1620638 
1621638	[1000]	:	Key	97	UP	at	1620775 
1624006	[2368]	:	Key	71	DOWN	at	1624006 
2249525	[625519]	:	Key	97	DOWN	at	2249525 
2250525	[1000]	:	Key	97	UP	at	2249678 
2254396	[3871]	:	Key	71	DOWN	at	2254396 
2861040	[606644]	:	Key	97	DOWN	at	2861040 
2862040	[1000]	:	Key	97	UP	at	2861129 
2865392	[3352]	:	Key	71	DOWN	at	2865392 
3491224	[625832]	:	Key	97	DOWN	at	3491224 
3492224	[1000]	:	Key	97	UP	at	3491408 
3494504	[2280]	:	Key	71	DOWN	at	3494504 
4912949	[1418445]	:	Key	71	DOWN	at	4912949 
4913396	[447]	:	Key	71	UP	at	4912973 
4913396	[0]	:	Key	71	DOWN	at	4913286 
4913573	[177]	:	COGENT STOP
