Cog2000 log file Sat Feb 06 10:47:12 2021
gprim v1.33 Compiled:Aug 12 2015 (GLib DirectDraw v7 DX10.0 Compiled:Aug 12 2015)
Display:1024x768x32 60.02Hz
Attaching E:\saharrajabi\final mbmf+drug task\cogent2000v1.33\toolbox\CogInput.mexw64
CogInput v1.05 Compiled: May 20 2010
3	[3]	:	COGENT START
4253	[4250]	:	Key	98	DOWN	at	4253    
4399	[146]	:	Key	98	UP	at	4398    
6093	[1694]	:	Key	97	DOWN	at	6093    
6189	[96]	:	Key	97	UP	at	6182    
7909	[1720]	:	Key	97	DOWN	at	7909    
8013	[104]	:	Key	97	UP	at	8013    
8349	[336]	:	Key	97	DOWN	at	8349    
9349	[1000]	:	Key	97	UP	at	8422    
12757	[3408]	:	Key	71	DOWN	at	12757   
12908	[151]	:	Key	71	UP	at	12900   
14740	[1832]	:	Key	71	DOWN	at	14740   
18138	[3398]	:	Key	71	UP	at	14909   
20517	[2379]	:	Key	71	DOWN	at	20517   
23821	[3304]	:	Key	71	UP	at	20702   
26100	[2279]	:	Key	71	DOWN	at	26100   
29399	[3299]	:	Key	71	UP	at	26286   
30772	[1373]	:	Key	71	DOWN	at	30772   
34072	[3300]	:	Key	71	UP	at	31887   
34933	[861]	:	Key	71	DOWN	at	34933   
38233	[3300]	:	Key	71	UP	at	35133   
38235	[2]	:	Key	71	DOWN	at	36486   
38236	[1]	:	Key	71	UP	at	36685   
39541	[1305]	:	Key	71	DOWN	at	39541   
42841	[3300]	:	Key	71	UP	at	39718   
45341	[2500]	:	Key	71	DOWN	at	45341   
48640	[3299]	:	Key	71	UP	at	45494   
49733	[1093]	:	Key	71	DOWN	at	49733   
53033	[3300]	:	Key	71	UP	at	49974   
54998	[1965]	:	Key	71	DOWN	at	54998   
58299	[3301]	:	Key	71	UP	at	55190   
59901	[1602]	:	Key	71	DOWN	at	59901   
63194	[3293]	:	Key	71	UP	at	60062   
63909	[715]	:	Key	71	DOWN	at	63909   
67208	[3299]	:	Key	71	UP	at	64110   
67805	[597]	:	Key	71	DOWN	at	67805   
71098	[3293]	:	Key	71	UP	at	67982   
71886	[788]	:	Key	71	DOWN	at	71886   
75185	[3299]	:	Key	71	UP	at	72078   
76887	[1702]	:	Key	71	DOWN	at	76887   
76889	[2]	:	Key	71	UP	at	76888   
80188	[3299]	:	Key	71	DOWN	at	77437   
80190	[2]	:	Key	71	UP	at	77710   
81285	[1095]	:	Key	71	DOWN	at	81285   
84583	[3298]	:	Key	71	UP	at	81662   
85141	[558]	:	Key	71	DOWN	at	85141   
88443	[3302]	:	Key	71	UP	at	85350   
88445	[2]	:	Key	71	DOWN	at	87733   
88446	[1]	:	Key	71	UP	at	87973   
89013	[567]	:	Key	71	DOWN	at	89013   
92301	[3288]	:	Key	71	UP	at	89245   
93477	[1176]	:	Key	71	DOWN	at	93477   
96775	[3298]	:	Key	71	UP	at	93742   
98493	[1718]	:	Key	71	DOWN	at	98493   
101792	[3299]	:	Key	71	UP	at	98790   
102941	[1149]	:	Key	71	DOWN	at	102941  
106241	[3300]	:	Key	71	UP	at	103445  
107670	[1429]	:	Key	71	DOWN	at	107670  
110970	[3300]	:	Key	71	UP	at	107958  
112973	[2003]	:	Key	71	DOWN	at	112973  
116272	[3299]	:	Key	71	UP	at	113342  
118037	[1765]	:	Key	71	DOWN	at	118037  
121337	[3300]	:	Key	71	UP	at	118438  
122069	[732]	:	Key	71	DOWN	at	122069  
125357	[3288]	:	Key	71	UP	at	122333  
126421	[1064]	:	Key	71	DOWN	at	126421  
129717	[3296]	:	Key	71	UP	at	126622  
131213	[1496]	:	Key	71	DOWN	at	131213  
134513	[3300]	:	Key	71	UP	at	131494  
136907	[2394]	:	Key	71	DOWN	at	136907  
136907	[0]	:	Key	71	UP	at	136907  
141365	[4458]	:	Key	71	DOWN	at	141365  
144665	[3300]	:	Key	71	UP	at	141582  
145734	[1069]	:	Key	71	DOWN	at	145734  
149034	[3300]	:	Key	71	UP	at	145941  
149877	[843]	:	Key	71	DOWN	at	149877  
153177	[3300]	:	Key	71	UP	at	150094  
154797	[1620]	:	Key	71	DOWN	at	154797  
158097	[3300]	:	Key	71	UP	at	155054  
160182	[2085]	:	Key	71	DOWN	at	160182  
163481	[3299]	:	Key	71	UP	at	160638  
166934	[3453]	:	Key	71	DOWN	at	166934  
166934	[0]	:	Key	71	UP	at	166934  
171117	[4183]	:	Key	71	DOWN	at	171117  
174416	[3299]	:	Key	71	UP	at	171349  
175037	[621]	:	Key	71	DOWN	at	175037  
178336	[3299]	:	Key	71	UP	at	175230  
179422	[1086]	:	Key	71	DOWN	at	179422  
182717	[3295]	:	Key	71	UP	at	179694  
183669	[952]	:	Key	71	DOWN	at	183669  
186968	[3299]	:	Key	71	UP	at	183941  
187677	[709]	:	Key	71	DOWN	at	187677  
190976	[3299]	:	Key	71	UP	at	187902  
191861	[885]	:	Key	71	DOWN	at	191861  
195163	[3302]	:	Key	71	UP	at	192054  
195165	[2]	:	Key	71	DOWN	at	194630  
195166	[1]	:	Key	71	UP	at	194782  
196937	[1771]	:	Key	71	DOWN	at	196937  
196937	[0]	:	Key	71	UP	at	196937  
200965	[4028]	:	Key	71	DOWN	at	200965  
204253	[3288]	:	Key	71	UP	at	201214  
205509	[1256]	:	Key	71	DOWN	at	205509  
208808	[3299]	:	Key	71	UP	at	205742  
209773	[965]	:	Key	71	DOWN	at	209773  
213073	[3300]	:	Key	71	UP	at	209934  
213934	[861]	:	Key	71	DOWN	at	213934  
217233	[3299]	:	Key	71	UP	at	214118  
217997	[764]	:	Key	71	DOWN	at	217997  
221295	[3298]	:	Key	71	UP	at	218262  
221829	[534]	:	Key	71	DOWN	at	221829  
225117	[3288]	:	Key	71	UP	at	222022  
225717	[600]	:	Key	71	DOWN	at	225717  
229006	[3289]	:	Key	71	UP	at	225886  
230366	[1360]	:	Key	71	DOWN	at	230366  
234324	[3958]	:	Key	71	UP	at	230574  
239581	[5257]	:	Key	71	DOWN	at	239581  
240634	[1053]	:	Key	71	UP	at	239766  
242013	[1379]	:	Key	97	DOWN	at	242013  
243162	[1149]	:	Key	97	UP	at	242156  
244101	[939]	:	Key	97	DOWN	at	244101  
245225	[1124]	:	Key	97	UP	at	244254  
246686	[1461]	:	Key	97	DOWN	at	246686  
247811	[1125]	:	Key	97	UP	at	246862  
248941	[1130]	:	Key	98	DOWN	at	248941  
250053	[1112]	:	Key	98	UP	at	249061  
250853	[800]	:	Key	97	DOWN	at	250853  
251977	[1124]	:	Key	97	UP	at	251014  
253078	[1101]	:	Key	97	DOWN	at	253078  
254211	[1133]	:	Key	97	UP	at	253230  
255021	[810]	:	Key	98	DOWN	at	255021  
256142	[1121]	:	Key	98	UP	at	255149  
257404	[1262]	:	Key	98	DOWN	at	257404  
259120	[1716]	:	Key	98	UP	at	257524  
263053	[3933]	:	Key	71	DOWN	at	263053  
264098	[1045]	:	Key	71	UP	at	263238  
265325	[1227]	:	Key	97	DOWN	at	265325  
266439	[1114]	:	Key	97	UP	at	265478  
267677	[1238]	:	Key	97	DOWN	at	267677  
268789	[1112]	:	Key	97	UP	at	267822  
269805	[1016]	:	Key	98	DOWN	at	269805  
270917	[1112]	:	Key	98	UP	at	269925  
271973	[1056]	:	Key	97	DOWN	at	271973  
273091	[1118]	:	Key	97	UP	at	271974  
274069	[978]	:	Key	98	DOWN	at	274069  
275194	[1125]	:	Key	98	UP	at	274189  
276365	[1171]	:	Key	98	DOWN	at	276365  
277479	[1114]	:	Key	98	UP	at	276484  
278453	[974]	:	Key	97	DOWN	at	278453  
279573	[1120]	:	Key	97	UP	at	278590  
280605	[1032]	:	Key	97	DOWN	at	280605  
281808	[1203]	:	Key	97	UP	at	280741  
283910	[2102]	:	Key	92	DOWN	at	283910  
284062	[152]	:	Key	92	UP	at	284062  
286984	[2922]	:	Key	71	DOWN	at	286984  
286984	[0]	:	Key	71	UP	at	286984  
289085	[2101]	:	Key	71	DOWN	at	289085  
289285	[200]	:	Key	71	UP	at	289285  
290549	[1264]	:	Key	71	DOWN	at	290549  
293850	[3301]	:	Key	71	UP	at	290718  
296453	[2603]	:	Key	71	DOWN	at	296453  
299752	[3299]	:	Key	71	UP	at	296702  
300582	[830]	:	Key	71	DOWN	at	300582  
303882	[3300]	:	Key	71	UP	at	300855  
304717	[835]	:	Key	71	DOWN	at	304717  
308016	[3299]	:	Key	71	UP	at	304950  
308525	[509]	:	Key	71	DOWN	at	308525  
311824	[3299]	:	Key	71	UP	at	308782  
312724	[900]	:	Key	71	DOWN	at	312724  
316023	[3299]	:	Key	71	UP	at	312934  
317005	[982]	:	Key	71	DOWN	at	317005  
317005	[0]	:	Key	71	UP	at	317005  
320854	[3849]	:	Key	71	DOWN	at	320854  
324144	[3290]	:	Key	71	UP	at	321182  
324829	[685]	:	Key	71	DOWN	at	324829  
328129	[3300]	:	Key	71	UP	at	325045  
328885	[756]	:	Key	71	DOWN	at	328885  
332173	[3288]	:	Key	71	UP	at	329078  
332909	[736]	:	Key	71	DOWN	at	332909  
336208	[3299]	:	Key	71	UP	at	333164  
336838	[630]	:	Key	71	DOWN	at	336838  
340129	[3291]	:	Key	71	UP	at	337094  
340677	[548]	:	Key	71	DOWN	at	340677  
343965	[3288]	:	Key	71	UP	at	340902  
344325	[360]	:	Key	71	DOWN	at	344325  
347614	[3289]	:	Key	71	UP	at	344550  
347989	[375]	:	Key	71	DOWN	at	347989  
351282	[3293]	:	Key	71	UP	at	348230  
351702	[420]	:	Key	71	DOWN	at	351702  
355604	[3902]	:	Key	71	UP	at	351903  
356581	[977]	:	Key	71	DOWN	at	356581  
357631	[1050]	:	Key	71	UP	at	356774  
359085	[1454]	:	Key	97	DOWN	at	359085  
360212	[1127]	:	Key	97	UP	at	359205  
360877	[665]	:	Key	98	DOWN	at	360877  
362038	[1161]	:	Key	98	UP	at	362038  
363141	[1103]	:	Key	97	DOWN	at	363141  
364260	[1119]	:	Key	97	UP	at	363269  
365349	[1089]	:	Key	97	DOWN	at	365349  
366476	[1127]	:	Key	97	UP	at	365437  
367405	[929]	:	Key	97	DOWN	at	367405  
368523	[1118]	:	Key	97	UP	at	367532  
369334	[811]	:	Key	97	DOWN	at	369334  
370453	[1119]	:	Key	97	UP	at	369437  
371398	[945]	:	Key	97	DOWN	at	371398  
372521	[1123]	:	Key	97	UP	at	371509  
373421	[900]	:	Key	98	DOWN	at	373421  
375103	[1682]	:	Key	98	UP	at	373566  
377024	[1921]	:	Key	71	DOWN	at	377024  
377024	[0]	:	Key	71	UP	at	377024  
379181	[2157]	:	Key	98	DOWN	at	379181  
380297	[1116]	:	Key	98	UP	at	379301  
381645	[1348]	:	Key	97	DOWN	at	381645  
382757	[1112]	:	Key	97	UP	at	381765  
384285	[1528]	:	Key	97	DOWN	at	384285  
385412	[1127]	:	Key	97	UP	at	384412  
386173	[761]	:	Key	98	DOWN	at	386173  
387302	[1129]	:	Key	98	UP	at	386292  
388774	[1472]	:	Key	97	DOWN	at	388774  
389910	[1136]	:	Key	97	UP	at	388901  
392031	[2121]	:	Key	97	DOWN	at	392031  
393152	[1121]	:	Key	97	UP	at	392051  
394413	[1261]	:	Key	98	DOWN	at	394413  
395536	[1123]	:	Key	98	UP	at	394598  
396781	[1245]	:	Key	97	DOWN	at	396781  
397968	[1187]	:	Key	97	UP	at	396934  
400069	[2101]	:	Key	71	DOWN	at	400069  
400412	[343]	:	Key	71	UP	at	400310  
405654	[5242]	:	Key	97	DOWN	at	405654  
405797	[143]	:	Key	97	UP	at	405797  
408557	[2760]	:	Key	97	DOWN	at	408557  
408661	[104]	:	Key	97	UP	at	408661  
409814	[1153]	:	Key	97	DOWN	at	409814  
409938	[124]	:	Key	97	UP	at	409925  
411637	[1699]	:	Key	97	DOWN	at	411637  
411725	[88]	:	Key	97	UP	at	411725  
412677	[952]	:	Key	97	DOWN	at	412677  
412758	[81]	:	Key	97	UP	at	412733  
413221	[463]	:	Key	97	DOWN	at	413221  
413296	[75]	:	Key	97	UP	at	413269  
414733	[1437]	:	Key	97	DOWN	at	414733  
414824	[91]	:	Key	97	UP	at	414822  
415181	[357]	:	Key	97	DOWN	at	415181  
415258	[77]	:	Key	97	UP	at	415237  
415565	[307]	:	Key	97	DOWN	at	415565  
415653	[88]	:	Key	97	UP	at	415653  
416085	[432]	:	Key	97	DOWN	at	416085  
416183	[98]	:	Key	97	UP	at	416125  
417077	[894]	:	Key	97	DOWN	at	417077  
417153	[76]	:	Key	97	UP	at	417141  
417485	[332]	:	Key	97	DOWN	at	417485  
417588	[103]	:	Key	97	UP	at	417541  
418421	[833]	:	Key	97	DOWN	at	418421  
418509	[88]	:	Key	97	UP	at	418509  
418877	[368]	:	Key	97	DOWN	at	418877  
418983	[106]	:	Key	97	UP	at	418941  
419373	[390]	:	Key	97	DOWN	at	419373  
419466	[93]	:	Key	97	UP	at	419445  
419909	[443]	:	Key	97	DOWN	at	419909  
420004	[95]	:	Key	97	UP	at	420004  
420477	[473]	:	Key	97	DOWN	at	420477  
420585	[108]	:	Key	97	UP	at	420564  
422049	[1464]	:	Key	97	DOWN	at	422049  
422129	[80]	:	Key	97	UP	at	422050  
422413	[284]	:	Key	97	DOWN	at	422413  
422622	[209]	:	Key	97	UP	at	422622  
423317	[695]	:	Key	97	DOWN	at	423317  
424317	[1000]	:	Key	97	UP	at	423470  
426630	[2313]	:	Key	71	DOWN	at	426630  
426950	[320]	:	Key	71	UP	at	426846  
428254	[1304]	:	Key	71	DOWN	at	428254  
495998	[67744]	:	Key	71	DOWN	at	495998  
497085	[1087]	:	Key	71	UP	at	497085  
497805	[720]	:	Key	71	DOWN	at	497805  
1024742	[526937]	:	Key	71	DOWN	at	1024742 
1024990	[248]	:	Key	71	UP	at	1024990 
1025598	[608]	:	Key	97	DOWN	at	1025598 
1026598	[1000]	:	Key	97	UP	at	1025767 
1028710	[2112]	:	Key	71	DOWN	at	1028710 
1549990	[521280]	:	Key	71	DOWN	at	1549990 
1550246	[256]	:	Key	71	UP	at	1550246 
1551734	[1488]	:	Key	97	DOWN	at	1551734 
1552734	[1000]	:	Key	97	UP	at	1551895 
1555734	[3000]	:	Key	71	DOWN	at	1555734 
2074373	[518639]	:	Key	98	DOWN	at	2074373 
2074494	[121]	:	Key	98	UP	at	2074494 
2075510	[1016]	:	Key	97	DOWN	at	2075510 
2076510	[1000]	:	Key	97	UP	at	2075598 
2076512	[2]	:	Key	97	DOWN	at	2076159 
2076513	[1]	:	Key	97	UP	at	2076255 
2076609	[96]	:	Key	98	DOWN	at	2076534 
2076719	[110]	:	Key	98	UP	at	2076719 
2079670	[2951]	:	Key	71	DOWN	at	2079670 
2586687	[507017]	:	Key	98	DOWN	at	2586687 
2586839	[152]	:	Key	98	UP	at	2586839 
2587998	[1159]	:	Key	97	DOWN	at	2587998 
2588998	[1000]	:	Key	97	UP	at	2588071 
2589000	[2]	:	Key	97	DOWN	at	2588767 
2589001	[1]	:	Key	97	UP	at	2588895 
2591615	[2614]	:	Key	98	DOWN	at	2591615 
2591695	[80]	:	Key	98	UP	at	2591695 
2592407	[712]	:	Key	97	DOWN	at	2592407 
2592591	[184]	:	Key	97	UP	at	2592591 
2594031	[1440]	:	Key	71	DOWN	at	2594031 
3231007	[636976]	:	Key	97	DOWN	at	3231007 
3231119	[112]	:	Key	97	UP	at	3231119 
3231719	[600]	:	Key	98	DOWN	at	3231719 
3231823	[104]	:	Key	98	UP	at	3231823 
3232431	[608]	:	Key	59	DOWN	at	3232431 
3232527	[96]	:	Key	59	UP	at	3232527 
3233551	[1024]	:	Key	98	DOWN	at	3233551 
3233671	[120]	:	Key	98	UP	at	3233671 
3233911	[240]	:	Key	100	DOWN	at	3233911 
3234031	[120]	:	Key	100	UP	at	3234031 
3234191	[160]	:	Key	95	DOWN	at	3234191 
3234351	[160]	:	Key	95	UP	at	3234351 
3234519	[168]	:	Key	97	DOWN	at	3234519 
3234647	[128]	:	Key	97	UP	at	3234647 
3234863	[216]	:	Key	98	DOWN	at	3234863 
3234983	[120]	:	Key	98	UP	at	3234983 
3235287	[304]	:	Key	59	DOWN	at	3235287 
3235399	[112]	:	Key	59	UP	at	3235399 
3235543	[144]	:	Key	59	DOWN	at	3235543 
3235671	[128]	:	Key	59	UP	at	3235671 
3236263	[592]	:	Key	52	DOWN	at	3236263 
3236319	[56]	:	Key	52	UP	at	3236319 
3236336	[17]	:	Key	52	DOWN	at	3236336 
3236424	[88]	:	Key	52	UP	at	3236424 
3237192	[768]	:	Key	59	DOWN	at	3237192 
3237352	[160]	:	Key	59	UP	at	3237352 
3239232	[1880]	:	Key	71	DOWN	at	3239232 
3239257	[25]	:	COGENT STOP
