Cog2000 log file Sat Jan 30 10:06:55 2021
gprim v1.33 Compiled:Aug 12 2015 (GLib DirectDraw v7 DX10.0 Compiled:Aug 12 2015)
Display:1024x768x32 60.02Hz
Attaching E:\saharrajabi\final mbmf+drug task\cogent2000v1.33\toolbox\CogInput.mexw64
CogInput v1.05 Compiled: May 20 2010
3	[3]	:	COGENT START
16391	[16388]	:	Key	97	DOWN	at	16390   
16510	[119]	:	Key	97	UP	at	16510   
27159	[10649]	:	Key	97	DOWN	at	27159   
27259	[100]	:	Key	97	UP	at	27238   
31310	[4051]	:	Key	97	DOWN	at	31310   
32310	[1000]	:	Key	97	UP	at	31415   
32311	[1]	:	Key	97	DOWN	at	32079   
32313	[2]	:	Key	97	UP	at	32223   
50183	[17870]	:	Key	71	DOWN	at	50183   
50384	[201]	:	Key	71	UP	at	50382   
53086	[2702]	:	Key	71	DOWN	at	53086   
56481	[3395]	:	Key	71	UP	at	53271   
58615	[2134]	:	Key	71	DOWN	at	58615   
61920	[3305]	:	Key	71	UP	at	58760   
64623	[2703]	:	Key	71	DOWN	at	64623   
67922	[3299]	:	Key	71	UP	at	64807   
69551	[1629]	:	Key	71	DOWN	at	69551   
72852	[3301]	:	Key	71	UP	at	69759   
74854	[2002]	:	Key	71	DOWN	at	74854   
78150	[3296]	:	Key	71	UP	at	75030   
80519	[2369]	:	Key	71	DOWN	at	80519   
83817	[3298]	:	Key	71	UP	at	80671   
85518	[1701]	:	Key	71	DOWN	at	85518   
88818	[3300]	:	Key	71	UP	at	85670   
90110	[1292]	:	Key	71	DOWN	at	90110   
93410	[3300]	:	Key	71	UP	at	90287   
95103	[1693]	:	Key	71	DOWN	at	95103   
98404	[3301]	:	Key	71	UP	at	95304   
99767	[1363]	:	Key	71	DOWN	at	99767   
103058	[3291]	:	Key	71	UP	at	99991   
104247	[1189]	:	Key	71	DOWN	at	104247  
107548	[3301]	:	Key	71	UP	at	104399  
109313	[1765]	:	Key	71	DOWN	at	109313  
109315	[2]	:	Key	71	UP	at	109314  
113783	[4468]	:	Key	71	DOWN	at	113783  
117083	[3300]	:	Key	71	UP	at	113927  
117735	[652]	:	Key	71	DOWN	at	117735  
121024	[3289]	:	Key	71	UP	at	117871  
121806	[782]	:	Key	71	DOWN	at	121806  
125098	[3292]	:	Key	71	UP	at	121951  
125806	[708]	:	Key	71	DOWN	at	125806  
129107	[3301]	:	Key	71	UP	at	125973  
129863	[756]	:	Key	71	DOWN	at	129863  
133152	[3289]	:	Key	71	UP	at	130000  
134158	[1006]	:	Key	71	DOWN	at	134158  
137456	[3298]	:	Key	71	UP	at	134327  
139328	[1872]	:	Key	71	DOWN	at	139328  
139330	[2]	:	Key	71	UP	at	139329  
144046	[4716]	:	Key	71	DOWN	at	144046  
147328	[3282]	:	Key	71	UP	at	144199  
147919	[591]	:	Key	71	DOWN	at	147919  
151219	[3300]	:	Key	71	UP	at	148127  
152911	[1692]	:	Key	71	DOWN	at	152911  
156203	[3292]	:	Key	71	UP	at	153087  
156918	[715]	:	Key	71	DOWN	at	156918  
160220	[3302]	:	Key	71	UP	at	157103  
160823	[603]	:	Key	71	DOWN	at	160823  
164124	[3301]	:	Key	71	UP	at	160959  
165023	[899]	:	Key	71	DOWN	at	165023  
168323	[3300]	:	Key	71	UP	at	165192  
169363	[1040]	:	Key	71	DOWN	at	169363  
169364	[1]	:	Key	71	UP	at	169364  
173631	[4267]	:	Key	71	DOWN	at	173631  
176930	[3299]	:	Key	71	UP	at	173822  
177455	[525]	:	Key	71	DOWN	at	177455  
180754	[3299]	:	Key	71	UP	at	177631  
181215	[461]	:	Key	71	DOWN	at	181215  
184514	[3299]	:	Key	71	UP	at	181408  
185063	[549]	:	Key	71	DOWN	at	185063  
188354	[3291]	:	Key	71	UP	at	185215  
188911	[557]	:	Key	71	DOWN	at	188911  
192207	[3296]	:	Key	71	UP	at	189103  
193574	[1367]	:	Key	71	DOWN	at	193574  
196875	[3301]	:	Key	71	UP	at	193823  
198223	[1348]	:	Key	71	DOWN	at	198223  
201523	[3300]	:	Key	71	UP	at	199384  
202319	[796]	:	Key	71	DOWN	at	202319  
205608	[3289]	:	Key	71	UP	at	202520  
206934	[1326]	:	Key	71	DOWN	at	206934  
210232	[3298]	:	Key	71	UP	at	207087  
210935	[703]	:	Key	71	DOWN	at	210935  
214237	[3302]	:	Key	71	UP	at	211206  
214870	[633]	:	Key	71	DOWN	at	214870  
218160	[3290]	:	Key	71	UP	at	215119  
218799	[639]	:	Key	71	DOWN	at	218799  
222099	[3300]	:	Key	71	UP	at	218991  
222799	[700]	:	Key	71	DOWN	at	222799  
226087	[3288]	:	Key	71	UP	at	222999  
227263	[1176]	:	Key	71	DOWN	at	227263  
230562	[3299]	:	Key	71	UP	at	227511  
231214	[652]	:	Key	71	DOWN	at	231214  
234514	[3300]	:	Key	71	UP	at	231383  
235103	[589]	:	Key	71	DOWN	at	235103  
238402	[3299]	:	Key	71	UP	at	235272  
238807	[405]	:	Key	71	DOWN	at	238807  
242096	[3289]	:	Key	71	UP	at	239008  
242542	[446]	:	Key	71	DOWN	at	242542  
245830	[3288]	:	Key	71	UP	at	242751  
246206	[376]	:	Key	71	DOWN	at	246206  
249497	[3291]	:	Key	71	UP	at	246375  
249918	[421]	:	Key	71	DOWN	at	249918  
253218	[3300]	:	Key	71	UP	at	250119  
253607	[389]	:	Key	71	DOWN	at	253607  
256898	[3291]	:	Key	71	UP	at	253784  
257207	[309]	:	Key	71	DOWN	at	257207  
261161	[3954]	:	Key	71	UP	at	257358  
261161	[0]	:	Key	71	DOWN	at	259411  
261163	[2]	:	Key	71	UP	at	259413  
278367	[17204]	:	Key	71	DOWN	at	278367  
279414	[1047]	:	Key	71	UP	at	278495  
280511	[1097]	:	Key	97	DOWN	at	280511  
281655	[1144]	:	Key	97	UP	at	280646  
282814	[1159]	:	Key	97	DOWN	at	282814  
283943	[1129]	:	Key	97	UP	at	282918  
285071	[1128]	:	Key	97	DOWN	at	285071  
286208	[1137]	:	Key	97	UP	at	285167  
287487	[1279]	:	Key	98	DOWN	at	287487  
288632	[1145]	:	Key	98	UP	at	287598  
289750	[1118]	:	Key	97	DOWN	at	289750  
290857	[1107]	:	Key	97	UP	at	289838  
292087	[1230]	:	Key	97	DOWN	at	292087  
293219	[1132]	:	Key	97	UP	at	292174  
294151	[932]	:	Key	97	DOWN	at	294151  
295275	[1124]	:	Key	97	UP	at	294240  
296286	[1011]	:	Key	98	DOWN	at	296286  
298007	[1721]	:	Key	98	UP	at	296406  
319432	[21425]	:	Key	71	DOWN	at	319432  
320476	[1044]	:	Key	71	UP	at	319434  
321774	[1298]	:	Key	97	DOWN	at	321774  
322899	[1125]	:	Key	97	UP	at	321887  
324447	[1548]	:	Key	97	DOWN	at	324447  
325573	[1126]	:	Key	97	UP	at	324566  
326687	[1114]	:	Key	98	DOWN	at	326687  
327827	[1140]	:	Key	98	UP	at	326791  
329103	[1276]	:	Key	98	DOWN	at	329103  
330219	[1116]	:	Key	98	UP	at	329199  
331695	[1476]	:	Key	98	DOWN	at	331695  
332827	[1132]	:	Key	98	UP	at	331798  
334424	[1597]	:	Key	97	DOWN	at	334424  
335542	[1118]	:	Key	97	UP	at	334425  
336559	[1017]	:	Key	97	DOWN	at	336559  
337687	[1128]	:	Key	97	UP	at	336614  
339376	[1689]	:	Key	97	DOWN	at	339376  
340591	[1215]	:	Key	97	UP	at	339423  
347527	[6936]	:	Key	71	DOWN	at	347527  
347851	[324]	:	Key	71	UP	at	347655  
354286	[6435]	:	Key	71	DOWN	at	354286  
354414	[128]	:	Key	71	UP	at	354414  
355735	[1321]	:	Key	71	DOWN	at	355735  
359035	[3300]	:	Key	71	UP	at	355872  
362527	[3492]	:	Key	71	DOWN	at	362527  
365822	[3295]	:	Key	71	UP	at	362663  
365823	[1]	:	Key	71	DOWN	at	365087  
365824	[1]	:	Key	71	UP	at	365239  
366519	[695]	:	Key	71	DOWN	at	366519  
369822	[3303]	:	Key	71	UP	at	366639  
369823	[1]	:	Key	71	DOWN	at	368951  
369824	[1]	:	Key	71	UP	at	369127  
370494	[670]	:	Key	71	DOWN	at	370494  
373794	[3300]	:	Key	71	UP	at	370623  
373796	[2]	:	Key	71	DOWN	at	371247  
373797	[1]	:	Key	71	UP	at	371407  
373798	[1]	:	Key	71	DOWN	at	373024  
373800	[2]	:	Key	71	UP	at	373174  
374311	[511]	:	Key	71	DOWN	at	374311  
377599	[3288]	:	Key	71	UP	at	374488  
377991	[392]	:	Key	71	DOWN	at	377991  
381286	[3295]	:	Key	71	UP	at	378136  
381287	[1]	:	Key	71	DOWN	at	379480  
381288	[1]	:	Key	71	UP	at	379482  
381289	[1]	:	Key	71	DOWN	at	380544  
381291	[2]	:	Key	71	UP	at	380678  
381292	[1]	:	Key	71	DOWN	at	380806  
381293	[1]	:	Key	71	UP	at	380951  
381719	[426]	:	Key	71	DOWN	at	381719  
385017	[3298]	:	Key	71	UP	at	381879  
385018	[1]	:	Key	71	DOWN	at	382087  
385019	[1]	:	Key	71	UP	at	382215  
385020	[1]	:	Key	71	DOWN	at	382679  
385021	[1]	:	Key	71	UP	at	382815  
385022	[1]	:	Key	71	DOWN	at	384319  
385024	[2]	:	Key	71	UP	at	384503  
385374	[350]	:	Key	71	DOWN	at	385374  
388663	[3289]	:	Key	71	UP	at	385535  
388665	[2]	:	Key	71	DOWN	at	385854  
388666	[1]	:	Key	71	UP	at	385974  
388667	[1]	:	Key	71	DOWN	at	386407  
388669	[2]	:	Key	71	UP	at	386551  
388670	[1]	:	Key	71	DOWN	at	388303  
388671	[1]	:	Key	71	UP	at	388518  
390399	[1728]	:	Key	71	DOWN	at	390399  
393702	[3303]	:	Key	71	UP	at	390512  
393703	[1]	:	Key	71	DOWN	at	390896  
393704	[1]	:	Key	71	UP	at	391080  
393705	[1]	:	Key	71	DOWN	at	391976  
393707	[2]	:	Key	71	UP	at	392144  
393708	[1]	:	Key	71	DOWN	at	392784  
393710	[2]	:	Key	71	UP	at	392952  
393711	[1]	:	Key	71	DOWN	at	393190  
393712	[1]	:	Key	71	UP	at	393336  
394465	[753]	:	Key	71	DOWN	at	394465  
394467	[2]	:	Key	71	UP	at	394466  
394467	[0]	:	Key	71	DOWN	at	394466  
394468	[1]	:	Key	71	UP	at	394467  
397770	[3302]	:	Key	71	DOWN	at	394872  
397771	[1]	:	Key	71	UP	at	395008  
397772	[1]	:	Key	71	DOWN	at	395816  
397773	[1]	:	Key	71	UP	at	395968  
397775	[2]	:	Key	71	DOWN	at	397703  
397847	[72]	:	Key	71	UP	at	397847  
398151	[304]	:	Key	71	DOWN	at	398151  
401456	[3305]	:	Key	71	UP	at	398255  
401457	[1]	:	Key	71	DOWN	at	398375  
401458	[1]	:	Key	71	UP	at	398480  
401459	[1]	:	Key	71	DOWN	at	399359  
401461	[2]	:	Key	71	UP	at	399495  
401462	[1]	:	Key	71	DOWN	at	400599  
401463	[1]	:	Key	71	UP	at	400735  
401791	[328]	:	Key	71	DOWN	at	401791  
405092	[3301]	:	Key	71	UP	at	401903  
405093	[1]	:	Key	71	DOWN	at	402167  
405094	[1]	:	Key	71	UP	at	402303  
405095	[1]	:	Key	71	DOWN	at	402687  
405097	[2]	:	Key	71	UP	at	402823  
405098	[1]	:	Key	71	DOWN	at	404391  
405099	[1]	:	Key	71	UP	at	404567  
405694	[595]	:	Key	71	DOWN	at	405694  
408990	[3296]	:	Key	71	UP	at	405831  
408991	[1]	:	Key	71	DOWN	at	405935  
408991	[0]	:	Key	71	UP	at	406030  
408991	[0]	:	Key	71	DOWN	at	406134  
408992	[1]	:	Key	71	UP	at	406223  
408992	[0]	:	Key	71	DOWN	at	408184  
408993	[1]	:	Key	71	UP	at	408352  
409485	[492]	:	Key	71	DOWN	at	409485  
409487	[2]	:	Key	71	UP	at	409487  
412778	[3291]	:	Key	71	DOWN	at	409552  
412779	[1]	:	Key	71	UP	at	409672  
412780	[1]	:	Key	71	DOWN	at	412024  
412781	[1]	:	Key	71	UP	at	412160  
412783	[2]	:	Key	71	DOWN	at	412312  
412784	[1]	:	Key	71	UP	at	412416  
413223	[439]	:	Key	71	DOWN	at	413223  
416512	[3289]	:	Key	71	UP	at	413360  
416599	[87]	:	Key	71	DOWN	at	416599  
420517	[3918]	:	Key	71	UP	at	416759  
420517	[0]	:	Key	71	DOWN	at	417494  
420518	[1]	:	Key	71	UP	at	417630  
420518	[0]	:	Key	71	DOWN	at	418431  
420518	[0]	:	Key	71	UP	at	418575  
424477	[3959]	:	Key	71	DOWN	at	424477  
425522	[1045]	:	Key	71	UP	at	424599  
426815	[1293]	:	Key	97	DOWN	at	426815  
427954	[1139]	:	Key	97	UP	at	426887  
428751	[797]	:	Key	98	DOWN	at	428751  
429896	[1145]	:	Key	98	UP	at	428855  
431014	[1118]	:	Key	97	DOWN	at	431014  
432127	[1113]	:	Key	97	UP	at	431094  
433135	[1008]	:	Key	97	DOWN	at	433135  
434257	[1122]	:	Key	97	UP	at	433230  
435111	[854]	:	Key	97	DOWN	at	435111  
436242	[1131]	:	Key	97	UP	at	435206  
437206	[964]	:	Key	97	DOWN	at	437206  
438338	[1132]	:	Key	97	UP	at	437295  
439483	[1145]	:	Key	97	DOWN	at	439483  
440615	[1132]	:	Key	97	UP	at	439502  
441462	[847]	:	Key	97	DOWN	at	441462  
443174	[1712]	:	Key	97	UP	at	441534  
447959	[4785]	:	Key	71	DOWN	at	447959  
449002	[1043]	:	Key	71	UP	at	448096  
450175	[1173]	:	Key	98	DOWN	at	450175  
451284	[1109]	:	Key	98	UP	at	450303  
452663	[1379]	:	Key	97	DOWN	at	452663  
453790	[1127]	:	Key	97	UP	at	452758  
455423	[1633]	:	Key	97	DOWN	at	455423  
456555	[1132]	:	Key	97	UP	at	455502  
457774	[1219]	:	Key	98	DOWN	at	457774  
458899	[1125]	:	Key	98	UP	at	457814  
458900	[1]	:	Key	98	DOWN	at	457870  
458901	[1]	:	Key	98	UP	at	457951  
459767	[866]	:	Key	97	DOWN	at	459767  
460907	[1140]	:	Key	97	UP	at	459838  
462112	[1205]	:	Key	97	DOWN	at	462112  
463258	[1146]	:	Key	97	UP	at	462191  
464255	[997]	:	Key	98	DOWN	at	464255  
465377	[1122]	:	Key	98	UP	at	464358  
466703	[1326]	:	Key	97	DOWN	at	466703  
467890	[1187]	:	Key	97	UP	at	466782  
473094	[5204]	:	Key	71	DOWN	at	473094  
473414	[320]	:	Key	71	UP	at	473239  
476055	[2641]	:	Key	71	DOWN	at	476055  
476222	[167]	:	Key	71	UP	at	476222  
477278	[1056]	:	Key	71	DOWN	at	477278  
480580	[3302]	:	Key	71	UP	at	477423  
480582	[2]	:	Key	71	DOWN	at	478760  
480583	[1]	:	Key	71	UP	at	478904  
480584	[1]	:	Key	71	DOWN	at	479383  
480586	[2]	:	Key	71	UP	at	479448  
480587	[1]	:	Key	71	DOWN	at	479704  
480588	[1]	:	Key	71	UP	at	479840  
480999	[411]	:	Key	71	DOWN	at	480999  
484290	[3291]	:	Key	71	UP	at	481104  
484292	[2]	:	Key	71	DOWN	at	481920  
484293	[1]	:	Key	71	UP	at	482056  
484294	[1]	:	Key	71	DOWN	at	482264  
484296	[2]	:	Key	71	UP	at	482392  
484297	[1]	:	Key	71	DOWN	at	483176  
484298	[1]	:	Key	71	UP	at	483288  
485111	[813]	:	Key	71	DOWN	at	485111  
488414	[3303]	:	Key	71	UP	at	485214  
488416	[2]	:	Key	71	DOWN	at	486120  
488417	[1]	:	Key	71	UP	at	486248  
488418	[1]	:	Key	71	DOWN	at	487479  
488420	[2]	:	Key	71	UP	at	487591  
488831	[411]	:	Key	71	DOWN	at	488831  
492120	[3289]	:	Key	71	UP	at	488959  
492122	[2]	:	Key	71	DOWN	at	489743  
492123	[1]	:	Key	71	UP	at	489863  
492125	[2]	:	Key	71	DOWN	at	491247  
492126	[1]	:	Key	71	UP	at	491415  
492734	[608]	:	Key	71	DOWN	at	492734  
496035	[3301]	:	Key	71	UP	at	492927  
496037	[2]	:	Key	71	DOWN	at	494727  
496038	[1]	:	Key	71	UP	at	494903  
496679	[641]	:	Key	71	DOWN	at	496679  
499984	[3305]	:	Key	71	UP	at	496864  
499985	[1]	:	Key	71	DOWN	at	497904  
499986	[1]	:	Key	71	UP	at	498048  
499987	[1]	:	Key	71	DOWN	at	498374  
499989	[2]	:	Key	71	UP	at	499515  
499990	[1]	:	Key	71	DOWN	at	499516  
499991	[1]	:	Key	71	UP	at	499518  
500512	[521]	:	Key	71	DOWN	at	500512  
503805	[3293]	:	Key	71	UP	at	500640  
503805	[0]	:	Key	71	DOWN	at	500768  
503806	[1]	:	Key	71	UP	at	500847  
503806	[0]	:	Key	71	DOWN	at	501344  
503806	[0]	:	Key	71	UP	at	501448  
503806	[0]	:	Key	71	DOWN	at	502254  
503807	[1]	:	Key	71	UP	at	502376  
503807	[0]	:	Key	71	DOWN	at	502920  
503808	[1]	:	Key	71	UP	at	503032  
504135	[327]	:	Key	71	DOWN	at	504135  
508043	[3908]	:	Key	71	UP	at	504295  
508043	[0]	:	Key	71	DOWN	at	504495  
508043	[0]	:	Key	71	UP	at	504615  
508044	[1]	:	Key	71	DOWN	at	505263  
508044	[0]	:	Key	71	UP	at	505439  
508044	[0]	:	Key	71	DOWN	at	505774  
508044	[0]	:	Key	71	UP	at	505918  
508045	[1]	:	Key	71	DOWN	at	506103  
508045	[0]	:	Key	71	UP	at	506248  
508045	[0]	:	Key	71	DOWN	at	506359  
508046	[1]	:	Key	71	UP	at	506447  
508046	[0]	:	Key	71	DOWN	at	506559  
508046	[0]	:	Key	71	UP	at	506647  
508047	[1]	:	Key	71	DOWN	at	506919  
508047	[0]	:	Key	71	UP	at	507063  
508047	[0]	:	Key	71	DOWN	at	507223  
508047	[0]	:	Key	71	UP	at	507279  
508048	[1]	:	Key	71	DOWN	at	507903  
508062	[14]	:	Key	71	UP	at	508062  
512599	[4537]	:	Key	71	DOWN	at	512599  
513642	[1043]	:	Key	71	UP	at	512720  
514711	[1069]	:	Key	98	DOWN	at	514711  
515828	[1117]	:	Key	98	UP	at	514847  
516807	[979]	:	Key	97	DOWN	at	516807  
517928	[1121]	:	Key	97	UP	at	516936  
518879	[951]	:	Key	97	DOWN	at	518879  
520020	[1141]	:	Key	97	UP	at	518990  
521047	[1027]	:	Key	97	DOWN	at	521047  
522183	[1136]	:	Key	97	UP	at	521142  
522999	[816]	:	Key	97	DOWN	at	522999  
524115	[1116]	:	Key	97	UP	at	523119  
525103	[988]	:	Key	97	DOWN	at	525103  
526234	[1131]	:	Key	97	UP	at	525174  
527286	[1052]	:	Key	97	DOWN	at	527286  
528420	[1134]	:	Key	97	UP	at	527382  
529894	[1474]	:	Key	98	DOWN	at	529894  
531586	[1692]	:	Key	98	UP	at	529999  
535031	[3445]	:	Key	71	DOWN	at	535031  
536074	[1043]	:	Key	71	UP	at	535168  
537063	[989]	:	Key	98	DOWN	at	537063  
538201	[1138]	:	Key	98	UP	at	537214  
539750	[1549]	:	Key	98	DOWN	at	539750  
540877	[1127]	:	Key	98	UP	at	539838  
542183	[1306]	:	Key	97	DOWN	at	542183  
543309	[1126]	:	Key	97	UP	at	542286  
544523	[1214]	:	Key	98	DOWN	at	544523  
545629	[1106]	:	Key	98	UP	at	544575  
547302	[1673]	:	Key	97	DOWN	at	547302  
548433	[1131]	:	Key	97	UP	at	547398  
549839	[1406]	:	Key	97	DOWN	at	549839  
550963	[1124]	:	Key	97	UP	at	549935  
552055	[1092]	:	Key	98	DOWN	at	552055  
553173	[1118]	:	Key	98	UP	at	552143  
554407	[1234]	:	Key	98	DOWN	at	554407  
555610	[1203]	:	Key	98	UP	at	554504  
565359	[9749]	:	Key	71	DOWN	at	565359  
565682	[323]	:	Key	71	UP	at	565456  
604561	[38879]	:	Key	97	DOWN	at	604561  
604666	[105]	:	Key	97	UP	at	604615  
617230	[12564]	:	Key	97	DOWN	at	617230  
617322	[92]	:	Key	97	UP	at	617302  
652679	[35357]	:	Key	98	DOWN	at	652679  
652807	[128]	:	Key	98	UP	at	652807  
653959	[1152]	:	Key	97	DOWN	at	653959  
654055	[96]	:	Key	97	UP	at	654055  
654496	[441]	:	Key	97	DOWN	at	654496  
654629	[133]	:	Key	97	UP	at	654575  
668142	[13513]	:	Key	97	DOWN	at	668142  
668254	[112]	:	Key	97	UP	at	668222  
676335	[8081]	:	Key	97	DOWN	at	676335  
676455	[120]	:	Key	97	UP	at	676455  
687303	[10848]	:	Key	97	DOWN	at	687303  
687412	[109]	:	Key	97	UP	at	687399  
693303	[5891]	:	Key	97	DOWN	at	693303  
693426	[123]	:	Key	97	UP	at	693383  
702279	[8853]	:	Key	97	DOWN	at	702279  
702390	[111]	:	Key	97	UP	at	702390  
707655	[5265]	:	Key	97	DOWN	at	707655  
707751	[96]	:	Key	97	UP	at	707751  
713696	[5945]	:	Key	97	DOWN	at	713696  
713811	[115]	:	Key	97	UP	at	713807  
716199	[2388]	:	Key	97	DOWN	at	716199  
716296	[97]	:	Key	97	UP	at	716286  
724622	[8326]	:	Key	97	DOWN	at	724622  
724715	[93]	:	Key	97	UP	at	724623  
734975	[10260]	:	Key	97	DOWN	at	734975  
735070	[95]	:	Key	97	UP	at	735070  
740679	[5609]	:	Key	97	DOWN	at	740679  
740789	[110]	:	Key	97	UP	at	740767  
747079	[6290]	:	Key	97	DOWN	at	747079  
747206	[127]	:	Key	97	UP	at	747167  
751751	[4545]	:	Key	97	DOWN	at	751751  
751878	[127]	:	Key	97	UP	at	751878  
762648	[10770]	:	Key	97	DOWN	at	762648  
762775	[127]	:	Key	97	UP	at	762759  
770303	[7528]	:	Key	97	DOWN	at	770303  
770416	[113]	:	Key	97	UP	at	770367  
777871	[7455]	:	Key	97	DOWN	at	777871  
777962	[91]	:	Key	97	UP	at	777951  
781919	[3957]	:	Key	97	DOWN	at	781919  
782919	[1000]	:	Key	97	UP	at	782032  
786959	[4040]	:	Key	71	DOWN	at	786959  
787272	[313]	:	Key	71	UP	at	787032  
788350	[1078]	:	Key	71	DOWN	at	788350  
865343	[76993]	:	Key	71	DOWN	at	865343  
865512	[169]	:	Key	71	UP	at	865512  
866128	[616]	:	Key	71	DOWN	at	866128  
1407408	[541280]	:	Key	97	DOWN	at	1407408 
1408408	[1000]	:	Key	97	UP	at	1407569 
1411592	[3184]	:	Key	71	DOWN	at	1411592 
1931520	[519928]	:	Key	97	DOWN	at	1931520 
1932520	[1000]	:	Key	97	UP	at	1931649 
1933936	[1416]	:	Key	71	DOWN	at	1933936 
2440297	[506361]	:	Key	71	DOWN	at	2440297 
2440465	[168]	:	Key	71	UP	at	2440465 
2441257	[792]	:	Key	97	DOWN	at	2441257 
2442257	[1000]	:	Key	97	UP	at	2441337 
2443056	[799]	:	Key	71	DOWN	at	2443056 
2951929	[508873]	:	Key	97	DOWN	at	2951929 
2952929	[1000]	:	Key	97	UP	at	2952041 
2955368	[2439]	:	Key	71	DOWN	at	2955368 
4119602	[1164234]	:	Key	71	DOWN	at	4119602 
4120060	[458]	:	Key	71	UP	at	4119698 
4120220	[160]	:	COGENT STOP
