Cog2000 log file Tue Jan 26 10:50:34 2021
gprim v1.33 Compiled:Aug 12 2015 (GLib DirectDraw v7 DX10.0 Compiled:Aug 12 2015)
Display:1024x768x32 60.02Hz
Attaching E:\saharrajabi\final mbmf+drug task\cogent2000v1.33\toolbox\CogInput.mexw64
CogInput v1.05 Compiled: May 20 2010
4	[4]	:	COGENT START
42919	[42915]	:	Key	98	DOWN	at	42918   
43095	[176]	:	Key	98	UP	at	43094   
45919	[2824]	:	Key	59	DOWN	at	45919   
45999	[80]	:	Key	59	UP	at	45999   
47583	[1584]	:	Key	98	DOWN	at	47583   
47799	[216]	:	Key	98	UP	at	47799   
48095	[296]	:	Key	97	DOWN	at	48095   
48239	[144]	:	Key	97	UP	at	48239   
49119	[880]	:	Key	98	DOWN	at	49119   
49295	[176]	:	Key	98	UP	at	49295   
50414	[1119]	:	Key	98	DOWN	at	50414   
50599	[185]	:	Key	98	UP	at	50599   
50839	[240]	:	Key	97	DOWN	at	50839   
51031	[192]	:	Key	97	UP	at	51031   
65966	[14935]	:	Key	97	DOWN	at	65966   
66135	[169]	:	Key	97	UP	at	66135   
84782	[18647]	:	Key	97	DOWN	at	84782   
85782	[1000]	:	Key	97	UP	at	84943   
100591	[14809]	:	Key	71	DOWN	at	100591  
100826	[235]	:	Key	71	UP	at	100750  
104911	[4085]	:	Key	71	DOWN	at	104911  
108300	[3389]	:	Key	71	UP	at	105079  
111254	[2954]	:	Key	71	DOWN	at	111254  
114560	[3306]	:	Key	71	UP	at	111383  
117175	[2615]	:	Key	71	DOWN	at	117175  
120476	[3301]	:	Key	71	UP	at	117320  
121919	[1443]	:	Key	71	DOWN	at	121919  
125220	[3301]	:	Key	71	UP	at	122063  
128119	[2899]	:	Key	71	DOWN	at	128119  
128119	[0]	:	Key	71	UP	at	128119  
134127	[6008]	:	Key	71	DOWN	at	134127  
137429	[3302]	:	Key	71	UP	at	134256  
138463	[1034]	:	Key	71	DOWN	at	138463  
141764	[3301]	:	Key	71	UP	at	138638  
143326	[1562]	:	Key	71	DOWN	at	143326  
146628	[3302]	:	Key	71	UP	at	143471  
147758	[1130]	:	Key	71	DOWN	at	147758  
151059	[3301]	:	Key	71	UP	at	147909  
152663	[1604]	:	Key	71	DOWN	at	152663  
155952	[3289]	:	Key	71	UP	at	152792  
158126	[2174]	:	Key	71	DOWN	at	158126  
158128	[2]	:	Key	71	UP	at	158127  
162726	[4598]	:	Key	71	DOWN	at	162726  
166026	[3300]	:	Key	71	UP	at	162895  
167143	[1117]	:	Key	71	DOWN	at	167143  
170445	[3302]	:	Key	71	UP	at	167272  
171391	[946]	:	Key	71	DOWN	at	171391  
174693	[3302]	:	Key	71	UP	at	171535  
176143	[1450]	:	Key	71	DOWN	at	176143  
179432	[3289]	:	Key	71	UP	at	176263  
179927	[495]	:	Key	71	DOWN	at	179927  
183216	[3289]	:	Key	71	UP	at	180071  
183558	[342]	:	Key	71	DOWN	at	183558  
186854	[3296]	:	Key	71	UP	at	183680  
188141	[1287]	:	Key	71	DOWN	at	188141  
188143	[2]	:	Key	71	UP	at	188142  
192223	[4080]	:	Key	71	DOWN	at	192223  
195505	[3282]	:	Key	71	UP	at	192383  
196006	[501]	:	Key	71	DOWN	at	196006  
199295	[3289]	:	Key	71	UP	at	196151  
199854	[559]	:	Key	71	DOWN	at	199854  
203155	[3301]	:	Key	71	UP	at	200007  
203951	[796]	:	Key	71	DOWN	at	203951  
207252	[3301]	:	Key	71	UP	at	204094  
207919	[667]	:	Key	71	DOWN	at	207919  
211221	[3302]	:	Key	71	UP	at	208087  
211598	[377]	:	Key	71	DOWN	at	211598  
214899	[3301]	:	Key	71	UP	at	211751  
215790	[891]	:	Key	71	DOWN	at	215790  
219091	[3301]	:	Key	71	UP	at	215927  
219511	[420]	:	Key	71	DOWN	at	219511  
222800	[3289]	:	Key	71	UP	at	219672  
223527	[727]	:	Key	71	DOWN	at	223527  
226827	[3300]	:	Key	71	UP	at	223671  
227159	[332]	:	Key	71	DOWN	at	227159  
230461	[3302]	:	Key	71	UP	at	227271  
230775	[314]	:	Key	71	DOWN	at	230775  
234076	[3301]	:	Key	71	UP	at	230863  
234702	[626]	:	Key	71	DOWN	at	234702  
238003	[3301]	:	Key	71	UP	at	234855  
238966	[963]	:	Key	71	DOWN	at	238966  
242266	[3300]	:	Key	71	UP	at	239080  
242671	[405]	:	Key	71	DOWN	at	242671  
245972	[3301]	:	Key	71	UP	at	242807  
246583	[611]	:	Key	71	DOWN	at	246583  
249885	[3302]	:	Key	71	UP	at	246695  
250518	[633]	:	Key	71	DOWN	at	250518  
253816	[3298]	:	Key	71	UP	at	250615  
254391	[575]	:	Key	71	DOWN	at	254391  
257680	[3289]	:	Key	71	UP	at	254520  
258454	[774]	:	Key	71	DOWN	at	258454  
261755	[3301]	:	Key	71	UP	at	258606  
263177	[1422]	:	Key	71	DOWN	at	263177  
263179	[2]	:	Key	71	UP	at	263178  
267198	[4019]	:	Key	71	DOWN	at	267198  
270501	[3303]	:	Key	71	UP	at	267343  
271006	[505]	:	Key	71	DOWN	at	271006  
274308	[3302]	:	Key	71	UP	at	271136  
274991	[683]	:	Key	71	DOWN	at	274991  
278281	[3290]	:	Key	71	UP	at	275112  
278703	[422]	:	Key	71	DOWN	at	278703  
281992	[3289]	:	Key	71	UP	at	278839  
282382	[390]	:	Key	71	DOWN	at	282382  
285678	[3296]	:	Key	71	UP	at	282519  
286030	[352]	:	Key	71	DOWN	at	286030  
289319	[3289]	:	Key	71	UP	at	286135  
289671	[352]	:	Key	71	DOWN	at	289671  
292962	[3291]	:	Key	71	UP	at	289792  
293583	[621]	:	Key	71	DOWN	at	293583  
296874	[3291]	:	Key	71	UP	at	293704  
297367	[493]	:	Key	71	DOWN	at	297367  
300667	[3300]	:	Key	71	UP	at	297495  
301151	[484]	:	Key	71	DOWN	at	301151  
304440	[3289]	:	Key	71	UP	at	301271  
304798	[358]	:	Key	71	DOWN	at	304798  
308764	[3966]	:	Key	71	UP	at	304935  
328031	[19267]	:	Key	71	DOWN	at	328031  
329078	[1047]	:	Key	71	UP	at	328168  
330942	[1864]	:	Key	97	DOWN	at	330942  
332073	[1131]	:	Key	97	UP	at	331070  
333078	[1005]	:	Key	98	DOWN	at	333078  
334197	[1119]	:	Key	98	UP	at	333198  
335367	[1170]	:	Key	97	DOWN	at	335367  
336493	[1126]	:	Key	97	UP	at	335494  
338204	[1711]	:	Key	97	DOWN	at	338204  
339333	[1129]	:	Key	97	UP	at	338206  
341863	[2530]	:	Key	97	DOWN	at	341863  
342991	[1128]	:	Key	97	UP	at	341959  
343863	[872]	:	Key	97	DOWN	at	343863  
344995	[1132]	:	Key	97	UP	at	343935  
346039	[1044]	:	Key	98	DOWN	at	346039  
347162	[1123]	:	Key	98	UP	at	346184  
348095	[933]	:	Key	97	DOWN	at	348095  
349815	[1720]	:	Key	97	UP	at	348198  
374230	[24415]	:	Key	71	DOWN	at	374230  
375275	[1045]	:	Key	71	UP	at	374351  
376527	[1252]	:	Key	97	DOWN	at	376527  
377643	[1116]	:	Key	97	UP	at	376648  
378535	[892]	:	Key	97	DOWN	at	378535  
379656	[1121]	:	Key	97	UP	at	378639  
381151	[1495]	:	Key	98	DOWN	at	381151  
382256	[1105]	:	Key	98	UP	at	381246  
383623	[1367]	:	Key	98	DOWN	at	383623  
384749	[1126]	:	Key	98	UP	at	383655  
385863	[1114]	:	Key	97	DOWN	at	385863  
386996	[1133]	:	Key	97	UP	at	385942  
388255	[1259]	:	Key	97	DOWN	at	388255  
389384	[1129]	:	Key	97	UP	at	388358  
391758	[2374]	:	Key	97	DOWN	at	391758  
392883	[1125]	:	Key	97	UP	at	391838  
394063	[1180]	:	Key	97	DOWN	at	394063  
395289	[1226]	:	Key	97	UP	at	394111  
398243	[2954]	:	Key	71	DOWN	at	398243  
398616	[373]	:	Key	71	UP	at	398244  
454142	[55526]	:	Key	97	DOWN	at	454142  
454243	[101]	:	Key	97	UP	at	454230  
464167	[9924]	:	Key	97	DOWN	at	464167  
464263	[96]	:	Key	97	UP	at	464263  
492798	[28535]	:	Key	71	DOWN	at	492798  
492934	[136]	:	Key	71	UP	at	492934  
494710	[1776]	:	Key	97	DOWN	at	494710  
494838	[128]	:	Key	97	UP	at	494838  
507110	[12272]	:	Key	98	DOWN	at	507110  
507271	[161]	:	Key	98	UP	at	507271  
508007	[736]	:	Key	98	DOWN	at	508007  
508167	[160]	:	Key	98	UP	at	508167  
511175	[3008]	:	Key	97	DOWN	at	511175  
511286	[111]	:	Key	97	UP	at	511286  
521095	[9809]	:	Key	97	DOWN	at	521095  
521207	[112]	:	Key	97	UP	at	521207  
523366	[2159]	:	Key	97	DOWN	at	523366  
523501	[135]	:	Key	97	UP	at	523501  
554159	[30658]	:	Key	97	DOWN	at	554159  
554271	[112]	:	Key	97	UP	at	554271  
576559	[22288]	:	Key	97	DOWN	at	576559  
576678	[119]	:	Key	97	UP	at	576678  
584006	[7328]	:	Key	97	DOWN	at	584006  
584126	[120]	:	Key	97	UP	at	584126  
604223	[20097]	:	Key	97	DOWN	at	604223  
604359	[136]	:	Key	97	UP	at	604359  
613974	[9615]	:	Key	97	DOWN	at	613974  
614078	[104]	:	Key	97	UP	at	614078  
630686	[16608]	:	Key	97	DOWN	at	630686  
630855	[169]	:	Key	97	UP	at	630855  
643535	[12680]	:	Key	97	DOWN	at	643535  
643647	[112]	:	Key	97	UP	at	643647  
653894	[10247]	:	Key	97	DOWN	at	653894  
653998	[104]	:	Key	97	UP	at	653998  
684583	[30585]	:	Key	97	DOWN	at	684583  
684694	[111]	:	Key	97	UP	at	684694  
706662	[21968]	:	Key	97	DOWN	at	706662  
706766	[104]	:	Key	97	UP	at	706766  
720310	[13544]	:	Key	97	DOWN	at	720310  
720438	[128]	:	Key	97	UP	at	720438  
746055	[25617]	:	Key	97	DOWN	at	746055  
746135	[80]	:	Key	97	UP	at	746111  
768351	[22216]	:	Key	97	DOWN	at	768351  
768487	[136]	:	Key	97	UP	at	768487  
791919	[23432]	:	Key	97	DOWN	at	791919  
792054	[135]	:	Key	97	UP	at	792054  
801495	[9441]	:	Key	97	DOWN	at	801495  
801599	[104]	:	Key	97	UP	at	801599  
803892	[2293]	:	Key	98	DOWN	at	803892  
803973	[81]	:	Key	98	UP	at	803894  
803973	[0]	:	Key	98	DOWN	at	803935  
804079	[106]	:	Key	98	UP	at	804079  
806079	[2000]	:	Key	97	DOWN	at	806079  
806223	[144]	:	Key	97	UP	at	806223  
810175	[3952]	:	Key	97	DOWN	at	810175  
811175	[1000]	:	Key	97	UP	at	810295  
816311	[5136]	:	Key	71	DOWN	at	816311  
816620	[309]	:	Key	71	UP	at	816480  
818890	[2270]	:	Key	71	DOWN	at	818890  
818890	[0]	:	Key	71	UP	at	818890  
1033166	[214276]	:	Key	71	DOWN	at	1033166 
1033391	[225]	:	Key	71	UP	at	1033391 
1035671	[2280]	:	Key	71	DOWN	at	1035671 
1690216	[654545]	:	Key	97	DOWN	at	1690216 
1691216	[1000]	:	Key	97	UP	at	1690361 
1693088	[1872]	:	Key	71	DOWN	at	1693088 
2266505	[573417]	:	Key	97	DOWN	at	2266505 
2267505	[1000]	:	Key	97	UP	at	2266609 
2267598	[93]	:	Key	71	DOWN	at	2267520 
2267598	[0]	:	Key	71	UP	at	2267593 
2268424	[826]	:	Key	71	DOWN	at	2268424 
2820376	[551952]	:	Key	97	DOWN	at	2820376 
2821376	[1000]	:	Key	97	UP	at	2820465 
2823152	[1776]	:	Key	71	DOWN	at	2823152 
3367153	[544001]	:	Key	97	DOWN	at	3367153 
3368153	[1000]	:	Key	97	UP	at	3367314 
3370151	[1998]	:	Key	71	DOWN	at	3370151 
3370151	[0]	:	Key	71	UP	at	3370151 
4439874	[1069723]	:	Key	71	DOWN	at	4439874 
4440321	[447]	:	Key	71	UP	at	4439947 
4440399	[78]	:	COGENT STOP
