Cog2000 log file Tue Dec 08 23:27:49 2020
gprim v1.33 Compiled:Aug 12 2015 (GLib DirectDraw v7 DX12.0 Compiled:Aug 12 2015)
Display:1024x768x32 59.99Hz
Attaching C:\Sahar Rajabi\Final MBMF+Drug Task\Cogent2000v1.33\Toolbox\CogInput.mexw64
CogInput v1.05 Compiled: May 20 2010
5	[5]	:	COGENT START
32036	[32031]	:	Key	97	DOWN	at	32034   
32174	[138]	:	Key	97	UP	at	32171   
32452	[278]	:	Key	97	DOWN	at	32451   
32555	[103]	:	Key	97	UP	at	32555   
32803	[248]	:	Key	97	DOWN	at	32803   
33804	[1001]	:	Key	97	UP	at	32860   
33806	[2]	:	Key	97	DOWN	at	32988   
33807	[1]	:	Key	97	UP	at	33043   
42404	[8597]	:	Key	71	DOWN	at	42404   
42647	[243]	:	Key	71	UP	at	42531   
45516	[2869]	:	Key	71	DOWN	at	45516   
48947	[3431]	:	Key	71	UP	at	45684   
50860	[1913]	:	Key	71	DOWN	at	50860   
54177	[3317]	:	Key	71	UP	at	51091   
57610	[3433]	:	Key	71	DOWN	at	57610   
60921	[3311]	:	Key	71	UP	at	57803   
66316	[5395]	:	Key	71	DOWN	at	66315   
69627	[3311]	:	Key	71	UP	at	66507   
73259	[3632]	:	Key	71	DOWN	at	73259   
76565	[3306]	:	Key	71	UP	at	73587   
81412	[4847]	:	Key	71	DOWN	at	81412   
84725	[3313]	:	Key	71	UP	at	81764   
87324	[2599]	:	Key	71	DOWN	at	87323   
90631	[3307]	:	Key	71	UP	at	87827   
93389	[2758]	:	Key	71	DOWN	at	93387   
96697	[3308]	:	Key	71	UP	at	93531   
101939	[5242]	:	Key	71	DOWN	at	101939  
105246	[3307]	:	Key	71	UP	at	102356  
107892	[2646]	:	Key	71	DOWN	at	107891  
111201	[3309]	:	Key	71	UP	at	108139  
116763	[5562]	:	Key	71	DOWN	at	116763  
120073	[3310]	:	Key	71	UP	at	117108  
124316	[4243]	:	Key	71	DOWN	at	124316  
127627	[3311]	:	Key	71	UP	at	124852  
129083	[1456]	:	Key	71	DOWN	at	129083  
132389	[3306]	:	Key	71	UP	at	129332  
133443	[1054]	:	Key	71	DOWN	at	133443  
136755	[3312]	:	Key	71	UP	at	133587  
143115	[6360]	:	Key	71	DOWN	at	143115  
146423	[3308]	:	Key	71	UP	at	143604  
147821	[1398]	:	Key	71	DOWN	at	147820  
151130	[3309]	:	Key	71	UP	at	148131  
151917	[787]	:	Key	71	DOWN	at	151916  
155223	[3306]	:	Key	71	UP	at	152155  
160924	[5701]	:	Key	71	DOWN	at	160924  
164234	[3310]	:	Key	71	UP	at	161348  
168356	[4122]	:	Key	71	DOWN	at	168355  
171665	[3309]	:	Key	71	UP	at	168684  
173660	[1995]	:	Key	71	DOWN	at	173659  
176968	[3308]	:	Key	71	UP	at	173844  
185221	[8253]	:	Key	71	DOWN	at	185220  
188535	[3314]	:	Key	71	UP	at	185668  
192292	[3757]	:	Key	71	DOWN	at	192291  
195605	[3313]	:	Key	71	UP	at	192500  
197660	[2055]	:	Key	71	DOWN	at	197660  
200966	[3306]	:	Key	71	UP	at	198027  
201587	[621]	:	Key	71	DOWN	at	201587  
204898	[3311]	:	Key	71	UP	at	201803  
205428	[530]	:	Key	71	DOWN	at	205428  
208737	[3309]	:	Key	71	UP	at	205668  
210885	[2148]	:	Key	71	DOWN	at	210884  
214194	[3309]	:	Key	71	UP	at	211940  
215828	[1634]	:	Key	71	DOWN	at	215828  
219137	[3309]	:	Key	71	UP	at	216107  
223509	[4372]	:	Key	71	DOWN	at	223508  
226818	[3309]	:	Key	71	UP	at	223868  
232356	[5538]	:	Key	71	DOWN	at	232356  
235663	[3307]	:	Key	71	UP	at	232787  
236364	[701]	:	Key	71	DOWN	at	236363  
239672	[3308]	:	Key	71	UP	at	236540  
241540	[1868]	:	Key	71	DOWN	at	241540  
244847	[3307]	:	Key	71	UP	at	241788  
247789	[2942]	:	Key	71	DOWN	at	247788  
251095	[3306]	:	Key	71	UP	at	248028  
254091	[2996]	:	Key	71	DOWN	at	254091  
257398	[3307]	:	Key	71	UP	at	254540  
264389	[6991]	:	Key	71	DOWN	at	264388  
267701	[3312]	:	Key	71	UP	at	264691  
268779	[1078]	:	Key	71	DOWN	at	268779  
272086	[3307]	:	Key	71	UP	at	269004  
279636	[7550]	:	Key	71	DOWN	at	279636  
282944	[3308]	:	Key	71	UP	at	279899  
288157	[5213]	:	Key	71	DOWN	at	288156  
291464	[3307]	:	Key	71	UP	at	288340  
292069	[605]	:	Key	71	DOWN	at	292068  
295382	[3313]	:	Key	71	UP	at	292268  
296147	[765]	:	Key	71	DOWN	at	296147  
299454	[3307]	:	Key	71	UP	at	296371  
300931	[1477]	:	Key	71	DOWN	at	300931  
304242	[3311]	:	Key	71	UP	at	301189  
305116	[874]	:	Key	71	DOWN	at	305115  
308424	[3308]	:	Key	71	UP	at	305452  
310789	[2365]	:	Key	71	DOWN	at	310788  
314097	[3308]	:	Key	71	UP	at	311268  
315205	[1108]	:	Key	71	DOWN	at	315204  
318516	[3311]	:	Key	71	UP	at	315580  
320299	[1783]	:	Key	71	DOWN	at	320299  
323606	[3307]	:	Key	71	UP	at	320612  
332948	[9342]	:	Key	71	DOWN	at	332948  
336260	[3312]	:	Key	71	UP	at	333196  
337635	[1375]	:	Key	71	DOWN	at	337635  
340944	[3309]	:	Key	71	UP	at	337788  
341588	[644]	:	Key	71	DOWN	at	341588  
344894	[3306]	:	Key	71	UP	at	341765  
346380	[1486]	:	Key	71	DOWN	at	346380  
350342	[3962]	:	Key	71	UP	at	346668  
358716	[8374]	:	Key	71	DOWN	at	358715  
359774	[1058]	:	Key	71	UP	at	358963  
364419	[4645]	:	Key	97	DOWN	at	364419  
365540	[1121]	:	Key	97	UP	at	364515  
366845	[1305]	:	Key	97	DOWN	at	366844  
367961	[1116]	:	Key	97	UP	at	367019  
369291	[1330]	:	Key	97	DOWN	at	369291  
370427	[1136]	:	Key	97	UP	at	369428  
373333	[2906]	:	Key	98	DOWN	at	373332  
374442	[1109]	:	Key	98	UP	at	373508  
375739	[1297]	:	Key	97	DOWN	at	375739  
376844	[1105]	:	Key	97	UP	at	375916  
379086	[2242]	:	Key	97	DOWN	at	379085  
380203	[1117]	:	Key	97	UP	at	379235  
381844	[1641]	:	Key	97	DOWN	at	381844  
382965	[1121]	:	Key	97	UP	at	382020  
383974	[1009]	:	Key	98	DOWN	at	383972  
385651	[1677]	:	Key	98	UP	at	384156  
387836	[2185]	:	Key	71	DOWN	at	387835  
388879	[1043]	:	Key	71	UP	at	387867  
388880	[1]	:	Key	71	DOWN	at	388587  
388880	[0]	:	Key	71	UP	at	388764  
392059	[3179]	:	Key	97	DOWN	at	392059  
393191	[1132]	:	Key	97	UP	at	392228  
395292	[2101]	:	Key	97	DOWN	at	395292  
396402	[1110]	:	Key	97	UP	at	395451  
397933	[1531]	:	Key	98	DOWN	at	397932  
399042	[1109]	:	Key	98	UP	at	398075  
401939	[2897]	:	Key	97	DOWN	at	401939  
403047	[1108]	:	Key	97	UP	at	402108  
404252	[1205]	:	Key	98	DOWN	at	404252  
405376	[1124]	:	Key	98	UP	at	404461  
406373	[997]	:	Key	98	DOWN	at	406373  
407482	[1109]	:	Key	98	UP	at	406539  
412604	[5122]	:	Key	97	DOWN	at	412604  
413716	[1112]	:	Key	97	UP	at	412804  
415203	[1487]	:	Key	97	DOWN	at	415203  
416378	[1175]	:	Key	97	UP	at	415315  
421580	[5202]	:	Key	71	DOWN	at	421579  
421906	[326]	:	Key	71	UP	at	421773  
423565	[1659]	:	Key	71	DOWN	at	423564  
423708	[143]	:	Key	71	UP	at	423707  
438364	[14656]	:	Key	71	DOWN	at	438364  
441676	[3312]	:	Key	71	UP	at	438509  
449061	[7385]	:	Key	71	DOWN	at	449060  
452367	[3306]	:	Key	71	UP	at	449259  
454589	[2222]	:	Key	71	DOWN	at	454588  
457899	[3310]	:	Key	71	UP	at	454940  
460948	[3049]	:	Key	71	DOWN	at	460948  
464256	[3308]	:	Key	71	UP	at	461203  
465708	[1452]	:	Key	71	DOWN	at	465707  
469016	[3308]	:	Key	71	UP	at	466172  
472613	[3597]	:	Key	71	DOWN	at	472613  
475922	[3309]	:	Key	71	UP	at	473004  
477156	[1234]	:	Key	71	DOWN	at	477156  
480465	[3309]	:	Key	71	UP	at	477531  
481660	[1195]	:	Key	71	DOWN	at	481660  
484961	[3301]	:	Key	71	UP	at	482132  
488131	[3170]	:	Key	71	DOWN	at	488131  
491444	[3313]	:	Key	71	UP	at	488892  
493196	[1752]	:	Key	71	DOWN	at	493196  
496505	[3309]	:	Key	71	UP	at	493508  
497677	[1172]	:	Key	71	DOWN	at	497677  
500985	[3308]	:	Key	71	UP	at	497940  
502388	[1403]	:	Key	71	DOWN	at	502388  
505689	[3301]	:	Key	71	UP	at	502668  
506709	[1020]	:	Key	71	DOWN	at	506708  
510021	[3312]	:	Key	71	UP	at	506996  
511028	[1007]	:	Key	71	DOWN	at	511028  
514331	[3303]	:	Key	71	UP	at	511308  
515077	[746]	:	Key	71	DOWN	at	515076  
518386	[3309]	:	Key	71	UP	at	515395  
519605	[1219]	:	Key	71	DOWN	at	519604  
523506	[3901]	:	Key	71	UP	at	520445  
524612	[1106]	:	Key	71	DOWN	at	524612  
525653	[1041]	:	Key	71	UP	at	524868  
526678	[1025]	:	Key	97	DOWN	at	526677  
527809	[1131]	:	Key	97	UP	at	526811  
528525	[716]	:	Key	98	DOWN	at	528525  
529634	[1109]	:	Key	98	UP	at	528627  
530622	[988]	:	Key	97	DOWN	at	530621  
531730	[1108]	:	Key	97	UP	at	530708  
532781	[1051]	:	Key	97	DOWN	at	532781  
533900	[1119]	:	Key	97	UP	at	532852  
535052	[1152]	:	Key	97	DOWN	at	535052  
536168	[1116]	:	Key	97	UP	at	535140  
536836	[668]	:	Key	97	DOWN	at	536835  
537943	[1107]	:	Key	97	UP	at	536916  
539157	[1214]	:	Key	97	DOWN	at	539157  
540290	[1133]	:	Key	97	UP	at	539269  
541725	[1435]	:	Key	98	DOWN	at	541724  
543392	[1667]	:	Key	98	UP	at	541788  
545508	[2116]	:	Key	71	DOWN	at	545507  
546555	[1047]	:	Key	71	UP	at	545709  
547701	[1146]	:	Key	98	DOWN	at	547700  
548804	[1103]	:	Key	98	UP	at	547788  
549972	[1168]	:	Key	97	DOWN	at	549971  
551082	[1110]	:	Key	97	UP	at	550044  
552300	[1218]	:	Key	97	DOWN	at	552300  
553428	[1128]	:	Key	97	UP	at	552380  
554381	[953]	:	Key	98	DOWN	at	554381  
555492	[1111]	:	Key	98	UP	at	554436  
556660	[1168]	:	Key	97	DOWN	at	556660  
557769	[1109]	:	Key	97	UP	at	556732  
558772	[1003]	:	Key	97	DOWN	at	558771  
559883	[1111]	:	Key	97	UP	at	558835  
560997	[1114]	:	Key	98	DOWN	at	560997  
562098	[1101]	:	Key	98	UP	at	561068  
562997	[899]	:	Key	97	DOWN	at	562996  
564158	[1161]	:	Key	97	UP	at	563101  
565212	[1054]	:	Key	71	DOWN	at	565211  
565526	[314]	:	Key	71	UP	at	565460  
567180	[1654]	:	Key	71	DOWN	at	567179  
567468	[288]	:	Key	71	UP	at	567467  
568493	[1025]	:	Key	97	DOWN	at	568493  
568636	[143]	:	Key	97	UP	at	568635  
569238	[602]	:	Key	97	DOWN	at	569237  
569326	[88]	:	Key	97	UP	at	569315  
569428	[102]	:	Key	97	DOWN	at	569427  
569508	[80]	:	Key	97	UP	at	569499  
569588	[80]	:	Key	97	DOWN	at	569588  
569678	[90]	:	Key	97	UP	at	569653  
569734	[56]	:	Key	97	DOWN	at	569733  
569809	[75]	:	Key	97	UP	at	569788  
569900	[91]	:	Key	97	DOWN	at	569899  
569966	[66]	:	Key	97	UP	at	569939  
570052	[86]	:	Key	97	DOWN	at	570052  
570140	[88]	:	Key	97	UP	at	570139  
570244	[104]	:	Key	97	DOWN	at	570244  
570340	[96]	:	Key	97	UP	at	570340  
570461	[121]	:	Key	97	DOWN	at	570460  
570538	[77]	:	Key	97	UP	at	570507  
570620	[82]	:	Key	97	DOWN	at	570620  
570697	[77]	:	Key	97	UP	at	570668  
570789	[92]	:	Key	97	DOWN	at	570789  
570866	[77]	:	Key	97	UP	at	570844  
571028	[162]	:	Key	97	DOWN	at	571027  
571108	[80]	:	Key	97	UP	at	571076  
571198	[90]	:	Key	97	DOWN	at	571197  
571273	[75]	:	Key	97	UP	at	571228  
571334	[61]	:	Key	97	DOWN	at	571333  
571416	[82]	:	Key	97	UP	at	571372  
571452	[36]	:	Key	97	DOWN	at	571452  
571529	[77]	:	Key	97	UP	at	571508  
571781	[252]	:	Key	97	DOWN	at	571780  
571861	[80]	:	Key	97	UP	at	571819  
571947	[86]	:	Key	97	DOWN	at	571947  
572036	[89]	:	Key	97	UP	at	571995  
572101	[65]	:	Key	97	DOWN	at	572100  
572182	[81]	:	Key	97	UP	at	572132  
572277	[95]	:	Key	97	DOWN	at	572276  
572358	[81]	:	Key	97	UP	at	572315  
573028	[670]	:	Key	98	DOWN	at	573027  
573107	[79]	:	Key	98	UP	at	573076  
573213	[106]	:	Key	98	DOWN	at	573212  
573286	[73]	:	Key	98	UP	at	573251  
573389	[103]	:	Key	98	DOWN	at	573388  
573517	[128]	:	Key	98	UP	at	573517  
573636	[119]	:	Key	97	DOWN	at	573635  
573717	[81]	:	Key	97	UP	at	573716  
573837	[120]	:	Key	98	DOWN	at	573836  
573925	[88]	:	Key	98	UP	at	573924  
574052	[127]	:	Key	98	DOWN	at	574051  
574132	[80]	:	Key	98	UP	at	574083  
574228	[96]	:	Key	98	DOWN	at	574228  
574304	[76]	:	Key	98	UP	at	574244  
574508	[204]	:	Key	98	DOWN	at	574507  
574583	[75]	:	Key	98	UP	at	574555  
575238	[655]	:	Key	98	DOWN	at	575237  
575312	[74]	:	Key	98	UP	at	575300  
576388	[1076]	:	Key	97	DOWN	at	576388  
576464	[76]	:	Key	97	UP	at	576460  
576565	[101]	:	Key	97	DOWN	at	576565  
576653	[88]	:	Key	97	UP	at	576628  
576699	[46]	:	Key	97	DOWN	at	576699  
576789	[90]	:	Key	97	UP	at	576788  
576893	[104]	:	Key	97	DOWN	at	576893  
576968	[75]	:	Key	97	UP	at	576964  
577077	[109]	:	Key	97	DOWN	at	577076  
577153	[76]	:	Key	97	UP	at	577124  
577244	[91]	:	Key	97	DOWN	at	577244  
577317	[73]	:	Key	97	UP	at	577291  
577414	[97]	:	Key	97	DOWN	at	577413  
577485	[71]	:	Key	97	UP	at	577452  
577572	[87]	:	Key	97	DOWN	at	577571  
578571	[999]	:	Key	97	UP	at	577612  
578573	[2]	:	Key	97	DOWN	at	577859  
578574	[1]	:	Key	97	UP	at	577907  
578575	[1]	:	Key	97	DOWN	at	578036  
578576	[1]	:	Key	97	UP	at	578076  
578577	[1]	:	Key	97	DOWN	at	578212  
578578	[1]	:	Key	97	UP	at	578228  
578772	[194]	:	Key	97	DOWN	at	578772  
578837	[65]	:	Key	97	UP	at	578836  
579285	[448]	:	Key	97	DOWN	at	579283  
579333	[48]	:	Key	97	UP	at	579332  
579484	[151]	:	Key	97	DOWN	at	579484  
579598	[114]	:	Key	97	UP	at	579597  
580285	[687]	:	Key	97	DOWN	at	580284  
580382	[97]	:	Key	97	UP	at	580381  
580476	[94]	:	Key	97	DOWN	at	580475  
580572	[96]	:	Key	97	UP	at	580571  
580637	[65]	:	Key	97	DOWN	at	580636  
580726	[89]	:	Key	97	UP	at	580725  
580852	[126]	:	Key	97	DOWN	at	580851  
580925	[73]	:	Key	97	UP	at	580924  
580988	[63]	:	Key	71	DOWN	at	580988  
581287	[299]	:	Key	71	UP	at	581141  
582516	[1229]	:	Key	71	DOWN	at	582516  
670781	[88265]	:	Key	90	DOWN	at	670780  
670861	[80]	:	Key	90	UP	at	670860  
673828	[2967]	:	Key	71	DOWN	at	673828  
673933	[105]	:	Key	71	UP	at	673932  
674812	[879]	:	Key	71	DOWN	at	674812  
1217069	[542257]	:	Key	97	DOWN	at	1217068 
1218070	[1001]	:	Key	97	UP	at	1217172 
1235286	[17216]	:	Key	71	DOWN	at	1235285 
1772598	[537312]	:	Key	71	DOWN	at	1772597 
1772702	[104]	:	Key	71	UP	at	1772702 
1773813	[1111]	:	Key	97	DOWN	at	1773813 
1773958	[145]	:	Key	97	UP	at	1773958 
1774173	[215]	:	Key	97	DOWN	at	1774173 
1774356	[183]	:	Key	97	UP	at	1774356 
1774405	[49]	:	Key	98	DOWN	at	1774405 
1774501	[96]	:	Key	100	DOWN	at	1774501 
1774534	[33]	:	Key	97	DOWN	at	1774533 
1774613	[79]	:	Key	98	UP	at	1774613 
1774718	[105]	:	Key	100	UP	at	1774718 
1774719	[1]	:	Key	97	UP	at	1774718 
1783741	[9022]	:	Key	71	DOWN	at	1783740 
1783870	[129]	:	Key	71	UP	at	1783869 
1784470	[600]	:	Key	97	DOWN	at	1784468 
1785469	[999]	:	Key	97	UP	at	1784589 
1785471	[2]	:	Key	97	DOWN	at	1785069 
1785472	[1]	:	Key	97	UP	at	1785126 
1785473	[1]	:	Key	97	DOWN	at	1785309 
1785474	[1]	:	Key	97	UP	at	1785405 
1789093	[3619]	:	Key	71	DOWN	at	1789093 
2349951	[560858]	:	Key	97	DOWN	at	2349950 
2350950	[999]	:	Key	97	UP	at	2350063 
2350952	[2]	:	Key	97	DOWN	at	2350190 
2350953	[1]	:	Key	97	UP	at	2350262 
2350954	[1]	:	Key	97	DOWN	at	2350678 
2350955	[1]	:	Key	97	UP	at	2350750 
2350956	[1]	:	Key	97	DOWN	at	2350902 
2351051	[95]	:	Key	97	UP	at	2351006 
2355885	[4834]	:	Key	71	DOWN	at	2355885 
2941703	[585818]	:	Key	97	DOWN	at	2941702 
2942702	[999]	:	Key	97	UP	at	2941855 
2944334	[1632]	:	Key	71	DOWN	at	2944334 
3955024	[1010690]	:	Key	71	DOWN	at	3955023 
3955048	[24]	:	COGENT STOP
