Cog2000 log file Wed Dec 02 10:08:55 2020
gprim v1.33 Compiled:Aug 12 2015 (GLib DirectDraw v7 DX10.0 Compiled:Aug 12 2015)
Display:1024x768x32 59.99Hz
Attaching E:\Sahar Rajabi\Final MBMF+Drug Task\Cogent2000v1.33\Toolbox\CogInput.mexw64
CogInput v1.05 Compiled: May 20 2010
6	[6]	:	COGENT START
135049	[135043]	:	Key	97	DOWN	at	135048  
135258	[209]	:	Key	97	UP	at	135257  
135600	[342]	:	Key	97	DOWN	at	135600  
135743	[143]	:	Key	97	UP	at	135743  
141232	[5489]	:	Key	97	DOWN	at	141232  
142232	[1000]	:	Key	97	UP	at	141345  
142792	[560]	:	Key	97	DOWN	at	142792  
142952	[160]	:	Key	97	UP	at	142952  
147540	[4588]	:	Key	97	DOWN	at	147540  
147679	[139]	:	Key	97	UP	at	147679  
148743	[1064]	:	Key	71	DOWN	at	148743  
148883	[140]	:	Key	71	UP	at	148831  
154808	[5925]	:	Key	71	DOWN	at	154808  
158216	[3408]	:	Key	71	UP	at	154937  
166511	[8295]	:	Key	71	DOWN	at	166511  
169817	[3306]	:	Key	71	UP	at	166672  
171111	[1294]	:	Key	71	DOWN	at	171111  
174398	[3287]	:	Key	71	UP	at	171273  
179064	[4666]	:	Key	71	DOWN	at	179064  
182353	[3289]	:	Key	71	UP	at	179209  
185400	[3047]	:	Key	71	DOWN	at	185400  
188702	[3302]	:	Key	71	UP	at	185561  
191464	[2762]	:	Key	71	DOWN	at	191464  
194764	[3300]	:	Key	71	UP	at	191640  
200711	[5947]	:	Key	71	DOWN	at	200711  
204012	[3301]	:	Key	71	UP	at	201168  
208288	[4276]	:	Key	71	DOWN	at	208288  
211585	[3297]	:	Key	71	UP	at	208431  
215048	[3463]	:	Key	71	DOWN	at	215048  
218348	[3300]	:	Key	71	UP	at	215217  
221824	[3476]	:	Key	71	DOWN	at	221824  
225123	[3299]	:	Key	71	UP	at	222041  
232335	[7212]	:	Key	71	DOWN	at	232335  
235616	[3281]	:	Key	71	UP	at	232488  
239208	[3592]	:	Key	71	DOWN	at	239208  
242487	[3279]	:	Key	71	UP	at	239321  
243462	[975]	:	Key	71	DOWN	at	243462  
246735	[3273]	:	Key	71	UP	at	243575  
247584	[849]	:	Key	71	DOWN	at	247584  
250872	[3288]	:	Key	71	UP	at	247737  
257834	[6962]	:	Key	71	DOWN	at	257834  
261119	[3285]	:	Key	71	UP	at	257855  
265671	[4552]	:	Key	71	DOWN	at	265671  
268940	[3269]	:	Key	71	UP	at	265832  
269647	[707]	:	Key	71	DOWN	at	269647  
272929	[3282]	:	Key	71	UP	at	269823  
274528	[1599]	:	Key	71	DOWN	at	274528  
277794	[3266]	:	Key	71	UP	at	274680  
288481	[10687]	:	Key	71	DOWN	at	288481  
288481	[0]	:	Key	71	UP	at	288481  
318004	[29523]	:	Key	71	DOWN	at	318003  
321302	[3298]	:	Key	71	UP	at	318023  
322767	[1465]	:	Key	71	DOWN	at	322767  
326069	[3302]	:	Key	71	UP	at	322880  
330512	[4443]	:	Key	71	DOWN	at	330512  
333800	[3288]	:	Key	71	UP	at	330657  
337040	[3240]	:	Key	71	DOWN	at	337040  
340333	[3293]	:	Key	71	UP	at	337185  
341039	[706]	:	Key	71	DOWN	at	341039  
344327	[3288]	:	Key	71	UP	at	341240  
345088	[761]	:	Key	71	DOWN	at	345088  
348377	[3289]	:	Key	71	UP	at	345225  
350976	[2599]	:	Key	71	DOWN	at	350976  
354263	[3287]	:	Key	71	UP	at	351137  
355208	[945]	:	Key	71	DOWN	at	355208  
358508	[3300]	:	Key	71	UP	at	355408  
360272	[1764]	:	Key	71	DOWN	at	360272  
363559	[3287]	:	Key	71	UP	at	360433  
365160	[1601]	:	Key	71	DOWN	at	365160  
368455	[3295]	:	Key	71	UP	at	365312  
369048	[593]	:	Key	71	DOWN	at	369048  
372344	[3296]	:	Key	71	UP	at	369225  
372976	[632]	:	Key	71	DOWN	at	372976  
376266	[3290]	:	Key	71	UP	at	373177  
378656	[2390]	:	Key	71	DOWN	at	378656  
381951	[3295]	:	Key	71	UP	at	378857  
382648	[697]	:	Key	71	DOWN	at	382648  
385927	[3279]	:	Key	71	UP	at	382825  
387176	[1249]	:	Key	71	DOWN	at	387176  
390476	[3300]	:	Key	71	UP	at	387345  
391088	[612]	:	Key	71	DOWN	at	391088  
394371	[3283]	:	Key	71	UP	at	391273  
395856	[1485]	:	Key	71	DOWN	at	395856  
399143	[3287]	:	Key	71	UP	at	396065  
400199	[1056]	:	Key	71	DOWN	at	400199  
403493	[3294]	:	Key	71	UP	at	400385  
404264	[771]	:	Key	71	DOWN	at	404264  
407560	[3296]	:	Key	71	UP	at	404449  
408370	[810]	:	Key	71	DOWN	at	408370  
411670	[3300]	:	Key	71	UP	at	408390  
412864	[1194]	:	Key	71	DOWN	at	412864  
416164	[3300]	:	Key	71	UP	at	413049  
419064	[2900]	:	Key	71	DOWN	at	419064  
422356	[3292]	:	Key	71	UP	at	419273  
424088	[1732]	:	Key	71	DOWN	at	424088  
427377	[3289]	:	Key	71	UP	at	424273  
428328	[951]	:	Key	71	DOWN	at	428328  
431616	[3288]	:	Key	71	UP	at	428488  
432961	[1345]	:	Key	71	DOWN	at	432961  
436249	[3288]	:	Key	71	UP	at	433168  
448928	[12679]	:	Key	71	DOWN	at	448928  
452229	[3301]	:	Key	71	UP	at	449105  
453569	[1340]	:	Key	71	DOWN	at	453569  
453572	[3]	:	Key	71	UP	at	453571  
457464	[3892]	:	Key	71	DOWN	at	457464  
460759	[3295]	:	Key	71	UP	at	457641  
461759	[1000]	:	Key	71	DOWN	at	461759  
465759	[4000]	:	Key	71	UP	at	461937  
467859	[2100]	:	Key	71	DOWN	at	467859  
468908	[1049]	:	Key	71	UP	at	467879  
474656	[5748]	:	Key	97	DOWN	at	474656  
475800	[1144]	:	Key	97	UP	at	474847  
478207	[2407]	:	Key	98	DOWN	at	478207  
479355	[1148]	:	Key	98	UP	at	478575  
480326	[971]	:	Key	97	DOWN	at	480326  
481447	[1121]	:	Key	97	UP	at	480518  
482911	[1464]	:	Key	98	DOWN	at	482911  
484043	[1132]	:	Key	98	UP	at	483103  
485511	[1468]	:	Key	97	DOWN	at	485511  
486638	[1127]	:	Key	97	UP	at	485695  
488063	[1425]	:	Key	97	DOWN	at	488063  
489202	[1139]	:	Key	97	UP	at	488247  
490511	[1309]	:	Key	97	DOWN	at	490511  
491645	[1134]	:	Key	97	UP	at	490679  
493415	[1770]	:	Key	98	DOWN	at	493415  
495168	[1753]	:	Key	98	UP	at	493655  
496759	[1591]	:	Key	71	DOWN	at	496759  
497791	[1032]	:	Key	71	UP	at	496935  
499238	[1447]	:	Key	97	DOWN	at	499238  
500366	[1128]	:	Key	97	UP	at	499390  
501887	[1521]	:	Key	97	DOWN	at	501887  
502997	[1110]	:	Key	97	UP	at	502023  
504423	[1426]	:	Key	98	DOWN	at	504423  
505540	[1117]	:	Key	98	UP	at	504839  
507127	[1587]	:	Key	97	DOWN	at	507127  
508257	[1130]	:	Key	97	UP	at	507327  
509367	[1110]	:	Key	98	DOWN	at	509367  
510485	[1118]	:	Key	98	UP	at	509543  
511343	[858]	:	Key	98	DOWN	at	511343  
512465	[1122]	:	Key	98	UP	at	511543  
513479	[1014]	:	Key	97	DOWN	at	513479  
514592	[1113]	:	Key	97	UP	at	513599  
515655	[1063]	:	Key	97	DOWN	at	515655  
516913	[1258]	:	Key	97	UP	at	515799  
522623	[5710]	:	Key	71	DOWN	at	522623  
522961	[338]	:	Key	71	UP	at	522807  
524095	[1134]	:	Key	71	DOWN	at	524095  
524295	[200]	:	Key	71	UP	at	524295  
539231	[14936]	:	Key	71	DOWN	at	539231  
542525	[3294]	:	Key	71	UP	at	539407  
546351	[3826]	:	Key	71	DOWN	at	546351  
549649	[3298]	:	Key	71	UP	at	546511  
552855	[3206]	:	Key	71	DOWN	at	552855  
556156	[3301]	:	Key	71	UP	at	553015  
558103	[1947]	:	Key	71	DOWN	at	558103  
561403	[3300]	:	Key	71	UP	at	558343  
562191	[788]	:	Key	71	DOWN	at	562191  
565493	[3302]	:	Key	71	UP	at	562359  
607447	[41954]	:	Key	71	DOWN	at	607447  
610713	[3266]	:	Key	71	UP	at	607639  
612527	[1814]	:	Key	71	DOWN	at	612527  
615795	[3268]	:	Key	71	UP	at	612751  
616711	[916]	:	Key	71	DOWN	at	616711  
619990	[3279]	:	Key	71	UP	at	616895  
622655	[2665]	:	Key	71	DOWN	at	622655  
625952	[3297]	:	Key	71	UP	at	622927  
627911	[1959]	:	Key	71	DOWN	at	627911  
631210	[3299]	:	Key	71	UP	at	628087  
631783	[573]	:	Key	71	DOWN	at	631783  
635084	[3301]	:	Key	71	UP	at	631983  
636279	[1195]	:	Key	71	DOWN	at	636279  
639579	[3300]	:	Key	71	UP	at	636511  
642999	[3420]	:	Key	71	DOWN	at	642999  
646278	[3279]	:	Key	71	UP	at	643191  
646895	[617]	:	Key	71	DOWN	at	646895  
650182	[3287]	:	Key	71	UP	at	647063  
650639	[457]	:	Key	71	DOWN	at	650639  
653926	[3287]	:	Key	71	UP	at	650791  
655511	[1585]	:	Key	71	DOWN	at	655511  
659421	[3910]	:	Key	71	UP	at	655695  
662119	[2698]	:	Key	71	DOWN	at	662119  
663159	[1040]	:	Key	71	UP	at	662311  
664703	[1544]	:	Key	97	DOWN	at	664703  
665846	[1143]	:	Key	97	UP	at	664847  
666727	[881]	:	Key	98	DOWN	at	666727  
667867	[1140]	:	Key	98	UP	at	666911  
668711	[844]	:	Key	97	DOWN	at	668711  
669864	[1153]	:	Key	97	UP	at	668855  
671135	[1271]	:	Key	97	DOWN	at	671135  
672250	[1115]	:	Key	97	UP	at	671295  
673583	[1333]	:	Key	97	DOWN	at	673583  
674724	[1141]	:	Key	97	UP	at	673711  
676439	[1715]	:	Key	97	DOWN	at	676439  
677553	[1114]	:	Key	97	UP	at	676592  
678967	[1414]	:	Key	97	DOWN	at	678967  
680085	[1118]	:	Key	97	UP	at	679063  
680975	[890]	:	Key	98	DOWN	at	680975  
682652	[1677]	:	Key	98	UP	at	681119  
683311	[659]	:	Key	71	DOWN	at	683311  
684357	[1046]	:	Key	71	UP	at	683415  
685895	[1538]	:	Key	98	DOWN	at	685895  
687009	[1114]	:	Key	98	UP	at	686031  
688215	[1206]	:	Key	97	DOWN	at	688215  
689339	[1124]	:	Key	97	UP	at	688383  
690623	[1284]	:	Key	97	DOWN	at	690623  
691763	[1140]	:	Key	97	UP	at	690783  
692968	[1205]	:	Key	98	DOWN	at	692968  
694101	[1133]	:	Key	98	UP	at	693136  
695615	[1514]	:	Key	97	DOWN	at	695615  
696752	[1137]	:	Key	97	UP	at	695727  
697903	[1151]	:	Key	97	DOWN	at	697903  
699025	[1122]	:	Key	97	UP	at	698039  
700151	[1126]	:	Key	98	DOWN	at	700151  
701283	[1132]	:	Key	98	UP	at	700279  
702175	[892]	:	Key	97	DOWN	at	702175  
703388	[1213]	:	Key	97	UP	at	702303  
705151	[1763]	:	Key	71	DOWN	at	705151  
705468	[317]	:	Key	71	UP	at	705335  
707551	[2083]	:	Key	71	DOWN	at	707551  
707711	[160]	:	Key	71	UP	at	707711  
714319	[6608]	:	Key	71	DOWN	at	714319  
714527	[208]	:	Key	71	UP	at	714527  
782648	[68121]	:	Key	71	DOWN	at	782648  
782887	[239]	:	Key	71	UP	at	782887  
787575	[4688]	:	Key	97	DOWN	at	787575  
787741	[166]	:	Key	97	UP	at	787639  
799576	[11835]	:	Key	97	DOWN	at	799576  
799728	[152]	:	Key	97	UP	at	799728  
803991	[4263]	:	Key	97	DOWN	at	803991  
804079	[88]	:	Key	97	UP	at	804079  
806679	[2600]	:	Key	97	DOWN	at	806679  
806773	[94]	:	Key	97	UP	at	806759  
807191	[418]	:	Key	97	DOWN	at	807191  
807291	[100]	:	Key	97	UP	at	807271  
807799	[508]	:	Key	97	DOWN	at	807799  
807898	[99]	:	Key	97	UP	at	807887  
812223	[4325]	:	Key	97	DOWN	at	812223  
812343	[120]	:	Key	97	UP	at	812343  
820511	[8168]	:	Key	97	DOWN	at	820511  
820615	[104]	:	Key	97	UP	at	820615  
827423	[6808]	:	Key	97	DOWN	at	827423  
827551	[128]	:	Key	97	UP	at	827551  
839743	[12192]	:	Key	97	DOWN	at	839743  
839861	[118]	:	Key	97	UP	at	839783  
848431	[8570]	:	Key	97	DOWN	at	848431  
848521	[90]	:	Key	97	UP	at	848511  
854151	[5630]	:	Key	97	DOWN	at	854151  
854263	[112]	:	Key	97	UP	at	854263  
869152	[14889]	:	Key	97	DOWN	at	869152  
869312	[160]	:	Key	97	UP	at	869312  
874871	[5559]	:	Key	97	DOWN	at	874871  
874975	[104]	:	Key	97	UP	at	874975  
881479	[6504]	:	Key	97	DOWN	at	881479  
881583	[104]	:	Key	97	UP	at	881583  
884936	[3353]	:	Key	97	DOWN	at	884936  
885032	[96]	:	Key	97	UP	at	885032  
886032	[1000]	:	Key	97	DOWN	at	886032  
886130	[98]	:	Key	97	UP	at	886112  
888911	[2781]	:	Key	97	DOWN	at	888911  
889009	[98]	:	Key	97	UP	at	888999  
893759	[4750]	:	Key	97	DOWN	at	893759  
893911	[152]	:	Key	97	UP	at	893911  
895295	[1384]	:	Key	97	DOWN	at	895295  
896295	[1000]	:	Key	97	UP	at	895407  
900535	[4240]	:	Key	71	DOWN	at	900535  
900808	[273]	:	Key	71	UP	at	900775  
902472	[1664]	:	Key	71	DOWN	at	902472  
973992	[71520]	:	Key	71	DOWN	at	973992  
974120	[128]	:	Key	71	UP	at	974120  
975592	[1472]	:	Key	71	DOWN	at	975592  
1610520	[634928]	:	Key	97	DOWN	at	1610520 
1611520	[1000]	:	Key	97	UP	at	1610616 
1611520	[0]	:	Key	97	DOWN	at	1611416 
1611520	[0]	:	Key	97	UP	at	1611504 
1614120	[2600]	:	Key	71	DOWN	at	1614120 
2208440	[594320]	:	Key	97	DOWN	at	2208440 
2209440	[1000]	:	Key	97	UP	at	2208600 
2211128	[1688]	:	Key	71	DOWN	at	2211128 
2852777	[641649]	:	Key	71	DOWN	at	2852777 
2852905	[128]	:	Key	71	UP	at	2852905 
2857984	[5079]	:	Key	97	DOWN	at	2857984 
2858984	[1000]	:	Key	97	UP	at	2858160 
2860945	[1961]	:	Key	71	DOWN	at	2860945 
3404226	[543281]	:	Key	97	DOWN	at	3404226 
3405226	[1000]	:	Key	97	UP	at	3404282 
3406137	[911]	:	Key	71	DOWN	at	3406137 
3862754	[456617]	:	Key	97	DOWN	at	3862754 
3862954	[200]	:	Key	97	UP	at	3862954 
3863162	[208]	:	Key	97	DOWN	at	3863162 
3863298	[136]	:	Key	97	UP	at	3863298 
3863418	[120]	:	Key	97	DOWN	at	3863418 
3863538	[120]	:	Key	97	UP	at	3863538 
3863658	[120]	:	Key	97	DOWN	at	3863658 
3863762	[104]	:	Key	97	UP	at	3863762 
3864410	[648]	:	Key	71	DOWN	at	3864410 
3864439	[29]	:	COGENT STOP
