Cog2000 log file Wed Nov 25 10:11:39 2020
gprim v1.33 Compiled:Aug 12 2015 (GLib DirectDraw v7 DX10.0 Compiled:Aug 12 2015)
Display:1024x768x32 59.99Hz
Attaching E:\Sahar Rajabi\Final MBMF+Drug Task\Cogent2000v1.33\Toolbox\CogInput.mexw64
CogInput v1.05 Compiled: May 20 2010
4	[4]	:	COGENT START
29906	[29902]	:	Key	98	DOWN	at	29906   
30114	[208]	:	Key	98	UP	at	30114   
30723	[609]	:	Key	97	DOWN	at	30723   
30883	[160]	:	Key	97	UP	at	30883   
40419	[9536]	:	Key	97	DOWN	at	40419   
40538	[119]	:	Key	97	UP	at	40538   
64171	[23633]	:	Key	97	DOWN	at	64171   
65171	[1000]	:	Key	97	UP	at	64260   
96650	[31479]	:	Key	71	DOWN	at	96650   
96789	[139]	:	Key	71	UP	at	96786   
99858	[3069]	:	Key	71	DOWN	at	99858   
103187	[3329]	:	Key	71	UP	at	100034  
103187	[0]	:	Key	71	DOWN	at	102570  
103188	[1]	:	Key	71	UP	at	102898  
106891	[3703]	:	Key	71	DOWN	at	106891  
110159	[3268]	:	Key	71	UP	at	107043  
110159	[0]	:	Key	71	DOWN	at	108211  
110159	[0]	:	Key	71	UP	at	108355  
112138	[1979]	:	Key	71	DOWN	at	112138  
115427	[3289]	:	Key	71	UP	at	112251  
115429	[2]	:	Key	71	DOWN	at	115164  
115430	[1]	:	Key	71	UP	at	115316  
117827	[2397]	:	Key	71	DOWN	at	117827  
121127	[3300]	:	Key	71	UP	at	117980  
121129	[2]	:	Key	71	DOWN	at	119252  
121130	[1]	:	Key	71	UP	at	119458  
121131	[1]	:	Key	71	DOWN	at	120828  
121132	[1]	:	Key	71	UP	at	120987  
122596	[1464]	:	Key	71	DOWN	at	122596  
125898	[3302]	:	Key	71	UP	at	122756  
125900	[2]	:	Key	71	DOWN	at	124044  
125901	[1]	:	Key	71	UP	at	124219  
125902	[1]	:	Key	71	DOWN	at	124756  
125903	[1]	:	Key	71	UP	at	124859  
126987	[1084]	:	Key	71	DOWN	at	126987  
130287	[3300]	:	Key	71	UP	at	127196  
131355	[1068]	:	Key	71	DOWN	at	131355  
134646	[3291]	:	Key	71	UP	at	131466  
134648	[2]	:	Key	71	DOWN	at	134090  
134649	[1]	:	Key	71	UP	at	134242  
136867	[2218]	:	Key	71	DOWN	at	136867  
140170	[3303]	:	Key	71	UP	at	137036  
140172	[2]	:	Key	71	DOWN	at	137731  
140173	[1]	:	Key	71	UP	at	137916  
140174	[1]	:	Key	71	DOWN	at	140092  
140190	[16]	:	Key	71	UP	at	140181  
144267	[4077]	:	Key	71	DOWN	at	144267  
147572	[3305]	:	Key	71	UP	at	144459  
147574	[2]	:	Key	71	DOWN	at	145092  
147575	[1]	:	Key	71	UP	at	145244  
147576	[1]	:	Key	71	DOWN	at	146763  
147577	[1]	:	Key	71	UP	at	146924  
149058	[1481]	:	Key	71	DOWN	at	149058  
152359	[3301]	:	Key	71	UP	at	149140  
152361	[2]	:	Key	71	DOWN	at	149884  
152362	[1]	:	Key	71	UP	at	150052  
152363	[1]	:	Key	71	DOWN	at	150956  
152364	[1]	:	Key	71	UP	at	151124  
152365	[1]	:	Key	71	DOWN	at	152164  
152366	[1]	:	Key	71	UP	at	152316  
154042	[1676]	:	Key	71	DOWN	at	154042  
157343	[3301]	:	Key	71	UP	at	154228  
157345	[2]	:	Key	71	DOWN	at	154868  
157346	[1]	:	Key	71	UP	at	155052  
157347	[1]	:	Key	71	DOWN	at	155922  
157348	[1]	:	Key	71	UP	at	156284  
159339	[1991]	:	Key	71	DOWN	at	159339  
162639	[3300]	:	Key	71	UP	at	159564  
162641	[2]	:	Key	71	DOWN	at	160588  
162642	[1]	:	Key	71	UP	at	160796  
164435	[1793]	:	Key	71	DOWN	at	164435  
167738	[3303]	:	Key	71	UP	at	164652  
167740	[2]	:	Key	71	DOWN	at	165884  
167741	[1]	:	Key	71	UP	at	166043  
167742	[1]	:	Key	71	DOWN	at	166499  
167743	[1]	:	Key	71	UP	at	166660  
169451	[1708]	:	Key	71	DOWN	at	169451  
172753	[3302]	:	Key	71	UP	at	169692  
172755	[2]	:	Key	71	DOWN	at	171258  
172756	[1]	:	Key	71	UP	at	171484  
173522	[766]	:	Key	71	DOWN	at	173522  
176825	[3303]	:	Key	71	UP	at	173747  
176827	[2]	:	Key	71	DOWN	at	174908  
176828	[1]	:	Key	71	UP	at	175084  
176830	[2]	:	Key	71	DOWN	at	175676  
176831	[1]	:	Key	71	UP	at	175844  
177771	[940]	:	Key	71	DOWN	at	177771  
181073	[3302]	:	Key	71	UP	at	177964  
181075	[2]	:	Key	71	DOWN	at	179098  
181076	[1]	:	Key	71	UP	at	179124  
181077	[1]	:	Key	71	DOWN	at	180164  
181078	[1]	:	Key	71	UP	at	180372  
182443	[1365]	:	Key	71	DOWN	at	182443  
185737	[3294]	:	Key	71	UP	at	182772  
185737	[0]	:	Key	71	DOWN	at	183852  
185737	[0]	:	Key	71	UP	at	184092  
185738	[1]	:	Key	71	DOWN	at	184452  
185738	[0]	:	Key	71	UP	at	184668  
185738	[0]	:	Key	71	DOWN	at	185060  
185739	[1]	:	Key	71	UP	at	185428  
186723	[984]	:	Key	71	DOWN	at	186723  
190023	[3300]	:	Key	71	UP	at	186972  
190024	[1]	:	Key	71	DOWN	at	187604  
190026	[2]	:	Key	71	UP	at	187820  
193670	[3644]	:	Key	71	DOWN	at	193670  
196970	[3300]	:	Key	71	UP	at	193690  
198819	[1849]	:	Key	71	DOWN	at	198819  
202118	[3299]	:	Key	71	UP	at	199036  
202118	[0]	:	Key	71	DOWN	at	200506  
202118	[0]	:	Key	71	UP	at	200714  
202803	[685]	:	Key	71	DOWN	at	202803  
206093	[3290]	:	Key	71	UP	at	203028  
207587	[1494]	:	Key	71	DOWN	at	207587  
210877	[3290]	:	Key	71	UP	at	207796  
212211	[1334]	:	Key	71	DOWN	at	212211  
215508	[3297]	:	Key	71	UP	at	212492  
219467	[3959]	:	Key	71	DOWN	at	219467  
222768	[3301]	:	Key	71	UP	at	219700  
226868	[4100]	:	Key	71	DOWN	at	226868  
230167	[3299]	:	Key	71	UP	at	227061  
230169	[2]	:	Key	71	DOWN	at	229540  
230170	[1]	:	Key	71	UP	at	229756  
233499	[3329]	:	Key	71	DOWN	at	233499  
236802	[3303]	:	Key	71	UP	at	233684  
236804	[2]	:	Key	71	DOWN	at	236404  
236805	[1]	:	Key	71	UP	at	236548  
240883	[4078]	:	Key	71	DOWN	at	240883  
244184	[3301]	:	Key	71	UP	at	241156  
245179	[995]	:	Key	71	DOWN	at	245179  
248480	[3301]	:	Key	71	UP	at	245379  
248482	[2]	:	Key	71	DOWN	at	246076  
248483	[1]	:	Key	71	UP	at	246267  
248484	[1]	:	Key	71	DOWN	at	246899  
248485	[1]	:	Key	71	UP	at	247124  
248486	[1]	:	Key	71	DOWN	at	247612  
248487	[1]	:	Key	71	UP	at	247780  
249971	[1484]	:	Key	71	DOWN	at	249971  
253274	[3303]	:	Key	71	UP	at	250132  
253274	[0]	:	Key	71	DOWN	at	251124  
253274	[0]	:	Key	71	UP	at	251300  
253275	[1]	:	Key	71	DOWN	at	251730  
253275	[0]	:	Key	71	UP	at	251916  
253275	[0]	:	Key	71	DOWN	at	252556  
253276	[1]	:	Key	71	UP	at	252700  
254121	[845]	:	Key	71	DOWN	at	254121  
257423	[3302]	:	Key	71	UP	at	254140  
257423	[0]	:	Key	71	DOWN	at	254972  
257423	[0]	:	Key	71	UP	at	255148  
257423	[0]	:	Key	71	DOWN	at	255763  
257423	[0]	:	Key	71	UP	at	255914  
257423	[0]	:	Key	71	DOWN	at	256220  
257425	[2]	:	Key	71	UP	at	256387  
257425	[0]	:	Key	71	DOWN	at	256772  
257425	[0]	:	Key	71	UP	at	256947  
263012	[5587]	:	Key	71	DOWN	at	263012  
266297	[3285]	:	Key	71	UP	at	263156  
266299	[2]	:	Key	71	DOWN	at	263980  
266300	[1]	:	Key	71	UP	at	264132  
266301	[1]	:	Key	71	DOWN	at	265332  
266302	[1]	:	Key	71	UP	at	265468  
266979	[677]	:	Key	71	DOWN	at	266979  
270277	[3298]	:	Key	71	UP	at	267163  
270279	[2]	:	Key	71	DOWN	at	270012  
270280	[1]	:	Key	71	UP	at	270180  
271947	[1667]	:	Key	71	DOWN	at	271947  
275252	[3305]	:	Key	71	UP	at	272170  
275254	[2]	:	Key	71	DOWN	at	273460  
275255	[1]	:	Key	71	UP	at	273586  
275256	[1]	:	Key	71	DOWN	at	274284  
275257	[1]	:	Key	71	UP	at	274428  
275258	[1]	:	Key	71	DOWN	at	275084  
275259	[1]	:	Key	71	UP	at	275236  
275867	[608]	:	Key	71	DOWN	at	275867  
279173	[3306]	:	Key	71	UP	at	276067  
279173	[0]	:	Key	71	DOWN	at	277332  
279173	[0]	:	Key	71	UP	at	277435  
279174	[1]	:	Key	71	DOWN	at	277690  
279174	[0]	:	Key	71	UP	at	277828  
279174	[0]	:	Key	71	DOWN	at	278060  
279175	[1]	:	Key	71	UP	at	278196  
279175	[0]	:	Key	71	DOWN	at	278412  
279175	[0]	:	Key	71	UP	at	278541  
279724	[549]	:	Key	71	DOWN	at	279724  
283026	[3302]	:	Key	71	UP	at	279869  
283028	[2]	:	Key	71	DOWN	at	282467  
283029	[1]	:	Key	71	UP	at	282652  
284128	[1099]	:	Key	71	DOWN	at	284128  
287431	[3303]	:	Key	71	UP	at	284236  
291770	[4339]	:	Key	71	DOWN	at	291770  
295075	[3305]	:	Key	71	UP	at	291956  
295077	[2]	:	Key	71	DOWN	at	294140  
295078	[1]	:	Key	71	UP	at	294316  
295595	[517]	:	Key	71	DOWN	at	295595  
298887	[3292]	:	Key	71	UP	at	295756  
298887	[0]	:	Key	71	DOWN	at	297291  
298887	[0]	:	Key	71	UP	at	297468  
300099	[1212]	:	Key	71	DOWN	at	300099  
303400	[3301]	:	Key	71	UP	at	300276  
303400	[0]	:	Key	71	DOWN	at	301236  
303401	[1]	:	Key	71	UP	at	301404  
303401	[0]	:	Key	71	DOWN	at	301947  
303401	[0]	:	Key	71	UP	at	302124  
304219	[818]	:	Key	71	DOWN	at	304219  
307523	[3304]	:	Key	71	UP	at	304404  
307525	[2]	:	Key	71	DOWN	at	305612  
307526	[1]	:	Key	71	UP	at	305748  
307527	[1]	:	Key	71	DOWN	at	306717  
307528	[1]	:	Key	71	UP	at	306884  
307627	[99]	:	Key	71	DOWN	at	307627  
310927	[3300]	:	Key	71	UP	at	307772  
312771	[1844]	:	Key	71	DOWN	at	312771  
316074	[3303]	:	Key	71	UP	at	313470  
316076	[2]	:	Key	71	DOWN	at	313655  
316077	[1]	:	Key	71	UP	at	313919  
316078	[1]	:	Key	71	DOWN	at	314461  
316080	[2]	:	Key	71	UP	at	314693  
316620	[540]	:	Key	71	DOWN	at	316620  
319912	[3292]	:	Key	71	UP	at	316852  
319912	[0]	:	Key	71	DOWN	at	319211  
319912	[0]	:	Key	71	UP	at	319467  
322818	[2906]	:	Key	71	DOWN	at	322818  
326103	[3285]	:	Key	71	UP	at	323026  
327082	[979]	:	Key	71	DOWN	at	327082  
330350	[3268]	:	Key	71	UP	at	327306  
330351	[1]	:	Key	71	DOWN	at	329038  
330351	[0]	:	Key	71	UP	at	329058  
330351	[0]	:	Key	71	DOWN	at	329618  
330352	[1]	:	Key	71	UP	at	329786  
331051	[699]	:	Key	71	DOWN	at	331051  
334351	[3300]	:	Key	71	UP	at	331228  
334352	[1]	:	Key	71	DOWN	at	332164  
334353	[1]	:	Key	71	UP	at	332325  
334354	[1]	:	Key	71	DOWN	at	333237  
334355	[1]	:	Key	71	UP	at	333453  
336075	[1720]	:	Key	71	DOWN	at	336075  
339366	[3291]	:	Key	71	UP	at	336251  
339366	[0]	:	Key	71	DOWN	at	337915  
339367	[1]	:	Key	71	UP	at	338107  
339367	[0]	:	Key	71	DOWN	at	338372  
339367	[0]	:	Key	71	UP	at	338540  
339931	[564]	:	Key	71	DOWN	at	339931  
343823	[3892]	:	Key	71	UP	at	340163  
343823	[0]	:	Key	71	DOWN	at	341531  
343823	[0]	:	Key	71	UP	at	341698  
343824	[1]	:	Key	71	DOWN	at	342355  
343824	[0]	:	Key	71	UP	at	342587  
356323	[12499]	:	Key	71	DOWN	at	356323  
357342	[1019]	:	Key	71	UP	at	356483  
359062	[1720]	:	Key	97	DOWN	at	359062  
360153	[1091]	:	Key	97	UP	at	359082  
361378	[1225]	:	Key	98	DOWN	at	361378  
362469	[1091]	:	Key	98	UP	at	361587  
363402	[933]	:	Key	97	DOWN	at	363402  
364491	[1089]	:	Key	97	UP	at	363570  
365826	[1335]	:	Key	97	DOWN	at	365826  
366924	[1098]	:	Key	97	UP	at	365979  
368475	[1551]	:	Key	97	DOWN	at	368475  
369594	[1119]	:	Key	97	UP	at	368548  
369595	[1]	:	Key	97	DOWN	at	368667  
369595	[0]	:	Key	97	UP	at	368740  
370603	[1008]	:	Key	97	DOWN	at	370603  
371696	[1093]	:	Key	97	UP	at	370747  
372979	[1283]	:	Key	98	DOWN	at	372979  
374073	[1094]	:	Key	98	UP	at	373470  
374923	[850]	:	Key	97	DOWN	at	374923  
376599	[1676]	:	Key	97	UP	at	375075  
387083	[10484]	:	Key	71	DOWN	at	387083  
388125	[1042]	:	Key	71	UP	at	387211  
389167	[1042]	:	Key	97	DOWN	at	389167  
390257	[1090]	:	Key	97	UP	at	389243  
391819	[1562]	:	Key	97	DOWN	at	391819  
392909	[1090]	:	Key	97	UP	at	391939  
394235	[1326]	:	Key	98	DOWN	at	394235  
395369	[1134]	:	Key	98	UP	at	394370  
396211	[842]	:	Key	98	DOWN	at	396211  
397331	[1120]	:	Key	98	UP	at	396364  
399114	[1783]	:	Key	97	DOWN	at	399114  
400234	[1120]	:	Key	97	UP	at	399260  
401068	[834]	:	Key	97	DOWN	at	401068  
402196	[1128]	:	Key	97	UP	at	401204  
402980	[784]	:	Key	97	DOWN	at	402980  
404104	[1124]	:	Key	97	UP	at	403108  
406572	[2468]	:	Key	97	DOWN	at	406572  
407771	[1199]	:	Key	97	UP	at	406675  
410099	[2328]	:	Key	71	DOWN	at	410099  
410424	[325]	:	Key	71	UP	at	410244  
443003	[32579]	:	Key	71	DOWN	at	443003  
443131	[128]	:	Key	71	UP	at	443131  
446315	[3184]	:	Key	97	DOWN	at	446315  
446482	[167]	:	Key	97	UP	at	446482  
455299	[8817]	:	Key	97	DOWN	at	455299  
455388	[89]	:	Key	97	UP	at	455379  
472939	[17551]	:	Key	97	DOWN	at	472939  
473092	[153]	:	Key	97	UP	at	473092  
482595	[9503]	:	Key	98	DOWN	at	482595  
482747	[152]	:	Key	98	UP	at	482747  
488996	[6249]	:	Key	98	DOWN	at	488996  
489094	[98]	:	Key	98	UP	at	489083  
495339	[6245]	:	Key	97	DOWN	at	495339  
495427	[88]	:	Key	97	UP	at	495427  
513099	[17672]	:	Key	97	DOWN	at	513099  
513227	[128]	:	Key	97	UP	at	513227  
521571	[8344]	:	Key	97	DOWN	at	521571  
521739	[168]	:	Key	97	UP	at	521739  
534322	[12583]	:	Key	97	DOWN	at	534322  
534443	[121]	:	Key	97	UP	at	534443  
555659	[21216]	:	Key	97	DOWN	at	555659  
555762	[103]	:	Key	97	UP	at	555762  
562627	[6865]	:	Key	97	DOWN	at	562627  
562755	[128]	:	Key	97	UP	at	562755  
580259	[17504]	:	Key	97	DOWN	at	580259  
580355	[96]	:	Key	97	UP	at	580355  
589987	[9632]	:	Key	97	DOWN	at	589987  
590139	[152]	:	Key	97	UP	at	590139  
600531	[10392]	:	Key	97	DOWN	at	600531  
600684	[153]	:	Key	97	UP	at	600684  
611299	[10615]	:	Key	97	DOWN	at	611299  
611484	[185]	:	Key	97	UP	at	611484  
622755	[11271]	:	Key	97	DOWN	at	622755  
622931	[176]	:	Key	97	UP	at	622931  
636291	[13360]	:	Key	97	DOWN	at	636291  
636411	[120]	:	Key	97	UP	at	636411  
644779	[8368]	:	Key	97	DOWN	at	644779  
644899	[120]	:	Key	97	UP	at	644899  
664964	[20065]	:	Key	97	DOWN	at	664964  
665107	[143]	:	Key	97	UP	at	665091  
681572	[16465]	:	Key	97	DOWN	at	681572  
681667	[95]	:	Key	97	UP	at	681667  
692523	[10856]	:	Key	97	DOWN	at	692523  
692635	[112]	:	Key	97	UP	at	692635  
704739	[12104]	:	Key	97	DOWN	at	704739  
704892	[153]	:	Key	97	UP	at	704892  
712251	[7359]	:	Key	97	DOWN	at	712251  
712363	[112]	:	Key	97	UP	at	712363  
720419	[8056]	:	Key	98	DOWN	at	720419  
720540	[121]	:	Key	98	UP	at	720540  
720660	[120]	:	Key	98	DOWN	at	720660  
720755	[95]	:	Key	98	UP	at	720755  
720852	[97]	:	Key	98	DOWN	at	720852  
720928	[76]	:	Key	98	UP	at	720915  
721020	[92]	:	Key	98	DOWN	at	721020  
721113	[93]	:	Key	98	UP	at	721083  
721179	[66]	:	Key	98	DOWN	at	721179  
721250	[71]	:	Key	98	UP	at	721243  
721364	[114]	:	Key	98	DOWN	at	721364  
721445	[81]	:	Key	98	UP	at	721435  
721667	[222]	:	Key	98	DOWN	at	721667  
721740	[73]	:	Key	98	UP	at	721739  
721972	[232]	:	Key	98	DOWN	at	721972  
722058	[86]	:	Key	98	UP	at	722019  
722236	[178]	:	Key	98	DOWN	at	722236  
722323	[87]	:	Key	98	UP	at	722323  
722516	[193]	:	Key	98	DOWN	at	722516  
722603	[87]	:	Key	98	UP	at	722603  
743020	[20417]	:	Key	98	DOWN	at	743020  
743411	[391]	:	Key	98	UP	at	743411  
748646	[5235]	:	Key	97	DOWN	at	748646  
748722	[76]	:	Key	97	UP	at	748666  
748722	[0]	:	Key	97	DOWN	at	748686  
748742	[20]	:	Key	97	UP	at	748742  
749094	[352]	:	Key	97	DOWN	at	749094  
749222	[128]	:	Key	97	UP	at	749222  
751932	[2710]	:	Key	97	DOWN	at	751932  
752067	[135]	:	Key	97	UP	at	752067  
756114	[4047]	:	Key	97	DOWN	at	756114  
756243	[129]	:	Key	97	UP	at	756243  
776498	[20255]	:	Key	97	DOWN	at	776498  
776586	[88]	:	Key	97	UP	at	776586  
776698	[112]	:	Key	97	DOWN	at	776698  
776796	[98]	:	Key	97	UP	at	776762  
776858	[62]	:	Key	97	DOWN	at	776858  
776940	[82]	:	Key	97	UP	at	776922  
777026	[86]	:	Key	97	DOWN	at	777026  
777154	[128]	:	Key	97	UP	at	777154  
777250	[96]	:	Key	97	DOWN	at	777250  
777330	[80]	:	Key	97	UP	at	777330  
777426	[96]	:	Key	97	DOWN	at	777426  
777530	[104]	:	Key	97	UP	at	777530  
777618	[88]	:	Key	97	DOWN	at	777618  
777714	[96]	:	Key	97	UP	at	777714  
777802	[88]	:	Key	97	DOWN	at	777802  
778802	[1000]	:	Key	97	UP	at	777906  
778804	[2]	:	Key	97	DOWN	at	777994  
778805	[1]	:	Key	97	UP	at	778106  
778806	[1]	:	Key	97	DOWN	at	778482  
778807	[1]	:	Key	97	UP	at	778594  
784386	[5579]	:	Key	71	DOWN	at	784386  
784674	[288]	:	Key	71	UP	at	784522  
786779	[2105]	:	Key	71	DOWN	at	786779  
939162	[152383]	:	Key	71	DOWN	at	939162  
939338	[176]	:	Key	71	UP	at	939338  
940826	[1488]	:	Key	71	DOWN	at	940826  
1534659	[593833]	:	Key	97	DOWN	at	1534659 
1535659	[1000]	:	Key	97	UP	at	1534867 
1536987	[1328]	:	Key	71	DOWN	at	1536987 
2115724	[578737]	:	Key	97	DOWN	at	2115724 
2116724	[1000]	:	Key	97	UP	at	2116012 
2121156	[4432]	:	Key	71	DOWN	at	2121156 
2686452	[565296]	:	Key	97	DOWN	at	2686452 
2687452	[1000]	:	Key	97	UP	at	2686556 
2690115	[2663]	:	Key	71	DOWN	at	2690115 
3268421	[578306]	:	Key	97	DOWN	at	3268421 
3269421	[1000]	:	Key	97	UP	at	3268581 
3270685	[1264]	:	Key	71	DOWN	at	3270685 
4238581	[967896]	:	Key	71	DOWN	at	4238581 
4238632	[51]	:	COGENT STOP
