Cog2000 log file Tue May 25 10:10:49 2021
gprim v1.33 Compiled:Aug 12 2015 (GLib DirectDraw v7 DX12.0 Compiled:Aug 12 2015)
Display:1024x768x32 59.88Hz
Attaching C:\Users\CARE-LAB\Desktop\SaharRajabi\Final MBMF+Drug Task\Final MBMF+Drug Task\Cogent2000v1.33\Toolbox\CogInput.mexw64
CogInput v1.05 Compiled: May 20 2010
3	[3]	:	COGENT START
35004	[35001]	:	Key	98	DOWN	at	35002   
35155	[151]	:	Key	98	UP	at	35154   
42642	[7487]	:	Key	97	DOWN	at	42642   
42819	[177]	:	Key	97	UP	at	42818   
60219	[17400]	:	Key	97	DOWN	at	60218   
60355	[136]	:	Key	97	UP	at	60354   
100435	[40080]	:	Key	97	DOWN	at	100434  
101434	[999]	:	Key	97	UP	at	100530  
119050	[17616]	:	Key	71	DOWN	at	119050  
119243	[193]	:	Key	71	UP	at	119242  
124603	[5360]	:	Key	71	DOWN	at	124603  
127990	[3387]	:	Key	71	UP	at	124762  
133162	[5172]	:	Key	71	DOWN	at	133162  
136477	[3315]	:	Key	71	UP	at	133322  
139979	[3502]	:	Key	71	DOWN	at	139978  
143295	[3316]	:	Key	71	UP	at	140163  
144961	[1666]	:	Key	71	DOWN	at	144961  
148273	[3312]	:	Key	71	UP	at	145138  
148635	[362]	:	Key	71	DOWN	at	148635  
151952	[3317]	:	Key	71	UP	at	148809  
159354	[7402]	:	Key	71	DOWN	at	159354  
162666	[3312]	:	Key	71	UP	at	159539  
170842	[8176]	:	Key	71	DOWN	at	170841  
174155	[3313]	:	Key	71	UP	at	171025  
182747	[8592]	:	Key	71	DOWN	at	182747  
186064	[3317]	:	Key	71	UP	at	182883  
189379	[3315]	:	Key	71	DOWN	at	189378  
192691	[3312]	:	Key	71	UP	at	189523  
194297	[1606]	:	Key	71	DOWN	at	194297  
197608	[3311]	:	Key	71	UP	at	194425  
198363	[755]	:	Key	71	DOWN	at	198361  
201679	[3316]	:	Key	71	UP	at	198522  
206114	[4435]	:	Key	71	DOWN	at	206114  
209429	[3315]	:	Key	71	UP	at	206234  
210498	[1069]	:	Key	71	DOWN	at	210498  
213811	[3313]	:	Key	71	UP	at	210643  
214641	[830]	:	Key	71	DOWN	at	214641  
217954	[3313]	:	Key	71	UP	at	214770  
220747	[2793]	:	Key	71	DOWN	at	220746  
224059	[3312]	:	Key	71	UP	at	220867  
225419	[1360]	:	Key	71	DOWN	at	225419  
228733	[3314]	:	Key	71	UP	at	225561  
229082	[349]	:	Key	71	DOWN	at	229082  
232397	[3315]	:	Key	71	UP	at	229250  
233002	[605]	:	Key	71	DOWN	at	233001  
236316	[3314]	:	Key	71	UP	at	233138  
249554	[13238]	:	Key	71	DOWN	at	249554  
252868	[3314]	:	Key	71	UP	at	249666  
253771	[903]	:	Key	71	DOWN	at	253770  
257087	[3316]	:	Key	71	UP	at	253946  
259786	[2699]	:	Key	71	DOWN	at	259786  
263099	[3313]	:	Key	71	UP	at	259954  
266795	[3696]	:	Key	71	DOWN	at	266794  
270109	[3314]	:	Key	71	UP	at	266955  
270731	[622]	:	Key	71	DOWN	at	270731  
274045	[3314]	:	Key	71	UP	at	270858  
274147	[102]	:	Key	71	DOWN	at	274146  
277460	[3313]	:	Key	71	UP	at	274314  
277788	[328]	:	Key	71	DOWN	at	277787  
281100	[3312]	:	Key	71	UP	at	277962  
281547	[447]	:	Key	71	DOWN	at	281546  
284860	[3313]	:	Key	71	UP	at	281690  
285338	[478]	:	Key	71	DOWN	at	285338  
288651	[3313]	:	Key	71	UP	at	285498  
289300	[649]	:	Key	71	DOWN	at	289299  
292615	[3315]	:	Key	71	UP	at	289450  
293210	[595]	:	Key	71	DOWN	at	293209  
296523	[3313]	:	Key	71	UP	at	293370  
296836	[313]	:	Key	71	DOWN	at	296834  
300152	[3316]	:	Key	71	UP	at	296994  
300195	[43]	:	Key	71	DOWN	at	300195  
303511	[3316]	:	Key	71	UP	at	300339  
303811	[300]	:	Key	71	DOWN	at	303811  
307118	[3307]	:	Key	71	UP	at	304002  
307120	[2]	:	Key	71	DOWN	at	306395  
307121	[1]	:	Key	71	UP	at	306554  
309091	[1970]	:	Key	71	DOWN	at	309090  
312405	[3314]	:	Key	71	UP	at	309227  
312569	[164]	:	Key	71	DOWN	at	312569  
315881	[3312]	:	Key	71	UP	at	312779  
315882	[1]	:	Key	71	DOWN	at	315491  
315883	[1]	:	Key	71	UP	at	315675  
317090	[1207]	:	Key	71	DOWN	at	317090  
320400	[3310]	:	Key	71	UP	at	317274  
320810	[410]	:	Key	71	DOWN	at	320810  
324120	[3310]	:	Key	71	UP	at	321003  
324427	[307]	:	Key	71	DOWN	at	324427  
327735	[3308]	:	Key	71	UP	at	324578  
327737	[2]	:	Key	71	DOWN	at	327731  
327907	[170]	:	Key	71	UP	at	327906  
329067	[1160]	:	Key	71	DOWN	at	329066  
332381	[3314]	:	Key	71	UP	at	329234  
332383	[2]	:	Key	71	DOWN	at	330403  
332384	[1]	:	Key	71	UP	at	330699  
333122	[738]	:	Key	71	DOWN	at	333122  
336434	[3312]	:	Key	71	UP	at	333282  
336506	[72]	:	Key	71	DOWN	at	336506  
339816	[3310]	:	Key	71	UP	at	336747  
339891	[75]	:	Key	71	DOWN	at	339891  
343204	[3313]	:	Key	71	UP	at	340082  
343229	[25]	:	Key	71	DOWN	at	343219  
343395	[166]	:	Key	71	UP	at	343394  
345067	[1672]	:	Key	71	DOWN	at	345066  
348379	[3312]	:	Key	71	UP	at	345306  
349635	[1256]	:	Key	71	DOWN	at	349635  
352946	[3311]	:	Key	71	UP	at	349859  
353380	[434]	:	Key	71	DOWN	at	353379  
356693	[3313]	:	Key	71	UP	at	353546  
357138	[445]	:	Key	71	DOWN	at	357137  
360449	[3311]	:	Key	71	UP	at	357339  
361067	[618]	:	Key	71	DOWN	at	361066  
364381	[3314]	:	Key	71	UP	at	361267  
364995	[614]	:	Key	71	DOWN	at	364995  
368308	[3313]	:	Key	71	UP	at	365203  
369155	[847]	:	Key	71	DOWN	at	369155  
373108	[3953]	:	Key	71	UP	at	369434  
392706	[19598]	:	Key	71	DOWN	at	392706  
393773	[1067]	:	Key	71	UP	at	392850  
397378	[3605]	:	Key	98	DOWN	at	397377  
398494	[1116]	:	Key	98	UP	at	397515  
400468	[1974]	:	Key	98	DOWN	at	400467  
401583	[1115]	:	Key	98	UP	at	400602  
402475	[892]	:	Key	97	DOWN	at	402474  
403591	[1116]	:	Key	97	UP	at	402634  
404547	[956]	:	Key	98	DOWN	at	404546  
405671	[1124]	:	Key	98	UP	at	404650  
407020	[1349]	:	Key	98	DOWN	at	407019  
408132	[1112]	:	Key	98	UP	at	407131  
409307	[1175]	:	Key	97	DOWN	at	409307  
410425	[1118]	:	Key	97	UP	at	409458  
412675	[2250]	:	Key	97	DOWN	at	412675  
413788	[1113]	:	Key	97	UP	at	412835  
415554	[1766]	:	Key	97	DOWN	at	415554  
417225	[1671]	:	Key	97	UP	at	415707  
427531	[10306]	:	Key	71	DOWN	at	427531  
428585	[1054]	:	Key	71	UP	at	427755  
430595	[2010]	:	Key	98	DOWN	at	430595  
431704	[1109]	:	Key	98	UP	at	430707  
432571	[867]	:	Key	97	DOWN	at	432570  
433702	[1131]	:	Key	97	UP	at	432715  
434595	[893]	:	Key	97	DOWN	at	434595  
435716	[1121]	:	Key	97	UP	at	434690  
437436	[1720]	:	Key	98	DOWN	at	437435  
438549	[1113]	:	Key	98	UP	at	437555  
441938	[3389]	:	Key	98	DOWN	at	441938  
443038	[1100]	:	Key	98	UP	at	442083  
445051	[2013]	:	Key	97	DOWN	at	445050  
446157	[1106]	:	Key	97	UP	at	445187  
447611	[1454]	:	Key	97	DOWN	at	447610  
448734	[1123]	:	Key	97	UP	at	447738  
449474	[740]	:	Key	98	DOWN	at	449474  
Cog2000 log file Tue May 25 10:21:44 2021
gprim v1.33 Compiled:Aug 12 2015 (GLib DirectDraw v7 DX12.0 Compiled:Aug 12 2015)
Display:1024x768x32 59.92Hz
Attaching C:\Users\CARE-LAB\Desktop\SaharRajabi\Final MBMF+Drug Task\Final MBMF+Drug Task\Cogent2000v1.33\Toolbox\CogInput.mexw64
CogInput v1.05 Compiled: May 20 2010
2	[2]	:	COGENT START
1639	[1637]	:	Key	97	DOWN	at	1637    
1735	[96]	:	Key	97	UP	at	1734    
2134	[399]	:	Key	97	DOWN	at	2134    
2212	[78]	:	Key	97	UP	at	2190    
2685	[473]	:	Key	97	DOWN	at	2685    
3686	[1001]	:	Key	97	UP	at	2790    
10286	[6600]	:	Key	71	DOWN	at	10286   
10447	[161]	:	Key	71	UP	at	10446   
11895	[1448]	:	Key	71	DOWN	at	11894   
15259	[3364]	:	Key	71	UP	at	11982   
15261	[2]	:	Key	71	DOWN	at	13567   
15262	[1]	:	Key	71	UP	at	13687   
27719	[12457]	:	Key	71	DOWN	at	27718   
31037	[3318]	:	Key	71	UP	at	27847   
32830	[1793]	:	Key	71	DOWN	at	32829   
36143	[3313]	:	Key	71	UP	at	32942   
36519	[376]	:	Key	71	DOWN	at	36518   
39833	[3314]	:	Key	71	UP	at	36630   
40239	[406]	:	Key	71	DOWN	at	40238   
43552	[3313]	:	Key	71	UP	at	40343   
43982	[430]	:	Key	71	DOWN	at	43981   
47294	[3312]	:	Key	71	UP	at	44086   
47791	[497]	:	Key	71	DOWN	at	47790   
51105	[3314]	:	Key	71	UP	at	47966   
51783	[678]	:	Key	71	DOWN	at	51782   
55095	[3312]	:	Key	71	UP	at	51918   
55487	[392]	:	Key	71	DOWN	at	55486   
58801	[3314]	:	Key	71	UP	at	55623   
59367	[566]	:	Key	71	DOWN	at	59367   
62680	[3313]	:	Key	71	UP	at	59511   
63934	[1254]	:	Key	71	DOWN	at	63933   
67247	[3313]	:	Key	71	UP	at	64102   
67806	[559]	:	Key	71	DOWN	at	67806   
71119	[3313]	:	Key	71	UP	at	67958   
71879	[760]	:	Key	71	DOWN	at	71879   
75190	[3311]	:	Key	71	UP	at	72071   
75551	[361]	:	Key	71	DOWN	at	75550   
78865	[3314]	:	Key	71	UP	at	75726   
78966	[101]	:	Key	71	DOWN	at	78966   
82279	[3313]	:	Key	71	UP	at	79119   
82647	[368]	:	Key	71	DOWN	at	82647   
85961	[3314]	:	Key	71	UP	at	82790   
86055	[94]	:	Key	71	DOWN	at	86054   
89370	[3315]	:	Key	71	UP	at	86221   
89765	[395]	:	Key	71	DOWN	at	89765   
93079	[3314]	:	Key	71	UP	at	89943   
93214	[135]	:	Key	71	DOWN	at	93214   
96524	[3310]	:	Key	71	UP	at	93447   
97638	[1114]	:	Key	71	DOWN	at	97638   
100953	[3315]	:	Key	71	UP	at	97847   
102463	[1510]	:	Key	71	DOWN	at	102463  
105775	[3312]	:	Key	71	UP	at	102621  
106326	[551]	:	Key	71	DOWN	at	106325  
109639	[3313]	:	Key	71	UP	at	106462  
109942	[303]	:	Key	71	DOWN	at	109941  
113255	[3313]	:	Key	71	UP	at	110134  
113607	[352]	:	Key	71	DOWN	at	113605  
116923	[3316]	:	Key	71	UP	at	113759  
120007	[3084]	:	Key	71	DOWN	at	120007  
123319	[3312]	:	Key	71	UP	at	120151  
123742	[423]	:	Key	71	DOWN	at	123742  
127057	[3315]	:	Key	71	UP	at	123902  
127494	[437]	:	Key	71	DOWN	at	127494  
130805	[3311]	:	Key	71	UP	at	127701  
131535	[730]	:	Key	71	DOWN	at	131534  
134845	[3310]	:	Key	71	UP	at	131742  
135223	[378]	:	Key	71	DOWN	at	135222  
138537	[3314]	:	Key	71	UP	at	135398  
138918	[381]	:	Key	71	DOWN	at	138917  
142232	[3314]	:	Key	71	UP	at	139094  
142630	[398]	:	Key	71	DOWN	at	142629  
145943	[3313]	:	Key	71	UP	at	142821  
146510	[567]	:	Key	71	DOWN	at	146509  
149824	[3314]	:	Key	71	UP	at	146679  
150183	[359]	:	Key	71	DOWN	at	150182  
153499	[3316]	:	Key	71	UP	at	150374  
153822	[323]	:	Key	71	DOWN	at	153821  
157133	[3311]	:	Key	71	UP	at	154006  
157510	[377]	:	Key	71	DOWN	at	157510  
160823	[3313]	:	Key	71	UP	at	157646  
160847	[24]	:	Key	71	DOWN	at	160837  
160997	[150]	:	Key	71	UP	at	160997  
162471	[1474]	:	Key	71	DOWN	at	162470  
165785	[3314]	:	Key	71	UP	at	162654  
166158	[373]	:	Key	71	DOWN	at	166157  
169472	[3314]	:	Key	71	UP	at	166318  
169871	[399]	:	Key	71	DOWN	at	169870  
173184	[3313]	:	Key	71	UP	at	170022  
174167	[983]	:	Key	71	DOWN	at	174166  
177481	[3314]	:	Key	71	UP	at	174335  
177895	[414]	:	Key	71	DOWN	at	177895  
181210	[3315]	:	Key	71	UP	at	178102  
181680	[470]	:	Key	71	DOWN	at	181679  
184992	[3312]	:	Key	71	UP	at	181830  
185392	[400]	:	Key	71	DOWN	at	185391  
188706	[3314]	:	Key	71	UP	at	185543  
189111	[405]	:	Key	71	DOWN	at	189110  
192429	[3318]	:	Key	71	UP	at	189270  
192871	[442]	:	Key	71	DOWN	at	192871  
196187	[3316]	:	Key	71	UP	at	193063  
196790	[603]	:	Key	71	DOWN	at	196789  
200106	[3316]	:	Key	71	UP	at	197007  
200535	[429]	:	Key	71	DOWN	at	200534  
203848	[3313]	:	Key	71	UP	at	200694  
204312	[464]	:	Key	71	DOWN	at	204311  
207623	[3311]	:	Key	71	UP	at	204463  
207935	[312]	:	Key	71	DOWN	at	207935  
211855	[3920]	:	Key	71	UP	at	208111  
215487	[3632]	:	Key	71	DOWN	at	215486  
216547	[1060]	:	Key	71	UP	at	215654  
217831	[1284]	:	Key	97	DOWN	at	217830  
218942	[1111]	:	Key	97	UP	at	217990  
220246	[1304]	:	Key	98	DOWN	at	220246  
221369	[1123]	:	Key	98	UP	at	220391  
222711	[1342]	:	Key	97	DOWN	at	222710  
223836	[1125]	:	Key	97	UP	at	222862  
225111	[1275]	:	Key	98	DOWN	at	225110  
226231	[1120]	:	Key	98	UP	at	225255  
228677	[2446]	:	Key	98	DOWN	at	228677  
229797	[1120]	:	Key	98	UP	at	228829  
231815	[2018]	:	Key	97	DOWN	at	231815  
232926	[1111]	:	Key	97	UP	at	231950  
234183	[1257]	:	Key	97	DOWN	at	234182  
235293	[1110]	:	Key	97	UP	at	234302  
237679	[2386]	:	Key	97	DOWN	at	237678  
239333	[1654]	:	Key	97	UP	at	237815  
245095	[5762]	:	Key	71	DOWN	at	245094  
246154	[1059]	:	Key	71	UP	at	245287  
248094	[1940]	:	Key	98	DOWN	at	248093  
249213	[1119]	:	Key	98	UP	at	248262  
250183	[970]	:	Key	97	DOWN	at	250182  
251312	[1129]	:	Key	97	UP	at	250349  
252774	[1462]	:	Key	97	DOWN	at	252774  
253893	[1119]	:	Key	97	UP	at	252910  
256046	[2153]	:	Key	97	DOWN	at	256045  
257161	[1115]	:	Key	97	UP	at	256149  
259575	[2414]	:	Key	98	DOWN	at	259574  
260680	[1105]	:	Key	98	UP	at	259701  
262318	[1638]	:	Key	97	DOWN	at	262318  
263415	[1097]	:	Key	97	UP	at	262455  
264591	[1176]	:	Key	97	DOWN	at	264590  
265690	[1099]	:	Key	97	UP	at	264718  
266542	[852]	:	Key	98	DOWN	at	266542  
267711	[1169]	:	Key	98	UP	at	266685  
270421	[2710]	:	Key	71	DOWN	at	270421  
270743	[322]	:	Key	71	UP	at	270645  
292998	[22255]	:	Key	71	DOWN	at	292997  
293135	[137]	:	Key	71	UP	at	293134  
298453	[5318]	:	Key	97	DOWN	at	298453  
298614	[161]	:	Key	97	UP	at	298614  
317359	[18745]	:	Key	97	DOWN	at	317358  
317525	[166]	:	Key	97	UP	at	317525  
337726	[20201]	:	Key	97	DOWN	at	337726  
337802	[76]	:	Key	97	UP	at	337758  
349535	[11733]	:	Key	97	DOWN	at	349534  
349655	[120]	:	Key	97	UP	at	349654  
369302	[19647]	:	Key	97	DOWN	at	369302  
369448	[146]	:	Key	97	UP	at	369447  
414207	[44759]	:	Key	97	DOWN	at	414206  
414374	[167]	:	Key	97	UP	at	414374  
424207	[9833]	:	Key	97	DOWN	at	424207  
424303	[96]	:	Key	97	UP	at	424303  
442918	[18615]	:	Key	97	DOWN	at	442918  
443030	[112]	:	Key	97	UP	at	443030  
466704	[23674]	:	Key	97	DOWN	at	466703  
466845	[141]	:	Key	97	UP	at	466845  
501663	[34818]	:	Key	97	DOWN	at	501662  
501831	[168]	:	Key	97	UP	at	501831  
520422	[18591]	:	Key	97	DOWN	at	520422  
520552	[130]	:	Key	97	UP	at	520551  
532528	[11976]	:	Key	97	DOWN	at	532527  
532663	[135]	:	Key	97	UP	at	532663  
571230	[38567]	:	Key	97	DOWN	at	571230  
571342	[112]	:	Key	97	UP	at	571342  
582647	[11305]	:	Key	97	DOWN	at	582646  
582758	[111]	:	Key	97	UP	at	582758  
597287	[14529]	:	Key	97	DOWN	at	597287  
597415	[128]	:	Key	97	UP	at	597414  
671657	[74242]	:	Key	97	DOWN	at	671656  
671760	[103]	:	Key	97	UP	at	671759  
689111	[17351]	:	Key	97	DOWN	at	689111  
689223	[112]	:	Key	97	UP	at	689223  
710040	[20817]	:	Key	97	DOWN	at	710039  
710350	[310]	:	Key	97	UP	at	710350  
712438	[2088]	:	Key	98	DOWN	at	712438  
712632	[194]	:	Key	98	UP	at	712631  
713214	[582]	:	Key	97	DOWN	at	713214  
713375	[161]	:	Key	97	UP	at	713374  
725111	[11736]	:	Key	97	DOWN	at	725110  
725319	[208]	:	Key	97	UP	at	725318  
731950	[6631]	:	Key	97	DOWN	at	731950  
732951	[1001]	:	Key	97	UP	at	732215  
744406	[11455]	:	Key	71	DOWN	at	744406  
744703	[297]	:	Key	71	UP	at	744592  
748062	[3359]	:	Key	71	DOWN	at	748062  
916511	[168449]	:	Key	71	DOWN	at	916511  
916656	[145]	:	Key	71	UP	at	916655  
919089	[2433]	:	Key	71	DOWN	at	919088  
1075641	[156552]	:	Key	71	DOWN	at	1075623 
1663561	[587920]	:	Key	97	DOWN	at	1663561 
1664561	[1000]	:	Key	97	UP	at	1663736 
1671192	[6631]	:	Key	71	DOWN	at	1671191 
2307617	[636425]	:	Key	97	DOWN	at	2307617 
2308618	[1001]	:	Key	97	UP	at	2307761 
2380074	[71456]	:	Key	71	DOWN	at	2380073 
3272626	[892552]	:	Key	97	DOWN	at	3272625 
3273626	[1000]	:	Key	97	UP	at	3272739 
3282098	[8472]	:	Key	71	DOWN	at	3282097 
3885291	[603193]	:	Key	97	DOWN	at	3885290 
3886291	[1000]	:	Key	97	UP	at	3885394 
3933940	[47649]	:	Key	71	DOWN	at	3933939 
5149869	[1215929]	:	Key	71	DOWN	at	5149869 
5149905	[36]	:	COGENT STOP
