Cog2000 log file Tue Jun 08 11:07:20 2021
gprim v1.33 Compiled:Aug 12 2015 (GLib DirectDraw v7 DX12.0 Compiled:Aug 12 2015)
Display:1024x768x32 59.88Hz
Attaching C:\Users\CARE-LAB\Desktop\SaharRajabi\Final MBMF+Drug Task\Final MBMF+Drug Task\Cogent2000v1.33\Toolbox\CogInput.mexw64
CogInput v1.05 Compiled: May 20 2010
8	[8]	:	COGENT START
11295	[11287]	:	Key	97	DOWN	at	11294   
11440	[145]	:	Key	97	UP	at	11438   
13430	[1990]	:	Key	97	DOWN	at	13430   
13506	[76]	:	Key	97	UP	at	13502   
13775	[269]	:	Key	97	DOWN	at	13774   
14775	[1000]	:	Key	97	UP	at	13846   
14880	[105]	:	Key	97	DOWN	at	14782   
14951	[71]	:	Key	97	UP	at	14951   
16591	[1640]	:	Key	71	DOWN	at	16590   
16858	[267]	:	Key	71	UP	at	16758   
19823	[2965]	:	Key	71	DOWN	at	19822   
23298	[3475]	:	Key	71	UP	at	20022   
24287	[989]	:	Key	71	DOWN	at	24286   
27614	[3327]	:	Key	71	UP	at	24471   
28527	[913]	:	Key	71	DOWN	at	28526   
31839	[3312]	:	Key	71	UP	at	28710   
34742	[2903]	:	Key	71	DOWN	at	34742   
38068	[3326]	:	Key	71	UP	at	34894   
39239	[1171]	:	Key	71	DOWN	at	39239   
42557	[3318]	:	Key	71	UP	at	39399   
43560	[1003]	:	Key	71	DOWN	at	43559   
46875	[3315]	:	Key	71	UP	at	43735   
48295	[1420]	:	Key	71	DOWN	at	48294   
51612	[3317]	:	Key	71	UP	at	48438   
52687	[1075]	:	Key	71	DOWN	at	52687   
56001	[3314]	:	Key	71	UP	at	52831   
56823	[822]	:	Key	71	DOWN	at	56823   
60138	[3315]	:	Key	71	UP	at	56959   
63343	[3205]	:	Key	71	DOWN	at	63343   
66660	[3317]	:	Key	71	UP	at	63511   
67630	[970]	:	Key	71	DOWN	at	67630   
70948	[3318]	:	Key	71	UP	at	67766   
71688	[740]	:	Key	71	DOWN	at	71686   
75005	[3317]	:	Key	71	UP	at	71815   
75520	[515]	:	Key	71	DOWN	at	75518   
78838	[3318]	:	Key	71	UP	at	75646   
79424	[586]	:	Key	71	DOWN	at	79423   
82741	[3317]	:	Key	71	UP	at	79615   
83328	[587]	:	Key	71	DOWN	at	83327   
86644	[3316]	:	Key	71	UP	at	83487   
87887	[1243]	:	Key	71	DOWN	at	87886   
91201	[3314]	:	Key	71	UP	at	88063   
91838	[637]	:	Key	71	DOWN	at	91838   
95156	[3318]	:	Key	71	UP	at	92022   
98672	[3516]	:	Key	71	DOWN	at	98671   
101988	[3316]	:	Key	71	UP	at	98887   
102503	[515]	:	Key	71	DOWN	at	102502  
105820	[3317]	:	Key	71	UP	at	102654  
106760	[940]	:	Key	71	DOWN	at	106759  
110078	[3318]	:	Key	71	UP	at	106926  
110607	[529]	:	Key	71	DOWN	at	110606  
113922	[3315]	:	Key	71	UP	at	110759  
113923	[1]	:	Key	71	DOWN	at	113255  
113924	[1]	:	Key	71	UP	at	113487  
114679	[755]	:	Key	71	DOWN	at	114679  
117997	[3318]	:	Key	71	UP	at	114831  
119727	[1730]	:	Key	71	DOWN	at	119727  
123045	[3318]	:	Key	71	UP	at	119862  
123590	[545]	:	Key	71	DOWN	at	123590  
126905	[3315]	:	Key	71	UP	at	123719  
127374	[469]	:	Key	71	DOWN	at	127374  
130691	[3317]	:	Key	71	UP	at	127542  
131254	[563]	:	Key	71	DOWN	at	131254  
134569	[3315]	:	Key	71	UP	at	131430  
135240	[671]	:	Key	71	DOWN	at	135239  
138556	[3316]	:	Key	71	UP	at	135446  
138557	[1]	:	Key	71	DOWN	at	138015  
138558	[1]	:	Key	71	UP	at	138111  
139430	[872]	:	Key	71	DOWN	at	139430  
142747	[3317]	:	Key	71	UP	at	139560  
143767	[1020]	:	Key	71	DOWN	at	143766  
147083	[3316]	:	Key	71	UP	at	143959  
148663	[1580]	:	Key	71	DOWN	at	148662  
151978	[3315]	:	Key	71	UP	at	148886  
153024	[1046]	:	Key	71	DOWN	at	153023  
156354	[3330]	:	Key	71	UP	at	153183  
156999	[645]	:	Key	71	DOWN	at	156998  
160315	[3316]	:	Key	71	UP	at	157144  
162352	[2037]	:	Key	71	DOWN	at	162351  
165670	[3318]	:	Key	71	UP	at	162526  
166608	[938]	:	Key	71	DOWN	at	166607  
169926	[3318]	:	Key	71	UP	at	166758  
170543	[617]	:	Key	71	DOWN	at	170543  
173861	[3318]	:	Key	71	UP	at	170671  
174536	[675]	:	Key	71	DOWN	at	174535  
177851	[3315]	:	Key	71	UP	at	174655  
178368	[517]	:	Key	71	DOWN	at	178368  
181686	[3318]	:	Key	71	UP	at	178551  
182615	[929]	:	Key	71	DOWN	at	182615  
185930	[3315]	:	Key	71	UP	at	182743  
186367	[437]	:	Key	71	DOWN	at	186367  
189682	[3315]	:	Key	71	UP	at	186502  
189683	[1]	:	Key	71	DOWN	at	189063  
189684	[1]	:	Key	71	UP	at	189199  
190742	[1058]	:	Key	71	DOWN	at	190742  
194058	[3316]	:	Key	71	UP	at	190903  
194584	[526]	:	Key	71	DOWN	at	194584  
197902	[3318]	:	Key	71	UP	at	194727  
198432	[530]	:	Key	71	DOWN	at	198431  
201745	[3313]	:	Key	71	UP	at	198583  
202655	[910]	:	Key	71	DOWN	at	202655  
205971	[3316]	:	Key	71	UP	at	202823  
206679	[708]	:	Key	71	DOWN	at	206679  
209997	[3318]	:	Key	71	UP	at	206815  
210472	[475]	:	Key	71	DOWN	at	210470  
213788	[3316]	:	Key	71	UP	at	210599  
214336	[548]	:	Key	71	DOWN	at	214335  
217653	[3317]	:	Key	71	UP	at	214463  
218328	[675]	:	Key	71	DOWN	at	218327  
221644	[3316]	:	Key	71	UP	at	218510  
222152	[508]	:	Key	71	DOWN	at	222152  
226107	[3955]	:	Key	71	UP	at	222312  
238136	[12029]	:	Key	71	DOWN	at	238135  
239198	[1062]	:	Key	71	UP	at	238271  
240264	[1066]	:	Key	97	DOWN	at	240264  
241400	[1136]	:	Key	97	UP	at	240376  
242087	[687]	:	Key	98	DOWN	at	242087  
243211	[1124]	:	Key	98	UP	at	242214  
244752	[1541]	:	Key	97	DOWN	at	244751  
245879	[1127]	:	Key	97	UP	at	244862  
247159	[1280]	:	Key	98	DOWN	at	247158  
248276	[1117]	:	Key	98	UP	at	247206  
249712	[1436]	:	Key	97	DOWN	at	249712  
250854	[1142]	:	Key	97	UP	at	249823  
251823	[969]	:	Key	98	DOWN	at	251823  
252935	[1112]	:	Key	98	UP	at	251911  
253936	[1001]	:	Key	97	DOWN	at	253935  
255057	[1121]	:	Key	97	UP	at	254038  
256055	[998]	:	Key	98	DOWN	at	256055  
257738	[1683]	:	Key	98	UP	at	256158  
259711	[1973]	:	Key	71	DOWN	at	259711  
260761	[1050]	:	Key	71	UP	at	259959  
262278	[1517]	:	Key	97	DOWN	at	262278  
263393	[1115]	:	Key	97	UP	at	262383  
264480	[1087]	:	Key	97	DOWN	at	264479  
265621	[1141]	:	Key	97	UP	at	264551  
266639	[1018]	:	Key	98	DOWN	at	266638  
267770	[1131]	:	Key	98	UP	at	266742  
268926	[1156]	:	Key	97	DOWN	at	268926  
270056	[1130]	:	Key	97	UP	at	269023  
270886	[830]	:	Key	98	DOWN	at	270886  
272025	[1139]	:	Key	98	UP	at	270982  
273296	[1271]	:	Key	98	DOWN	at	273294  
274434	[1138]	:	Key	98	UP	at	273383  
275447	[1013]	:	Key	97	DOWN	at	275447  
276560	[1113]	:	Key	97	UP	at	275519  
278704	[2144]	:	Key	98	DOWN	at	278702  
279905	[1201]	:	Key	98	UP	at	278766  
283160	[3255]	:	Key	71	DOWN	at	283159  
283487	[327]	:	Key	71	UP	at	283382  
284568	[1081]	:	Key	71	DOWN	at	284567  
284720	[152]	:	Key	71	UP	at	284718  
284782	[62]	:	Key	71	DOWN	at	284782  
288099	[3317]	:	Key	71	UP	at	284886  
288447	[348]	:	Key	71	DOWN	at	288446  
291763	[3316]	:	Key	71	UP	at	288687  
292504	[741]	:	Key	71	DOWN	at	292503  
295820	[3316]	:	Key	71	UP	at	292719  
296360	[540]	:	Key	71	DOWN	at	296360  
299677	[3317]	:	Key	71	UP	at	296560  
300160	[483]	:	Key	71	DOWN	at	300159  
303478	[3318]	:	Key	71	UP	at	300375  
303934	[456]	:	Key	71	DOWN	at	303934  
307249	[3315]	:	Key	71	UP	at	304134  
308158	[909]	:	Key	71	DOWN	at	308158  
311472	[3314]	:	Key	71	UP	at	308535  
312432	[960]	:	Key	71	DOWN	at	312432  
315751	[3319]	:	Key	71	UP	at	312656  
316327	[576]	:	Key	71	DOWN	at	316327  
319646	[3319]	:	Key	71	UP	at	316575  
320551	[905]	:	Key	71	DOWN	at	320551  
323869	[3318]	:	Key	71	UP	at	320783  
324406	[537]	:	Key	71	DOWN	at	324406  
327722	[3316]	:	Key	71	UP	at	324630  
328496	[774]	:	Key	71	DOWN	at	328495  
331815	[3319]	:	Key	71	UP	at	328703  
332158	[343]	:	Key	71	DOWN	at	332158  
335472	[3314]	:	Key	71	UP	at	332358  
335862	[390]	:	Key	71	DOWN	at	335862  
339167	[3305]	:	Key	71	UP	at	336070  
339168	[1]	:	Key	71	DOWN	at	338158  
339169	[1]	:	Key	71	UP	at	338472  
339944	[775]	:	Key	71	DOWN	at	339943  
343262	[3318]	:	Key	71	UP	at	340223  
343263	[1]	:	Key	71	DOWN	at	342360  
343264	[1]	:	Key	71	UP	at	342608  
343832	[568]	:	Key	71	DOWN	at	343832  
347737	[3905]	:	Key	71	UP	at	344000  
355454	[7717]	:	Key	71	DOWN	at	355454  
356513	[1059]	:	Key	71	UP	at	355702  
357392	[879]	:	Key	97	DOWN	at	357391  
358525	[1133]	:	Key	97	UP	at	357511  
359672	[1147]	:	Key	97	DOWN	at	359671  
360781	[1109]	:	Key	97	UP	at	359775  
361664	[883]	:	Key	97	DOWN	at	361663  
362784	[1120]	:	Key	97	UP	at	361783  
363887	[1103]	:	Key	97	DOWN	at	363886  
365004	[1117]	:	Key	97	UP	at	363990  
365960	[956]	:	Key	97	DOWN	at	365960  
367105	[1145]	:	Key	97	UP	at	366071  
368000	[895]	:	Key	98	DOWN	at	367999  
369114	[1114]	:	Key	98	UP	at	368111  
370168	[1054]	:	Key	97	DOWN	at	370167  
371292	[1124]	:	Key	97	UP	at	370255  
372240	[948]	:	Key	97	DOWN	at	372239  
373900	[1660]	:	Key	97	UP	at	372351  
376904	[3004]	:	Key	71	DOWN	at	376903  
377963	[1059]	:	Key	71	UP	at	377144  
379246	[1283]	:	Key	98	DOWN	at	379246  
380407	[1161]	:	Key	98	UP	at	379303  
381409	[1002]	:	Key	98	DOWN	at	381408  
382523	[1114]	:	Key	98	UP	at	381527  
383574	[1051]	:	Key	97	DOWN	at	383574  
384716	[1142]	:	Key	97	UP	at	383686  
386014	[1298]	:	Key	97	DOWN	at	386014  
387123	[1109]	:	Key	97	UP	at	386094  
388273	[1150]	:	Key	97	DOWN	at	388272  
389390	[1117]	:	Key	97	UP	at	388344  
390216	[826]	:	Key	98	DOWN	at	390216  
391348	[1132]	:	Key	98	UP	at	390335  
392983	[1635]	:	Key	97	DOWN	at	392983  
394111	[1128]	:	Key	97	UP	at	393096  
395031	[920]	:	Key	97	DOWN	at	395031  
396229	[1198]	:	Key	97	UP	at	395143  
399496	[3267]	:	Key	71	DOWN	at	399495  
399803	[307]	:	Key	71	UP	at	399686  
402192	[2389]	:	Key	71	DOWN	at	402192  
402368	[176]	:	Key	71	UP	at	402368  
405936	[3568]	:	Key	71	DOWN	at	405936  
406223	[287]	:	Key	71	UP	at	406223  
407944	[1721]	:	Key	97	DOWN	at	407943  
408104	[160]	:	Key	97	UP	at	408102  
408872	[768]	:	Key	97	DOWN	at	408871  
408984	[112]	:	Key	97	UP	at	408983  
409312	[328]	:	Key	97	DOWN	at	409311  
409391	[79]	:	Key	97	UP	at	409376  
410767	[1376]	:	Key	97	DOWN	at	410766  
410872	[105]	:	Key	97	UP	at	410871  
411088	[216]	:	Key	97	DOWN	at	411087  
411199	[111]	:	Key	97	UP	at	411199  
411449	[250]	:	Key	97	DOWN	at	411448  
411543	[94]	:	Key	97	UP	at	411520  
411736	[193]	:	Key	97	DOWN	at	411735  
411832	[96]	:	Key	97	UP	at	411807  
411976	[144]	:	Key	97	DOWN	at	411975  
412063	[87]	:	Key	97	UP	at	412039  
412184	[121]	:	Key	97	DOWN	at	412183  
412262	[78]	:	Key	97	UP	at	412247  
412345	[83]	:	Key	97	DOWN	at	412344  
412433	[88]	:	Key	97	UP	at	412416  
412657	[224]	:	Key	97	DOWN	at	412656  
412749	[92]	:	Key	97	UP	at	412719  
413040	[291]	:	Key	97	DOWN	at	413039  
413137	[97]	:	Key	97	UP	at	413086  
413464	[327]	:	Key	97	DOWN	at	413463  
413561	[97]	:	Key	97	UP	at	413534  
413831	[270]	:	Key	97	DOWN	at	413830  
413909	[78]	:	Key	97	UP	at	413887  
414184	[275]	:	Key	97	DOWN	at	414183  
414278	[94]	:	Key	97	UP	at	414223  
414576	[298]	:	Key	97	DOWN	at	414575  
414667	[91]	:	Key	97	UP	at	414623  
414856	[189]	:	Key	97	DOWN	at	414855  
414937	[81]	:	Key	97	UP	at	414895  
415168	[231]	:	Key	97	DOWN	at	415168  
415255	[87]	:	Key	97	UP	at	415208  
415481	[226]	:	Key	97	DOWN	at	415480  
415571	[90]	:	Key	97	UP	at	415520  
416047	[476]	:	Key	97	DOWN	at	416047  
417048	[1001]	:	Key	97	UP	at	416111  
418079	[1031]	:	Key	71	DOWN	at	418079  
418366	[287]	:	Key	71	UP	at	418264  
423535	[5169]	:	Key	71	DOWN	at	423535  
491288	[67753]	:	Key	71	DOWN	at	491288  
491521	[233]	:	Key	71	UP	at	491520  
492728	[1207]	:	Key	71	DOWN	at	492727  
1038536	[545808]	:	Key	97	DOWN	at	1038536 
1039537	[1001]	:	Key	97	UP	at	1038633 
1040929	[1392]	:	Key	71	DOWN	at	1040928 
1590923	[549994]	:	Key	97	DOWN	at	1590922 
1591923	[1000]	:	Key	97	UP	at	1591065 
1594866	[2943]	:	Key	71	DOWN	at	1594865 
2510429	[915563]	:	Key	97	DOWN	at	2510428 
2511429	[1000]	:	Key	97	UP	at	2510556 
2517347	[5918]	:	Key	71	DOWN	at	2517347 
3141581	[624234]	:	Key	97	DOWN	at	3141581 
3142581	[1000]	:	Key	97	UP	at	3141677 
3143348	[767]	:	Key	71	DOWN	at	3143348 
4261303	[1117955]	:	Key	71	DOWN	at	4261303 
4261346	[43]	:	COGENT STOP
