Cog2000 log file Tue Jun 01 10:56:30 2021
gprim v1.33 Compiled:Aug 12 2015 (GLib DirectDraw v7 DX12.0 Compiled:Aug 12 2015)
Display:1024x768x32 59.88Hz
Attaching C:\Users\CARE-LAB\Desktop\SaharRajabi\Final MBMF+Drug Task\Final MBMF+Drug Task\Cogent2000v1.33\Toolbox\CogInput.mexw64
CogInput v1.05 Compiled: May 20 2010
8	[8]	:	COGENT START
26122	[26114]	:	Key	97	DOWN	at	26120   
26267	[145]	:	Key	97	UP	at	26265   
34977	[8710]	:	Key	97	DOWN	at	34977   
35114	[137]	:	Key	97	UP	at	35113   
44320	[9206]	:	Key	97	DOWN	at	44320   
45321	[1001]	:	Key	97	UP	at	44431   
45593	[272]	:	Key	97	DOWN	at	45592   
45808	[215]	:	Key	97	UP	at	45808   
48735	[2927]	:	Key	71	DOWN	at	48735   
48941	[206]	:	Key	71	UP	at	48879   
53496	[4555]	:	Key	71	DOWN	at	53496   
56933	[3437]	:	Key	71	UP	at	53688   
62161	[5228]	:	Key	71	DOWN	at	62160   
65471	[3310]	:	Key	71	UP	at	62328   
76193	[10722]	:	Key	71	DOWN	at	76193   
79511	[3318]	:	Key	71	UP	at	76345   
83095	[3584]	:	Key	71	DOWN	at	83095   
86410	[3315]	:	Key	71	UP	at	83289   
87063	[653]	:	Key	71	DOWN	at	87063   
90378	[3315]	:	Key	71	UP	at	87241   
91145	[767]	:	Key	71	DOWN	at	91144   
94461	[3316]	:	Key	71	UP	at	91320   
99545	[5084]	:	Key	71	DOWN	at	99544   
102862	[3317]	:	Key	71	UP	at	99784   
104912	[2050]	:	Key	71	DOWN	at	104912  
108228	[3316]	:	Key	71	UP	at	105080  
108800	[572]	:	Key	71	DOWN	at	108800  
112113	[3313]	:	Key	71	UP	at	108984  
112871	[758]	:	Key	71	DOWN	at	112871  
116184	[3313]	:	Key	71	UP	at	113064  
119431	[3247]	:	Key	71	DOWN	at	119431  
122747	[3316]	:	Key	71	UP	at	119623  
128345	[5598]	:	Key	71	DOWN	at	128344  
131659	[3314]	:	Key	71	UP	at	128550  
132473	[814]	:	Key	71	DOWN	at	132472  
135790	[3317]	:	Key	71	UP	at	132680  
137881	[2091]	:	Key	71	DOWN	at	137881  
141198	[3317]	:	Key	71	UP	at	138088  
149249	[8051]	:	Key	71	DOWN	at	149248  
152562	[3313]	:	Key	71	UP	at	149447  
166025	[13463]	:	Key	71	DOWN	at	166024  
169341	[3316]	:	Key	71	UP	at	166192  
171001	[1660]	:	Key	71	DOWN	at	171000  
174315	[3314]	:	Key	71	UP	at	171159  
181825	[7510]	:	Key	71	DOWN	at	181825  
185141	[3316]	:	Key	71	UP	at	182017  
187488	[2347]	:	Key	71	DOWN	at	187488  
190790	[3302]	:	Key	71	UP	at	187680  
201193	[10403]	:	Key	71	DOWN	at	201192  
204508	[3315]	:	Key	71	UP	at	201423  
205807	[1299]	:	Key	71	DOWN	at	205807  
209124	[3317]	:	Key	71	UP	at	206023  
210768	[1644]	:	Key	71	DOWN	at	210768  
214082	[3314]	:	Key	71	UP	at	210951  
219656	[5574]	:	Key	71	DOWN	at	219656  
222973	[3317]	:	Key	71	UP	at	219863  
241153	[18180]	:	Key	71	DOWN	at	241153  
244468	[3315]	:	Key	71	UP	at	241353  
251569	[7101]	:	Key	71	DOWN	at	251568  
254886	[3317]	:	Key	71	UP	at	251761  
262872	[7986]	:	Key	71	DOWN	at	262872  
266184	[3312]	:	Key	71	UP	at	263111  
269521	[3337]	:	Key	71	DOWN	at	269521  
272838	[3317]	:	Key	71	UP	at	269689  
293841	[21003]	:	Key	71	DOWN	at	293841  
297155	[3314]	:	Key	71	UP	at	293992  
300025	[2870]	:	Key	71	DOWN	at	300024  
303341	[3316]	:	Key	71	UP	at	300192  
304080	[739]	:	Key	71	DOWN	at	304080  
307392	[3312]	:	Key	71	UP	at	304265  
307817	[425]	:	Key	71	DOWN	at	307816  
311132	[3315]	:	Key	71	UP	at	307969  
312153	[1021]	:	Key	71	DOWN	at	312152  
315454	[3301]	:	Key	71	UP	at	312280  
318809	[3355]	:	Key	71	DOWN	at	318808  
322122	[3313]	:	Key	71	UP	at	318967  
322641	[519]	:	Key	71	DOWN	at	322640  
325950	[3309]	:	Key	71	UP	at	322800  
326393	[443]	:	Key	71	DOWN	at	326392  
329707	[3314]	:	Key	71	UP	at	326552  
330105	[398]	:	Key	71	DOWN	at	330103  
333418	[3313]	:	Key	71	UP	at	330368  
333745	[327]	:	Key	71	DOWN	at	333744  
337059	[3314]	:	Key	71	UP	at	333911  
337408	[349]	:	Key	71	DOWN	at	337408  
340723	[3315]	:	Key	71	UP	at	337568  
340881	[158]	:	Key	71	DOWN	at	340880  
344195	[3314]	:	Key	71	UP	at	341048  
344625	[430]	:	Key	71	DOWN	at	344624  
347938	[3313]	:	Key	71	UP	at	344760  
348376	[438]	:	Key	71	DOWN	at	348376  
351692	[3316]	:	Key	71	UP	at	348537  
351693	[1]	:	Key	71	DOWN	at	351088  
351694	[1]	:	Key	71	UP	at	351264  
353128	[1434]	:	Key	71	DOWN	at	353127  
356440	[3312]	:	Key	71	UP	at	353312  
357416	[976]	:	Key	71	DOWN	at	357416  
360729	[3313]	:	Key	71	UP	at	357568  
361025	[296]	:	Key	71	DOWN	at	361025  
364337	[3312]	:	Key	71	UP	at	361184  
364840	[503]	:	Key	71	DOWN	at	364840  
368155	[3315]	:	Key	71	UP	at	365016  
369249	[1094]	:	Key	71	DOWN	at	369248  
372560	[3311]	:	Key	71	UP	at	369416  
372937	[377]	:	Key	71	DOWN	at	372935  
376250	[3313]	:	Key	71	UP	at	373105  
376705	[455]	:	Key	71	DOWN	at	376704  
380654	[3949]	:	Key	71	UP	at	376880  
390953	[10299]	:	Key	71	DOWN	at	390953  
392022	[1069]	:	Key	71	UP	at	391168  
392929	[907]	:	Key	98	DOWN	at	392928  
394065	[1136]	:	Key	98	UP	at	393071  
395042	[977]	:	Key	97	DOWN	at	395041  
396159	[1117]	:	Key	97	UP	at	395177  
397175	[1016]	:	Key	98	DOWN	at	397175  
398313	[1138]	:	Key	98	UP	at	397312  
400673	[2360]	:	Key	97	DOWN	at	400672  
401801	[1128]	:	Key	97	UP	at	400809  
402913	[1112]	:	Key	98	DOWN	at	402912  
404035	[1122]	:	Key	98	UP	at	403064  
405834	[1799]	:	Key	97	DOWN	at	405832  
406965	[1131]	:	Key	97	UP	at	405984  
407728	[763]	:	Key	98	DOWN	at	407727  
408850	[1122]	:	Key	98	UP	at	407879  
411376	[2526]	:	Key	97	DOWN	at	411376  
413045	[1669]	:	Key	97	UP	at	411488  
416113	[3068]	:	Key	71	DOWN	at	416113  
417168	[1055]	:	Key	71	UP	at	416929  
419135	[1967]	:	Key	98	DOWN	at	419135  
420281	[1146]	:	Key	98	UP	at	419265  
423426	[3145]	:	Key	98	DOWN	at	423425  
424574	[1148]	:	Key	98	UP	at	423561  
426712	[2138]	:	Key	98	DOWN	at	426712  
427825	[1113]	:	Key	98	UP	at	426832  
430169	[2344]	:	Key	98	DOWN	at	430169  
431292	[1123]	:	Key	98	UP	at	430305  
432839	[1547]	:	Key	98	DOWN	at	432839  
433970	[1131]	:	Key	98	UP	at	432935  
434962	[992]	:	Key	98	DOWN	at	434961  
436099	[1137]	:	Key	98	UP	at	435048  
437328	[1229]	:	Key	98	DOWN	at	437328  
438458	[1130]	:	Key	98	UP	at	437376  
439865	[1407]	:	Key	97	DOWN	at	439864  
441059	[1194]	:	Key	97	UP	at	439992  
450417	[9358]	:	Key	71	DOWN	at	450417  
450763	[346]	:	Key	71	UP	at	450648  
455233	[4470]	:	Key	71	DOWN	at	455232  
455440	[207]	:	Key	71	UP	at	455440  
455800	[360]	:	Key	71	DOWN	at	455800  
459113	[3313]	:	Key	71	UP	at	455928  
459953	[840]	:	Key	71	DOWN	at	459953  
463266	[3313]	:	Key	71	UP	at	460145  
464295	[1029]	:	Key	71	DOWN	at	464295  
467604	[3309]	:	Key	71	UP	at	464480  
469226	[1622]	:	Key	71	DOWN	at	469224  
472540	[3314]	:	Key	71	UP	at	469368  
475457	[2917]	:	Key	71	DOWN	at	475456  
478771	[3314]	:	Key	71	UP	at	475632  
480993	[2222]	:	Key	71	DOWN	at	480993  
484307	[3314]	:	Key	71	UP	at	481144  
486626	[2319]	:	Key	71	DOWN	at	486625  
489941	[3315]	:	Key	71	UP	at	486801  
492073	[2132]	:	Key	71	DOWN	at	492072  
495397	[3324]	:	Key	71	UP	at	492256  
497999	[2602]	:	Key	71	DOWN	at	497999  
501313	[3314]	:	Key	71	UP	at	498185  
502297	[984]	:	Key	71	DOWN	at	502296  
505741	[3444]	:	Key	71	UP	at	502464  
510033	[4292]	:	Key	71	DOWN	at	510032  
513346	[3313]	:	Key	71	UP	at	510193  
513802	[456]	:	Key	71	DOWN	at	513801  
517116	[3314]	:	Key	71	UP	at	513977  
517609	[493]	:	Key	71	DOWN	at	517609  
520922	[3313]	:	Key	71	UP	at	517769  
522193	[1271]	:	Key	71	DOWN	at	522192  
525507	[3314]	:	Key	71	UP	at	522368  
525913	[406]	:	Key	71	DOWN	at	525913  
529227	[3314]	:	Key	71	UP	at	526081  
529545	[318]	:	Key	71	DOWN	at	529545  
533458	[3913]	:	Key	71	UP	at	529705  
540952	[7494]	:	Key	71	DOWN	at	540952  
542000	[1048]	:	Key	71	UP	at	541160  
543578	[1578]	:	Key	97	DOWN	at	543577  
544720	[1142]	:	Key	97	UP	at	543696  
545793	[1073]	:	Key	97	DOWN	at	545793  
546918	[1125]	:	Key	97	UP	at	545888  
548146	[1228]	:	Key	97	DOWN	at	548145  
549289	[1143]	:	Key	97	UP	at	548264  
550696	[1407]	:	Key	97	DOWN	at	550696  
551826	[1130]	:	Key	97	UP	at	550800  
552977	[1151]	:	Key	97	DOWN	at	552975  
554112	[1135]	:	Key	97	UP	at	553065  
555809	[1697]	:	Key	97	DOWN	at	555809  
556938	[1129]	:	Key	97	UP	at	555912  
558480	[1542]	:	Key	98	DOWN	at	558480  
559609	[1129]	:	Key	98	UP	at	558592  
561217	[1608]	:	Key	97	DOWN	at	561216  
562889	[1672]	:	Key	97	UP	at	561296  
566514	[3625]	:	Key	71	DOWN	at	566513  
567565	[1051]	:	Key	71	UP	at	566697  
568706	[1141]	:	Key	97	DOWN	at	568705  
569837	[1131]	:	Key	97	UP	at	568808  
570760	[923]	:	Key	97	DOWN	at	570760  
571873	[1113]	:	Key	97	UP	at	570865  
572914	[1041]	:	Key	97	DOWN	at	572913  
574008	[1094]	:	Key	97	UP	at	573024  
575368	[1360]	:	Key	98	DOWN	at	575368  
576509	[1141]	:	Key	98	UP	at	575456  
577937	[1428]	:	Key	97	DOWN	at	577936  
579047	[1110]	:	Key	97	UP	at	578033  
580482	[1435]	:	Key	97	DOWN	at	580481  
581625	[1143]	:	Key	97	UP	at	580600  
582762	[1137]	:	Key	97	DOWN	at	582761  
583886	[1124]	:	Key	97	UP	at	582872  
586265	[2379]	:	Key	98	DOWN	at	586264  
587452	[1187]	:	Key	98	UP	at	586328  
590681	[3229]	:	Key	71	DOWN	at	590681  
590999	[318]	:	Key	71	UP	at	590881  
654856	[63857]	:	Key	98	DOWN	at	654856  
654956	[100]	:	Key	100	DOWN	at	654876  
655120	[164]	:	Key	100	UP	at	655120  
655162	[42]	:	Key	98	UP	at	655161  
658408	[3246]	:	Key	97	DOWN	at	658408  
658538	[130]	:	Key	97	UP	at	658537  
664913	[6375]	:	Key	97	DOWN	at	664912  
665041	[128]	:	Key	97	UP	at	665040  
667978	[2937]	:	Key	98	DOWN	at	667977  
668079	[101]	:	Key	98	UP	at	668079  
669113	[1034]	:	Key	97	DOWN	at	669112  
669216	[103]	:	Key	97	UP	at	669216  
671649	[2433]	:	Key	97	DOWN	at	671649  
671744	[95]	:	Key	97	UP	at	671744  
679161	[7417]	:	Key	97	DOWN	at	679160  
679252	[91]	:	Key	97	UP	at	679240  
689577	[10325]	:	Key	97	DOWN	at	689577  
689680	[103]	:	Key	97	UP	at	689679  
697818	[8138]	:	Key	97	DOWN	at	697817  
697929	[111]	:	Key	97	UP	at	697928  
704409	[6480]	:	Key	97	DOWN	at	704408  
704505	[96]	:	Key	97	UP	at	704504  
718002	[13497]	:	Key	97	DOWN	at	718001  
718135	[133]	:	Key	97	UP	at	718135  
729306	[11171]	:	Key	97	DOWN	at	729305  
729425	[119]	:	Key	97	UP	at	729425  
737433	[8008]	:	Key	97	DOWN	at	737432  
737576	[143]	:	Key	97	UP	at	737576  
754249	[16673]	:	Key	97	DOWN	at	754248  
754368	[119]	:	Key	97	UP	at	754368  
769001	[14633]	:	Key	97	DOWN	at	769000  
769106	[105]	:	Key	97	UP	at	769105  
782002	[12896]	:	Key	97	DOWN	at	782001  
782129	[127]	:	Key	97	UP	at	782128  
791794	[9665]	:	Key	97	DOWN	at	791793  
791889	[95]	:	Key	97	UP	at	791889  
800474	[8585]	:	Key	97	DOWN	at	800473  
800576	[102]	:	Key	97	UP	at	800576  
813153	[12577]	:	Key	97	DOWN	at	813153  
813258	[105]	:	Key	97	UP	at	813257  
815913	[2655]	:	Key	97	DOWN	at	815913  
816042	[129]	:	Key	97	UP	at	816041  
829706	[13664]	:	Key	97	DOWN	at	829705  
829817	[111]	:	Key	97	UP	at	829816  
840874	[11057]	:	Key	97	DOWN	at	840874  
841009	[135]	:	Key	97	UP	at	841008  
843378	[2369]	:	Key	97	DOWN	at	843376  
844376	[998]	:	Key	97	UP	at	843480  
846482	[2106]	:	Key	97	DOWN	at	846481  
846586	[104]	:	Key	97	UP	at	846585  
851386	[4800]	:	Key	71	DOWN	at	851385  
851673	[287]	:	Key	71	UP	at	851521  
852921	[1248]	:	Key	71	DOWN	at	852921  
926401	[73480]	:	Key	71	DOWN	at	926400  
926562	[161]	:	Key	71	UP	at	926561  
928490	[1928]	:	Key	71	DOWN	at	928490  
1494026	[565536]	:	Key	97	DOWN	at	1494026 
1495027	[1001]	:	Key	97	UP	at	1494097 
1496570	[1543]	:	Key	71	DOWN	at	1496570 
2070275	[573705]	:	Key	97	DOWN	at	2070274 
2071274	[999]	:	Key	97	UP	at	2070434 
2072763	[1489]	:	Key	71	DOWN	at	2072762 
2629986	[557223]	:	Key	97	DOWN	at	2629986 
2630986	[1000]	:	Key	97	UP	at	2630122 
2632364	[1378]	:	Key	71	DOWN	at	2632362 
3250108	[617744]	:	Key	97	DOWN	at	3250108 
3251108	[1000]	:	Key	97	UP	at	3250228 
3261684	[10576]	:	Key	71	DOWN	at	3261684 
4365404	[1103720]	:	Key	71	DOWN	at	4365404 
4365452	[48]	:	COGENT STOP
