Cog2000 log file Mon Dec 07 23:08:04 2020
gprim v1.33 Compiled:Aug 12 2015 (GLib DirectDraw v7 DX12.0 Compiled:Aug 12 2015)
Display:1024x768x32 59.99Hz
Attaching C:\Sahar Rajabi\Final MBMF+Drug Task\Cogent2000v1.33\Toolbox\CogInput.mexw64
CogInput v1.05 Compiled: May 20 2010
5	[5]	:	COGENT START
10013	[10008]	:	Key	97	DOWN	at	10012   
10149	[136]	:	Key	97	UP	at	10147   
11363	[1214]	:	Key	97	DOWN	at	11363   
11532	[169]	:	Key	97	UP	at	11531   
12067	[535]	:	Key	97	DOWN	at	12067   
13068	[1001]	:	Key	97	UP	at	12195   
15259	[2191]	:	Key	71	DOWN	at	15259   
15445	[186]	:	Key	71	UP	at	15434   
18636	[3191]	:	Key	71	DOWN	at	18635   
22060	[3424]	:	Key	71	UP	at	18827   
23932	[1872]	:	Key	71	DOWN	at	23931   
27273	[3341]	:	Key	71	UP	at	24155   
29132	[1859]	:	Key	71	DOWN	at	29131   
32447	[3315]	:	Key	71	UP	at	29299   
35316	[2869]	:	Key	71	DOWN	at	35315   
38629	[3313]	:	Key	71	UP	at	35579   
42651	[4022]	:	Key	71	DOWN	at	42651   
45958	[3307]	:	Key	71	UP	at	42867   
49187	[3229]	:	Key	71	DOWN	at	49187   
52498	[3311]	:	Key	71	UP	at	49452   
60692	[8194]	:	Key	71	DOWN	at	60691   
63999	[3307]	:	Key	71	UP	at	61003   
69619	[5620]	:	Key	71	DOWN	at	69619   
72932	[3313]	:	Key	71	UP	at	69907   
79172	[6240]	:	Key	71	DOWN	at	79171   
82485	[3313]	:	Key	71	UP	at	79299   
94795	[12310]	:	Key	71	DOWN	at	94795   
98109	[3314]	:	Key	71	UP	at	95116   
101500	[3391]	:	Key	71	DOWN	at	101499  
104812	[3312]	:	Key	71	UP	at	101698  
111196	[6384]	:	Key	71	DOWN	at	111195  
114507	[3311]	:	Key	71	UP	at	111458  
115756	[1249]	:	Key	71	DOWN	at	115754  
119068	[3312]	:	Key	71	UP	at	115923  
120314	[1246]	:	Key	71	DOWN	at	120314  
123624	[3310]	:	Key	71	UP	at	120516  
125547	[1923]	:	Key	71	DOWN	at	125546  
128854	[3307]	:	Key	71	UP	at	125723  
133434	[4580]	:	Key	71	DOWN	at	133434  
136747	[3313]	:	Key	71	UP	at	133652  
137803	[1056]	:	Key	71	DOWN	at	137803  
141111	[3308]	:	Key	71	UP	at	138011  
142163	[1052]	:	Key	71	DOWN	at	142163  
145472	[3309]	:	Key	71	UP	at	142338  
153299	[7827]	:	Key	71	DOWN	at	153299  
156612	[3313]	:	Key	71	UP	at	153444  
169690	[13078]	:	Key	71	DOWN	at	169690  
173007	[3317]	:	Key	71	UP	at	169908  
176843	[3836]	:	Key	71	DOWN	at	176842  
180153	[3310]	:	Key	71	UP	at	177060  
183548	[3395]	:	Key	71	DOWN	at	183547  
186858	[3310]	:	Key	71	UP	at	183779  
197643	[10785]	:	Key	71	DOWN	at	197643  
200954	[3311]	:	Key	71	UP	at	197795  
201924	[970]	:	Key	71	DOWN	at	201923  
205241	[3317]	:	Key	71	UP	at	202131  
206260	[1019]	:	Key	71	DOWN	at	206260  
209569	[3309]	:	Key	71	UP	at	206443  
211819	[2250]	:	Key	71	DOWN	at	211819  
215132	[3313]	:	Key	71	UP	at	211988  
218995	[3863]	:	Key	71	DOWN	at	218995  
222302	[3307]	:	Key	71	UP	at	219195  
223939	[1637]	:	Key	71	DOWN	at	223939  
227252	[3313]	:	Key	71	UP	at	224180  
229803	[2551]	:	Key	71	DOWN	at	229803  
233117	[3314]	:	Key	71	UP	at	229995  
234092	[975]	:	Key	71	DOWN	at	234092  
237406	[3314]	:	Key	71	UP	at	234315  
242620	[5214]	:	Key	71	DOWN	at	242619  
245933	[3313]	:	Key	71	UP	at	242772  
249027	[3094]	:	Key	71	DOWN	at	249027  
252337	[3310]	:	Key	71	UP	at	249506  
255067	[2730]	:	Key	71	DOWN	at	255067  
258379	[3312]	:	Key	71	UP	at	255291  
260458	[2079]	:	Key	71	DOWN	at	260458  
263770	[3312]	:	Key	71	UP	at	260708  
264548	[778]	:	Key	71	DOWN	at	264548  
267861	[3313]	:	Key	71	UP	at	264747  
269765	[1904]	:	Key	71	DOWN	at	269764  
273080	[3315]	:	Key	71	UP	at	270059  
278355	[5275]	:	Key	71	DOWN	at	278355  
281665	[3310]	:	Key	71	UP	at	278691  
282612	[947]	:	Key	71	DOWN	at	282611  
285923	[3311]	:	Key	71	UP	at	282779  
286731	[808]	:	Key	71	DOWN	at	286731  
290039	[3308]	:	Key	71	UP	at	286932  
292562	[2523]	:	Key	71	DOWN	at	292562  
295873	[3311]	:	Key	71	UP	at	292731  
297628	[1755]	:	Key	71	DOWN	at	297627  
300941	[3313]	:	Key	71	UP	at	297818  
304140	[3199]	:	Key	71	DOWN	at	304139  
307450	[3310]	:	Key	71	UP	at	304340  
311147	[3697]	:	Key	71	DOWN	at	311147  
314458	[3311]	:	Key	71	UP	at	311339  
315908	[1450]	:	Key	71	DOWN	at	315908  
319220	[3312]	:	Key	71	UP	at	316084  
320949	[1729]	:	Key	71	DOWN	at	320948  
324258	[3309]	:	Key	71	UP	at	321140  
325668	[1410]	:	Key	71	DOWN	at	325667  
328983	[3315]	:	Key	71	UP	at	325940  
329876	[893]	:	Key	71	DOWN	at	329876  
333190	[3314]	:	Key	71	UP	at	330147  
336059	[2869]	:	Key	71	DOWN	at	336059  
340019	[3960]	:	Key	71	UP	at	336243  
341123	[1104]	:	Key	71	DOWN	at	341122  
342173	[1050]	:	Key	71	UP	at	341275  
342174	[1]	:	Key	97	DOWN	at	342124  
342307	[133]	:	Key	97	UP	at	342307  
343900	[1593]	:	Key	97	DOWN	at	343900  
345032	[1132]	:	Key	97	UP	at	344003  
345987	[955]	:	Key	97	DOWN	at	345987  
347111	[1124]	:	Key	97	UP	at	346147  
348461	[1350]	:	Key	97	DOWN	at	348460  
349569	[1108]	:	Key	97	UP	at	348611  
350805	[1236]	:	Key	98	DOWN	at	350804  
351913	[1108]	:	Key	98	UP	at	350963  
353370	[1457]	:	Key	97	DOWN	at	353370  
354498	[1128]	:	Key	97	UP	at	353516  
355890	[1392]	:	Key	97	DOWN	at	355890  
357009	[1119]	:	Key	97	UP	at	356035  
358307	[1298]	:	Key	97	DOWN	at	358307  
359429	[1122]	:	Key	97	UP	at	358427  
361293	[1864]	:	Key	98	DOWN	at	361292  
362993	[1700]	:	Key	98	UP	at	361443  
366500	[3507]	:	Key	71	DOWN	at	366499  
367544	[1044]	:	Key	71	UP	at	366644  
369171	[1627]	:	Key	97	DOWN	at	369171  
370296	[1125]	:	Key	97	UP	at	369347  
371899	[1603]	:	Key	97	DOWN	at	371899  
373020	[1121]	:	Key	97	UP	at	372052  
373963	[943]	:	Key	98	DOWN	at	373963  
375073	[1110]	:	Key	98	UP	at	374147  
376843	[1770]	:	Key	97	DOWN	at	376843  
377970	[1127]	:	Key	97	UP	at	377003  
378949	[979]	:	Key	98	DOWN	at	378948  
380082	[1133]	:	Key	98	UP	at	379147  
381539	[1457]	:	Key	98	DOWN	at	381539  
382660	[1121]	:	Key	98	UP	at	381755  
384115	[1455]	:	Key	97	DOWN	at	384115  
385232	[1117]	:	Key	97	UP	at	384276  
386748	[1516]	:	Key	97	DOWN	at	386748  
387928	[1180]	:	Key	97	UP	at	386899  
390453	[2525]	:	Key	71	DOWN	at	390452  
390780	[327]	:	Key	71	UP	at	390643  
392252	[1472]	:	Key	71	DOWN	at	392252  
392402	[150]	:	Key	71	UP	at	392402  
393203	[801]	:	Key	97	DOWN	at	393203  
393365	[162]	:	Key	97	UP	at	393364  
394085	[720]	:	Key	97	DOWN	at	394084  
394228	[143]	:	Key	97	UP	at	394226  
395748	[1520]	:	Key	97	DOWN	at	395747  
395908	[160]	:	Key	97	UP	at	395907  
396316	[408]	:	Key	97	DOWN	at	396316  
396484	[168]	:	Key	97	UP	at	396484  
397067	[583]	:	Key	98	DOWN	at	397067  
397205	[138]	:	Key	98	UP	at	397204  
397587	[382]	:	Key	97	DOWN	at	397587  
397716	[129]	:	Key	97	UP	at	397715  
398052	[336]	:	Key	97	DOWN	at	398052  
398204	[152]	:	Key	97	UP	at	398203  
399213	[1009]	:	Key	97	DOWN	at	399212  
399356	[143]	:	Key	97	UP	at	399355  
401066	[1710]	:	Key	97	DOWN	at	401066  
401259	[193]	:	Key	97	UP	at	401259  
403067	[1808]	:	Key	97	DOWN	at	403067  
403219	[152]	:	Key	97	UP	at	403219  
403572	[353]	:	Key	97	DOWN	at	403572  
403716	[144]	:	Key	97	UP	at	403715  
404044	[328]	:	Key	97	DOWN	at	404043  
404163	[119]	:	Key	97	UP	at	404163  
405227	[1064]	:	Key	97	DOWN	at	405227  
405380	[153]	:	Key	97	UP	at	405379  
405804	[424]	:	Key	97	DOWN	at	405803  
405948	[144]	:	Key	97	UP	at	405948  
406677	[729]	:	Key	97	DOWN	at	406676  
406836	[159]	:	Key	97	UP	at	406835  
407194	[358]	:	Key	97	DOWN	at	407194  
407356	[162]	:	Key	97	UP	at	407356  
407724	[368]	:	Key	97	DOWN	at	407723  
407861	[137]	:	Key	97	UP	at	407860  
408203	[342]	:	Key	97	DOWN	at	408203  
408348	[145]	:	Key	97	UP	at	408347  
408716	[368]	:	Key	97	DOWN	at	408715  
408851	[135]	:	Key	97	UP	at	408851  
409405	[554]	:	Key	97	DOWN	at	409404  
409563	[158]	:	Key	97	UP	at	409563  
414693	[5130]	:	Key	97	DOWN	at	414692  
414852	[159]	:	Key	97	UP	at	414851  
415980	[1128]	:	Key	97	DOWN	at	415980  
416981	[1001]	:	Key	97	UP	at	416115  
422731	[5750]	:	Key	71	DOWN	at	422731  
423029	[298]	:	Key	71	UP	at	422884  
424053	[1024]	:	Key	71	DOWN	at	424052  
505460	[81407]	:	Key	71	DOWN	at	505459  
505636	[176]	:	Key	71	UP	at	505635  
506493	[857]	:	Key	71	DOWN	at	506492  
1168389	[661896]	:	Key	97	DOWN	at	1168388 
1169390	[1001]	:	Key	97	UP	at	1168532 
1172420	[3030]	:	Key	71	DOWN	at	1172419 
1890197	[717777]	:	Key	97	DOWN	at	1890196 
1891196	[999]	:	Key	97	UP	at	1890397 
1894077	[2881]	:	Key	71	DOWN	at	1894077 
2765912	[871835]	:	Key	97	DOWN	at	2765911 
2766911	[999]	:	Key	97	UP	at	2766053 
2769159	[2248]	:	Key	71	DOWN	at	2769158 
3409318	[640159]	:	Key	97	DOWN	at	3409318 
3410318	[1000]	:	Key	97	UP	at	3409470 
3422447	[12129]	:	Key	71	DOWN	at	3422447 
4392807	[970360]	:	Key	71	DOWN	at	4392807 
4392831	[24]	:	COGENT STOP
