Cog2000 log file Mon Nov 23 23:17:21 2020
gprim v1.33 Compiled:Aug 12 2015 (GLib DirectDraw v7 DX12.0 Compiled:Aug 12 2015)
Display:1024x768x32 59.99Hz
Attaching C:\Sahar Rajabi\Final MBMF+Drug Task\Cogent2000v1.33\Toolbox\CogInput.mexw64
CogInput v1.05 Compiled: May 20 2010
5	[5]	:	COGENT START
12513	[12508]	:	Key	98	DOWN	at	12512   
12651	[138]	:	Key	98	UP	at	12649   
15825	[3174]	:	Key	98	DOWN	at	15824   
16073	[248]	:	Key	98	UP	at	16073   
16257	[184]	:	Key	98	DOWN	at	16256   
16393	[136]	:	Key	98	UP	at	16392   
16591	[198]	:	Key	95	DOWN	at	16591   
16762	[171]	:	Key	95	UP	at	16761   
19641	[2879]	:	Key	4	DOWN	at	19640   
19888	[247]	:	Key	4	UP	at	19888   
21359	[1471]	:	Key	4	DOWN	at	21359   
21552	[193]	:	Key	4	UP	at	21552   
22281	[729]	:	Key	100	DOWN	at	22280   
22487	[206]	:	Key	100	UP	at	22487   
22777	[290]	:	Key	98	DOWN	at	22777   
22968	[191]	:	Key	98	UP	at	22968   
23161	[193]	:	Key	95	DOWN	at	23160   
23337	[176]	:	Key	95	UP	at	23336   
23512	[175]	:	Key	97	DOWN	at	23512   
23687	[175]	:	Key	97	UP	at	23687   
24417	[730]	:	Key	97	DOWN	at	24416   
24569	[152]	:	Key	97	UP	at	24569   
25048	[479]	:	Key	98	DOWN	at	25047   
25185	[137]	:	Key	98	UP	at	25184   
25585	[400]	:	Key	98	DOWN	at	25585   
25729	[144]	:	Key	98	UP	at	25728   
26865	[1136]	:	Key	97	DOWN	at	26864   
27008	[143]	:	Key	97	UP	at	27008   
46665	[19657]	:	Key	97	DOWN	at	46665   
46825	[160]	:	Key	97	UP	at	46824   
48408	[1583]	:	Key	98	DOWN	at	48408   
48522	[114]	:	Key	98	UP	at	48521   
53425	[4903]	:	Key	97	DOWN	at	53424   
53569	[144]	:	Key	97	UP	at	53568   
74224	[20655]	:	Key	97	DOWN	at	74224   
75225	[1001]	:	Key	97	UP	at	74369   
93560	[18335]	:	Key	71	DOWN	at	93559   
93789	[229]	:	Key	71	UP	at	93745   
96952	[3163]	:	Key	71	DOWN	at	96952   
100376	[3424]	:	Key	71	UP	at	97128   
103905	[3529]	:	Key	71	DOWN	at	103904  
107217	[3312]	:	Key	71	UP	at	104064  
108439	[1222]	:	Key	71	DOWN	at	108439  
111747	[3308]	:	Key	71	UP	at	108600  
115129	[3382]	:	Key	71	DOWN	at	115128  
118432	[3303]	:	Key	71	UP	at	115288  
119648	[1216]	:	Key	71	DOWN	at	119648  
122955	[3307]	:	Key	71	UP	at	119808  
126297	[3342]	:	Key	71	DOWN	at	126297  
129607	[3310]	:	Key	71	UP	at	126425  
133633	[4026]	:	Key	71	DOWN	at	133633  
136937	[3304]	:	Key	71	UP	at	133785  
138289	[1352]	:	Key	71	DOWN	at	138288  
141593	[3304]	:	Key	71	UP	at	138489  
146400	[4807]	:	Key	71	DOWN	at	146400  
149705	[3305]	:	Key	71	UP	at	146584  
151208	[1503]	:	Key	71	DOWN	at	151208  
154513	[3305]	:	Key	71	UP	at	151368  
158065	[3552]	:	Key	71	DOWN	at	158064  
161373	[3308]	:	Key	71	UP	at	158249  
164431	[3058]	:	Key	71	DOWN	at	164431  
167735	[3304]	:	Key	71	UP	at	164584  
169952	[2217]	:	Key	71	DOWN	at	169952  
173258	[3306]	:	Key	71	UP	at	170129  
174282	[1024]	:	Key	71	DOWN	at	174281  
177585	[3303]	:	Key	71	UP	at	174432  
177587	[2]	:	Key	71	DOWN	at	177408  
177588	[1]	:	Key	71	UP	at	177537  
180273	[2685]	:	Key	71	DOWN	at	180273  
183578	[3305]	:	Key	71	UP	at	180441  
187489	[3911]	:	Key	71	DOWN	at	187489  
190796	[3307]	:	Key	71	UP	at	187768  
196841	[6045]	:	Key	71	DOWN	at	196841  
200143	[3302]	:	Key	71	UP	at	197049  
200994	[851]	:	Key	71	DOWN	at	200993  
204301	[3307]	:	Key	71	UP	at	201185  
208208	[3907]	:	Key	71	DOWN	at	208208  
211516	[3308]	:	Key	71	UP	at	208424  
214682	[3166]	:	Key	71	DOWN	at	214681  
217992	[3310]	:	Key	71	UP	at	214912  
218809	[817]	:	Key	71	DOWN	at	218808  
222116	[3307]	:	Key	71	UP	at	219040  
222625	[509]	:	Key	71	DOWN	at	222625  
225935	[3310]	:	Key	71	UP	at	222857  
227576	[1641]	:	Key	71	DOWN	at	227576  
230884	[3308]	:	Key	71	UP	at	227737  
231904	[1020]	:	Key	71	DOWN	at	231904  
235213	[3309]	:	Key	71	UP	at	232113  
239152	[3939]	:	Key	71	DOWN	at	239152  
242459	[3307]	:	Key	71	UP	at	239329  
243801	[1342]	:	Key	71	DOWN	at	243801  
247104	[3303]	:	Key	71	UP	at	243969  
250145	[3041]	:	Key	71	DOWN	at	250144  
253450	[3305]	:	Key	71	UP	at	250329  
254553	[1103]	:	Key	71	DOWN	at	254553  
257863	[3310]	:	Key	71	UP	at	254712  
259471	[1608]	:	Key	71	DOWN	at	259471  
262777	[3306]	:	Key	71	UP	at	259625  
263632	[855]	:	Key	71	DOWN	at	263632  
266938	[3306]	:	Key	71	UP	at	263800  
276377	[9439]	:	Key	71	DOWN	at	276376  
279683	[3306]	:	Key	71	UP	at	276561  
280993	[1310]	:	Key	71	DOWN	at	280992  
284299	[3306]	:	Key	71	UP	at	281240  
287008	[2709]	:	Key	71	DOWN	at	287008  
290316	[3308]	:	Key	71	UP	at	287232  
290858	[542]	:	Key	71	DOWN	at	290857  
294167	[3309]	:	Key	71	UP	at	291088  
295513	[1346]	:	Key	71	DOWN	at	295513  
298819	[3306]	:	Key	71	UP	at	295689  
299568	[749]	:	Key	71	DOWN	at	299568  
302874	[3306]	:	Key	71	UP	at	299745  
304641	[1767]	:	Key	71	DOWN	at	304640  
307946	[3305]	:	Key	71	UP	at	304832  
311976	[4030]	:	Key	71	DOWN	at	311976  
315285	[3309]	:	Key	71	UP	at	312168  
316240	[955]	:	Key	71	DOWN	at	316240  
319546	[3306]	:	Key	71	UP	at	316425  
320113	[567]	:	Key	71	DOWN	at	320111  
323419	[3306]	:	Key	71	UP	at	320329  
325625	[2206]	:	Key	71	DOWN	at	325625  
328931	[3306]	:	Key	71	UP	at	325808  
332353	[3422]	:	Key	71	DOWN	at	332353  
335663	[3310]	:	Key	71	UP	at	332537  
339968	[4305]	:	Key	71	DOWN	at	339968  
343272	[3304]	:	Key	71	UP	at	340144  
344840	[1568]	:	Key	71	DOWN	at	344840  
348145	[3305]	:	Key	71	UP	at	345001  
351217	[3072]	:	Key	71	DOWN	at	351217  
354520	[3303]	:	Key	71	UP	at	351393  
355601	[1081]	:	Key	71	DOWN	at	355601  
358911	[3310]	:	Key	71	UP	at	355801  
361226	[2315]	:	Key	71	DOWN	at	361225  
364532	[3306]	:	Key	71	UP	at	361401  
366520	[1988]	:	Key	71	DOWN	at	366520  
370468	[3948]	:	Key	71	UP	at	366721  
385945	[15477]	:	Key	71	DOWN	at	385944  
387001	[1056]	:	Key	71	UP	at	386161  
388153	[1152]	:	Key	97	DOWN	at	388152  
389271	[1118]	:	Key	97	UP	at	388312  
390384	[1113]	:	Key	97	DOWN	at	390384  
391509	[1125]	:	Key	97	UP	at	390529  
393345	[1836]	:	Key	97	DOWN	at	393344  
394465	[1120]	:	Key	97	UP	at	393513  
397177	[2712]	:	Key	98	DOWN	at	397176  
398282	[1105]	:	Key	98	UP	at	397320  
399833	[1551]	:	Key	98	DOWN	at	399832  
400935	[1102]	:	Key	98	UP	at	400000  
402616	[1681]	:	Key	97	DOWN	at	402616  
403741	[1125]	:	Key	97	UP	at	402777  
405800	[2059]	:	Key	97	DOWN	at	405800  
406914	[1114]	:	Key	97	UP	at	405929  
408642	[1728]	:	Key	98	DOWN	at	408641  
410330	[1688]	:	Key	98	UP	at	408785  
417344	[7014]	:	Key	71	DOWN	at	417344  
418391	[1047]	:	Key	71	UP	at	417497  
419993	[1602]	:	Key	97	DOWN	at	419993  
421118	[1125]	:	Key	97	UP	at	420136  
422376	[1258]	:	Key	98	DOWN	at	422376  
423485	[1109]	:	Key	98	UP	at	422529  
424538	[1053]	:	Key	97	DOWN	at	424537  
425650	[1112]	:	Key	97	UP	at	424696  
427392	[1742]	:	Key	97	DOWN	at	427392  
428517	[1125]	:	Key	97	UP	at	427553  
429376	[859]	:	Key	98	DOWN	at	429376  
430496	[1120]	:	Key	98	UP	at	429568  
431907	[1411]	:	Key	97	DOWN	at	431906  
433031	[1124]	:	Key	97	UP	at	432041  
435145	[2114]	:	Key	97	DOWN	at	435144  
436262	[1117]	:	Key	97	UP	at	435257  
437873	[1611]	:	Key	98	DOWN	at	437872  
439046	[1173]	:	Key	98	UP	at	438049  
442753	[3707]	:	Key	71	DOWN	at	442752  
443074	[321]	:	Key	71	UP	at	442985  
445073	[1999]	:	Key	71	DOWN	at	445073  
445290	[217]	:	Key	71	UP	at	445289  
446233	[943]	:	Key	71	DOWN	at	446232  
449539	[3306]	:	Key	71	UP	at	446393  
451265	[1726]	:	Key	71	DOWN	at	451265  
454572	[3307]	:	Key	71	UP	at	451513  
454573	[1]	:	Key	71	DOWN	at	454280  
454574	[1]	:	Key	71	UP	at	454481  
461192	[6618]	:	Key	71	DOWN	at	461192  
464501	[3309]	:	Key	71	UP	at	461401  
464503	[2]	:	Key	71	DOWN	at	463673  
464504	[1]	:	Key	71	UP	at	463921  
465386	[882]	:	Key	71	DOWN	at	465385  
468695	[3309]	:	Key	71	UP	at	465625  
470265	[1570]	:	Key	71	DOWN	at	470264  
473571	[3306]	:	Key	71	UP	at	470481  
473573	[2]	:	Key	71	DOWN	at	473337  
473574	[1]	:	Key	71	UP	at	473544  
476729	[3155]	:	Key	71	DOWN	at	476729  
480036	[3307]	:	Key	71	UP	at	476937  
482312	[2276]	:	Key	71	DOWN	at	482312  
485620	[3308]	:	Key	71	UP	at	482576  
490184	[4564]	:	Key	71	DOWN	at	490184  
493490	[3306]	:	Key	71	UP	at	490385  
494553	[1063]	:	Key	71	DOWN	at	494553  
497851	[3298]	:	Key	71	UP	at	494721  
497853	[2]	:	Key	71	DOWN	at	495969  
497854	[1]	:	Key	71	UP	at	496128  
497855	[1]	:	Key	71	DOWN	at	496993  
497856	[1]	:	Key	71	UP	at	497209  
500985	[3129]	:	Key	71	DOWN	at	500985  
504288	[3303]	:	Key	71	UP	at	501161  
504290	[2]	:	Key	71	DOWN	at	502401  
504291	[1]	:	Key	71	UP	at	502545  
505226	[935]	:	Key	71	DOWN	at	505225  
508532	[3306]	:	Key	71	UP	at	505409  
510929	[2397]	:	Key	71	DOWN	at	510929  
514238	[3309]	:	Key	71	UP	at	511128  
521225	[6987]	:	Key	71	DOWN	at	521225  
524530	[3305]	:	Key	71	UP	at	521424  
525465	[935]	:	Key	71	DOWN	at	525465  
528777	[3312]	:	Key	71	UP	at	525649  
528779	[2]	:	Key	71	DOWN	at	526864  
528780	[1]	:	Key	71	UP	at	527057  
528781	[1]	:	Key	71	DOWN	at	527376  
528782	[1]	:	Key	71	UP	at	527561  
532473	[3691]	:	Key	71	DOWN	at	532473  
535781	[3308]	:	Key	71	UP	at	532697  
535783	[2]	:	Key	71	DOWN	at	533417  
535784	[1]	:	Key	71	UP	at	533578  
535785	[1]	:	Key	71	DOWN	at	535129  
535786	[1]	:	Key	71	UP	at	535273  
538081	[2295]	:	Key	71	DOWN	at	538080  
541979	[3898]	:	Key	71	UP	at	538273  
541980	[1]	:	Key	71	DOWN	at	540952  
541980	[0]	:	Key	71	UP	at	541096  
543777	[1797]	:	Key	71	DOWN	at	543777  
544829	[1052]	:	Key	71	UP	at	543890  
546041	[1212]	:	Key	97	DOWN	at	546040  
547151	[1110]	:	Key	97	UP	at	546185  
548473	[1322]	:	Key	97	DOWN	at	548473  
549601	[1128]	:	Key	97	UP	at	548609  
551075	[1474]	:	Key	98	DOWN	at	551073  
552205	[1130]	:	Key	98	UP	at	551200  
553441	[1236]	:	Key	98	DOWN	at	553440  
554549	[1108]	:	Key	98	UP	at	553576  
556480	[1931]	:	Key	98	DOWN	at	556480  
557616	[1136]	:	Key	98	UP	at	556650  
558921	[1305]	:	Key	97	DOWN	at	558921  
560034	[1113]	:	Key	97	UP	at	559080  
561394	[1360]	:	Key	97	DOWN	at	561393  
562501	[1107]	:	Key	97	UP	at	561553  
563937	[1436]	:	Key	97	DOWN	at	563936  
565589	[1652]	:	Key	97	UP	at	564080  
568634	[3045]	:	Key	71	DOWN	at	568633  
569676	[1042]	:	Key	71	UP	at	568816  
570625	[949]	:	Key	97	DOWN	at	570624  
571737	[1112]	:	Key	97	UP	at	570784  
573370	[1633]	:	Key	97	DOWN	at	573369  
574502	[1132]	:	Key	97	UP	at	573520  
576290	[1788]	:	Key	98	DOWN	at	576289  
577406	[1116]	:	Key	98	UP	at	576473  
578857	[1451]	:	Key	97	DOWN	at	578856  
579962	[1105]	:	Key	97	UP	at	579001  
581378	[1416]	:	Key	97	DOWN	at	581377  
582487	[1109]	:	Key	97	UP	at	581529  
583706	[1219]	:	Key	97	DOWN	at	583705  
584817	[1111]	:	Key	97	UP	at	583856  
586986	[2169]	:	Key	97	DOWN	at	586985  
588092	[1106]	:	Key	97	UP	at	587129  
589441	[1349]	:	Key	97	DOWN	at	589441  
590600	[1159]	:	Key	97	UP	at	589578  
630081	[39481]	:	Key	71	DOWN	at	630080  
630397	[316]	:	Key	71	UP	at	630160  
656090	[25693]	:	Key	71	DOWN	at	656089  
656273	[183]	:	Key	71	UP	at	656273  
660354	[4081]	:	Key	97	DOWN	at	660354  
660472	[118]	:	Key	97	UP	at	660472  
670362	[9890]	:	Key	97	DOWN	at	670361  
670497	[135]	:	Key	97	UP	at	670497  
688209	[17712]	:	Key	97	DOWN	at	688208  
688346	[137]	:	Key	97	UP	at	688345  
735272	[46926]	:	Key	97	DOWN	at	735272  
735450	[178]	:	Key	97	UP	at	735449  
747337	[11887]	:	Key	97	DOWN	at	747337  
747529	[192]	:	Key	97	UP	at	747529  
807136	[59607]	:	Key	98	DOWN	at	807136  
807289	[153]	:	Key	98	UP	at	807289  
808289	[1000]	:	Key	97	DOWN	at	808288  
808434	[145]	:	Key	97	UP	at	808433  
808642	[208]	:	Key	97	DOWN	at	808641  
808754	[112]	:	Key	97	UP	at	808753  
822306	[13552]	:	Key	97	DOWN	at	822306  
822426	[120]	:	Key	97	UP	at	822425  
836058	[13632]	:	Key	97	DOWN	at	836057  
836290	[232]	:	Key	97	UP	at	836289  
845969	[9679]	:	Key	97	DOWN	at	845968  
846129	[160]	:	Key	97	UP	at	846129  
855473	[9344]	:	Key	97	DOWN	at	855473  
855633	[160]	:	Key	97	UP	at	855633  
868537	[12904]	:	Key	97	DOWN	at	868536  
868673	[136]	:	Key	97	UP	at	868673  
881369	[12696]	:	Key	97	DOWN	at	881368  
881506	[137]	:	Key	97	UP	at	881505  
897257	[15751]	:	Key	97	DOWN	at	897257  
897376	[119]	:	Key	97	UP	at	897376  
906368	[8992]	:	Key	97	DOWN	at	906368  
906489	[121]	:	Key	97	UP	at	906489  
916394	[9905]	:	Key	97	DOWN	at	916394  
916521	[127]	:	Key	97	UP	at	916520  
940736	[24215]	:	Key	97	DOWN	at	940736  
940890	[154]	:	Key	97	UP	at	940890  
950841	[9951]	:	Key	97	DOWN	at	950840  
950945	[104]	:	Key	97	UP	at	950945  
1061627	[110682]	:	Key	97	DOWN	at	1061626 
1061768	[141]	:	Key	97	UP	at	1061768 
1110683	[48915]	:	Key	97	DOWN	at	1110682 
1110802	[119]	:	Key	97	UP	at	1110801 
1113034	[2232]	:	Key	97	DOWN	at	1113034 
1114035	[1001]	:	Key	97	UP	at	1113218 
1118738	[4703]	:	Key	71	DOWN	at	1118737 
1119033	[295]	:	Key	71	UP	at	1118913 
1120937	[1904]	:	Key	71	DOWN	at	1120937 
1274851	[153914]	:	Key	71	DOWN	at	1274850 
1275010	[159]	:	Key	71	UP	at	1275009 
1279313	[4303]	:	Key	71	DOWN	at	1279313 
2077418	[798105]	:	Key	97	DOWN	at	2077418 
2078418	[1000]	:	Key	97	UP	at	2077578 
2080906	[2488]	:	Key	71	DOWN	at	2080906 
2864818	[783912]	:	Key	97	DOWN	at	2864818 
2865818	[1000]	:	Key	97	UP	at	2864955 
2867522	[1704]	:	Key	71	DOWN	at	2867522 
3682372	[814850]	:	Key	97	DOWN	at	3682372 
3683372	[1000]	:	Key	97	UP	at	3682525 
3689933	[6561]	:	Key	71	DOWN	at	3689932 
4422277	[732344]	:	Key	97	DOWN	at	4422277 
4423277	[1000]	:	Key	97	UP	at	4422436 
4426125	[2848]	:	Key	71	DOWN	at	4426124 
5321519	[895394]	:	Key	71	DOWN	at	5321518 
5321541	[22]	:	COGENT STOP
