Cog2000 log file Tue Dec 01 10:41:10 2020
gprim v1.33 Compiled:Aug 12 2015 (GLib DirectDraw v7 DX10.0 Compiled:Aug 12 2015)
Display:1024x768x32 59.95Hz
Attaching E:\Sahar Rajabi\Final MBMF+Drug Task\Cogent2000v1.33\Toolbox\CogInput.mexw64
CogInput v1.05 Compiled: May 20 2010
4	[4]	:	COGENT START
198965	[198961]	:	Key	97	DOWN	at	198964  
199157	[192]	:	Key	97	UP	at	199156  
203292	[4135]	:	Key	97	DOWN	at	203292  
203468	[176]	:	Key	97	UP	at	203468  
213669	[10201]	:	Key	97	DOWN	at	213669  
214669	[1000]	:	Key	97	UP	at	213821  
223260	[8591]	:	Key	71	DOWN	at	223260  
223452	[192]	:	Key	71	UP	at	223452  
227589	[4137]	:	Key	71	DOWN	at	227589  
231012	[3423]	:	Key	71	UP	at	227789  
235476	[4464]	:	Key	71	DOWN	at	235476  
238794	[3318]	:	Key	71	UP	at	235660  
238796	[2]	:	Key	71	DOWN	at	238756  
238884	[88]	:	Key	71	UP	at	238884  
243172	[4288]	:	Key	71	DOWN	at	243172  
246474	[3302]	:	Key	71	UP	at	243348  
248685	[2211]	:	Key	71	DOWN	at	248685  
251983	[3298]	:	Key	71	UP	at	248821  
257803	[5820]	:	Key	71	DOWN	at	257803  
261096	[3293]	:	Key	71	UP	at	257980  
266277	[5181]	:	Key	71	DOWN	at	266277  
269577	[3300]	:	Key	71	UP	at	266445  
272652	[3075]	:	Key	71	DOWN	at	272652  
275953	[3301]	:	Key	71	UP	at	272828  
279197	[3244]	:	Key	71	DOWN	at	279197  
282498	[3301]	:	Key	71	UP	at	279365  
285316	[2818]	:	Key	71	DOWN	at	285316  
288615	[3299]	:	Key	71	UP	at	285485  
290372	[1757]	:	Key	71	DOWN	at	290372  
293672	[3300]	:	Key	71	UP	at	290572  
299445	[5773]	:	Key	71	DOWN	at	299445  
302744	[3299]	:	Key	71	UP	at	299733  
305660	[2916]	:	Key	71	DOWN	at	305660  
308962	[3302]	:	Key	71	UP	at	305852  
309828	[866]	:	Key	71	DOWN	at	309828  
313116	[3288]	:	Key	71	UP	at	310020  
313957	[841]	:	Key	71	DOWN	at	313957  
317241	[3284]	:	Key	71	UP	at	314221  
327108	[9867]	:	Key	71	DOWN	at	327108  
330409	[3301]	:	Key	71	UP	at	327292  
335453	[5044]	:	Key	71	DOWN	at	335453  
338753	[3300]	:	Key	71	UP	at	335613  
339613	[860]	:	Key	71	DOWN	at	339613  
342914	[3301]	:	Key	71	UP	at	339789  
345116	[2202]	:	Key	71	DOWN	at	345116  
348417	[3301]	:	Key	71	UP	at	345348  
350053	[1636]	:	Key	71	DOWN	at	350053  
353355	[3302]	:	Key	71	UP	at	350213  
356069	[2714]	:	Key	71	DOWN	at	356069  
359369	[3300]	:	Key	71	UP	at	356581  
362060	[2691]	:	Key	71	DOWN	at	362060  
365360	[3300]	:	Key	71	UP	at	362284  
370085	[4725]	:	Key	71	DOWN	at	370085  
373376	[3291]	:	Key	71	UP	at	370229  
377836	[4460]	:	Key	71	DOWN	at	377836  
381134	[3298]	:	Key	71	UP	at	378004  
382604	[1470]	:	Key	71	DOWN	at	382604  
385907	[3303]	:	Key	71	UP	at	382764  
386925	[1018]	:	Key	71	DOWN	at	386925  
390226	[3301]	:	Key	71	UP	at	387045  
394412	[4186]	:	Key	71	DOWN	at	394412  
397710	[3298]	:	Key	71	UP	at	394612  
402085	[4375]	:	Key	71	DOWN	at	402085  
405385	[3300]	:	Key	71	UP	at	402293  
407605	[2220]	:	Key	71	DOWN	at	407605  
410905	[3300]	:	Key	71	UP	at	407773  
413876	[2971]	:	Key	71	DOWN	at	413876  
417177	[3301]	:	Key	71	UP	at	414060  
418500	[1323]	:	Key	71	DOWN	at	418500  
421798	[3298]	:	Key	71	UP	at	418717  
425117	[3319]	:	Key	71	DOWN	at	425117  
428417	[3300]	:	Key	71	UP	at	425293  
431812	[3395]	:	Key	71	DOWN	at	431812  
435112	[3300]	:	Key	71	UP	at	432036  
436269	[1157]	:	Key	71	DOWN	at	436269  
439568	[3299]	:	Key	71	UP	at	436517  
440797	[1229]	:	Key	71	DOWN	at	440797  
444086	[3289]	:	Key	71	UP	at	441013  
444892	[806]	:	Key	71	DOWN	at	444892  
448162	[3270]	:	Key	71	UP	at	445157  
450060	[1898]	:	Key	71	DOWN	at	450060  
453360	[3300]	:	Key	71	UP	at	450260  
456277	[2917]	:	Key	71	DOWN	at	456277  
459570	[3293]	:	Key	71	UP	at	456645  
460861	[1291]	:	Key	71	DOWN	at	460861  
464157	[3296]	:	Key	71	UP	at	461077  
464844	[687]	:	Key	71	DOWN	at	464844  
468146	[3302]	:	Key	71	UP	at	465069  
470076	[1930]	:	Key	71	DOWN	at	470076  
473373	[3297]	:	Key	71	UP	at	470236  
475653	[2280]	:	Key	71	DOWN	at	475653  
478952	[3299]	:	Key	71	UP	at	475813  
481716	[2764]	:	Key	71	DOWN	at	481716  
485015	[3299]	:	Key	71	UP	at	481901  
490677	[5662]	:	Key	71	DOWN	at	490677  
493975	[3298]	:	Key	71	UP	at	490821  
497845	[3870]	:	Key	71	DOWN	at	497845  
501147	[3302]	:	Key	71	UP	at	497949  
505468	[4321]	:	Key	71	DOWN	at	505468  
508768	[3300]	:	Key	71	UP	at	505596  
511317	[2549]	:	Key	71	DOWN	at	511317  
514616	[3299]	:	Key	71	UP	at	511525  
515605	[989]	:	Key	71	DOWN	at	515605  
518905	[3300]	:	Key	71	UP	at	515812  
522700	[3795]	:	Key	71	DOWN	at	522700  
526669	[3969]	:	Key	71	UP	at	522924  
535076	[8407]	:	Key	71	DOWN	at	535076  
536126	[1050]	:	Key	71	UP	at	535261  
540276	[4150]	:	Key	97	DOWN	at	540276  
541396	[1120]	:	Key	97	UP	at	540476  
543093	[1697]	:	Key	97	DOWN	at	543093  
544230	[1137]	:	Key	97	UP	at	543253  
545309	[1079]	:	Key	97	DOWN	at	545309  
546428	[1119]	:	Key	97	UP	at	545477  
547773	[1345]	:	Key	98	DOWN	at	547773  
548897	[1124]	:	Key	98	UP	at	547965  
550413	[1516]	:	Key	97	DOWN	at	550413  
551523	[1110]	:	Key	97	UP	at	550565  
552676	[1153]	:	Key	97	DOWN	at	552676  
553789	[1113]	:	Key	97	UP	at	552852  
555620	[1831]	:	Key	97	DOWN	at	555620  
556752	[1132]	:	Key	97	UP	at	555748  
557772	[1020]	:	Key	98	DOWN	at	557772  
559518	[1746]	:	Key	98	UP	at	557988  
563853	[4335]	:	Key	71	DOWN	at	563853  
564892	[1039]	:	Key	71	UP	at	563989  
566093	[1201]	:	Key	97	DOWN	at	566093  
567215	[1122]	:	Key	97	UP	at	566261  
569269	[2054]	:	Key	97	DOWN	at	569269  
570385	[1116]	:	Key	97	UP	at	569421  
571276	[891]	:	Key	98	DOWN	at	571276  
572390	[1114]	:	Key	98	UP	at	571476  
574036	[1646]	:	Key	97	DOWN	at	574036  
575170	[1134]	:	Key	97	UP	at	574212  
576661	[1491]	:	Key	98	DOWN	at	576661  
577790	[1129]	:	Key	98	UP	at	576869  
579525	[1735]	:	Key	98	DOWN	at	579525  
580663	[1138]	:	Key	98	UP	at	579741  
581685	[1022]	:	Key	97	DOWN	at	581685  
582816	[1131]	:	Key	97	UP	at	581853  
584757	[1941]	:	Key	98	DOWN	at	584757  
585993	[1236]	:	Key	98	UP	at	585189  
585993	[0]	:	Key	97	DOWN	at	585221  
585994	[1]	:	Key	97	UP	at	585309  
587549	[1555]	:	Key	71	DOWN	at	587549  
587882	[333]	:	Key	71	UP	at	587685  
588596	[714]	:	Key	71	DOWN	at	588596  
588724	[128]	:	Key	71	UP	at	588724  
590748	[2024]	:	Key	71	DOWN	at	590748  
594050	[3302]	:	Key	71	UP	at	590900  
600957	[6907]	:	Key	71	DOWN	at	600957  
604259	[3302]	:	Key	71	UP	at	601165  
604259	[0]	:	Key	71	DOWN	at	603725  
604260	[1]	:	Key	71	UP	at	603901  
605228	[968]	:	Key	71	DOWN	at	605228  
608525	[3297]	:	Key	71	UP	at	605428  
608525	[0]	:	Key	71	DOWN	at	606701  
608526	[1]	:	Key	71	UP	at	606845  
616301	[7775]	:	Key	71	DOWN	at	616301  
619605	[3304]	:	Key	71	UP	at	616493  
619607	[2]	:	Key	71	DOWN	at	618805  
619608	[1]	:	Key	71	UP	at	619021  
620181	[573]	:	Key	71	DOWN	at	620181  
623473	[3292]	:	Key	71	UP	at	620405  
623473	[0]	:	Key	71	DOWN	at	621509  
623473	[0]	:	Key	71	UP	at	621725  
634125	[10652]	:	Key	71	DOWN	at	634125  
637426	[3301]	:	Key	71	UP	at	634381  
640509	[3083]	:	Key	71	DOWN	at	640509  
643809	[3300]	:	Key	71	UP	at	640733  
643811	[2]	:	Key	71	DOWN	at	641965  
643812	[1]	:	Key	71	UP	at	642156  
647773	[3961]	:	Key	71	DOWN	at	647773  
651072	[3299]	:	Key	71	UP	at	648069  
654293	[3221]	:	Key	71	DOWN	at	654293  
657593	[3300]	:	Key	71	UP	at	654469  
659516	[1923]	:	Key	71	DOWN	at	659516  
662816	[3300]	:	Key	71	UP	at	659668  
664509	[1693]	:	Key	71	DOWN	at	664509  
667803	[3294]	:	Key	71	UP	at	664749  
669781	[1978]	:	Key	71	DOWN	at	669781  
673083	[3302]	:	Key	71	UP	at	669989  
675277	[2194]	:	Key	71	DOWN	at	675277  
678579	[3302]	:	Key	71	UP	at	675805  
679252	[673]	:	Key	71	DOWN	at	679252  
682551	[3299]	:	Key	71	UP	at	679444  
683405	[854]	:	Key	71	DOWN	at	683405  
686695	[3290]	:	Key	71	UP	at	683557  
686697	[2]	:	Key	71	DOWN	at	684541  
686698	[1]	:	Key	71	UP	at	684669  
686699	[1]	:	Key	71	DOWN	at	685749  
686700	[1]	:	Key	71	UP	at	685957  
689701	[3001]	:	Key	71	DOWN	at	689701  
693627	[3926]	:	Key	71	UP	at	689869  
693627	[0]	:	Key	71	DOWN	at	690949  
693627	[0]	:	Key	71	UP	at	691045  
696788	[3161]	:	Key	71	DOWN	at	696788  
697821	[1033]	:	Key	71	UP	at	696940  
699221	[1400]	:	Key	97	DOWN	at	699221  
700359	[1138]	:	Key	97	UP	at	699373  
701269	[910]	:	Key	98	DOWN	at	701269  
702404	[1135]	:	Key	98	UP	at	701437  
703533	[1129]	:	Key	97	DOWN	at	703533  
704676	[1143]	:	Key	97	UP	at	703693  
706061	[1385]	:	Key	97	DOWN	at	706061  
707202	[1141]	:	Key	97	UP	at	706229  
708501	[1299]	:	Key	97	DOWN	at	708501  
709608	[1107]	:	Key	97	UP	at	708661  
711021	[1413]	:	Key	97	DOWN	at	711021  
712154	[1133]	:	Key	97	UP	at	711165  
714212	[2058]	:	Key	97	DOWN	at	714212  
715339	[1127]	:	Key	97	UP	at	714372  
717341	[2002]	:	Key	98	DOWN	at	717341  
719034	[1693]	:	Key	98	UP	at	717509  
720757	[1723]	:	Key	71	DOWN	at	720757  
721807	[1050]	:	Key	71	UP	at	720901  
722829	[1022]	:	Key	98	DOWN	at	722829  
723944	[1115]	:	Key	98	UP	at	723013  
725333	[1389]	:	Key	97	DOWN	at	725333  
726464	[1131]	:	Key	97	UP	at	725493  
728005	[1541]	:	Key	97	DOWN	at	728005  
729155	[1150]	:	Key	97	UP	at	728156  
730053	[898]	:	Key	98	DOWN	at	730053  
731187	[1134]	:	Key	98	UP	at	730228  
732780	[1593]	:	Key	97	DOWN	at	732780  
733906	[1126]	:	Key	97	UP	at	732932  
734989	[1083]	:	Key	97	DOWN	at	734989  
736126	[1137]	:	Key	97	UP	at	735141  
738581	[2455]	:	Key	98	DOWN	at	738581  
739704	[1123]	:	Key	98	UP	at	738725  
741277	[1573]	:	Key	97	DOWN	at	741277  
742481	[1204]	:	Key	97	UP	at	741453  
744925	[2444]	:	Key	71	DOWN	at	744925  
745266	[341]	:	Key	71	UP	at	745117  
746564	[1298]	:	Key	71	DOWN	at	746564  
746685	[121]	:	Key	71	UP	at	746685  
749932	[3247]	:	Key	71	DOWN	at	749932  
750156	[224]	:	Key	71	UP	at	750156  
752477	[2321]	:	Key	71	DOWN	at	752477  
752637	[160]	:	Key	71	UP	at	752637  
776885	[24248]	:	Key	71	DOWN	at	776885  
777117	[232]	:	Key	71	UP	at	777117  
798733	[21616]	:	Key	97	DOWN	at	798733  
798870	[137]	:	Key	97	UP	at	798805  
799045	[175]	:	Key	97	DOWN	at	799045  
799143	[98]	:	Key	97	UP	at	799109  
799469	[326]	:	Key	98	DOWN	at	799469  
799613	[144]	:	Key	98	UP	at	799613  
804757	[5144]	:	Key	97	DOWN	at	804757  
804909	[152]	:	Key	97	UP	at	804909  
813181	[8272]	:	Key	97	DOWN	at	813181  
813325	[144]	:	Key	97	UP	at	813325  
818540	[5215]	:	Key	97	DOWN	at	818540  
818684	[144]	:	Key	97	UP	at	818684  
822773	[4089]	:	Key	97	DOWN	at	822773  
822926	[153]	:	Key	97	UP	at	822925  
834301	[11375]	:	Key	97	DOWN	at	834301  
834485	[184]	:	Key	97	UP	at	834485  
839197	[4712]	:	Key	97	DOWN	at	839197  
839341	[144]	:	Key	97	UP	at	839341  
849525	[10184]	:	Key	97	DOWN	at	849525  
849669	[144]	:	Key	97	UP	at	849669  
857469	[7800]	:	Key	97	DOWN	at	857469  
857638	[169]	:	Key	97	UP	at	857637  
870981	[13343]	:	Key	97	DOWN	at	870981  
871125	[144]	:	Key	97	UP	at	871125  
882053	[10928]	:	Key	97	DOWN	at	882053  
882173	[120]	:	Key	97	UP	at	882173  
892981	[10808]	:	Key	97	DOWN	at	892981  
893157	[176]	:	Key	97	UP	at	893157  
903085	[9928]	:	Key	97	DOWN	at	903085  
903221	[136]	:	Key	97	UP	at	903221  
908509	[5288]	:	Key	97	DOWN	at	908509  
908686	[177]	:	Key	97	UP	at	908685  
914989	[6303]	:	Key	97	DOWN	at	914989  
915109	[120]	:	Key	97	UP	at	915109  
922237	[7128]	:	Key	97	DOWN	at	922237  
922437	[200]	:	Key	97	UP	at	922437  
930797	[8360]	:	Key	97	DOWN	at	930797  
930941	[144]	:	Key	97	UP	at	930941  
939821	[8880]	:	Key	97	DOWN	at	939821  
939973	[152]	:	Key	97	UP	at	939973  
949381	[9408]	:	Key	97	DOWN	at	949381  
949533	[152]	:	Key	97	UP	at	949533  
951821	[2288]	:	Key	97	DOWN	at	951821  
952821	[1000]	:	Key	97	UP	at	951965  
958229	[5408]	:	Key	71	DOWN	at	958229  
958540	[311]	:	Key	71	UP	at	958373  
959684	[1144]	:	Key	71	DOWN	at	959684  
1060541	[100857]	:	Key	71	DOWN	at	1060541 
1060702	[161]	:	Key	71	UP	at	1060701 
1062877	[2175]	:	Key	71	DOWN	at	1062877 
1759525	[696648]	:	Key	97	DOWN	at	1759525 
1760525	[1000]	:	Key	97	UP	at	1759709 
1763437	[2912]	:	Key	71	DOWN	at	1763437 
2785903	[1022466]	:	Key	97	DOWN	at	2785903 
2786903	[1000]	:	Key	97	UP	at	2786079 
2788350	[1447]	:	Key	71	DOWN	at	2788350 
3421831	[633481]	:	Key	97	DOWN	at	3421831 
3422831	[1000]	:	Key	97	UP	at	3421999 
3423503	[672]	:	Key	71	DOWN	at	3423503 
4137751	[714248]	:	Key	97	DOWN	at	4137751 
4138751	[1000]	:	Key	97	UP	at	4137791 
4140103	[1352]	:	Key	71	DOWN	at	4140103 
4783368	[643265]	:	Key	71	DOWN	at	4783368 
4783456	[88]	:	COGENT STOP
