Cog2000 log file Tue Jun 07 11:15:49 2022
gprim v1.33 Compiled:Aug 12 2015 (GLib DirectDraw v7 DX12.0 Compiled:Aug 12 2015)
Display:1024x768x32 59.99Hz
Attaching C:\Users\Carelab\Desktop\Final MBMF+Drug Task\Cogent2000v1.33\Toolbox\CogInput.mexw64
CogInput v1.05 Compiled: May 20 2010
2	[2]	:	COGENT START
35056	[35054]	:	Key	97	DOWN	at	35053   
35167	[111]	:	Key	97	UP	at	35165   
43845	[8678]	:	Key	97	DOWN	at	43845   
44015	[170]	:	Key	97	UP	at	44014   
59645	[15630]	:	Key	97	DOWN	at	59645   
60646	[1001]	:	Key	97	UP	at	59773   
78215	[17569]	:	Key	71	DOWN	at	78214   
78367	[152]	:	Key	71	UP	at	78366   
81543	[3176]	:	Key	71	DOWN	at	81542   
84899	[3356]	:	Key	71	UP	at	81678   
88620	[3721]	:	Key	71	DOWN	at	88620   
91917	[3297]	:	Key	71	UP	at	88789   
94053	[2136]	:	Key	71	DOWN	at	94053   
97342	[3289]	:	Key	71	UP	at	94222   
99214	[1872]	:	Key	71	DOWN	at	99214   
102502	[3288]	:	Key	71	UP	at	99373   
104222	[1720]	:	Key	71	DOWN	at	104221  
107518	[3296]	:	Key	71	UP	at	104389  
108381	[863]	:	Key	71	DOWN	at	108381  
111671	[3290]	:	Key	71	UP	at	108541  
113111	[1440]	:	Key	71	DOWN	at	113110  
116398	[3287]	:	Key	71	UP	at	113245  
117887	[1489]	:	Key	71	DOWN	at	117886  
121173	[3286]	:	Key	71	UP	at	118045  
122879	[1706]	:	Key	71	DOWN	at	122878  
126170	[3291]	:	Key	71	UP	at	123013  
127734	[1564]	:	Key	71	DOWN	at	127733  
131017	[3283]	:	Key	71	UP	at	127893  
132190	[1173]	:	Key	71	DOWN	at	132190  
135480	[3290]	:	Key	71	UP	at	132334  
136527	[1047]	:	Key	71	DOWN	at	136526  
139814	[3287]	:	Key	71	UP	at	136669  
140766	[952]	:	Key	71	DOWN	at	140765  
144054	[3288]	:	Key	71	UP	at	140909  
148591	[4537]	:	Key	71	DOWN	at	148590  
151881	[3290]	:	Key	71	UP	at	148789  
152678	[797]	:	Key	71	DOWN	at	152677  
155966	[3288]	:	Key	71	UP	at	152805  
159862	[3896]	:	Key	71	DOWN	at	159862  
163151	[3289]	:	Key	71	UP	at	160013  
164438	[1287]	:	Key	71	DOWN	at	164438  
167725	[3287]	:	Key	71	UP	at	164614  
168502	[777]	:	Key	71	DOWN	at	168501  
171793	[3291]	:	Key	71	UP	at	168678  
172959	[1166]	:	Key	71	DOWN	at	172958  
176245	[3286]	:	Key	71	UP	at	173109  
177439	[1194]	:	Key	71	DOWN	at	177438  
180727	[3288]	:	Key	71	UP	at	177574  
183311	[2584]	:	Key	71	DOWN	at	183310  
186601	[3290]	:	Key	71	UP	at	183470  
189622	[3021]	:	Key	71	DOWN	at	189621  
192911	[3289]	:	Key	71	UP	at	189774  
196277	[3366]	:	Key	71	DOWN	at	196277  
199564	[3287]	:	Key	71	UP	at	196429  
200166	[602]	:	Key	71	DOWN	at	200165  
203455	[3289]	:	Key	71	UP	at	200318  
204023	[568]	:	Key	71	DOWN	at	204022  
207310	[3287]	:	Key	71	UP	at	204181  
207864	[554]	:	Key	71	DOWN	at	207863  
211149	[3285]	:	Key	71	UP	at	208005  
211758	[609]	:	Key	71	DOWN	at	211757  
215048	[3290]	:	Key	71	UP	at	211910  
215526	[478]	:	Key	71	DOWN	at	215526  
218813	[3287]	:	Key	71	UP	at	215669  
219303	[490]	:	Key	71	DOWN	at	219302  
222585	[3282]	:	Key	71	UP	at	219454  
223391	[806]	:	Key	71	DOWN	at	223390  
226681	[3290]	:	Key	71	UP	at	223557  
227262	[581]	:	Key	71	DOWN	at	227261  
230550	[3288]	:	Key	71	UP	at	227422  
231655	[1105]	:	Key	71	DOWN	at	231654  
234943	[3288]	:	Key	71	UP	at	231805  
236119	[1176]	:	Key	71	DOWN	at	236118  
239408	[3289]	:	Key	71	UP	at	236262  
240119	[711]	:	Key	71	DOWN	at	240118  
243406	[3287]	:	Key	71	UP	at	240286  
244070	[664]	:	Key	71	DOWN	at	244070  
247357	[3287]	:	Key	71	UP	at	244214  
248358	[1001]	:	Key	71	DOWN	at	248358  
251642	[3284]	:	Key	71	UP	at	248509  
252190	[548]	:	Key	71	DOWN	at	252189  
255479	[3289]	:	Key	71	UP	at	252333  
258262	[2783]	:	Key	71	DOWN	at	258262  
261550	[3288]	:	Key	71	UP	at	258422  
262919	[1369]	:	Key	71	DOWN	at	262918  
266207	[3288]	:	Key	71	UP	at	263077  
266767	[560]	:	Key	71	DOWN	at	266766  
270060	[3293]	:	Key	71	UP	at	266941  
271742	[1682]	:	Key	71	DOWN	at	271741  
275030	[3288]	:	Key	71	UP	at	271894  
275726	[696]	:	Key	71	DOWN	at	275725  
279012	[3286]	:	Key	71	UP	at	275886  
279541	[529]	:	Key	71	DOWN	at	279541  
282831	[3290]	:	Key	71	UP	at	279693  
283215	[384]	:	Key	71	DOWN	at	283214  
286503	[3288]	:	Key	71	UP	at	283389  
287622	[1119]	:	Key	71	DOWN	at	287621  
290908	[3286]	:	Key	71	UP	at	287758  
291591	[683]	:	Key	71	DOWN	at	291590  
294881	[3290]	:	Key	71	UP	at	291717  
295246	[365]	:	Key	71	DOWN	at	295246  
298535	[3289]	:	Key	71	UP	at	295398  
298537	[2]	:	Key	71	DOWN	at	298030  
298538	[1]	:	Key	71	UP	at	298189  
300343	[1805]	:	Key	71	DOWN	at	300342  
304203	[3860]	:	Key	71	UP	at	300486  
322886	[18683]	:	Key	71	DOWN	at	322886  
323915	[1029]	:	Key	71	UP	at	323022  
326775	[2860]	:	Key	97	DOWN	at	326774  
327847	[1072]	:	Key	97	UP	at	327022  
329047	[1200]	:	Key	97	DOWN	at	329046  
330117	[1070]	:	Key	97	UP	at	329165  
331405	[1288]	:	Key	98	DOWN	at	331405  
332472	[1067]	:	Key	98	UP	at	331526  
333991	[1519]	:	Key	98	DOWN	at	333990  
335059	[1068]	:	Key	98	UP	at	334095  
336094	[1035]	:	Key	97	DOWN	at	336093  
337160	[1066]	:	Key	97	UP	at	336206  
338357	[1197]	:	Key	97	DOWN	at	338357  
339426	[1069]	:	Key	97	UP	at	338462  
341079	[1653]	:	Key	97	DOWN	at	341078  
342149	[1070]	:	Key	97	UP	at	341175  
343358	[1209]	:	Key	97	DOWN	at	343358  
344974	[1616]	:	Key	97	UP	at	343463  
355319	[10345]	:	Key	71	DOWN	at	355318  
356346	[1027]	:	Key	71	UP	at	355437  
357695	[1349]	:	Key	97	DOWN	at	357694  
358765	[1070]	:	Key	97	UP	at	357830  
360383	[1618]	:	Key	97	DOWN	at	360382  
361452	[1069]	:	Key	97	UP	at	360485  
362573	[1121]	:	Key	97	DOWN	at	362573  
363643	[1070]	:	Key	97	UP	at	362734  
365774	[2131]	:	Key	98	DOWN	at	365773  
366843	[1069]	:	Key	98	UP	at	365886  
368205	[1362]	:	Key	98	DOWN	at	368205  
369274	[1069]	:	Key	98	UP	at	368325  
370902	[1628]	:	Key	98	DOWN	at	370901  
371971	[1069]	:	Key	98	UP	at	370989  
373640	[1669]	:	Key	97	DOWN	at	373639  
374707	[1067]	:	Key	97	UP	at	373741  
375855	[1148]	:	Key	97	DOWN	at	375854  
376967	[1112]	:	Key	97	UP	at	375957  
379054	[2087]	:	Key	71	DOWN	at	379053  
379328	[274]	:	Key	71	UP	at	379174  
397350	[18022]	:	Key	97	DOWN	at	397350  
397454	[104]	:	Key	97	UP	at	397453  
412205	[14751]	:	Key	97	DOWN	at	412205  
412309	[104]	:	Key	97	UP	at	412309  
429895	[17586]	:	Key	97	DOWN	at	429894  
430031	[136]	:	Key	97	UP	at	430030  
438653	[8622]	:	Key	97	DOWN	at	438653  
438799	[146]	:	Key	97	UP	at	438798  
460805	[22006]	:	Key	71	DOWN	at	460805  
460983	[178]	:	Key	71	UP	at	460982  
462544	[1561]	:	Key	97	DOWN	at	462543  
462678	[134]	:	Key	97	UP	at	462678  
478286	[15608]	:	Key	97	DOWN	at	478286  
478423	[137]	:	Key	97	UP	at	478422  
486023	[7600]	:	Key	97	DOWN	at	486022  
486166	[143]	:	Key	97	UP	at	486165  
502406	[16240]	:	Key	97	DOWN	at	502405  
502534	[128]	:	Key	97	UP	at	502533  
508894	[6360]	:	Key	97	DOWN	at	508893  
509013	[119]	:	Key	97	UP	at	509013  
524126	[15113]	:	Key	97	DOWN	at	524126  
524229	[103]	:	Key	97	UP	at	524229  
540127	[15898]	:	Key	97	DOWN	at	540126  
540272	[145]	:	Key	97	UP	at	540271  
546743	[6471]	:	Key	97	DOWN	at	546742  
546887	[144]	:	Key	97	UP	at	546886  
561534	[14647]	:	Key	97	DOWN	at	561533  
561671	[137]	:	Key	97	UP	at	561670  
568062	[6391]	:	Key	97	DOWN	at	568061  
568215	[153]	:	Key	97	UP	at	568214  
578800	[10585]	:	Key	97	DOWN	at	578799  
578934	[134]	:	Key	97	UP	at	578933  
594797	[15863]	:	Key	97	DOWN	at	594797  
594911	[114]	:	Key	97	UP	at	594910  
605144	[10233]	:	Key	97	DOWN	at	605143  
605279	[135]	:	Key	97	UP	at	605278  
619464	[14185]	:	Key	97	DOWN	at	619463  
619631	[167]	:	Key	97	UP	at	619631  
628511	[8880]	:	Key	97	DOWN	at	628510  
628663	[152]	:	Key	97	UP	at	628662  
635798	[7135]	:	Key	97	DOWN	at	635798  
636798	[1000]	:	Key	97	UP	at	635957  
641031	[4233]	:	Key	71	DOWN	at	641030  
641291	[260]	:	Key	71	UP	at	641206  
643368	[2077]	:	Key	71	DOWN	at	643367  
807622	[164254]	:	Key	71	DOWN	at	807622  
807718	[96]	:	Key	71	UP	at	807718  
809871	[2153]	:	Key	71	DOWN	at	809870  
1486088	[676217]	:	Key	71	DOWN	at	1486087 
1486400	[312]	:	Key	71	UP	at	1486399 
1515096	[28696]	:	Key	97	DOWN	at	1515095 
1516095	[999]	:	Key	97	UP	at	1515198 
1518136	[2041]	:	Key	71	DOWN	at	1518135 
2214759	[696623]	:	Key	71	DOWN	at	2214759 
2214912	[153]	:	Key	71	UP	at	2214912 
2251047	[36135]	:	Key	97	DOWN	at	2251047 
2252048	[1001]	:	Key	97	UP	at	2251167 
2254744	[2696]	:	Key	71	DOWN	at	2254743 
2966792	[712048]	:	Key	97	DOWN	at	2966791 
2967791	[999]	:	Key	97	UP	at	2966896 
2969855	[2064]	:	Key	71	DOWN	at	2969855 
3682465	[712610]	:	Key	97	DOWN	at	3682464 
3683465	[1000]	:	Key	97	UP	at	3682576 
3687273	[3808]	:	Key	71	DOWN	at	3687273 
4839737	[1152464]	:	Key	71	DOWN	at	4839737 
4839757	[20]	:	COGENT STOP
