Cog2000 log file Wed Jan 20 10:18:02 2021
gprim v1.33 Compiled:Aug 12 2015 (GLib DirectDraw v7 DX10.0 Compiled:Aug 12 2015)
Display:1024x768x32 60.02Hz
Attaching E:\Sahar Rajabi\Final MBMF+Drug Task\Cogent2000v1.33\Toolbox\CogInput.mexw64
CogInput v1.05 Compiled: May 20 2010
15	[15]	:	COGENT START
32104	[32089]	:	Key	98	DOWN	at	32104   
32311	[207]	:	Key	98	UP	at	32311   
36552	[4241]	:	Key	97	DOWN	at	36552   
36704	[152]	:	Key	97	UP	at	36704   
59711	[23007]	:	Key	97	DOWN	at	59711   
59888	[177]	:	Key	97	UP	at	59888   
109360	[49472]	:	Key	97	DOWN	at	109360  
110360	[1000]	:	Key	97	UP	at	109559  
160719	[50359]	:	Key	97	DOWN	at	160719  
160927	[208]	:	Key	97	UP	at	160927  
161983	[1056]	:	Key	97	DOWN	at	161983  
162231	[248]	:	Key	97	UP	at	162231  
162631	[400]	:	Key	97	DOWN	at	162631  
162999	[368]	:	Key	97	UP	at	162999  
163719	[720]	:	Key	97	DOWN	at	163719  
163815	[96]	:	Key	97	UP	at	163815  
163871	[56]	:	Key	97	DOWN	at	163871  
163975	[104]	:	Key	97	UP	at	163975  
182143	[18168]	:	Key	71	DOWN	at	182143  
182331	[188]	:	Key	71	UP	at	182303  
186737	[4406]	:	Key	71	DOWN	at	186737  
190133	[3396]	:	Key	71	UP	at	186929  
192976	[2843]	:	Key	71	DOWN	at	192976  
196296	[3320]	:	Key	71	UP	at	193193  
201391	[5095]	:	Key	71	DOWN	at	201391  
204695	[3304]	:	Key	71	UP	at	201568  
206744	[2049]	:	Key	71	DOWN	at	206744  
210045	[3301]	:	Key	71	UP	at	206961  
212992	[2947]	:	Key	71	DOWN	at	212992  
216294	[3302]	:	Key	71	UP	at	213257  
217808	[1514]	:	Key	71	DOWN	at	217808  
221111	[3303]	:	Key	71	UP	at	218041  
221112	[1]	:	Key	71	DOWN	at	220913  
221133	[21]	:	Key	71	UP	at	221113  
223713	[2580]	:	Key	71	DOWN	at	223713  
227013	[3300]	:	Key	71	UP	at	223929  
227015	[2]	:	Key	71	DOWN	at	226519  
227016	[1]	:	Key	71	UP	at	226753  
230128	[3112]	:	Key	71	DOWN	at	230128  
233431	[3303]	:	Key	71	UP	at	230361  
233433	[2]	:	Key	71	DOWN	at	232081  
233434	[1]	:	Key	71	UP	at	232321  
236407	[2973]	:	Key	71	DOWN	at	236407  
239710	[3303]	:	Key	71	UP	at	236584  
239712	[2]	:	Key	71	DOWN	at	238304  
239713	[1]	:	Key	71	UP	at	238417  
242040	[2327]	:	Key	71	DOWN	at	242040  
245342	[3302]	:	Key	71	UP	at	242224  
245344	[2]	:	Key	71	DOWN	at	242945  
245345	[1]	:	Key	71	UP	at	243153  
245346	[1]	:	Key	71	DOWN	at	244553  
245347	[1]	:	Key	71	UP	at	244737  
252120	[6773]	:	Key	71	DOWN	at	252120  
255424	[3304]	:	Key	71	UP	at	252241  
255424	[0]	:	Key	71	DOWN	at	253225  
255424	[0]	:	Key	71	UP	at	253417  
255425	[1]	:	Key	71	DOWN	at	254609  
255425	[0]	:	Key	71	UP	at	254769  
256616	[1191]	:	Key	71	DOWN	at	256616  
259916	[3300]	:	Key	71	UP	at	256761  
259918	[2]	:	Key	71	DOWN	at	257721  
259918	[0]	:	Key	71	UP	at	257921  
262584	[2666]	:	Key	71	DOWN	at	262584  
265886	[3302]	:	Key	71	UP	at	262793  
265888	[2]	:	Key	71	DOWN	at	265313  
265889	[1]	:	Key	71	UP	at	265497  
267400	[1511]	:	Key	71	DOWN	at	267400  
270703	[3303]	:	Key	71	UP	at	267585  
270705	[2]	:	Key	71	DOWN	at	268729  
270706	[1]	:	Key	71	UP	at	268929  
270707	[1]	:	Key	71	DOWN	at	270071  
270708	[1]	:	Key	71	UP	at	270287  
271504	[796]	:	Key	71	DOWN	at	271504  
274807	[3303]	:	Key	71	UP	at	271687  
274809	[2]	:	Key	71	DOWN	at	272505  
274810	[1]	:	Key	71	UP	at	272713  
274811	[1]	:	Key	71	DOWN	at	274201  
274812	[1]	:	Key	71	UP	at	274377  
275848	[1036]	:	Key	71	DOWN	at	275848  
279148	[3300]	:	Key	71	UP	at	276049  
279150	[2]	:	Key	71	DOWN	at	276745  
279151	[1]	:	Key	71	UP	at	276921  
279152	[1]	:	Key	71	DOWN	at	278499  
279153	[1]	:	Key	71	UP	at	278563  
279800	[647]	:	Key	71	DOWN	at	279800  
283103	[3303]	:	Key	71	UP	at	279953  
283105	[2]	:	Key	71	DOWN	at	280889  
283106	[1]	:	Key	71	UP	at	281081  
283107	[1]	:	Key	71	DOWN	at	282137  
283109	[2]	:	Key	71	UP	at	282321  
284023	[914]	:	Key	71	DOWN	at	284023  
287326	[3303]	:	Key	71	UP	at	284225  
287328	[2]	:	Key	71	DOWN	at	284793  
287329	[1]	:	Key	71	UP	at	284969  
287330	[1]	:	Key	71	DOWN	at	286361  
287331	[1]	:	Key	71	UP	at	286529  
288096	[765]	:	Key	71	DOWN	at	288096  
291398	[3302]	:	Key	71	UP	at	288319  
291398	[0]	:	Key	71	DOWN	at	289657  
291399	[1]	:	Key	71	UP	at	289904  
292328	[929]	:	Key	71	DOWN	at	292328  
295632	[3304]	:	Key	71	UP	at	292521  
295634	[2]	:	Key	71	DOWN	at	293483  
295635	[1]	:	Key	71	UP	at	293503  
295637	[2]	:	Key	71	DOWN	at	294857  
295638	[1]	:	Key	71	UP	at	295033  
296256	[618]	:	Key	71	DOWN	at	296256  
299556	[3300]	:	Key	71	UP	at	296449  
299556	[0]	:	Key	71	DOWN	at	298033  
299556	[0]	:	Key	71	UP	at	298200  
299557	[1]	:	Key	71	DOWN	at	299065  
299557	[0]	:	Key	71	UP	at	299257  
300216	[659]	:	Key	71	DOWN	at	300216  
303521	[3305]	:	Key	71	UP	at	300433  
303523	[2]	:	Key	71	DOWN	at	301289  
303524	[1]	:	Key	71	UP	at	301473  
303525	[1]	:	Key	71	DOWN	at	302473  
303526	[1]	:	Key	71	UP	at	302681  
304048	[522]	:	Key	71	DOWN	at	304048  
307340	[3292]	:	Key	71	UP	at	304265  
307342	[2]	:	Key	71	DOWN	at	305089  
307343	[1]	:	Key	71	UP	at	305273  
307344	[1]	:	Key	71	DOWN	at	306424  
307345	[1]	:	Key	71	UP	at	306601  
307992	[647]	:	Key	71	DOWN	at	307992  
311293	[3301]	:	Key	71	UP	at	308547  
311295	[2]	:	Key	71	DOWN	at	308899  
311296	[1]	:	Key	71	UP	at	309115  
311297	[1]	:	Key	71	DOWN	at	310361  
311298	[1]	:	Key	71	UP	at	310553  
312641	[1343]	:	Key	71	DOWN	at	312641  
315946	[3305]	:	Key	71	UP	at	312833  
315948	[2]	:	Key	71	DOWN	at	313617  
315949	[1]	:	Key	71	UP	at	313825  
315950	[1]	:	Key	71	DOWN	at	315041  
315951	[1]	:	Key	71	UP	at	315240  
317456	[1505]	:	Key	71	DOWN	at	317456  
320757	[3301]	:	Key	71	UP	at	317609  
320759	[2]	:	Key	71	DOWN	at	318297  
320760	[1]	:	Key	71	UP	at	318497  
320761	[1]	:	Key	71	DOWN	at	320105  
320762	[1]	:	Key	71	UP	at	320313  
322504	[1742]	:	Key	71	DOWN	at	322504  
325808	[3304]	:	Key	71	UP	at	322681  
325810	[2]	:	Key	71	DOWN	at	323739  
325811	[1]	:	Key	71	UP	at	323759  
325812	[1]	:	Key	71	DOWN	at	324978  
325813	[1]	:	Key	71	UP	at	325169  
326856	[1043]	:	Key	71	DOWN	at	326856  
330159	[3303]	:	Key	71	UP	at	327089  
330161	[2]	:	Key	71	DOWN	at	327681  
330162	[1]	:	Key	71	UP	at	327865  
330163	[1]	:	Key	71	DOWN	at	329209  
330164	[1]	:	Key	71	UP	at	329345  
330808	[644]	:	Key	71	DOWN	at	330808  
334111	[3303]	:	Key	71	UP	at	331056  
334113	[2]	:	Key	71	DOWN	at	331681  
334114	[1]	:	Key	71	UP	at	331881  
334115	[1]	:	Key	71	DOWN	at	333209  
334116	[1]	:	Key	71	UP	at	333441  
335111	[995]	:	Key	71	DOWN	at	335111  
338413	[3302]	:	Key	71	UP	at	335305  
338415	[2]	:	Key	71	DOWN	at	336001  
338416	[1]	:	Key	71	UP	at	336185  
338417	[1]	:	Key	71	DOWN	at	337553  
338418	[1]	:	Key	71	UP	at	337753  
339204	[786]	:	Key	71	DOWN	at	339204  
342507	[3303]	:	Key	71	UP	at	339359  
342509	[2]	:	Key	71	DOWN	at	340193  
342510	[1]	:	Key	71	UP	at	340385  
342511	[1]	:	Key	71	DOWN	at	341553  
342512	[1]	:	Key	71	UP	at	341698  
343408	[896]	:	Key	71	DOWN	at	343408  
346711	[3303]	:	Key	71	UP	at	343689  
346713	[2]	:	Key	71	DOWN	at	344329  
346714	[1]	:	Key	71	UP	at	344537  
346715	[1]	:	Key	71	DOWN	at	345256  
346716	[1]	:	Key	71	UP	at	345489  
346718	[2]	:	Key	71	DOWN	at	345977  
346719	[1]	:	Key	71	UP	at	346169  
347607	[888]	:	Key	71	DOWN	at	347607  
350910	[3303]	:	Key	71	UP	at	347760  
350912	[2]	:	Key	71	DOWN	at	348505  
350913	[1]	:	Key	71	UP	at	348673  
350915	[2]	:	Key	71	DOWN	at	350225  
350916	[1]	:	Key	71	UP	at	350377  
351951	[1035]	:	Key	71	DOWN	at	351951  
355255	[3304]	:	Key	71	UP	at	352057  
355257	[2]	:	Key	71	DOWN	at	352737  
355258	[1]	:	Key	71	UP	at	352961  
355259	[1]	:	Key	71	DOWN	at	354281  
355260	[1]	:	Key	71	UP	at	354449  
355952	[692]	:	Key	71	DOWN	at	355952  
359256	[3304]	:	Key	71	UP	at	356096  
359258	[2]	:	Key	71	DOWN	at	356841  
359259	[1]	:	Key	71	UP	at	357017  
359260	[1]	:	Key	71	DOWN	at	358561  
359261	[1]	:	Key	71	UP	at	358705  
360785	[1524]	:	Key	71	DOWN	at	360785  
364091	[3306]	:	Key	71	UP	at	360921  
364093	[2]	:	Key	71	DOWN	at	362105  
364094	[1]	:	Key	71	UP	at	362281  
364095	[1]	:	Key	71	DOWN	at	364089  
364176	[81]	:	Key	71	UP	at	364176  
365472	[1296]	:	Key	71	DOWN	at	365472  
368778	[3306]	:	Key	71	UP	at	365625  
372608	[3830]	:	Key	71	DOWN	at	372608  
375911	[3303]	:	Key	71	UP	at	372769  
375913	[2]	:	Key	71	DOWN	at	375311  
375914	[1]	:	Key	71	UP	at	375487  
376944	[1030]	:	Key	71	DOWN	at	376944  
380244	[3300]	:	Key	71	UP	at	377122  
380246	[2]	:	Key	71	DOWN	at	377865  
380247	[1]	:	Key	71	UP	at	378034  
380984	[737]	:	Key	71	DOWN	at	380984  
384274	[3290]	:	Key	71	UP	at	381169  
384276	[2]	:	Key	71	DOWN	at	381872  
384277	[1]	:	Key	71	UP	at	382025  
384278	[1]	:	Key	71	DOWN	at	382921  
384279	[1]	:	Key	71	UP	at	383105  
384281	[2]	:	Key	71	DOWN	at	384217  
384392	[111]	:	Key	71	UP	at	384392  
385248	[856]	:	Key	71	DOWN	at	385248  
388555	[3307]	:	Key	71	UP	at	385400  
388557	[2]	:	Key	71	DOWN	at	386065  
388558	[1]	:	Key	71	UP	at	386257  
388559	[1]	:	Key	71	DOWN	at	387537  
388560	[1]	:	Key	71	UP	at	387689  
389336	[776]	:	Key	71	DOWN	at	389336  
392639	[3303]	:	Key	71	UP	at	389535  
392641	[2]	:	Key	71	DOWN	at	390441  
392642	[1]	:	Key	71	UP	at	390593  
392643	[1]	:	Key	71	DOWN	at	392225  
392644	[1]	:	Key	71	UP	at	392465  
393160	[516]	:	Key	71	DOWN	at	393160  
396449	[3289]	:	Key	71	UP	at	393361  
396451	[2]	:	Key	71	DOWN	at	393977  
396452	[1]	:	Key	71	UP	at	394194  
396453	[1]	:	Key	71	DOWN	at	395466  
396454	[1]	:	Key	71	UP	at	395650  
396865	[411]	:	Key	71	DOWN	at	396865  
400159	[3294]	:	Key	71	UP	at	397057  
400161	[2]	:	Key	71	DOWN	at	397729  
400162	[1]	:	Key	71	UP	at	397889  
400163	[1]	:	Key	71	DOWN	at	398867  
400164	[1]	:	Key	71	UP	at	398887  
400166	[2]	:	Key	71	DOWN	at	399473  
400167	[1]	:	Key	71	UP	at	399599  
401399	[1232]	:	Key	71	DOWN	at	401399  
404701	[3302]	:	Key	71	UP	at	401623  
404703	[2]	:	Key	71	DOWN	at	402287  
404704	[1]	:	Key	71	UP	at	402479  
404705	[1]	:	Key	71	DOWN	at	403591  
404706	[1]	:	Key	71	UP	at	403831  
405447	[741]	:	Key	71	DOWN	at	405447  
408749	[3302]	:	Key	71	UP	at	405655  
408751	[2]	:	Key	71	DOWN	at	406247  
408752	[1]	:	Key	71	UP	at	406455  
408753	[1]	:	Key	71	DOWN	at	407799  
408754	[1]	:	Key	71	UP	at	407983  
409151	[397]	:	Key	71	DOWN	at	409151  
412429	[3278]	:	Key	71	UP	at	409327  
412429	[0]	:	Key	71	DOWN	at	409975  
412430	[1]	:	Key	71	UP	at	410111  
412430	[0]	:	Key	71	DOWN	at	411486  
412430	[0]	:	Key	71	UP	at	411623  
412823	[393]	:	Key	71	DOWN	at	412823  
416776	[3953]	:	Key	71	UP	at	413055  
416776	[0]	:	Key	71	DOWN	at	413671  
416776	[0]	:	Key	71	UP	at	413855  
416777	[1]	:	Key	71	DOWN	at	415335  
416777	[0]	:	Key	71	UP	at	415527  
446592	[29815]	:	Key	71	DOWN	at	446592  
447642	[1050]	:	Key	71	UP	at	446880  
449895	[2253]	:	Key	97	DOWN	at	449895  
451033	[1138]	:	Key	97	UP	at	450055  
451231	[198]	:	Key	71	DOWN	at	451231  
451431	[200]	:	Key	71	UP	at	451431  
452679	[1248]	:	Key	98	DOWN	at	452679  
453818	[1139]	:	Key	98	UP	at	452871  
454855	[1037]	:	Key	97	DOWN	at	454855  
455973	[1118]	:	Key	97	UP	at	455023  
457135	[1162]	:	Key	97	DOWN	at	457135  
458259	[1124]	:	Key	97	UP	at	457303  
459103	[844]	:	Key	97	DOWN	at	459103  
460241	[1138]	:	Key	97	UP	at	459247  
461255	[1014]	:	Key	97	DOWN	at	461255  
462397	[1142]	:	Key	97	UP	at	461399  
463711	[1314]	:	Key	98	DOWN	at	463711  
464835	[1124]	:	Key	98	UP	at	463887  
466807	[1972]	:	Key	97	DOWN	at	466807  
468560	[1753]	:	Key	97	UP	at	466959  
477175	[8615]	:	Key	71	DOWN	at	477175  
478211	[1036]	:	Key	71	UP	at	477367  
479655	[1444]	:	Key	97	DOWN	at	479655  
480792	[1137]	:	Key	97	UP	at	479823  
482688	[1896]	:	Key	97	DOWN	at	482688  
483824	[1136]	:	Key	97	UP	at	482840  
485319	[1495]	:	Key	97	DOWN	at	485319  
486456	[1137]	:	Key	97	UP	at	485399  
488911	[2455]	:	Key	98	DOWN	at	488911  
490035	[1124]	:	Key	98	UP	at	489111  
491383	[1348]	:	Key	97	DOWN	at	491383  
492490	[1107]	:	Key	97	UP	at	491559  
494087	[1597]	:	Key	97	DOWN	at	494087  
495230	[1143]	:	Key	97	UP	at	494223  
496671	[1441]	:	Key	97	DOWN	at	496671  
497800	[1129]	:	Key	97	UP	at	496759  
502071	[4271]	:	Key	97	DOWN	at	502071  
503279	[1208]	:	Key	97	UP	at	502199  
514351	[11072]	:	Key	71	DOWN	at	514351  
514669	[318]	:	Key	71	UP	at	514519  
517087	[2418]	:	Key	71	DOWN	at	517087  
517296	[209]	:	Key	71	UP	at	517296  
519198	[1902]	:	Key	71	DOWN	at	519198  
522504	[3306]	:	Key	71	UP	at	519384  
522506	[2]	:	Key	71	DOWN	at	520414  
522506	[0]	:	Key	71	UP	at	520647  
523807	[1301]	:	Key	71	DOWN	at	523807  
527110	[3303]	:	Key	71	UP	at	524054  
527112	[2]	:	Key	71	DOWN	at	524983  
527113	[1]	:	Key	71	UP	at	525223  
527114	[1]	:	Key	71	DOWN	at	526215  
527116	[2]	:	Key	71	UP	at	526471  
528767	[1651]	:	Key	71	DOWN	at	528767  
532056	[3289]	:	Key	71	UP	at	528951  
532058	[2]	:	Key	71	DOWN	at	529631  
532059	[1]	:	Key	71	UP	at	529855  
532060	[1]	:	Key	71	DOWN	at	531255  
532061	[1]	:	Key	71	UP	at	531479  
533111	[1050]	:	Key	71	DOWN	at	533111  
536414	[3303]	:	Key	71	UP	at	533327  
536416	[2]	:	Key	71	DOWN	at	533919  
536417	[1]	:	Key	71	UP	at	534136  
536418	[1]	:	Key	71	DOWN	at	535456  
536419	[1]	:	Key	71	UP	at	535664  
536807	[388]	:	Key	71	DOWN	at	536807  
540098	[3291]	:	Key	71	UP	at	536960  
540098	[0]	:	Key	71	DOWN	at	537287  
540099	[1]	:	Key	71	UP	at	537559  
540099	[0]	:	Key	71	DOWN	at	539135  
540099	[0]	:	Key	71	UP	at	539383  
540583	[484]	:	Key	71	DOWN	at	540583  
543888	[3305]	:	Key	71	UP	at	540831  
543890	[2]	:	Key	71	DOWN	at	541567  
543891	[1]	:	Key	71	UP	at	541815  
543892	[1]	:	Key	71	DOWN	at	542999  
543893	[1]	:	Key	71	UP	at	543223  
544439	[546]	:	Key	71	DOWN	at	544439  
547731	[3292]	:	Key	71	UP	at	544735  
547733	[2]	:	Key	71	DOWN	at	545327  
547734	[1]	:	Key	71	UP	at	545575  
547735	[1]	:	Key	71	DOWN	at	546807  
547736	[1]	:	Key	71	UP	at	547031  
548231	[495]	:	Key	71	DOWN	at	548231  
551517	[3286]	:	Key	71	UP	at	548471  
551519	[2]	:	Key	71	DOWN	at	549087  
551520	[1]	:	Key	71	UP	at	549335  
551521	[1]	:	Key	71	DOWN	at	550559  
551523	[2]	:	Key	71	UP	at	550775  
551524	[1]	:	Key	71	DOWN	at	551512  
551792	[268]	:	Key	71	UP	at	551792  
552528	[736]	:	Key	71	DOWN	at	552528  
555827	[3299]	:	Key	71	UP	at	552744  
555829	[2]	:	Key	71	DOWN	at	553488  
555830	[1]	:	Key	71	UP	at	553800  
555831	[1]	:	Key	71	DOWN	at	554656  
555832	[1]	:	Key	71	UP	at	554928  
555833	[1]	:	Key	71	DOWN	at	555783  
556055	[222]	:	Key	71	UP	at	556055  
556655	[600]	:	Key	71	DOWN	at	556655  
559948	[3293]	:	Key	71	UP	at	556967  
559950	[2]	:	Key	71	DOWN	at	557519  
559951	[1]	:	Key	71	UP	at	557783  
559952	[1]	:	Key	71	DOWN	at	558415  
559953	[1]	:	Key	71	UP	at	558631  
559955	[2]	:	Key	71	DOWN	at	559263  
559956	[1]	:	Key	71	UP	at	559599  
560263	[307]	:	Key	71	DOWN	at	560263  
563566	[3303]	:	Key	71	UP	at	560575  
563568	[2]	:	Key	71	DOWN	at	561103  
563569	[1]	:	Key	71	UP	at	561375  
563570	[1]	:	Key	71	DOWN	at	562127  
563571	[1]	:	Key	71	UP	at	562367  
563573	[2]	:	Key	71	DOWN	at	562975  
563574	[1]	:	Key	71	UP	at	563223  
563951	[377]	:	Key	71	DOWN	at	563951  
567243	[3292]	:	Key	71	UP	at	564167  
567245	[2]	:	Key	71	DOWN	at	564743  
567246	[1]	:	Key	71	UP	at	564959  
567247	[1]	:	Key	71	DOWN	at	566271  
567248	[1]	:	Key	71	UP	at	566463  
567607	[359]	:	Key	71	DOWN	at	567607  
570909	[3302]	:	Key	71	UP	at	567799  
570911	[2]	:	Key	71	DOWN	at	568535  
570912	[1]	:	Key	71	UP	at	568767  
570913	[1]	:	Key	71	DOWN	at	569384  
570914	[1]	:	Key	71	UP	at	569664  
570916	[2]	:	Key	71	DOWN	at	570176  
570917	[1]	:	Key	71	UP	at	570480  
571264	[347]	:	Key	71	DOWN	at	571264  
574557	[3293]	:	Key	71	UP	at	571488  
574559	[2]	:	Key	71	DOWN	at	572056  
574560	[1]	:	Key	71	UP	at	572408  
574561	[1]	:	Key	71	DOWN	at	573031  
574562	[1]	:	Key	71	UP	at	573295  
574563	[1]	:	Key	71	DOWN	at	573935  
574565	[2]	:	Key	71	UP	at	574151  
574847	[282]	:	Key	71	DOWN	at	574847  
578138	[3291]	:	Key	71	UP	at	575111  
578138	[0]	:	Key	71	DOWN	at	575687  
578139	[1]	:	Key	71	UP	at	575967  
578139	[0]	:	Key	71	DOWN	at	576583  
578139	[0]	:	Key	71	UP	at	576823  
578139	[0]	:	Key	71	DOWN	at	577319  
578140	[1]	:	Key	71	UP	at	577567  
578527	[387]	:	Key	71	DOWN	at	578527  
582410	[3883]	:	Key	71	UP	at	578751  
582410	[0]	:	Key	71	DOWN	at	579383  
582410	[0]	:	Key	71	UP	at	579615  
582411	[1]	:	Key	71	DOWN	at	580239  
582411	[0]	:	Key	71	UP	at	580471  
582411	[0]	:	Key	71	DOWN	at	580983  
582412	[1]	:	Key	71	UP	at	581263  
582412	[0]	:	Key	71	DOWN	at	581815  
582412	[0]	:	Key	71	UP	at	582079  
584263	[1851]	:	Key	71	DOWN	at	584263  
585318	[1055]	:	Key	71	UP	at	584511  
586976	[1658]	:	Key	97	DOWN	at	586976  
588120	[1144]	:	Key	97	UP	at	587168  
589119	[999]	:	Key	98	DOWN	at	589119  
590255	[1136]	:	Key	98	UP	at	589367  
591231	[976]	:	Key	97	DOWN	at	591231  
592358	[1127]	:	Key	97	UP	at	591399  
593415	[1057]	:	Key	97	DOWN	at	593415  
594519	[1104]	:	Key	97	UP	at	593543  
598159	[3640]	:	Key	98	DOWN	at	598159  
599275	[1116]	:	Key	98	UP	at	598287  
600511	[1236]	:	Key	97	DOWN	at	600511  
601625	[1114]	:	Key	97	UP	at	600655  
602591	[966]	:	Key	97	DOWN	at	602591  
603719	[1128]	:	Key	97	UP	at	602759  
605687	[1968]	:	Key	97	DOWN	at	605687  
607369	[1682]	:	Key	97	UP	at	605880  
608959	[1590]	:	Key	71	DOWN	at	608959  
609999	[1040]	:	Key	71	UP	at	609207  
611551	[1552]	:	Key	98	DOWN	at	611551  
612671	[1120]	:	Key	98	UP	at	611775  
614087	[1416]	:	Key	98	DOWN	at	614087  
615220	[1133]	:	Key	98	UP	at	614231  
616751	[1531]	:	Key	97	DOWN	at	616751  
617896	[1145]	:	Key	97	UP	at	616919  
620199	[2303]	:	Key	98	DOWN	at	620199  
621338	[1139]	:	Key	98	UP	at	620359  
622744	[1406]	:	Key	98	DOWN	at	622744  
623872	[1128]	:	Key	98	UP	at	622936  
625047	[1175]	:	Key	97	DOWN	at	625047  
626166	[1119]	:	Key	97	UP	at	625232  
627399	[1233]	:	Key	98	DOWN	at	627399  
628533	[1134]	:	Key	98	UP	at	627583  
629863	[1330]	:	Key	98	DOWN	at	629863  
631083	[1220]	:	Key	98	UP	at	630063  
636703	[5620]	:	Key	71	DOWN	at	636703  
637013	[310]	:	Key	71	UP	at	636863  
638319	[1306]	:	Key	71	DOWN	at	638319  
638527	[208]	:	Key	71	UP	at	638527  
639064	[537]	:	Key	71	DOWN	at	639064  
642363	[3299]	:	Key	71	UP	at	639264  
642364	[1]	:	Key	71	DOWN	at	639720  
642365	[1]	:	Key	71	UP	at	639864  
642366	[1]	:	Key	71	DOWN	at	641440  
642367	[1]	:	Key	71	UP	at	641608  
642863	[496]	:	Key	71	DOWN	at	642863  
646158	[3295]	:	Key	71	UP	at	643031  
646160	[2]	:	Key	71	DOWN	at	643728  
646161	[1]	:	Key	71	UP	at	643911  
646162	[1]	:	Key	71	DOWN	at	644207  
646163	[1]	:	Key	71	UP	at	644399  
646164	[1]	:	Key	71	DOWN	at	645207  
646166	[2]	:	Key	71	UP	at	645367  
646479	[313]	:	Key	71	DOWN	at	646479  
649775	[3296]	:	Key	71	UP	at	646671  
649777	[2]	:	Key	71	DOWN	at	647303  
649778	[1]	:	Key	71	UP	at	647495  
649779	[1]	:	Key	71	DOWN	at	648399  
649780	[1]	:	Key	71	UP	at	648647  
649782	[2]	:	Key	71	DOWN	at	649007  
649783	[1]	:	Key	71	UP	at	649271  
650055	[272]	:	Key	71	DOWN	at	650055  
653360	[3305]	:	Key	71	UP	at	650287  
653360	[0]	:	Key	71	DOWN	at	651071  
653360	[0]	:	Key	71	UP	at	651263  
653361	[1]	:	Key	71	DOWN	at	651983  
653361	[0]	:	Key	71	UP	at	652175  
653361	[0]	:	Key	71	DOWN	at	652599  
653362	[1]	:	Key	71	UP	at	652823  
653503	[141]	:	Key	71	DOWN	at	653503  
656798	[3295]	:	Key	71	UP	at	653703  
656800	[2]	:	Key	71	DOWN	at	654343  
656800	[0]	:	Key	71	UP	at	654575  
656801	[1]	:	Key	71	DOWN	at	655415  
656802	[1]	:	Key	71	UP	at	655559  
656803	[1]	:	Key	71	DOWN	at	655935  
656804	[1]	:	Key	71	UP	at	656175  
657080	[276]	:	Key	71	DOWN	at	657080  
660383	[3303]	:	Key	71	UP	at	657312  
660384	[1]	:	Key	71	DOWN	at	657856  
660385	[1]	:	Key	71	UP	at	658104  
660386	[1]	:	Key	71	DOWN	at	659376  
660387	[1]	:	Key	71	UP	at	659600  
660389	[2]	:	Key	71	DOWN	at	660344  
660663	[274]	:	Key	71	UP	at	660663  
661175	[512]	:	Key	71	DOWN	at	661175  
664471	[3296]	:	Key	71	UP	at	661439  
664473	[2]	:	Key	71	DOWN	at	661975  
664474	[1]	:	Key	71	UP	at	662239  
664475	[1]	:	Key	71	DOWN	at	663015  
664476	[1]	:	Key	71	UP	at	663247  
664478	[2]	:	Key	71	DOWN	at	663599  
664479	[1]	:	Key	71	UP	at	663863  
664607	[128]	:	Key	71	DOWN	at	664607  
668479	[3872]	:	Key	71	UP	at	664831  
668479	[0]	:	Key	71	DOWN	at	665111  
668480	[1]	:	Key	71	UP	at	665367  
668480	[0]	:	Key	71	DOWN	at	665783  
668480	[0]	:	Key	71	UP	at	665991  
668480	[0]	:	Key	71	DOWN	at	666951  
668481	[1]	:	Key	71	UP	at	667127  
670255	[1774]	:	Key	71	DOWN	at	670255  
671297	[1042]	:	Key	71	UP	at	670399  
672263	[966]	:	Key	97	DOWN	at	672263  
673386	[1123]	:	Key	97	UP	at	672359  
674320	[934]	:	Key	98	DOWN	at	674320  
675420	[1100]	:	Key	98	UP	at	674504  
676248	[828]	:	Key	98	DOWN	at	676248  
677380	[1132]	:	Key	98	UP	at	676416  
678447	[1067]	:	Key	97	DOWN	at	678447  
679550	[1103]	:	Key	97	UP	at	678583  
681223	[1673]	:	Key	98	DOWN	at	681223  
682336	[1113]	:	Key	98	UP	at	681383  
684127	[1791]	:	Key	97	DOWN	at	684127  
685265	[1138]	:	Key	97	UP	at	684247  
686159	[894]	:	Key	97	DOWN	at	686159  
687286	[1127]	:	Key	97	UP	at	686287  
688471	[1185]	:	Key	98	DOWN	at	688471  
690172	[1701]	:	Key	98	UP	at	688647  
691464	[1292]	:	Key	71	DOWN	at	691464  
692500	[1036]	:	Key	71	UP	at	691688  
694184	[1684]	:	Key	98	DOWN	at	694184  
695316	[1132]	:	Key	98	UP	at	694400  
696431	[1115]	:	Key	98	DOWN	at	696431  
697569	[1138]	:	Key	98	UP	at	696584  
698759	[1190]	:	Key	97	DOWN	at	698759  
699883	[1124]	:	Key	97	UP	at	698911  
701415	[1532]	:	Key	98	DOWN	at	701415  
702545	[1130]	:	Key	98	UP	at	701607  
703943	[1398]	:	Key	98	DOWN	at	703943  
705064	[1121]	:	Key	98	UP	at	704079  
706383	[1319]	:	Key	98	DOWN	at	706383  
707522	[1139]	:	Key	98	UP	at	706519  
708824	[1302]	:	Key	97	DOWN	at	708824  
709924	[1100]	:	Key	97	UP	at	708976  
712056	[2132]	:	Key	97	DOWN	at	712056  
713220	[1164]	:	Key	97	UP	at	712191  
714591	[1371]	:	Key	71	DOWN	at	714591  
714911	[320]	:	Key	71	UP	at	714792  
716087	[1176]	:	Key	71	DOWN	at	716087  
716215	[128]	:	Key	71	UP	at	716215  
717983	[1768]	:	Key	71	DOWN	at	717983  
721285	[3302]	:	Key	71	UP	at	718103  
721287	[2]	:	Key	71	DOWN	at	719135  
721288	[1]	:	Key	71	UP	at	719343  
721289	[1]	:	Key	71	DOWN	at	720359  
721290	[1]	:	Key	71	UP	at	720543  
721655	[365]	:	Key	71	DOWN	at	721655  
724949	[3294]	:	Key	71	UP	at	721855  
724951	[2]	:	Key	71	DOWN	at	722527  
724952	[1]	:	Key	71	UP	at	722727  
724953	[1]	:	Key	71	DOWN	at	723999  
724954	[1]	:	Key	71	UP	at	724215  
726512	[1558]	:	Key	71	DOWN	at	726512  
729812	[3300]	:	Key	71	UP	at	726712  
729814	[2]	:	Key	71	DOWN	at	727792  
729815	[1]	:	Key	71	UP	at	727992  
729816	[1]	:	Key	71	DOWN	at	728848  
729818	[2]	:	Key	71	UP	at	729056  
730296	[478]	:	Key	71	DOWN	at	730296  
733586	[3290]	:	Key	71	UP	at	730496  
733588	[2]	:	Key	71	DOWN	at	731368  
733589	[1]	:	Key	71	UP	at	731576  
733590	[1]	:	Key	71	DOWN	at	732623  
733591	[1]	:	Key	71	UP	at	732823  
734167	[576]	:	Key	71	DOWN	at	734167  
737458	[3291]	:	Key	71	UP	at	734343  
737460	[2]	:	Key	71	DOWN	at	735335  
737461	[1]	:	Key	71	UP	at	735527  
737462	[1]	:	Key	71	DOWN	at	736527  
737463	[1]	:	Key	71	UP	at	736719  
737911	[448]	:	Key	71	DOWN	at	737911  
741179	[3268]	:	Key	71	UP	at	738111  
741179	[0]	:	Key	71	DOWN	at	738839  
741180	[1]	:	Key	71	UP	at	739063  
741180	[0]	:	Key	71	DOWN	at	740175  
741180	[0]	:	Key	71	UP	at	740367  
741583	[403]	:	Key	71	DOWN	at	741583  
744850	[3267]	:	Key	71	UP	at	741791  
744850	[0]	:	Key	71	DOWN	at	742583  
744850	[0]	:	Key	71	UP	at	742799  
744851	[1]	:	Key	71	DOWN	at	743607  
744851	[0]	:	Key	71	UP	at	743960  
744851	[0]	:	Key	71	DOWN	at	744632  
744852	[1]	:	Key	71	UP	at	744840  
745408	[556]	:	Key	71	DOWN	at	745408  
749247	[3839]	:	Key	71	UP	at	745600  
749247	[0]	:	Key	71	DOWN	at	746216  
749248	[1]	:	Key	71	UP	at	746408  
749248	[0]	:	Key	71	DOWN	at	747687  
749248	[0]	:	Key	71	UP	at	747872  
750031	[783]	:	Key	71	DOWN	at	750031  
751079	[1048]	:	Key	71	UP	at	750184  
752111	[1032]	:	Key	98	DOWN	at	752111  
753244	[1133]	:	Key	98	UP	at	752287  
754319	[1075]	:	Key	97	DOWN	at	754319  
755443	[1124]	:	Key	97	UP	at	754471  
757087	[1644]	:	Key	97	DOWN	at	757087  
758205	[1118]	:	Key	97	UP	at	757223  
759335	[1130]	:	Key	97	DOWN	at	759335  
760452	[1117]	:	Key	97	UP	at	759479  
761320	[868]	:	Key	97	DOWN	at	761320  
762452	[1132]	:	Key	97	UP	at	761456  
763592	[1140]	:	Key	97	DOWN	at	763592  
764708	[1116]	:	Key	97	UP	at	763720  
765616	[908]	:	Key	97	DOWN	at	765616  
766745	[1129]	:	Key	97	UP	at	765751  
768551	[1806]	:	Key	97	DOWN	at	768551  
770263	[1712]	:	Key	97	UP	at	768663  
771527	[1264]	:	Key	71	DOWN	at	771527  
772569	[1042]	:	Key	71	UP	at	771759  
774039	[1470]	:	Key	97	DOWN	at	774039  
775156	[1117]	:	Key	97	UP	at	774143  
776927	[1771]	:	Key	98	DOWN	at	776927  
778057	[1130]	:	Key	98	UP	at	777071  
779152	[1095]	:	Key	97	DOWN	at	779152  
780272	[1120]	:	Key	97	UP	at	779296  
781576	[1304]	:	Key	98	DOWN	at	781576  
782710	[1134]	:	Key	98	UP	at	781760  
783968	[1258]	:	Key	98	DOWN	at	783968  
785097	[1129]	:	Key	98	UP	at	784136  
786623	[1526]	:	Key	97	DOWN	at	786623  
787772	[1149]	:	Key	97	UP	at	786751  
789775	[2003]	:	Key	98	DOWN	at	789775  
790901	[1126]	:	Key	98	UP	at	789935  
792111	[1210]	:	Key	97	DOWN	at	792111  
793300	[1189]	:	Key	97	UP	at	792231  
805583	[12283]	:	Key	71	DOWN	at	805583  
805903	[320]	:	Key	71	UP	at	805711  
822711	[16808]	:	Key	97	DOWN	at	822711  
822839	[128]	:	Key	97	UP	at	822839  
831936	[9097]	:	Key	97	DOWN	at	831936  
832040	[104]	:	Key	97	UP	at	832040  
857183	[25143]	:	Key	97	DOWN	at	857183  
857271	[88]	:	Key	97	UP	at	857271  
902880	[45609]	:	Key	71	DOWN	at	902880  
903032	[152]	:	Key	71	UP	at	903032  
903776	[744]	:	Key	97	DOWN	at	903776  
903904	[128]	:	Key	97	UP	at	903904  
925312	[21408]	:	Key	97	DOWN	at	925312  
925423	[111]	:	Key	97	UP	at	925423  
955016	[29593]	:	Key	97	DOWN	at	955016  
955208	[192]	:	Key	97	UP	at	955208  
966991	[11783]	:	Key	97	DOWN	at	966991  
967183	[192]	:	Key	97	UP	at	967183  
990440	[23257]	:	Key	97	DOWN	at	990440  
990624	[184]	:	Key	97	UP	at	990624  
1007984	[17360]	:	Key	97	DOWN	at	1007984 
1008184	[200]	:	Key	97	UP	at	1008184 
1026271	[18087]	:	Key	97	DOWN	at	1026271 
1026440	[169]	:	Key	97	UP	at	1026440 
1046560	[20120]	:	Key	97	DOWN	at	1046560 
1046664	[104]	:	Key	97	UP	at	1046664 
1061048	[14384]	:	Key	97	DOWN	at	1061048 
1061168	[120]	:	Key	97	UP	at	1061168 
1089735	[28567]	:	Key	97	DOWN	at	1089735 
1089911	[176]	:	Key	97	UP	at	1089911 
1115200	[25289]	:	Key	97	DOWN	at	1115200 
1115360	[160]	:	Key	97	UP	at	1115360 
1138408	[23048]	:	Key	97	DOWN	at	1138408 
1138552	[144]	:	Key	97	UP	at	1138552 
1179839	[41287]	:	Key	97	DOWN	at	1179839 
1180007	[168]	:	Key	97	UP	at	1180007 
1230191	[50184]	:	Key	97	DOWN	at	1230191 
1230287	[96]	:	Key	97	UP	at	1230287 
1260400	[30113]	:	Key	97	DOWN	at	1260400 
1260538	[138]	:	Key	97	UP	at	1260536 
1276328	[15790]	:	Key	97	DOWN	at	1276328 
1276472	[144]	:	Key	97	UP	at	1276472 
1279368	[2896]	:	Key	97	DOWN	at	1279368 
1280368	[1000]	:	Key	97	UP	at	1279528 
1287096	[6728]	:	Key	71	DOWN	at	1287096 
1287402	[306]	:	Key	71	UP	at	1287272 
1289264	[1862]	:	Key	71	DOWN	at	1289264 
1543877	[254613]	:	Key	71	DOWN	at	1543877 
1544109	[232]	:	Key	71	UP	at	1544109 
1546093	[1984]	:	Key	71	DOWN	at	1546093 
1551188	[5095]	:	Key	71	DOWN	at	1550589 
1551189	[1]	:	Key	71	UP	at	1550797 
2236477	[685288]	:	Key	97	DOWN	at	2236477 
2237477	[1000]	:	Key	97	UP	at	2236597 
2241044	[3567]	:	Key	98	DOWN	at	2241044 
2241236	[192]	:	Key	98	UP	at	2241236 
2258132	[16896]	:	Key	71	DOWN	at	2258132 
2962149	[704017]	:	Key	97	DOWN	at	2962149 
2963149	[1000]	:	Key	97	UP	at	2962285 
2965541	[2392]	:	Key	71	DOWN	at	2965541 
3614492	[648951]	:	Key	97	DOWN	at	3614492 
3615492	[1000]	:	Key	97	UP	at	3614620 
3616804	[1312]	:	Key	71	DOWN	at	3616804 
4216442	[599638]	:	Key	97	DOWN	at	4216442 
4217442	[1000]	:	Key	97	UP	at	4216562 
4218778	[1336]	:	Key	71	DOWN	at	4218778 
4830945	[612167]	:	Key	71	DOWN	at	4830945 
4831011	[66]	:	COGENT STOP
