Cog2000 log file Tue Feb 02 10:18:20 2021
gprim v1.33 Compiled:Aug 12 2015 (GLib DirectDraw v7 DX10.0 Compiled:Aug 12 2015)
Display:1024x768x32 60.02Hz
Attaching E:\Sahar Rajabi\Final MBMF+Drug Task\Cogent2000v1.33\Toolbox\CogInput.mexw64
CogInput v1.05 Compiled: May 20 2010
4	[4]	:	COGENT START
12483	[12479]	:	Key	97	DOWN	at	12483   
12563	[80]	:	Key	97	UP	at	12503   
13480	[917]	:	Key	97	DOWN	at	13480   
13647	[167]	:	Key	97	UP	at	13647   
14112	[465]	:	Key	97	DOWN	at	14112   
15112	[1000]	:	Key	97	UP	at	14264   
15112	[0]	:	Key	97	DOWN	at	14616   
15113	[1]	:	Key	97	UP	at	14775   
15839	[726]	:	Key	97	DOWN	at	15839   
16023	[184]	:	Key	97	UP	at	16023   
18111	[2088]	:	Key	71	DOWN	at	18111   
18335	[224]	:	Key	71	UP	at	18335   
18879	[544]	:	Key	71	DOWN	at	18879   
22194	[3315]	:	Key	71	UP	at	19063   
23375	[1181]	:	Key	71	DOWN	at	23375   
26690	[3315]	:	Key	71	UP	at	23592   
30528	[3838]	:	Key	71	DOWN	at	30528   
33824	[3296]	:	Key	71	UP	at	30729   
34960	[1136]	:	Key	71	DOWN	at	34960   
38261	[3301]	:	Key	71	UP	at	35161   
39264	[1003]	:	Key	71	DOWN	at	39264   
42564	[3300]	:	Key	71	UP	at	39487   
44488	[1924]	:	Key	71	DOWN	at	44488   
47787	[3299]	:	Key	71	UP	at	44713   
47789	[2]	:	Key	71	DOWN	at	47745   
48104	[315]	:	Key	71	UP	at	48104   
49224	[1120]	:	Key	71	DOWN	at	49224   
52524	[3300]	:	Key	71	UP	at	49377   
53984	[1460]	:	Key	71	DOWN	at	53984   
57283	[3299]	:	Key	71	UP	at	54193   
59623	[2340]	:	Key	71	DOWN	at	59623   
62911	[3288]	:	Key	71	UP	at	59831   
62913	[2]	:	Key	71	DOWN	at	62801   
63032	[119]	:	Key	71	UP	at	63032   
68720	[5688]	:	Key	71	DOWN	at	68720   
72023	[3303]	:	Key	71	UP	at	68825   
72025	[2]	:	Key	71	DOWN	at	70009   
72026	[1]	:	Key	71	UP	at	70168   
74064	[2038]	:	Key	71	DOWN	at	74064   
77362	[3298]	:	Key	71	UP	at	74297   
77362	[0]	:	Key	71	DOWN	at	75623   
77362	[0]	:	Key	71	UP	at	75831   
77363	[1]	:	Key	71	DOWN	at	77160   
77399	[36]	:	Key	71	UP	at	77399   
80904	[3505]	:	Key	71	DOWN	at	80904   
84207	[3303]	:	Key	71	UP	at	81121   
84209	[2]	:	Key	71	DOWN	at	82001   
84210	[1]	:	Key	71	UP	at	82177   
101344	[17134]	:	Key	71	DOWN	at	101344  
104611	[3267]	:	Key	71	UP	at	101415  
104611	[0]	:	Key	71	DOWN	at	101823  
104612	[1]	:	Key	71	UP	at	102323  
106231	[1619]	:	Key	71	DOWN	at	106231  
109499	[3268]	:	Key	71	UP	at	106424  
109499	[0]	:	Key	71	DOWN	at	108559  
109500	[1]	:	Key	71	UP	at	108751  
110503	[1003]	:	Key	71	DOWN	at	110503  
113770	[3267]	:	Key	71	UP	at	110687  
113770	[0]	:	Key	71	DOWN	at	111103  
113771	[1]	:	Key	71	UP	at	111311  
113771	[0]	:	Key	71	DOWN	at	112871  
113771	[0]	:	Key	71	UP	at	112991  
115704	[1933]	:	Key	71	DOWN	at	115704  
118976	[3272]	:	Key	71	UP	at	115904  
118976	[0]	:	Key	71	DOWN	at	116808  
118977	[1]	:	Key	71	UP	at	117219  
118977	[0]	:	Key	71	DOWN	at	118472  
118977	[0]	:	Key	71	UP	at	118568  
120031	[1054]	:	Key	71	DOWN	at	120031  
123317	[3286]	:	Key	71	UP	at	120280  
123318	[1]	:	Key	71	DOWN	at	121057  
123318	[0]	:	Key	71	UP	at	121257  
123318	[0]	:	Key	71	DOWN	at	122855  
123319	[1]	:	Key	71	UP	at	123049  
124319	[1000]	:	Key	71	DOWN	at	124319  
127616	[3297]	:	Key	71	UP	at	124513  
127617	[1]	:	Key	71	DOWN	at	125721  
127618	[1]	:	Key	71	UP	at	125872  
127619	[1]	:	Key	71	DOWN	at	127359  
127620	[1]	:	Key	71	UP	at	127519  
129000	[1380]	:	Key	71	DOWN	at	129000  
132278	[3278]	:	Key	71	UP	at	129342  
132278	[0]	:	Key	71	DOWN	at	130447  
132279	[1]	:	Key	71	UP	at	130607  
132279	[0]	:	Key	71	DOWN	at	131744  
132280	[1]	:	Key	71	UP	at	131872  
134712	[2432]	:	Key	71	DOWN	at	134712  
137992	[3280]	:	Key	71	UP	at	134913  
137994	[2]	:	Key	71	DOWN	at	136039  
137995	[1]	:	Key	71	UP	at	136303  
137996	[1]	:	Key	71	DOWN	at	137287  
137998	[2]	:	Key	71	UP	at	137545  
138712	[714]	:	Key	71	DOWN	at	138712  
141981	[3269]	:	Key	71	UP	at	138967  
141982	[1]	:	Key	71	DOWN	at	140143  
141982	[0]	:	Key	71	UP	at	140407  
141982	[0]	:	Key	71	DOWN	at	141385  
141983	[1]	:	Key	71	UP	at	141639  
142663	[680]	:	Key	71	DOWN	at	142663  
145956	[3293]	:	Key	71	UP	at	142943  
145958	[2]	:	Key	71	DOWN	at	143937  
145959	[1]	:	Key	71	UP	at	144192  
145960	[1]	:	Key	71	DOWN	at	145177  
145962	[2]	:	Key	71	UP	at	145415  
146512	[550]	:	Key	71	DOWN	at	146512  
149800	[3288]	:	Key	71	UP	at	146791  
149802	[2]	:	Key	71	DOWN	at	147882  
149803	[1]	:	Key	71	UP	at	147902  
149804	[1]	:	Key	71	DOWN	at	148832  
149805	[1]	:	Key	71	UP	at	149120  
150088	[283]	:	Key	71	DOWN	at	150088  
153366	[3278]	:	Key	71	UP	at	150321  
153366	[0]	:	Key	71	DOWN	at	150928  
153367	[1]	:	Key	71	UP	at	151184  
153367	[0]	:	Key	71	DOWN	at	151440  
153367	[0]	:	Key	71	UP	at	151664  
153367	[0]	:	Key	71	DOWN	at	151912  
153368	[1]	:	Key	71	UP	at	152008  
153368	[0]	:	Key	71	DOWN	at	152479  
153368	[0]	:	Key	71	UP	at	152686  
153766	[398]	:	Key	71	DOWN	at	153766  
157035	[3269]	:	Key	71	UP	at	153999  
157035	[0]	:	Key	71	DOWN	at	154222  
157036	[1]	:	Key	71	UP	at	154446  
157036	[0]	:	Key	71	DOWN	at	154574  
157036	[0]	:	Key	71	UP	at	154798  
157037	[1]	:	Key	71	DOWN	at	154878  
157037	[0]	:	Key	71	UP	at	155078  
157678	[641]	:	Key	71	DOWN	at	157678  
160946	[3268]	:	Key	71	UP	at	157990  
160946	[0]	:	Key	71	DOWN	at	158702  
160947	[1]	:	Key	71	UP	at	158958  
160947	[0]	:	Key	71	DOWN	at	159998  
160947	[0]	:	Key	71	UP	at	160238  
162937	[1990]	:	Key	71	DOWN	at	162937  
166205	[3268]	:	Key	71	UP	at	163038  
166205	[0]	:	Key	71	DOWN	at	164006  
166206	[1]	:	Key	71	UP	at	164142  
166206	[0]	:	Key	71	DOWN	at	165430  
166206	[0]	:	Key	71	UP	at	165542  
167823	[1617]	:	Key	71	DOWN	at	167823  
171091	[3268]	:	Key	71	UP	at	168039  
171091	[0]	:	Key	71	DOWN	at	168687  
171091	[0]	:	Key	71	UP	at	168855  
171092	[1]	:	Key	71	DOWN	at	170198  
171092	[0]	:	Key	71	UP	at	170414  
171439	[347]	:	Key	71	DOWN	at	171439  
174706	[3267]	:	Key	71	UP	at	171686  
174706	[0]	:	Key	71	DOWN	at	172270  
174707	[1]	:	Key	71	UP	at	172383  
174707	[0]	:	Key	71	DOWN	at	173278  
174707	[0]	:	Key	71	UP	at	173511  
174707	[0]	:	Key	71	DOWN	at	174022  
174708	[1]	:	Key	71	UP	at	174270  
175094	[386]	:	Key	71	DOWN	at	175094  
178360	[3266]	:	Key	71	UP	at	175318  
178360	[0]	:	Key	71	DOWN	at	176022  
178361	[1]	:	Key	71	UP	at	176246  
178361	[0]	:	Key	71	DOWN	at	177998  
178361	[0]	:	Key	71	UP	at	178206  
179678	[1317]	:	Key	71	DOWN	at	179678  
182946	[3268]	:	Key	71	UP	at	179902  
182946	[0]	:	Key	71	DOWN	at	180734  
182947	[1]	:	Key	71	UP	at	180878  
182947	[0]	:	Key	71	DOWN	at	182030  
182947	[0]	:	Key	71	UP	at	182214  
182947	[0]	:	Key	71	DOWN	at	182710  
182948	[1]	:	Key	71	UP	at	182846  
183182	[234]	:	Key	71	DOWN	at	183182  
186491	[3309]	:	Key	71	UP	at	183319  
186493	[2]	:	Key	71	DOWN	at	183446  
186494	[1]	:	Key	71	UP	at	183567  
186495	[1]	:	Key	71	DOWN	at	183695  
186496	[1]	:	Key	71	UP	at	183766  
186497	[1]	:	Key	71	DOWN	at	183902  
186499	[2]	:	Key	71	UP	at	183991  
186500	[1]	:	Key	71	DOWN	at	184120  
186501	[1]	:	Key	71	UP	at	184216  
186502	[1]	:	Key	71	DOWN	at	184352  
186503	[1]	:	Key	71	UP	at	184424  
186504	[1]	:	Key	71	DOWN	at	184552  
186505	[1]	:	Key	71	UP	at	184640  
186506	[1]	:	Key	71	DOWN	at	184728  
186507	[1]	:	Key	71	UP	at	184888  
186508	[1]	:	Key	71	DOWN	at	185000  
186509	[1]	:	Key	71	UP	at	185080  
186511	[2]	:	Key	71	DOWN	at	185217  
186513	[2]	:	Key	71	UP	at	185288  
186514	[1]	:	Key	71	DOWN	at	185440  
186515	[1]	:	Key	71	UP	at	185504  
186516	[1]	:	Key	71	DOWN	at	185664  
186517	[1]	:	Key	71	UP	at	185838  
186518	[1]	:	Key	71	DOWN	at	185919  
186520	[2]	:	Key	71	UP	at	186063  
186521	[1]	:	Key	71	DOWN	at	186192  
186521	[0]	:	Key	71	UP	at	186280  
186522	[1]	:	Key	71	DOWN	at	186424  
186531	[9]	:	Key	71	UP	at	186520  
186639	[108]	:	Key	71	DOWN	at	186639  
189944	[3305]	:	Key	71	UP	at	186720  
189946	[2]	:	Key	71	DOWN	at	186856  
189947	[1]	:	Key	71	UP	at	186944  
189948	[1]	:	Key	71	DOWN	at	187112  
189949	[1]	:	Key	71	UP	at	187216  
189950	[1]	:	Key	71	DOWN	at	187272  
189952	[2]	:	Key	71	UP	at	187422  
189953	[1]	:	Key	71	DOWN	at	187574  
189954	[1]	:	Key	71	UP	at	187656  
189955	[1]	:	Key	71	DOWN	at	187816  
189956	[1]	:	Key	71	UP	at	187896  
189957	[1]	:	Key	71	DOWN	at	188040  
189958	[1]	:	Key	71	UP	at	188128  
189959	[1]	:	Key	71	DOWN	at	188296  
189960	[1]	:	Key	71	UP	at	188392  
189962	[2]	:	Key	71	DOWN	at	188576  
189963	[1]	:	Key	71	UP	at	188656  
189964	[1]	:	Key	71	DOWN	at	188824  
189965	[1]	:	Key	71	UP	at	188904  
189967	[2]	:	Key	71	DOWN	at	189080  
189968	[1]	:	Key	71	UP	at	189176  
189969	[1]	:	Key	71	DOWN	at	189344  
189970	[1]	:	Key	71	UP	at	189432  
189970	[0]	:	Key	71	DOWN	at	189584  
189971	[1]	:	Key	71	UP	at	189664  
189971	[0]	:	Key	71	DOWN	at	189800  
189972	[1]	:	Key	71	UP	at	189896  
190055	[83]	:	Key	71	DOWN	at	190055  
193352	[3297]	:	Key	71	UP	at	190136  
193352	[0]	:	Key	71	DOWN	at	190287  
193353	[1]	:	Key	71	UP	at	190366  
193353	[0]	:	Key	71	DOWN	at	190518  
193353	[0]	:	Key	71	UP	at	190608  
193353	[0]	:	Key	71	DOWN	at	190752  
193354	[1]	:	Key	71	UP	at	190832  
193354	[0]	:	Key	71	DOWN	at	190976  
193354	[0]	:	Key	71	UP	at	191048  
193355	[1]	:	Key	71	DOWN	at	191192  
193355	[0]	:	Key	71	UP	at	191288  
193355	[0]	:	Key	71	DOWN	at	191424  
193355	[0]	:	Key	71	UP	at	191512  
193356	[1]	:	Key	71	DOWN	at	191678  
193356	[0]	:	Key	71	UP	at	191766  
193356	[0]	:	Key	71	DOWN	at	191902  
193357	[1]	:	Key	71	UP	at	192314  
193357	[0]	:	Key	71	DOWN	at	192334  
193357	[0]	:	Key	71	UP	at	192354  
193357	[0]	:	Key	71	DOWN	at	192410  
193358	[1]	:	Key	71	UP	at	192490  
193358	[0]	:	Key	71	DOWN	at	192618  
193358	[0]	:	Key	71	UP	at	192722  
193359	[1]	:	Key	71	DOWN	at	192858  
193359	[0]	:	Key	71	UP	at	192954  
193360	[1]	:	Key	71	DOWN	at	193064  
193360	[0]	:	Key	71	UP	at	193158  
193360	[0]	:	Key	71	DOWN	at	193310  
193382	[22]	:	Key	71	UP	at	193382  
193502	[120]	:	Key	71	DOWN	at	193502  
196807	[3305]	:	Key	71	UP	at	193598  
196809	[2]	:	Key	71	DOWN	at	193670  
196810	[1]	:	Key	71	UP	at	193806  
196811	[1]	:	Key	71	DOWN	at	193966  
196812	[1]	:	Key	71	UP	at	194070  
196813	[1]	:	Key	71	DOWN	at	194230  
196815	[2]	:	Key	71	UP	at	194318  
196816	[1]	:	Key	71	DOWN	at	194462  
196817	[1]	:	Key	71	UP	at	194542  
196818	[1]	:	Key	71	DOWN	at	194686  
196819	[1]	:	Key	71	UP	at	194766  
196820	[1]	:	Key	71	DOWN	at	194910  
196821	[1]	:	Key	71	UP	at	194998  
196822	[1]	:	Key	71	DOWN	at	195142  
196824	[2]	:	Key	71	UP	at	195222  
196825	[1]	:	Key	71	DOWN	at	195350  
196826	[1]	:	Key	71	UP	at	195422  
196827	[1]	:	Key	71	DOWN	at	195566  
196829	[2]	:	Key	71	UP	at	195622  
196830	[1]	:	Key	71	DOWN	at	195750  
196831	[1]	:	Key	71	UP	at	195822  
196832	[1]	:	Key	71	DOWN	at	195942  
196833	[1]	:	Key	71	UP	at	196014  
196834	[1]	:	Key	71	DOWN	at	196150  
196835	[1]	:	Key	71	UP	at	196198  
196837	[2]	:	Key	71	DOWN	at	196334  
196838	[1]	:	Key	71	UP	at	196398  
196839	[1]	:	Key	71	DOWN	at	196534  
196840	[1]	:	Key	71	UP	at	196598  
196840	[0]	:	Key	71	DOWN	at	196726  
196841	[1]	:	Key	71	UP	at	196790  
196926	[85]	:	Key	71	DOWN	at	196926  
200224	[3298]	:	Key	71	UP	at	196981  
200224	[0]	:	Key	71	DOWN	at	197110  
200225	[1]	:	Key	71	UP	at	197165  
200225	[0]	:	Key	71	DOWN	at	197301  
200225	[0]	:	Key	71	UP	at	197357  
200225	[0]	:	Key	71	DOWN	at	197502  
200226	[1]	:	Key	71	UP	at	197558  
200226	[0]	:	Key	71	DOWN	at	197694  
200226	[0]	:	Key	71	UP	at	197750  
200226	[0]	:	Key	71	DOWN	at	197870  
200227	[1]	:	Key	71	UP	at	197942  
200227	[0]	:	Key	71	DOWN	at	198078  
200228	[1]	:	Key	71	UP	at	198134  
200228	[0]	:	Key	71	DOWN	at	198277  
200228	[0]	:	Key	71	UP	at	198334  
200229	[1]	:	Key	71	DOWN	at	198477  
200229	[0]	:	Key	71	UP	at	198525  
200229	[0]	:	Key	71	DOWN	at	198669  
200230	[1]	:	Key	71	UP	at	198733  
200230	[0]	:	Key	71	DOWN	at	198870  
200230	[0]	:	Key	71	UP	at	198926  
200231	[1]	:	Key	71	DOWN	at	199085  
200231	[0]	:	Key	71	UP	at	199125  
200231	[0]	:	Key	71	DOWN	at	199349  
200232	[1]	:	Key	71	UP	at	199470  
200232	[0]	:	Key	71	DOWN	at	199605  
200232	[0]	:	Key	71	UP	at	199685  
200233	[1]	:	Key	71	DOWN	at	199821  
200233	[0]	:	Key	71	UP	at	199909  
200233	[0]	:	Key	71	DOWN	at	200069  
200233	[0]	:	Key	71	UP	at	200133  
200269	[36]	:	Key	71	DOWN	at	200269  
203578	[3309]	:	Key	71	UP	at	200341  
203580	[2]	:	Key	71	DOWN	at	200477  
203581	[1]	:	Key	71	UP	at	200549  
203582	[1]	:	Key	71	DOWN	at	200685  
203583	[1]	:	Key	71	UP	at	200765  
203584	[1]	:	Key	71	DOWN	at	200901  
203586	[2]	:	Key	71	UP	at	200973  
203587	[1]	:	Key	71	DOWN	at	201101  
203588	[1]	:	Key	71	UP	at	201189  
203589	[1]	:	Key	71	DOWN	at	201317  
203590	[1]	:	Key	71	UP	at	201461  
203591	[1]	:	Key	71	DOWN	at	201582  
203592	[1]	:	Key	71	UP	at	201670  
203593	[1]	:	Key	71	DOWN	at	201814  
203594	[1]	:	Key	71	UP	at	201902  
203595	[1]	:	Key	71	DOWN	at	202054  
203596	[1]	:	Key	71	UP	at	202142  
203597	[1]	:	Key	71	DOWN	at	202294  
203598	[1]	:	Key	71	UP	at	202366  
203599	[1]	:	Key	71	DOWN	at	202534  
203599	[0]	:	Key	71	UP	at	202614  
203600	[1]	:	Key	71	DOWN	at	202790  
203602	[2]	:	Key	71	UP	at	202870  
203603	[1]	:	Key	71	DOWN	at	203030  
203604	[1]	:	Key	71	UP	at	203126  
203604	[0]	:	Key	71	DOWN	at	203278  
203605	[1]	:	Key	71	UP	at	203406  
203606	[1]	:	Key	71	DOWN	at	203534  
203622	[16]	:	Key	71	UP	at	203614  
203838	[216]	:	Key	71	DOWN	at	203838  
207134	[3296]	:	Key	71	UP	at	203902  
207134	[0]	:	Key	71	DOWN	at	204038  
207135	[1]	:	Key	71	UP	at	204118  
207135	[0]	:	Key	71	DOWN	at	204246  
207135	[0]	:	Key	71	UP	at	204374  
207135	[0]	:	Key	71	DOWN	at	204550  
207136	[1]	:	Key	71	UP	at	204606  
207136	[0]	:	Key	71	DOWN	at	204734  
207136	[0]	:	Key	71	UP	at	204798  
207137	[1]	:	Key	71	DOWN	at	204942  
207137	[0]	:	Key	71	UP	at	205014  
207137	[0]	:	Key	71	DOWN	at	205158  
207138	[1]	:	Key	71	UP	at	205254  
207138	[0]	:	Key	71	DOWN	at	205414  
207138	[0]	:	Key	71	UP	at	205486  
207139	[1]	:	Key	71	DOWN	at	205630  
207139	[0]	:	Key	71	UP	at	205726  
207139	[0]	:	Key	71	DOWN	at	205894  
207139	[0]	:	Key	71	UP	at	205982  
207140	[1]	:	Key	71	DOWN	at	206118  
207140	[0]	:	Key	71	UP	at	206222  
207140	[0]	:	Key	71	DOWN	at	206366  
207141	[1]	:	Key	71	UP	at	206454  
207141	[0]	:	Key	71	DOWN	at	206614  
207141	[0]	:	Key	71	UP	at	206686  
207142	[1]	:	Key	71	DOWN	at	206862  
207142	[0]	:	Key	71	UP	at	206934  
207142	[0]	:	Key	71	DOWN	at	207110  
207198	[56]	:	Key	71	UP	at	207198  
207278	[80]	:	Key	71	DOWN	at	207278  
210573	[3295]	:	Key	71	UP	at	207318  
210575	[2]	:	Key	71	DOWN	at	207462  
210576	[1]	:	Key	71	UP	at	207518  
210577	[1]	:	Key	71	DOWN	at	207686  
210578	[1]	:	Key	71	UP	at	207774  
210579	[1]	:	Key	71	DOWN	at	207918  
210581	[2]	:	Key	71	UP	at	207998  
210582	[1]	:	Key	71	DOWN	at	208150  
210583	[1]	:	Key	71	UP	at	208238  
210584	[1]	:	Key	71	DOWN	at	208382  
210585	[1]	:	Key	71	UP	at	208470  
210586	[1]	:	Key	71	DOWN	at	208614  
210587	[1]	:	Key	71	UP	at	208710  
210588	[1]	:	Key	71	DOWN	at	208846  
210589	[1]	:	Key	71	UP	at	208926  
210591	[2]	:	Key	71	DOWN	at	209062  
210592	[1]	:	Key	71	UP	at	209190  
210593	[1]	:	Key	71	DOWN	at	209246  
210594	[1]	:	Key	71	UP	at	209334  
211198	[604]	:	Key	71	DOWN	at	211198  
214488	[3290]	:	Key	71	UP	at	211294  
215437	[949]	:	Key	71	DOWN	at	215437  
218732	[3295]	:	Key	71	UP	at	215581  
221102	[2370]	:	Key	71	DOWN	at	221102  
224404	[3302]	:	Key	71	UP	at	221238  
224406	[2]	:	Key	71	DOWN	at	223670  
224407	[1]	:	Key	71	UP	at	223806  
225878	[1471]	:	Key	71	DOWN	at	225878  
229174	[3296]	:	Key	71	UP	at	225950  
229175	[1]	:	Key	71	DOWN	at	226974  
229176	[1]	:	Key	71	UP	at	227110  
229177	[1]	:	Key	71	DOWN	at	228590  
229178	[1]	:	Key	71	UP	at	228726  
230454	[1276]	:	Key	71	DOWN	at	230454  
233754	[3300]	:	Key	71	UP	at	230646  
233756	[2]	:	Key	71	DOWN	at	231702  
233757	[1]	:	Key	71	UP	at	231870  
233758	[1]	:	Key	71	DOWN	at	232998  
233759	[1]	:	Key	71	UP	at	233149  
233761	[2]	:	Key	71	DOWN	at	233589  
233762	[1]	:	Key	71	UP	at	233725  
234109	[347]	:	Key	71	DOWN	at	234109  
237401	[3292]	:	Key	71	UP	at	234246  
237402	[1]	:	Key	71	DOWN	at	234397  
237402	[0]	:	Key	71	UP	at	234494  
237403	[1]	:	Key	71	DOWN	at	234645  
237403	[0]	:	Key	71	UP	at	234733  
237404	[1]	:	Key	71	DOWN	at	235285  
237404	[0]	:	Key	71	UP	at	235325  
237405	[1]	:	Key	71	DOWN	at	236862  
237406	[1]	:	Key	71	UP	at	236942  
238118	[712]	:	Key	71	DOWN	at	238118  
241413	[3295]	:	Key	71	UP	at	238254  
241414	[1]	:	Key	71	DOWN	at	239046  
241415	[1]	:	Key	71	UP	at	239166  
241416	[1]	:	Key	71	DOWN	at	240126  
241417	[1]	:	Key	71	UP	at	240206  
241418	[1]	:	Key	71	DOWN	at	240406  
241419	[1]	:	Key	71	UP	at	240494  
241420	[1]	:	Key	71	DOWN	at	240718  
241421	[1]	:	Key	71	UP	at	240782  
241421	[0]	:	Key	71	DOWN	at	241062  
241422	[1]	:	Key	71	UP	at	241150  
241422	[0]	:	Key	71	DOWN	at	241342  
241431	[9]	:	Key	71	UP	at	241430  
241814	[383]	:	Key	71	DOWN	at	241814  
245101	[3287]	:	Key	71	UP	at	241950  
245103	[2]	:	Key	71	DOWN	at	242142  
245104	[1]	:	Key	71	UP	at	242206  
245105	[1]	:	Key	71	DOWN	at	242686  
245106	[1]	:	Key	71	UP	at	242774  
245107	[1]	:	Key	71	DOWN	at	242942  
245109	[2]	:	Key	71	UP	at	243062  
245110	[1]	:	Key	71	DOWN	at	243310  
245111	[1]	:	Key	71	UP	at	243390  
245112	[1]	:	Key	71	DOWN	at	243606  
245113	[1]	:	Key	71	UP	at	243686  
245114	[1]	:	Key	71	DOWN	at	243886  
245115	[1]	:	Key	71	UP	at	243974  
245117	[2]	:	Key	71	DOWN	at	244142  
245118	[1]	:	Key	71	UP	at	244214  
245119	[1]	:	Key	71	DOWN	at	244374  
245120	[1]	:	Key	71	UP	at	244446  
245121	[1]	:	Key	71	DOWN	at	244918  
245123	[2]	:	Key	71	UP	at	244990  
245510	[387]	:	Key	71	DOWN	at	245510  
249438	[3928]	:	Key	71	UP	at	245622  
249438	[0]	:	Key	71	DOWN	at	245790  
249438	[0]	:	Key	71	UP	at	245870  
249439	[1]	:	Key	71	DOWN	at	246022  
249439	[0]	:	Key	71	UP	at	246102  
249439	[0]	:	Key	71	DOWN	at	246358  
249440	[1]	:	Key	71	UP	at	246422  
249440	[0]	:	Key	71	DOWN	at	246478  
249440	[0]	:	Key	71	UP	at	246566  
249440	[0]	:	Key	71	DOWN	at	246758  
249441	[1]	:	Key	71	UP	at	246854  
249441	[0]	:	Key	71	DOWN	at	247262  
249441	[0]	:	Key	71	UP	at	247358  
249442	[1]	:	Key	71	DOWN	at	247534  
249442	[0]	:	Key	71	UP	at	247582  
249442	[0]	:	Key	71	DOWN	at	247726  
249442	[0]	:	Key	71	UP	at	247814  
249443	[1]	:	Key	71	DOWN	at	247950  
249443	[0]	:	Key	71	UP	at	248038  
249443	[0]	:	Key	71	DOWN	at	248182  
249444	[1]	:	Key	71	UP	at	248270  
249444	[0]	:	Key	71	DOWN	at	248398  
249444	[0]	:	Key	71	UP	at	248486  
249444	[0]	:	Key	71	DOWN	at	248622  
249445	[1]	:	Key	71	UP	at	248710  
249445	[0]	:	Key	71	DOWN	at	248902  
249445	[0]	:	Key	71	UP	at	249046  
249445	[0]	:	Key	71	DOWN	at	249246  
249446	[1]	:	Key	71	UP	at	249318  
250366	[920]	:	Key	71	DOWN	at	250366  
251420	[1054]	:	Key	71	UP	at	250509  
251469	[49]	:	Key	71	DOWN	at	251469  
251629	[160]	:	Key	71	UP	at	251629  
253373	[1744]	:	Key	97	DOWN	at	253373  
254505	[1132]	:	Key	97	UP	at	253493  
255206	[701]	:	Key	97	DOWN	at	255206  
256321	[1115]	:	Key	97	UP	at	255366  
257422	[1101]	:	Key	97	DOWN	at	257422  
258535	[1113]	:	Key	97	UP	at	257606  
259853	[1318]	:	Key	98	DOWN	at	259853  
260970	[1117]	:	Key	98	UP	at	260070  
261790	[820]	:	Key	97	DOWN	at	261790  
262910	[1120]	:	Key	97	UP	at	261958  
264102	[1192]	:	Key	97	DOWN	at	264102  
265219	[1117]	:	Key	97	UP	at	264262  
266118	[899]	:	Key	97	DOWN	at	266118  
267232	[1114]	:	Key	97	UP	at	266270  
268374	[1142]	:	Key	98	DOWN	at	268374  
270092	[1718]	:	Key	98	UP	at	268566  
271758	[1666]	:	Key	71	DOWN	at	271758  
272810	[1052]	:	Key	71	UP	at	271894  
274414	[1604]	:	Key	97	DOWN	at	274414  
275545	[1131]	:	Key	97	UP	at	274606  
276598	[1053]	:	Key	97	DOWN	at	276598  
277688	[1090]	:	Key	97	UP	at	276742  
278758	[1070]	:	Key	98	DOWN	at	278758  
279884	[1126]	:	Key	98	UP	at	278950  
280862	[978]	:	Key	97	DOWN	at	280862  
281980	[1118]	:	Key	97	UP	at	280990  
283390	[1410]	:	Key	98	DOWN	at	283390  
284504	[1114]	:	Key	98	UP	at	283574  
285973	[1469]	:	Key	98	DOWN	at	285973  
287090	[1117]	:	Key	98	UP	at	286150  
288517	[1427]	:	Key	97	DOWN	at	288517  
289633	[1116]	:	Key	97	UP	at	288621  
290982	[1349]	:	Key	97	DOWN	at	290982  
292211	[1229]	:	Key	97	UP	at	291110  
293966	[1755]	:	Key	71	DOWN	at	293966  
294319	[353]	:	Key	71	UP	at	294174  
298622	[4303]	:	Key	71	DOWN	at	298622  
298830	[208]	:	Key	71	UP	at	298830  
300022	[1192]	:	Key	71	DOWN	at	300022  
300230	[208]	:	Key	71	UP	at	300230  
300830	[600]	:	Key	97	DOWN	at	300830  
301062	[232]	:	Key	97	UP	at	301062  
302102	[1040]	:	Key	97	DOWN	at	302102  
302238	[136]	:	Key	97	UP	at	302238  
302870	[632]	:	Key	97	DOWN	at	302870  
303006	[136]	:	Key	97	UP	at	303006  
303350	[344]	:	Key	97	DOWN	at	303350  
303526	[176]	:	Key	97	UP	at	303526  
304189	[663]	:	Key	97	DOWN	at	304189  
304333	[144]	:	Key	97	UP	at	304333  
304789	[456]	:	Key	97	DOWN	at	304789  
304957	[168]	:	Key	97	UP	at	304957  
305637	[680]	:	Key	97	DOWN	at	305637  
305773	[136]	:	Key	97	UP	at	305773  
306173	[400]	:	Key	97	DOWN	at	306173  
306325	[152]	:	Key	97	UP	at	306325  
306574	[249]	:	Key	97	DOWN	at	306574  
306734	[160]	:	Key	97	UP	at	306734  
306966	[232]	:	Key	97	DOWN	at	306966  
307110	[144]	:	Key	97	UP	at	307110  
307286	[176]	:	Key	97	DOWN	at	307286  
307414	[128]	:	Key	97	UP	at	307414  
307662	[248]	:	Key	97	DOWN	at	307662  
307782	[120]	:	Key	97	UP	at	307782  
307990	[208]	:	Key	97	DOWN	at	307990  
308094	[104]	:	Key	97	UP	at	308094  
308270	[176]	:	Key	97	DOWN	at	308270  
308406	[136]	:	Key	97	UP	at	308406  
308542	[136]	:	Key	97	DOWN	at	308542  
308686	[144]	:	Key	97	UP	at	308686  
308830	[144]	:	Key	97	DOWN	at	308830  
308942	[112]	:	Key	97	UP	at	308942  
309102	[160]	:	Key	97	DOWN	at	309102  
309198	[96]	:	Key	97	UP	at	309198  
309534	[336]	:	Key	97	DOWN	at	309534  
309636	[102]	:	Key	97	UP	at	309630  
309854	[218]	:	Key	97	DOWN	at	309854  
309982	[128]	:	Key	97	UP	at	309982  
310174	[192]	:	Key	97	DOWN	at	310174  
311174	[1000]	:	Key	97	UP	at	310270  
313030	[1856]	:	Key	71	DOWN	at	313030  
313336	[306]	:	Key	71	UP	at	313230  
315134	[1798]	:	Key	71	DOWN	at	315134  
410805	[95671]	:	Key	71	DOWN	at	410805  
410941	[136]	:	Key	71	UP	at	410941  
412382	[1441]	:	Key	71	DOWN	at	412382  
999286	[586904]	:	Key	71	DOWN	at	999286  
999422	[136]	:	Key	71	UP	at	999422  
1000070	[648]	:	Key	97	DOWN	at	1000070 
1001070	[1000]	:	Key	97	UP	at	1000222 
1001326	[256]	:	Key	97	DOWN	at	1001326 
1001510	[184]	:	Key	97	UP	at	1001510 
1002846	[1336]	:	Key	97	DOWN	at	1002846 
1003006	[160]	:	Key	97	UP	at	1003006 
1003654	[648]	:	Key	92	DOWN	at	1003654 
1003774	[120]	:	Key	92	UP	at	1003774 
1004198	[424]	:	Key	71	DOWN	at	1004198 
1602607	[598409]	:	Key	97	DOWN	at	1602607 
1603607	[1000]	:	Key	97	UP	at	1602807 
1605095	[1488]	:	Key	71	DOWN	at	1605095 
2213008	[607913]	:	Key	97	DOWN	at	2213008 
2214008	[1000]	:	Key	97	UP	at	2213104 
2214010	[2]	:	Key	97	DOWN	at	2213848 
2214116	[106]	:	Key	97	UP	at	2214032 
2215600	[1484]	:	Key	71	DOWN	at	2215600 
2810599	[594999]	:	Key	97	DOWN	at	2810599 
2811599	[1000]	:	Key	97	UP	at	2810703 
2812511	[912]	:	Key	71	DOWN	at	2812511 
3386512	[574001]	:	Key	71	DOWN	at	3386512 
3386578	[66]	:	COGENT STOP
