Cog2000 log file Tue Jan 26 10:05:16 2021
gprim v1.33 Compiled:Aug 12 2015 (GLib DirectDraw v7 DX10.0 Compiled:Aug 12 2015)
Display:1024x768x32 59.99Hz
Attaching E:\Sahar Rajabi\Final MBMF+Drug Task\Cogent2000v1.33\Toolbox\CogInput.mexw64
CogInput v1.05 Compiled: May 20 2010
4	[4]	:	COGENT START
13766	[13762]	:	Key	97	DOWN	at	13766   
13951	[185]	:	Key	97	UP	at	13950   
15205	[1254]	:	Key	97	DOWN	at	15205   
15341	[136]	:	Key	97	UP	at	15341   
17415	[2074]	:	Key	97	DOWN	at	17415   
18415	[1000]	:	Key	97	UP	at	17576   
26166	[7751]	:	Key	71	DOWN	at	26166   
26375	[209]	:	Key	71	UP	at	26375   
28014	[1639]	:	Key	71	DOWN	at	28014   
31413	[3399]	:	Key	71	UP	at	28159   
33638	[2225]	:	Key	71	DOWN	at	33638   
36940	[3302]	:	Key	71	UP	at	33839   
39542	[2602]	:	Key	71	DOWN	at	39542   
42841	[3299]	:	Key	71	UP	at	39752   
44374	[1533]	:	Key	71	DOWN	at	44374   
47675	[3301]	:	Key	71	UP	at	44591   
47677	[2]	:	Key	71	DOWN	at	46767   
47678	[1]	:	Key	71	UP	at	46935   
48926	[1248]	:	Key	71	DOWN	at	48926   
52226	[3300]	:	Key	71	UP	at	49119   
52228	[2]	:	Key	71	DOWN	at	50295   
52229	[1]	:	Key	71	UP	at	50495   
52230	[1]	:	Key	71	DOWN	at	51936   
52231	[1]	:	Key	71	UP	at	52128   
53655	[1424]	:	Key	71	DOWN	at	53655   
56946	[3291]	:	Key	71	UP	at	53800   
58775	[1829]	:	Key	71	DOWN	at	58775   
62076	[3301]	:	Key	71	UP	at	58967   
62078	[2]	:	Key	71	DOWN	at	59831   
62079	[1]	:	Key	71	UP	at	60015   
62080	[1]	:	Key	71	DOWN	at	61375   
62081	[1]	:	Key	71	UP	at	61543   
65174	[3093]	:	Key	71	DOWN	at	65174   
68464	[3290]	:	Key	71	UP	at	65367   
68466	[2]	:	Key	71	DOWN	at	67087   
68467	[1]	:	Key	71	UP	at	67295   
70199	[1732]	:	Key	71	DOWN	at	70199   
73500	[3301]	:	Key	71	UP	at	70456   
73502	[2]	:	Key	71	DOWN	at	71280   
73503	[1]	:	Key	71	UP	at	71504   
73504	[1]	:	Key	71	DOWN	at	72568   
73505	[1]	:	Key	71	UP	at	72744   
74550	[1045]	:	Key	71	DOWN	at	74550   
77849	[3299]	:	Key	71	UP	at	74720   
77851	[2]	:	Key	71	DOWN	at	75655   
77852	[1]	:	Key	71	UP	at	75847   
78406	[554]	:	Key	71	DOWN	at	78406   
81704	[3298]	:	Key	71	UP	at	78567   
81706	[2]	:	Key	71	DOWN	at	79615   
81707	[1]	:	Key	71	UP	at	79791   
81708	[1]	:	Key	71	DOWN	at	81041   
81709	[1]	:	Key	71	UP	at	81061   
81982	[273]	:	Key	71	DOWN	at	81982   
85283	[3301]	:	Key	71	UP	at	82191   
85285	[2]	:	Key	71	DOWN	at	82622   
85286	[1]	:	Key	71	UP	at	82829   
85287	[1]	:	Key	71	DOWN	at	84471   
85288	[1]	:	Key	71	UP	at	84703   
86311	[1023]	:	Key	71	DOWN	at	86311   
89613	[3302]	:	Key	71	UP	at	86512   
89615	[2]	:	Key	71	DOWN	at	87320   
89616	[1]	:	Key	71	UP	at	87528   
89617	[1]	:	Key	71	DOWN	at	88736   
89618	[1]	:	Key	71	UP	at	88904   
90367	[749]	:	Key	71	DOWN	at	90367   
93669	[3302]	:	Key	71	UP	at	90558   
93671	[2]	:	Key	71	DOWN	at	91312   
93672	[1]	:	Key	71	UP	at	91496   
93673	[1]	:	Key	71	DOWN	at	92703   
93674	[1]	:	Key	71	UP	at	92887   
94206	[532]	:	Key	71	DOWN	at	94206   
97480	[3274]	:	Key	71	UP	at	94359   
97482	[2]	:	Key	71	DOWN	at	95023   
97483	[1]	:	Key	71	UP	at	95207   
97484	[1]	:	Key	71	DOWN	at	96694   
97485	[1]	:	Key	71	UP	at	96696   
98086	[601]	:	Key	71	DOWN	at	98086   
101375	[3289]	:	Key	71	UP	at	98271   
101377	[2]	:	Key	71	DOWN	at	99023   
101378	[1]	:	Key	71	UP	at	99183   
101379	[1]	:	Key	71	DOWN	at	100423  
101380	[1]	:	Key	71	UP	at	100607  
101853	[473]	:	Key	71	DOWN	at	101853  
105153	[3300]	:	Key	71	UP	at	102055  
105155	[2]	:	Key	71	DOWN	at	102767  
105156	[1]	:	Key	71	UP	at	102975  
105157	[1]	:	Key	71	DOWN	at	104246  
105158	[1]	:	Key	71	UP	at	104470  
105639	[481]	:	Key	71	DOWN	at	105639  
108937	[3298]	:	Key	71	UP	at	105848  
108939	[2]	:	Key	71	DOWN	at	106488  
108940	[1]	:	Key	71	UP	at	106672  
108941	[1]	:	Key	71	DOWN	at	107904  
108942	[1]	:	Key	71	UP	at	108072  
109719	[777]	:	Key	71	DOWN	at	109719  
113015	[3296]	:	Key	71	UP	at	109887  
113017	[2]	:	Key	71	DOWN	at	110600  
113018	[1]	:	Key	71	UP	at	111041  
113019	[1]	:	Key	71	DOWN	at	111689  
113020	[1]	:	Key	71	UP	at	111911  
113021	[1]	:	Key	71	DOWN	at	112312  
113022	[1]	:	Key	71	UP	at	112719  
113374	[352]	:	Key	71	DOWN	at	113374  
116671	[3297]	:	Key	71	UP	at	113655  
116673	[2]	:	Key	71	DOWN	at	114247  
116674	[1]	:	Key	71	UP	at	114479  
116676	[2]	:	Key	71	DOWN	at	114942  
116677	[1]	:	Key	71	UP	at	115207  
116678	[1]	:	Key	71	DOWN	at	115799  
116679	[1]	:	Key	71	UP	at	116055  
117022	[343]	:	Key	71	DOWN	at	117022  
120323	[3301]	:	Key	71	UP	at	117229  
120325	[2]	:	Key	71	DOWN	at	117823  
120326	[1]	:	Key	71	UP	at	118063  
120327	[1]	:	Key	71	DOWN	at	119095  
120328	[1]	:	Key	71	UP	at	119263  
120734	[406]	:	Key	71	DOWN	at	120734  
124026	[3292]	:	Key	71	UP	at	120911  
124028	[2]	:	Key	71	DOWN	at	121640  
124029	[1]	:	Key	71	UP	at	121824  
124030	[1]	:	Key	71	DOWN	at	123056  
124031	[1]	:	Key	71	UP	at	123248  
126121	[2090]	:	Key	71	DOWN	at	126121  
129420	[3299]	:	Key	71	UP	at	126141  
129423	[3]	:	Key	71	DOWN	at	126975  
129424	[1]	:	Key	71	UP	at	127151  
129425	[1]	:	Key	71	DOWN	at	128495  
129425	[0]	:	Key	71	UP	at	128767  
130942	[1517]	:	Key	71	DOWN	at	130942  
134244	[3302]	:	Key	71	UP	at	131143  
134246	[2]	:	Key	71	DOWN	at	131911  
134247	[1]	:	Key	71	UP	at	132103  
134248	[1]	:	Key	71	DOWN	at	133359  
134249	[1]	:	Key	71	UP	at	133535  
136150	[1901]	:	Key	71	DOWN	at	136150  
139451	[3301]	:	Key	71	UP	at	136351  
139453	[2]	:	Key	71	DOWN	at	137263  
139454	[1]	:	Key	71	UP	at	137455  
139455	[1]	:	Key	71	DOWN	at	138776  
139456	[1]	:	Key	71	UP	at	138984  
141450	[1994]	:	Key	71	DOWN	at	141450  
144752	[3302]	:	Key	71	UP	at	141470  
144754	[2]	:	Key	71	DOWN	at	142264  
144755	[1]	:	Key	71	UP	at	142496  
144756	[1]	:	Key	71	DOWN	at	143624  
144757	[1]	:	Key	71	UP	at	143856  
145143	[386]	:	Key	71	DOWN	at	145143  
148436	[3293]	:	Key	71	UP	at	145367  
148438	[2]	:	Key	71	DOWN	at	146031  
148439	[1]	:	Key	71	UP	at	146231  
148440	[1]	:	Key	71	DOWN	at	147503  
148441	[1]	:	Key	71	UP	at	147711  
148886	[445]	:	Key	71	DOWN	at	148886  
152176	[3290]	:	Key	71	UP	at	149087  
152178	[2]	:	Key	71	DOWN	at	149695  
152179	[1]	:	Key	71	UP	at	149911  
152180	[1]	:	Key	71	DOWN	at	150311  
152181	[1]	:	Key	71	UP	at	150567  
152182	[1]	:	Key	71	DOWN	at	151223  
152183	[1]	:	Key	71	UP	at	151431  
152184	[1]	:	Key	71	DOWN	at	152087  
152390	[206]	:	Key	71	UP	at	152390  
152637	[247]	:	Key	71	DOWN	at	152637  
155941	[3304]	:	Key	71	UP	at	152847  
155941	[0]	:	Key	71	DOWN	at	153095  
155942	[1]	:	Key	71	UP	at	153263  
155942	[0]	:	Key	71	DOWN	at	153503  
155942	[0]	:	Key	71	UP	at	153639  
155942	[0]	:	Key	71	DOWN	at	153927  
155943	[1]	:	Key	71	UP	at	154015  
155943	[0]	:	Key	71	DOWN	at	154575  
155943	[0]	:	Key	71	UP	at	154663  
155944	[1]	:	Key	71	DOWN	at	154951  
155944	[0]	:	Key	71	UP	at	155095  
155944	[0]	:	Key	71	DOWN	at	155359  
155945	[1]	:	Key	71	UP	at	155455  
156033	[88]	:	Key	71	DOWN	at	156033  
159337	[3304]	:	Key	71	UP	at	156053  
159339	[2]	:	Key	71	DOWN	at	156306  
159340	[1]	:	Key	71	UP	at	156418  
159341	[1]	:	Key	71	DOWN	at	156706  
159342	[1]	:	Key	71	UP	at	156792  
159343	[1]	:	Key	71	DOWN	at	157078  
159344	[1]	:	Key	71	UP	at	157206  
159345	[1]	:	Key	71	DOWN	at	157486  
159346	[1]	:	Key	71	UP	at	157582  
159347	[1]	:	Key	71	DOWN	at	157878  
159348	[1]	:	Key	71	UP	at	157982  
159349	[1]	:	Key	71	DOWN	at	158286  
159350	[1]	:	Key	71	UP	at	158358  
159990	[640]	:	Key	71	DOWN	at	159990  
163289	[3299]	:	Key	71	UP	at	160174  
163291	[2]	:	Key	71	DOWN	at	163109  
163312	[21]	:	Key	71	UP	at	163293  
165365	[2053]	:	Key	71	DOWN	at	165365  
168668	[3303]	:	Key	71	UP	at	165557  
168670	[2]	:	Key	71	DOWN	at	166237  
168671	[1]	:	Key	71	UP	at	166389  
168672	[1]	:	Key	71	DOWN	at	166725  
168673	[1]	:	Key	71	UP	at	166869  
168674	[1]	:	Key	71	DOWN	at	167213  
168675	[1]	:	Key	71	UP	at	167365  
168676	[1]	:	Key	71	DOWN	at	167613  
168677	[1]	:	Key	71	UP	at	167773  
168678	[1]	:	Key	71	DOWN	at	168013  
168679	[1]	:	Key	71	UP	at	168157  
168680	[1]	:	Key	71	DOWN	at	168397  
168681	[1]	:	Key	71	UP	at	168525  
168781	[100]	:	Key	71	DOWN	at	168781  
172085	[3304]	:	Key	71	UP	at	168933  
172087	[2]	:	Key	71	DOWN	at	169165  
172088	[1]	:	Key	71	UP	at	169309  
172089	[1]	:	Key	71	DOWN	at	169557  
172090	[1]	:	Key	71	UP	at	169733  
172091	[1]	:	Key	71	DOWN	at	170053  
172092	[1]	:	Key	71	UP	at	170117  
172094	[2]	:	Key	71	DOWN	at	170397  
172095	[1]	:	Key	71	UP	at	170509  
172096	[1]	:	Key	71	DOWN	at	171373  
172096	[0]	:	Key	71	UP	at	171661  
172661	[565]	:	Key	71	DOWN	at	172661  
175950	[3289]	:	Key	71	UP	at	172837  
175952	[2]	:	Key	71	DOWN	at	173485  
175953	[1]	:	Key	71	UP	at	173637  
175954	[1]	:	Key	71	DOWN	at	174006  
175955	[1]	:	Key	71	UP	at	174182  
175956	[1]	:	Key	71	DOWN	at	174710  
175957	[1]	:	Key	71	UP	at	174886  
175958	[1]	:	Key	71	DOWN	at	175190  
175959	[1]	:	Key	71	UP	at	175310  
176302	[343]	:	Key	71	DOWN	at	176302  
179600	[3298]	:	Key	71	UP	at	176406  
179602	[2]	:	Key	71	DOWN	at	176662  
179603	[1]	:	Key	71	UP	at	176814  
179604	[1]	:	Key	71	DOWN	at	177030  
179605	[1]	:	Key	71	UP	at	177182  
179606	[1]	:	Key	71	DOWN	at	177414  
179607	[1]	:	Key	71	UP	at	177638  
179608	[1]	:	Key	71	DOWN	at	178070  
179609	[1]	:	Key	71	UP	at	178734  
179610	[1]	:	Key	71	DOWN	at	179390  
180629	[1019]	:	Key	71	UP	at	180629  
181261	[632]	:	Key	71	DOWN	at	181261  
184564	[3303]	:	Key	71	UP	at	181470  
184566	[2]	:	Key	71	DOWN	at	184485  
184669	[103]	:	Key	71	UP	at	184669  
185069	[400]	:	Key	71	DOWN	at	185069  
188369	[3300]	:	Key	71	UP	at	185277  
188371	[2]	:	Key	71	DOWN	at	185957  
188372	[1]	:	Key	71	UP	at	186133  
188373	[1]	:	Key	71	DOWN	at	187053  
188374	[1]	:	Key	71	UP	at	187333  
188375	[1]	:	Key	71	DOWN	at	187917  
188376	[1]	:	Key	71	UP	at	188109  
189429	[1053]	:	Key	71	DOWN	at	189429  
192730	[3301]	:	Key	71	UP	at	189605  
192730	[0]	:	Key	71	DOWN	at	190341  
192730	[0]	:	Key	71	UP	at	190677  
192731	[1]	:	Key	71	DOWN	at	190765  
192731	[0]	:	Key	71	UP	at	191422  
192731	[0]	:	Key	71	DOWN	at	191782  
192732	[1]	:	Key	71	UP	at	191934  
192732	[0]	:	Key	71	DOWN	at	192230  
192732	[0]	:	Key	71	UP	at	192422  
192774	[42]	:	Key	71	DOWN	at	192774  
196078	[3304]	:	Key	71	UP	at	192966  
196080	[2]	:	Key	71	DOWN	at	193198  
196081	[1]	:	Key	71	UP	at	193366  
196082	[1]	:	Key	71	DOWN	at	193614  
196083	[1]	:	Key	71	UP	at	193742  
196084	[1]	:	Key	71	DOWN	at	193982  
196085	[1]	:	Key	71	UP	at	194118  
196086	[1]	:	Key	71	DOWN	at	194382  
196087	[1]	:	Key	71	UP	at	194518  
196089	[2]	:	Key	71	DOWN	at	194758  
196090	[1]	:	Key	71	UP	at	194902  
196091	[1]	:	Key	71	DOWN	at	195118  
196092	[1]	:	Key	71	UP	at	195254  
196093	[1]	:	Key	71	DOWN	at	195470  
196094	[1]	:	Key	71	UP	at	195630  
196095	[1]	:	Key	71	DOWN	at	195734  
196096	[1]	:	Key	71	UP	at	195910  
196108	[12]	:	Key	71	DOWN	at	196102  
198621	[2513]	:	Key	71	UP	at	198621  
201573	[2952]	:	Key	71	DOWN	at	201573  
204878	[3305]	:	Key	71	UP	at	201909  
204880	[2]	:	Key	71	DOWN	at	202237  
204881	[1]	:	Key	71	UP	at	202469  
204882	[1]	:	Key	71	DOWN	at	202845  
204883	[1]	:	Key	71	UP	at	203077  
204884	[1]	:	Key	71	DOWN	at	203453  
204886	[2]	:	Key	71	UP	at	203717  
204887	[1]	:	Key	71	DOWN	at	203997  
204888	[1]	:	Key	71	UP	at	204445  
204889	[1]	:	Key	71	DOWN	at	204630  
204905	[16]	:	Key	71	UP	at	204885  
205157	[252]	:	Key	71	DOWN	at	205157  
208463	[3306]	:	Key	71	UP	at	205493  
208465	[2]	:	Key	71	DOWN	at	205733  
208466	[1]	:	Key	71	UP	at	206029  
208467	[1]	:	Key	71	DOWN	at	206173  
208468	[1]	:	Key	71	UP	at	206365  
208469	[1]	:	Key	71	DOWN	at	206557  
208470	[1]	:	Key	71	UP	at	206829  
208471	[1]	:	Key	71	DOWN	at	207013  
208473	[2]	:	Key	71	UP	at	207237  
208474	[1]	:	Key	71	DOWN	at	207445  
208475	[1]	:	Key	71	UP	at	207661  
208476	[1]	:	Key	71	DOWN	at	207877  
208477	[1]	:	Key	71	UP	at	208109  
208478	[1]	:	Key	71	DOWN	at	208189  
208479	[1]	:	Key	71	UP	at	208285  
208480	[1]	:	Key	71	DOWN	at	208429  
208669	[189]	:	Key	71	UP	at	208669  
208894	[225]	:	Key	71	DOWN	at	208894  
212192	[3298]	:	Key	71	UP	at	209078  
212194	[2]	:	Key	71	DOWN	at	209350  
212195	[1]	:	Key	71	UP	at	209518  
212196	[1]	:	Key	71	DOWN	at	209758  
212197	[1]	:	Key	71	UP	at	209918  
212198	[1]	:	Key	71	DOWN	at	210110  
212199	[1]	:	Key	71	UP	at	210302  
212200	[1]	:	Key	71	DOWN	at	210822  
212202	[2]	:	Key	71	UP	at	211342  
212203	[1]	:	Key	71	DOWN	at	211574  
212204	[1]	:	Key	71	UP	at	211750  
212574	[370]	:	Key	71	DOWN	at	212574  
215864	[3290]	:	Key	71	UP	at	212710  
215866	[2]	:	Key	71	DOWN	at	213382  
215867	[1]	:	Key	71	UP	at	213558  
215868	[1]	:	Key	71	DOWN	at	214438  
215869	[1]	:	Key	71	UP	at	214622  
215870	[1]	:	Key	71	DOWN	at	215126  
215871	[1]	:	Key	71	UP	at	215253  
216381	[510]	:	Key	71	DOWN	at	216381  
219671	[3290]	:	Key	71	UP	at	216461  
219673	[2]	:	Key	71	DOWN	at	217325  
219674	[1]	:	Key	71	UP	at	217429  
219675	[1]	:	Key	71	DOWN	at	219053  
219676	[1]	:	Key	71	UP	at	219173  
220741	[1065]	:	Key	71	DOWN	at	220741  
224041	[3300]	:	Key	71	UP	at	220893  
224043	[2]	:	Key	71	DOWN	at	222261  
224044	[1]	:	Key	71	UP	at	222413  
224045	[1]	:	Key	71	DOWN	at	223237  
224046	[1]	:	Key	71	UP	at	223381  
224157	[111]	:	Key	71	DOWN	at	224157  
227465	[3308]	:	Key	71	UP	at	224333  
227467	[2]	:	Key	71	DOWN	at	224613  
227468	[1]	:	Key	71	UP	at	224725  
227469	[1]	:	Key	71	DOWN	at	224997  
227470	[1]	:	Key	71	UP	at	225117  
227471	[1]	:	Key	71	DOWN	at	225389  
227472	[1]	:	Key	71	UP	at	225493  
227473	[1]	:	Key	71	DOWN	at	225749  
227475	[2]	:	Key	71	UP	at	225909  
227476	[1]	:	Key	71	DOWN	at	226125  
227477	[1]	:	Key	71	UP	at	226230  
227478	[1]	:	Key	71	DOWN	at	226462  
227478	[0]	:	Key	71	UP	at	226582  
227479	[1]	:	Key	71	DOWN	at	226790  
227480	[1]	:	Key	71	UP	at	226894  
227481	[1]	:	Key	71	DOWN	at	227078  
227482	[1]	:	Key	71	UP	at	227190  
227483	[1]	:	Key	71	DOWN	at	227342  
227500	[17]	:	Key	71	UP	at	227478  
227598	[98]	:	Key	71	DOWN	at	227598  
230902	[3304]	:	Key	71	UP	at	227774  
230904	[2]	:	Key	71	DOWN	at	227934  
230905	[1]	:	Key	71	UP	at	228062  
230906	[1]	:	Key	71	DOWN	at	228238  
230907	[1]	:	Key	71	UP	at	228350  
230908	[1]	:	Key	71	DOWN	at	228518  
230909	[1]	:	Key	71	UP	at	228678  
230910	[1]	:	Key	71	DOWN	at	228822  
230911	[1]	:	Key	71	UP	at	228934  
230912	[1]	:	Key	71	DOWN	at	229086  
230914	[2]	:	Key	71	UP	at	229214  
230915	[1]	:	Key	71	DOWN	at	229374  
230916	[1]	:	Key	71	UP	at	229510  
230917	[1]	:	Key	71	DOWN	at	229678  
230918	[1]	:	Key	71	UP	at	229790  
230919	[1]	:	Key	71	DOWN	at	229950  
230921	[2]	:	Key	71	UP	at	230078  
230922	[1]	:	Key	71	DOWN	at	230238  
230923	[1]	:	Key	71	UP	at	230374  
230924	[1]	:	Key	71	DOWN	at	230646  
230925	[1]	:	Key	71	UP	at	230742  
230958	[33]	:	Key	71	DOWN	at	230958  
234933	[3975]	:	Key	71	UP	at	231054  
234933	[0]	:	Key	71	DOWN	at	231238  
234933	[0]	:	Key	71	UP	at	231374  
234934	[1]	:	Key	71	DOWN	at	231550  
234934	[0]	:	Key	71	UP	at	231646  
234934	[0]	:	Key	71	DOWN	at	231869  
234935	[1]	:	Key	71	UP	at	231957  
234935	[0]	:	Key	71	DOWN	at	232166  
234935	[0]	:	Key	71	UP	at	232310  
234935	[0]	:	Key	71	DOWN	at	232526  
234936	[1]	:	Key	71	UP	at	232622  
234936	[0]	:	Key	71	DOWN	at	232822  
234936	[0]	:	Key	71	UP	at	232934  
234936	[0]	:	Key	71	DOWN	at	233126  
234937	[1]	:	Key	71	UP	at	233246  
234937	[0]	:	Key	71	DOWN	at	233438  
234937	[0]	:	Key	71	UP	at	233565  
234938	[1]	:	Key	71	DOWN	at	233757  
234938	[0]	:	Key	71	UP	at	233893  
234938	[0]	:	Key	71	DOWN	at	234222  
234939	[1]	:	Key	71	UP	at	234350  
242373	[7434]	:	Key	71	DOWN	at	242373  
243420	[1047]	:	Key	71	UP	at	242533  
244654	[1234]	:	Key	97	DOWN	at	244654  
245778	[1124]	:	Key	97	UP	at	244782  
246782	[1004]	:	Key	97	DOWN	at	246782  
247911	[1129]	:	Key	97	UP	at	246950  
248846	[935]	:	Key	97	DOWN	at	248846  
249966	[1120]	:	Key	97	UP	at	248998  
250917	[951]	:	Key	98	DOWN	at	250917  
252032	[1115]	:	Key	98	UP	at	251150  
253605	[1573]	:	Key	97	DOWN	at	253605  
254736	[1131]	:	Key	97	UP	at	253725  
255549	[813]	:	Key	97	DOWN	at	255549  
256671	[1122]	:	Key	97	UP	at	255661  
257789	[1118]	:	Key	97	DOWN	at	257789  
258918	[1129]	:	Key	97	UP	at	257909  
259716	[798]	:	Key	98	DOWN	at	259716  
261457	[1741]	:	Key	98	UP	at	259925  
264454	[2997]	:	Key	71	DOWN	at	264454  
265497	[1043]	:	Key	71	UP	at	264630  
266614	[1117]	:	Key	97	DOWN	at	266614  
267740	[1126]	:	Key	97	UP	at	266734  
268461	[721]	:	Key	97	DOWN	at	268461  
269581	[1120]	:	Key	97	UP	at	268590  
270621	[1040]	:	Key	98	DOWN	at	270621  
271759	[1138]	:	Key	98	UP	at	270789  
272901	[1142]	:	Key	97	DOWN	at	272901  
274018	[1117]	:	Key	97	UP	at	273029  
274829	[811]	:	Key	97	DOWN	at	274829  
276024	[1195]	:	Key	97	UP	at	274941  
277213	[1189]	:	Key	98	DOWN	at	277213  
278333	[1120]	:	Key	98	UP	at	277373  
279166	[833]	:	Key	97	DOWN	at	279166  
280291	[1125]	:	Key	97	UP	at	279294  
281782	[1491]	:	Key	97	DOWN	at	281782  
283001	[1219]	:	Key	97	UP	at	281934  
285006	[2005]	:	Key	71	DOWN	at	285006  
285336	[330]	:	Key	71	UP	at	285246  
286749	[1413]	:	Key	71	DOWN	at	286749  
286933	[184]	:	Key	71	UP	at	286933  
288413	[1480]	:	Key	71	DOWN	at	288413  
291721	[3308]	:	Key	71	UP	at	288477  
291723	[2]	:	Key	71	DOWN	at	288805  
291724	[1]	:	Key	71	UP	at	288973  
291725	[1]	:	Key	71	DOWN	at	289421  
291726	[1]	:	Key	71	UP	at	289637  
291727	[1]	:	Key	71	DOWN	at	289941  
291728	[1]	:	Key	71	UP	at	290117  
291729	[1]	:	Key	71	DOWN	at	290749  
291730	[1]	:	Key	71	UP	at	290933  
291731	[1]	:	Key	71	DOWN	at	291373  
291733	[2]	:	Key	71	UP	at	291573  
292029	[296]	:	Key	71	DOWN	at	292029  
295328	[3299]	:	Key	71	UP	at	292237  
295330	[2]	:	Key	71	DOWN	at	293341  
295331	[1]	:	Key	71	UP	at	293525  
295332	[1]	:	Key	71	DOWN	at	294453  
295333	[1]	:	Key	71	UP	at	294629  
295701	[368]	:	Key	71	DOWN	at	295701  
298986	[3285]	:	Key	71	UP	at	295893  
298988	[2]	:	Key	71	DOWN	at	296870  
298989	[1]	:	Key	71	UP	at	297062  
298990	[1]	:	Key	71	DOWN	at	298166  
298991	[1]	:	Key	71	UP	at	298326  
299494	[503]	:	Key	71	DOWN	at	299494  
302785	[3291]	:	Key	71	UP	at	299710  
302787	[2]	:	Key	71	DOWN	at	301974  
302788	[1]	:	Key	71	UP	at	302110  
303230	[442]	:	Key	71	DOWN	at	303230  
306520	[3290]	:	Key	71	UP	at	303422  
306522	[2]	:	Key	71	DOWN	at	304222  
306523	[1]	:	Key	71	UP	at	304494  
306524	[1]	:	Key	71	DOWN	at	305238  
306525	[1]	:	Key	71	UP	at	305454  
306526	[1]	:	Key	71	DOWN	at	306205  
306527	[1]	:	Key	71	UP	at	306461  
306981	[454]	:	Key	71	DOWN	at	306981  
310285	[3304]	:	Key	71	UP	at	307357  
310285	[0]	:	Key	71	DOWN	at	307661  
310285	[0]	:	Key	71	UP	at	307909  
310286	[1]	:	Key	71	DOWN	at	308253  
310286	[0]	:	Key	71	UP	at	308469  
310286	[0]	:	Key	71	DOWN	at	308749  
310287	[1]	:	Key	71	UP	at	308965  
310287	[0]	:	Key	71	DOWN	at	309237  
310287	[0]	:	Key	71	UP	at	309501  
310288	[1]	:	Key	71	DOWN	at	309773  
310288	[0]	:	Key	71	UP	at	310013  
310288	[0]	:	Key	71	DOWN	at	310269  
310501	[213]	:	Key	71	UP	at	310501  
310821	[320]	:	Key	71	DOWN	at	310821  
314124	[3303]	:	Key	71	UP	at	311085  
314126	[2]	:	Key	71	DOWN	at	311373  
314127	[1]	:	Key	71	UP	at	311637  
314128	[1]	:	Key	71	DOWN	at	311893  
314129	[1]	:	Key	71	UP	at	312181  
314130	[1]	:	Key	71	DOWN	at	312453  
314131	[1]	:	Key	71	UP	at	312757  
314132	[1]	:	Key	71	DOWN	at	313013  
314133	[1]	:	Key	71	UP	at	313309  
314134	[1]	:	Key	71	DOWN	at	313573  
314136	[2]	:	Key	71	UP	at	313862  
314158	[22]	:	Key	71	DOWN	at	314158  
317447	[3289]	:	Key	71	UP	at	314350  
317447	[0]	:	Key	71	DOWN	at	315622  
317448	[1]	:	Key	71	UP	at	315790  
317448	[0]	:	Key	71	DOWN	at	316686  
317448	[0]	:	Key	71	UP	at	316798  
317449	[1]	:	Key	71	DOWN	at	317110  
317449	[0]	:	Key	71	UP	at	317254  
318238	[789]	:	Key	71	DOWN	at	318238  
321538	[3300]	:	Key	71	UP	at	318454  
321540	[2]	:	Key	71	DOWN	at	319166  
321541	[1]	:	Key	71	UP	at	319398  
322365	[824]	:	Key	71	DOWN	at	322365  
325667	[3302]	:	Key	71	UP	at	322509  
325669	[2]	:	Key	71	DOWN	at	325197  
325670	[1]	:	Key	71	UP	at	325349  
327045	[1375]	:	Key	71	DOWN	at	327045  
330344	[3299]	:	Key	71	UP	at	327221  
330346	[2]	:	Key	71	DOWN	at	328525  
330347	[1]	:	Key	71	UP	at	328677  
330348	[1]	:	Key	71	DOWN	at	330205  
330349	[1]	:	Key	71	UP	at	330333  
331206	[857]	:	Key	71	DOWN	at	331206  
334507	[3301]	:	Key	71	UP	at	331334  
334507	[0]	:	Key	71	DOWN	at	332102  
334508	[1]	:	Key	71	UP	at	332246  
334508	[0]	:	Key	71	DOWN	at	333166  
334508	[0]	:	Key	71	UP	at	333286  
340621	[6113]	:	Key	71	DOWN	at	340621  
343921	[3300]	:	Key	71	UP	at	340741  
348509	[4588]	:	Key	71	DOWN	at	348509  
351814	[3305]	:	Key	71	UP	at	348718  
351814	[0]	:	Key	71	DOWN	at	349374  
351815	[1]	:	Key	71	UP	at	349542  
351815	[0]	:	Key	71	DOWN	at	349758  
351815	[0]	:	Key	71	UP	at	349950  
351815	[0]	:	Key	71	DOWN	at	350190  
351816	[1]	:	Key	71	UP	at	350374  
351816	[0]	:	Key	71	DOWN	at	350566  
351816	[0]	:	Key	71	UP	at	350726  
351817	[1]	:	Key	71	DOWN	at	350894  
351817	[0]	:	Key	71	UP	at	351038  
351817	[0]	:	Key	71	DOWN	at	351198  
351818	[1]	:	Key	71	UP	at	351350  
351818	[0]	:	Key	71	DOWN	at	351510  
351818	[0]	:	Key	71	UP	at	351662  
351818	[0]	:	Key	71	DOWN	at	351782  
351942	[124]	:	Key	71	UP	at	351942  
352070	[128]	:	Key	71	DOWN	at	352070  
355381	[3311]	:	Key	71	UP	at	352206  
355381	[0]	:	Key	71	DOWN	at	352358  
355382	[1]	:	Key	71	UP	at	352486  
355382	[0]	:	Key	71	DOWN	at	352622  
355382	[0]	:	Key	71	UP	at	352782  
355382	[0]	:	Key	71	DOWN	at	352918  
355383	[1]	:	Key	71	UP	at	353094  
355383	[0]	:	Key	71	DOWN	at	353134  
355384	[1]	:	Key	71	UP	at	353270  
355384	[0]	:	Key	71	DOWN	at	353454  
355384	[0]	:	Key	71	UP	at	353630  
355384	[0]	:	Key	71	DOWN	at	353806  
355385	[1]	:	Key	71	UP	at	353918  
355385	[0]	:	Key	71	DOWN	at	354078  
355385	[0]	:	Key	71	UP	at	354230  
355386	[1]	:	Key	71	DOWN	at	354366  
355386	[0]	:	Key	71	UP	at	354502  
355386	[0]	:	Key	71	DOWN	at	354630  
355387	[1]	:	Key	71	UP	at	354774  
355387	[0]	:	Key	71	DOWN	at	354894  
355387	[0]	:	Key	71	UP	at	355062  
355387	[0]	:	Key	71	DOWN	at	355094  
355388	[1]	:	Key	71	UP	at	355286  
355388	[0]	:	Key	71	DOWN	at	355381  
355558	[170]	:	Key	71	UP	at	355558  
355710	[152]	:	Key	71	DOWN	at	355710  
359615	[3905]	:	Key	71	UP	at	355862  
359615	[0]	:	Key	71	DOWN	at	355982  
359616	[1]	:	Key	71	UP	at	356285  
359616	[0]	:	Key	71	DOWN	at	356686  
359616	[0]	:	Key	71	UP	at	357029  
359617	[1]	:	Key	71	DOWN	at	357670  
359617	[0]	:	Key	71	UP	at	357822  
359617	[0]	:	Key	71	DOWN	at	358518  
359618	[1]	:	Key	71	UP	at	358686  
359618	[0]	:	Key	71	DOWN	at	358973  
359618	[0]	:	Key	71	UP	at	359109  
359618	[0]	:	Key	71	DOWN	at	359317  
359619	[1]	:	Key	71	UP	at	359469  
361957	[2338]	:	Key	71	DOWN	at	361957  
362998	[1041]	:	Key	71	UP	at	362141  
363677	[679]	:	Key	97	DOWN	at	363677  
364794	[1117]	:	Key	97	UP	at	363797  
365637	[843]	:	Key	98	DOWN	at	365637  
366769	[1132]	:	Key	98	UP	at	365805  
367358	[589]	:	Key	97	DOWN	at	367358  
368484	[1126]	:	Key	97	UP	at	367486  
369166	[682]	:	Key	97	DOWN	at	369166  
370289	[1123]	:	Key	97	UP	at	369278  
371998	[1709]	:	Key	97	DOWN	at	371998  
373113	[1115]	:	Key	97	UP	at	372118  
374166	[1053]	:	Key	97	DOWN	at	374166  
375293	[1127]	:	Key	97	UP	at	374261  
376221	[928]	:	Key	97	DOWN	at	376221  
377342	[1121]	:	Key	97	UP	at	376349  
378389	[1047]	:	Key	98	DOWN	at	378389  
380074	[1685]	:	Key	98	UP	at	378573  
381621	[1547]	:	Key	71	DOWN	at	381621  
382670	[1049]	:	Key	71	UP	at	381861  
383678	[1008]	:	Key	98	DOWN	at	383678  
384802	[1124]	:	Key	98	UP	at	383846  
386502	[1700]	:	Key	97	DOWN	at	386502  
387627	[1125]	:	Key	97	UP	at	386606  
388822	[1195]	:	Key	97	DOWN	at	388822  
389959	[1137]	:	Key	97	UP	at	388958  
391165	[1206]	:	Key	98	DOWN	at	391165  
392274	[1109]	:	Key	98	UP	at	391350  
393037	[763]	:	Key	97	DOWN	at	393037  
394164	[1127]	:	Key	97	UP	at	393149  
395173	[1009]	:	Key	97	DOWN	at	395173  
396298	[1125]	:	Key	97	UP	at	395301  
397341	[1043]	:	Key	98	DOWN	at	397341  
398454	[1113]	:	Key	98	UP	at	397477  
399429	[975]	:	Key	97	DOWN	at	399429  
400619	[1190]	:	Key	97	UP	at	399589  
402326	[1707]	:	Key	71	DOWN	at	402326  
402637	[311]	:	Key	71	UP	at	402526  
413229	[10592]	:	Key	71	DOWN	at	413229  
413461	[232]	:	Key	71	UP	at	413461  
413533	[72]	:	Key	71	DOWN	at	413533  
413885	[352]	:	Key	71	UP	at	413885  
414173	[288]	:	Key	71	DOWN	at	414173  
414453	[280]	:	Key	71	UP	at	414453  
449925	[35472]	:	Key	98	DOWN	at	449925  
450117	[192]	:	Key	98	UP	at	450117  
450285	[168]	:	Key	97	DOWN	at	450285  
450453	[168]	:	Key	97	UP	at	450453  
450581	[128]	:	Key	100	DOWN	at	450581  
450589	[8]	:	Key	71	DOWN	at	450589  
450669	[80]	:	Key	100	UP	at	450669  
450765	[96]	:	Key	71	UP	at	450765  
452037	[1272]	:	Key	97	DOWN	at	452037  
452173	[136]	:	Key	97	UP	at	452173  
456078	[3905]	:	Key	97	DOWN	at	456078  
456214	[136]	:	Key	97	UP	at	456214  
464781	[8567]	:	Key	97	DOWN	at	464781  
464933	[152]	:	Key	97	UP	at	464933  
466549	[1616]	:	Key	97	DOWN	at	466549  
466717	[168]	:	Key	97	UP	at	466717  
466997	[280]	:	Key	97	DOWN	at	466997  
467189	[192]	:	Key	97	UP	at	467189  
467437	[248]	:	Key	97	DOWN	at	467437  
467605	[168]	:	Key	97	UP	at	467605  
467821	[216]	:	Key	97	DOWN	at	467821  
467965	[144]	:	Key	97	UP	at	467965  
468157	[192]	:	Key	97	DOWN	at	468157  
468285	[128]	:	Key	97	UP	at	468285  
468373	[88]	:	Key	97	DOWN	at	468373  
468485	[112]	:	Key	97	UP	at	468485  
468581	[96]	:	Key	97	DOWN	at	468581  
468677	[96]	:	Key	97	UP	at	468677  
468773	[96]	:	Key	97	DOWN	at	468773  
468863	[90]	:	Key	97	UP	at	468861  
471326	[2463]	:	Key	97	DOWN	at	471326  
471478	[152]	:	Key	97	UP	at	471478  
471838	[360]	:	Key	97	DOWN	at	471838  
472022	[184]	:	Key	97	UP	at	472022  
472326	[304]	:	Key	97	DOWN	at	472326  
472470	[144]	:	Key	97	UP	at	472470  
472758	[288]	:	Key	97	DOWN	at	472758  
472878	[120]	:	Key	97	UP	at	472878  
473182	[304]	:	Key	97	DOWN	at	473182  
473318	[136]	:	Key	97	UP	at	473318  
473758	[440]	:	Key	97	DOWN	at	473758  
473846	[88]	:	Key	97	UP	at	473814  
474374	[528]	:	Key	97	DOWN	at	474374  
474518	[144]	:	Key	97	UP	at	474518  
475342	[824]	:	Key	97	DOWN	at	475342  
476342	[1000]	:	Key	97	UP	at	475486  
479302	[2960]	:	Key	71	DOWN	at	479302  
479621	[319]	:	Key	71	UP	at	479518  
481917	[2296]	:	Key	71	DOWN	at	481917  
566574	[84657]	:	Key	71	DOWN	at	566574  
566702	[128]	:	Key	71	UP	at	566702  
568502	[1800]	:	Key	71	DOWN	at	568502  
1154795	[586293]	:	Key	97	DOWN	at	1154795 
1155795	[1000]	:	Key	97	UP	at	1154972 
1157355	[1560]	:	Key	71	DOWN	at	1157355 
1932639	[775284]	:	Key	97	DOWN	at	1932639 
1933639	[1000]	:	Key	97	UP	at	1932783 
1935294	[1655]	:	Key	71	DOWN	at	1935294 
2502255	[566961]	:	Key	71	DOWN	at	2502255 
2502415	[160]	:	Key	71	UP	at	2502415 
2518984	[16569]	:	Key	97	DOWN	at	2518984 
2519984	[1000]	:	Key	97	UP	at	2519200 
2521263	[1279]	:	Key	71	DOWN	at	2521263 
3151182	[629919]	:	Key	97	DOWN	at	3151182 
3152182	[1000]	:	Key	97	UP	at	3151358 
3157118	[4936]	:	Key	71	DOWN	at	3157118 
4369682	[1212564]	:	Key	71	DOWN	at	4369682 
4369769	[87]	:	COGENT STOP
