Cog2000 log file Sat Jan 09 10:08:31 2021
gprim v1.33 Compiled:Aug 12 2015 (GLib DirectDraw v7 DX10.0 Compiled:Aug 12 2015)
Display:1024x768x32 60.02Hz
Attaching E:\Sahar Rajabi\Final MBMF+Drug Task\Cogent2000v1.33\Toolbox\CogInput.mexw64
CogInput v1.05 Compiled: May 20 2010
3	[3]	:	COGENT START
49266	[49263]	:	Key	97	DOWN	at	49266   
49473	[207]	:	Key	97	UP	at	49473   
50121	[648]	:	Key	98	DOWN	at	50121   
50322	[201]	:	Key	98	UP	at	50322   
56195	[5873]	:	Key	98	DOWN	at	56195   
56395	[200]	:	Key	98	UP	at	56395   
58645	[2250]	:	Key	97	DOWN	at	58645   
58725	[80]	:	Key	97	UP	at	58665   
59546	[821]	:	Key	98	DOWN	at	59546   
59810	[264]	:	Key	98	UP	at	59810   
60251	[441]	:	Key	98	DOWN	at	60251   
60450	[199]	:	Key	98	UP	at	60450   
61034	[584]	:	Key	97	DOWN	at	61034   
61218	[184]	:	Key	97	UP	at	61218   
61434	[216]	:	Key	97	DOWN	at	61434   
61634	[200]	:	Key	97	UP	at	61634   
83850	[22216]	:	Key	97	DOWN	at	83850   
84850	[1000]	:	Key	97	UP	at	84019   
102010	[17160]	:	Key	14	DOWN	at	102010  
102018	[8]	:	Key	71	DOWN	at	102018  
102124	[106]	:	Key	71	UP	at	102105  
102125	[1]	:	Key	14	UP	at	102113  
103733	[1608]	:	Key	71	DOWN	at	103733  
107111	[3378]	:	Key	71	UP	at	103753  
108851	[1740]	:	Key	71	DOWN	at	108851  
112154	[3303]	:	Key	71	UP	at	109012  
113042	[888]	:	Key	71	DOWN	at	113042  
116344	[3302]	:	Key	71	UP	at	113171  
117138	[794]	:	Key	71	DOWN	at	117138  
120423	[3285]	:	Key	71	UP	at	117347  
122681	[2258]	:	Key	71	DOWN	at	122681  
125981	[3300]	:	Key	71	UP	at	122899  
127170	[1189]	:	Key	71	DOWN	at	127170  
130471	[3301]	:	Key	71	UP	at	127282  
131210	[739]	:	Key	71	DOWN	at	131210  
134499	[3289]	:	Key	71	UP	at	131395  
135034	[535]	:	Key	71	DOWN	at	135034  
138323	[3289]	:	Key	71	UP	at	135187  
138906	[583]	:	Key	71	DOWN	at	138906  
142194	[3288]	:	Key	71	UP	at	139075  
142665	[471]	:	Key	71	DOWN	at	142665  
145953	[3288]	:	Key	71	UP	at	142899  
146058	[105]	:	Key	71	DOWN	at	146058  
149359	[3301]	:	Key	71	UP	at	146180  
150058	[699]	:	Key	71	DOWN	at	150058  
153361	[3303]	:	Key	71	UP	at	150242  
153363	[2]	:	Key	71	DOWN	at	152995  
153364	[1]	:	Key	71	UP	at	153219  
157314	[3950]	:	Key	71	DOWN	at	157314  
160617	[3303]	:	Key	71	UP	at	157491  
161379	[762]	:	Key	71	DOWN	at	161379  
164669	[3290]	:	Key	71	UP	at	161572  
164671	[2]	:	Key	71	DOWN	at	163978  
164672	[1]	:	Key	71	UP	at	163987  
166082	[1410]	:	Key	71	DOWN	at	166082  
169384	[3302]	:	Key	71	UP	at	166203  
172394	[3010]	:	Key	71	DOWN	at	172394  
175695	[3301]	:	Key	71	UP	at	172611  
177594	[1899]	:	Key	71	DOWN	at	177594  
180894	[3300]	:	Key	71	UP	at	177795  
181171	[277]	:	Key	71	DOWN	at	181171  
184471	[3300]	:	Key	71	UP	at	181300  
184473	[2]	:	Key	71	DOWN	at	184315  
184578	[105]	:	Key	71	UP	at	184578  
186538	[1960]	:	Key	71	DOWN	at	186538  
189841	[3303]	:	Key	71	UP	at	186707  
189843	[2]	:	Key	71	DOWN	at	189162  
189844	[1]	:	Key	71	UP	at	189281  
190602	[758]	:	Key	71	DOWN	at	190602  
193904	[3302]	:	Key	71	UP	at	190738  
193906	[2]	:	Key	71	DOWN	at	193493  
193907	[1]	:	Key	71	UP	at	193513  
194578	[671]	:	Key	71	DOWN	at	194578  
197881	[3303]	:	Key	71	UP	at	195025  
197883	[2]	:	Key	71	DOWN	at	197284  
197884	[1]	:	Key	71	UP	at	197492  
199083	[1199]	:	Key	71	DOWN	at	199083  
202387	[3304]	:	Key	71	UP	at	199300  
202389	[2]	:	Key	71	DOWN	at	201731  
202390	[1]	:	Key	71	UP	at	201923  
203026	[636]	:	Key	71	DOWN	at	203026  
206328	[3302]	:	Key	71	UP	at	203218  
206330	[2]	:	Key	71	DOWN	at	204027  
206331	[1]	:	Key	71	UP	at	204211  
206794	[463]	:	Key	71	DOWN	at	206794  
210093	[3299]	:	Key	71	UP	at	206963  
210602	[509]	:	Key	71	DOWN	at	210602  
213906	[3304]	:	Key	71	UP	at	210835  
214339	[433]	:	Key	71	DOWN	at	214339  
217628	[3289]	:	Key	71	UP	at	214524  
218018	[390]	:	Key	71	DOWN	at	218018  
221307	[3289]	:	Key	71	UP	at	218179  
221482	[175]	:	Key	71	DOWN	at	221482  
224772	[3290]	:	Key	71	UP	at	221675  
225290	[518]	:	Key	71	DOWN	at	225290  
228579	[3289]	:	Key	71	UP	at	225507  
229194	[615]	:	Key	71	DOWN	at	229194  
232495	[3301]	:	Key	71	UP	at	229299  
232497	[2]	:	Key	71	DOWN	at	232092  
232498	[1]	:	Key	71	UP	at	232307  
234123	[1625]	:	Key	71	DOWN	at	234123  
237423	[3300]	:	Key	71	UP	at	234292  
238293	[870]	:	Key	71	DOWN	at	238293  
241594	[3301]	:	Key	71	UP	at	238313  
242074	[480]	:	Key	71	DOWN	at	242074  
245375	[3301]	:	Key	71	UP	at	242419  
245962	[587]	:	Key	71	DOWN	at	245962  
249250	[3288]	:	Key	71	UP	at	246067  
249715	[465]	:	Key	71	DOWN	at	249715  
253004	[3289]	:	Key	71	UP	at	249924  
253637	[633]	:	Key	71	DOWN	at	253637  
256935	[3298]	:	Key	71	UP	at	253657  
257490	[555]	:	Key	71	DOWN	at	257490  
260791	[3301]	:	Key	71	UP	at	257683  
260962	[171]	:	Key	71	DOWN	at	260962  
264263	[3301]	:	Key	71	UP	at	261154  
264818	[555]	:	Key	71	DOWN	at	264818  
268109	[3291]	:	Key	71	UP	at	264995  
268111	[2]	:	Key	71	DOWN	at	267676  
268112	[1]	:	Key	71	UP	at	267883  
270747	[2635]	:	Key	71	DOWN	at	270747  
274051	[3304]	:	Key	71	UP	at	270931  
274602	[551]	:	Key	71	DOWN	at	274602  
277902	[3300]	:	Key	71	UP	at	274787  
277902	[0]	:	Key	71	DOWN	at	276307  
277903	[1]	:	Key	71	UP	at	276499  
279746	[1843]	:	Key	71	DOWN	at	279746  
283047	[3301]	:	Key	71	UP	at	279923  
283048	[1]	:	Key	71	DOWN	at	280803  
283048	[0]	:	Key	71	UP	at	281091  
283814	[766]	:	Key	71	DOWN	at	283814  
287102	[3288]	:	Key	71	UP	at	283834  
287666	[564]	:	Key	71	DOWN	at	287666  
290956	[3290]	:	Key	71	UP	at	287841  
291305	[349]	:	Key	71	DOWN	at	291305  
294601	[3296]	:	Key	71	UP	at	291473  
294793	[192]	:	Key	71	DOWN	at	294793  
298093	[3300]	:	Key	71	UP	at	294993  
298537	[444]	:	Key	71	DOWN	at	298537  
301829	[3292]	:	Key	71	UP	at	298737  
302498	[669]	:	Key	71	DOWN	at	302498  
306507	[4009]	:	Key	71	UP	at	302658  
306507	[0]	:	Key	71	DOWN	at	303594  
306507	[0]	:	Key	71	UP	at	303746  
334073	[27566]	:	Key	71	DOWN	at	334073  
335125	[1052]	:	Key	71	UP	at	334273  
336690	[1565]	:	Key	66	DOWN	at	336690  
336866	[176]	:	Key	66	UP	at	336866  
338570	[1704]	:	Key	97	DOWN	at	338570  
339708	[1138]	:	Key	97	UP	at	338786  
341337	[1629]	:	Key	98	DOWN	at	341337  
342451	[1114]	:	Key	98	UP	at	341505  
343241	[790]	:	Key	97	DOWN	at	343241  
344369	[1128]	:	Key	97	UP	at	343401  
345753	[1384]	:	Key	97	DOWN	at	345753  
346875	[1122]	:	Key	97	UP	at	345905  
347905	[1030]	:	Key	97	DOWN	at	347905  
349019	[1114]	:	Key	97	UP	at	348065  
350057	[1038]	:	Key	97	DOWN	at	350057  
351170	[1113]	:	Key	97	UP	at	350233  
352233	[1063]	:	Key	98	DOWN	at	352233  
353363	[1130]	:	Key	98	UP	at	352433  
354186	[823]	:	Key	97	DOWN	at	354186  
355921	[1735]	:	Key	97	UP	at	354354  
366049	[10128]	:	Key	71	DOWN	at	366049  
367093	[1044]	:	Key	71	UP	at	366305  
368441	[1348]	:	Key	98	DOWN	at	368441  
369563	[1122]	:	Key	98	UP	at	368609  
370970	[1407]	:	Key	97	DOWN	at	370970  
372093	[1123]	:	Key	97	UP	at	371122  
373706	[1613]	:	Key	98	DOWN	at	373706  
374828	[1122]	:	Key	98	UP	at	373858  
376153	[1325]	:	Key	98	DOWN	at	376153  
377273	[1120]	:	Key	98	UP	at	376337  
378857	[1584]	:	Key	97	DOWN	at	378857  
379979	[1122]	:	Key	97	UP	at	379049  
380913	[934]	:	Key	97	DOWN	at	380913  
382043	[1130]	:	Key	97	UP	at	381089  
383393	[1350]	:	Key	97	DOWN	at	383393  
384517	[1124]	:	Key	97	UP	at	383569  
385609	[1092]	:	Key	97	DOWN	at	385609  
386822	[1213]	:	Key	97	UP	at	385777  
389162	[2340]	:	Key	71	DOWN	at	389162  
389499	[337]	:	Key	71	UP	at	389474  
392921	[3422]	:	Key	71	DOWN	at	392921  
393193	[272]	:	Key	71	UP	at	393193  
398177	[4984]	:	Key	71	DOWN	at	398177  
401466	[3289]	:	Key	71	UP	at	398401  
402977	[1511]	:	Key	71	DOWN	at	402977  
406279	[3302]	:	Key	71	UP	at	403121  
408378	[2099]	:	Key	71	DOWN	at	408378  
411679	[3301]	:	Key	71	UP	at	408642  
412497	[818]	:	Key	71	DOWN	at	412497  
415786	[3289]	:	Key	71	UP	at	412737  
416393	[607]	:	Key	71	DOWN	at	416393  
419694	[3301]	:	Key	71	UP	at	416657  
419696	[2]	:	Key	71	DOWN	at	419593  
419809	[113]	:	Key	71	UP	at	419809  
421329	[1520]	:	Key	71	DOWN	at	421329  
424617	[3288]	:	Key	71	UP	at	421585  
427010	[2393]	:	Key	71	DOWN	at	427010  
430312	[3302]	:	Key	71	UP	at	427266  
430985	[673]	:	Key	71	DOWN	at	430985  
434279	[3294]	:	Key	71	UP	at	431185  
434833	[554]	:	Key	71	DOWN	at	434833  
438122	[3289]	:	Key	71	UP	at	435041  
438585	[463]	:	Key	71	DOWN	at	438585  
441886	[3301]	:	Key	71	UP	at	438833  
442050	[164]	:	Key	71	DOWN	at	442050  
445350	[3300]	:	Key	71	UP	at	442226  
445514	[164]	:	Key	71	DOWN	at	445514  
448814	[3300]	:	Key	71	UP	at	445730  
449041	[227]	:	Key	71	DOWN	at	449041  
452342	[3301]	:	Key	71	UP	at	449273  
452441	[99]	:	Key	71	DOWN	at	452441  
455744	[3303]	:	Key	71	UP	at	452657  
455746	[2]	:	Key	71	DOWN	at	454937  
455747	[1]	:	Key	71	UP	at	455169  
456121	[374]	:	Key	71	DOWN	at	456121  
459412	[3291]	:	Key	71	UP	at	456337  
459858	[446]	:	Key	71	DOWN	at	459858  
463734	[3876]	:	Key	71	UP	at	460082  
463734	[0]	:	Key	71	DOWN	at	463010  
463734	[0]	:	Key	71	UP	at	463234  
465385	[1651]	:	Key	71	DOWN	at	465385  
466433	[1048]	:	Key	71	UP	at	465585  
467361	[928]	:	Key	97	DOWN	at	467361  
468484	[1123]	:	Key	97	UP	at	467569  
469609	[1125]	:	Key	98	DOWN	at	469609  
470733	[1124]	:	Key	98	UP	at	469825  
471537	[804]	:	Key	97	DOWN	at	471537  
472650	[1113]	:	Key	97	UP	at	471761  
473625	[975]	:	Key	97	DOWN	at	473625  
474742	[1117]	:	Key	97	UP	at	473809  
475946	[1204]	:	Key	98	DOWN	at	475946  
477078	[1132]	:	Key	98	UP	at	476146  
478322	[1244]	:	Key	97	DOWN	at	478322  
479449	[1127]	:	Key	97	UP	at	478498  
480466	[1017]	:	Key	97	DOWN	at	480466  
481609	[1143]	:	Key	97	UP	at	480649  
483081	[1472]	:	Key	97	DOWN	at	483081  
484775	[1694]	:	Key	97	UP	at	483265  
485841	[1066]	:	Key	71	DOWN	at	485841  
486891	[1050]	:	Key	71	UP	at	486025  
488617	[1726]	:	Key	98	DOWN	at	488617  
489744	[1127]	:	Key	98	UP	at	488801  
491225	[1481]	:	Key	98	DOWN	at	491225  
492349	[1124]	:	Key	98	UP	at	491393  
493754	[1405]	:	Key	97	DOWN	at	493754  
494882	[1128]	:	Key	97	UP	at	493954  
496186	[1304]	:	Key	98	DOWN	at	496186  
497301	[1115]	:	Key	98	UP	at	496418  
498890	[1589]	:	Key	98	DOWN	at	498890  
500008	[1118]	:	Key	98	UP	at	499074  
501881	[1873]	:	Key	97	DOWN	at	501881  
503008	[1127]	:	Key	97	UP	at	502081  
503945	[937]	:	Key	98	DOWN	at	503945  
505053	[1108]	:	Key	98	UP	at	504113  
506873	[1820]	:	Key	98	DOWN	at	506873  
508062	[1189]	:	Key	98	UP	at	507057  
509681	[1619]	:	Key	71	DOWN	at	509681  
510007	[326]	:	Key	71	UP	at	509937  
623921	[113914]	:	Key	97	DOWN	at	623921  
624072	[151]	:	Key	97	UP	at	624066  
636938	[12866]	:	Key	97	DOWN	at	636938  
637074	[136]	:	Key	97	UP	at	637074  
638554	[1480]	:	Key	98	DOWN	at	638554  
638706	[152]	:	Key	98	UP	at	638706  
646265	[7559]	:	Key	97	DOWN	at	646265  
646401	[136]	:	Key	97	UP	at	646401  
669658	[23257]	:	Key	97	DOWN	at	669658  
669826	[168]	:	Key	97	UP	at	669826  
685506	[15680]	:	Key	97	DOWN	at	685506  
685666	[160]	:	Key	97	UP	at	685666  
698953	[13287]	:	Key	97	DOWN	at	698953  
699089	[136]	:	Key	97	UP	at	699089  
709546	[10457]	:	Key	97	DOWN	at	709546  
709746	[200]	:	Key	97	UP	at	709746  
717969	[8223]	:	Key	97	DOWN	at	717969  
718081	[112]	:	Key	97	UP	at	718081  
734721	[16640]	:	Key	97	DOWN	at	734721  
734881	[160]	:	Key	97	UP	at	734881  
742690	[7809]	:	Key	97	DOWN	at	742690  
742898	[208]	:	Key	97	UP	at	742898  
751433	[8535]	:	Key	97	DOWN	at	751433  
751633	[200]	:	Key	97	UP	at	751633  
769977	[18344]	:	Key	97	DOWN	at	769977  
770153	[176]	:	Key	97	UP	at	770153  
775122	[4969]	:	Key	97	DOWN	at	775122  
775298	[176]	:	Key	97	UP	at	775298  
785137	[9839]	:	Key	97	DOWN	at	785137  
785377	[240]	:	Key	97	UP	at	785377  
790490	[5113]	:	Key	98	DOWN	at	790490  
790738	[248]	:	Key	98	UP	at	790738  
828546	[37808]	:	Key	97	DOWN	at	828546  
828722	[176]	:	Key	97	UP	at	828722  
837673	[8951]	:	Key	97	DOWN	at	837673  
837889	[216]	:	Key	97	UP	at	837889  
851170	[13281]	:	Key	97	DOWN	at	851170  
851354	[184]	:	Key	97	UP	at	851354  
861906	[10552]	:	Key	97	DOWN	at	861906  
862098	[192]	:	Key	97	UP	at	862098  
870962	[8864]	:	Key	97	DOWN	at	870962  
871146	[184]	:	Key	97	UP	at	871146  
888937	[17791]	:	Key	97	DOWN	at	888937  
889105	[168]	:	Key	97	UP	at	889105  
894697	[5592]	:	Key	98	DOWN	at	894697  
894913	[216]	:	Key	98	UP	at	894913  
913794	[18881]	:	Key	97	DOWN	at	913794  
914018	[224]	:	Key	97	UP	at	914018  
915314	[1296]	:	Key	98	DOWN	at	915314  
915426	[112]	:	Key	98	UP	at	915426  
920354	[4928]	:	Key	97	DOWN	at	920354  
920594	[240]	:	Key	97	UP	at	920594  
1096810	[176216]	:	Key	97	DOWN	at	1096810 
1097026	[216]	:	Key	97	UP	at	1097026 
1099402	[2376]	:	Key	97	DOWN	at	1099402 
1100402	[1000]	:	Key	97	UP	at	1099586 
1104345	[3943]	:	Key	71	DOWN	at	1104345 
1104658	[313]	:	Key	71	UP	at	1104473 
1133962	[29304]	:	Key	71	DOWN	at	1133962 
1241570	[107608]	:	Key	71	DOWN	at	1241570 
1243505	[1935]	:	Key	71	UP	at	1243505 
1246690	[3185]	:	Key	71	DOWN	at	1246690 
2081873	[835183]	:	Key	71	DOWN	at	2081873 
2082042	[169]	:	Key	71	UP	at	2082042 
2083889	[1847]	:	Key	97	DOWN	at	2083889 
2084889	[1000]	:	Key	97	UP	at	2084067 
2085195	[306]	:	Key	97	DOWN	at	2085195 
2085306	[111]	:	Key	97	UP	at	2085306 
2086283	[977]	:	Key	71	DOWN	at	2086283 
2725003	[638720]	:	Key	97	DOWN	at	2725003 
2726003	[1000]	:	Key	97	UP	at	2725187 
2727731	[1728]	:	Key	71	DOWN	at	2727731 
3298148	[570417]	:	Key	97	DOWN	at	3298148 
3299148	[1000]	:	Key	97	UP	at	3298356 
3300355	[1207]	:	Key	71	DOWN	at	3300355 
3872500	[572145]	:	Key	97	DOWN	at	3872500 
3873500	[1000]	:	Key	97	UP	at	3872684 
3875332	[1832]	:	Key	71	DOWN	at	3875332 
4817469	[942137]	:	Key	71	DOWN	at	4817469 
4817545	[76]	:	COGENT STOP
