Cog2000 log file Sat Jan 16 11:03:15 2021
gprim v1.33 Compiled:Aug 12 2015 (GLib DirectDraw v7 DX10.0 Compiled:Aug 12 2015)
Display:1024x768x32 59.99Hz
Attaching E:\Sahar Rajabi\Final MBMF+Drug Task\Cogent2000v1.33\Toolbox\CogInput.mexw64
CogInput v1.05 Compiled: May 20 2010
4	[4]	:	COGENT START
8490	[8486]	:	Key	71	DOWN	at	8489    
8664	[174]	:	Key	71	UP	at	8663    
9327	[663]	:	Key	97	DOWN	at	9327    
9487	[160]	:	Key	97	UP	at	9487    
21816	[12329]	:	Key	71	DOWN	at	21816   
22000	[184]	:	Key	71	UP	at	22000   
23200	[1200]	:	Key	97	DOWN	at	23200   
23335	[135]	:	Key	97	UP	at	23335   
27719	[4384]	:	Key	71	DOWN	at	27719   
27855	[136]	:	Key	71	UP	at	27855   
28103	[248]	:	Key	97	DOWN	at	28103   
29103	[1000]	:	Key	97	UP	at	28199   
37024	[7921]	:	Key	71	DOWN	at	37024   
37216	[192]	:	Key	71	UP	at	37216   
41096	[3880]	:	Key	71	DOWN	at	41096   
44504	[3408]	:	Key	71	UP	at	41248   
50648	[6144]	:	Key	71	DOWN	at	50648   
53974	[3326]	:	Key	71	UP	at	50792   
55072	[1098]	:	Key	71	DOWN	at	55072   
58371	[3299]	:	Key	71	UP	at	55200   
59232	[861]	:	Key	71	DOWN	at	59232   
62520	[3288]	:	Key	71	UP	at	59392   
63655	[1135]	:	Key	71	DOWN	at	63655   
66954	[3299]	:	Key	71	UP	at	63799   
72096	[5142]	:	Key	71	DOWN	at	72096   
75387	[3291]	:	Key	71	UP	at	72272   
78160	[2773]	:	Key	71	DOWN	at	78160   
81460	[3300]	:	Key	71	UP	at	78352   
82760	[1300]	:	Key	71	DOWN	at	82760   
86058	[3298]	:	Key	71	UP	at	82904   
86060	[2]	:	Key	71	DOWN	at	85968   
86128	[68]	:	Key	71	UP	at	86128   
88776	[2648]	:	Key	71	DOWN	at	88776   
92077	[3301]	:	Key	71	UP	at	88920   
97583	[5506]	:	Key	71	DOWN	at	97583   
100884	[3301]	:	Key	71	UP	at	97719   
104080	[3196]	:	Key	71	DOWN	at	104080  
107379	[3299]	:	Key	71	UP	at	104272  
109536	[2157]	:	Key	71	DOWN	at	109536  
112832	[3296]	:	Key	71	UP	at	109768  
113855	[1023]	:	Key	71	DOWN	at	113855  
117154	[3299]	:	Key	71	UP	at	114023  
117984	[830]	:	Key	71	DOWN	at	117984  
121273	[3289]	:	Key	71	UP	at	118144  
123160	[1887]	:	Key	71	DOWN	at	123160  
126460	[3300]	:	Key	71	UP	at	123376  
128120	[1660]	:	Key	71	DOWN	at	128120  
131418	[3298]	:	Key	71	UP	at	128304  
132199	[781]	:	Key	71	DOWN	at	132199  
135500	[3301]	:	Key	71	UP	at	132375  
136928	[1428]	:	Key	71	DOWN	at	136928  
140227	[3299]	:	Key	71	UP	at	137112  
143208	[2981]	:	Key	71	DOWN	at	143208  
146507	[3299]	:	Key	71	UP	at	143464  
148144	[1637]	:	Key	71	DOWN	at	148144  
151443	[3299]	:	Key	71	UP	at	148344  
152776	[1333]	:	Key	71	DOWN	at	152776  
156075	[3299]	:	Key	71	UP	at	153104  
157216	[1141]	:	Key	71	DOWN	at	157216  
160518	[3302]	:	Key	71	UP	at	157360  
161240	[722]	:	Key	71	DOWN	at	161240  
164528	[3288]	:	Key	71	UP	at	161424  
164624	[96]	:	Key	71	DOWN	at	164624  
167926	[3302]	:	Key	71	UP	at	164792  
167928	[2]	:	Key	71	DOWN	at	167408  
167929	[1]	:	Key	71	UP	at	167584  
170304	[2375]	:	Key	71	DOWN	at	170304  
173603	[3299]	:	Key	71	UP	at	170424  
174152	[549]	:	Key	71	DOWN	at	174152  
177451	[3299]	:	Key	71	UP	at	174336  
178088	[637]	:	Key	71	DOWN	at	178088  
181385	[3297]	:	Key	71	UP	at	178304  
182104	[719]	:	Key	71	DOWN	at	182104  
185391	[3287]	:	Key	71	UP	at	182288  
185791	[400]	:	Key	71	DOWN	at	185791  
189079	[3288]	:	Key	71	UP	at	185991  
192856	[3777]	:	Key	71	DOWN	at	192856  
196154	[3298]	:	Key	71	UP	at	193072  
198744	[2590]	:	Key	71	DOWN	at	198744  
202045	[3301]	:	Key	71	UP	at	198928  
202943	[898]	:	Key	71	DOWN	at	202943  
206245	[3302]	:	Key	71	UP	at	203112  
207808	[1563]	:	Key	71	DOWN	at	207808  
211106	[3298]	:	Key	71	UP	at	207976  
211416	[310]	:	Key	71	DOWN	at	211416  
214715	[3299]	:	Key	71	UP	at	211608  
214717	[2]	:	Key	71	DOWN	at	214712  
214960	[243]	:	Key	71	UP	at	214960  
216536	[1576]	:	Key	71	DOWN	at	216536  
219838	[3302]	:	Key	71	UP	at	216720  
220431	[593]	:	Key	71	DOWN	at	220431  
223724	[3293]	:	Key	71	UP	at	220568  
230280	[6556]	:	Key	71	DOWN	at	230280  
233581	[3301]	:	Key	71	UP	at	230448  
234144	[563]	:	Key	71	DOWN	at	234144  
237440	[3296]	:	Key	71	UP	at	234312  
238071	[631]	:	Key	71	DOWN	at	238071  
241370	[3299]	:	Key	71	UP	at	238447  
241976	[606]	:	Key	71	DOWN	at	241976  
245266	[3290]	:	Key	71	UP	at	242152  
248176	[2910]	:	Key	71	DOWN	at	248176  
251474	[3298]	:	Key	71	UP	at	248344  
252632	[1158]	:	Key	71	DOWN	at	252632  
255933	[3301]	:	Key	71	UP	at	252808  
256951	[1018]	:	Key	71	DOWN	at	256951  
260250	[3299]	:	Key	71	UP	at	257151  
260252	[2]	:	Key	71	DOWN	at	259416  
260253	[1]	:	Key	71	UP	at	259632  
260911	[658]	:	Key	71	DOWN	at	260911  
264211	[3300]	:	Key	71	UP	at	261103  
264704	[493]	:	Key	71	DOWN	at	264704  
268004	[3300]	:	Key	71	UP	at	264912  
268006	[2]	:	Key	71	DOWN	at	265376  
268007	[1]	:	Key	71	UP	at	265592  
268448	[441]	:	Key	71	DOWN	at	268448  
271748	[3300]	:	Key	71	UP	at	268616  
271976	[228]	:	Key	71	DOWN	at	271976  
275275	[3299]	:	Key	71	UP	at	272144  
275752	[477]	:	Key	71	DOWN	at	275752  
279739	[3987]	:	Key	71	UP	at	275944  
282783	[3044]	:	Key	71	DOWN	at	282783  
283835	[1052]	:	Key	71	UP	at	282927  
283836	[1]	:	Key	97	DOWN	at	283439  
283836	[0]	:	Key	97	UP	at	283575  
286999	[3163]	:	Key	97	DOWN	at	286999  
288122	[1123]	:	Key	97	UP	at	287135  
290143	[2021]	:	Key	97	DOWN	at	290143  
291244	[1101]	:	Key	97	UP	at	290279  
292791	[1547]	:	Key	97	DOWN	at	292791  
293915	[1124]	:	Key	97	UP	at	292927  
295679	[1764]	:	Key	98	DOWN	at	295679  
296818	[1139]	:	Key	98	UP	at	295831  
298983	[2165]	:	Key	97	DOWN	at	298983  
300097	[1114]	:	Key	97	UP	at	299135  
301751	[1654]	:	Key	97	DOWN	at	301751  
302879	[1128]	:	Key	97	UP	at	301911  
304759	[1880]	:	Key	97	DOWN	at	304759  
305880	[1121]	:	Key	97	UP	at	304911  
309102	[3222]	:	Key	98	DOWN	at	309102  
310867	[1765]	:	Key	98	UP	at	309271  
314631	[3764]	:	Key	97	DOWN	at	314631  
314799	[168]	:	Key	97	UP	at	314799  
316367	[1568]	:	Key	71	DOWN	at	316367  
317409	[1042]	:	Key	71	UP	at	316543  
320007	[2598]	:	Key	97	DOWN	at	320007  
321140	[1133]	:	Key	97	UP	at	320135  
322775	[1635]	:	Key	97	DOWN	at	322775  
323903	[1128]	:	Key	97	UP	at	322895  
325446	[1543]	:	Key	98	DOWN	at	325446  
326553	[1107]	:	Key	98	UP	at	325607  
327823	[1270]	:	Key	97	DOWN	at	327823  
328937	[1114]	:	Key	97	UP	at	327975  
330719	[1782]	:	Key	98	DOWN	at	330719  
331838	[1119]	:	Key	98	UP	at	330919  
333735	[1897]	:	Key	98	DOWN	at	333735  
334859	[1124]	:	Key	98	UP	at	333911  
341367	[6508]	:	Key	97	DOWN	at	341367  
342481	[1114]	:	Key	97	UP	at	341519  
346175	[3694]	:	Key	97	DOWN	at	346175  
347387	[1212]	:	Key	97	UP	at	346335  
355623	[8236]	:	Key	71	DOWN	at	355623  
355952	[329]	:	Key	71	UP	at	355799  
357463	[1511]	:	Key	71	DOWN	at	357463  
357639	[176]	:	Key	71	UP	at	357639  
358231	[592]	:	Key	71	DOWN	at	358231  
361522	[3291]	:	Key	71	UP	at	358399  
361718	[196]	:	Key	71	DOWN	at	361718  
365018	[3300]	:	Key	71	UP	at	361895  
365039	[21]	:	Key	71	DOWN	at	365039  
368339	[3300]	:	Key	71	UP	at	365223  
368341	[2]	:	Key	71	DOWN	at	367727  
368342	[1]	:	Key	71	UP	at	367871  
370503	[2161]	:	Key	71	DOWN	at	370503  
373802	[3299]	:	Key	71	UP	at	370663  
374247	[445]	:	Key	71	DOWN	at	374247  
377546	[3299]	:	Key	71	UP	at	374479  
377583	[37]	:	Key	71	DOWN	at	377583  
380881	[3298]	:	Key	71	UP	at	377983  
380975	[94]	:	Key	71	DOWN	at	380975  
384274	[3299]	:	Key	71	UP	at	381223  
384295	[21]	:	Key	71	DOWN	at	384295  
387593	[3298]	:	Key	71	UP	at	384511  
387647	[54]	:	Key	71	DOWN	at	387647  
390948	[3301]	:	Key	71	UP	at	387823  
390950	[2]	:	Key	71	DOWN	at	390095  
390951	[1]	:	Key	71	UP	at	390311  
391351	[400]	:	Key	71	DOWN	at	391351  
394640	[3289]	:	Key	71	UP	at	391527  
394642	[2]	:	Key	71	DOWN	at	393943  
394643	[1]	:	Key	71	UP	at	394215  
395063	[420]	:	Key	71	DOWN	at	395063  
398352	[3289]	:	Key	71	UP	at	395279  
398695	[343]	:	Key	71	DOWN	at	398695  
401987	[3292]	:	Key	71	UP	at	398879  
401989	[2]	:	Key	71	DOWN	at	401007  
401990	[1]	:	Key	71	UP	at	401295  
403487	[1497]	:	Key	71	DOWN	at	403487  
406777	[3290]	:	Key	71	UP	at	403671  
406779	[2]	:	Key	71	DOWN	at	405975  
406780	[1]	:	Key	71	UP	at	406191  
407439	[659]	:	Key	71	DOWN	at	407439  
410738	[3299]	:	Key	71	UP	at	407655  
411071	[333]	:	Key	71	DOWN	at	411071  
414370	[3299]	:	Key	71	UP	at	411287  
414372	[2]	:	Key	71	DOWN	at	414127  
414373	[1]	:	Key	71	UP	at	414351  
415183	[810]	:	Key	71	DOWN	at	415183  
419094	[3911]	:	Key	71	UP	at	415383  
419094	[0]	:	Key	71	DOWN	at	417823  
419095	[1]	:	Key	71	UP	at	418231  
419095	[0]	:	Key	71	DOWN	at	418823  
419095	[0]	:	Key	71	UP	at	419039  
419903	[808]	:	Key	97	DOWN	at	419903  
420055	[152]	:	Key	97	UP	at	420055  
420271	[216]	:	Key	71	DOWN	at	420271  
421322	[1051]	:	Key	71	UP	at	420455  
422975	[1653]	:	Key	97	DOWN	at	422975  
424088	[1113]	:	Key	97	UP	at	423127  
424775	[687]	:	Key	98	DOWN	at	424775  
425883	[1108]	:	Key	98	UP	at	424943  
426663	[780]	:	Key	97	DOWN	at	426663  
427798	[1135]	:	Key	97	UP	at	426783  
429271	[1473]	:	Key	97	DOWN	at	429271  
430408	[1137]	:	Key	97	UP	at	429391  
431175	[767]	:	Key	97	DOWN	at	431175  
432298	[1123]	:	Key	97	UP	at	431311  
433135	[837]	:	Key	97	DOWN	at	433135  
434252	[1117]	:	Key	97	UP	at	433264  
435943	[1691]	:	Key	97	DOWN	at	435943  
437072	[1129]	:	Key	97	UP	at	436071  
438023	[951]	:	Key	97	DOWN	at	438023  
439728	[1705]	:	Key	97	UP	at	438103  
441167	[1439]	:	Key	71	DOWN	at	441167  
442209	[1042]	:	Key	71	UP	at	441351  
444047	[1838]	:	Key	98	DOWN	at	444047  
445176	[1129]	:	Key	98	UP	at	444199  
446415	[1239]	:	Key	97	DOWN	at	446415  
447539	[1124]	:	Key	97	UP	at	446543  
448623	[1084]	:	Key	97	DOWN	at	448623  
449734	[1111]	:	Key	97	UP	at	448742  
451287	[1553]	:	Key	98	DOWN	at	451287  
452412	[1125]	:	Key	98	UP	at	451431  
453247	[835]	:	Key	97	DOWN	at	453247  
454375	[1128]	:	Key	97	UP	at	453375  
456191	[1816]	:	Key	98	DOWN	at	456191  
457321	[1130]	:	Key	98	UP	at	456343  
458343	[1022]	:	Key	98	DOWN	at	458343  
459458	[1115]	:	Key	98	UP	at	458479  
460959	[1501]	:	Key	97	DOWN	at	460959  
462152	[1193]	:	Key	97	UP	at	461063  
463135	[983]	:	Key	71	DOWN	at	463135  
463460	[325]	:	Key	71	UP	at	463319  
464127	[667]	:	Key	71	DOWN	at	464127  
464311	[184]	:	Key	71	UP	at	464311  
467032	[2721]	:	Key	71	DOWN	at	467032  
470331	[3299]	:	Key	71	UP	at	467256  
470447	[116]	:	Key	71	DOWN	at	470447  
473745	[3298]	:	Key	71	UP	at	470639  
502919	[29174]	:	Key	71	DOWN	at	502919  
506219	[3300]	:	Key	71	UP	at	503047  
506942	[723]	:	Key	71	DOWN	at	506942  
510231	[3289]	:	Key	71	UP	at	507126  
574926	[64695]	:	Key	71	DOWN	at	574926  
578227	[3301]	:	Key	71	UP	at	575095  
579534	[1307]	:	Key	71	DOWN	at	579534  
582836	[3302]	:	Key	71	UP	at	579702  
582838	[2]	:	Key	71	DOWN	at	582302  
582839	[1]	:	Key	71	UP	at	582486  
583110	[271]	:	Key	71	DOWN	at	583110  
586410	[3300]	:	Key	71	UP	at	583246  
586410	[0]	:	Key	71	DOWN	at	583558  
586410	[0]	:	Key	71	UP	at	583638  
586411	[1]	:	Key	71	DOWN	at	585974  
586411	[0]	:	Key	71	UP	at	586102  
587918	[1507]	:	Key	71	DOWN	at	587918  
591819	[3901]	:	Key	71	UP	at	588070  
591819	[0]	:	Key	71	DOWN	at	590327  
591819	[0]	:	Key	71	UP	at	590495  
591820	[1]	:	Key	71	DOWN	at	591567  
591820	[0]	:	Key	71	UP	at	591735  
593310	[1490]	:	Key	71	DOWN	at	593310  
594360	[1050]	:	Key	71	UP	at	593470  
595606	[1246]	:	Key	98	DOWN	at	595606  
596731	[1125]	:	Key	98	UP	at	595702  
597646	[915]	:	Key	98	DOWN	at	597646  
598771	[1125]	:	Key	98	UP	at	597814  
600430	[1659]	:	Key	97	DOWN	at	600430  
601564	[1134]	:	Key	97	UP	at	600630  
603670	[2106]	:	Key	97	DOWN	at	603670  
604805	[1135]	:	Key	97	UP	at	603774  
605726	[921]	:	Key	97	DOWN	at	605726  
606846	[1120]	:	Key	97	UP	at	605822  
608647	[1801]	:	Key	97	DOWN	at	608647  
609762	[1115]	:	Key	97	UP	at	608719  
613454	[3692]	:	Key	97	DOWN	at	613454  
614582	[1128]	:	Key	97	UP	at	613606  
639262	[24680]	:	Key	98	DOWN	at	639262  
640935	[1673]	:	Key	98	UP	at	639382  
641542	[607]	:	Key	97	DOWN	at	641542  
641670	[128]	:	Key	97	UP	at	641670  
641863	[193]	:	Key	71	DOWN	at	641863  
642906	[1043]	:	Key	71	UP	at	642063  
644639	[1733]	:	Key	98	DOWN	at	644639  
645767	[1128]	:	Key	98	UP	at	644734  
646502	[735]	:	Key	98	DOWN	at	646502  
647601	[1099]	:	Key	98	UP	at	646614  
648638	[1037]	:	Key	97	DOWN	at	648638  
649752	[1114]	:	Key	97	UP	at	648654  
651342	[1590]	:	Key	98	DOWN	at	651342  
652471	[1129]	:	Key	98	UP	at	651430  
654038	[1567]	:	Key	97	DOWN	at	654038  
655155	[1117]	:	Key	97	UP	at	654126  
656238	[1083]	:	Key	98	DOWN	at	656238  
657327	[1089]	:	Key	98	UP	at	656390  
658494	[1167]	:	Key	98	DOWN	at	658494  
659604	[1110]	:	Key	98	UP	at	658590  
660559	[955]	:	Key	97	DOWN	at	660559  
661751	[1192]	:	Key	97	UP	at	660663  
675718	[13967]	:	Key	71	DOWN	at	675718  
676030	[312]	:	Key	71	UP	at	675878  
678039	[2009]	:	Key	71	DOWN	at	678039  
678183	[144]	:	Key	71	UP	at	678183  
679071	[888]	:	Key	71	DOWN	at	679071  
682371	[3300]	:	Key	71	UP	at	679207  
682566	[195]	:	Key	71	DOWN	at	682566  
685854	[3288]	:	Key	71	UP	at	682726  
687030	[1176]	:	Key	71	DOWN	at	687030  
690332	[3302]	:	Key	71	UP	at	687190  
690334	[2]	:	Key	71	DOWN	at	690142  
690335	[1]	:	Key	71	UP	at	690326  
692798	[2463]	:	Key	71	DOWN	at	692798  
696096	[3298]	:	Key	71	UP	at	692926  
696383	[287]	:	Key	71	DOWN	at	696383  
699682	[3299]	:	Key	71	UP	at	696543  
699684	[2]	:	Key	71	DOWN	at	699614  
699774	[90]	:	Key	71	UP	at	699774  
700926	[1152]	:	Key	71	DOWN	at	700926  
704229	[3303]	:	Key	71	UP	at	701094  
704231	[2]	:	Key	71	DOWN	at	703638  
704232	[1]	:	Key	71	UP	at	703822  
704814	[582]	:	Key	71	DOWN	at	704814  
708108	[3294]	:	Key	71	UP	at	704990  
708654	[546]	:	Key	71	DOWN	at	708654  
712552	[3898]	:	Key	71	UP	at	708806  
712552	[0]	:	Key	71	DOWN	at	709638  
712552	[0]	:	Key	71	UP	at	709830  
712553	[1]	:	Key	71	DOWN	at	712143  
712553	[0]	:	Key	71	UP	at	712295  
713207	[654]	:	Key	97	DOWN	at	713207  
713287	[80]	:	Key	97	UP	at	713287  
713623	[336]	:	Key	71	DOWN	at	713623  
714665	[1042]	:	Key	71	UP	at	713751  
715607	[942]	:	Key	97	DOWN	at	715607  
716731	[1124]	:	Key	97	UP	at	715718  
717614	[883]	:	Key	97	DOWN	at	717614  
718724	[1110]	:	Key	97	UP	at	717702  
719534	[810]	:	Key	97	DOWN	at	719534  
720663	[1129]	:	Key	97	UP	at	719694  
721894	[1231]	:	Key	97	DOWN	at	721894  
723002	[1108]	:	Key	97	UP	at	722022  
723862	[860]	:	Key	97	DOWN	at	723862  
724986	[1124]	:	Key	97	UP	at	723950  
725990	[1004]	:	Key	97	DOWN	at	725990  
727120	[1130]	:	Key	97	UP	at	726110  
728886	[1766]	:	Key	98	DOWN	at	728886  
730021	[1135]	:	Key	98	UP	at	729038  
730863	[842]	:	Key	97	DOWN	at	730863  
732557	[1694]	:	Key	97	UP	at	730935  
733263	[706]	:	Key	71	DOWN	at	733263  
734312	[1049]	:	Key	71	UP	at	733391  
735606	[1294]	:	Key	97	DOWN	at	735606  
736721	[1115]	:	Key	97	UP	at	735710  
738054	[1333]	:	Key	97	DOWN	at	738054  
739187	[1133]	:	Key	97	UP	at	738134  
740630	[1443]	:	Key	97	DOWN	at	740630  
741753	[1123]	:	Key	97	UP	at	740766  
743622	[1869]	:	Key	98	DOWN	at	743622  
744749	[1127]	:	Key	98	UP	at	743734  
746150	[1401]	:	Key	97	DOWN	at	746150  
747271	[1121]	:	Key	97	UP	at	746286  
748903	[1632]	:	Key	98	DOWN	at	748903  
750007	[1104]	:	Key	98	UP	at	749039  
750807	[800]	:	Key	97	DOWN	at	750807  
751919	[1112]	:	Key	97	UP	at	750943  
753022	[1103]	:	Key	97	DOWN	at	753022  
754236	[1214]	:	Key	97	UP	at	753118  
756094	[1858]	:	Key	71	DOWN	at	756094  
756405	[311]	:	Key	71	UP	at	756262  
759758	[3353]	:	Key	71	DOWN	at	759758  
759926	[168]	:	Key	71	UP	at	759926  
764206	[4280]	:	Key	71	DOWN	at	764206  
764431	[225]	:	Key	71	UP	at	764431  
765471	[1040]	:	Key	97	DOWN	at	765471  
765655	[184]	:	Key	97	UP	at	765655  
767095	[1440]	:	Key	97	DOWN	at	767095  
767186	[91]	:	Key	97	UP	at	767183  
769135	[1949]	:	Key	97	DOWN	at	769135  
769270	[135]	:	Key	97	UP	at	769270  
771110	[1840]	:	Key	97	DOWN	at	771110  
771262	[152]	:	Key	97	UP	at	771262  
773462	[2200]	:	Key	97	DOWN	at	773462  
773558	[96]	:	Key	97	UP	at	773558  
774446	[888]	:	Key	97	DOWN	at	774446  
774566	[120]	:	Key	97	UP	at	774566  
775102	[536]	:	Key	97	DOWN	at	775102  
775190	[88]	:	Key	97	UP	at	775190  
775630	[440]	:	Key	97	DOWN	at	775630  
775742	[112]	:	Key	97	UP	at	775742  
776102	[360]	:	Key	97	DOWN	at	776102  
776204	[102]	:	Key	97	UP	at	776198  
776630	[426]	:	Key	97	DOWN	at	776630  
776742	[112]	:	Key	97	UP	at	776742  
777542	[800]	:	Key	97	DOWN	at	777542  
777646	[104]	:	Key	97	UP	at	777646  
778094	[448]	:	Key	97	DOWN	at	778094  
778230	[136]	:	Key	97	UP	at	778230  
781975	[3745]	:	Key	97	DOWN	at	781975  
782103	[128]	:	Key	97	UP	at	782103  
786087	[3984]	:	Key	97	DOWN	at	786087  
786199	[112]	:	Key	97	UP	at	786199  
788822	[2623]	:	Key	97	DOWN	at	788822  
788934	[112]	:	Key	97	UP	at	788934  
795590	[6656]	:	Key	71	DOWN	at	795590  
795766	[176]	:	Key	71	UP	at	795766  
796342	[576]	:	Key	100	DOWN	at	796342  
796534	[192]	:	Key	100	UP	at	796534  
796694	[160]	:	Key	97	DOWN	at	796694  
796886	[192]	:	Key	97	UP	at	796886  
808222	[11336]	:	Key	97	DOWN	at	808222  
808414	[192]	:	Key	97	UP	at	808414  
810710	[2296]	:	Key	97	DOWN	at	810710  
810902	[192]	:	Key	97	UP	at	810902  
812158	[1256]	:	Key	97	DOWN	at	812158  
812374	[216]	:	Key	97	UP	at	812374  
814374	[2000]	:	Key	97	DOWN	at	814374  
815374	[1000]	:	Key	97	UP	at	814582  
815646	[272]	:	Key	71	DOWN	at	815646  
815932	[286]	:	Key	71	UP	at	815878  
817175	[1243]	:	Key	71	DOWN	at	817175  
892751	[75576]	:	Key	71	DOWN	at	892751  
892935	[184]	:	Key	71	UP	at	892935  
894854	[1919]	:	Key	71	DOWN	at	894854  
1429111	[534257]	:	Key	97	DOWN	at	1429111 
1430111	[1000]	:	Key	97	UP	at	1429319 
1433079	[2968]	:	Key	98	DOWN	at	1433079 
1433215	[136]	:	Key	98	UP	at	1433215 
1445286	[12071]	:	Key	71	DOWN	at	1445286 
1972076	[526790]	:	Key	71	DOWN	at	1972076 
1972308	[232]	:	Key	71	UP	at	1972308 
1972796	[488]	:	Key	97	DOWN	at	1972796 
1973796	[1000]	:	Key	97	UP	at	1972980 
1976235	[2439]	:	Key	71	DOWN	at	1976235 
1981324	[5089]	:	Key	98	UP	at	1978355 
2522410	[541086]	:	Key	97	DOWN	at	2522410 
2523410	[1000]	:	Key	97	UP	at	2522530 
2524818	[1408]	:	Key	71	DOWN	at	2524818 
3107259	[582441]	:	Key	97	DOWN	at	3107259 
3108259	[1000]	:	Key	97	UP	at	3107355 
3115082	[6823]	:	Key	71	DOWN	at	3115082 
3647102	[532020]	:	Key	71	DOWN	at	3647102 
3647178	[76]	:	COGENT STOP
