Cog2000 log file Wed Jan 20 11:20:16 2021
gprim v1.33 Compiled:Aug 12 2015 (GLib DirectDraw v7 DX10.0 Compiled:Aug 12 2015)
Display:1024x768x32 60.02Hz
Attaching E:\saharrajabi\final mbmf+drug task\cogent2000v1.33\toolbox\CogInput.mexw64
CogInput v1.05 Compiled: May 20 2010
4	[4]	:	COGENT START
2184	[2180]	:	Key	97	DOWN	at	2183    
2328	[144]	:	Key	97	UP	at	2327    
3366	[1038]	:	Key	97	DOWN	at	3366    
3566	[200]	:	Key	97	UP	at	3566    
4462	[896]	:	Key	97	DOWN	at	4462    
5462	[1000]	:	Key	97	UP	at	4599    
10294	[4832]	:	Key	71	DOWN	at	10294   
10542	[248]	:	Key	71	UP	at	10542   
13918	[3376]	:	Key	71	DOWN	at	13918   
17313	[3395]	:	Key	71	UP	at	14095   
19638	[2325]	:	Key	71	DOWN	at	19638   
22978	[3340]	:	Key	71	UP	at	19782   
24054	[1076]	:	Key	71	DOWN	at	24054   
27351	[3297]	:	Key	71	UP	at	25123   
27351	[0]	:	Key	71	DOWN	at	27262   
27352	[1]	:	Key	71	UP	at	27285   
28670	[1318]	:	Key	71	DOWN	at	28670   
31970	[3300]	:	Key	71	UP	at	28783   
33109	[1139]	:	Key	71	DOWN	at	33109   
36409	[3300]	:	Key	71	UP	at	33261   
38278	[1869]	:	Key	71	DOWN	at	38278   
41578	[3300]	:	Key	71	UP	at	38487   
44078	[2500]	:	Key	71	DOWN	at	44078   
47378	[3300]	:	Key	71	UP	at	44215   
49837	[2459]	:	Key	71	DOWN	at	49837   
53120	[3283]	:	Key	71	UP	at	49989   
54006	[886]	:	Key	71	DOWN	at	54006   
57295	[3289]	:	Key	71	UP	at	55143   
57934	[639]	:	Key	71	DOWN	at	57934   
61230	[3296]	:	Key	71	UP	at	58087   
61838	[608]	:	Key	71	DOWN	at	61838   
65129	[3291]	:	Key	71	UP	at	62007   
67253	[2124]	:	Key	71	DOWN	at	67253   
70552	[3299]	:	Key	71	UP	at	67398   
75337	[4785]	:	Key	71	DOWN	at	75337   
75339	[2]	:	Key	71	UP	at	75338   
80670	[5331]	:	Key	71	DOWN	at	80670   
83970	[3300]	:	Key	71	UP	at	80799   
85838	[1868]	:	Key	71	DOWN	at	85838   
89137	[3299]	:	Key	71	UP	at	85998   
102278	[13141]	:	Key	71	DOWN	at	102278  
105581	[3303]	:	Key	71	UP	at	102391  
105583	[2]	:	Key	71	DOWN	at	104910  
105584	[1]	:	Key	71	UP	at	105062  
106279	[695]	:	Key	71	DOWN	at	106279  
109569	[3290]	:	Key	71	UP	at	106438  
109570	[1]	:	Key	71	DOWN	at	108439  
109571	[1]	:	Key	71	UP	at	108583  
110182	[611]	:	Key	71	DOWN	at	110182  
113482	[3300]	:	Key	71	UP	at	110359  
115862	[2380]	:	Key	71	DOWN	at	115862  
119162	[3300]	:	Key	71	UP	at	115975  
119854	[692]	:	Key	71	DOWN	at	119854  
123155	[3301]	:	Key	71	UP	at	119999  
123157	[2]	:	Key	71	DOWN	at	121173  
123158	[1]	:	Key	71	UP	at	121342  
123159	[1]	:	Key	71	DOWN	at	123102  
123253	[94]	:	Key	71	UP	at	123253  
124583	[1330]	:	Key	71	DOWN	at	124583  
127884	[3301]	:	Key	71	UP	at	124759  
129142	[1258]	:	Key	71	DOWN	at	129142  
132442	[3300]	:	Key	71	UP	at	130181  
132444	[2]	:	Key	71	DOWN	at	131983  
132445	[1]	:	Key	71	UP	at	132143  
133246	[801]	:	Key	71	DOWN	at	133246  
136548	[3302]	:	Key	71	UP	at	133399  
136550	[2]	:	Key	71	DOWN	at	135775  
136551	[1]	:	Key	71	UP	at	135935  
137270	[719]	:	Key	71	DOWN	at	137270  
140570	[3300]	:	Key	71	UP	at	137445  
140886	[316]	:	Key	71	DOWN	at	140886  
144185	[3299]	:	Key	71	UP	at	141031  
145195	[1010]	:	Key	71	DOWN	at	145195  
145195	[0]	:	Key	71	UP	at	145195  
148870	[3675]	:	Key	71	DOWN	at	148870  
152169	[3299]	:	Key	71	UP	at	149039  
152171	[2]	:	Key	71	DOWN	at	151511  
152172	[1]	:	Key	71	UP	at	151663  
152806	[634]	:	Key	71	DOWN	at	152806  
156104	[3298]	:	Key	71	UP	at	152990  
156526	[422]	:	Key	71	DOWN	at	156526  
159825	[3299]	:	Key	71	UP	at	156726  
160213	[388]	:	Key	71	DOWN	at	160213  
160215	[2]	:	Key	71	UP	at	160214  
164046	[3831]	:	Key	71	DOWN	at	164046  
167334	[3288]	:	Key	71	UP	at	164223  
167718	[384]	:	Key	71	DOWN	at	167718  
170996	[3278]	:	Key	71	UP	at	167863  
170998	[2]	:	Key	71	DOWN	at	168855  
170999	[1]	:	Key	71	UP	at	169031  
171350	[351]	:	Key	71	DOWN	at	171350  
174650	[3300]	:	Key	71	UP	at	171519  
174652	[2]	:	Key	71	DOWN	at	173839  
174653	[1]	:	Key	71	UP	at	173982  
175212	[559]	:	Key	71	DOWN	at	175212  
178499	[3287]	:	Key	71	UP	at	175232  
178822	[323]	:	Key	71	DOWN	at	178822  
182123	[3301]	:	Key	71	UP	at	178975  
182494	[371]	:	Key	71	DOWN	at	182494  
185793	[3299]	:	Key	71	UP	at	182663  
185795	[2]	:	Key	71	DOWN	at	185783  
185942	[147]	:	Key	71	UP	at	185942  
186654	[712]	:	Key	71	DOWN	at	186654  
189955	[3301]	:	Key	71	UP	at	186791  
189957	[2]	:	Key	71	DOWN	at	189183  
190230	[273]	:	Key	71	UP	at	190230  
190232	[2]	:	Key	71	DOWN	at	190231  
193533	[3301]	:	Key	71	UP	at	190335  
193535	[2]	:	Key	71	DOWN	at	192942  
193536	[1]	:	Key	71	UP	at	193166  
194207	[671]	:	Key	71	DOWN	at	194207  
197505	[3298]	:	Key	71	UP	at	194375  
197507	[2]	:	Key	71	DOWN	at	195991  
197508	[1]	:	Key	71	UP	at	196167  
197879	[371]	:	Key	71	DOWN	at	197879  
201181	[3302]	:	Key	71	UP	at	198055  
201183	[2]	:	Key	71	DOWN	at	200207  
201184	[1]	:	Key	71	UP	at	200391  
201558	[374]	:	Key	71	DOWN	at	201558  
204849	[3291]	:	Key	71	UP	at	201735  
204850	[1]	:	Key	71	DOWN	at	203951  
204851	[1]	:	Key	71	UP	at	204135  
205262	[411]	:	Key	71	DOWN	at	205262  
208553	[3291]	:	Key	71	UP	at	205383  
208555	[2]	:	Key	71	DOWN	at	206103  
208556	[1]	:	Key	71	UP	at	206278  
208557	[1]	:	Key	71	DOWN	at	207831  
208558	[1]	:	Key	71	UP	at	208013  
209118	[560]	:	Key	71	DOWN	at	209118  
212407	[3289]	:	Key	71	UP	at	209287  
212409	[2]	:	Key	71	DOWN	at	210086  
212410	[1]	:	Key	71	UP	at	210270  
212783	[373]	:	Key	71	DOWN	at	212783  
216083	[3300]	:	Key	71	UP	at	212935  
216085	[2]	:	Key	71	DOWN	at	215207  
216086	[1]	:	Key	71	UP	at	215383  
216183	[97]	:	Key	71	DOWN	at	216183  
219482	[3299]	:	Key	71	UP	at	216359  
220266	[784]	:	Key	71	DOWN	at	220266  
220266	[0]	:	Key	71	UP	at	220266  
223766	[3500]	:	Key	71	DOWN	at	223766  
227067	[3301]	:	Key	71	UP	at	223959  
227582	[515]	:	Key	71	DOWN	at	227582  
231548	[3966]	:	Key	71	UP	at	227766  
233039	[1491]	:	Key	97	DOWN	at	233039  
233191	[152]	:	Key	97	UP	at	233191  
234063	[872]	:	Key	71	DOWN	at	234063  
235245	[1182]	:	Key	71	UP	at	235245  
236694	[1449]	:	Key	97	DOWN	at	236694  
237865	[1171]	:	Key	97	UP	at	236806  
239022	[1157]	:	Key	97	DOWN	at	239022  
240154	[1132]	:	Key	97	UP	at	239118  
241470	[1316]	:	Key	97	DOWN	at	241470  
242598	[1128]	:	Key	97	UP	at	241597  
243622	[1024]	:	Key	98	DOWN	at	243622  
244735	[1113]	:	Key	98	UP	at	243765  
246006	[1271]	:	Key	97	DOWN	at	246006  
247127	[1121]	:	Key	97	UP	at	246143  
247991	[864]	:	Key	97	DOWN	at	247991  
249113	[1122]	:	Key	97	UP	at	248062  
250422	[1309]	:	Key	98	DOWN	at	250422  
251556	[1134]	:	Key	98	UP	at	250518  
252495	[939]	:	Key	98	DOWN	at	252495  
254218	[1723]	:	Key	98	UP	at	252623  
254830	[612]	:	Key	97	DOWN	at	254830  
254950	[120]	:	Key	97	UP	at	254950  
255078	[128]	:	Key	71	DOWN	at	255078  
256130	[1052]	:	Key	71	UP	at	255247  
258478	[2348]	:	Key	97	DOWN	at	258478  
259608	[1130]	:	Key	97	UP	at	258550  
262134	[2526]	:	Key	97	DOWN	at	262134  
263266	[1132]	:	Key	97	UP	at	262197  
265236	[1970]	:	Key	98	DOWN	at	265236  
266358	[1122]	:	Key	98	UP	at	265256  
267039	[681]	:	Key	98	DOWN	at	267039  
268162	[1123]	:	Key	98	UP	at	267158  
269718	[1556]	:	Key	98	DOWN	at	269718  
270833	[1115]	:	Key	98	UP	at	269855  
272438	[1605]	:	Key	98	DOWN	at	272438  
273558	[1120]	:	Key	98	UP	at	272599  
275950	[2392]	:	Key	97	DOWN	at	275950  
277067	[1117]	:	Key	97	UP	at	276014  
278022	[955]	:	Key	97	DOWN	at	278022  
279223	[1201]	:	Key	97	UP	at	278109  
280251	[1028]	:	Key	71	DOWN	at	280251  
280595	[344]	:	Key	71	UP	at	280252  
281255	[660]	:	Key	71	DOWN	at	281255  
281398	[143]	:	Key	71	UP	at	281398  
282095	[697]	:	Key	71	DOWN	at	282095  
285399	[3304]	:	Key	71	UP	at	282231  
285401	[2]	:	Key	71	DOWN	at	283311  
285402	[1]	:	Key	71	UP	at	283463  
285403	[1]	:	Key	71	DOWN	at	284631  
285404	[1]	:	Key	71	UP	at	284767  
285958	[554]	:	Key	71	DOWN	at	285958  
289260	[3302]	:	Key	71	UP	at	286079  
289262	[2]	:	Key	71	DOWN	at	288447  
289263	[1]	:	Key	71	UP	at	288615  
289702	[439]	:	Key	71	DOWN	at	289702  
292990	[3288]	:	Key	71	UP	at	289855  
293190	[200]	:	Key	71	DOWN	at	293190  
296488	[3298]	:	Key	71	UP	at	293335  
296710	[222]	:	Key	71	DOWN	at	296710  
300010	[3300]	:	Key	71	UP	at	296855  
300012	[2]	:	Key	71	DOWN	at	299119  
300013	[1]	:	Key	71	UP	at	299279  
300463	[450]	:	Key	71	DOWN	at	300463  
303752	[3289]	:	Key	71	UP	at	300631  
303754	[2]	:	Key	71	DOWN	at	303279  
303756	[2]	:	Key	71	UP	at	303495  
304198	[442]	:	Key	71	DOWN	at	304198  
307489	[3291]	:	Key	71	UP	at	304343  
307491	[2]	:	Key	71	DOWN	at	306407  
307492	[1]	:	Key	71	UP	at	306607  
307493	[1]	:	Key	71	DOWN	at	307039  
307494	[1]	:	Key	71	UP	at	307231  
307910	[416]	:	Key	71	DOWN	at	307910  
311199	[3289]	:	Key	71	UP	at	308047  
311201	[2]	:	Key	71	DOWN	at	310431  
311202	[1]	:	Key	71	UP	at	310647  
311590	[388]	:	Key	71	DOWN	at	311590  
314879	[3289]	:	Key	71	UP	at	311711  
314990	[111]	:	Key	71	DOWN	at	314990  
318289	[3299]	:	Key	71	UP	at	315167  
318903	[614]	:	Key	71	DOWN	at	318903  
322203	[3300]	:	Key	71	UP	at	319071  
322990	[787]	:	Key	71	DOWN	at	322990  
326293	[3303]	:	Key	71	UP	at	323175  
326295	[2]	:	Key	71	DOWN	at	325281  
326296	[1]	:	Key	71	UP	at	325315  
326566	[270]	:	Key	71	DOWN	at	326566  
329865	[3299]	:	Key	71	UP	at	326711  
329886	[21]	:	Key	71	DOWN	at	329879  
330038	[152]	:	Key	71	UP	at	330038  
330958	[920]	:	Key	71	DOWN	at	330958  
334260	[3302]	:	Key	71	UP	at	331119  
334262	[2]	:	Key	71	DOWN	at	332367  
334263	[1]	:	Key	71	UP	at	332519  
334264	[1]	:	Key	71	DOWN	at	333927  
334265	[1]	:	Key	71	UP	at	334103  
334719	[454]	:	Key	71	DOWN	at	334719  
338007	[3288]	:	Key	71	UP	at	334871  
338207	[200]	:	Key	71	DOWN	at	338207  
342118	[3911]	:	Key	71	UP	at	338375  
342958	[840]	:	Key	71	DOWN	at	342958  
344001	[1043]	:	Key	71	UP	at	343127  
345486	[1485]	:	Key	97	DOWN	at	345486  
346611	[1125]	:	Key	97	UP	at	345590  
347174	[563]	:	Key	98	DOWN	at	347174  
348264	[1090]	:	Key	98	UP	at	347311  
349173	[909]	:	Key	97	DOWN	at	349173  
350296	[1123]	:	Key	97	UP	at	349277  
351935	[1639]	:	Key	97	DOWN	at	351935  
353060	[1125]	:	Key	97	UP	at	352016  
353911	[851]	:	Key	97	DOWN	at	353911  
355037	[1126]	:	Key	97	UP	at	354030  
355695	[658]	:	Key	97	DOWN	at	355695  
356816	[1121]	:	Key	97	UP	at	355790  
357574	[758]	:	Key	98	DOWN	at	357574  
358681	[1107]	:	Key	98	UP	at	357687  
359926	[1245]	:	Key	98	DOWN	at	359926  
361616	[1690]	:	Key	98	UP	at	360055  
362238	[622]	:	Key	71	DOWN	at	362238  
363289	[1051]	:	Key	71	UP	at	362359  
364822	[1533]	:	Key	98	DOWN	at	364822  
365935	[1113]	:	Key	98	UP	at	364934  
366630	[695]	:	Key	97	DOWN	at	366630  
367755	[1125]	:	Key	97	UP	at	366733  
369191	[1436]	:	Key	97	DOWN	at	369191  
370324	[1133]	:	Key	97	UP	at	370305  
371111	[787]	:	Key	98	DOWN	at	371111  
372240	[1129]	:	Key	98	UP	at	371222  
373414	[1174]	:	Key	97	DOWN	at	373414  
374503	[1089]	:	Key	97	UP	at	373502  
375335	[832]	:	Key	97	DOWN	at	375335  
376461	[1126]	:	Key	97	UP	at	375430  
377294	[833]	:	Key	97	DOWN	at	377294  
378416	[1122]	:	Key	97	UP	at	377382  
379742	[1326]	:	Key	97	DOWN	at	379742  
380940	[1198]	:	Key	97	UP	at	379822  
381614	[674]	:	Key	71	DOWN	at	381614  
381943	[329]	:	Key	71	UP	at	381751  
382574	[631]	:	Key	71	DOWN	at	382574  
382718	[144]	:	Key	71	UP	at	382718  
383142	[424]	:	Key	71	DOWN	at	383142  
386443	[3301]	:	Key	71	UP	at	383287  
386445	[2]	:	Key	71	DOWN	at	384093  
386446	[1]	:	Key	71	UP	at	384254  
386447	[1]	:	Key	71	DOWN	at	386040  
386448	[1]	:	Key	71	UP	at	386200  
387039	[591]	:	Key	71	DOWN	at	387039  
390330	[3291]	:	Key	71	UP	at	387191  
391759	[1429]	:	Key	71	DOWN	at	391759  
395060	[3301]	:	Key	71	UP	at	391911  
395262	[202]	:	Key	71	DOWN	at	395262  
398564	[3302]	:	Key	71	UP	at	395399  
398566	[2]	:	Key	71	DOWN	at	396495  
398567	[1]	:	Key	71	UP	at	396647  
399142	[575]	:	Key	71	DOWN	at	399142  
402441	[3299]	:	Key	71	UP	at	400321  
402942	[501]	:	Key	71	DOWN	at	402942  
406242	[3300]	:	Key	71	UP	at	403175  
406383	[141]	:	Key	71	DOWN	at	406383  
409674	[3291]	:	Key	71	UP	at	406559  
409676	[2]	:	Key	71	DOWN	at	408815  
409677	[1]	:	Key	71	UP	at	408967  
410054	[377]	:	Key	71	DOWN	at	410054  
413950	[3896]	:	Key	71	UP	at	410247  
415317	[1367]	:	Key	71	DOWN	at	415317  
416368	[1051]	:	Key	71	UP	at	415341  
417654	[1286]	:	Key	98	DOWN	at	417654  
418788	[1134]	:	Key	98	UP	at	417766  
420582	[1794]	:	Key	97	DOWN	at	420582  
421709	[1127]	:	Key	97	UP	at	420702  
422614	[905]	:	Key	97	DOWN	at	422614  
423737	[1123]	:	Key	97	UP	at	422759  
424646	[909]	:	Key	97	DOWN	at	424646  
425759	[1113]	:	Key	97	UP	at	424775  
426598	[839]	:	Key	97	DOWN	at	426598  
427718	[1120]	:	Key	97	UP	at	426726  
428750	[1032]	:	Key	97	DOWN	at	428750  
429865	[1115]	:	Key	97	UP	at	428846  
430487	[622]	:	Key	97	DOWN	at	430487  
431614	[1127]	:	Key	97	UP	at	430631  
433062	[1448]	:	Key	98	DOWN	at	433062  
434756	[1694]	:	Key	98	UP	at	433134  
435438	[682]	:	Key	71	DOWN	at	435438  
436488	[1050]	:	Key	71	UP	at	435559  
437526	[1038]	:	Key	98	DOWN	at	437526  
438632	[1106]	:	Key	98	UP	at	437621  
439567	[935]	:	Key	98	DOWN	at	439567  
440691	[1124]	:	Key	98	UP	at	439686  
442079	[1388]	:	Key	97	DOWN	at	442079  
443206	[1127]	:	Key	97	UP	at	442158  
443958	[752]	:	Key	98	DOWN	at	443958  
445074	[1116]	:	Key	98	UP	at	444095  
446815	[1741]	:	Key	97	DOWN	at	446815  
447948	[1133]	:	Key	97	UP	at	446910  
448950	[1002]	:	Key	97	DOWN	at	448950  
450037	[1087]	:	Key	97	UP	at	449070  
450798	[761]	:	Key	98	DOWN	at	450798  
451878	[1080]	:	Key	98	UP	at	450910  
454014	[2136]	:	Key	98	DOWN	at	454014  
455208	[1194]	:	Key	98	UP	at	454117  
456454	[1246]	:	Key	71	DOWN	at	456454  
456803	[349]	:	Key	71	UP	at	456599  
458847	[2044]	:	Key	71	DOWN	at	458847  
458927	[80]	:	Key	71	UP	at	458927  
460335	[1408]	:	Key	71	DOWN	at	460335  
460337	[2]	:	Key	71	UP	at	460336  
462190	[1853]	:	Key	97	DOWN	at	462190  
462294	[104]	:	Key	97	UP	at	462294  
462734	[440]	:	Key	97	DOWN	at	462734  
462878	[144]	:	Key	97	UP	at	462878  
464758	[1880]	:	Key	97	DOWN	at	464758  
464936	[178]	:	Key	97	UP	at	464878  
465350	[414]	:	Key	97	DOWN	at	465350  
465462	[112]	:	Key	97	UP	at	465462  
465895	[433]	:	Key	97	DOWN	at	465895  
465998	[103]	:	Key	97	UP	at	465998  
466518	[520]	:	Key	97	DOWN	at	466518  
466646	[128]	:	Key	97	UP	at	466646  
466982	[336]	:	Key	97	DOWN	at	466982  
467126	[144]	:	Key	97	UP	at	467126  
467390	[264]	:	Key	97	DOWN	at	467390  
467502	[112]	:	Key	97	UP	at	467502  
467598	[96]	:	Key	97	DOWN	at	467598  
467718	[120]	:	Key	97	UP	at	467718  
467790	[72]	:	Key	97	DOWN	at	467790  
467894	[104]	:	Key	97	UP	at	467894  
467982	[88]	:	Key	97	DOWN	at	467982  
468071	[89]	:	Key	97	UP	at	468062  
468150	[79]	:	Key	97	DOWN	at	468150  
468223	[73]	:	Key	97	UP	at	468222  
468342	[119]	:	Key	97	DOWN	at	468342  
468421	[79]	:	Key	97	UP	at	468398  
468526	[105]	:	Key	97	DOWN	at	468526  
468626	[100]	:	Key	97	UP	at	468606  
468702	[76]	:	Key	97	DOWN	at	468702  
468789	[87]	:	Key	97	UP	at	468782  
468886	[97]	:	Key	97	DOWN	at	468886  
468974	[88]	:	Key	97	UP	at	468974  
469070	[96]	:	Key	97	DOWN	at	469070  
469150	[80]	:	Key	97	UP	at	469134  
469238	[88]	:	Key	97	DOWN	at	469238  
469312	[74]	:	Key	97	UP	at	469311  
469414	[102]	:	Key	97	DOWN	at	469414  
469485	[71]	:	Key	97	UP	at	469485  
469589	[104]	:	Key	97	DOWN	at	469589  
470589	[1000]	:	Key	97	UP	at	469645  
470590	[1]	:	Key	97	DOWN	at	469750  
470591	[1]	:	Key	97	UP	at	469830  
470592	[1]	:	Key	97	DOWN	at	469926  
470593	[1]	:	Key	97	UP	at	470006  
470594	[1]	:	Key	71	DOWN	at	470302  
470595	[1]	:	Key	71	UP	at	470454  
471374	[779]	:	Key	71	DOWN	at	471374  
471649	[275]	:	Key	71	UP	at	471518  
472293	[644]	:	Key	71	DOWN	at	472293  
539926	[67633]	:	Key	71	DOWN	at	539926  
540030	[104]	:	Key	71	UP	at	540030  
541030	[1000]	:	Key	71	DOWN	at	541030  
1025511	[484481]	:	Key	71	DOWN	at	1025511 
1025646	[135]	:	Key	71	UP	at	1025646 
1047895	[22249]	:	Key	97	DOWN	at	1047895 
1048895	[1000]	:	Key	97	UP	at	1047991 
1048897	[2]	:	Key	71	DOWN	at	1048383 
1048898	[1]	:	Key	71	UP	at	1048575 
1049831	[933]	:	Key	71	DOWN	at	1049831 
1602575	[552744]	:	Key	97	DOWN	at	1602575 
1603575	[1000]	:	Key	97	UP	at	1602688 
1603577	[2]	:	Key	71	DOWN	at	1603040 
1603578	[1]	:	Key	71	UP	at	1603200 
1603579	[1]	:	Key	97	DOWN	at	1603320 
1603580	[1]	:	Key	97	UP	at	1603448 
1603672	[92]	:	Key	97	DOWN	at	1603592 
1603672	[0]	:	Key	97	UP	at	1603663 
1605191	[1519]	:	Key	71	DOWN	at	1605191 
2111137	[505946]	:	Key	97	DOWN	at	2111137 
2112137	[1000]	:	Key	97	UP	at	2111264 
2112139	[2]	:	Key	71	DOWN	at	2111344 
2112140	[1]	:	Key	71	UP	at	2111536 
2112632	[492]	:	Key	97	DOWN	at	2112632 
2112736	[104]	:	Key	97	UP	at	2112736 
2113088	[352]	:	Key	71	DOWN	at	2113088 
2598784	[485696]	:	Key	71	DOWN	at	2598784 
2598944	[160]	:	Key	71	UP	at	2598944 
2621392	[22448]	:	Key	71	DOWN	at	2621392 
2621394	[2]	:	Key	71	UP	at	2621393 
2621395	[1]	:	Key	97	DOWN	at	2621394 
2622394	[999]	:	Key	97	UP	at	2621395 
2622396	[2]	:	Key	97	DOWN	at	2621396 
2622397	[1]	:	Key	97	UP	at	2621488 
2622398	[1]	:	Key	97	DOWN	at	2621672 
2622399	[1]	:	Key	97	UP	at	2621768 
2623776	[1377]	:	Key	71	DOWN	at	2623776 
3124248	[500472]	:	Key	71	DOWN	at	3124248 
3124303	[55]	:	COGENT STOP
