Cog2000 log file Tue Dec 01 23:31:29 2020
gprim v1.33 Compiled:Aug 12 2015 (GLib DirectDraw v7 DX12.0 Compiled:Aug 12 2015)
Display:1024x768x32 60.02Hz
Attaching C:\Sahar Rajabi\Final MBMF+Drug Task\Cogent2000v1.33\Toolbox\CogInput.mexw64
CogInput v1.05 Compiled: May 20 2010
5	[5]	:	COGENT START
52327	[52322]	:	Key	97	DOWN	at	52326   
52489	[162]	:	Key	97	UP	at	52487   
60232	[7743]	:	Key	97	DOWN	at	60231   
60374	[142]	:	Key	97	UP	at	60374   
74104	[13730]	:	Key	97	DOWN	at	74103   
75103	[999]	:	Key	97	UP	at	74238   
75104	[1]	:	Key	97	DOWN	at	74854   
75105	[1]	:	Key	97	UP	at	74998   
84383	[9278]	:	Key	71	DOWN	at	84383   
84600	[217]	:	Key	71	UP	at	84599   
85911	[1311]	:	Key	71	DOWN	at	85910   
89352	[3441]	:	Key	71	UP	at	86078   
90255	[903]	:	Key	71	DOWN	at	90255   
93587	[3332]	:	Key	71	UP	at	90470   
94687	[1100]	:	Key	71	DOWN	at	94687   
97999	[3312]	:	Key	71	UP	at	94894   
98847	[848]	:	Key	71	DOWN	at	98847   
102156	[3309]	:	Key	71	UP	at	99063   
102919	[763]	:	Key	71	DOWN	at	102919  
106229	[3310]	:	Key	71	UP	at	103151  
106230	[1]	:	Key	71	DOWN	at	105982  
106231	[1]	:	Key	71	UP	at	106199  
107431	[1200]	:	Key	71	DOWN	at	107430  
110741	[3310]	:	Key	71	UP	at	107639  
111271	[530]	:	Key	71	DOWN	at	111270  
114581	[3310]	:	Key	71	UP	at	111520  
115016	[435]	:	Key	71	DOWN	at	115015  
118323	[3307]	:	Key	71	UP	at	115207  
118324	[1]	:	Key	71	DOWN	at	118175  
118431	[107]	:	Key	71	UP	at	118431  
119911	[1480]	:	Key	71	DOWN	at	119910  
123215	[3304]	:	Key	71	UP	at	120103  
123830	[615]	:	Key	71	DOWN	at	123830  
127137	[3307]	:	Key	71	UP	at	124022  
127774	[637]	:	Key	71	DOWN	at	127774  
131082	[3308]	:	Key	71	UP	at	127990  
131520	[438]	:	Key	71	DOWN	at	131519  
134826	[3306]	:	Key	71	UP	at	131774  
135439	[613]	:	Key	71	DOWN	at	135438  
138746	[3307]	:	Key	71	UP	at	135702  
139119	[373]	:	Key	71	DOWN	at	139119  
142431	[3312]	:	Key	71	UP	at	139367  
142432	[1]	:	Key	71	DOWN	at	141726  
142433	[1]	:	Key	71	UP	at	142054  
143119	[686]	:	Key	71	DOWN	at	143119  
146423	[3304]	:	Key	71	UP	at	143415  
147088	[665]	:	Key	71	DOWN	at	147087  
150395	[3307]	:	Key	71	UP	at	147311  
150998	[603]	:	Key	71	DOWN	at	150998  
154306	[3308]	:	Key	71	UP	at	151247  
154307	[1]	:	Key	71	DOWN	at	153968  
154308	[1]	:	Key	71	UP	at	154207  
155464	[1156]	:	Key	71	DOWN	at	155464  
158771	[3307]	:	Key	71	UP	at	155743  
159224	[453]	:	Key	71	DOWN	at	159223  
162531	[3307]	:	Key	71	UP	at	159471  
162910	[379]	:	Key	71	DOWN	at	162910  
166215	[3305]	:	Key	71	UP	at	163206  
166512	[297]	:	Key	71	DOWN	at	166511  
169817	[3305]	:	Key	71	UP	at	166790  
169818	[1]	:	Key	71	DOWN	at	169278  
169819	[1]	:	Key	71	UP	at	169527  
170344	[525]	:	Key	71	DOWN	at	170343  
173648	[3304]	:	Key	71	UP	at	170614  
174063	[415]	:	Key	71	DOWN	at	174062  
177368	[3305]	:	Key	71	UP	at	174279  
177831	[463]	:	Key	71	DOWN	at	177830  
181139	[3308]	:	Key	71	UP	at	178119  
181839	[700]	:	Key	71	DOWN	at	181839  
185143	[3304]	:	Key	71	UP	at	182031  
185679	[536]	:	Key	71	DOWN	at	185678  
188988	[3309]	:	Key	71	UP	at	185919  
189438	[450]	:	Key	71	DOWN	at	189438  
192746	[3308]	:	Key	71	UP	at	189662  
193448	[702]	:	Key	71	DOWN	at	193448  
196756	[3308]	:	Key	71	UP	at	193646  
197375	[619]	:	Key	71	DOWN	at	197375  
200680	[3305]	:	Key	71	UP	at	197598  
201359	[679]	:	Key	71	DOWN	at	201358  
204662	[3303]	:	Key	71	UP	at	201543  
207823	[3161]	:	Key	71	DOWN	at	207823  
211128	[3305]	:	Key	71	UP	at	208015  
212016	[888]	:	Key	71	DOWN	at	212015  
215320	[3304]	:	Key	71	UP	at	212246  
215943	[623]	:	Key	71	DOWN	at	215942  
219250	[3307]	:	Key	71	UP	at	216167  
220375	[1125]	:	Key	71	DOWN	at	220374  
223683	[3308]	:	Key	71	UP	at	220575  
224294	[611]	:	Key	71	DOWN	at	224294  
227601	[3307]	:	Key	71	UP	at	224455  
228063	[462]	:	Key	71	DOWN	at	228063  
231370	[3307]	:	Key	71	UP	at	228287  
231920	[550]	:	Key	71	DOWN	at	231919  
235228	[3308]	:	Key	71	UP	at	232158  
235784	[556]	:	Key	71	DOWN	at	235782  
239093	[3309]	:	Key	71	UP	at	235966  
239560	[467]	:	Key	71	DOWN	at	239560  
242867	[3307]	:	Key	71	UP	at	239775  
242868	[1]	:	Key	71	DOWN	at	241950  
242869	[1]	:	Key	71	UP	at	242191  
244464	[1595]	:	Key	71	DOWN	at	244463  
247767	[3303]	:	Key	71	UP	at	244663  
247768	[1]	:	Key	71	DOWN	at	247007  
247769	[1]	:	Key	71	UP	at	247743  
248328	[559]	:	Key	71	DOWN	at	248327  
251635	[3307]	:	Key	71	UP	at	248543  
251636	[1]	:	Key	71	DOWN	at	251486  
251704	[68]	:	Key	71	UP	at	251703  
253543	[1839]	:	Key	71	DOWN	at	253542  
256846	[3303]	:	Key	71	UP	at	253751  
257238	[392]	:	Key	71	DOWN	at	257238  
260541	[3303]	:	Key	71	UP	at	257478  
261005	[464]	:	Key	71	DOWN	at	261005  
264312	[3307]	:	Key	71	UP	at	261245  
265183	[871]	:	Key	71	DOWN	at	265183  
268490	[3307]	:	Key	71	UP	at	265686  
269735	[1245]	:	Key	71	DOWN	at	269735  
273041	[3306]	:	Key	71	UP	at	269935  
273527	[486]	:	Key	71	DOWN	at	273526  
276832	[3305]	:	Key	71	UP	at	273760  
277807	[975]	:	Key	71	DOWN	at	277807  
281764	[3957]	:	Key	71	UP	at	278063  
286072	[4308]	:	Key	71	DOWN	at	286071  
287121	[1049]	:	Key	71	UP	at	286319  
288166	[1045]	:	Key	97	DOWN	at	288166  
289286	[1120]	:	Key	97	UP	at	288311  
290392	[1106]	:	Key	97	DOWN	at	290391  
291519	[1127]	:	Key	97	UP	at	290535  
292503	[984]	:	Key	97	DOWN	at	292503  
293618	[1115]	:	Key	97	UP	at	292654  
295223	[1605]	:	Key	98	DOWN	at	295222  
296334	[1111]	:	Key	98	UP	at	295367  
297783	[1449]	:	Key	98	DOWN	at	297783  
298907	[1124]	:	Key	98	UP	at	297960  
300057	[1150]	:	Key	98	DOWN	at	300055  
301183	[1126]	:	Key	98	UP	at	300214  
302392	[1209]	:	Key	97	DOWN	at	302391  
303501	[1109]	:	Key	97	UP	at	302559  
304870	[1369]	:	Key	98	DOWN	at	304870  
306542	[1672]	:	Key	98	UP	at	305064  
309480	[2938]	:	Key	71	DOWN	at	309479  
310523	[1043]	:	Key	71	UP	at	309695  
311831	[1308]	:	Key	97	DOWN	at	311831  
312950	[1119]	:	Key	97	UP	at	312007  
313799	[849]	:	Key	97	DOWN	at	313799  
314922	[1123]	:	Key	97	UP	at	313974  
316215	[1293]	:	Key	98	DOWN	at	316215  
317349	[1134]	:	Key	98	UP	at	316366  
318175	[826]	:	Key	97	DOWN	at	318174  
319287	[1112]	:	Key	97	UP	at	318350  
320230	[943]	:	Key	98	DOWN	at	320230  
321348	[1118]	:	Key	98	UP	at	320383  
322191	[843]	:	Key	98	DOWN	at	322190  
323296	[1105]	:	Key	98	UP	at	322367  
324431	[1135]	:	Key	97	DOWN	at	324430  
325542	[1111]	:	Key	97	UP	at	324582  
326791	[1249]	:	Key	97	DOWN	at	326791  
327971	[1180]	:	Key	97	UP	at	326975  
329950	[1979]	:	Key	71	DOWN	at	329950  
330274	[324]	:	Key	71	UP	at	330183  
331040	[766]	:	Key	71	DOWN	at	331039  
331319	[279]	:	Key	71	UP	at	331319  
331864	[545]	:	Key	71	DOWN	at	331864  
335169	[3305]	:	Key	71	UP	at	332022  
335170	[1]	:	Key	71	DOWN	at	334639  
335171	[1]	:	Key	71	UP	at	334832  
336248	[1077]	:	Key	71	DOWN	at	336248  
339554	[3306]	:	Key	71	UP	at	336454  
340175	[621]	:	Key	71	DOWN	at	340174  
343487	[3312]	:	Key	71	UP	at	340399  
344359	[872]	:	Key	71	DOWN	at	344359  
347664	[3305]	:	Key	71	UP	at	344599  
348185	[521]	:	Key	71	DOWN	at	348183  
351492	[3307]	:	Key	71	UP	at	348407  
351911	[419]	:	Key	71	DOWN	at	351911  
355214	[3303]	:	Key	71	UP	at	352166  
357320	[2106]	:	Key	71	DOWN	at	357319  
360627	[3307]	:	Key	71	UP	at	357575  
361840	[1213]	:	Key	71	DOWN	at	361840  
365146	[3306]	:	Key	71	UP	at	362047  
366432	[1286]	:	Key	71	DOWN	at	366431  
369736	[3304]	:	Key	71	UP	at	366663  
370519	[783]	:	Key	71	DOWN	at	370519  
373826	[3307]	:	Key	71	UP	at	370767  
374591	[765]	:	Key	71	DOWN	at	374591  
377900	[3309]	:	Key	71	UP	at	374800  
378631	[731]	:	Key	71	DOWN	at	378631  
381936	[3305]	:	Key	71	UP	at	378855  
382784	[848]	:	Key	71	DOWN	at	382784  
386090	[3306]	:	Key	71	UP	at	382982  
386951	[861]	:	Key	71	DOWN	at	386951  
390253	[3302]	:	Key	71	UP	at	387183  
390686	[433]	:	Key	71	DOWN	at	390686  
393995	[3309]	:	Key	71	UP	at	390904  
394560	[565]	:	Key	71	DOWN	at	394559  
398465	[3905]	:	Key	71	UP	at	394814  
399270	[805]	:	Key	71	DOWN	at	399270  
400312	[1042]	:	Key	71	UP	at	399503  
401311	[999]	:	Key	97	DOWN	at	401311  
402410	[1099]	:	Key	97	UP	at	401487  
403271	[861]	:	Key	98	DOWN	at	403270  
404383	[1112]	:	Key	98	UP	at	403455  
405510	[1127]	:	Key	97	DOWN	at	405510  
406616	[1106]	:	Key	97	UP	at	405671  
407679	[1063]	:	Key	97	DOWN	at	407679  
408797	[1118]	:	Key	97	UP	at	407862  
409702	[905]	:	Key	97	DOWN	at	409702  
410836	[1134]	:	Key	97	UP	at	409879  
411807	[971]	:	Key	97	DOWN	at	411807  
412916	[1109]	:	Key	97	UP	at	411960  
414577	[1661]	:	Key	98	DOWN	at	414576  
415699	[1122]	:	Key	98	UP	at	414775  
417320	[1621]	:	Key	98	DOWN	at	417320  
418987	[1667]	:	Key	98	UP	at	417486  
429072	[10085]	:	Key	71	DOWN	at	429071  
430122	[1050]	:	Key	71	UP	at	429255  
431575	[1453]	:	Key	98	DOWN	at	431575  
432710	[1135]	:	Key	98	UP	at	431727  
434063	[1353]	:	Key	97	DOWN	at	434063  
435173	[1110]	:	Key	97	UP	at	434175  
436280	[1107]	:	Key	97	DOWN	at	436280  
437397	[1117]	:	Key	97	UP	at	436407  
438608	[1211]	:	Key	98	DOWN	at	438607  
439727	[1119]	:	Key	98	UP	at	438742  
441031	[1304]	:	Key	98	DOWN	at	441031  
442136	[1105]	:	Key	98	UP	at	441110  
447439	[5303]	:	Key	97	DOWN	at	447438  
448558	[1119]	:	Key	97	UP	at	447607  
450127	[1569]	:	Key	98	DOWN	at	450127  
451246	[1119]	:	Key	98	UP	at	450288  
452231	[985]	:	Key	97	DOWN	at	452231  
453392	[1161]	:	Key	97	UP	at	452360  
454440	[1048]	:	Key	71	DOWN	at	454439  
454765	[325]	:	Key	71	UP	at	454615  
456168	[1403]	:	Key	71	DOWN	at	456167  
456385	[217]	:	Key	71	UP	at	456384  
458536	[2151]	:	Key	71	DOWN	at	458535  
461842	[3306]	:	Key	71	UP	at	458759  
464366	[2524]	:	Key	71	DOWN	at	464366  
467676	[3310]	:	Key	71	UP	at	464502  
470270	[2594]	:	Key	71	DOWN	at	470270  
473578	[3308]	:	Key	71	UP	at	470487  
474111	[533]	:	Key	71	DOWN	at	474111  
477418	[3307]	:	Key	71	UP	at	474320  
477815	[397]	:	Key	71	DOWN	at	477814  
481123	[3308]	:	Key	71	UP	at	478064  
482007	[884]	:	Key	71	DOWN	at	482007  
485312	[3305]	:	Key	71	UP	at	482239  
485942	[630]	:	Key	71	DOWN	at	485942  
489250	[3308]	:	Key	71	UP	at	486152  
490135	[885]	:	Key	71	DOWN	at	490134  
494043	[3908]	:	Key	71	UP	at	490360  
494544	[501]	:	Key	71	DOWN	at	494543  
495589	[1045]	:	Key	71	UP	at	494767  
497120	[1531]	:	Key	98	DOWN	at	497119  
498224	[1104]	:	Key	98	UP	at	497295  
499767	[1543]	:	Key	97	DOWN	at	499766  
500872	[1105]	:	Key	97	UP	at	499879  
501927	[1055]	:	Key	97	DOWN	at	501927  
503054	[1127]	:	Key	97	UP	at	502056  
503799	[745]	:	Key	97	DOWN	at	503799  
504909	[1110]	:	Key	97	UP	at	503943  
505726	[817]	:	Key	97	DOWN	at	505726  
506835	[1109]	:	Key	97	UP	at	505863  
507959	[1124]	:	Key	98	DOWN	at	507959  
509067	[1108]	:	Key	98	UP	at	508128  
510279	[1212]	:	Key	97	DOWN	at	510279  
511397	[1118]	:	Key	97	UP	at	510407  
513717	[2320]	:	Key	98	DOWN	at	513717  
515379	[1662]	:	Key	98	UP	at	513919  
516953	[1574]	:	Key	71	DOWN	at	516951  
517998	[1045]	:	Key	71	UP	at	517144  
519592	[1594]	:	Key	98	DOWN	at	519592  
520719	[1127]	:	Key	98	UP	at	519775  
522241	[1522]	:	Key	98	DOWN	at	522240  
523350	[1109]	:	Key	98	UP	at	522381  
524783	[1433]	:	Key	97	DOWN	at	524783  
525909	[1126]	:	Key	97	UP	at	524910  
527328	[1419]	:	Key	98	DOWN	at	527327  
528435	[1107]	:	Key	98	UP	at	527511  
529639	[1204]	:	Key	97	DOWN	at	529639  
530777	[1138]	:	Key	97	UP	at	529743  
531840	[1063]	:	Key	97	DOWN	at	531839  
532968	[1128]	:	Key	97	UP	at	531959  
534022	[1054]	:	Key	98	DOWN	at	534022  
535135	[1113]	:	Key	98	UP	at	534191  
536519	[1384]	:	Key	98	DOWN	at	536519  
537700	[1181]	:	Key	98	UP	at	536680  
539000	[1300]	:	Key	71	DOWN	at	538999  
539313	[313]	:	Key	71	UP	at	539215  
539953	[640]	:	Key	71	DOWN	at	539952  
540168	[215]	:	Key	71	UP	at	540167  
540791	[623]	:	Key	71	DOWN	at	540790  
544097	[3306]	:	Key	71	UP	at	541024  
544623	[526]	:	Key	71	DOWN	at	544623  
547931	[3308]	:	Key	71	UP	at	544832  
548463	[532]	:	Key	71	DOWN	at	548463  
551772	[3309]	:	Key	71	UP	at	548671  
551773	[1]	:	Key	71	DOWN	at	551432  
551774	[1]	:	Key	71	UP	at	551615  
552608	[834]	:	Key	71	DOWN	at	552607  
555916	[3308]	:	Key	71	UP	at	552832  
555917	[1]	:	Key	71	DOWN	at	555263  
555918	[1]	:	Key	71	UP	at	555520  
556815	[897]	:	Key	71	DOWN	at	556815  
560124	[3309]	:	Key	71	UP	at	557032  
560775	[651]	:	Key	71	DOWN	at	560775  
564084	[3309]	:	Key	71	UP	at	560967  
564735	[651]	:	Key	71	DOWN	at	564735  
568042	[3307]	:	Key	71	UP	at	564919  
568703	[661]	:	Key	71	DOWN	at	568703  
572615	[3912]	:	Key	71	UP	at	568944  
573360	[745]	:	Key	71	DOWN	at	573359  
574401	[1041]	:	Key	71	UP	at	573583  
575328	[927]	:	Key	97	DOWN	at	575328  
576436	[1108]	:	Key	97	UP	at	575446  
577656	[1220]	:	Key	97	DOWN	at	577656  
578769	[1113]	:	Key	97	UP	at	577776  
579935	[1166]	:	Key	97	DOWN	at	579935  
581048	[1113]	:	Key	97	UP	at	580030  
582201	[1153]	:	Key	97	DOWN	at	582200  
583306	[1105]	:	Key	97	UP	at	582319  
584447	[1141]	:	Key	97	DOWN	at	584447  
585554	[1107]	:	Key	97	UP	at	584559  
586439	[885]	:	Key	97	DOWN	at	586438  
587544	[1105]	:	Key	97	UP	at	586559  
588696	[1152]	:	Key	98	DOWN	at	588696  
589815	[1119]	:	Key	98	UP	at	588879  
591223	[1408]	:	Key	97	DOWN	at	591223  
592878	[1655]	:	Key	97	UP	at	591351  
593543	[665]	:	Key	71	DOWN	at	593543  
594588	[1045]	:	Key	71	UP	at	593735  
596576	[1988]	:	Key	97	DOWN	at	596576  
597685	[1109]	:	Key	97	UP	at	596710  
599462	[1777]	:	Key	97	DOWN	at	599462  
600586	[1124]	:	Key	97	UP	at	599567  
601487	[901]	:	Key	97	DOWN	at	601487  
602594	[1107]	:	Key	97	UP	at	601615  
603465	[871]	:	Key	98	DOWN	at	603464  
604572	[1107]	:	Key	98	UP	at	603631  
606256	[1684]	:	Key	97	DOWN	at	606255  
607363	[1107]	:	Key	97	UP	at	606367  
608729	[1366]	:	Key	98	DOWN	at	608728  
609836	[1107]	:	Key	98	UP	at	608894  
613024	[3188]	:	Key	97	DOWN	at	613023  
614146	[1122]	:	Key	97	UP	at	613127  
615775	[1629]	:	Key	97	DOWN	at	615774  
616952	[1177]	:	Key	97	UP	at	615912  
622232	[5280]	:	Key	71	DOWN	at	622231  
622552	[320]	:	Key	71	UP	at	622431  
623151	[599]	:	Key	71	DOWN	at	623151  
623328	[177]	:	Key	71	UP	at	623328  
623903	[575]	:	Key	71	DOWN	at	623903  
627210	[3307]	:	Key	71	UP	at	624136  
627211	[1]	:	Key	71	DOWN	at	626320  
627212	[1]	:	Key	71	UP	at	626543  
627712	[500]	:	Key	71	DOWN	at	627711  
631016	[3304]	:	Key	71	UP	at	627943  
631408	[392]	:	Key	71	DOWN	at	631407  
634711	[3303]	:	Key	71	UP	at	631584  
635120	[409]	:	Key	71	DOWN	at	635120  
638425	[3305]	:	Key	71	UP	at	635319  
638966	[541]	:	Key	71	DOWN	at	638966  
642276	[3310]	:	Key	71	UP	at	639175  
642728	[452]	:	Key	71	DOWN	at	642726  
646036	[3308]	:	Key	71	UP	at	642960  
646591	[555]	:	Key	71	DOWN	at	646590  
649899	[3308]	:	Key	71	UP	at	646784  
650471	[572]	:	Key	71	DOWN	at	650471  
654371	[3900]	:	Key	71	UP	at	650703  
654878	[507]	:	Key	71	DOWN	at	654878  
655920	[1042]	:	Key	71	UP	at	655112  
657240	[1320]	:	Key	97	DOWN	at	657239  
658365	[1125]	:	Key	97	UP	at	657367  
659480	[1115]	:	Key	98	DOWN	at	659480  
660613	[1133]	:	Key	98	UP	at	659631  
661423	[810]	:	Key	97	DOWN	at	661423  
662541	[1118]	:	Key	97	UP	at	661511  
663479	[938]	:	Key	97	DOWN	at	663479  
664609	[1130]	:	Key	97	UP	at	663583  
665472	[863]	:	Key	97	DOWN	at	665472  
666582	[1110]	:	Key	97	UP	at	665558  
667671	[1089]	:	Key	97	DOWN	at	667671  
668808	[1137]	:	Key	97	UP	at	667766  
669608	[800]	:	Key	97	DOWN	at	669608  
670720	[1112]	:	Key	97	UP	at	669711  
671440	[720]	:	Key	97	DOWN	at	671439  
673092	[1652]	:	Key	97	UP	at	671543  
673840	[748]	:	Key	71	DOWN	at	673840  
674893	[1053]	:	Key	71	UP	at	674031  
676240	[1347]	:	Key	97	DOWN	at	676239  
677351	[1111]	:	Key	97	UP	at	676375  
678184	[833]	:	Key	97	DOWN	at	678183  
679298	[1114]	:	Key	97	UP	at	678287  
680951	[1653]	:	Key	97	DOWN	at	680951  
682061	[1110]	:	Key	97	UP	at	681015  
683287	[1226]	:	Key	97	DOWN	at	683287  
684400	[1113]	:	Key	97	UP	at	683335  
685632	[1232]	:	Key	98	DOWN	at	685632  
686742	[1110]	:	Key	98	UP	at	685774  
688582	[1840]	:	Key	98	DOWN	at	688582  
689716	[1134]	:	Key	98	UP	at	688703  
691128	[1412]	:	Key	98	DOWN	at	691127  
692235	[1107]	:	Key	98	UP	at	691240  
693232	[997]	:	Key	97	DOWN	at	693232  
694397	[1165]	:	Key	97	UP	at	693367  
696544	[2147]	:	Key	71	DOWN	at	696543  
696863	[319]	:	Key	71	UP	at	696703  
700184	[3321]	:	Key	71	DOWN	at	700184  
700392	[208]	:	Key	71	UP	at	700391  
703358	[2966]	:	Key	71	DOWN	at	703358  
703583	[225]	:	Key	71	UP	at	703583  
705505	[1922]	:	Key	97	DOWN	at	705504  
705648	[143]	:	Key	97	UP	at	705647  
713785	[8137]	:	Key	97	DOWN	at	713784  
713903	[118]	:	Key	97	UP	at	713903  
729695	[15792]	:	Key	97	DOWN	at	729695  
729839	[144]	:	Key	97	UP	at	729839  
741824	[11985]	:	Key	97	DOWN	at	741823  
741985	[161]	:	Key	97	UP	at	741984  
755206	[13221]	:	Key	97	DOWN	at	755206  
755335	[129]	:	Key	97	UP	at	755335  
765841	[10506]	:	Key	97	DOWN	at	765840  
766009	[168]	:	Key	97	UP	at	766008  
770280	[4271]	:	Key	97	DOWN	at	770279  
770408	[128]	:	Key	97	UP	at	770407  
779816	[9408]	:	Key	97	DOWN	at	779815  
779958	[142]	:	Key	97	UP	at	779958  
786335	[6377]	:	Key	97	DOWN	at	786335  
786455	[120]	:	Key	97	UP	at	786455  
796071	[9616]	:	Key	97	DOWN	at	796071  
796215	[144]	:	Key	97	UP	at	796215  
804945	[8730]	:	Key	97	DOWN	at	804944  
805072	[127]	:	Key	97	UP	at	805071  
810680	[5608]	:	Key	97	DOWN	at	810679  
810808	[128]	:	Key	97	UP	at	810807  
833384	[22576]	:	Key	97	DOWN	at	833383  
833528	[144]	:	Key	97	UP	at	833527  
840904	[7376]	:	Key	97	DOWN	at	840904  
841054	[150]	:	Key	97	UP	at	841054  
859231	[18177]	:	Key	97	DOWN	at	859231  
859352	[121]	:	Key	97	UP	at	859352  
887383	[28031]	:	Key	97	DOWN	at	887383  
887464	[81]	:	Key	97	UP	at	887463  
894601	[7137]	:	Key	97	DOWN	at	894600  
894681	[80]	:	Key	97	UP	at	894680  
908511	[13830]	:	Key	97	DOWN	at	908511  
908607	[96]	:	Key	97	UP	at	908607  
923360	[14753]	:	Key	97	DOWN	at	923360  
923503	[143]	:	Key	97	UP	at	923503  
926111	[2608]	:	Key	97	DOWN	at	926111  
927112	[1001]	:	Key	97	UP	at	926232  
930800	[3688]	:	Key	71	DOWN	at	930799  
931098	[298]	:	Key	71	UP	at	931078  
932552	[1454]	:	Key	71	DOWN	at	932551  
1029415	[96863]	:	Key	71	DOWN	at	1029415 
1029615	[200]	:	Key	71	UP	at	1029615 
1030145	[530]	:	Key	71	DOWN	at	1030144 
1675400	[645255]	:	Key	97	DOWN	at	1675400 
1676401	[1001]	:	Key	97	UP	at	1675576 
1678200	[1799]	:	Key	71	DOWN	at	1678200 
2452082	[773882]	:	Key	71	DOWN	at	2452081 
2452305	[223]	:	Key	71	UP	at	2452305 
2454625	[2320]	:	Key	97	DOWN	at	2454624 
2455624	[999]	:	Key	97	UP	at	2454794 
2456993	[1369]	:	Key	71	DOWN	at	2456993 
3135267	[678274]	:	Key	97	DOWN	at	3135266 
3136267	[1000]	:	Key	97	UP	at	3135482 
3186194	[49927]	:	Key	71	DOWN	at	3186194 
3854907	[668713]	:	Key	97	DOWN	at	3854907 
3855908	[1001]	:	Key	97	UP	at	3855027 
3856587	[679]	:	Key	71	DOWN	at	3856586 
4529691	[673104]	:	Key	71	DOWN	at	4529691 
4529753	[62]	:	COGENT STOP
