Cog2000 log file Sun Nov 22 10:08:52 2020
gprim v1.33 Compiled:Aug 12 2015 (GLib DirectDraw v7 DX10.0 Compiled:Aug 12 2015)
Display:1024x768x32 59.99Hz
Attaching E:\Sahar Rajabi\Final MBMF+Drug Task\Cogent2000v1.33\Toolbox\CogInput.mexw64
CogInput v1.05 Compiled: May 20 2010
4	[4]	:	COGENT START
69154	[69150]	:	Key	97	DOWN	at	69154   
69370	[216]	:	Key	97	UP	at	69370   
88170	[18800]	:	Key	97	DOWN	at	88170   
88322	[152]	:	Key	97	UP	at	88322   
106505	[18183]	:	Key	97	DOWN	at	106505  
107505	[1000]	:	Key	97	UP	at	106755  
125841	[18336]	:	Key	71	DOWN	at	125841  
126081	[240]	:	Key	71	UP	at	126081  
126913	[832]	:	Key	71	DOWN	at	126913  
130223	[3310]	:	Key	71	UP	at	127177  
130223	[0]	:	Key	71	DOWN	at	128264  
130223	[0]	:	Key	71	UP	at	128513  
130223	[0]	:	Key	71	DOWN	at	129752  
130223	[0]	:	Key	71	UP	at	130001  
131721	[1498]	:	Key	71	DOWN	at	131721  
134992	[3271]	:	Key	71	UP	at	131977  
134992	[0]	:	Key	71	DOWN	at	133089  
134992	[0]	:	Key	71	UP	at	133337  
134993	[1]	:	Key	71	DOWN	at	134244  
134993	[0]	:	Key	71	UP	at	134264  
136169	[1176]	:	Key	71	DOWN	at	136169  
139438	[3269]	:	Key	71	UP	at	136377  
139438	[0]	:	Key	71	DOWN	at	137497  
139439	[1]	:	Key	71	UP	at	137745  
139439	[0]	:	Key	71	DOWN	at	138810  
139439	[0]	:	Key	71	UP	at	139058  
140370	[931]	:	Key	71	DOWN	at	140370  
143637	[3267]	:	Key	71	UP	at	140626  
143638	[1]	:	Key	71	DOWN	at	141410  
143638	[0]	:	Key	71	UP	at	141658  
143638	[0]	:	Key	71	DOWN	at	142466  
143639	[1]	:	Key	71	UP	at	142730  
144569	[930]	:	Key	71	DOWN	at	144569  
147865	[3296]	:	Key	71	UP	at	144851  
147867	[2]	:	Key	71	DOWN	at	145714  
147868	[1]	:	Key	71	UP	at	145995  
147869	[1]	:	Key	71	DOWN	at	147051  
147870	[1]	:	Key	71	UP	at	147339  
149141	[1271]	:	Key	71	DOWN	at	149141  
152437	[3296]	:	Key	71	UP	at	149161  
152437	[0]	:	Key	71	DOWN	at	150035  
152438	[1]	:	Key	71	UP	at	150274  
152438	[0]	:	Key	71	DOWN	at	151082  
152438	[0]	:	Key	71	UP	at	151393  
152438	[0]	:	Key	71	DOWN	at	152017  
152439	[1]	:	Key	71	UP	at	152345  
153057	[618]	:	Key	71	DOWN	at	153057  
156324	[3267]	:	Key	71	UP	at	153377  
156324	[0]	:	Key	71	DOWN	at	154121  
156324	[0]	:	Key	71	UP	at	154409  
156325	[1]	:	Key	71	DOWN	at	155089  
156325	[0]	:	Key	71	UP	at	155401  
157066	[741]	:	Key	71	DOWN	at	157066  
160370	[3304]	:	Key	71	UP	at	157362  
160372	[2]	:	Key	71	DOWN	at	157995  
160373	[1]	:	Key	71	UP	at	158307  
160374	[1]	:	Key	71	DOWN	at	159443  
160375	[1]	:	Key	71	UP	at	159715  
161129	[754]	:	Key	71	DOWN	at	161129  
164403	[3274]	:	Key	71	UP	at	161434  
164403	[0]	:	Key	71	DOWN	at	162825  
164404	[1]	:	Key	71	UP	at	163129  
164404	[0]	:	Key	71	DOWN	at	163957  
164404	[0]	:	Key	71	UP	at	163977  
164977	[573]	:	Key	71	DOWN	at	164977  
168265	[3288]	:	Key	71	UP	at	165289  
168266	[1]	:	Key	71	DOWN	at	165978  
168267	[1]	:	Key	71	UP	at	166274  
168267	[0]	:	Key	71	DOWN	at	166994  
168268	[1]	:	Key	71	UP	at	167275  
169201	[933]	:	Key	71	DOWN	at	169201  
172497	[3296]	:	Key	71	UP	at	169474  
172499	[2]	:	Key	71	DOWN	at	170074  
172500	[1]	:	Key	71	UP	at	170410  
172501	[1]	:	Key	71	DOWN	at	171313  
172502	[1]	:	Key	71	UP	at	171634  
173602	[1100]	:	Key	71	DOWN	at	173602  
176889	[3287]	:	Key	71	UP	at	173882  
176890	[1]	:	Key	71	DOWN	at	174603  
176891	[1]	:	Key	71	UP	at	174930  
176892	[1]	:	Key	71	DOWN	at	175594  
176892	[0]	:	Key	71	UP	at	175882  
177578	[686]	:	Key	71	DOWN	at	177578  
180859	[3281]	:	Key	71	UP	at	177875  
180860	[1]	:	Key	71	DOWN	at	178957  
180861	[1]	:	Key	71	UP	at	178981  
180862	[1]	:	Key	71	DOWN	at	179642  
180863	[1]	:	Key	71	UP	at	179930  
181865	[1002]	:	Key	71	DOWN	at	181865  
185143	[3278]	:	Key	71	UP	at	182147  
186265	[1122]	:	Key	71	DOWN	at	186265  
189531	[3266]	:	Key	71	UP	at	186497  
190249	[718]	:	Key	71	DOWN	at	190249  
193523	[3274]	:	Key	71	UP	at	190497  
194437	[914]	:	Key	71	DOWN	at	194437  
197726	[3289]	:	Key	71	UP	at	194457  
198873	[1147]	:	Key	71	DOWN	at	198873  
202150	[3277]	:	Key	71	UP	at	199105  
202745	[595]	:	Key	71	DOWN	at	202745  
206011	[3266]	:	Key	71	UP	at	203001  
206778	[767]	:	Key	71	DOWN	at	206778  
210048	[3270]	:	Key	71	UP	at	207025  
211138	[1090]	:	Key	71	DOWN	at	211138  
214418	[3280]	:	Key	71	UP	at	211370  
215778	[1360]	:	Key	71	DOWN	at	215778  
219058	[3280]	:	Key	71	UP	at	216041  
220321	[1263]	:	Key	71	DOWN	at	220321  
223593	[3272]	:	Key	71	UP	at	220593  
225010	[1417]	:	Key	71	DOWN	at	225010  
228288	[3278]	:	Key	71	UP	at	225298  
228898	[610]	:	Key	71	DOWN	at	228898  
232176	[3278]	:	Key	71	UP	at	229186  
232969	[793]	:	Key	71	DOWN	at	232969  
236269	[3300]	:	Key	71	UP	at	233274  
237202	[933]	:	Key	71	DOWN	at	237202  
240471	[3269]	:	Key	71	UP	at	237481  
241505	[1034]	:	Key	71	DOWN	at	241505  
244807	[3302]	:	Key	71	UP	at	241794  
245234	[427]	:	Key	71	DOWN	at	245234  
248523	[3289]	:	Key	71	UP	at	245547  
249202	[679]	:	Key	71	DOWN	at	249202  
252500	[3298]	:	Key	71	UP	at	249465  
253122	[622]	:	Key	71	DOWN	at	253122  
256416	[3294]	:	Key	71	UP	at	253451  
256418	[2]	:	Key	71	DOWN	at	256187  
256482	[64]	:	Key	71	UP	at	256482  
257976	[1494]	:	Key	71	DOWN	at	257976  
261283	[3307]	:	Key	71	UP	at	258209  
261285	[2]	:	Key	71	DOWN	at	260738  
261286	[1]	:	Key	71	UP	at	261036  
263346	[2060]	:	Key	71	DOWN	at	263346  
266640	[3294]	:	Key	71	UP	at	263603  
268170	[1530]	:	Key	71	DOWN	at	268170  
271467	[3297]	:	Key	71	UP	at	268387  
271882	[415]	:	Key	71	DOWN	at	271882  
275179	[3297]	:	Key	71	UP	at	272186  
275181	[2]	:	Key	71	DOWN	at	275034  
275402	[221]	:	Key	71	UP	at	275402  
276113	[711]	:	Key	71	DOWN	at	276113  
279413	[3300]	:	Key	71	UP	at	276347  
280490	[1077]	:	Key	71	DOWN	at	280490  
283780	[3290]	:	Key	71	UP	at	280795  
284753	[973]	:	Key	71	DOWN	at	284753  
288041	[3288]	:	Key	71	UP	at	285041  
288786	[745]	:	Key	71	DOWN	at	288786  
292073	[3287]	:	Key	71	UP	at	289121  
294241	[2168]	:	Key	71	DOWN	at	294241  
297518	[3277]	:	Key	71	UP	at	294569  
298861	[1343]	:	Key	71	DOWN	at	298861  
302162	[3301]	:	Key	71	UP	at	298881  
302706	[544]	:	Key	71	DOWN	at	302706  
305995	[3289]	:	Key	71	UP	at	303065  
306545	[550]	:	Key	71	DOWN	at	306545  
309823	[3278]	:	Key	71	UP	at	306897  
309825	[2]	:	Key	71	DOWN	at	309409  
309826	[1]	:	Key	71	UP	at	309745  
310848	[1022]	:	Key	71	DOWN	at	310848  
314136	[3288]	:	Key	71	UP	at	311129  
314137	[1]	:	Key	71	DOWN	at	313761  
314137	[0]	:	Key	71	UP	at	314065  
315961	[1824]	:	Key	71	DOWN	at	315961  
319252	[3291]	:	Key	71	UP	at	316249  
319254	[2]	:	Key	71	DOWN	at	318361  
319255	[1]	:	Key	71	UP	at	318649  
320721	[1466]	:	Key	71	DOWN	at	320721  
324023	[3302]	:	Key	71	UP	at	321009  
324023	[0]	:	Key	71	DOWN	at	322345  
324023	[0]	:	Key	71	UP	at	322665  
324873	[850]	:	Key	71	DOWN	at	324873  
328172	[3299]	:	Key	71	UP	at	325153  
328172	[0]	:	Key	71	DOWN	at	327577  
328173	[1]	:	Key	71	UP	at	327856  
329264	[1091]	:	Key	71	DOWN	at	329264  
333254	[3990]	:	Key	71	UP	at	329520  
356313	[23059]	:	Key	71	DOWN	at	356313  
357360	[1047]	:	Key	71	UP	at	356545  
358753	[1393]	:	Key	97	DOWN	at	358753  
359917	[1164]	:	Key	97	UP	at	358913  
361465	[1548]	:	Key	98	DOWN	at	361465  
362589	[1124]	:	Key	98	UP	at	361697  
363313	[724]	:	Key	97	DOWN	at	363313  
364453	[1140]	:	Key	97	UP	at	363465  
365616	[1163]	:	Key	97	DOWN	at	365616  
366738	[1122]	:	Key	97	UP	at	365809  
369137	[2399]	:	Key	97	DOWN	at	369137  
370266	[1129]	:	Key	97	UP	at	369281  
372017	[1751]	:	Key	97	DOWN	at	372017  
373153	[1136]	:	Key	97	UP	at	372169  
374249	[1096]	:	Key	98	DOWN	at	374249  
375360	[1111]	:	Key	98	UP	at	374473  
376633	[1273]	:	Key	97	DOWN	at	376633  
378401	[1768]	:	Key	97	UP	at	376793  
389441	[11040]	:	Key	71	DOWN	at	389441  
390487	[1046]	:	Key	71	UP	at	389649  
391761	[1274]	:	Key	97	DOWN	at	391761  
392887	[1126]	:	Key	97	UP	at	391921  
394169	[1282]	:	Key	97	DOWN	at	394169  
395292	[1123]	:	Key	97	UP	at	394313  
397217	[1925]	:	Key	98	DOWN	at	397217  
398348	[1131]	:	Key	98	UP	at	397385  
399912	[1564]	:	Key	98	DOWN	at	399912  
401045	[1133]	:	Key	98	UP	at	400137  
406657	[5612]	:	Key	97	DOWN	at	406657  
407783	[1126]	:	Key	97	UP	at	406825  
408801	[1018]	:	Key	97	DOWN	at	408801  
409893	[1092]	:	Key	97	UP	at	408953  
412297	[2404]	:	Key	97	DOWN	at	412296  
413388	[1091]	:	Key	97	UP	at	412489  
414673	[1285]	:	Key	97	DOWN	at	414673  
415910	[1237]	:	Key	97	UP	at	414857  
435089	[19179]	:	Key	71	DOWN	at	435089  
435425	[336]	:	Key	71	UP	at	435249  
442065	[6640]	:	Key	71	DOWN	at	442065  
442201	[136]	:	Key	71	UP	at	442201  
443873	[1672]	:	Key	71	DOWN	at	443873  
447163	[3290]	:	Key	71	UP	at	444001  
447705	[542]	:	Key	71	DOWN	at	447705  
450996	[3291]	:	Key	71	UP	at	447889  
450997	[1]	:	Key	71	DOWN	at	450233  
450997	[0]	:	Key	71	UP	at	450441  
452712	[1715]	:	Key	71	DOWN	at	452712  
455985	[3273]	:	Key	71	UP	at	452904  
456441	[456]	:	Key	71	DOWN	at	456441  
459740	[3299]	:	Key	71	UP	at	456633  
459742	[2]	:	Key	71	DOWN	at	459177  
459743	[1]	:	Key	71	UP	at	459449  
460817	[1074]	:	Key	71	DOWN	at	460817  
464119	[3302]	:	Key	71	UP	at	461025  
464119	[0]	:	Key	71	DOWN	at	463177  
464119	[0]	:	Key	71	UP	at	463393  
465305	[1186]	:	Key	71	DOWN	at	465305  
468606	[3301]	:	Key	71	UP	at	465545  
468608	[2]	:	Key	71	DOWN	at	467873  
468609	[1]	:	Key	71	UP	at	468129  
469432	[823]	:	Key	71	DOWN	at	469432  
472728	[3296]	:	Key	71	UP	at	469632  
472730	[2]	:	Key	71	DOWN	at	470930  
472731	[1]	:	Key	71	UP	at	471185  
473153	[422]	:	Key	71	DOWN	at	473153  
476442	[3289]	:	Key	71	UP	at	473377  
476442	[0]	:	Key	71	DOWN	at	475505  
476442	[0]	:	Key	71	UP	at	475761  
477681	[1239]	:	Key	71	DOWN	at	477681  
480962	[3281]	:	Key	71	UP	at	477913  
481457	[495]	:	Key	71	DOWN	at	481457  
484755	[3298]	:	Key	71	UP	at	481657  
485177	[422]	:	Key	71	DOWN	at	485177  
488454	[3277]	:	Key	71	UP	at	485385  
488454	[0]	:	Key	71	DOWN	at	488290  
488521	[67]	:	Key	71	UP	at	488521  
489849	[1328]	:	Key	71	DOWN	at	489849  
493124	[3275]	:	Key	71	UP	at	490041  
493124	[0]	:	Key	71	DOWN	at	492945  
493233	[109]	:	Key	71	UP	at	493233  
494513	[1280]	:	Key	71	DOWN	at	494513  
497811	[3298]	:	Key	71	UP	at	494753  
498177	[366]	:	Key	71	DOWN	at	498177  
501465	[3288]	:	Key	71	UP	at	498425  
502409	[944]	:	Key	71	DOWN	at	502409  
505700	[3291]	:	Key	71	UP	at	502617  
505701	[1]	:	Key	71	DOWN	at	505176  
505702	[1]	:	Key	71	UP	at	505417  
507993	[2291]	:	Key	71	DOWN	at	507993  
511904	[3911]	:	Key	71	UP	at	508209  
511904	[0]	:	Key	71	DOWN	at	511353  
511904	[0]	:	Key	71	UP	at	511577  
513681	[1777]	:	Key	71	DOWN	at	513681  
514700	[1019]	:	Key	71	UP	at	513897  
516897	[2197]	:	Key	97	DOWN	at	516897  
518010	[1113]	:	Key	97	UP	at	517025  
519033	[1023]	:	Key	98	DOWN	at	519033  
520150	[1117]	:	Key	98	UP	at	519225  
521441	[1291]	:	Key	97	DOWN	at	521441  
522544	[1103]	:	Key	97	UP	at	521585  
523577	[1033]	:	Key	97	DOWN	at	523577  
524702	[1125]	:	Key	97	UP	at	523705  
527129	[2427]	:	Key	97	DOWN	at	527129  
528289	[1160]	:	Key	97	UP	at	527273  
529553	[1264]	:	Key	97	DOWN	at	529553  
530679	[1126]	:	Key	97	UP	at	529657  
531681	[1002]	:	Key	97	DOWN	at	531681  
532796	[1115]	:	Key	97	UP	at	531817  
535073	[2277]	:	Key	97	DOWN	at	535073  
536747	[1674]	:	Key	97	UP	at	535193  
539641	[2894]	:	Key	71	DOWN	at	539641  
540688	[1047]	:	Key	71	UP	at	539864  
541769	[1081]	:	Key	98	DOWN	at	541769  
542884	[1115]	:	Key	98	UP	at	541953  
543841	[957]	:	Key	98	DOWN	at	543841  
544973	[1132]	:	Key	98	UP	at	544009  
546865	[1892]	:	Key	97	DOWN	at	546865  
547984	[1119]	:	Key	97	UP	at	547009  
549113	[1129]	:	Key	98	DOWN	at	549113  
550217	[1104]	:	Key	98	UP	at	549305  
551529	[1312]	:	Key	98	DOWN	at	551529  
552642	[1113]	:	Key	98	UP	at	551745  
553761	[1119]	:	Key	97	DOWN	at	553761  
554873	[1112]	:	Key	97	UP	at	553897  
556737	[1864]	:	Key	98	DOWN	at	556737  
557856	[1119]	:	Key	98	UP	at	556945  
559601	[1745]	:	Key	98	DOWN	at	559601  
560790	[1189]	:	Key	98	UP	at	559809  
564017	[3227]	:	Key	71	DOWN	at	564017  
564322	[305]	:	Key	71	UP	at	564257  
565673	[1351]	:	Key	71	DOWN	at	565673  
565921	[248]	:	Key	71	UP	at	565921  
567537	[1616]	:	Key	71	DOWN	at	567537  
570837	[3300]	:	Key	71	UP	at	567745  
571665	[828]	:	Key	71	DOWN	at	571665  
574967	[3302]	:	Key	71	UP	at	571905  
574969	[2]	:	Key	71	DOWN	at	574385  
574970	[1]	:	Key	71	UP	at	574633  
576881	[1911]	:	Key	71	DOWN	at	576881  
580174	[3293]	:	Key	71	UP	at	577097  
580176	[2]	:	Key	71	DOWN	at	578369  
580177	[1]	:	Key	71	UP	at	578649  
580178	[1]	:	Key	71	DOWN	at	580001  
580249	[71]	:	Key	71	UP	at	580249  
581777	[1528]	:	Key	71	DOWN	at	581777  
585079	[3302]	:	Key	71	UP	at	581993  
585585	[506]	:	Key	71	DOWN	at	585585  
588875	[3290]	:	Key	71	UP	at	585745  
588877	[2]	:	Key	71	DOWN	at	588601  
588878	[1]	:	Key	71	UP	at	588809  
589809	[931]	:	Key	71	DOWN	at	589809  
593106	[3297]	:	Key	71	UP	at	589977  
594106	[1000]	:	Key	71	DOWN	at	594106  
597408	[3302]	:	Key	71	UP	at	594273  
597408	[0]	:	Key	71	DOWN	at	597257  
597489	[81]	:	Key	71	UP	at	597489  
598921	[1432]	:	Key	71	DOWN	at	598921  
602826	[3905]	:	Key	71	UP	at	599153  
604265	[1439]	:	Key	71	DOWN	at	604265  
605309	[1044]	:	Key	71	UP	at	604473  
606513	[1204]	:	Key	97	DOWN	at	606513  
607624	[1111]	:	Key	97	UP	at	606689  
608665	[1041]	:	Key	98	DOWN	at	608665  
609785	[1120]	:	Key	98	UP	at	608881  
611442	[1657]	:	Key	98	DOWN	at	611442  
612571	[1129]	:	Key	98	UP	at	611666  
613481	[910]	:	Key	97	DOWN	at	613481  
614614	[1133]	:	Key	97	UP	at	613633  
615473	[859]	:	Key	98	DOWN	at	615473  
616596	[1123]	:	Key	98	UP	at	615681  
617961	[1365]	:	Key	97	DOWN	at	617961  
619093	[1132]	:	Key	97	UP	at	618161  
620233	[1140]	:	Key	97	DOWN	at	620233  
621352	[1119]	:	Key	97	UP	at	620401  
623569	[2217]	:	Key	98	DOWN	at	623569  
625264	[1695]	:	Key	98	UP	at	623801  
634001	[8737]	:	Key	71	DOWN	at	634001  
635046	[1045]	:	Key	71	UP	at	634217  
637209	[2163]	:	Key	98	DOWN	at	637209  
638342	[1133]	:	Key	98	UP	at	637401  
639649	[1307]	:	Key	98	DOWN	at	639649  
640774	[1125]	:	Key	98	UP	at	639857  
641801	[1027]	:	Key	97	DOWN	at	641801  
642930	[1129]	:	Key	97	UP	at	642001  
644377	[1447]	:	Key	97	DOWN	at	644377  
645490	[1113]	:	Key	97	UP	at	644681  
647242	[1752]	:	Key	98	DOWN	at	647242  
648370	[1128]	:	Key	98	UP	at	647434  
650057	[1687]	:	Key	98	DOWN	at	650057  
651182	[1125]	:	Key	98	UP	at	650257  
653393	[2211]	:	Key	98	DOWN	at	653393  
654515	[1122]	:	Key	98	UP	at	653585  
655585	[1070]	:	Key	97	DOWN	at	655585  
656775	[1190]	:	Key	97	UP	at	655737  
660737	[3962]	:	Key	71	DOWN	at	660737  
661067	[330]	:	Key	71	UP	at	660921  
661777	[710]	:	Key	71	DOWN	at	661777  
661985	[208]	:	Key	71	UP	at	661985  
663130	[1145]	:	Key	71	DOWN	at	663130  
666433	[3303]	:	Key	71	UP	at	663354  
667049	[616]	:	Key	71	DOWN	at	667049  
670339	[3290]	:	Key	71	UP	at	667233  
670945	[606]	:	Key	71	DOWN	at	670945  
674235	[3290]	:	Key	71	UP	at	671145  
675041	[806]	:	Key	71	DOWN	at	675041  
678329	[3288]	:	Key	71	UP	at	675233  
679249	[920]	:	Key	71	DOWN	at	679249  
682550	[3301]	:	Key	71	UP	at	679449  
683041	[491]	:	Key	71	DOWN	at	683041  
686340	[3299]	:	Key	71	UP	at	683234  
686777	[437]	:	Key	71	DOWN	at	686777  
690077	[3300]	:	Key	71	UP	at	686969  
690449	[372]	:	Key	71	DOWN	at	690449  
694364	[3915]	:	Key	71	UP	at	690673  
697737	[3373]	:	Key	71	DOWN	at	697737  
698779	[1042]	:	Key	71	UP	at	697970  
699865	[1086]	:	Key	98	DOWN	at	699865  
700983	[1118]	:	Key	98	UP	at	700098  
702041	[1058]	:	Key	97	DOWN	at	702041  
703163	[1122]	:	Key	97	UP	at	702201  
704449	[1286]	:	Key	97	DOWN	at	704449  
705583	[1134]	:	Key	97	UP	at	704609  
706913	[1330]	:	Key	97	DOWN	at	706913  
708011	[1098]	:	Key	97	UP	at	707065  
709681	[1670]	:	Key	97	DOWN	at	709681  
710788	[1107]	:	Key	97	UP	at	709841  
712865	[2077]	:	Key	97	DOWN	at	712865  
713952	[1087]	:	Key	97	UP	at	713057  
715386	[1434]	:	Key	97	DOWN	at	715386  
716482	[1096]	:	Key	97	UP	at	715522  
717681	[1199]	:	Key	97	DOWN	at	717681  
719334	[1653]	:	Key	97	UP	at	717849  
720545	[1211]	:	Key	71	DOWN	at	720545  
721563	[1018]	:	Key	71	UP	at	720761  
722969	[1406]	:	Key	97	DOWN	at	722969  
724089	[1120]	:	Key	97	UP	at	723145  
725121	[1032]	:	Key	98	DOWN	at	725121  
726240	[1119]	:	Key	98	UP	at	725329  
727337	[1097]	:	Key	97	DOWN	at	727337  
728478	[1141]	:	Key	97	UP	at	727465  
729961	[1483]	:	Key	98	DOWN	at	729961  
731060	[1099]	:	Key	98	UP	at	730161  
732489	[1429]	:	Key	98	DOWN	at	732489  
733617	[1128]	:	Key	98	UP	at	732633  
735202	[1585]	:	Key	97	DOWN	at	735202  
736323	[1121]	:	Key	97	UP	at	735322  
737865	[1542]	:	Key	98	DOWN	at	737865  
738997	[1132]	:	Key	98	UP	at	738033  
740129	[1132]	:	Key	97	DOWN	at	740129  
741329	[1200]	:	Key	97	UP	at	740273  
743081	[1752]	:	Key	71	DOWN	at	743081  
743394	[313]	:	Key	71	UP	at	743265  
763481	[20087]	:	Key	71	DOWN	at	763481  
763681	[200]	:	Key	71	UP	at	763681  
765801	[2120]	:	Key	71	DOWN	at	765801  
765953	[152]	:	Key	71	UP	at	765953  
772313	[6360]	:	Key	97	DOWN	at	772313  
772473	[160]	:	Key	97	UP	at	772402  
785858	[13385]	:	Key	97	DOWN	at	785858  
785986	[128]	:	Key	97	UP	at	785986  
831081	[45095]	:	Key	97	DOWN	at	831081  
831297	[216]	:	Key	97	UP	at	831297  
848017	[16720]	:	Key	97	DOWN	at	848017  
848217	[200]	:	Key	97	UP	at	848217  
863913	[15696]	:	Key	97	DOWN	at	863913  
864145	[232]	:	Key	97	UP	at	864145  
914337	[50192]	:	Key	98	DOWN	at	914337  
914433	[96]	:	Key	98	UP	at	914433  
914777	[344]	:	Key	98	DOWN	at	914777  
914873	[96]	:	Key	98	UP	at	914849  
915401	[528]	:	Key	98	DOWN	at	915401  
915476	[75]	:	Key	98	UP	at	915473  
916481	[1005]	:	Key	98	DOWN	at	916481  
916569	[88]	:	Key	98	UP	at	916553  
918681	[2112]	:	Key	97	DOWN	at	918681  
918865	[184]	:	Key	97	UP	at	918865  
958993	[40128]	:	Key	97	DOWN	at	958993  
959241	[248]	:	Key	97	UP	at	959241  
960546	[1305]	:	Key	98	DOWN	at	960546  
960706	[160]	:	Key	98	UP	at	960706  
970305	[9599]	:	Key	97	DOWN	at	970305  
970513	[208]	:	Key	97	UP	at	970513  
992553	[22040]	:	Key	97	DOWN	at	992553  
992673	[120]	:	Key	97	UP	at	992673  
1010113	[17440]	:	Key	97	DOWN	at	1010113 
1010297	[184]	:	Key	97	UP	at	1010297 
1019218	[8921]	:	Key	97	DOWN	at	1019218 
1019417	[199]	:	Key	97	UP	at	1019417 
1024752	[5335]	:	Key	97	DOWN	at	1024752 
1024936	[184]	:	Key	97	UP	at	1024936 
1037082	[12146]	:	Key	98	DOWN	at	1037082 
1037362	[280]	:	Key	98	UP	at	1037362 
1052106	[14744]	:	Key	97	DOWN	at	1052106 
1052306	[200]	:	Key	97	UP	at	1052306 
1064809	[12503]	:	Key	97	DOWN	at	1064809 
1065025	[216]	:	Key	97	UP	at	1065025 
1146065	[81040]	:	Key	97	DOWN	at	1146065 
1146249	[184]	:	Key	97	UP	at	1146249 
1154690	[8441]	:	Key	97	DOWN	at	1154690 
1154858	[168]	:	Key	97	UP	at	1154858 
1165193	[10335]	:	Key	97	DOWN	at	1165193 
1165385	[192]	:	Key	97	UP	at	1165385 
1176834	[11449]	:	Key	97	DOWN	at	1176834 
1177034	[200]	:	Key	97	UP	at	1177034 
1192594	[15560]	:	Key	97	DOWN	at	1192594 
1192810	[216]	:	Key	97	UP	at	1192810 
1201041	[8231]	:	Key	97	DOWN	at	1201041 
1201265	[224]	:	Key	97	UP	at	1201265 
1217793	[16528]	:	Key	97	DOWN	at	1217793 
1218026	[233]	:	Key	97	UP	at	1218025 
1278258	[60232]	:	Key	97	DOWN	at	1278258 
1278466	[208]	:	Key	97	UP	at	1278466 
1418786	[140320]	:	Key	97	DOWN	at	1418786 
1418922	[136]	:	Key	97	UP	at	1418922 
1441010	[22088]	:	Key	97	DOWN	at	1441010 
1441194	[184]	:	Key	97	UP	at	1441194 
1454042	[12848]	:	Key	97	DOWN	at	1454042 
1454218	[176]	:	Key	97	UP	at	1454218 
1490218	[36000]	:	Key	97	DOWN	at	1490218 
1491218	[1000]	:	Key	97	UP	at	1490410 
1495946	[4728]	:	Key	71	DOWN	at	1495946 
1496249	[303]	:	Key	71	UP	at	1496154 
1497594	[1345]	:	Key	71	DOWN	at	1497594 
1705530	[207936]	:	Key	71	DOWN	at	1705530 
1705802	[272]	:	Key	71	UP	at	1705802 
1708050	[2248]	:	Key	71	DOWN	at	1708050 
2485939	[777889]	:	Key	97	DOWN	at	2485939 
2486939	[1000]	:	Key	97	UP	at	2486131 
2489099	[2160]	:	Key	71	DOWN	at	2489099 
3255491	[766392]	:	Key	97	DOWN	at	3255491 
3256491	[1000]	:	Key	97	UP	at	3255651 
3257283	[792]	:	Key	71	DOWN	at	3257283 
4445948	[1188665]	:	Key	97	DOWN	at	4445948 
4446948	[1000]	:	Key	97	UP	at	4446108 
4447900	[952]	:	Key	71	DOWN	at	4447900 
5457413	[1009513]	:	Key	97	DOWN	at	5457413 
5458413	[1000]	:	Key	97	UP	at	5457605 
5459525	[1112]	:	Key	71	DOWN	at	5459525 
6188974	[729449]	:	Key	71	DOWN	at	6188974 
6189037	[63]	:	COGENT STOP
