Cog2000 log file Sat Dec 05 23:49:54 2020
gprim v1.33 Compiled:Aug 12 2015 (GLib DirectDraw v7 DX12.0 Compiled:Aug 12 2015)
Display:1024x768x32 60.01Hz
Attaching C:\Sahar Rajabi\Final MBMF+Drug Task\Cogent2000v1.33\Toolbox\CogInput.mexw64
CogInput v1.05 Compiled: May 20 2010
5	[5]	:	COGENT START
59828	[59823]	:	Key	97	DOWN	at	59827   
59965	[137]	:	Key	97	UP	at	59963   
65587	[5622]	:	Key	97	DOWN	at	65587   
65716	[129]	:	Key	97	UP	at	65716   
141474	[75758]	:	Key	71	DOWN	at	141474  
141659	[185]	:	Key	71	UP	at	141659  
145060	[3401]	:	Key	71	DOWN	at	145060  
145316	[256]	:	Key	71	UP	at	145315  
145811	[495]	:	Key	97	DOWN	at	145811  
146811	[1000]	:	Key	97	UP	at	145986  
151157	[4346]	:	Key	71	DOWN	at	151156  
151348	[191]	:	Key	71	UP	at	151347  
154075	[2727]	:	Key	71	DOWN	at	154075  
157490	[3415]	:	Key	71	UP	at	154267  
158811	[1321]	:	Key	71	DOWN	at	158811  
162128	[3317]	:	Key	71	UP	at	159124  
162924	[796]	:	Key	71	DOWN	at	162923  
166236	[3312]	:	Key	71	UP	at	163211  
166956	[720]	:	Key	71	DOWN	at	166956  
170267	[3311]	:	Key	71	UP	at	167258  
171091	[824]	:	Key	71	DOWN	at	171091  
174404	[3313]	:	Key	71	UP	at	171380  
175578	[1174]	:	Key	71	DOWN	at	175578  
178886	[3308]	:	Key	71	UP	at	175820  
180372	[1486]	:	Key	71	DOWN	at	180371  
183676	[3304]	:	Key	71	UP	at	180588  
184916	[1240]	:	Key	71	DOWN	at	184915  
188222	[3306]	:	Key	71	UP	at	185140  
189908	[1686]	:	Key	71	DOWN	at	189908  
193219	[3311]	:	Key	71	UP	at	190172  
195516	[2297]	:	Key	71	DOWN	at	195515  
198822	[3306]	:	Key	71	UP	at	195771  
200211	[1389]	:	Key	71	DOWN	at	200211  
203518	[3307]	:	Key	71	UP	at	200428  
204578	[1060]	:	Key	71	DOWN	at	204578  
207887	[3309]	:	Key	71	UP	at	204803  
208677	[790]	:	Key	71	DOWN	at	208676  
211984	[3307]	:	Key	71	UP	at	208892  
213419	[1435]	:	Key	71	DOWN	at	213419  
216732	[3313]	:	Key	71	UP	at	213619  
216733	[1]	:	Key	71	DOWN	at	216396  
216734	[1]	:	Key	71	UP	at	216643  
218500	[1766]	:	Key	71	DOWN	at	218499  
221809	[3309]	:	Key	71	UP	at	218748  
222883	[1074]	:	Key	71	DOWN	at	222883  
226193	[3310]	:	Key	71	UP	at	223107  
227403	[1210]	:	Key	71	DOWN	at	227403  
230711	[3308]	:	Key	71	UP	at	227626  
231907	[1196]	:	Key	71	DOWN	at	231907  
235216	[3309]	:	Key	71	UP	at	232140  
236163	[947]	:	Key	71	DOWN	at	236163  
239468	[3305]	:	Key	71	UP	at	236395  
242563	[3095]	:	Key	71	DOWN	at	242563  
245872	[3309]	:	Key	71	UP	at	242891  
246452	[580]	:	Key	71	DOWN	at	246452  
249758	[3306]	:	Key	71	UP	at	246788  
261843	[12085]	:	Key	71	DOWN	at	261843  
265148	[3305]	:	Key	71	UP	at	262011  
271437	[6289]	:	Key	71	DOWN	at	271436  
274748	[3311]	:	Key	71	UP	at	271772  
275429	[681]	:	Key	71	DOWN	at	275428  
278738	[3309]	:	Key	71	UP	at	275675  
281611	[2873]	:	Key	71	DOWN	at	281611  
284920	[3309]	:	Key	71	UP	at	281820  
296324	[11404]	:	Key	71	DOWN	at	296324  
299637	[3313]	:	Key	71	UP	at	296507  
301643	[2006]	:	Key	71	DOWN	at	301643  
304945	[3302]	:	Key	71	UP	at	301843  
305661	[716]	:	Key	71	DOWN	at	305660  
308968	[3307]	:	Key	71	UP	at	305972  
310964	[1996]	:	Key	71	DOWN	at	310963  
314273	[3309]	:	Key	71	UP	at	311131  
315916	[1643]	:	Key	71	DOWN	at	315915  
319224	[3308]	:	Key	71	UP	at	316083  
320603	[1379]	:	Key	71	DOWN	at	320603  
323913	[3310]	:	Key	71	UP	at	320796  
323914	[1]	:	Key	71	DOWN	at	323371  
323915	[1]	:	Key	71	UP	at	323467  
325068	[1153]	:	Key	71	DOWN	at	325068  
328379	[3311]	:	Key	71	UP	at	325243  
329892	[1513]	:	Key	71	DOWN	at	329891  
333203	[3311]	:	Key	71	UP	at	330075  
334692	[1489]	:	Key	71	DOWN	at	334691  
338000	[3308]	:	Key	71	UP	at	335076  
338565	[565]	:	Key	71	DOWN	at	338564  
341873	[3308]	:	Key	71	UP	at	338859  
345019	[3146]	:	Key	71	DOWN	at	345019  
348329	[3310]	:	Key	71	UP	at	345244  
349499	[1170]	:	Key	71	DOWN	at	349499  
352805	[3306]	:	Key	71	UP	at	349803  
353365	[560]	:	Key	71	DOWN	at	353364  
356674	[3309]	:	Key	71	UP	at	353683  
357515	[841]	:	Key	71	DOWN	at	357515  
360826	[3311]	:	Key	71	UP	at	357763  
363572	[2746]	:	Key	71	DOWN	at	363571  
366880	[3308]	:	Key	71	UP	at	363772  
370492	[3612]	:	Key	71	DOWN	at	370492  
373801	[3309]	:	Key	71	UP	at	370811  
374605	[804]	:	Key	71	DOWN	at	374604  
377916	[3311]	:	Key	71	UP	at	374915  
379020	[1104]	:	Key	71	DOWN	at	379020  
382330	[3310]	:	Key	71	UP	at	379387  
382331	[1]	:	Key	71	DOWN	at	381572  
382332	[1]	:	Key	71	UP	at	381996  
382964	[632]	:	Key	71	DOWN	at	382963  
386273	[3309]	:	Key	71	UP	at	383276  
387196	[923]	:	Key	71	DOWN	at	387195  
390507	[3311]	:	Key	71	UP	at	387524  
391460	[953]	:	Key	71	DOWN	at	391460  
394769	[3309]	:	Key	71	UP	at	391627  
395331	[562]	:	Key	71	DOWN	at	395331  
398642	[3311]	:	Key	71	UP	at	395604  
399220	[578]	:	Key	71	DOWN	at	399219  
403182	[3962]	:	Key	71	UP	at	399484  
405987	[2805]	:	Key	71	DOWN	at	405987  
407038	[1051]	:	Key	71	UP	at	406348  
408411	[1373]	:	Key	97	DOWN	at	408411  
409522	[1111]	:	Key	97	UP	at	408603  
410228	[706]	:	Key	97	DOWN	at	410228  
411336	[1108]	:	Key	97	UP	at	410419  
412460	[1124]	:	Key	97	DOWN	at	412459  
413577	[1117]	:	Key	97	UP	at	412668  
414668	[1091]	:	Key	98	DOWN	at	414667  
415798	[1130]	:	Key	98	UP	at	414860  
417131	[1333]	:	Key	97	DOWN	at	417131  
418253	[1122]	:	Key	97	UP	at	417331  
419363	[1110]	:	Key	97	DOWN	at	419363  
420470	[1107]	:	Key	97	UP	at	419541  
421901	[1431]	:	Key	97	DOWN	at	421900  
423016	[1115]	:	Key	97	UP	at	422060  
423957	[941]	:	Key	98	DOWN	at	423956  
425624	[1667]	:	Key	98	UP	at	424100  
427605	[1981]	:	Key	71	DOWN	at	427604  
428661	[1056]	:	Key	71	UP	at	427795  
430653	[1992]	:	Key	97	DOWN	at	430652  
431762	[1109]	:	Key	97	UP	at	430827  
432556	[794]	:	Key	97	DOWN	at	432556  
433676	[1120]	:	Key	97	UP	at	432716  
434796	[1120]	:	Key	98	DOWN	at	434796  
435919	[1123]	:	Key	98	UP	at	434964  
438003	[2084]	:	Key	97	DOWN	at	438003  
439136	[1133]	:	Key	97	UP	at	438148  
440444	[1308]	:	Key	98	DOWN	at	440444  
441559	[1115]	:	Key	98	UP	at	440596  
442412	[853]	:	Key	98	DOWN	at	442411  
443519	[1107]	:	Key	98	UP	at	442524  
444443	[924]	:	Key	97	DOWN	at	444443  
445553	[1110]	:	Key	97	UP	at	444507  
448100	[2547]	:	Key	97	DOWN	at	448099  
449267	[1167]	:	Key	97	UP	at	448244  
516700	[67433]	:	Key	97	DOWN	at	516698  
516756	[56]	:	Key	97	UP	at	516756  
517395	[639]	:	Key	71	DOWN	at	517395  
517710	[315]	:	Key	71	UP	at	517554  
521157	[3447]	:	Key	71	DOWN	at	521157  
521332	[175]	:	Key	71	UP	at	521332  
524645	[3313]	:	Key	97	DOWN	at	524645  
524772	[127]	:	Key	97	UP	at	524771  
528341	[3569]	:	Key	97	DOWN	at	528340  
528483	[142]	:	Key	97	UP	at	528483  
531293	[2810]	:	Key	97	DOWN	at	531292  
531468	[175]	:	Key	97	UP	at	531468  
536988	[5520]	:	Key	97	DOWN	at	536988  
537187	[199]	:	Key	97	UP	at	537187  
539165	[1978]	:	Key	97	DOWN	at	539164  
539341	[176]	:	Key	97	UP	at	539340  
541492	[2151]	:	Key	97	DOWN	at	541491  
541620	[128]	:	Key	97	UP	at	541620  
542835	[1215]	:	Key	97	DOWN	at	542835  
543012	[177]	:	Key	97	UP	at	543012  
545708	[2696]	:	Key	71	DOWN	at	545708  
545900	[192]	:	Key	71	UP	at	545900  
547076	[1176]	:	Key	97	DOWN	at	547076  
547277	[201]	:	Key	97	UP	at	547275  
553044	[5767]	:	Key	97	DOWN	at	553044  
553229	[185]	:	Key	97	UP	at	553228  
557597	[4368]	:	Key	97	DOWN	at	557595  
557772	[175]	:	Key	97	UP	at	557772  
559612	[1840]	:	Key	97	DOWN	at	559611  
559804	[192]	:	Key	97	UP	at	559804  
560748	[944]	:	Key	97	DOWN	at	560747  
560925	[177]	:	Key	97	UP	at	560924  
563637	[2712]	:	Key	97	DOWN	at	563636  
563805	[168]	:	Key	97	UP	at	563804  
566620	[2815]	:	Key	97	DOWN	at	566619  
566781	[161]	:	Key	97	UP	at	566780  
568685	[1904]	:	Key	97	DOWN	at	568684  
568804	[119]	:	Key	97	UP	at	568804  
569764	[960]	:	Key	97	DOWN	at	569764  
569939	[175]	:	Key	97	UP	at	569939  
594260	[24321]	:	Key	71	DOWN	at	594260  
594411	[151]	:	Key	71	UP	at	594411  
595533	[1122]	:	Key	97	DOWN	at	595532  
595715	[182]	:	Key	97	UP	at	595715  
599499	[3784]	:	Key	97	DOWN	at	599499  
599643	[144]	:	Key	97	UP	at	599643  
612828	[13185]	:	Key	71	DOWN	at	612827  
613260	[432]	:	Key	71	UP	at	613259  
614035	[775]	:	Key	97	DOWN	at	614035  
614188	[153]	:	Key	97	UP	at	614187  
622405	[8217]	:	Key	97	DOWN	at	622404  
623405	[1000]	:	Key	97	UP	at	622572  
629180	[5775]	:	Key	71	DOWN	at	629179  
629476	[296]	:	Key	71	UP	at	629372  
630268	[792]	:	Key	71	DOWN	at	630267  
735181	[104913]	:	Key	71	DOWN	at	735180  
735283	[102]	:	Key	71	UP	at	735221  
735403	[120]	:	Key	71	DOWN	at	735403  
1467357	[731954]	:	Key	97	DOWN	at	1467357 
1468357	[1000]	:	Key	97	UP	at	1467557 
1468458	[101]	:	Key	97	DOWN	at	1468445 
1468725	[267]	:	Key	97	UP	at	1468724 
1470541	[1816]	:	Key	71	DOWN	at	1470541 
2331590	[861049]	:	Key	100	DOWN	at	2331590 
2331765	[175]	:	Key	100	UP	at	2331765 
2332751	[986]	:	Key	97	DOWN	at	2332750 
2333750	[999]	:	Key	97	UP	at	2332909 
2335021	[1271]	:	Key	71	DOWN	at	2335021 
3054952	[719931]	:	Key	97	DOWN	at	3054951 
3055952	[1000]	:	Key	97	UP	at	3055111 
3057711	[1759]	:	Key	71	DOWN	at	3057711 
3940495	[882784]	:	Key	97	DOWN	at	3940495 
3941495	[1000]	:	Key	97	UP	at	3940680 
3943121	[1626]	:	Key	71	DOWN	at	3943120 
5126161	[1183040]	:	Key	71	DOWN	at	5126161 
5126188	[27]	:	COGENT STOP
