Cog2000 log file Wed Nov 18 11:09:01 2020
gprim v1.33 Compiled:Aug 12 2015 (GLib DirectDraw v7 DX10.0 Compiled:Aug 12 2015)
Display:1024x768x32 60.02Hz
Attaching E:\Sahar Rajabi\Final MBMF+Drug Task\Cogent2000v1.33\Toolbox\CogInput.mexw64
CogInput v1.05 Compiled: May 20 2010
3	[3]	:	COGENT START
55754	[55751]	:	Key	98	DOWN	at	55753   
55922	[168]	:	Key	98	UP	at	55921   
59721	[3799]	:	Key	98	DOWN	at	59721   
59905	[184]	:	Key	98	UP	at	59905   
64753	[4848]	:	Key	98	DOWN	at	64753   
64879	[126]	:	Key	98	UP	at	64879   
65881	[1002]	:	Key	97	DOWN	at	65881   
66024	[143]	:	Key	97	UP	at	66024   
69145	[3121]	:	Key	98	DOWN	at	69145   
69313	[168]	:	Key	98	UP	at	69313   
69737	[424]	:	Key	97	DOWN	at	69737   
69873	[136]	:	Key	97	UP	at	69873   
86609	[16736]	:	Key	97	DOWN	at	86609   
86719	[110]	:	Key	97	UP	at	86697   
112731	[26012]	:	Key	97	DOWN	at	112731  
113731	[1000]	:	Key	97	UP	at	112751  
131216	[17485]	:	Key	71	DOWN	at	131216  
131433	[217]	:	Key	71	UP	at	131433  
135889	[4456]	:	Key	71	DOWN	at	135889  
139290	[3401]	:	Key	71	UP	at	136090  
145017	[5727]	:	Key	71	DOWN	at	145017  
148327	[3310]	:	Key	71	UP	at	145201  
152561	[4234]	:	Key	71	DOWN	at	152561  
155863	[3302]	:	Key	71	UP	at	152738  
157967	[2104]	:	Key	71	DOWN	at	157967  
161269	[3302]	:	Key	71	UP	at	158104  
164576	[3307]	:	Key	71	DOWN	at	164576  
167879	[3303]	:	Key	71	UP	at	164745  
170330	[2451]	:	Key	71	DOWN	at	170330  
173631	[3301]	:	Key	71	UP	at	170490  
176448	[2817]	:	Key	71	DOWN	at	176448  
179716	[3268]	:	Key	71	UP	at	176609  
182129	[2413]	:	Key	71	DOWN	at	182129  
185433	[3304]	:	Key	71	UP	at	182321  
196417	[10984]	:	Key	71	DOWN	at	196417  
199717	[3300]	:	Key	71	UP	at	196570  
200840	[1123]	:	Key	71	DOWN	at	200840  
204141	[3301]	:	Key	71	UP	at	201040  
205337	[1196]	:	Key	71	DOWN	at	205337  
208638	[3301]	:	Key	71	UP	at	205506  
208640	[2]	:	Key	71	DOWN	at	208338  
208641	[1]	:	Key	71	UP	at	208482  
216352	[7711]	:	Key	71	DOWN	at	216352  
219621	[3269]	:	Key	71	UP	at	216472  
220330	[709]	:	Key	71	DOWN	at	220330  
223619	[3289]	:	Key	71	UP	at	220410  
224872	[1253]	:	Key	71	DOWN	at	224872  
228171	[3299]	:	Key	71	UP	at	225042  
230385	[2214]	:	Key	71	DOWN	at	230385  
233685	[3300]	:	Key	71	UP	at	230578  
235080	[1395]	:	Key	71	DOWN	at	235080  
238379	[3299]	:	Key	71	UP	at	235234  
240354	[1975]	:	Key	71	DOWN	at	240354  
243655	[3301]	:	Key	71	UP	at	240522  
250601	[6946]	:	Key	71	DOWN	at	250601  
253900	[3299]	:	Key	71	UP	at	250785  
265041	[11141]	:	Key	71	DOWN	at	265041  
268343	[3302]	:	Key	71	UP	at	265186  
269512	[1169]	:	Key	71	DOWN	at	269512  
272813	[3301]	:	Key	71	UP	at	269673  
272813	[0]	:	Key	71	DOWN	at	272609  
272813	[0]	:	Key	71	UP	at	272769  
278201	[5388]	:	Key	71	DOWN	at	278201  
281502	[3301]	:	Key	71	UP	at	278354  
281504	[2]	:	Key	71	DOWN	at	281218  
281505	[1]	:	Key	71	UP	at	281418  
284681	[3176]	:	Key	71	DOWN	at	284681  
287972	[3291]	:	Key	71	UP	at	284850  
293039	[5067]	:	Key	71	DOWN	at	293039  
296340	[3301]	:	Key	71	UP	at	293065  
302465	[6125]	:	Key	71	DOWN	at	302465  
305760	[3295]	:	Key	71	UP	at	302618  
309297	[3537]	:	Key	71	DOWN	at	309297  
312588	[3291]	:	Key	71	UP	at	309450  
319609	[7021]	:	Key	71	DOWN	at	319609  
322911	[3302]	:	Key	71	UP	at	319770  
325249	[2338]	:	Key	71	DOWN	at	325249  
328551	[3302]	:	Key	71	UP	at	325410  
329744	[1193]	:	Key	71	DOWN	at	329744  
333044	[3300]	:	Key	71	UP	at	329873  
336337	[3293]	:	Key	71	DOWN	at	336337  
339639	[3302]	:	Key	71	UP	at	336522  
342186	[2547]	:	Key	71	DOWN	at	342186  
345466	[3280]	:	Key	71	UP	at	342346  
345466	[0]	:	Key	71	DOWN	at	345058  
345466	[0]	:	Key	71	UP	at	345242  
352025	[6559]	:	Key	71	DOWN	at	352025  
355327	[3302]	:	Key	71	UP	at	352524  
358585	[3258]	:	Key	71	DOWN	at	358585  
361889	[3304]	:	Key	71	UP	at	358697  
361891	[2]	:	Key	71	DOWN	at	361426  
361892	[1]	:	Key	71	UP	at	361578  
370729	[8837]	:	Key	71	DOWN	at	370729  
374032	[3303]	:	Key	71	UP	at	370906  
376729	[2697]	:	Key	71	DOWN	at	376729  
380020	[3291]	:	Key	71	UP	at	376898  
386649	[6629]	:	Key	71	DOWN	at	386649  
389953	[3304]	:	Key	71	UP	at	386794  
412716	[22763]	:	Key	71	DOWN	at	412716  
416017	[3301]	:	Key	71	UP	at	412736  
416019	[2]	:	Key	71	DOWN	at	415802  
416020	[1]	:	Key	71	UP	at	415954  
431113	[15093]	:	Key	71	DOWN	at	431113  
434416	[3303]	:	Key	71	UP	at	431186  
438777	[4361]	:	Key	71	DOWN	at	438777  
442077	[3300]	:	Key	71	UP	at	438930  
446617	[4540]	:	Key	71	DOWN	at	446617  
449918	[3301]	:	Key	71	UP	at	446770  
453793	[3875]	:	Key	71	DOWN	at	453793  
457094	[3301]	:	Key	71	UP	at	453930  
457096	[2]	:	Key	71	DOWN	at	456842  
457097	[1]	:	Key	71	UP	at	457010  
458144	[1047]	:	Key	71	DOWN	at	458144  
461444	[3300]	:	Key	71	UP	at	458338  
461446	[2]	:	Key	71	DOWN	at	459522  
461447	[1]	:	Key	71	UP	at	459705  
461448	[1]	:	Key	71	DOWN	at	460562  
461449	[1]	:	Key	71	UP	at	460746  
471849	[10400]	:	Key	71	DOWN	at	471849  
475139	[3290]	:	Key	71	UP	at	471978  
475141	[2]	:	Key	71	DOWN	at	474736  
475142	[1]	:	Key	71	UP	at	474882  
477481	[2339]	:	Key	71	DOWN	at	477481  
480778	[3297]	:	Key	71	UP	at	477610  
480780	[2]	:	Key	71	DOWN	at	480362  
480781	[1]	:	Key	71	UP	at	480522  
482722	[1941]	:	Key	71	DOWN	at	482722  
486027	[3305]	:	Key	71	UP	at	482883  
486028	[1]	:	Key	71	DOWN	at	484211  
486029	[1]	:	Key	71	UP	at	484337  
486030	[1]	:	Key	71	DOWN	at	485378  
486031	[1]	:	Key	71	UP	at	485490  
492785	[6754]	:	Key	71	DOWN	at	492785  
496089	[3304]	:	Key	71	UP	at	492922  
496091	[2]	:	Key	71	DOWN	at	495458  
496092	[1]	:	Key	71	UP	at	495633  
497601	[1509]	:	Key	71	DOWN	at	497601  
500906	[3305]	:	Key	71	UP	at	497698  
500908	[2]	:	Key	71	DOWN	at	499042  
500909	[1]	:	Key	71	UP	at	499186  
500910	[1]	:	Key	71	DOWN	at	500107  
500911	[1]	:	Key	71	UP	at	500227  
504954	[4043]	:	Key	71	DOWN	at	504954  
508258	[3304]	:	Key	71	UP	at	505106  
508260	[2]	:	Key	71	DOWN	at	506066  
508261	[1]	:	Key	71	UP	at	506194  
508262	[1]	:	Key	71	DOWN	at	507602  
508263	[1]	:	Key	71	UP	at	507722  
513505	[5242]	:	Key	71	DOWN	at	513505  
517515	[4010]	:	Key	71	UP	at	513698  
517515	[0]	:	Key	71	DOWN	at	514394  
517517	[2]	:	Key	71	UP	at	514506  
517517	[0]	:	Key	71	DOWN	at	515866  
517517	[0]	:	Key	71	UP	at	515986  
539873	[22356]	:	Key	71	DOWN	at	539873  
540894	[1021]	:	Key	71	UP	at	540010  
542489	[1595]	:	Key	97	DOWN	at	542489  
543620	[1131]	:	Key	97	UP	at	542626  
544920	[1300]	:	Key	98	DOWN	at	544920  
546046	[1126]	:	Key	98	UP	at	545032  
548155	[2109]	:	Key	97	DOWN	at	548155  
549292	[1137]	:	Key	97	UP	at	548156  
551249	[1957]	:	Key	97	DOWN	at	551249  
552380	[1131]	:	Key	97	UP	at	551395  
554322	[1942]	:	Key	97	DOWN	at	554322  
555466	[1144]	:	Key	97	UP	at	554466  
558689	[3223]	:	Key	97	DOWN	at	558689  
559816	[1127]	:	Key	97	UP	at	558850  
562105	[2289]	:	Key	98	DOWN	at	562105  
563239	[1134]	:	Key	98	UP	at	562524  
564265	[1026]	:	Key	97	DOWN	at	564265  
566002	[1737]	:	Key	97	UP	at	564408  
578609	[12607]	:	Key	71	DOWN	at	578609  
579654	[1045]	:	Key	71	UP	at	578754  
581929	[2275]	:	Key	98	DOWN	at	581929  
583060	[1131]	:	Key	98	UP	at	582082  
587050	[3990]	:	Key	97	DOWN	at	587050  
588181	[1131]	:	Key	97	UP	at	587195  
590402	[2221]	:	Key	98	DOWN	at	590402  
591527	[1125]	:	Key	98	UP	at	590554  
595513	[3986]	:	Key	97	DOWN	at	595513  
596631	[1118]	:	Key	97	UP	at	595577  
602657	[6026]	:	Key	97	DOWN	at	602657  
603799	[1142]	:	Key	97	UP	at	602809  
605978	[2179]	:	Key	97	DOWN	at	605978  
607124	[1146]	:	Key	97	UP	at	606138  
610617	[3493]	:	Key	97	DOWN	at	610617  
611740	[1123]	:	Key	97	UP	at	610754  
614057	[2317]	:	Key	97	DOWN	at	614057  
615254	[1197]	:	Key	97	UP	at	614184  
633832	[18578]	:	Key	71	DOWN	at	633832  
634152	[320]	:	Key	71	UP	at	633944  
636617	[2465]	:	Key	71	DOWN	at	636617  
636777	[160]	:	Key	71	UP	at	636777  
638011	[1234]	:	Key	71	DOWN	at	638011  
641313	[3302]	:	Key	71	UP	at	638031  
641315	[2]	:	Key	71	DOWN	at	639201  
641316	[1]	:	Key	71	UP	at	639363  
645249	[3933]	:	Key	71	DOWN	at	645249  
648551	[3302]	:	Key	71	UP	at	645314  
649857	[1306]	:	Key	71	DOWN	at	649857  
653157	[3300]	:	Key	71	UP	at	650002  
654577	[1420]	:	Key	71	DOWN	at	654577  
657876	[3299]	:	Key	71	UP	at	654745  
659730	[1854]	:	Key	71	DOWN	at	659730  
663029	[3299]	:	Key	71	UP	at	659810  
664185	[1156]	:	Key	71	DOWN	at	664185  
667487	[3302]	:	Key	71	UP	at	664250  
668369	[882]	:	Key	71	DOWN	at	668369  
671666	[3297]	:	Key	71	UP	at	668530  
673498	[1832]	:	Key	71	DOWN	at	673498  
676799	[3301]	:	Key	71	UP	at	673585  
685113	[8314]	:	Key	71	DOWN	at	685113  
688412	[3299]	:	Key	71	UP	at	685312  
688414	[2]	:	Key	71	DOWN	at	688258  
688415	[1]	:	Key	71	UP	at	688386  
690401	[1986]	:	Key	71	DOWN	at	690401  
693702	[3301]	:	Key	71	UP	at	690600  
696274	[2572]	:	Key	71	DOWN	at	696274  
699573	[3299]	:	Key	71	UP	at	696426  
699575	[2]	:	Key	71	DOWN	at	698746  
699576	[1]	:	Key	71	UP	at	698930  
706881	[7305]	:	Key	71	DOWN	at	706881  
710185	[3304]	:	Key	71	UP	at	707010  
711306	[1121]	:	Key	71	DOWN	at	711306  
714600	[3294]	:	Key	71	UP	at	711443  
715705	[1105]	:	Key	71	DOWN	at	715705  
718984	[3279]	:	Key	71	UP	at	715833  
722625	[3641]	:	Key	71	DOWN	at	722625  
725928	[3303]	:	Key	71	UP	at	722730  
725930	[2]	:	Key	71	DOWN	at	725498  
725931	[1]	:	Key	71	UP	at	725610  
729129	[3198]	:	Key	71	DOWN	at	729129  
733028	[3899]	:	Key	71	UP	at	729322  
742057	[9029]	:	Key	71	DOWN	at	742057  
743098	[1041]	:	Key	71	UP	at	742170  
744586	[1488]	:	Key	97	DOWN	at	744586  
745715	[1129]	:	Key	97	UP	at	744731  
748569	[2854]	:	Key	98	DOWN	at	748569  
749660	[1091]	:	Key	98	UP	at	748746  
751937	[2277]	:	Key	97	DOWN	at	751937  
753069	[1132]	:	Key	97	UP	at	752065  
754537	[1468]	:	Key	97	DOWN	at	754537  
755662	[1125]	:	Key	97	UP	at	754666  
758769	[3107]	:	Key	98	DOWN	at	758769  
759892	[1123]	:	Key	98	UP	at	758929  
761283	[1391]	:	Key	97	DOWN	at	761283  
762420	[1137]	:	Key	97	UP	at	761417  
766753	[4333]	:	Key	97	DOWN	at	766753  
767890	[1137]	:	Key	97	UP	at	766889  
770745	[2855]	:	Key	97	DOWN	at	770745  
772448	[1703]	:	Key	97	UP	at	770865  
776433	[3985]	:	Key	71	DOWN	at	776433  
777473	[1040]	:	Key	71	UP	at	776594  
780250	[2777]	:	Key	98	DOWN	at	780250  
781387	[1137]	:	Key	98	UP	at	780403  
783833	[2446]	:	Key	98	DOWN	at	783833  
784963	[1130]	:	Key	98	UP	at	783970  
786617	[1654]	:	Key	97	DOWN	at	786617  
787745	[1128]	:	Key	97	UP	at	786713  
790401	[2656]	:	Key	98	DOWN	at	790401  
791530	[1129]	:	Key	98	UP	at	790602  
794241	[2711]	:	Key	98	DOWN	at	794241  
795367	[1126]	:	Key	98	UP	at	794426  
797186	[1819]	:	Key	97	DOWN	at	797186  
798317	[1131]	:	Key	97	UP	at	797281  
801194	[2877]	:	Key	98	DOWN	at	801194  
802315	[1121]	:	Key	98	UP	at	801346  
804226	[1911]	:	Key	98	DOWN	at	804226  
805458	[1232]	:	Key	98	UP	at	804394  
820122	[14664]	:	Key	71	DOWN	at	820122  
820441	[319]	:	Key	71	UP	at	820210  
850234	[29793]	:	Key	71	DOWN	at	850234  
850458	[224]	:	Key	71	UP	at	850458  
852650	[2192]	:	Key	71	DOWN	at	852650  
855953	[3303]	:	Key	71	UP	at	852788  
856978	[1025]	:	Key	71	DOWN	at	856978  
860279	[3301]	:	Key	71	UP	at	857026  
863553	[3274]	:	Key	71	DOWN	at	863553  
866850	[3297]	:	Key	71	UP	at	863674  
870330	[3480]	:	Key	71	DOWN	at	870330  
873630	[3300]	:	Key	71	UP	at	870418  
875658	[2028]	:	Key	71	DOWN	at	875658  
878959	[3301]	:	Key	71	UP	at	875810  
878959	[0]	:	Key	71	DOWN	at	877082  
878959	[0]	:	Key	71	UP	at	877226  
880408	[1449]	:	Key	71	DOWN	at	880408  
883674	[3266]	:	Key	71	UP	at	880585  
883676	[2]	:	Key	71	DOWN	at	883594  
883761	[85]	:	Key	71	UP	at	883761  
886026	[2265]	:	Key	71	DOWN	at	886026  
889329	[3303]	:	Key	71	UP	at	886219  
893761	[4432]	:	Key	71	DOWN	at	893761  
897682	[3921]	:	Key	71	UP	at	893882  
897682	[0]	:	Key	71	DOWN	at	896906  
897683	[1]	:	Key	71	UP	at	896994  
901354	[3671]	:	Key	71	DOWN	at	901354  
902405	[1051]	:	Key	71	UP	at	901490  
904666	[2261]	:	Key	97	DOWN	at	904666  
905795	[1129]	:	Key	97	UP	at	904811  
907860	[2065]	:	Key	98	DOWN	at	907860  
908987	[1127]	:	Key	98	UP	at	907880  
910513	[1526]	:	Key	98	DOWN	at	910513  
911649	[1136]	:	Key	98	UP	at	910714  
913985	[2336]	:	Key	97	DOWN	at	913985  
915090	[1105]	:	Key	97	UP	at	914096  
917449	[2359]	:	Key	97	DOWN	at	917449  
918558	[1109]	:	Key	97	UP	at	917584  
923380	[4822]	:	Key	97	DOWN	at	923380  
924511	[1131]	:	Key	97	UP	at	923497  
928361	[3850]	:	Key	97	DOWN	at	928361  
929474	[1113]	:	Key	97	UP	at	928482  
933121	[3647]	:	Key	98	DOWN	at	933121  
934790	[1669]	:	Key	98	UP	at	933282  
936306	[1516]	:	Key	71	DOWN	at	936306  
937357	[1051]	:	Key	71	UP	at	936411  
942369	[5012]	:	Key	98	DOWN	at	942369  
943482	[1113]	:	Key	98	UP	at	942522  
948305	[4823]	:	Key	98	DOWN	at	948305  
949420	[1115]	:	Key	98	UP	at	948482  
952137	[2717]	:	Key	97	DOWN	at	952137  
953240	[1103]	:	Key	97	UP	at	952240  
956554	[3314]	:	Key	98	DOWN	at	956554  
957677	[1123]	:	Key	98	UP	at	956682  
962569	[4892]	:	Key	98	DOWN	at	962569  
963700	[1131]	:	Key	98	UP	at	962730  
966593	[2893]	:	Key	98	DOWN	at	966593  
967719	[1126]	:	Key	98	UP	at	966778  
969697	[1978]	:	Key	98	DOWN	at	969697  
970834	[1137]	:	Key	98	UP	at	969866  
973442	[2608]	:	Key	97	DOWN	at	973442  
974628	[1186]	:	Key	97	UP	at	973595  
979954	[5326]	:	Key	71	DOWN	at	979954  
980276	[322]	:	Key	71	UP	at	980138  
981017	[741]	:	Key	71	DOWN	at	981017  
981193	[176]	:	Key	71	UP	at	981193  
982218	[1025]	:	Key	71	DOWN	at	982218  
985509	[3291]	:	Key	71	UP	at	982692  
988049	[2540]	:	Key	71	DOWN	at	988049  
991353	[3304]	:	Key	71	UP	at	988193  
991355	[2]	:	Key	71	DOWN	at	990921  
991356	[1]	:	Key	71	UP	at	991041  
992577	[1221]	:	Key	71	DOWN	at	992577  
995877	[3300]	:	Key	71	UP	at	992777  
997304	[1427]	:	Key	71	DOWN	at	997304  
1000604	[3300]	:	Key	71	UP	at	997464  
1001368	[764]	:	Key	71	DOWN	at	1001368 
1004656	[3288]	:	Key	71	UP	at	1001504 
1005793	[1137]	:	Key	71	DOWN	at	1005793 
1009093	[3300]	:	Key	71	UP	at	1005937 
1010993	[1900]	:	Key	71	DOWN	at	1010993 
1014294	[3301]	:	Key	71	UP	at	1011145 
1016512	[2218]	:	Key	71	DOWN	at	1016512 
1020427	[3915]	:	Key	71	UP	at	1016688 
1025777	[5350]	:	Key	71	DOWN	at	1025777 
1026819	[1042]	:	Key	71	UP	at	1025896 
1028217	[1398]	:	Key	98	DOWN	at	1028217 
1029339	[1122]	:	Key	98	UP	at	1028345 
1030167	[828]	:	Key	97	DOWN	at	1030167 
1031296	[1129]	:	Key	97	UP	at	1030304 
1033712	[2416]	:	Key	97	DOWN	at	1033712 
1034834	[1122]	:	Key	97	UP	at	1033832 
1038407	[3573]	:	Key	97	DOWN	at	1038407 
1039539	[1132]	:	Key	97	UP	at	1038512 
1042368	[2829]	:	Key	97	DOWN	at	1042368 
1043494	[1126]	:	Key	97	UP	at	1042489 
1045785	[2291]	:	Key	97	DOWN	at	1045785 
1046914	[1129]	:	Key	97	UP	at	1045944 
1049032	[2118]	:	Key	97	DOWN	at	1049032 
1050158	[1126]	:	Key	97	UP	at	1049168 
1053832	[3674]	:	Key	97	DOWN	at	1053832 
1055522	[1690]	:	Key	97	UP	at	1053960 
1056368	[846]	:	Key	71	DOWN	at	1056368 
1057409	[1041]	:	Key	71	UP	at	1056552 
1058913	[1504]	:	Key	97	DOWN	at	1058913 
1060052	[1139]	:	Key	97	UP	at	1059041 
1065744	[5692]	:	Key	98	DOWN	at	1065744 
1066878	[1134]	:	Key	98	UP	at	1065905 
1068512	[1634]	:	Key	97	DOWN	at	1068512 
1069652	[1140]	:	Key	97	UP	at	1068640 
1074008	[4356]	:	Key	98	DOWN	at	1074008 
1075114	[1106]	:	Key	98	UP	at	1074160 
1081337	[6223]	:	Key	98	DOWN	at	1081337 
1082465	[1128]	:	Key	98	UP	at	1081513 
1083952	[1487]	:	Key	97	DOWN	at	1083952 
1085078	[1126]	:	Key	97	UP	at	1084096 
1090280	[5202]	:	Key	98	DOWN	at	1090280 
1091406	[1126]	:	Key	98	UP	at	1090440 
1095441	[4035]	:	Key	97	DOWN	at	1095441 
1096643	[1202]	:	Key	97	UP	at	1095569 
1108080	[11437]	:	Key	71	DOWN	at	1108080 
1108391	[311]	:	Key	71	UP	at	1108240 
1123624	[15233]	:	Key	71	DOWN	at	1123624 
1123816	[192]	:	Key	71	UP	at	1123816 
1125152	[1336]	:	Key	71	DOWN	at	1125152 
1128450	[3298]	:	Key	71	UP	at	1125256 
1128450	[0]	:	Key	71	DOWN	at	1126696 
1128450	[0]	:	Key	71	UP	at	1126912 
1137576	[9126]	:	Key	71	DOWN	at	1137576 
1140880	[3304]	:	Key	71	UP	at	1137792 
1140880	[0]	:	Key	71	DOWN	at	1140552 
1140880	[0]	:	Key	71	UP	at	1140728 
1142032	[1152]	:	Key	71	DOWN	at	1142032 
1145299	[3267]	:	Key	71	UP	at	1142208 
1149017	[3718]	:	Key	71	DOWN	at	1149017 
1152318	[3301]	:	Key	71	UP	at	1149193 
1154696	[2378]	:	Key	71	DOWN	at	1154696 
1157996	[3300]	:	Key	71	UP	at	1154865 
1160752	[2756]	:	Key	71	DOWN	at	1160752 
1164053	[3301]	:	Key	71	UP	at	1160896 
1169481	[5428]	:	Key	71	DOWN	at	1169481 
1172783	[3302]	:	Key	71	UP	at	1169609 
1172785	[2]	:	Key	71	DOWN	at	1172544 
1172786	[1]	:	Key	71	UP	at	1172656 
1174464	[1678]	:	Key	71	DOWN	at	1174464 
1178365	[3901]	:	Key	71	UP	at	1174584 
1184281	[5916]	:	Key	71	DOWN	at	1184281 
1185317	[1036]	:	Key	71	UP	at	1184425 
1186209	[892]	:	Key	97	DOWN	at	1186209 
1187330	[1121]	:	Key	97	UP	at	1186337 
1188521	[1191]	:	Key	97	DOWN	at	1188521 
1189653	[1132]	:	Key	97	UP	at	1188640 
1190680	[1027]	:	Key	97	DOWN	at	1190680 
1191815	[1135]	:	Key	97	UP	at	1190800 
1193496	[1681]	:	Key	98	DOWN	at	1193496 
1194623	[1127]	:	Key	98	UP	at	1193664 
1195696	[1073]	:	Key	98	DOWN	at	1195696 
1196815	[1119]	:	Key	98	UP	at	1195864 
1197936	[1121]	:	Key	97	DOWN	at	1197936 
1199067	[1131]	:	Key	97	UP	at	1198065 
1200257	[1190]	:	Key	97	DOWN	at	1200257 
1201381	[1124]	:	Key	97	UP	at	1200377 
1202337	[956]	:	Key	98	DOWN	at	1202337 
1204026	[1689]	:	Key	98	UP	at	1202449 
1208624	[4598]	:	Key	71	DOWN	at	1208624 
1209662	[1038]	:	Key	71	UP	at	1208712 
1212280	[2618]	:	Key	98	DOWN	at	1212280 
1213417	[1137]	:	Key	98	UP	at	1212440 
1215977	[2560]	:	Key	97	DOWN	at	1215977 
1217087	[1110]	:	Key	97	UP	at	1216105 
1219793	[2706]	:	Key	98	DOWN	at	1219793 
1220920	[1127]	:	Key	98	UP	at	1219905 
1223889	[2969]	:	Key	98	DOWN	at	1223889 
1225003	[1114]	:	Key	98	UP	at	1224073 
1229624	[4621]	:	Key	98	DOWN	at	1229624 
1230755	[1131]	:	Key	98	UP	at	1229792 
1234577	[3822]	:	Key	98	DOWN	at	1234577 
1235708	[1131]	:	Key	98	UP	at	1234729 
1237633	[1925]	:	Key	98	DOWN	at	1237633 
1238764	[1131]	:	Key	98	UP	at	1237809 
1243232	[4468]	:	Key	97	DOWN	at	1243232 
1244409	[1177]	:	Key	97	UP	at	1243352 
1245616	[1207]	:	Key	71	DOWN	at	1245616 
1245917	[301]	:	Key	71	UP	at	1245736 
1255337	[9420]	:	Key	71	DOWN	at	1255337 
1255481	[144]	:	Key	71	UP	at	1255481 
1258977	[3496]	:	Key	71	DOWN	at	1258977 
1262278	[3301]	:	Key	71	UP	at	1259145 
1264448	[2170]	:	Key	71	DOWN	at	1264448 
1267749	[3301]	:	Key	71	UP	at	1264600 
1270185	[2436]	:	Key	71	DOWN	at	1270185 
1273487	[3302]	:	Key	71	UP	at	1270345 
1277929	[4442]	:	Key	71	DOWN	at	1277929 
1281231	[3302]	:	Key	71	UP	at	1278113 
1283592	[2361]	:	Key	71	DOWN	at	1283592 
1286893	[3301]	:	Key	71	UP	at	1283760 
1286895	[2]	:	Key	71	DOWN	at	1286137 
1286896	[1]	:	Key	71	UP	at	1286297 
1289145	[2249]	:	Key	71	DOWN	at	1289145 
1292447	[3302]	:	Key	71	UP	at	1289321 
1292449	[2]	:	Key	71	DOWN	at	1290369 
1292450	[1]	:	Key	71	UP	at	1290545 
1292451	[1]	:	Key	71	DOWN	at	1291945 
1292452	[1]	:	Key	71	UP	at	1292129 
1293513	[1061]	:	Key	71	DOWN	at	1293513 
1296819	[3306]	:	Key	71	UP	at	1293673 
1296821	[2]	:	Key	71	DOWN	at	1295001 
1296822	[1]	:	Key	71	UP	at	1295184 
1296823	[1]	:	Key	71	DOWN	at	1296145 
1296824	[1]	:	Key	71	UP	at	1296257 
1300320	[3496]	:	Key	71	DOWN	at	1300320 
1304226	[3906]	:	Key	71	UP	at	1300472 
1304226	[0]	:	Key	71	DOWN	at	1302937 
1304226	[0]	:	Key	71	UP	at	1303049 
1311321	[7095]	:	Key	71	DOWN	at	1311321 
1312373	[1052]	:	Key	71	UP	at	1311433 
1313440	[1067]	:	Key	97	DOWN	at	1313440 
1314558	[1118]	:	Key	97	UP	at	1313536 
1315376	[818]	:	Key	97	DOWN	at	1315376 
1316497	[1121]	:	Key	97	UP	at	1315496 
1317344	[847]	:	Key	97	DOWN	at	1317344 
1318478	[1134]	:	Key	97	UP	at	1317496 
1320040	[1562]	:	Key	98	DOWN	at	1320040 
1321179	[1139]	:	Key	98	UP	at	1320176 
1321929	[750]	:	Key	97	DOWN	at	1321929 
1323049	[1120]	:	Key	97	UP	at	1322089 
1323977	[928]	:	Key	98	DOWN	at	1323977 
1325111	[1134]	:	Key	98	UP	at	1324161 
1326233	[1122]	:	Key	97	DOWN	at	1326233 
1327358	[1125]	:	Key	97	UP	at	1326369 
1328217	[859]	:	Key	98	DOWN	at	1328217 
1329907	[1690]	:	Key	98	UP	at	1328385 
1334056	[4149]	:	Key	71	DOWN	at	1334056 
1335101	[1045]	:	Key	71	UP	at	1334184 
1336528	[1427]	:	Key	98	DOWN	at	1336528 
1337658	[1130]	:	Key	98	UP	at	1336640 
1339553	[1895]	:	Key	98	DOWN	at	1339553 
1340683	[1130]	:	Key	98	UP	at	1339721 
1341945	[1262]	:	Key	97	DOWN	at	1341945 
1343077	[1132]	:	Key	97	UP	at	1342097 
1344225	[1148]	:	Key	97	DOWN	at	1344225 
1345353	[1128]	:	Key	97	UP	at	1344361 
1347121	[1768]	:	Key	97	DOWN	at	1347121 
1348258	[1137]	:	Key	97	UP	at	1347248 
1349568	[1310]	:	Key	98	DOWN	at	1349568 
1350697	[1129]	:	Key	98	UP	at	1349729 
1351880	[1183]	:	Key	98	DOWN	at	1351880 
1352988	[1108]	:	Key	98	UP	at	1352040 
1354216	[1228]	:	Key	98	DOWN	at	1354216 
1355449	[1233]	:	Key	98	UP	at	1354304 
1358297	[2848]	:	Key	71	DOWN	at	1358297 
1358613	[316]	:	Key	71	UP	at	1358401 
1378041	[19428]	:	Key	97	DOWN	at	1378041 
1378175	[134]	:	Key	97	UP	at	1378161 
1398969	[20794]	:	Key	97	DOWN	at	1398969 
1399089	[120]	:	Key	97	UP	at	1399089 
1424360	[25271]	:	Key	97	DOWN	at	1424360 
1424480	[120]	:	Key	97	UP	at	1424480 
1438352	[13872]	:	Key	97	DOWN	at	1438352 
1438457	[105]	:	Key	97	UP	at	1438456 
1455928	[17471]	:	Key	97	DOWN	at	1455928 
1456046	[118]	:	Key	97	UP	at	1456024 
1487745	[31699]	:	Key	97	DOWN	at	1487745 
1487865	[120]	:	Key	97	UP	at	1487865 
1496001	[8136]	:	Key	97	DOWN	at	1496001 
1496145	[144]	:	Key	97	UP	at	1496145 
1511720	[15575]	:	Key	97	DOWN	at	1511720 
1511840	[120]	:	Key	97	UP	at	1511840 
1526688	[14848]	:	Key	97	DOWN	at	1526688 
1526792	[104]	:	Key	97	UP	at	1526792 
1547600	[20808]	:	Key	97	DOWN	at	1547600 
1547785	[185]	:	Key	97	UP	at	1547785 
1565905	[18120]	:	Key	97	DOWN	at	1565905 
1566025	[120]	:	Key	97	UP	at	1566025 
1576513	[10488]	:	Key	97	DOWN	at	1576513 
1576603	[90]	:	Key	97	UP	at	1576593 
1603049	[26446]	:	Key	97	DOWN	at	1603049 
1603177	[128]	:	Key	97	UP	at	1603177 
1613097	[9920]	:	Key	97	DOWN	at	1613097 
1613249	[152]	:	Key	97	UP	at	1613249 
1631601	[18352]	:	Key	97	DOWN	at	1631601 
1631705	[104]	:	Key	97	UP	at	1631705 
1663017	[31312]	:	Key	97	DOWN	at	1663017 
1663169	[152]	:	Key	97	UP	at	1663169 
1674801	[11632]	:	Key	97	DOWN	at	1674801 
1674977	[176]	:	Key	97	UP	at	1674977 
1707881	[32904]	:	Key	97	DOWN	at	1707881 
1707977	[96]	:	Key	97	UP	at	1707977 
1720361	[12384]	:	Key	97	DOWN	at	1720361 
1720489	[128]	:	Key	97	UP	at	1720489 
1727073	[6584]	:	Key	97	DOWN	at	1727073 
1728073	[1000]	:	Key	97	UP	at	1727241 
1737649	[9576]	:	Key	71	DOWN	at	1737649 
1737963	[314]	:	Key	71	UP	at	1737785 
1740761	[2798]	:	Key	71	DOWN	at	1740761 
1906889	[166128]	:	Key	71	DOWN	at	1906889 
1907017	[128]	:	Key	71	UP	at	1907017 
1910145	[3128]	:	Key	71	DOWN	at	1910145 
2664625	[754480]	:	Key	97	DOWN	at	2664625 
2665625	[1000]	:	Key	97	UP	at	2664761 
2670938	[5313]	:	Key	71	DOWN	at	2670938 
3306074	[635136]	:	Key	97	DOWN	at	3306074 
3307074	[1000]	:	Key	97	UP	at	3306186 
3312258	[5184]	:	Key	71	DOWN	at	3312258 
3967923	[655665]	:	Key	97	DOWN	at	3967923 
3968923	[1000]	:	Key	97	UP	at	3968059 
3972986	[4063]	:	Key	71	DOWN	at	3972986 
4607147	[634161]	:	Key	97	DOWN	at	4607147 
4608147	[1000]	:	Key	97	UP	at	4607308 
4611596	[3449]	:	Key	71	DOWN	at	4611596 
5337883	[726287]	:	Key	71	DOWN	at	5337883 
5337954	[71]	:	COGENT STOP
