Cog2000 log file Mon Nov 30 22:27:11 2020
gprim v1.33 Compiled:Aug 12 2015 (GLib DirectDraw v7 DX12.0 Compiled:Aug 12 2015)
Display:1024x768x32 60.02Hz
Attaching C:\Sahar Rajabi\Final MBMF+Drug Task\Cogent2000v1.33\Toolbox\CogInput.mexw64
CogInput v1.05 Compiled: May 20 2010
5	[5]	:	COGENT START
5209	[5204]	:	Key	97	DOWN	at	5207    
5335	[126]	:	Key	97	UP	at	5335    
5710	[375]	:	Key	97	DOWN	at	5710    
5832	[122]	:	Key	97	UP	at	5831    
8351	[2519]	:	Key	97	DOWN	at	8351    
9351	[1000]	:	Key	97	UP	at	8462    
21768	[12417]	:	Key	97	DOWN	at	21767   
21870	[102]	:	Key	97	UP	at	21870   
26232	[4362]	:	Key	71	DOWN	at	26231   
26444	[212]	:	Key	71	UP	at	26406   
28624	[2180]	:	Key	71	DOWN	at	28623   
32067	[3443]	:	Key	71	UP	at	28814   
33847	[1780]	:	Key	71	DOWN	at	33847   
37182	[3335]	:	Key	71	UP	at	34023   
40696	[3514]	:	Key	71	DOWN	at	40695   
44006	[3310]	:	Key	71	UP	at	40894   
45838	[1832]	:	Key	71	DOWN	at	45838   
49148	[3310]	:	Key	71	UP	at	46087   
49942	[794]	:	Key	71	DOWN	at	49942   
53253	[3311]	:	Key	71	UP	at	50134   
55487	[2234]	:	Key	71	DOWN	at	55486   
58798	[3311]	:	Key	71	UP	at	55638   
62664	[3866]	:	Key	71	DOWN	at	62663   
65973	[3309]	:	Key	71	UP	at	62831   
67367	[1394]	:	Key	71	DOWN	at	67366   
70676	[3309]	:	Key	71	UP	at	67535   
72438	[1762]	:	Key	71	DOWN	at	72438   
75747	[3309]	:	Key	71	UP	at	72654   
86607	[10860]	:	Key	71	DOWN	at	86607   
89916	[3309]	:	Key	71	UP	at	86752   
92830	[2914]	:	Key	71	DOWN	at	92830   
96139	[3309]	:	Key	71	UP	at	92982   
97288	[1149]	:	Key	71	DOWN	at	97287   
100599	[3311]	:	Key	71	UP	at	97503   
101559	[960]	:	Key	71	DOWN	at	101558  
104871	[3312]	:	Key	71	UP	at	101735  
105631	[760]	:	Key	71	DOWN	at	105631  
108945	[3314]	:	Key	71	UP	at	105847  
110822	[1877]	:	Key	71	DOWN	at	110822  
114131	[3309]	:	Key	71	UP	at	111039  
114888	[757]	:	Key	71	DOWN	at	114887  
118197	[3309]	:	Key	71	UP	at	115150  
119014	[817]	:	Key	71	DOWN	at	119014  
122327	[3313]	:	Key	71	UP	at	119295  
122328	[1]	:	Key	71	DOWN	at	121670  
122329	[1]	:	Key	71	UP	at	121903  
124263	[1934]	:	Key	71	DOWN	at	124262  
127574	[3311]	:	Key	71	UP	at	124487  
128255	[681]	:	Key	71	DOWN	at	128255  
131565	[3310]	:	Key	71	UP	at	128447  
131566	[1]	:	Key	71	DOWN	at	131294  
131567	[1]	:	Key	71	UP	at	131527  
135230	[3663]	:	Key	71	DOWN	at	135230  
138536	[3306]	:	Key	71	UP	at	135383  
141480	[2944]	:	Key	71	DOWN	at	141479  
144792	[3312]	:	Key	71	UP	at	141783  
146880	[2088]	:	Key	71	DOWN	at	146879  
150190	[3310]	:	Key	71	UP	at	147119  
151143	[953]	:	Key	71	DOWN	at	151142  
154452	[3309]	:	Key	71	UP	at	151383  
155295	[843]	:	Key	71	DOWN	at	155295  
158603	[3308]	:	Key	71	UP	at	155534  
158604	[1]	:	Key	71	DOWN	at	158143  
158605	[1]	:	Key	71	UP	at	158375  
159535	[930]	:	Key	71	DOWN	at	159535  
162848	[3313]	:	Key	71	UP	at	159799  
162849	[1]	:	Key	71	DOWN	at	162302  
162850	[1]	:	Key	71	UP	at	162511  
168543	[5693]	:	Key	71	DOWN	at	168543  
171855	[3312]	:	Key	71	UP	at	168750  
173254	[1399]	:	Key	71	DOWN	at	173254  
176562	[3308]	:	Key	71	UP	at	173559  
177486	[924]	:	Key	71	DOWN	at	177486  
180794	[3308]	:	Key	71	UP	at	177751  
182358	[1564]	:	Key	71	DOWN	at	182358  
185673	[3315]	:	Key	71	UP	at	182591  
186376	[703]	:	Key	71	DOWN	at	186375  
189685	[3309]	:	Key	71	UP	at	186614  
195576	[5891]	:	Key	71	DOWN	at	195575  
198888	[3312]	:	Key	71	UP	at	195767  
200359	[1471]	:	Key	71	DOWN	at	200359  
203671	[3312]	:	Key	71	UP	at	200607  
207737	[4066]	:	Key	71	DOWN	at	207736  
211048	[3311]	:	Key	71	UP	at	207951  
215112	[4064]	:	Key	71	DOWN	at	215112  
218420	[3308]	:	Key	71	UP	at	215439  
219695	[1275]	:	Key	71	DOWN	at	219695  
223002	[3307]	:	Key	71	UP	at	219927  
223003	[1]	:	Key	71	DOWN	at	221455  
223004	[1]	:	Key	71	UP	at	221615  
223766	[762]	:	Key	71	DOWN	at	223766  
227074	[3308]	:	Key	71	UP	at	223991  
228512	[1438]	:	Key	71	DOWN	at	228511  
231824	[3312]	:	Key	71	UP	at	228687  
232414	[590]	:	Key	71	DOWN	at	232414  
235720	[3306]	:	Key	71	UP	at	232606  
236256	[536]	:	Key	71	DOWN	at	236255  
239568	[3312]	:	Key	71	UP	at	236479  
239569	[1]	:	Key	71	DOWN	at	238663  
239570	[1]	:	Key	71	UP	at	238831  
242215	[2645]	:	Key	71	DOWN	at	242215  
245523	[3308]	:	Key	71	UP	at	242494  
247526	[2003]	:	Key	71	DOWN	at	247526  
250833	[3307]	:	Key	71	UP	at	247784  
250834	[1]	:	Key	71	DOWN	at	250415  
250835	[1]	:	Key	71	UP	at	250631  
255000	[4165]	:	Key	71	DOWN	at	254999  
258310	[3310]	:	Key	71	UP	at	255151  
258312	[2]	:	Key	71	DOWN	at	258136  
258313	[1]	:	Key	71	UP	at	258302  
259935	[1622]	:	Key	71	DOWN	at	259935  
263244	[3309]	:	Key	71	UP	at	260071  
270886	[7642]	:	Key	71	DOWN	at	270886  
274195	[3309]	:	Key	71	UP	at	271079  
282104	[7909]	:	Key	71	DOWN	at	282104  
285418	[3314]	:	Key	71	UP	at	282359  
286976	[1558]	:	Key	71	DOWN	at	286976  
290288	[3312]	:	Key	71	UP	at	287206  
292095	[1807]	:	Key	71	DOWN	at	292095  
295403	[3308]	:	Key	71	UP	at	292343  
297064	[1661]	:	Key	71	DOWN	at	297064  
301029	[3965]	:	Key	71	UP	at	297294  
305798	[4769]	:	Key	71	DOWN	at	305798  
306856	[1058]	:	Key	71	UP	at	306103  
308391	[1535]	:	Key	97	DOWN	at	308390  
309519	[1128]	:	Key	97	UP	at	308527  
310448	[929]	:	Key	97	DOWN	at	310447  
311561	[1113]	:	Key	97	UP	at	310583  
312847	[1286]	:	Key	97	DOWN	at	312847  
313969	[1122]	:	Key	97	UP	at	312983  
314824	[855]	:	Key	98	DOWN	at	314823  
315941	[1117]	:	Key	98	UP	at	314934  
317270	[1329]	:	Key	97	DOWN	at	317270  
318397	[1127]	:	Key	97	UP	at	317382  
319262	[865]	:	Key	97	DOWN	at	319262  
320378	[1116]	:	Key	97	UP	at	319375  
322575	[2197]	:	Key	97	DOWN	at	322575  
323692	[1117]	:	Key	97	UP	at	322703  
324975	[1283]	:	Key	98	DOWN	at	324975  
326649	[1674]	:	Key	98	UP	at	325119  
328999	[2350]	:	Key	71	DOWN	at	328999  
330046	[1047]	:	Key	71	UP	at	329206  
331817	[1771]	:	Key	97	DOWN	at	331816  
332924	[1107]	:	Key	97	UP	at	331919  
334831	[1907]	:	Key	98	DOWN	at	334831  
335956	[1125]	:	Key	98	UP	at	334975  
337112	[1156]	:	Key	98	DOWN	at	337111  
338227	[1115]	:	Key	98	UP	at	337239  
340880	[2653]	:	Key	97	DOWN	at	340880  
341986	[1106]	:	Key	97	UP	at	341014  
343344	[1358]	:	Key	98	DOWN	at	343344  
344471	[1127]	:	Key	98	UP	at	343430  
345536	[1065]	:	Key	98	DOWN	at	345535  
346645	[1109]	:	Key	98	UP	at	345679  
347718	[1073]	:	Key	97	DOWN	at	347718  
348833	[1115]	:	Key	97	UP	at	347832  
350175	[1342]	:	Key	97	DOWN	at	350175  
351366	[1191]	:	Key	97	UP	at	350294  
352591	[1225]	:	Key	71	DOWN	at	352590  
352907	[316]	:	Key	71	UP	at	352752  
353704	[797]	:	Key	71	DOWN	at	353702  
353879	[175]	:	Key	71	UP	at	353879  
354551	[672]	:	Key	71	DOWN	at	354551  
357862	[3311]	:	Key	71	UP	at	354694  
361616	[3754]	:	Key	71	DOWN	at	361615  
364929	[3313]	:	Key	71	UP	at	361863  
368687	[3758]	:	Key	71	DOWN	at	368686  
372001	[3314]	:	Key	71	UP	at	369007  
372002	[1]	:	Key	71	DOWN	at	371342  
372003	[1]	:	Key	71	UP	at	371568  
374304	[2301]	:	Key	71	DOWN	at	374303  
377613	[3309]	:	Key	71	UP	at	374519  
378367	[754]	:	Key	71	DOWN	at	378367  
381679	[3312]	:	Key	71	UP	at	378511  
383127	[1448]	:	Key	71	DOWN	at	383127  
386439	[3312]	:	Key	71	UP	at	383279  
386440	[1]	:	Key	71	DOWN	at	385911  
386441	[1]	:	Key	71	UP	at	386063  
388119	[1678]	:	Key	71	DOWN	at	388118  
391427	[3308]	:	Key	71	UP	at	388263  
395118	[3691]	:	Key	71	DOWN	at	395118  
398428	[3310]	:	Key	71	UP	at	395631  
401047	[2619]	:	Key	71	DOWN	at	401047  
404357	[3310]	:	Key	71	UP	at	401247  
404359	[2]	:	Key	71	DOWN	at	403672  
404360	[1]	:	Key	71	UP	at	403871  
410256	[5896]	:	Key	71	DOWN	at	410255  
413563	[3307]	:	Key	71	UP	at	410454  
416335	[2772]	:	Key	71	DOWN	at	416335  
419641	[3306]	:	Key	71	UP	at	416527  
419642	[1]	:	Key	71	DOWN	at	419320  
419643	[1]	:	Key	71	UP	at	419503  
421854	[2211]	:	Key	71	DOWN	at	421854  
425162	[3308]	:	Key	71	UP	at	422008  
427608	[2446]	:	Key	71	DOWN	at	427608  
430922	[3314]	:	Key	71	UP	at	427838  
431550	[628]	:	Key	71	DOWN	at	431550  
434862	[3312]	:	Key	71	UP	at	431703  
434863	[1]	:	Key	71	DOWN	at	434376  
434864	[1]	:	Key	71	UP	at	434527  
436902	[2038]	:	Key	71	DOWN	at	436902  
440212	[3310]	:	Key	71	UP	at	437112  
440213	[1]	:	Key	71	DOWN	at	439567  
440214	[1]	:	Key	71	UP	at	439743  
441848	[1634]	:	Key	71	DOWN	at	441847  
445750	[3902]	:	Key	71	UP	at	441991  
445751	[1]	:	Key	71	DOWN	at	444760  
445751	[0]	:	Key	71	UP	at	444919  
448560	[2809]	:	Key	71	DOWN	at	448560  
449602	[1042]	:	Key	71	UP	at	448734  
451135	[1533]	:	Key	97	DOWN	at	451135  
452264	[1129]	:	Key	97	UP	at	451247  
453616	[1352]	:	Key	98	DOWN	at	453616  
454736	[1120]	:	Key	98	UP	at	453719  
456072	[1336]	:	Key	97	DOWN	at	456071  
457207	[1135]	:	Key	97	UP	at	456168  
458863	[1656]	:	Key	97	DOWN	at	458862  
459971	[1108]	:	Key	97	UP	at	458991  
461056	[1085]	:	Key	97	DOWN	at	461055  
462161	[1105]	:	Key	97	UP	at	461135  
463184	[1023]	:	Key	97	DOWN	at	463183  
464291	[1107]	:	Key	97	UP	at	463320  
465856	[1565]	:	Key	97	DOWN	at	465855  
466988	[1132]	:	Key	97	UP	at	465975  
468136	[1148]	:	Key	98	DOWN	at	468135  
469803	[1667]	:	Key	98	UP	at	468327  
471312	[1509]	:	Key	71	DOWN	at	471311  
472362	[1050]	:	Key	71	UP	at	471503  
473616	[1254]	:	Key	98	DOWN	at	473616  
474739	[1123]	:	Key	98	UP	at	473688  
476063	[1324]	:	Key	97	DOWN	at	476063  
477186	[1123]	:	Key	97	UP	at	476095  
479152	[1966]	:	Key	97	DOWN	at	479151  
480282	[1130]	:	Key	97	UP	at	479230  
482327	[2045]	:	Key	98	DOWN	at	482327  
483434	[1107]	:	Key	98	UP	at	482431  
485000	[1566]	:	Key	97	DOWN	at	484999  
486128	[1128]	:	Key	97	UP	at	485112  
487294	[1166]	:	Key	97	DOWN	at	487294  
488408	[1114]	:	Key	97	UP	at	487391  
489847	[1439]	:	Key	98	DOWN	at	489847  
490972	[1125]	:	Key	98	UP	at	489975  
493487	[2515]	:	Key	97	DOWN	at	493487  
494669	[1182]	:	Key	97	UP	at	493615  
527264	[32595]	:	Key	71	DOWN	at	527263  
527590	[326]	:	Key	71	UP	at	527438  
529111	[1521]	:	Key	71	DOWN	at	529111  
529264	[153]	:	Key	71	UP	at	529263  
531992	[2728]	:	Key	71	DOWN	at	531991  
532184	[192]	:	Key	71	UP	at	532183  
535479	[3295]	:	Key	97	DOWN	at	535479  
535584	[105]	:	Key	97	UP	at	535583  
537928	[2344]	:	Key	97	DOWN	at	537927  
538040	[112]	:	Key	97	UP	at	538039  
539216	[1176]	:	Key	97	DOWN	at	539215  
539336	[120]	:	Key	97	UP	at	539335  
539687	[351]	:	Key	97	DOWN	at	539686  
539769	[82]	:	Key	97	UP	at	539758  
540008	[239]	:	Key	97	DOWN	at	540008  
540092	[84]	:	Key	97	UP	at	540056  
540263	[171]	:	Key	97	DOWN	at	540262  
540344	[81]	:	Key	97	UP	at	540343  
540735	[391]	:	Key	97	DOWN	at	540735  
540814	[79]	:	Key	97	UP	at	540799  
541103	[289]	:	Key	97	DOWN	at	541103  
541181	[78]	:	Key	97	UP	at	541167  
541713	[532]	:	Key	97	DOWN	at	541712  
541823	[110]	:	Key	97	UP	at	541823  
542129	[306]	:	Key	97	DOWN	at	542128  
542207	[78]	:	Key	97	UP	at	542199  
542560	[353]	:	Key	97	DOWN	at	542559  
542636	[76]	:	Key	97	UP	at	542615  
543208	[572]	:	Key	97	DOWN	at	543207  
543288	[80]	:	Key	97	UP	at	543288  
543808	[520]	:	Key	97	DOWN	at	543808  
543903	[95]	:	Key	97	UP	at	543902  
545112	[1209]	:	Key	97	DOWN	at	545111  
545216	[104]	:	Key	97	UP	at	545215  
546486	[1270]	:	Key	97	DOWN	at	546486  
546630	[144]	:	Key	97	UP	at	546630  
547224	[594]	:	Key	97	DOWN	at	547224  
547327	[103]	:	Key	97	UP	at	547327  
549865	[2538]	:	Key	97	DOWN	at	549864  
549967	[102]	:	Key	97	UP	at	549966  
552463	[2496]	:	Key	97	DOWN	at	552463  
552577	[114]	:	Key	97	UP	at	552576  
555480	[2903]	:	Key	97	DOWN	at	555479  
555583	[103]	:	Key	97	UP	at	555583  
560248	[4665]	:	Key	71	DOWN	at	560247  
560447	[199]	:	Key	71	UP	at	560447  
569623	[9176]	:	Key	97	DOWN	at	569623  
570623	[1000]	:	Key	97	UP	at	569791  
571711	[1088]	:	Key	71	DOWN	at	571711  
572014	[303]	:	Key	71	UP	at	571966  
582126	[10112]	:	Key	71	DOWN	at	582126  
671976	[89850]	:	Key	71	DOWN	at	671975  
672144	[168]	:	Key	71	UP	at	672143  
674048	[1904]	:	Key	71	DOWN	at	674048  
1265505	[591457]	:	Key	71	DOWN	at	1265505 
1265721	[216]	:	Key	71	UP	at	1265720 
1282320	[16599]	:	Key	97	DOWN	at	1282320 
1283321	[1001]	:	Key	97	UP	at	1282511 
1285289	[1968]	:	Key	71	DOWN	at	1285288 
1918649	[633360]	:	Key	97	DOWN	at	1918648 
1919649	[1000]	:	Key	97	UP	at	1918785 
1921400	[1751]	:	Key	71	DOWN	at	1921400 
2616851	[695451]	:	Key	97	DOWN	at	2616850 
2617851	[1000]	:	Key	97	UP	at	2616945 
2620562	[2711]	:	Key	71	DOWN	at	2620561 
3211338	[590776]	:	Key	97	DOWN	at	3211338 
3212338	[1000]	:	Key	97	UP	at	3211450 
3216106	[3768]	:	Key	71	DOWN	at	3216106 
3847643	[631537]	:	Key	71	DOWN	at	3847642 
3847684	[41]	:	COGENT STOP
