Cog2000 log file Tue Nov 24 23:22:35 2020
gprim v1.33 Compiled:Aug 12 2015 (GLib DirectDraw v7 DX12.0 Compiled:Aug 12 2015)
Display:1024x768x32 60.01Hz
Attaching C:\Sahar Rajabi\Final MBMF+Drug Task\Cogent2000v1.33\Toolbox\CogInput.mexw64
CogInput v1.05 Compiled: May 20 2010
5	[5]	:	COGENT START
52121	[52116]	:	Key	97	DOWN	at	52119   
52264	[143]	:	Key	97	UP	at	52262   
74519	[22255]	:	Key	97	DOWN	at	74518   
74638	[119]	:	Key	97	UP	at	74638   
84111	[9473]	:	Key	97	DOWN	at	84110   
85110	[999]	:	Key	97	UP	at	84254   
85112	[2]	:	Key	97	DOWN	at	84646   
85113	[1]	:	Key	97	UP	at	84759   
92278	[7165]	:	Key	71	DOWN	at	92278   
92465	[187]	:	Key	71	UP	at	92415   
94343	[1878]	:	Key	71	DOWN	at	94343   
97775	[3432]	:	Key	71	UP	at	94471   
97777	[2]	:	Key	71	DOWN	at	96110   
97778	[1]	:	Key	71	UP	at	96166   
99527	[1749]	:	Key	71	DOWN	at	99526   
102843	[3316]	:	Key	71	UP	at	99654   
102845	[2]	:	Key	71	DOWN	at	100662  
102846	[1]	:	Key	71	UP	at	100814  
102847	[1]	:	Key	71	DOWN	at	102438  
102848	[1]	:	Key	71	UP	at	102575  
104895	[2047]	:	Key	71	DOWN	at	104895  
108204	[3309]	:	Key	71	UP	at	105031  
108206	[2]	:	Key	71	DOWN	at	106030  
108208	[2]	:	Key	71	UP	at	106151  
108209	[1]	:	Key	71	DOWN	at	107879  
108210	[1]	:	Key	71	UP	at	108023  
112958	[4748]	:	Key	71	DOWN	at	112958  
116268	[3310]	:	Key	71	UP	at	113046  
118471	[2203]	:	Key	71	DOWN	at	118471  
121777	[3306]	:	Key	71	UP	at	118574  
123384	[1607]	:	Key	71	DOWN	at	123383  
126690	[3306]	:	Key	71	UP	at	123495  
127886	[1196]	:	Key	71	DOWN	at	127886  
131189	[3303]	:	Key	71	UP	at	128020  
134551	[3362]	:	Key	71	DOWN	at	134551  
137854	[3303]	:	Key	71	UP	at	134687  
137856	[2]	:	Key	71	DOWN	at	137743  
137879	[23]	:	Key	71	UP	at	137877  
139222	[1343]	:	Key	71	DOWN	at	139222  
142530	[3308]	:	Key	71	UP	at	139375  
144591	[2061]	:	Key	71	DOWN	at	144591  
147896	[3305]	:	Key	71	UP	at	144767  
149367	[1471]	:	Key	71	DOWN	at	149367  
152674	[3307]	:	Key	71	UP	at	149527  
152675	[1]	:	Key	71	DOWN	at	152295  
152676	[1]	:	Key	71	UP	at	152471  
154174	[1498]	:	Key	71	DOWN	at	154174  
157480	[3306]	:	Key	71	UP	at	154343  
159198	[1718]	:	Key	71	DOWN	at	159198  
162501	[3303]	:	Key	71	UP	at	159359  
163494	[993]	:	Key	71	DOWN	at	163494  
166801	[3307]	:	Key	71	UP	at	163647  
166802	[1]	:	Key	71	DOWN	at	166206  
166803	[1]	:	Key	71	UP	at	166319  
168743	[1940]	:	Key	71	DOWN	at	168743  
172043	[3300]	:	Key	71	UP	at	168943  
175368	[3325]	:	Key	71	DOWN	at	175367  
178676	[3308]	:	Key	71	UP	at	175511  
178678	[2]	:	Key	71	DOWN	at	178062  
178679	[1]	:	Key	71	UP	at	178206  
180239	[1560]	:	Key	71	DOWN	at	180239  
183543	[3304]	:	Key	71	UP	at	180406  
188679	[5136]	:	Key	71	DOWN	at	188678  
191991	[3312]	:	Key	71	UP	at	188846  
191999	[8]	:	Key	71	DOWN	at	191463  
192000	[1]	:	Key	71	UP	at	191599  
193824	[1824]	:	Key	71	DOWN	at	193823  
197128	[3304]	:	Key	71	UP	at	194007  
198408	[1280]	:	Key	71	DOWN	at	198407  
201712	[3304]	:	Key	71	UP	at	198590  
202807	[1095]	:	Key	71	DOWN	at	202806  
206112	[3305]	:	Key	71	UP	at	202959  
207232	[1120]	:	Key	71	DOWN	at	207231  
210538	[3306]	:	Key	71	UP	at	207399  
213903	[3365]	:	Key	71	DOWN	at	213902  
217210	[3307]	:	Key	71	UP	at	214062  
217212	[2]	:	Key	71	DOWN	at	216422  
217213	[1]	:	Key	71	UP	at	216582  
217958	[745]	:	Key	71	DOWN	at	217958  
221264	[3306]	:	Key	71	UP	at	218086  
221266	[2]	:	Key	71	DOWN	at	220375  
221267	[1]	:	Key	71	UP	at	220542  
221935	[668]	:	Key	71	DOWN	at	221935  
225240	[3305]	:	Key	71	UP	at	222144  
225241	[1]	:	Key	71	DOWN	at	223670  
225242	[1]	:	Key	71	UP	at	223751  
227862	[2620]	:	Key	71	DOWN	at	227862  
231168	[3306]	:	Key	71	UP	at	228063  
234607	[3439]	:	Key	71	DOWN	at	234607  
237915	[3308]	:	Key	71	UP	at	234798  
237917	[2]	:	Key	71	DOWN	at	236246  
237918	[1]	:	Key	71	UP	at	236407  
240296	[2378]	:	Key	71	DOWN	at	240295  
243602	[3306]	:	Key	71	UP	at	240439  
246496	[2894]	:	Key	71	DOWN	at	246495  
249802	[3306]	:	Key	71	UP	at	246647  
249804	[2]	:	Key	71	DOWN	at	249007  
249805	[1]	:	Key	71	UP	at	249255  
253287	[3482]	:	Key	71	DOWN	at	253287  
256591	[3304]	:	Key	71	UP	at	253494  
256594	[3]	:	Key	71	DOWN	at	254598  
256596	[2]	:	Key	71	UP	at	254806  
256596	[0]	:	Key	71	DOWN	at	256166  
256598	[2]	:	Key	71	UP	at	256367  
260463	[3865]	:	Key	71	DOWN	at	260463  
263772	[3309]	:	Key	71	UP	at	260671  
263774	[2]	:	Key	71	DOWN	at	261934  
263775	[1]	:	Key	71	UP	at	262119  
263776	[1]	:	Key	71	DOWN	at	263598  
263777	[1]	:	Key	71	UP	at	263735  
270326	[6549]	:	Key	71	DOWN	at	270326  
273631	[3305]	:	Key	71	UP	at	270535  
278998	[5367]	:	Key	71	DOWN	at	278998  
282303	[3305]	:	Key	71	UP	at	279191  
284351	[2048]	:	Key	71	DOWN	at	284351  
287661	[3310]	:	Key	71	UP	at	284494  
288399	[738]	:	Key	71	DOWN	at	288398  
291706	[3307]	:	Key	71	UP	at	288575  
295262	[3556]	:	Key	71	DOWN	at	295262  
298569	[3307]	:	Key	71	UP	at	295431  
299799	[1230]	:	Key	71	DOWN	at	299799  
303105	[3306]	:	Key	71	UP	at	300030  
303106	[1]	:	Key	71	DOWN	at	302871  
303107	[1]	:	Key	71	UP	at	303023  
305039	[1932]	:	Key	71	DOWN	at	305038  
308347	[3308]	:	Key	71	UP	at	305230  
308349	[2]	:	Key	71	DOWN	at	306142  
308350	[1]	:	Key	71	UP	at	306344  
308351	[1]	:	Key	71	DOWN	at	307559  
308352	[1]	:	Key	71	UP	at	307719  
309670	[1318]	:	Key	71	DOWN	at	309670  
312977	[3307]	:	Key	71	UP	at	309838  
312978	[1]	:	Key	71	DOWN	at	311998  
312979	[1]	:	Key	71	UP	at	312167  
314167	[1188]	:	Key	71	DOWN	at	314166  
317475	[3308]	:	Key	71	UP	at	314326  
317477	[2]	:	Key	71	DOWN	at	316599  
317478	[1]	:	Key	71	UP	at	316758  
320960	[3482]	:	Key	71	DOWN	at	320959  
324265	[3305]	:	Key	71	UP	at	321135  
324267	[2]	:	Key	71	DOWN	at	323895  
324268	[1]	:	Key	71	UP	at	324063  
328192	[3924]	:	Key	71	DOWN	at	328191  
331494	[3302]	:	Key	71	UP	at	328327  
334366	[2872]	:	Key	71	DOWN	at	334366  
337672	[3306]	:	Key	71	UP	at	334558  
340920	[3248]	:	Key	71	DOWN	at	340919  
344225	[3305]	:	Key	71	UP	at	341039  
345271	[1046]	:	Key	71	DOWN	at	345271  
348577	[3306]	:	Key	71	UP	at	345463  
353136	[4559]	:	Key	71	DOWN	at	353135  
356441	[3305]	:	Key	71	UP	at	353295  
374127	[17686]	:	Key	71	DOWN	at	374127  
377433	[3306]	:	Key	71	UP	at	374287  
383320	[5887]	:	Key	71	DOWN	at	383319  
387263	[3943]	:	Key	71	UP	at	383494  
406503	[19240]	:	Key	71	DOWN	at	406502  
407552	[1049]	:	Key	71	UP	at	406646  
408536	[984]	:	Key	97	DOWN	at	408535  
409645	[1109]	:	Key	97	UP	at	408680  
410887	[1242]	:	Key	97	DOWN	at	410887  
411995	[1108]	:	Key	97	UP	at	411000  
412864	[869]	:	Key	97	DOWN	at	412864  
413992	[1128]	:	Key	97	UP	at	412990  
415912	[1920]	:	Key	98	DOWN	at	415910  
417033	[1121]	:	Key	98	UP	at	416015  
417967	[934]	:	Key	97	DOWN	at	417967  
419093	[1126]	:	Key	97	UP	at	418070  
420110	[1017]	:	Key	97	DOWN	at	420110  
421231	[1121]	:	Key	97	UP	at	420198  
422735	[1504]	:	Key	97	DOWN	at	422735  
423855	[1120]	:	Key	97	UP	at	422838  
425847	[1992]	:	Key	98	DOWN	at	425847  
427527	[1680]	:	Key	98	UP	at	425998  
431584	[4057]	:	Key	71	DOWN	at	431583  
432629	[1045]	:	Key	71	UP	at	431671  
433848	[1219]	:	Key	98	DOWN	at	433847  
434960	[1112]	:	Key	98	UP	at	433974  
437830	[2870]	:	Key	97	DOWN	at	437830  
438960	[1130]	:	Key	97	UP	at	437926  
441840	[2880]	:	Key	98	DOWN	at	441839  
442947	[1107]	:	Key	98	UP	at	441943  
444552	[1605]	:	Key	97	DOWN	at	444551  
445659	[1107]	:	Key	97	UP	at	444638  
447663	[2004]	:	Key	98	DOWN	at	447663  
448793	[1130]	:	Key	98	UP	at	447799  
452064	[3271]	:	Key	98	DOWN	at	452063  
453172	[1108]	:	Key	98	UP	at	452183  
456056	[2884]	:	Key	97	DOWN	at	456055  
457163	[1107]	:	Key	97	UP	at	456159  
458774	[1611]	:	Key	97	DOWN	at	458774  
459951	[1177]	:	Key	97	UP	at	458871  
467263	[7312]	:	Key	71	DOWN	at	467262  
467578	[315]	:	Key	71	UP	at	467399  
469462	[1884]	:	Key	71	DOWN	at	469462  
469607	[145]	:	Key	71	UP	at	469607  
475175	[5568]	:	Key	71	DOWN	at	475175  
478485	[3310]	:	Key	71	UP	at	475295  
479888	[1403]	:	Key	71	DOWN	at	479888  
483192	[3304]	:	Key	71	UP	at	480071  
485103	[1911]	:	Key	71	DOWN	at	485103  
488408	[3305]	:	Key	71	UP	at	485224  
492342	[3934]	:	Key	71	DOWN	at	492342  
495652	[3310]	:	Key	71	UP	at	492519  
496799	[1147]	:	Key	71	DOWN	at	496798  
500107	[3308]	:	Key	71	UP	at	496967  
503424	[3317]	:	Key	71	DOWN	at	503423  
506727	[3303]	:	Key	71	UP	at	503591  
509399	[2672]	:	Key	71	DOWN	at	509398  
512703	[3304]	:	Key	71	UP	at	509511  
515784	[3081]	:	Key	71	DOWN	at	515783  
519094	[3310]	:	Key	71	UP	at	515967  
520408	[1314]	:	Key	71	DOWN	at	520408  
523714	[3306]	:	Key	71	UP	at	520606  
523716	[2]	:	Key	71	DOWN	at	523231  
523717	[1]	:	Key	71	UP	at	523351  
530911	[7194]	:	Key	71	DOWN	at	530911  
534217	[3306]	:	Key	71	UP	at	531030  
534219	[2]	:	Key	71	DOWN	at	532512  
534220	[1]	:	Key	71	UP	at	532679  
539104	[4884]	:	Key	71	DOWN	at	539104  
542412	[3308]	:	Key	71	UP	at	539286  
545920	[3508]	:	Key	71	DOWN	at	545920  
549225	[3305]	:	Key	71	UP	at	546079  
550384	[1159]	:	Key	71	DOWN	at	550383  
553689	[3305]	:	Key	71	UP	at	550527  
554767	[1078]	:	Key	71	DOWN	at	554767  
558077	[3310]	:	Key	71	UP	at	554911  
558079	[2]	:	Key	71	DOWN	at	557519  
558080	[1]	:	Key	71	UP	at	557686  
559008	[928]	:	Key	71	DOWN	at	559007  
562314	[3306]	:	Key	71	UP	at	559175  
562316	[2]	:	Key	71	DOWN	at	561647  
562317	[1]	:	Key	71	UP	at	561807  
564576	[2259]	:	Key	71	DOWN	at	564575  
568483	[3907]	:	Key	71	UP	at	564734  
578654	[10171]	:	Key	71	DOWN	at	578654  
579694	[1040]	:	Key	71	UP	at	578783  
580792	[1098]	:	Key	97	DOWN	at	580792  
581909	[1117]	:	Key	97	UP	at	580911  
583198	[1289]	:	Key	98	DOWN	at	583198  
584305	[1107]	:	Key	98	UP	at	583319  
585145	[840]	:	Key	97	DOWN	at	585144  
586251	[1106]	:	Key	97	UP	at	585263  
587471	[1220]	:	Key	97	DOWN	at	587471  
588596	[1125]	:	Key	97	UP	at	587591  
589464	[868]	:	Key	97	DOWN	at	589464  
590571	[1107]	:	Key	97	UP	at	589559  
592055	[1484]	:	Key	97	DOWN	at	592055  
593164	[1109]	:	Key	97	UP	at	592158  
594360	[1196]	:	Key	97	DOWN	at	594359  
595484	[1124]	:	Key	97	UP	at	594455  
596496	[1012]	:	Key	98	DOWN	at	596495  
598156	[1660]	:	Key	98	UP	at	596599  
600872	[2716]	:	Key	71	DOWN	at	600871  
601917	[1045]	:	Key	71	UP	at	600999  
604014	[2097]	:	Key	98	DOWN	at	604014  
605121	[1107]	:	Key	98	UP	at	604135  
607040	[1919]	:	Key	98	DOWN	at	607040  
608171	[1131]	:	Key	98	UP	at	607183  
610464	[2293]	:	Key	97	DOWN	at	610463  
611597	[1133]	:	Key	97	UP	at	610591  
612984	[1387]	:	Key	98	DOWN	at	612983  
614092	[1108]	:	Key	98	UP	at	613119  
616383	[2291]	:	Key	97	DOWN	at	616383  
617514	[1131]	:	Key	97	UP	at	616503  
619281	[1767]	:	Key	97	DOWN	at	619280  
620404	[1123]	:	Key	97	UP	at	619406  
621849	[1445]	:	Key	98	DOWN	at	621848  
622973	[1124]	:	Key	98	UP	at	621975  
626360	[3387]	:	Key	97	DOWN	at	626359  
627522	[1162]	:	Key	97	UP	at	626502  
628415	[893]	:	Key	71	DOWN	at	628415  
628740	[325]	:	Key	71	UP	at	628607  
629680	[940]	:	Key	71	DOWN	at	629679  
629832	[152]	:	Key	71	UP	at	629831  
634728	[4896]	:	Key	71	DOWN	at	634727  
638035	[3307]	:	Key	71	UP	at	634791  
643480	[5445]	:	Key	71	DOWN	at	643479  
646786	[3306]	:	Key	71	UP	at	643631  
649263	[2477]	:	Key	71	DOWN	at	649263  
652565	[3302]	:	Key	71	UP	at	649423  
653318	[753]	:	Key	71	DOWN	at	653318  
656627	[3309]	:	Key	71	UP	at	653495  
659367	[2740]	:	Key	71	DOWN	at	659366  
662673	[3306]	:	Key	71	UP	at	659463  
664080	[1407]	:	Key	71	DOWN	at	664078  
667385	[3305]	:	Key	71	UP	at	664279  
667387	[2]	:	Key	71	DOWN	at	666814  
667388	[1]	:	Key	71	UP	at	666911  
668024	[636]	:	Key	71	DOWN	at	668023  
671330	[3306]	:	Key	71	UP	at	668215  
671332	[2]	:	Key	71	DOWN	at	670383  
671333	[1]	:	Key	71	UP	at	670559  
676183	[4850]	:	Key	71	DOWN	at	676183  
680085	[3902]	:	Key	71	UP	at	676263  
682520	[2435]	:	Key	71	DOWN	at	682519  
683571	[1051]	:	Key	71	UP	at	682702  
684544	[973]	:	Key	98	DOWN	at	684543  
685652	[1108]	:	Key	98	UP	at	684671  
687175	[1523]	:	Key	97	DOWN	at	687175  
688290	[1115]	:	Key	97	UP	at	687311  
689168	[878]	:	Key	97	DOWN	at	689167  
690286	[1118]	:	Key	97	UP	at	689271  
692159	[1873]	:	Key	97	DOWN	at	692159  
693265	[1106]	:	Key	97	UP	at	692271  
694200	[935]	:	Key	97	DOWN	at	694199  
695304	[1104]	:	Key	97	UP	at	694311  
697176	[1872]	:	Key	97	DOWN	at	697175  
698308	[1132]	:	Key	97	UP	at	697295  
699792	[1484]	:	Key	97	DOWN	at	699791  
700909	[1117]	:	Key	97	UP	at	699919  
702040	[1131]	:	Key	98	DOWN	at	702039  
703696	[1656]	:	Key	98	UP	at	702151  
705536	[1840]	:	Key	71	DOWN	at	705535  
706583	[1047]	:	Key	71	UP	at	705687  
708024	[1441]	:	Key	98	DOWN	at	708023  
709133	[1109]	:	Key	98	UP	at	708119  
710816	[1683]	:	Key	98	DOWN	at	710815  
711923	[1107]	:	Key	98	UP	at	710951  
714263	[2340]	:	Key	97	DOWN	at	714263  
715371	[1108]	:	Key	97	UP	at	714384  
717040	[1669]	:	Key	98	DOWN	at	717039  
718147	[1107]	:	Key	98	UP	at	717200  
719887	[1740]	:	Key	97	DOWN	at	719887  
721014	[1127]	:	Key	97	UP	at	720014  
723448	[2434]	:	Key	98	DOWN	at	723447  
724561	[1113]	:	Key	98	UP	at	723584  
726726	[2165]	:	Key	98	DOWN	at	726726  
727838	[1112]	:	Key	98	UP	at	726838  
730000	[2162]	:	Key	98	DOWN	at	729999  
731175	[1175]	:	Key	98	UP	at	730166  
732409	[1234]	:	Key	71	DOWN	at	732408  
732722	[313]	:	Key	71	UP	at	732567  
746743	[14021]	:	Key	71	DOWN	at	746743  
746864	[121]	:	Key	71	UP	at	746863  
751207	[4343]	:	Key	71	DOWN	at	751207  
754514	[3307]	:	Key	71	UP	at	751367  
772471	[17957]	:	Key	71	DOWN	at	772471  
775775	[3304]	:	Key	71	UP	at	772655  
778424	[2649]	:	Key	71	DOWN	at	778424  
781730	[3306]	:	Key	71	UP	at	778631  
782271	[541]	:	Key	71	DOWN	at	782271  
785577	[3306]	:	Key	71	UP	at	782439  
785579	[2]	:	Key	71	DOWN	at	785119  
785580	[1]	:	Key	71	UP	at	785304  
789337	[3757]	:	Key	71	DOWN	at	789336  
792646	[3309]	:	Key	71	UP	at	789511  
794232	[1586]	:	Key	71	DOWN	at	794231  
797536	[3304]	:	Key	71	UP	at	794424  
798272	[736]	:	Key	71	DOWN	at	798271  
801577	[3305]	:	Key	71	UP	at	798440  
803424	[1847]	:	Key	71	DOWN	at	803423  
807329	[3905]	:	Key	71	UP	at	803543  
814024	[6695]	:	Key	71	DOWN	at	814024  
815067	[1043]	:	Key	71	UP	at	814183  
817128	[2061]	:	Key	97	DOWN	at	817128  
818221	[1093]	:	Key	97	UP	at	817255  
820736	[2515]	:	Key	97	DOWN	at	820735  
821845	[1109]	:	Key	97	UP	at	820863  
823000	[1155]	:	Key	97	DOWN	at	822999  
824116	[1116]	:	Key	97	UP	at	823095  
825336	[1220]	:	Key	97	DOWN	at	825335  
826443	[1107]	:	Key	97	UP	at	825447  
828184	[1741]	:	Key	97	DOWN	at	828183  
829307	[1123]	:	Key	97	UP	at	828272  
830872	[1565]	:	Key	97	DOWN	at	830871  
831981	[1109]	:	Key	97	UP	at	830959  
833864	[1883]	:	Key	98	DOWN	at	833863  
834990	[1126]	:	Key	98	UP	at	833975  
837407	[2417]	:	Key	97	DOWN	at	837407  
839064	[1657]	:	Key	97	UP	at	837520  
840128	[1064]	:	Key	71	DOWN	at	840127  
841171	[1043]	:	Key	71	UP	at	840278  
843319	[2148]	:	Key	97	DOWN	at	843319  
844432	[1113]	:	Key	97	UP	at	843423  
846104	[1672]	:	Key	97	DOWN	at	846102  
847230	[1126]	:	Key	97	UP	at	846215  
848944	[1714]	:	Key	97	DOWN	at	848943  
850068	[1124]	:	Key	97	UP	at	849064  
851655	[1587]	:	Key	98	DOWN	at	851655  
852769	[1114]	:	Key	98	UP	at	851760  
855057	[2288]	:	Key	97	DOWN	at	855056  
856162	[1105]	:	Key	97	UP	at	855168  
858007	[1845]	:	Key	98	DOWN	at	858007  
859116	[1109]	:	Key	98	UP	at	858143  
862160	[3044]	:	Key	97	DOWN	at	862160  
863284	[1124]	:	Key	97	UP	at	862302  
865143	[1859]	:	Key	97	DOWN	at	865143  
866327	[1184]	:	Key	97	UP	at	865239  
876233	[9906]	:	Key	71	DOWN	at	876232  
876557	[324]	:	Key	71	UP	at	876407  
877800	[1243]	:	Key	71	DOWN	at	877800  
877952	[152]	:	Key	71	UP	at	877951  
883097	[5145]	:	Key	71	DOWN	at	883096  
886402	[3305]	:	Key	71	UP	at	883263  
887504	[1102]	:	Key	71	DOWN	at	887503  
890810	[3306]	:	Key	71	UP	at	887664  
893656	[2846]	:	Key	71	DOWN	at	893655  
896962	[3306]	:	Key	71	UP	at	893855  
898801	[1839]	:	Key	71	DOWN	at	898800  
902104	[3303]	:	Key	71	UP	at	898950  
902106	[2]	:	Key	71	DOWN	at	900086  
902107	[1]	:	Key	71	UP	at	900287  
902904	[797]	:	Key	71	DOWN	at	902904  
906212	[3308]	:	Key	71	UP	at	903112  
907952	[1740]	:	Key	71	DOWN	at	907952  
911262	[3310]	:	Key	71	UP	at	908095  
911264	[2]	:	Key	71	DOWN	at	910599  
911265	[1]	:	Key	71	UP	at	910766  
912297	[1032]	:	Key	71	DOWN	at	912295  
915600	[3303]	:	Key	71	UP	at	912432  
916511	[911]	:	Key	71	DOWN	at	916511  
920415	[3904]	:	Key	71	UP	at	916664  
920416	[1]	:	Key	71	DOWN	at	919047  
920416	[0]	:	Key	71	UP	at	919208  
921944	[1528]	:	Key	71	DOWN	at	921943  
922987	[1043]	:	Key	71	UP	at	922119  
923968	[981]	:	Key	97	DOWN	at	923968  
925097	[1129]	:	Key	97	UP	at	924079  
926184	[1087]	:	Key	98	DOWN	at	926184  
927290	[1106]	:	Key	98	UP	at	926304  
928191	[901]	:	Key	97	DOWN	at	928191  
929300	[1109]	:	Key	97	UP	at	928279  
930895	[1595]	:	Key	97	DOWN	at	930895  
932002	[1107]	:	Key	97	UP	at	931039  
933519	[1517]	:	Key	97	DOWN	at	933519  
934624	[1105]	:	Key	97	UP	at	933648  
935744	[1120]	:	Key	97	DOWN	at	935744  
936865	[1121]	:	Key	97	UP	at	935862  
937992	[1127]	:	Key	97	DOWN	at	937991  
939106	[1114]	:	Key	97	UP	at	938087  
940526	[1420]	:	Key	97	DOWN	at	940526  
942192	[1666]	:	Key	97	UP	at	940655  
943664	[1472]	:	Key	71	DOWN	at	943663  
944707	[1043]	:	Key	71	UP	at	943776  
946361	[1654]	:	Key	97	DOWN	at	946360  
947484	[1123]	:	Key	97	UP	at	946478  
948535	[1051]	:	Key	97	DOWN	at	948535  
949642	[1107]	:	Key	97	UP	at	948663  
950704	[1062]	:	Key	97	DOWN	at	950703  
951813	[1109]	:	Key	97	UP	at	950832  
953673	[1860]	:	Key	97	DOWN	at	953672  
954799	[1126]	:	Key	97	UP	at	953783  
957056	[2257]	:	Key	98	DOWN	at	957055  
958164	[1108]	:	Key	98	UP	at	957192  
960575	[2411]	:	Key	98	DOWN	at	960575  
961685	[1110]	:	Key	98	UP	at	960695  
963216	[1531]	:	Key	98	DOWN	at	963215  
964343	[1127]	:	Key	98	UP	at	963319  
965192	[849]	:	Key	97	DOWN	at	965191  
966374	[1182]	:	Key	97	UP	at	965288  
970511	[4137]	:	Key	71	DOWN	at	970511  
970827	[316]	:	Key	71	UP	at	970623  
1015623	[44796]	:	Key	71	DOWN	at	1015623 
1015792	[169]	:	Key	71	UP	at	1015792 
1017584	[1792]	:	Key	97	DOWN	at	1017583 
1017711	[127]	:	Key	97	UP	at	1017711 
1026031	[8320]	:	Key	71	DOWN	at	1026031 
1026233	[202]	:	Key	71	UP	at	1026232 
1026512	[279]	:	Key	97	DOWN	at	1026512 
1026608	[96]	:	Key	97	UP	at	1026608 
1048831	[22223]	:	Key	71	DOWN	at	1048831 
1049023	[192]	:	Key	71	UP	at	1049023 
1050953	[1930]	:	Key	97	DOWN	at	1050953 
1051071	[118]	:	Key	97	UP	at	1051071 
1068032	[16961]	:	Key	97	DOWN	at	1068032 
1068183	[151]	:	Key	97	UP	at	1068183 
1076287	[8104]	:	Key	97	DOWN	at	1076287 
1076377	[90]	:	Key	97	UP	at	1076376 
1086272	[9895]	:	Key	97	DOWN	at	1086271 
1086354	[82]	:	Key	97	UP	at	1086336 
1091720	[5366]	:	Key	97	DOWN	at	1091719 
1091839	[119]	:	Key	97	UP	at	1091838 
1100496	[8657]	:	Key	97	DOWN	at	1100495 
1100582	[86]	:	Key	97	UP	at	1100567 
1109319	[8737]	:	Key	97	DOWN	at	1109319 
1109425	[106]	:	Key	97	UP	at	1109424 
1119672	[10247]	:	Key	97	DOWN	at	1119672 
1119768	[96]	:	Key	97	UP	at	1119743 
1133040	[13272]	:	Key	97	DOWN	at	1133040 
1133176	[136]	:	Key	97	UP	at	1133175 
1141791	[8615]	:	Key	97	DOWN	at	1141791 
1141874	[83]	:	Key	97	UP	at	1141862 
1158400	[16526]	:	Key	97	DOWN	at	1158398 
1158561	[161]	:	Key	97	UP	at	1158560 
1165176	[6615]	:	Key	97	DOWN	at	1165175 
1165327	[151]	:	Key	97	UP	at	1165327 
1178192	[12865]	:	Key	97	DOWN	at	1178191 
1178288	[96]	:	Key	97	UP	at	1178287 
1201953	[23665]	:	Key	97	DOWN	at	1201952 
1202104	[151]	:	Key	97	UP	at	1202104 
1206057	[3953]	:	Key	97	DOWN	at	1206056 
1206201	[144]	:	Key	97	UP	at	1206200 
1216255	[10054]	:	Key	97	DOWN	at	1216255 
1216383	[128]	:	Key	97	UP	at	1216383 
1227497	[11114]	:	Key	97	DOWN	at	1227496 
1227616	[119]	:	Key	97	UP	at	1227615 
1230329	[2713]	:	Key	97	DOWN	at	1230328 
1231328	[999]	:	Key	97	UP	at	1230415 
1236657	[5329]	:	Key	71	DOWN	at	1236656 
1236951	[294]	:	Key	71	UP	at	1236775 
1240208	[3257]	:	Key	71	DOWN	at	1240208 
1323921	[83713]	:	Key	71	DOWN	at	1323920 
1324032	[111]	:	Key	71	UP	at	1324031 
1325592	[1560]	:	Key	71	DOWN	at	1325592 
1890185	[564593]	:	Key	71	DOWN	at	1890185 
1890328	[143]	:	Key	71	UP	at	1890328 
1895064	[4736]	:	Key	97	DOWN	at	1895064 
1895185	[121]	:	Key	97	UP	at	1895184 
1897441	[2256]	:	Key	71	DOWN	at	1897440 
1897655	[214]	:	Key	71	UP	at	1897655 
1897944	[289]	:	Key	71	DOWN	at	1897944 
1898120	[176]	:	Key	71	UP	at	1898120 
1931225	[33105]	:	Key	97	DOWN	at	1931224 
1932224	[999]	:	Key	97	UP	at	1931400 
1934666	[2442]	:	Key	71	DOWN	at	1934665 
2540802	[606136]	:	Key	97	DOWN	at	2540801 
2541802	[1000]	:	Key	97	UP	at	2540914 
2544178	[2376]	:	Key	71	DOWN	at	2544178 
3436273	[892095]	:	Key	97	DOWN	at	3436273 
3437273	[1000]	:	Key	97	UP	at	3436370 
3442609	[5336]	:	Key	71	DOWN	at	3442609 
4064627	[622018]	:	Key	97	DOWN	at	4064626 
4065626	[999]	:	Key	97	UP	at	4064739 
4066387	[761]	:	Key	71	DOWN	at	4066387 
4690115	[623728]	:	Key	71	DOWN	at	4690115 
4690165	[50]	:	COGENT STOP
