Cog2000 log file Tue Feb 09 11:48:42 2021
gprim v1.33 Compiled:Aug 12 2015 (GLib DirectDraw v7 DX10.0 Compiled:Aug 12 2015)
Display:1024x768x32 60.02Hz
Attaching E:\Sahar Rajabi\Final MBMF+Drug Task\Cogent2000v1.33\Toolbox\CogInput.mexw64
CogInput v1.05 Compiled: May 20 2010
4	[4]	:	COGENT START
36702	[36698]	:	Key	97	DOWN	at	36701   
36877	[175]	:	Key	97	UP	at	36877   
37868	[991]	:	Key	97	DOWN	at	37868   
38036	[168]	:	Key	97	UP	at	38036   
38596	[560]	:	Key	97	DOWN	at	38596   
39596	[1000]	:	Key	97	UP	at	38733   
42076	[2480]	:	Key	97	DOWN	at	42076   
42276	[200]	:	Key	97	UP	at	42276   
47109	[4833]	:	Key	71	DOWN	at	47109   
47270	[161]	:	Key	71	UP	at	47237   
52973	[5703]	:	Key	71	DOWN	at	52973   
56372	[3399]	:	Key	71	UP	at	53141   
60628	[4256]	:	Key	71	DOWN	at	60628   
63936	[3308]	:	Key	71	UP	at	60868   
69189	[5253]	:	Key	71	DOWN	at	69189   
72485	[3296]	:	Key	71	UP	at	69437   
76180	[3695]	:	Key	71	DOWN	at	76180   
79469	[3289]	:	Key	71	UP	at	76412   
82101	[2632]	:	Key	71	DOWN	at	82101   
85402	[3301]	:	Key	71	UP	at	82357   
87933	[2531]	:	Key	71	DOWN	at	87933   
91233	[3300]	:	Key	71	UP	at	88133   
93804	[2571]	:	Key	71	DOWN	at	93804   
97103	[3299]	:	Key	71	UP	at	94004   
98829	[1726]	:	Key	71	DOWN	at	98829   
102121	[3292]	:	Key	71	UP	at	99013   
107437	[5316]	:	Key	71	DOWN	at	107437  
110725	[3288]	:	Key	71	UP	at	107613  
114748	[4023]	:	Key	71	DOWN	at	114748  
118048	[3300]	:	Key	71	UP	at	114956  
120437	[2389]	:	Key	71	DOWN	at	120437  
123726	[3289]	:	Key	71	UP	at	120669  
126261	[2535]	:	Key	71	DOWN	at	126261  
129562	[3301]	:	Key	71	UP	at	126429  
134797	[5235]	:	Key	71	DOWN	at	134797  
138086	[3289]	:	Key	71	UP	at	135061  
139869	[1783]	:	Key	71	DOWN	at	139869  
143159	[3290]	:	Key	71	UP	at	140197  
145572	[2413]	:	Key	71	DOWN	at	145572  
148871	[3299]	:	Key	71	UP	at	145749  
150108	[1237]	:	Key	71	DOWN	at	150108  
153397	[3289]	:	Key	71	UP	at	150276  
154261	[864]	:	Key	71	DOWN	at	154261  
157550	[3289]	:	Key	71	UP	at	154437  
159965	[2415]	:	Key	71	DOWN	at	159965  
163254	[3289]	:	Key	71	UP	at	160309  
173757	[10503]	:	Key	71	DOWN	at	173757  
177055	[3298]	:	Key	71	UP	at	174277  
179269	[2214]	:	Key	71	DOWN	at	179269  
182569	[3300]	:	Key	71	UP	at	179501  
185028	[2459]	:	Key	71	DOWN	at	185028  
188316	[3288]	:	Key	71	UP	at	185204  
188949	[633]	:	Key	71	DOWN	at	188949  
192246	[3297]	:	Key	71	UP	at	189181  
196221	[3975]	:	Key	71	DOWN	at	196221  
199509	[3288]	:	Key	71	UP	at	196429  
201219	[1710]	:	Key	71	DOWN	at	201219  
204517	[3298]	:	Key	71	UP	at	201619  
206652	[2135]	:	Key	71	DOWN	at	206652  
209942	[3290]	:	Key	71	UP	at	206828  
213820	[3878]	:	Key	71	DOWN	at	213820  
217120	[3300]	:	Key	71	UP	at	214116  
219899	[2779]	:	Key	71	DOWN	at	219899  
223199	[3300]	:	Key	71	UP	at	220155  
225796	[2597]	:	Key	71	DOWN	at	225796  
229084	[3288]	:	Key	71	UP	at	226036  
229724	[640]	:	Key	71	DOWN	at	229724  
233015	[3291]	:	Key	71	UP	at	229908  
237547	[4532]	:	Key	71	DOWN	at	237547  
240845	[3298]	:	Key	71	UP	at	237876  
242435	[1590]	:	Key	71	DOWN	at	242435  
245732	[3297]	:	Key	71	UP	at	242787  
251498	[5766]	:	Key	71	DOWN	at	251498  
254795	[3297]	:	Key	71	UP	at	251707  
261259	[6464]	:	Key	71	DOWN	at	261259  
264552	[3293]	:	Key	71	UP	at	261411  
265451	[899]	:	Key	71	DOWN	at	265451  
268741	[3290]	:	Key	71	UP	at	265835  
275419	[6678]	:	Key	71	DOWN	at	275419  
278717	[3298]	:	Key	71	UP	at	275659  
280523	[1806]	:	Key	71	DOWN	at	280523  
283813	[3290]	:	Key	71	UP	at	280715  
284851	[1038]	:	Key	71	DOWN	at	284851  
288150	[3299]	:	Key	71	UP	at	285011  
289850	[1700]	:	Key	71	DOWN	at	289850  
293150	[3300]	:	Key	71	UP	at	290226  
294939	[1789]	:	Key	71	DOWN	at	294939  
298240	[3301]	:	Key	71	UP	at	295211  
299771	[1531]	:	Key	71	DOWN	at	299771  
303064	[3293]	:	Key	71	UP	at	300059  
304194	[1130]	:	Key	71	DOWN	at	304194  
307494	[3300]	:	Key	71	UP	at	304451  
308755	[1261]	:	Key	71	DOWN	at	308755  
312055	[3300]	:	Key	71	UP	at	309083  
314211	[2156]	:	Key	71	DOWN	at	314211  
317511	[3300]	:	Key	71	UP	at	314387  
320939	[3428]	:	Key	71	DOWN	at	320939  
324239	[3300]	:	Key	71	UP	at	321155  
327315	[3076]	:	Key	71	DOWN	at	327315  
330616	[3301]	:	Key	71	UP	at	327531  
333179	[2563]	:	Key	71	DOWN	at	333179  
336481	[3302]	:	Key	71	UP	at	333755  
338755	[2274]	:	Key	71	DOWN	at	338755  
342055	[3300]	:	Key	71	UP	at	338947  
344747	[2692]	:	Key	71	DOWN	at	344747  
348707	[3960]	:	Key	71	UP	at	344947  
350347	[1640]	:	Key	97	DOWN	at	350347  
350531	[184]	:	Key	97	UP	at	350531  
352259	[1728]	:	Key	71	DOWN	at	352259  
353305	[1046]	:	Key	71	UP	at	352467  
355179	[1874]	:	Key	97	DOWN	at	355179  
356301	[1122]	:	Key	97	UP	at	355347  
357586	[1285]	:	Key	98	DOWN	at	357586  
358699	[1113]	:	Key	98	UP	at	357763  
359882	[1183]	:	Key	97	DOWN	at	359882  
360980	[1098]	:	Key	97	UP	at	360050  
365731	[4751]	:	Key	98	DOWN	at	365731  
366847	[1116]	:	Key	98	UP	at	365875  
368427	[1580]	:	Key	97	DOWN	at	368427  
369529	[1102]	:	Key	97	UP	at	368611  
371491	[1962]	:	Key	97	DOWN	at	371491  
372617	[1126]	:	Key	97	UP	at	371667  
373755	[1138]	:	Key	97	DOWN	at	373755  
374847	[1092]	:	Key	97	UP	at	373931  
375946	[1099]	:	Key	97	DOWN	at	375946  
377683	[1737]	:	Key	97	UP	at	376099  
380099	[2416]	:	Key	71	DOWN	at	380099  
381143	[1044]	:	Key	71	UP	at	380299  
385803	[4660]	:	Key	98	DOWN	at	385803  
386918	[1115]	:	Key	98	UP	at	385987  
388963	[2045]	:	Key	98	DOWN	at	388963  
390098	[1135]	:	Key	98	UP	at	389147  
391371	[1273]	:	Key	98	DOWN	at	391371  
392475	[1104]	:	Key	98	UP	at	391547  
393610	[1135]	:	Key	97	DOWN	at	393610  
394728	[1118]	:	Key	97	UP	at	393762  
396683	[1955]	:	Key	97	DOWN	at	396683  
397806	[1123]	:	Key	97	UP	at	396819  
399467	[1661]	:	Key	97	DOWN	at	399467  
400598	[1131]	:	Key	97	UP	at	399619  
401939	[1341]	:	Key	98	DOWN	at	401939  
403058	[1119]	:	Key	98	UP	at	402115  
405435	[2377]	:	Key	98	DOWN	at	405435  
406626	[1191]	:	Key	98	UP	at	405627  
415307	[8681]	:	Key	71	DOWN	at	415307  
415651	[344]	:	Key	71	UP	at	415651  
416539	[888]	:	Key	71	DOWN	at	416539  
416755	[216]	:	Key	71	UP	at	416755  
423195	[6440]	:	Key	71	DOWN	at	423195  
426486	[3291]	:	Key	71	UP	at	423395  
426488	[2]	:	Key	71	DOWN	at	424131  
426489	[1]	:	Key	71	UP	at	424307  
439147	[12658]	:	Key	71	DOWN	at	439147  
442448	[3301]	:	Key	71	UP	at	439387  
443363	[915]	:	Key	71	DOWN	at	443363  
446647	[3284]	:	Key	71	UP	at	443547  
447410	[763]	:	Key	71	DOWN	at	447410  
450687	[3277]	:	Key	71	UP	at	447602  
451259	[572]	:	Key	71	DOWN	at	451259  
454544	[3285]	:	Key	71	UP	at	451427  
458467	[3923]	:	Key	71	DOWN	at	458467  
461767	[3300]	:	Key	71	UP	at	458611  
462914	[1147]	:	Key	71	DOWN	at	462914  
466212	[3298]	:	Key	71	UP	at	463123  
471603	[5391]	:	Key	71	DOWN	at	471603  
474892	[3289]	:	Key	71	UP	at	471755  
476139	[1247]	:	Key	71	DOWN	at	476139  
479438	[3299]	:	Key	71	UP	at	476355  
481379	[1941]	:	Key	71	DOWN	at	481379  
484677	[3298]	:	Key	71	UP	at	481563  
487635	[2958]	:	Key	71	DOWN	at	487635  
490933	[3298]	:	Key	71	UP	at	487835  
493851	[2918]	:	Key	71	DOWN	at	493851  
497150	[3299]	:	Key	71	UP	at	494011  
497779	[629]	:	Key	71	DOWN	at	497779  
501076	[3297]	:	Key	71	UP	at	497979  
502851	[1775]	:	Key	71	DOWN	at	502851  
506140	[3289]	:	Key	71	UP	at	503019  
507763	[1623]	:	Key	71	DOWN	at	507763  
511060	[3297]	:	Key	71	UP	at	507899  
511539	[479]	:	Key	71	DOWN	at	511539  
515450	[3911]	:	Key	71	UP	at	511683  
518563	[3113]	:	Key	71	DOWN	at	518563  
519610	[1047]	:	Key	71	UP	at	518746  
521587	[1977]	:	Key	97	DOWN	at	521587  
522710	[1123]	:	Key	97	UP	at	521755  
525011	[2301]	:	Key	97	DOWN	at	525011  
526116	[1105]	:	Key	97	UP	at	525187  
528283	[2167]	:	Key	98	DOWN	at	528283  
529418	[1135]	:	Key	98	UP	at	528443  
530915	[1497]	:	Key	97	DOWN	at	530915  
532040	[1125]	:	Key	97	UP	at	531067  
534370	[2330]	:	Key	97	DOWN	at	534370  
535483	[1113]	:	Key	97	UP	at	534515  
536395	[912]	:	Key	97	DOWN	at	536395  
537515	[1120]	:	Key	97	UP	at	536555  
540331	[2816]	:	Key	97	DOWN	at	540331  
541446	[1115]	:	Key	97	UP	at	540483  
542715	[1269]	:	Key	98	DOWN	at	542715  
544406	[1691]	:	Key	98	UP	at	542875  
546043	[1637]	:	Key	71	DOWN	at	546043  
547090	[1047]	:	Key	71	UP	at	546195  
549083	[1993]	:	Key	98	DOWN	at	549083  
550219	[1136]	:	Key	98	UP	at	549243  
551715	[1496]	:	Key	97	DOWN	at	551715  
552848	[1133]	:	Key	97	UP	at	551850  
554195	[1347]	:	Key	97	DOWN	at	554195  
555310	[1115]	:	Key	97	UP	at	554355  
557755	[2445]	:	Key	97	DOWN	at	557755  
558892	[1137]	:	Key	97	UP	at	557883  
560699	[1807]	:	Key	98	DOWN	at	560699  
561819	[1120]	:	Key	98	UP	at	560859  
563291	[1472]	:	Key	98	DOWN	at	563291  
564426	[1135]	:	Key	98	UP	at	563459  
565363	[937]	:	Key	97	DOWN	at	565363  
566497	[1134]	:	Key	97	UP	at	565523  
567587	[1090]	:	Key	97	DOWN	at	567587  
568812	[1225]	:	Key	97	UP	at	567723  
571171	[2359]	:	Key	71	DOWN	at	571171  
571499	[328]	:	Key	71	UP	at	571436  
573195	[1696]	:	Key	71	DOWN	at	573195  
573523	[328]	:	Key	71	UP	at	573523  
575779	[2256]	:	Key	71	DOWN	at	575779  
576091	[312]	:	Key	71	UP	at	576091  
577355	[1264]	:	Key	97	DOWN	at	577355  
577499	[144]	:	Key	97	UP	at	577499  
579515	[2016]	:	Key	97	DOWN	at	579515  
579651	[136]	:	Key	97	UP	at	579651  
580307	[656]	:	Key	97	DOWN	at	580307  
580427	[120]	:	Key	97	UP	at	580427  
580667	[240]	:	Key	97	DOWN	at	580667  
580795	[128]	:	Key	97	UP	at	580795  
581099	[304]	:	Key	97	DOWN	at	581099  
581243	[144]	:	Key	97	UP	at	581243  
607163	[25920]	:	Key	97	DOWN	at	607163  
607347	[184]	:	Key	97	UP	at	607347  
608251	[904]	:	Key	97	DOWN	at	608251  
608419	[168]	:	Key	97	UP	at	608419  
608803	[384]	:	Key	97	DOWN	at	608803  
608955	[152]	:	Key	97	UP	at	608955  
609307	[352]	:	Key	97	DOWN	at	609307  
609467	[160]	:	Key	97	UP	at	609467  
609723	[256]	:	Key	97	DOWN	at	609723  
609867	[144]	:	Key	97	UP	at	609867  
610523	[656]	:	Key	97	DOWN	at	610523  
610699	[176]	:	Key	97	UP	at	610699  
611139	[440]	:	Key	97	DOWN	at	611139  
611307	[168]	:	Key	97	UP	at	611307  
611643	[336]	:	Key	97	DOWN	at	611643  
611827	[184]	:	Key	97	UP	at	611827  
612427	[600]	:	Key	97	DOWN	at	612427  
612611	[184]	:	Key	97	UP	at	612611  
613139	[528]	:	Key	97	DOWN	at	613139  
613307	[168]	:	Key	97	UP	at	613307  
613667	[360]	:	Key	97	DOWN	at	613667  
613819	[152]	:	Key	97	UP	at	613819  
615907	[2088]	:	Key	97	DOWN	at	615907  
616067	[160]	:	Key	97	UP	at	616067  
630219	[14152]	:	Key	97	DOWN	at	630219  
630379	[160]	:	Key	97	UP	at	630379  
649987	[19608]	:	Key	71	DOWN	at	649987  
650115	[128]	:	Key	71	UP	at	650115  
652403	[2288]	:	Key	97	DOWN	at	652403  
652563	[160]	:	Key	97	UP	at	652563  
654331	[1768]	:	Key	97	DOWN	at	654331  
655331	[1000]	:	Key	97	UP	at	654475  
661811	[6480]	:	Key	71	DOWN	at	661811  
662130	[319]	:	Key	71	UP	at	661923  
671379	[9249]	:	Key	71	DOWN	at	671379  
753203	[81824]	:	Key	71	DOWN	at	753203  
753459	[256]	:	Key	71	UP	at	753459  
756059	[2600]	:	Key	71	DOWN	at	756059  
1275384	[519325]	:	Key	71	DOWN	at	1275384 
1275552	[168]	:	Key	71	UP	at	1275552 
1363448	[87896]	:	Key	97	DOWN	at	1363448 
1364448	[1000]	:	Key	97	UP	at	1363600 
1364560	[112]	:	Key	71	DOWN	at	1364560 
1945440	[580880]	:	Key	97	DOWN	at	1945440 
1946440	[1000]	:	Key	97	UP	at	1945616 
1946720	[280]	:	Key	97	DOWN	at	1946720 
1946800	[80]	:	Key	97	UP	at	1946800 
1948000	[1200]	:	Key	71	DOWN	at	1948000 
2571808	[623808]	:	Key	97	DOWN	at	2571808 
2572808	[1000]	:	Key	97	UP	at	2571984 
2574463	[1655]	:	Key	71	DOWN	at	2574463 
3123197	[548734]	:	Key	97	DOWN	at	3123197 
3124197	[1000]	:	Key	97	UP	at	3123326 
3124837	[640]	:	Key	71	DOWN	at	3124837 
3715500	[590663]	:	Key	71	DOWN	at	3715500 
3715552	[52]	:	COGENT STOP
