Cog2000 log file Wed Jan 27 10:42:51 2021
gprim v1.33 Compiled:Aug 12 2015 (GLib DirectDraw v7 DX10.0 Compiled:Aug 12 2015)
Display:1024x768x32 59.99Hz
Attaching E:\saharrajabi\final mbmf+drug task\cogent2000v1.33\toolbox\CogInput.mexw64
CogInput v1.05 Compiled: May 20 2010
12	[12]	:	COGENT START
31804	[31792]	:	Key	97	DOWN	at	31803   
31971	[167]	:	Key	97	UP	at	31971   
48843	[16872]	:	Key	97	DOWN	at	48843   
49019	[176]	:	Key	97	UP	at	49019   
69627	[20608]	:	Key	97	DOWN	at	69627   
70627	[1000]	:	Key	97	UP	at	69779   
93084	[22457]	:	Key	98	DOWN	at	93084   
93243	[159]	:	Key	98	UP	at	93243   
95211	[1968]	:	Key	98	DOWN	at	95211   
95371	[160]	:	Key	98	UP	at	95371   
101011	[5640]	:	Key	98	DOWN	at	101011  
101163	[152]	:	Key	98	UP	at	101163  
109948	[8785]	:	Key	71	DOWN	at	109948  
110166	[218]	:	Key	71	UP	at	110131  
115675	[5509]	:	Key	71	DOWN	at	115675  
119054	[3379]	:	Key	71	UP	at	115924  
121122	[2068]	:	Key	71	DOWN	at	121122  
124447	[3325]	:	Key	71	UP	at	121426  
128839	[4392]	:	Key	71	DOWN	at	128839  
128841	[2]	:	Key	71	UP	at	128840  
132128	[3287]	:	Key	71	DOWN	at	129426  
132129	[1]	:	Key	71	UP	at	129636  
135587	[3458]	:	Key	71	DOWN	at	135587  
138883	[3296]	:	Key	71	UP	at	135835  
141331	[2448]	:	Key	71	DOWN	at	141331  
144598	[3267]	:	Key	71	UP	at	141612  
147603	[3005]	:	Key	71	DOWN	at	147603  
150890	[3287]	:	Key	71	UP	at	147827  
154003	[3113]	:	Key	71	DOWN	at	154003  
157290	[3287]	:	Key	71	UP	at	154244  
160316	[3026]	:	Key	71	DOWN	at	160316  
163615	[3299]	:	Key	71	UP	at	160532  
165971	[2356]	:	Key	71	DOWN	at	165971  
169271	[3300]	:	Key	71	UP	at	166188  
171099	[1828]	:	Key	71	DOWN	at	171099  
174401	[3302]	:	Key	71	UP	at	171388  
175964	[1563]	:	Key	71	DOWN	at	175964  
179265	[3301]	:	Key	71	UP	at	176212  
181739	[2474]	:	Key	71	DOWN	at	181739  
185034	[3295]	:	Key	71	UP	at	181964  
187132	[2098]	:	Key	71	DOWN	at	187132  
190430	[3298]	:	Key	71	UP	at	187412  
192300	[1870]	:	Key	71	DOWN	at	192300  
195600	[3300]	:	Key	71	UP	at	192573  
196860	[1260]	:	Key	71	DOWN	at	196860  
200161	[3301]	:	Key	71	UP	at	197108  
201019	[858]	:	Key	71	DOWN	at	201019  
204307	[3288]	:	Key	71	UP	at	201292  
207747	[3440]	:	Key	71	DOWN	at	207747  
211045	[3298]	:	Key	71	UP	at	207972  
212307	[1262]	:	Key	71	DOWN	at	212307  
215602	[3295]	:	Key	71	UP	at	212532  
219188	[3586]	:	Key	71	DOWN	at	219188  
222488	[3300]	:	Key	71	UP	at	219468  
225467	[2979]	:	Key	71	DOWN	at	225467  
228769	[3302]	:	Key	71	UP	at	225684  
235244	[6475]	:	Key	71	DOWN	at	235244  
238545	[3301]	:	Key	71	UP	at	235532  
245228	[6683]	:	Key	71	DOWN	at	245228  
248531	[3303]	:	Key	71	UP	at	245476  
251716	[3185]	:	Key	71	DOWN	at	251716  
255016	[3300]	:	Key	71	UP	at	252092  
256612	[1596]	:	Key	71	DOWN	at	256612  
259909	[3297]	:	Key	71	UP	at	256827  
262035	[2126]	:	Key	71	DOWN	at	262035  
265334	[3299]	:	Key	71	UP	at	262357  
272755	[7421]	:	Key	71	DOWN	at	272755  
276054	[3299]	:	Key	71	UP	at	272908  
278921	[2867]	:	Key	71	DOWN	at	278921  
278923	[2]	:	Key	71	UP	at	278923  
283020	[4097]	:	Key	71	DOWN	at	283020  
286308	[3288]	:	Key	71	UP	at	283268  
288307	[1999]	:	Key	71	DOWN	at	288307  
291608	[3301]	:	Key	71	UP	at	288548  
293926	[2318]	:	Key	71	DOWN	at	293926  
293926	[0]	:	Key	71	UP	at	293926  
300892	[6966]	:	Key	71	DOWN	at	300892  
304192	[3300]	:	Key	71	UP	at	301092  
305652	[1460]	:	Key	71	DOWN	at	305652  
308954	[3302]	:	Key	71	UP	at	305924  
312787	[3833]	:	Key	71	DOWN	at	312787  
316089	[3302]	:	Key	71	UP	at	313012  
318179	[2090]	:	Key	71	DOWN	at	318179  
321478	[3299]	:	Key	71	UP	at	318484  
323937	[2459]	:	Key	71	DOWN	at	323937  
323939	[2]	:	Key	71	UP	at	323938  
327955	[4016]	:	Key	71	DOWN	at	327955  
331243	[3288]	:	Key	71	UP	at	328220  
342019	[10776]	:	Key	71	DOWN	at	342019  
345321	[3302]	:	Key	71	UP	at	342244  
348675	[3354]	:	Key	71	DOWN	at	348675  
351975	[3300]	:	Key	71	UP	at	348908  
353955	[1980]	:	Key	71	DOWN	at	353955  
357244	[3289]	:	Key	71	UP	at	354004  
358940	[1696]	:	Key	71	DOWN	at	358940  
362229	[3289]	:	Key	71	UP	at	359228  
363668	[1439]	:	Key	71	DOWN	at	363668  
366970	[3302]	:	Key	71	UP	at	363908  
372028	[5058]	:	Key	71	DOWN	at	372028  
375331	[3303]	:	Key	71	UP	at	372268  
377699	[2368]	:	Key	71	DOWN	at	377699  
380994	[3295]	:	Key	71	UP	at	377948  
387579	[6585]	:	Key	71	DOWN	at	387579  
390879	[3300]	:	Key	71	UP	at	387813  
393115	[2236]	:	Key	71	DOWN	at	393115  
396416	[3301]	:	Key	71	UP	at	393372  
398978	[2562]	:	Key	71	DOWN	at	398978  
398980	[2]	:	Key	71	UP	at	398979  
408748	[9768]	:	Key	71	DOWN	at	408748  
412050	[3302]	:	Key	71	UP	at	408996  
420196	[8146]	:	Key	71	DOWN	at	420196  
424163	[3967]	:	Key	71	UP	at	420437  
498004	[73841]	:	Key	71	DOWN	at	498004  
499053	[1049]	:	Key	71	UP	at	498188  
501859	[2806]	:	Key	97	DOWN	at	501859  
503014	[1155]	:	Key	97	UP	at	502044  
504267	[1253]	:	Key	98	DOWN	at	504267  
505384	[1117]	:	Key	98	UP	at	504420  
506371	[987]	:	Key	97	DOWN	at	506371  
507489	[1118]	:	Key	97	UP	at	506532  
508500	[1011]	:	Key	97	DOWN	at	508500  
509623	[1123]	:	Key	97	UP	at	508661  
510955	[1332]	:	Key	97	DOWN	at	510955  
512083	[1128]	:	Key	97	UP	at	511075  
512988	[905]	:	Key	97	DOWN	at	512988  
514115	[1127]	:	Key	97	UP	at	513115  
515644	[1529]	:	Key	98	DOWN	at	515644  
516775	[1131]	:	Key	98	UP	at	515820  
517491	[716]	:	Key	97	DOWN	at	517491  
519201	[1710]	:	Key	97	UP	at	517619  
527164	[7963]	:	Key	71	DOWN	at	527164  
528210	[1046]	:	Key	71	UP	at	527381  
529572	[1362]	:	Key	97	DOWN	at	529572  
530702	[1130]	:	Key	97	UP	at	529717  
531995	[1293]	:	Key	97	DOWN	at	531995  
533094	[1099]	:	Key	97	UP	at	532124  
534516	[1422]	:	Key	98	DOWN	at	534516  
535653	[1137]	:	Key	98	UP	at	534660  
536891	[1238]	:	Key	98	DOWN	at	536891  
538017	[1126]	:	Key	98	UP	at	537036  
539372	[1355]	:	Key	97	DOWN	at	539372  
540506	[1134]	:	Key	97	UP	at	539507  
541595	[1089]	:	Key	97	DOWN	at	541595  
542706	[1111]	:	Key	97	UP	at	541715  
543676	[970]	:	Key	97	DOWN	at	543676  
544804	[1128]	:	Key	97	UP	at	543803  
545548	[744]	:	Key	97	DOWN	at	545548  
546755	[1207]	:	Key	97	UP	at	545685  
549043	[2288]	:	Key	71	DOWN	at	549043  
549391	[348]	:	Key	71	UP	at	549044  
590755	[41364]	:	Key	97	DOWN	at	590755  
590875	[120]	:	Key	97	UP	at	590875  
600171	[9296]	:	Key	97	DOWN	at	600171  
600324	[153]	:	Key	97	UP	at	600324  
636883	[36559]	:	Key	97	DOWN	at	636883  
637028	[145]	:	Key	97	UP	at	637028  
649476	[12448]	:	Key	97	DOWN	at	649476  
649586	[110]	:	Key	97	UP	at	649540  
682932	[33346]	:	Key	97	DOWN	at	682932  
684100	[1168]	:	Key	97	UP	at	684100  
701548	[17448]	:	Key	97	DOWN	at	701548  
701692	[144]	:	Key	97	UP	at	701692  
709572	[7880]	:	Key	98	DOWN	at	709572  
709699	[127]	:	Key	98	UP	at	709699  
709884	[185]	:	Key	98	DOWN	at	709884  
710003	[119]	:	Key	98	UP	at	710003  
710388	[385]	:	Key	98	DOWN	at	710388  
710524	[136]	:	Key	98	UP	at	710524  
710899	[375]	:	Key	98	DOWN	at	710899  
711003	[104]	:	Key	98	UP	at	711003  
712139	[1136]	:	Key	98	DOWN	at	712139  
712283	[144]	:	Key	98	UP	at	712283  
716395	[4112]	:	Key	97	DOWN	at	716395  
716507	[112]	:	Key	97	UP	at	716507  
760812	[44305]	:	Key	97	DOWN	at	760812  
760957	[145]	:	Key	97	UP	at	760957  
762724	[1767]	:	Key	97	DOWN	at	762724  
762851	[127]	:	Key	97	UP	at	762851  
763732	[881]	:	Key	98	DOWN	at	763732  
763907	[175]	:	Key	98	UP	at	763907  
766003	[2096]	:	Key	97	DOWN	at	766003  
766139	[136]	:	Key	97	UP	at	766139  
767620	[1481]	:	Key	97	DOWN	at	767620  
767772	[152]	:	Key	97	UP	at	767772  
769381	[1609]	:	Key	97	DOWN	at	769381  
769500	[119]	:	Key	97	UP	at	769500  
774452	[4952]	:	Key	97	DOWN	at	774452  
774620	[168]	:	Key	97	UP	at	774620  
788060	[13440]	:	Key	97	DOWN	at	788060  
789168	[1108]	:	Key	97	UP	at	789168  
795396	[6228]	:	Key	97	DOWN	at	795396  
795563	[167]	:	Key	97	UP	at	795563  
805252	[9689]	:	Key	97	DOWN	at	805252  
805396	[144]	:	Key	97	UP	at	805396  
815612	[10216]	:	Key	97	DOWN	at	815612  
815723	[111]	:	Key	97	UP	at	815723  
822268	[6545]	:	Key	97	DOWN	at	822268  
822388	[120]	:	Key	97	UP	at	822388  
841269	[18881]	:	Key	97	DOWN	at	841269  
841437	[168]	:	Key	97	UP	at	841437  
856211	[14774]	:	Key	97	DOWN	at	856211  
856379	[168]	:	Key	97	UP	at	856379  
872380	[16001]	:	Key	97	DOWN	at	872380  
872515	[135]	:	Key	97	UP	at	872515  
886764	[14249]	:	Key	97	DOWN	at	886764  
886883	[119]	:	Key	97	UP	at	886883  
887540	[657]	:	Key	98	DOWN	at	887540  
887675	[135]	:	Key	98	UP	at	887675  
888516	[841]	:	Key	97	DOWN	at	888516  
888627	[111]	:	Key	97	UP	at	888627  
902108	[13481]	:	Key	97	DOWN	at	902108  
902227	[119]	:	Key	97	UP	at	902227  
917636	[15409]	:	Key	97	DOWN	at	917636  
917860	[224]	:	Key	97	UP	at	917860  
924996	[7136]	:	Key	97	DOWN	at	924996  
925228	[232]	:	Key	97	UP	at	925228  
985996	[60768]	:	Key	97	DOWN	at	985996  
986996	[1000]	:	Key	97	UP	at	986165  
994364	[7368]	:	Key	71	DOWN	at	994364  
994669	[305]	:	Key	71	UP	at	994500  
996661	[1992]	:	Key	71	DOWN	at	996661  
1179363	[182702]	:	Key	71	DOWN	at	1179363 
1179363	[0]	:	Key	71	UP	at	1179363 
1183612	[4249]	:	Key	71	DOWN	at	1183612 
1793269	[609657]	:	Key	97	DOWN	at	1793269 
1794269	[1000]	:	Key	97	UP	at	1793413 
1795821	[1552]	:	Key	71	DOWN	at	1795821 
2383045	[587224]	:	Key	97	DOWN	at	2383045 
2384045	[1000]	:	Key	97	UP	at	2383190 
2385973	[1928]	:	Key	71	DOWN	at	2385973 
2979174	[593201]	:	Key	97	DOWN	at	2979174 
2980277	[1103]	:	Key	97	UP	at	2980251 
2981742	[1465]	:	Key	71	DOWN	at	2981742 
3556910	[575168]	:	Key	97	DOWN	at	3556910 
3557910	[1000]	:	Key	97	UP	at	3557047 
3559046	[1136]	:	Key	71	DOWN	at	3559046 
4602999	[1043953]	:	Key	71	DOWN	at	4602999 
4603451	[452]	:	Key	71	UP	at	4603079 
4603486	[35]	:	COGENT STOP
