Cog2000 log file Wed Feb 03 11:01:22 2021
gprim v1.33 Compiled:Aug 12 2015 (GLib DirectDraw v7 DX10.0 Compiled:Aug 12 2015)
Display:1024x768x32 60.02Hz
Attaching E:\saharrajabi\final mbmf+drug task\cogent2000v1.33\toolbox\CogInput.mexw64
CogInput v1.05 Compiled: May 20 2010
3	[3]	:	COGENT START
17398	[17395]	:	Key	97	DOWN	at	17397   
17580	[182]	:	Key	97	UP	at	17580   
21132	[3552]	:	Key	97	DOWN	at	21132   
21276	[144]	:	Key	97	UP	at	21276   
23467	[2191]	:	Key	97	DOWN	at	23467   
24467	[1000]	:	Key	97	UP	at	23468   
29716	[5249]	:	Key	97	DOWN	at	29716   
29876	[160]	:	Key	97	UP	at	29876   
32173	[2297]	:	Key	71	DOWN	at	32173   
32348	[175]	:	Key	71	UP	at	32293   
38471	[6123]	:	Key	71	DOWN	at	38471   
41869	[3398]	:	Key	71	UP	at	38500   
47396	[5527]	:	Key	71	DOWN	at	47396   
50700	[3304]	:	Key	71	UP	at	47741   
60700	[10000]	:	Key	71	DOWN	at	60700   
63999	[3299]	:	Key	71	UP	at	60965   
75860	[11861]	:	Key	71	DOWN	at	75860   
79159	[3299]	:	Key	71	UP	at	76108   
81620	[2461]	:	Key	71	DOWN	at	81620   
84918	[3298]	:	Key	71	UP	at	81893   
98876	[13958]	:	Key	71	DOWN	at	98876   
102175	[3299]	:	Key	71	UP	at	99189   
108309	[6134]	:	Key	71	DOWN	at	108309  
111609	[3300]	:	Key	71	UP	at	108549  
116236	[4627]	:	Key	71	DOWN	at	116236  
119536	[3300]	:	Key	71	UP	at	116541  
124117	[4581]	:	Key	71	DOWN	at	124117  
127416	[3299]	:	Key	71	UP	at	124341  
131284	[3868]	:	Key	71	DOWN	at	131284  
134584	[3300]	:	Key	71	UP	at	131541  
139973	[5389]	:	Key	71	DOWN	at	139973  
143273	[3300]	:	Key	71	UP	at	140165  
155237	[11964]	:	Key	71	DOWN	at	155237  
158537	[3300]	:	Key	71	UP	at	155654  
178764	[20227]	:	Key	71	DOWN	at	178764  
182063	[3299]	:	Key	71	UP	at	179173  
188543	[6480]	:	Key	71	DOWN	at	188543  
191843	[3300]	:	Key	71	UP	at	188741  
193749	[1906]	:	Key	71	DOWN	at	193749  
197049	[3300]	:	Key	71	UP	at	194077  
207293	[10244]	:	Key	71	DOWN	at	207293  
210593	[3300]	:	Key	71	UP	at	207598  
211637	[1044]	:	Key	71	DOWN	at	211637  
214933	[3296]	:	Key	71	UP	at	212029  
217324	[2391]	:	Key	71	DOWN	at	217324  
220623	[3299]	:	Key	71	UP	at	218583  
225397	[4774]	:	Key	71	DOWN	at	225397  
228697	[3300]	:	Key	71	UP	at	225606  
231261	[2564]	:	Key	71	DOWN	at	231261  
234560	[3299]	:	Key	71	UP	at	231517  
238764	[4204]	:	Key	71	DOWN	at	238764  
242060	[3296]	:	Key	71	UP	at	239053  
246020	[3960]	:	Key	71	DOWN	at	246020  
249319	[3299]	:	Key	71	UP	at	246261  
251268	[1949]	:	Key	71	DOWN	at	251268  
254567	[3299]	:	Key	71	UP	at	251597  
255388	[821]	:	Key	71	DOWN	at	255388  
258677	[3289]	:	Key	71	UP	at	255669  
259437	[760]	:	Key	71	DOWN	at	259437  
262725	[3288]	:	Key	71	UP	at	259726  
264101	[1376]	:	Key	71	DOWN	at	264101  
267402	[3301]	:	Key	71	UP	at	264445  
269684	[2282]	:	Key	71	DOWN	at	269684  
272984	[3300]	:	Key	71	UP	at	269957  
275628	[2644]	:	Key	71	DOWN	at	275628  
278922	[3294]	:	Key	71	UP	at	275925  
280965	[2043]	:	Key	71	DOWN	at	280965  
284265	[3300]	:	Key	71	UP	at	281309  
284957	[692]	:	Key	71	DOWN	at	284957  
288250	[3293]	:	Key	71	UP	at	285253  
295101	[6851]	:	Key	71	DOWN	at	295101  
298401	[3300]	:	Key	71	UP	at	295382  
300597	[2196]	:	Key	71	DOWN	at	300597  
303897	[3300]	:	Key	71	UP	at	300877  
306308	[2411]	:	Key	71	DOWN	at	306308  
309608	[3300]	:	Key	71	UP	at	306597  
311620	[2012]	:	Key	71	DOWN	at	311620  
314919	[3299]	:	Key	71	UP	at	311878  
315573	[654]	:	Key	71	DOWN	at	315573  
318852	[3279]	:	Key	71	UP	at	315893  
319948	[1096]	:	Key	71	DOWN	at	319948  
323246	[3298]	:	Key	71	UP	at	320229  
324692	[1446]	:	Key	71	DOWN	at	324692  
327991	[3299]	:	Key	71	UP	at	324965  
328636	[645]	:	Key	71	DOWN	at	328636  
331937	[3301]	:	Key	71	UP	at	328869  
332621	[684]	:	Key	71	DOWN	at	332621  
335909	[3288]	:	Key	71	UP	at	332878  
337365	[1456]	:	Key	71	DOWN	at	337365  
340653	[3288]	:	Key	71	UP	at	338645  
348381	[7728]	:	Key	71	DOWN	at	348381  
351681	[3300]	:	Key	71	UP	at	348662  
357637	[5956]	:	Key	71	DOWN	at	357637  
360937	[3300]	:	Key	71	UP	at	357885  
362828	[1891]	:	Key	71	DOWN	at	362828  
366127	[3299]	:	Key	71	UP	at	363077  
370573	[4446]	:	Key	71	DOWN	at	370573  
373873	[3300]	:	Key	71	UP	at	370797  
375076	[1203]	:	Key	71	DOWN	at	375076  
378375	[3299]	:	Key	71	UP	at	375381  
381725	[3350]	:	Key	71	DOWN	at	381725  
385025	[3300]	:	Key	71	UP	at	382046  
387829	[2804]	:	Key	71	DOWN	at	387829  
391129	[3300]	:	Key	71	UP	at	388037  
396188	[5059]	:	Key	71	DOWN	at	396188  
400135	[3947]	:	Key	71	UP	at	396349  
408653	[8518]	:	Key	71	DOWN	at	408653  
409702	[1049]	:	Key	71	UP	at	409005  
410636	[934]	:	Key	97	DOWN	at	410636  
411778	[1142]	:	Key	97	UP	at	410804  
412596	[818]	:	Key	97	DOWN	at	412596  
413715	[1119]	:	Key	97	UP	at	413681  
414476	[761]	:	Key	97	DOWN	at	414476  
415607	[1131]	:	Key	97	UP	at	414612  
416573	[966]	:	Key	98	DOWN	at	416573  
417680	[1107]	:	Key	98	UP	at	416773  
418997	[1317]	:	Key	97	DOWN	at	418997  
420119	[1122]	:	Key	97	UP	at	419158  
421117	[998]	:	Key	97	DOWN	at	421117  
422244	[1127]	:	Key	97	UP	at	421253  
423444	[1200]	:	Key	97	DOWN	at	423444  
424559	[1115]	:	Key	97	UP	at	423597  
425484	[925]	:	Key	98	DOWN	at	425484  
427195	[1711]	:	Key	98	UP	at	425692  
431988	[4793]	:	Key	71	DOWN	at	431988  
433038	[1050]	:	Key	71	UP	at	432285  
433932	[894]	:	Key	97	DOWN	at	433932  
435057	[1125]	:	Key	97	UP	at	434078  
436149	[1092]	:	Key	97	DOWN	at	436149  
437274	[1125]	:	Key	97	UP	at	436286  
438605	[1331]	:	Key	98	DOWN	at	438605  
439731	[1126]	:	Key	98	UP	at	438822  
440772	[1041]	:	Key	97	DOWN	at	440772  
441889	[1117]	:	Key	97	UP	at	440916  
443665	[1776]	:	Key	98	DOWN	at	443665  
443665	[0]	:	Key	98	UP	at	443665  
445980	[2315]	:	Key	98	DOWN	at	445980  
447106	[1126]	:	Key	98	UP	at	446149  
447884	[778]	:	Key	97	DOWN	at	447884  
449004	[1120]	:	Key	97	UP	at	448045  
450005	[1001]	:	Key	97	DOWN	at	450005  
451206	[1201]	:	Key	97	UP	at	450165  
469037	[17831]	:	Key	71	DOWN	at	469037  
469383	[346]	:	Key	71	UP	at	469182  
475580	[6197]	:	Key	71	DOWN	at	475580  
475853	[273]	:	Key	71	UP	at	475853  
478652	[2799]	:	Key	71	DOWN	at	478652  
478964	[312]	:	Key	71	UP	at	478964  
480252	[1288]	:	Key	97	DOWN	at	480252  
480437	[185]	:	Key	97	UP	at	480437  
482676	[2239]	:	Key	97	DOWN	at	482676  
482868	[192]	:	Key	97	UP	at	482868  
492669	[9801]	:	Key	97	DOWN	at	492669  
492804	[135]	:	Key	97	UP	at	492804  
499357	[6553]	:	Key	98	DOWN	at	499357  
499573	[216]	:	Key	98	UP	at	499573  
500357	[784]	:	Key	98	DOWN	at	500357  
500484	[127]	:	Key	98	UP	at	500484  
505821	[5337]	:	Key	97	DOWN	at	505821  
505957	[136]	:	Key	97	UP	at	505957  
512893	[6936]	:	Key	97	DOWN	at	512893  
513076	[183]	:	Key	97	UP	at	513076  
514509	[1433]	:	Key	97	DOWN	at	514509  
514644	[135]	:	Key	97	UP	at	514644  
516221	[1577]	:	Key	98	DOWN	at	516221  
516365	[144]	:	Key	98	UP	at	516365  
518702	[2337]	:	Key	98	DOWN	at	518702  
518702	[0]	:	Key	98	UP	at	518702  
519212	[510]	:	Key	97	DOWN	at	519212  
519373	[161]	:	Key	97	UP	at	519373  
520868	[1495]	:	Key	97	DOWN	at	520868  
521011	[143]	:	Key	97	UP	at	521011  
532141	[11130]	:	Key	97	DOWN	at	532141  
532268	[127]	:	Key	97	UP	at	532268  
541869	[9601]	:	Key	97	DOWN	at	541869  
542221	[352]	:	Key	97	UP	at	542221  
544949	[2728]	:	Key	97	DOWN	at	544949  
545245	[296]	:	Key	97	UP	at	545245  
545933	[688]	:	Key	97	DOWN	at	545933  
546284	[351]	:	Key	97	UP	at	546284  
547693	[1409]	:	Key	97	DOWN	at	547693  
548727	[1034]	:	Key	97	UP	at	548727  
550741	[2014]	:	Key	97	DOWN	at	550741  
551037	[296]	:	Key	97	UP	at	551037  
556597	[5560]	:	Key	97	DOWN	at	556597  
556869	[272]	:	Key	97	UP	at	556869  
557581	[712]	:	Key	97	DOWN	at	557581  
557861	[280]	:	Key	97	UP	at	557861  
566549	[8688]	:	Key	97	DOWN	at	566549  
566636	[87]	:	Key	97	UP	at	566636  
568853	[2217]	:	Key	97	DOWN	at	568853  
569077	[224]	:	Key	97	UP	at	569077  
599325	[30248]	:	Key	97	DOWN	at	599325  
599485	[160]	:	Key	97	UP	at	599485  
608752	[9267]	:	Key	97	DOWN	at	608752  
608839	[87]	:	Key	97	UP	at	608753  
624332	[15493]	:	Key	97	DOWN	at	624332  
624484	[152]	:	Key	97	UP	at	624484  
638761	[14277]	:	Key	97	DOWN	at	638761  
638761	[0]	:	Key	97	UP	at	638761  
647957	[9196]	:	Key	97	DOWN	at	647957  
648109	[152]	:	Key	97	UP	at	648109  
662933	[14824]	:	Key	71	DOWN	at	662933  
663109	[176]	:	Key	71	UP	at	663109  
666021	[2912]	:	Key	71	DOWN	at	666021  
666221	[200]	:	Key	71	UP	at	666221  
666461	[240]	:	Key	97	DOWN	at	666461  
667461	[1000]	:	Key	97	UP	at	666646  
674037	[6576]	:	Key	71	DOWN	at	674037  
674331	[294]	:	Key	71	UP	at	674213  
675404	[1073]	:	Key	71	DOWN	at	675404  
761980	[86576]	:	Key	71	DOWN	at	761980  
762165	[185]	:	Key	71	UP	at	762165  
766701	[4536]	:	Key	71	DOWN	at	766701  
1387941	[621240]	:	Key	97	DOWN	at	1387941 
1388941	[1000]	:	Key	97	UP	at	1388086 
1392509	[3568]	:	Key	71	DOWN	at	1392509 
2075902	[683393]	:	Key	97	DOWN	at	2075902 
2076902	[1000]	:	Key	97	UP	at	2076014 
2079469	[2567]	:	Key	71	DOWN	at	2079469 
2079473	[4]	:	Key	71	UP	at	2079471 
2725319	[645846]	:	Key	97	DOWN	at	2725319 
2726319	[1000]	:	Key	97	UP	at	2725512 
2729783	[3464]	:	Key	71	DOWN	at	2729783 
3355703	[625920]	:	Key	97	DOWN	at	3355703 
3356703	[1000]	:	Key	97	UP	at	3355856 
3358479	[1776]	:	Key	71	DOWN	at	3358479 
4587776	[1229297]	:	Key	71	DOWN	at	4587776 
4588232	[456]	:	Key	71	UP	at	4587865 
4588401	[169]	:	COGENT STOP
