Cog2000 log file Mon Aug 01 11:18:37 2022
gprim v1.33 Compiled:Aug 12 2015 (GLib DirectDraw v7 DX12.0 Compiled:Aug 12 2015)
Display:1024x768x32 59.81Hz
Attaching F:\Sahar Rajabi\Final MBMF+Drug Task\Cogent2000v1.33\Toolbox\CogInput.mexw64
CogInput v1.05 Compiled: May 20 2010
6	[6]	:	COGENT START
82470	[82464]	:	Key	97	DOWN	at	82468   
82571	[101]	:	Key	97	UP	at	82564   
94973	[12402]	:	Key	97	DOWN	at	94972   
95070	[97]	:	Key	97	UP	at	95069   
121693	[26623]	:	Key	97	DOWN	at	121692  
122693	[1000]	:	Key	97	UP	at	121740  
122694	[1]	:	Key	97	DOWN	at	122565  
122877	[183]	:	Key	97	UP	at	122764  
123484	[607]	:	Key	98	DOWN	at	123484  
123629	[145]	:	Key	98	UP	at	123628  
124886	[1257]	:	Key	98	DOWN	at	124884  
125173	[287]	:	Key	98	UP	at	125171  
125781	[608]	:	Key	98	DOWN	at	125781  
126270	[489]	:	Key	98	UP	at	126268  
126406	[136]	:	Key	97	DOWN	at	126404  
126686	[280]	:	Key	97	UP	at	126685  
127077	[391]	:	Key	98	DOWN	at	127077  
127629	[552]	:	Key	98	UP	at	127629  
132301	[4672]	:	Key	98	DOWN	at	132300  
133412	[1111]	:	Key	98	UP	at	133412  
157388	[23976]	:	Key	97	DOWN	at	157387  
157621	[233]	:	Key	97	UP	at	157620  
158502	[881]	:	Key	98	DOWN	at	158501  
158837	[335]	:	Key	98	UP	at	158836  
159110	[273]	:	Key	97	DOWN	at	159109  
159269	[159]	:	Key	97	UP	at	159269  
161013	[1744]	:	Key	71	DOWN	at	161013  
161258	[245]	:	Key	71	UP	at	161108  
164149	[2891]	:	Key	71	DOWN	at	164148  
167587	[3438]	:	Key	71	UP	at	164236  
170037	[2450]	:	Key	71	DOWN	at	170036  
173348	[3311]	:	Key	71	UP	at	170140  
175493	[2145]	:	Key	71	DOWN	at	175492  
178811	[3318]	:	Key	71	UP	at	175588  
181092	[2281]	:	Key	71	DOWN	at	181091  
184397	[3305]	:	Key	71	UP	at	181219  
185517	[1120]	:	Key	71	DOWN	at	185516  
188821	[3304]	:	Key	71	UP	at	185668  
192013	[3192]	:	Key	71	DOWN	at	192011  
195331	[3318]	:	Key	71	UP	at	192115  
196388	[1057]	:	Key	71	DOWN	at	196388  
199693	[3305]	:	Key	71	UP	at	196516  
205109	[5416]	:	Key	71	DOWN	at	205108  
208426	[3317]	:	Key	71	UP	at	205220  
214533	[6107]	:	Key	71	DOWN	at	214532  
217841	[3308]	:	Key	71	UP	at	214676  
220397	[2556]	:	Key	71	DOWN	at	220396  
223705	[3308]	:	Key	71	UP	at	220548  
228539	[4834]	:	Key	71	DOWN	at	228539  
231853	[3314]	:	Key	71	UP	at	228669  
235653	[3800]	:	Key	71	DOWN	at	235652  
238959	[3306]	:	Key	71	UP	at	235796  
244835	[5876]	:	Key	71	DOWN	at	244835  
248152	[3317]	:	Key	71	UP	at	244964  
250605	[2453]	:	Key	71	DOWN	at	250604  
253912	[3307]	:	Key	71	UP	at	250749  
255069	[1157]	:	Key	71	DOWN	at	255069  
258366	[3297]	:	Key	71	UP	at	255212  
259101	[735]	:	Key	71	DOWN	at	259101  
262403	[3302]	:	Key	71	UP	at	259245  
266077	[3674]	:	Key	71	DOWN	at	266076  
269386	[3309]	:	Key	71	UP	at	266196  
274829	[5443]	:	Key	71	DOWN	at	274828  
278132	[3303]	:	Key	71	UP	at	274933  
279029	[897]	:	Key	71	DOWN	at	279028  
282329	[3300]	:	Key	71	UP	at	279180  
287629	[5300]	:	Key	71	DOWN	at	287629  
290935	[3306]	:	Key	71	UP	at	287765  
291627	[692]	:	Key	71	DOWN	at	291627  
294944	[3317]	:	Key	71	UP	at	291763  
299269	[4325]	:	Key	71	DOWN	at	299269  
302571	[3302]	:	Key	71	UP	at	299421  
307460	[4889]	:	Key	71	DOWN	at	307459  
310780	[3320]	:	Key	71	UP	at	307604  
316804	[6024]	:	Key	71	DOWN	at	316804  
320113	[3309]	:	Key	71	UP	at	316901  
321109	[996]	:	Key	71	DOWN	at	321108  
324415	[3306]	:	Key	71	UP	at	321276  
326901	[2486]	:	Key	71	DOWN	at	326899  
330209	[3308]	:	Key	71	UP	at	327059  
333917	[3708]	:	Key	71	DOWN	at	333916  
337222	[3305]	:	Key	71	UP	at	334036  
338236	[1014]	:	Key	71	DOWN	at	338236  
341543	[3307]	:	Key	71	UP	at	338356  
342662	[1119]	:	Key	71	DOWN	at	342661  
345969	[3307]	:	Key	71	UP	at	342772  
346469	[500]	:	Key	71	DOWN	at	346469  
349773	[3304]	:	Key	71	UP	at	346587  
350396	[623]	:	Key	71	DOWN	at	350396  
353706	[3310]	:	Key	71	UP	at	350508  
355797	[2091]	:	Key	71	DOWN	at	355796  
359107	[3310]	:	Key	71	UP	at	355916  
361236	[2129]	:	Key	71	DOWN	at	361236  
364544	[3308]	:	Key	71	UP	at	361349  
365171	[627]	:	Key	71	DOWN	at	365171  
368472	[3301]	:	Key	71	UP	at	365309  
370525	[2053]	:	Key	71	DOWN	at	370524  
373832	[3307]	:	Key	71	UP	at	370668  
374941	[1109]	:	Key	71	DOWN	at	374940  
378243	[3302]	:	Key	71	UP	at	375069  
380196	[1953]	:	Key	71	DOWN	at	380195  
383513	[3317]	:	Key	71	UP	at	380325  
383852	[339]	:	Key	71	DOWN	at	383852  
387157	[3305]	:	Key	71	UP	at	383956  
395293	[8136]	:	Key	71	DOWN	at	395293  
398601	[3308]	:	Key	71	UP	at	395421  
400989	[2388]	:	Key	71	DOWN	at	400988  
404297	[3308]	:	Key	71	UP	at	401148  
405588	[1291]	:	Key	71	DOWN	at	405588  
408904	[3316]	:	Key	71	UP	at	405692  
410868	[1964]	:	Key	71	DOWN	at	410868  
414176	[3308]	:	Key	71	UP	at	410988  
414564	[388]	:	Key	71	DOWN	at	414564  
417879	[3315]	:	Key	71	UP	at	414843  
418389	[510]	:	Key	71	DOWN	at	418389  
421692	[3303]	:	Key	71	UP	at	418549  
421733	[41]	:	Key	71	DOWN	at	421732  
425040	[3307]	:	Key	71	UP	at	421844  
427846	[2806]	:	Key	71	DOWN	at	427845  
431154	[3308]	:	Key	71	UP	at	427965  
432517	[1363]	:	Key	71	DOWN	at	432516  
435825	[3308]	:	Key	71	UP	at	432660  
440700	[4875]	:	Key	71	DOWN	at	440700  
444702	[4002]	:	Key	71	UP	at	440796  
467019	[22317]	:	Key	71	DOWN	at	467019  
468081	[1062]	:	Key	71	UP	at	467115  
469747	[1666]	:	Key	97	DOWN	at	469747  
470862	[1115]	:	Key	97	UP	at	469883  
473261	[2399]	:	Key	97	DOWN	at	473260  
474404	[1143]	:	Key	97	UP	at	473363  
476020	[1616]	:	Key	97	DOWN	at	476020  
477137	[1117]	:	Key	97	UP	at	476140  
478605	[1468]	:	Key	98	DOWN	at	478605  
479712	[1107]	:	Key	98	UP	at	478739  
480918	[1206]	:	Key	97	DOWN	at	480917  
482032	[1114]	:	Key	97	UP	at	481045  
483637	[1605]	:	Key	98	DOWN	at	483636  
484776	[1139]	:	Key	98	UP	at	483764  
487046	[2270]	:	Key	97	DOWN	at	487045  
488183	[1137]	:	Key	97	UP	at	487173  
490989	[2806]	:	Key	97	DOWN	at	490989  
492747	[1758]	:	Key	97	UP	at	491116  
504022	[11275]	:	Key	71	DOWN	at	504021  
505078	[1056]	:	Key	71	UP	at	504100  
508172	[3094]	:	Key	98	DOWN	at	508171  
509293	[1121]	:	Key	98	UP	at	508291  
510436	[1143]	:	Key	98	DOWN	at	510436  
511582	[1146]	:	Key	98	UP	at	510556  
512909	[1327]	:	Key	98	DOWN	at	512908  
514015	[1106]	:	Key	98	UP	at	513013  
515533	[1518]	:	Key	98	DOWN	at	515533  
516654	[1121]	:	Key	98	UP	at	515628  
519421	[2767]	:	Key	98	DOWN	at	519419  
520556	[1135]	:	Key	98	UP	at	519500  
523260	[2704]	:	Key	98	DOWN	at	523260  
524392	[1132]	:	Key	98	UP	at	523355  
527636	[3244]	:	Key	97	DOWN	at	527635  
528763	[1127]	:	Key	97	UP	at	527748  
530269	[1506]	:	Key	98	DOWN	at	530268  
531480	[1211]	:	Key	98	UP	at	530372  
549605	[18125]	:	Key	71	DOWN	at	549604  
549951	[346]	:	Key	71	UP	at	549781  
553981	[4030]	:	Key	71	DOWN	at	553981  
554092	[111]	:	Key	71	UP	at	554092  
555468	[1376]	:	Key	71	DOWN	at	555467  
558771	[3303]	:	Key	71	UP	at	555572  
559924	[1153]	:	Key	71	DOWN	at	559924  
563227	[3303]	:	Key	71	UP	at	560052  
564076	[849]	:	Key	71	DOWN	at	564076  
567370	[3294]	:	Key	71	UP	at	564260  
568749	[1379]	:	Key	71	DOWN	at	568748  
572047	[3298]	:	Key	71	UP	at	568909  
573772	[1725]	:	Key	71	DOWN	at	573771  
577086	[3314]	:	Key	71	UP	at	573941  
580566	[3480]	:	Key	71	DOWN	at	580564  
583873	[3307]	:	Key	71	UP	at	580732  
585227	[1354]	:	Key	71	DOWN	at	585227  
588531	[3304]	:	Key	71	UP	at	585371  
590493	[1962]	:	Key	71	DOWN	at	590492  
593797	[3304]	:	Key	71	UP	at	590605  
594573	[776]	:	Key	71	DOWN	at	594573  
597880	[3307]	:	Key	71	UP	at	594717  
598389	[509]	:	Key	71	DOWN	at	598389  
601694	[3305]	:	Key	71	UP	at	598564  
603861	[2167]	:	Key	71	DOWN	at	603860  
607167	[3306]	:	Key	71	UP	at	603988  
609500	[2333]	:	Key	71	DOWN	at	609500  
612804	[3304]	:	Key	71	UP	at	609613  
614979	[2175]	:	Key	71	DOWN	at	614979  
618298	[3319]	:	Key	71	UP	at	615117  
619350	[1052]	:	Key	71	DOWN	at	619349  
622655	[3305]	:	Key	71	UP	at	619524  
623182	[527]	:	Key	71	DOWN	at	623181  
626496	[3314]	:	Key	71	UP	at	623332  
627653	[1157]	:	Key	71	DOWN	at	627652  
631562	[3909]	:	Key	71	UP	at	627788  
631563	[1]	:	Key	71	DOWN	at	630940  
631563	[0]	:	Key	71	UP	at	631076  
638542	[6979]	:	Key	71	DOWN	at	638541  
639596	[1054]	:	Key	71	UP	at	638637  
641340	[1744]	:	Key	97	DOWN	at	641340  
642471	[1131]	:	Key	97	UP	at	641428  
643716	[1245]	:	Key	97	DOWN	at	643715  
644832	[1116]	:	Key	97	UP	at	643787  
646700	[1868]	:	Key	97	DOWN	at	646700  
647834	[1134]	:	Key	97	UP	at	646764  
650755	[2921]	:	Key	97	DOWN	at	650755  
651886	[1131]	:	Key	97	UP	at	650827  
653293	[1407]	:	Key	97	DOWN	at	653291  
654433	[1140]	:	Key	97	UP	at	653371  
655428	[995]	:	Key	98	DOWN	at	655428  
656565	[1137]	:	Key	98	UP	at	655509  
657789	[1224]	:	Key	98	DOWN	at	657788  
658937	[1148]	:	Key	98	UP	at	657860  
660461	[1524]	:	Key	98	DOWN	at	660460  
662128	[1667]	:	Key	98	UP	at	660548  
665869	[3741]	:	Key	71	DOWN	at	665868  
666918	[1049]	:	Key	71	UP	at	665964  
670037	[3119]	:	Key	98	DOWN	at	670036  
671177	[1140]	:	Key	98	UP	at	670116  
672349	[1172]	:	Key	97	DOWN	at	672348  
673481	[1132]	:	Key	97	UP	at	672436  
674381	[900]	:	Key	98	DOWN	at	674380  
675518	[1137]	:	Key	98	UP	at	674452  
676677	[1159]	:	Key	98	DOWN	at	676677  
677799	[1122]	:	Key	98	UP	at	676733  
678829	[1030]	:	Key	97	DOWN	at	678829  
679963	[1134]	:	Key	97	UP	at	678916  
680710	[747]	:	Key	98	DOWN	at	680709  
681847	[1137]	:	Key	98	UP	at	680796  
683982	[2135]	:	Key	98	DOWN	at	683980  
685124	[1142]	:	Key	98	UP	at	684044  
686236	[1112]	:	Key	97	DOWN	at	686236  
687421	[1185]	:	Key	97	UP	at	686309  
696852	[9431]	:	Key	71	DOWN	at	696852  
697177	[325]	:	Key	71	UP	at	696917  
698717	[1540]	:	Key	71	DOWN	at	698717  
698829	[112]	:	Key	71	UP	at	698829  
702333	[3504]	:	Key	71	DOWN	at	702332  
705643	[3310]	:	Key	71	UP	at	702403  
708710	[3067]	:	Key	71	DOWN	at	708709  
712026	[3316]	:	Key	71	UP	at	708861  
713230	[1204]	:	Key	71	DOWN	at	713228  
716524	[3294]	:	Key	71	UP	at	713315  
719845	[3321]	:	Key	71	DOWN	at	719845  
723147	[3302]	:	Key	71	UP	at	719948  
724525	[1378]	:	Key	71	DOWN	at	724524  
727831	[3306]	:	Key	71	UP	at	724644  
728989	[1158]	:	Key	71	DOWN	at	728988  
732294	[3305]	:	Key	71	UP	at	729140  
732805	[511]	:	Key	71	DOWN	at	732804  
736109	[3304]	:	Key	71	UP	at	732947  
736604	[495]	:	Key	71	DOWN	at	736604  
740479	[3875]	:	Key	71	UP	at	736740  
742156	[1677]	:	Key	71	DOWN	at	742155  
743208	[1052]	:	Key	71	UP	at	742243  
744101	[893]	:	Key	97	DOWN	at	744100  
745232	[1131]	:	Key	97	UP	at	744165  
746356	[1124]	:	Key	97	DOWN	at	746356  
747489	[1133]	:	Key	97	UP	at	746437  
748494	[1005]	:	Key	97	DOWN	at	748493  
749628	[1134]	:	Key	97	UP	at	748580  
750558	[930]	:	Key	97	DOWN	at	750557  
751680	[1122]	:	Key	97	UP	at	750636  
752358	[678]	:	Key	98	DOWN	at	752355  
753491	[1133]	:	Key	98	UP	at	752435  
756637	[3146]	:	Key	97	DOWN	at	756637  
757766	[1129]	:	Key	97	UP	at	756683  
758772	[1006]	:	Key	98	DOWN	at	758772  
759912	[1140]	:	Key	98	UP	at	758868  
763964	[4052]	:	Key	97	DOWN	at	763963  
765609	[1645]	:	Key	97	UP	at	764035  
769054	[3445]	:	Key	71	DOWN	at	769053  
770115	[1061]	:	Key	71	UP	at	769164  
771469	[1354]	:	Key	97	DOWN	at	771468  
772579	[1110]	:	Key	97	UP	at	771572  
774702	[2123]	:	Key	98	DOWN	at	774701  
775836	[1134]	:	Key	98	UP	at	774781  
777046	[1210]	:	Key	97	DOWN	at	777045  
778163	[1117]	:	Key	97	UP	at	777164  
779006	[843]	:	Key	98	DOWN	at	779005  
780132	[1126]	:	Key	98	UP	at	779100  
782612	[2480]	:	Key	98	DOWN	at	782612  
783733	[1121]	:	Key	98	UP	at	782675  
785613	[1880]	:	Key	98	DOWN	at	785612  
786745	[1132]	:	Key	98	UP	at	785707  
788148	[1403]	:	Key	98	DOWN	at	788147  
789253	[1105]	:	Key	98	UP	at	788187  
794221	[4968]	:	Key	97	DOWN	at	794221  
795399	[1178]	:	Key	97	UP	at	794269  
798181	[2782]	:	Key	71	DOWN	at	798180  
798495	[314]	:	Key	71	UP	at	798285  
799659	[1164]	:	Key	71	DOWN	at	799659  
799756	[97]	:	Key	71	UP	at	799755  
801717	[1961]	:	Key	71	DOWN	at	801716  
805028	[3311]	:	Key	71	UP	at	801804  
806772	[1744]	:	Key	71	DOWN	at	806772  
810079	[3307]	:	Key	71	UP	at	806885  
811414	[1335]	:	Key	71	DOWN	at	811413  
814703	[3289]	:	Key	71	UP	at	811580  
815172	[469]	:	Key	71	DOWN	at	815172  
818478	[3306]	:	Key	71	UP	at	815283  
821251	[2773]	:	Key	71	DOWN	at	821251  
824544	[3293]	:	Key	71	UP	at	821348  
825997	[1453]	:	Key	71	DOWN	at	825996  
829303	[3306]	:	Key	71	UP	at	826124  
829998	[695]	:	Key	71	DOWN	at	829997  
833297	[3299]	:	Key	71	UP	at	830132  
833299	[2]	:	Key	71	DOWN	at	832357  
833300	[1]	:	Key	71	UP	at	832501  
835173	[1873]	:	Key	71	DOWN	at	835171  
839072	[3899]	:	Key	71	UP	at	835324  
839773	[701]	:	Key	71	DOWN	at	839772  
840827	[1054]	:	Key	71	UP	at	839861  
842084	[1257]	:	Key	97	DOWN	at	842084  
843204	[1120]	:	Key	97	UP	at	842148  
844109	[905]	:	Key	97	DOWN	at	844109  
845243	[1134]	:	Key	97	UP	at	844173  
846565	[1322]	:	Key	97	DOWN	at	846565  
847700	[1135]	:	Key	97	UP	at	846645  
848997	[1297]	:	Key	97	DOWN	at	848997  
850145	[1148]	:	Key	97	UP	at	849069  
850996	[851]	:	Key	98	DOWN	at	850996  
852133	[1137]	:	Key	98	UP	at	851085  
853132	[999]	:	Key	97	DOWN	at	853132  
854263	[1131]	:	Key	97	UP	at	853204  
855494	[1231]	:	Key	97	DOWN	at	855493  
856615	[1121]	:	Key	97	UP	at	855572  
857396	[781]	:	Key	97	DOWN	at	857396  
859054	[1658]	:	Key	97	UP	at	857460  
869957	[10903]	:	Key	71	DOWN	at	869957  
871023	[1066]	:	Key	71	UP	at	870037  
872101	[1078]	:	Key	98	DOWN	at	872100  
873222	[1121]	:	Key	98	UP	at	872179  
874364	[1142]	:	Key	97	DOWN	at	874364  
875481	[1117]	:	Key	97	UP	at	874444  
877149	[1668]	:	Key	97	DOWN	at	877149  
878294	[1145]	:	Key	97	UP	at	877204  
879556	[1262]	:	Key	98	DOWN	at	879556  
880650	[1094]	:	Key	98	UP	at	879628  
881820	[1170]	:	Key	98	DOWN	at	881820  
882942	[1122]	:	Key	98	UP	at	881900  
883757	[815]	:	Key	97	DOWN	at	883756  
884898	[1141]	:	Key	97	UP	at	883820  
886469	[1571]	:	Key	97	DOWN	at	886469  
887601	[1132]	:	Key	97	UP	at	886533  
888364	[763]	:	Key	97	DOWN	at	888364  
889556	[1192]	:	Key	97	UP	at	888444  
892453	[2897]	:	Key	71	DOWN	at	892452  
892790	[337]	:	Key	71	UP	at	892587  
918933	[26143]	:	Key	97	DOWN	at	918932  
919050	[117]	:	Key	97	UP	at	918996  
983596	[64546]	:	Key	97	DOWN	at	983596  
983707	[111]	:	Key	97	UP	at	983707  
996189	[12482]	:	Key	98	DOWN	at	996188  
996333	[144]	:	Key	98	UP	at	996332  
996965	[632]	:	Key	97	DOWN	at	996965  
997056	[91]	:	Key	97	UP	at	997052  
1023452	[26396]	:	Key	97	DOWN	at	1023451 
1023548	[96]	:	Key	97	UP	at	1023547 
1026989	[3441]	:	Key	98	DOWN	at	1026989 
1027077	[88]	:	Key	98	UP	at	1027060 
1030789	[3712]	:	Key	97	DOWN	at	1030789 
1030880	[91]	:	Key	97	UP	at	1030836 
1038636	[7756]	:	Key	97	DOWN	at	1038636 
1038733	[97]	:	Key	97	UP	at	1038733 
1057757	[19024]	:	Key	97	DOWN	at	1057756 
1057858	[101]	:	Key	97	UP	at	1057844 
1074285	[16427]	:	Key	97	DOWN	at	1074283 
1074394	[109]	:	Key	97	UP	at	1074363 
1091068	[16674]	:	Key	97	DOWN	at	1091067 
1091176	[108]	:	Key	97	UP	at	1091172 
1111469	[20293]	:	Key	97	DOWN	at	1111468 
1111574	[105]	:	Key	97	UP	at	1111524 
1121429	[9855]	:	Key	97	DOWN	at	1121429 
1121546	[117]	:	Key	97	UP	at	1121507 
1126228	[4682]	:	Key	98	DOWN	at	1126228 
1126317	[89]	:	Key	98	UP	at	1126316 
1129829	[3512]	:	Key	97	DOWN	at	1129828 
1129923	[94]	:	Key	97	UP	at	1129868 
1131605	[1682]	:	Key	98	DOWN	at	1131604 
1131708	[103]	:	Key	98	UP	at	1131708 
1133989	[2281]	:	Key	98	DOWN	at	1133988 
1134091	[102]	:	Key	98	UP	at	1134091 
1139763	[5672]	:	Key	97	DOWN	at	1139763 
1139876	[113]	:	Key	97	UP	at	1139875 
1141941	[2065]	:	Key	97	DOWN	at	1141940 
1142044	[103]	:	Key	97	UP	at	1142044 
1190229	[48185]	:	Key	97	DOWN	at	1190228 
1190331	[102]	:	Key	97	UP	at	1190324 
1206100	[15769]	:	Key	97	DOWN	at	1206099 
1206201	[101]	:	Key	97	UP	at	1206131 
1226108	[19907]	:	Key	97	DOWN	at	1226108 
1226204	[96]	:	Key	97	UP	at	1226203 
1241213	[15009]	:	Key	97	DOWN	at	1241213 
1241303	[90]	:	Key	97	UP	at	1241285 
1249581	[8278]	:	Key	97	DOWN	at	1249580 
1249668	[87]	:	Key	97	UP	at	1249660 
1261668	[12000]	:	Key	97	DOWN	at	1261667 
1261765	[97]	:	Key	97	UP	at	1261683 
1290285	[28520]	:	Key	97	DOWN	at	1290284 
1290385	[100]	:	Key	97	UP	at	1290364 
1299412	[9027]	:	Key	97	DOWN	at	1299412 
1299539	[127]	:	Key	97	UP	at	1299476 
1354909	[55370]	:	Key	97	DOWN	at	1354909 
1355018	[109]	:	Key	97	UP	at	1355013 
1365597	[10579]	:	Key	98	DOWN	at	1365597 
1365701	[104]	:	Key	98	UP	at	1365701 
1385509	[19808]	:	Key	97	DOWN	at	1385508 
1385602	[93]	:	Key	97	UP	at	1385596 
1386636	[1034]	:	Key	98	DOWN	at	1386635 
1386756	[120]	:	Key	98	UP	at	1386755 
1389989	[3233]	:	Key	98	DOWN	at	1389988 
1390124	[135]	:	Key	98	UP	at	1390123 
1390412	[288]	:	Key	97	DOWN	at	1390412 
1390533	[121]	:	Key	97	UP	at	1390532 
1390812	[279]	:	Key	97	DOWN	at	1390812 
1390973	[161]	:	Key	97	UP	at	1390972 
1395596	[4623]	:	Key	97	DOWN	at	1395596 
1395693	[97]	:	Key	97	UP	at	1395692 
1404461	[8768]	:	Key	98	DOWN	at	1404461 
1404621	[160]	:	Key	98	UP	at	1404620 
1404780	[159]	:	Key	98	DOWN	at	1404780 
1404934	[154]	:	Key	98	UP	at	1404932 
1442333	[37399]	:	Key	97	DOWN	at	1442332 
1442433	[100]	:	Key	97	UP	at	1442428 
1460341	[17908]	:	Key	97	DOWN	at	1460341 
1460426	[85]	:	Key	97	UP	at	1460365 
1471924	[11498]	:	Key	97	DOWN	at	1471924 
1472925	[1001]	:	Key	97	UP	at	1472029 
1473147	[222]	:	Key	71	DOWN	at	1473147 
1473458	[311]	:	Key	71	UP	at	1473227 
1475604	[2146]	:	Key	98	DOWN	at	1475604 
1475804	[200]	:	Key	98	UP	at	1475804 
1477269	[1465]	:	Key	98	DOWN	at	1477268 
1477501	[232]	:	Key	98	UP	at	1477500 
1477509	[8]	:	Key	97	DOWN	at	1477508 
1477678	[169]	:	Key	97	UP	at	1477677 
1477774	[96]	:	Key	98	DOWN	at	1477773 
1477892	[118]	:	Key	97	DOWN	at	1477892 
1477988	[96]	:	Key	98	UP	at	1477988 
1478038	[50]	:	Key	97	UP	at	1478036 
1478243	[205]	:	Key	98	DOWN	at	1478243 
1478285	[42]	:	Key	97	DOWN	at	1478283 
1478347	[62]	:	Key	98	UP	at	1478347 
1478405	[58]	:	Key	97	UP	at	1478404 
1478581	[176]	:	Key	97	DOWN	at	1478580 
1478715	[134]	:	Key	97	UP	at	1478715 
1478996	[281]	:	Key	71	DOWN	at	1478996 
1479147	[151]	:	Key	71	UP	at	1479100 
1670173	[191026]	:	Key	71	DOWN	at	1670172 
1670292	[119]	:	Key	71	UP	at	1670291 
1672244	[1952]	:	Key	71	DOWN	at	1672243 
2376157	[703913]	:	Key	97	DOWN	at	2376157 
2377158	[1001]	:	Key	97	UP	at	2376229 
2379541	[2383]	:	Key	71	DOWN	at	2379541 
2990796	[611255]	:	Key	71	DOWN	at	2990795 
2990883	[87]	:	Key	71	UP	at	2990883 
2992555	[1672]	:	Key	97	DOWN	at	2992555 
2993556	[1001]	:	Key	97	UP	at	2992627 
2996604	[3048]	:	Key	71	DOWN	at	2996604 
3637717	[641113]	:	Key	97	DOWN	at	3637716 
3638717	[1000]	:	Key	97	UP	at	3637803 
3639860	[1143]	:	Key	71	DOWN	at	3639860 
4322269	[682409]	:	Key	71	DOWN	at	4322268 
4322340	[71]	:	Key	71	UP	at	4322340 
4323028	[688]	:	Key	97	DOWN	at	4323027 
4324027	[999]	:	Key	97	UP	at	4323140 
4326076	[2049]	:	Key	71	DOWN	at	4326076 
5457349	[1131273]	:	Key	71	DOWN	at	5457348 
5457436	[87]	:	COGENT STOP
