Cog2000 log file Sat Jan 02 23:19:43 2021
gprim v1.33 Compiled:Aug 12 2015 (GLib DirectDraw v7 DX12.0 Compiled:Aug 12 2015)
Display:1024x768x32 60.02Hz
Attaching C:\Sahar Rajabi\Final MBMF+Drug Task\Cogent2000v1.33\Toolbox\CogInput.mexw64
CogInput v1.05 Compiled: May 20 2010
5	[5]	:	COGENT START
36242	[36237]	:	Key	97	DOWN	at	36241   
36331	[89]	:	Key	97	UP	at	36289   
55225	[18894]	:	Key	97	DOWN	at	55225   
55321	[96]	:	Key	97	UP	at	55320   
77546	[22225]	:	Key	97	DOWN	at	77546   
78547	[1001]	:	Key	97	UP	at	77617   
89704	[11157]	:	Key	71	DOWN	at	89704   
89923	[219]	:	Key	71	UP	at	89833   
105384	[15461]	:	Key	71	DOWN	at	105384  
108810	[3426]	:	Key	71	UP	at	105505  
113330	[4520]	:	Key	71	DOWN	at	113330  
116651	[3321]	:	Key	71	UP	at	113458  
119481	[2830]	:	Key	71	DOWN	at	119481  
122766	[3285]	:	Key	71	UP	at	119641  
125074	[2308]	:	Key	71	DOWN	at	125073  
128388	[3314]	:	Key	71	UP	at	125218  
131745	[3357]	:	Key	71	DOWN	at	131745  
135054	[3309]	:	Key	71	UP	at	131889  
139209	[4155]	:	Key	71	DOWN	at	139209  
142519	[3310]	:	Key	71	UP	at	139353  
161241	[18722]	:	Key	71	DOWN	at	161241  
164554	[3313]	:	Key	71	UP	at	161386  
168562	[4008]	:	Key	71	DOWN	at	168562  
171873	[3311]	:	Key	71	UP	at	168673  
182977	[11104]	:	Key	71	DOWN	at	182977  
186284	[3307]	:	Key	71	UP	at	183081  
188833	[2549]	:	Key	71	DOWN	at	188833  
192141	[3308]	:	Key	71	UP	at	188953  
199274	[7133]	:	Key	71	DOWN	at	199273  
202579	[3305]	:	Key	71	UP	at	199434  
207866	[5287]	:	Key	71	DOWN	at	207866  
211175	[3309]	:	Key	71	UP	at	207969  
214523	[3348]	:	Key	71	DOWN	at	214522  
217837	[3314]	:	Key	71	UP	at	214713  
220578	[2741]	:	Key	71	DOWN	at	220578  
223888	[3310]	:	Key	71	UP	at	220738  
226090	[2202]	:	Key	71	DOWN	at	226090  
229398	[3308]	:	Key	71	UP	at	226265  
232224	[2826]	:	Key	71	DOWN	at	232224  
235535	[3311]	:	Key	71	UP	at	232418  
243513	[7978]	:	Key	71	DOWN	at	243513  
246826	[3313]	:	Key	71	UP	at	243665  
254866	[8040]	:	Key	71	DOWN	at	254866  
258177	[3311]	:	Key	71	UP	at	255024  
261826	[3649]	:	Key	71	DOWN	at	261825  
265133	[3307]	:	Key	71	UP	at	261986  
267826	[2693]	:	Key	71	DOWN	at	267824  
271137	[3311]	:	Key	71	UP	at	267953  
283226	[12089]	:	Key	71	DOWN	at	283225  
286534	[3308]	:	Key	71	UP	at	283409  
289914	[3380]	:	Key	71	DOWN	at	289914  
293225	[3311]	:	Key	71	UP	at	290089  
301226	[8001]	:	Key	71	DOWN	at	301225  
304536	[3310]	:	Key	71	UP	at	301369  
327794	[23258]	:	Key	71	DOWN	at	327793  
331107	[3313]	:	Key	71	UP	at	328041  
352857	[21750]	:	Key	71	DOWN	at	352857  
356166	[3309]	:	Key	71	UP	at	353090  
362089	[5923]	:	Key	71	DOWN	at	362089  
365400	[3311]	:	Key	71	UP	at	362298  
374011	[8611]	:	Key	71	DOWN	at	374010  
377318	[3307]	:	Key	71	UP	at	374242  
380507	[3189]	:	Key	71	DOWN	at	380506  
383815	[3308]	:	Key	71	UP	at	380673  
386609	[2794]	:	Key	71	DOWN	at	386608  
389921	[3312]	:	Key	71	UP	at	386881  
391416	[1495]	:	Key	71	DOWN	at	391416  
394725	[3309]	:	Key	71	UP	at	391577  
411043	[16318]	:	Key	71	DOWN	at	411042  
414353	[3310]	:	Key	71	UP	at	411297  
418274	[3921]	:	Key	71	DOWN	at	418274  
421582	[3308]	:	Key	71	UP	at	418537  
429595	[8013]	:	Key	71	DOWN	at	429594  
432904	[3309]	:	Key	71	UP	at	429802  
436026	[3122]	:	Key	71	DOWN	at	436025  
439340	[3314]	:	Key	71	UP	at	436306  
441371	[2031]	:	Key	71	DOWN	at	441370  
444679	[3308]	:	Key	71	UP	at	441553  
445978	[1299]	:	Key	71	DOWN	at	445978  
449287	[3309]	:	Key	71	UP	at	446170  
451123	[1836]	:	Key	71	DOWN	at	451121  
454436	[3313]	:	Key	71	UP	at	451282  
455554	[1118]	:	Key	71	DOWN	at	455553  
458865	[3311]	:	Key	71	UP	at	455762  
460058	[1193]	:	Key	71	DOWN	at	460058  
463368	[3310]	:	Key	71	UP	at	460282  
466682	[3314]	:	Key	71	DOWN	at	466681  
469990	[3308]	:	Key	71	UP	at	466898  
471522	[1532]	:	Key	71	DOWN	at	471521  
474834	[3312]	:	Key	71	UP	at	471785  
475778	[944]	:	Key	71	DOWN	at	475777  
479088	[3310]	:	Key	71	UP	at	476073  
480386	[1298]	:	Key	71	DOWN	at	480385  
483695	[3309]	:	Key	71	UP	at	480625  
484843	[1148]	:	Key	71	DOWN	at	484842  
488155	[3312]	:	Key	71	UP	at	485081  
489178	[1023]	:	Key	71	DOWN	at	489177  
492484	[3306]	:	Key	71	UP	at	489418  
493194	[710]	:	Key	71	DOWN	at	493193  
496505	[3311]	:	Key	71	UP	at	493498  
497371	[866]	:	Key	71	DOWN	at	497370  
500683	[3312]	:	Key	71	UP	at	497650  
501691	[1008]	:	Key	71	DOWN	at	501689  
505644	[3953]	:	Key	71	UP	at	501962  
527531	[21887]	:	Key	71	DOWN	at	527530  
528581	[1050]	:	Key	71	UP	at	527729  
530123	[1542]	:	Key	97	DOWN	at	530122  
531236	[1113]	:	Key	97	UP	at	530217  
532794	[1558]	:	Key	97	DOWN	at	532794  
533918	[1124]	:	Key	97	UP	at	532882  
535154	[1236]	:	Key	97	DOWN	at	535154  
536278	[1124]	:	Key	97	UP	at	535242  
537122	[844]	:	Key	98	DOWN	at	537122  
538226	[1104]	:	Key	98	UP	at	537178  
538994	[768]	:	Key	97	DOWN	at	538994  
540080	[1086]	:	Key	97	UP	at	539066  
541065	[985]	:	Key	97	DOWN	at	541065  
542181	[1116]	:	Key	97	UP	at	541122  
542873	[692]	:	Key	97	DOWN	at	542873  
543982	[1109]	:	Key	97	UP	at	542929  
544809	[827]	:	Key	98	DOWN	at	544809  
546474	[1665]	:	Key	98	UP	at	544857  
558705	[12231]	:	Key	71	DOWN	at	558705  
559751	[1046]	:	Key	71	UP	at	558914  
560793	[1042]	:	Key	97	DOWN	at	560793  
561907	[1114]	:	Key	97	UP	at	560857  
562865	[958]	:	Key	97	DOWN	at	562865  
563993	[1128]	:	Key	97	UP	at	562945  
565458	[1465]	:	Key	98	DOWN	at	565457  
566570	[1112]	:	Key	98	UP	at	565521  
567338	[768]	:	Key	97	DOWN	at	567337  
568446	[1108]	:	Key	97	UP	at	567409  
569569	[1123]	:	Key	98	DOWN	at	569569  
570687	[1118]	:	Key	98	UP	at	569666  
571498	[811]	:	Key	98	DOWN	at	571498  
572606	[1108]	:	Key	98	UP	at	571601  
574114	[1508]	:	Key	97	DOWN	at	574114  
575223	[1109]	:	Key	97	UP	at	574177  
576034	[811]	:	Key	97	DOWN	at	576033  
577221	[1187]	:	Key	97	UP	at	576113  
583714	[6493]	:	Key	71	DOWN	at	583713  
584046	[332]	:	Key	71	UP	at	583835  
742843	[158797]	:	Key	97	DOWN	at	742842  
742946	[103]	:	Key	97	UP	at	742945  
759723	[16777]	:	Key	97	DOWN	at	759723  
759833	[110]	:	Key	97	UP	at	759833  
774746	[14913]	:	Key	97	DOWN	at	774745  
774897	[151]	:	Key	97	UP	at	774897  
784012	[9115]	:	Key	97	DOWN	at	784010  
784121	[109]	:	Key	97	UP	at	784097  
800593	[16472]	:	Key	97	DOWN	at	800593  
800722	[129]	:	Key	97	UP	at	800722  
821035	[20313]	:	Key	97	DOWN	at	821034  
821145	[110]	:	Key	97	UP	at	821145  
828057	[6912]	:	Key	97	DOWN	at	828057  
828155	[98]	:	Key	97	UP	at	828154  
841515	[13360]	:	Key	97	DOWN	at	841514  
841600	[85]	:	Key	97	UP	at	841587  
867947	[26347]	:	Key	97	DOWN	at	867946  
868033	[86]	:	Key	97	UP	at	868026  
876642	[8609]	:	Key	97	DOWN	at	876641  
876786	[144]	:	Key	97	UP	at	876786  
885194	[8408]	:	Key	97	DOWN	at	885193  
885323	[129]	:	Key	97	UP	at	885322  
897555	[12232]	:	Key	97	DOWN	at	897554  
897657	[102]	:	Key	97	UP	at	897657  
914355	[16698]	:	Key	97	DOWN	at	914354  
914474	[119]	:	Key	97	UP	at	914473  
922107	[7633]	:	Key	97	DOWN	at	922107  
922219	[112]	:	Key	97	UP	at	922218  
933778	[11559]	:	Key	97	DOWN	at	933778  
933874	[96]	:	Key	97	UP	at	933873  
945002	[11128]	:	Key	97	DOWN	at	945002  
945114	[112]	:	Key	97	UP	at	945114  
952778	[7664]	:	Key	97	DOWN	at	952778  
952891	[113]	:	Key	97	UP	at	952890  
966042	[13151]	:	Key	97	DOWN	at	966041  
966122	[80]	:	Key	97	UP	at	966122  
977162	[11040]	:	Key	97	DOWN	at	977161  
977274	[112]	:	Key	97	UP	at	977274  
989995	[12721]	:	Key	97	DOWN	at	989995  
990996	[1001]	:	Key	97	UP	at	990083  
995764	[4768]	:	Key	71	DOWN	at	995763  
995765	[1]	:	Key	13	DOWN	at	995763  
996060	[295]	:	Key	13	UP	at	995803  
996060	[0]	:	Key	71	UP	at	995889  
997419	[1359]	:	Key	71	DOWN	at	997419  
1098395	[100976]	:	Key	71	DOWN	at	1098394 
1098470	[75]	:	Key	71	UP	at	1098466 
1111194	[12724]	:	Key	71	DOWN	at	1111194 
1677067	[565873]	:	Key	97	DOWN	at	1677066 
1678066	[999]	:	Key	97	UP	at	1677147 
1680826	[2760]	:	Key	71	DOWN	at	1680826 
2239339	[558513]	:	Key	97	DOWN	at	2239338 
2240338	[999]	:	Key	97	UP	at	2239436 
2253363	[13025]	:	Key	71	DOWN	at	2253363 
2784421	[531058]	:	Key	97	DOWN	at	2784421 
2785422	[1001]	:	Key	97	UP	at	2784540 
2795757	[10335]	:	Key	71	DOWN	at	2795756 
3323454	[527697]	:	Key	71	DOWN	at	3323453 
3323573	[119]	:	Key	71	UP	at	3323573 
3324732	[1159]	:	Key	97	DOWN	at	3324732 
3325733	[1001]	:	Key	97	UP	at	3324813 
3332333	[6600]	:	Key	71	DOWN	at	3332333 
3864006	[531673]	:	Key	71	DOWN	at	3864005 
3864066	[60]	:	COGENT STOP
