Cog2000 log file Sat Dec 26 23:44:53 2020
gprim v1.33 Compiled:Aug 12 2015 (GLib DirectDraw v7 DX12.0 Compiled:Aug 12 2015)
Display:1024x768x32 59.95Hz
Attaching C:\Sahar Rajabi\Final MBMF+Drug Task\Cogent2000v1.33\Toolbox\CogInput.mexw64
CogInput v1.05 Compiled: May 20 2010
5	[5]	:	COGENT START
28114	[28109]	:	Key	71	DOWN	at	28112   
28248	[134]	:	Key	71	UP	at	28247   
216567	[188319]	:	Key	98	DOWN	at	216567  
216713	[146]	:	Key	98	UP	at	216712  
219024	[2311]	:	Key	97	DOWN	at	219024  
219101	[77]	:	Key	97	UP	at	219095  
242800	[23699]	:	Key	97	DOWN	at	242800  
242884	[84]	:	Key	97	UP	at	242880  
269217	[26333]	:	Key	97	DOWN	at	269216  
270216	[999]	:	Key	97	UP	at	269288  
293961	[23745]	:	Key	97	DOWN	at	293960  
294089	[128]	:	Key	97	UP	at	294088  
296961	[2872]	:	Key	71	DOWN	at	296959  
297208	[247]	:	Key	71	UP	at	297103  
302032	[4824]	:	Key	71	DOWN	at	302032  
305468	[3436]	:	Key	71	UP	at	302159  
309295	[3827]	:	Key	71	DOWN	at	309295  
312635	[3340]	:	Key	71	UP	at	309424  
318280	[5645]	:	Key	71	DOWN	at	318280  
321593	[3313]	:	Key	71	UP	at	318400  
327728	[6135]	:	Key	71	DOWN	at	327728  
331035	[3307]	:	Key	71	UP	at	327857  
333833	[2798]	:	Key	71	DOWN	at	333832  
337147	[3314]	:	Key	71	UP	at	333976  
340801	[3654]	:	Key	71	DOWN	at	340800  
344109	[3308]	:	Key	71	UP	at	340943  
347144	[3035]	:	Key	71	DOWN	at	347144  
350455	[3311]	:	Key	71	UP	at	347288  
352119	[1664]	:	Key	71	DOWN	at	352119  
355430	[3311]	:	Key	71	UP	at	352264  
357240	[1810]	:	Key	71	DOWN	at	357240  
360547	[3307]	:	Key	71	UP	at	357383  
362303	[1756]	:	Key	71	DOWN	at	362303  
365614	[3311]	:	Key	71	UP	at	362457  
368114	[2500]	:	Key	71	DOWN	at	368113  
371412	[3298]	:	Key	71	UP	at	368263  
374081	[2669]	:	Key	71	DOWN	at	374081  
377392	[3311]	:	Key	71	UP	at	374224  
378865	[1473]	:	Key	71	DOWN	at	378864  
382179	[3314]	:	Key	71	UP	at	379024  
385143	[2964]	:	Key	71	DOWN	at	385143  
388453	[3310]	:	Key	71	UP	at	385288  
389752	[1299]	:	Key	71	DOWN	at	389752  
393061	[3309]	:	Key	71	UP	at	389936  
393976	[915]	:	Key	71	DOWN	at	393976  
397290	[3314]	:	Key	71	UP	at	394112  
398050	[760]	:	Key	71	DOWN	at	398049  
401359	[3309]	:	Key	71	UP	at	398192  
402961	[1602]	:	Key	71	DOWN	at	402960  
406274	[3313]	:	Key	71	UP	at	403064  
407209	[935]	:	Key	71	DOWN	at	407208  
410523	[3314]	:	Key	71	UP	at	407368  
412649	[2126]	:	Key	71	DOWN	at	412648  
415956	[3307]	:	Key	71	UP	at	412799  
416857	[901]	:	Key	71	DOWN	at	416856  
420170	[3313]	:	Key	71	UP	at	417049  
422689	[2519]	:	Key	71	DOWN	at	422689  
425995	[3306]	:	Key	71	UP	at	422856  
428737	[2742]	:	Key	71	DOWN	at	428736  
432045	[3308]	:	Key	71	UP	at	428873  
433592	[1547]	:	Key	71	DOWN	at	433592  
436901	[3309]	:	Key	71	UP	at	433720  
437920	[1019]	:	Key	71	DOWN	at	437920  
441233	[3313]	:	Key	71	UP	at	438088  
442586	[1353]	:	Key	71	DOWN	at	442585  
445893	[3307]	:	Key	71	UP	at	442728  
447297	[1404]	:	Key	71	DOWN	at	447296  
450606	[3309]	:	Key	71	UP	at	447457  
451671	[1065]	:	Key	71	DOWN	at	451671  
454985	[3314]	:	Key	71	UP	at	451888  
457610	[2625]	:	Key	71	DOWN	at	457609  
460920	[3310]	:	Key	71	UP	at	457784  
462264	[1344]	:	Key	71	DOWN	at	462263  
465574	[3310]	:	Key	71	UP	at	462416  
467072	[1498]	:	Key	71	DOWN	at	467072  
470380	[3308]	:	Key	71	UP	at	467200  
472192	[1812]	:	Key	71	DOWN	at	472192  
475501	[3309]	:	Key	71	UP	at	472327  
478848	[3347]	:	Key	71	DOWN	at	478848  
482159	[3311]	:	Key	71	UP	at	479064  
483960	[1801]	:	Key	71	DOWN	at	483960  
487268	[3308]	:	Key	71	UP	at	484161  
488993	[1725]	:	Key	71	DOWN	at	488993  
492302	[3309]	:	Key	71	UP	at	489176  
493521	[1219]	:	Key	71	DOWN	at	493520  
496827	[3306]	:	Key	71	UP	at	493697  
500305	[3478]	:	Key	71	DOWN	at	500304  
503614	[3309]	:	Key	71	UP	at	500480  
508984	[5370]	:	Key	71	DOWN	at	508984  
512288	[3304]	:	Key	71	UP	at	509152  
516145	[3857]	:	Key	71	DOWN	at	516145  
519448	[3303]	:	Key	71	UP	at	516328  
521033	[1585]	:	Key	71	DOWN	at	521030  
524341	[3308]	:	Key	71	UP	at	521232  
526288	[1947]	:	Key	71	DOWN	at	526287  
529589	[3301]	:	Key	71	UP	at	526481  
531378	[1789]	:	Key	71	DOWN	at	531377  
534686	[3308]	:	Key	71	UP	at	531559  
536730	[2044]	:	Key	71	DOWN	at	536729  
540041	[3311]	:	Key	71	UP	at	536848  
541792	[1751]	:	Key	71	DOWN	at	541792  
545100	[3308]	:	Key	71	UP	at	541929  
547000	[1900]	:	Key	71	DOWN	at	547000  
550309	[3309]	:	Key	71	UP	at	547169  
552073	[1764]	:	Key	71	DOWN	at	552071  
555380	[3307]	:	Key	71	UP	at	552240  
559599	[4219]	:	Key	71	DOWN	at	559599  
562913	[3314]	:	Key	71	UP	at	559760  
564649	[1736]	:	Key	71	DOWN	at	564649  
568612	[3963]	:	Key	71	UP	at	564817  
600793	[32181]	:	Key	71	DOWN	at	600793  
601846	[1053]	:	Key	71	UP	at	600967  
605592	[3746]	:	Key	66	DOWN	at	605592  
605689	[97]	:	Key	66	UP	at	605688  
608337	[2648]	:	Key	97	DOWN	at	608336  
609461	[1124]	:	Key	97	UP	at	608449  
610841	[1380]	:	Key	98	DOWN	at	610840  
611949	[1108]	:	Key	98	UP	at	610961  
613024	[1075]	:	Key	97	DOWN	at	613023  
614134	[1110]	:	Key	97	UP	at	613112  
617417	[3283]	:	Key	97	DOWN	at	617416  
618526	[1109]	:	Key	97	UP	at	617511  
621074	[2548]	:	Key	97	DOWN	at	621073  
622200	[1126]	:	Key	97	UP	at	621168  
623793	[1593]	:	Key	97	DOWN	at	623792  
624903	[1110]	:	Key	97	UP	at	623903  
628193	[3290]	:	Key	98	DOWN	at	628192  
629312	[1119]	:	Key	98	UP	at	628337  
630560	[1248]	:	Key	97	DOWN	at	630560  
632241	[1681]	:	Key	97	UP	at	630656  
643880	[11639]	:	Key	71	DOWN	at	643880  
644923	[1043]	:	Key	71	UP	at	644089  
647272	[2349]	:	Key	97	DOWN	at	647271  
648390	[1118]	:	Key	97	UP	at	647368  
650097	[1707]	:	Key	97	DOWN	at	650096  
651211	[1114]	:	Key	97	UP	at	650208  
653041	[1830]	:	Key	98	DOWN	at	653040  
654152	[1111]	:	Key	98	UP	at	653208  
655881	[1729]	:	Key	98	DOWN	at	655881  
656988	[1107]	:	Key	98	UP	at	656016  
658776	[1788]	:	Key	97	DOWN	at	658776  
659903	[1127]	:	Key	97	UP	at	658888  
661962	[2059]	:	Key	97	DOWN	at	661961  
663093	[1131]	:	Key	97	UP	at	662064  
667985	[4892]	:	Key	97	DOWN	at	667985  
669104	[1119]	:	Key	97	UP	at	668096  
670849	[1745]	:	Key	97	DOWN	at	670849  
672053	[1204]	:	Key	97	UP	at	670921  
692823	[20770]	:	Key	71	DOWN	at	692823  
693140	[317]	:	Key	71	UP	at	693000  
713874	[20734]	:	Key	71	DOWN	at	713873  
714025	[151]	:	Key	71	UP	at	714024  
716385	[2360]	:	Key	71	DOWN	at	716384  
719696	[3311]	:	Key	71	UP	at	716481  
721841	[2145]	:	Key	71	DOWN	at	721841  
725153	[3312]	:	Key	71	UP	at	721992  
727401	[2248]	:	Key	71	DOWN	at	727401  
730708	[3307]	:	Key	71	UP	at	727551  
733287	[2579]	:	Key	71	DOWN	at	733287  
736593	[3306]	:	Key	71	UP	at	733384  
738866	[2273]	:	Key	71	DOWN	at	738865  
742170	[3304]	:	Key	71	UP	at	739000  
744313	[2143]	:	Key	71	DOWN	at	744312  
747619	[3306]	:	Key	71	UP	at	744456  
750145	[2526]	:	Key	71	DOWN	at	750145  
753457	[3312]	:	Key	71	UP	at	750296  
755041	[1584]	:	Key	71	DOWN	at	755040  
758348	[3307]	:	Key	71	UP	at	755200  
759624	[1276]	:	Key	71	DOWN	at	759624  
762931	[3307]	:	Key	71	UP	at	759768  
764591	[1660]	:	Key	71	DOWN	at	764591  
767900	[3309]	:	Key	71	UP	at	764744  
768680	[780]	:	Key	71	DOWN	at	768680  
771988	[3308]	:	Key	71	UP	at	768792  
773154	[1166]	:	Key	71	DOWN	at	773153  
776463	[3309]	:	Key	71	UP	at	773328  
777399	[936]	:	Key	71	DOWN	at	777399  
780707	[3308]	:	Key	71	UP	at	777585  
781922	[1215]	:	Key	71	DOWN	at	781921  
785236	[3314]	:	Key	71	UP	at	782048  
786690	[1454]	:	Key	71	DOWN	at	786689  
790002	[3312]	:	Key	71	UP	at	786881  
790872	[870]	:	Key	71	DOWN	at	790872  
794784	[3912]	:	Key	71	UP	at	791056  
801919	[7135]	:	Key	71	DOWN	at	801919  
802961	[1042]	:	Key	71	UP	at	802129  
803993	[1032]	:	Key	97	DOWN	at	803993  
805112	[1119]	:	Key	97	UP	at	804041  
805922	[810]	:	Key	98	DOWN	at	805921  
807042	[1120]	:	Key	98	UP	at	806016  
807945	[903]	:	Key	97	DOWN	at	807945  
809069	[1124]	:	Key	97	UP	at	808016  
810210	[1141]	:	Key	97	DOWN	at	810209  
811333	[1123]	:	Key	97	UP	at	810264  
813224	[1891]	:	Key	98	DOWN	at	813224  
814350	[1126]	:	Key	98	UP	at	813288  
815344	[994]	:	Key	97	DOWN	at	815344  
816453	[1109]	:	Key	97	UP	at	815417  
817402	[949]	:	Key	97	DOWN	at	817401  
818509	[1107]	:	Key	97	UP	at	817464  
819793	[1284]	:	Key	97	DOWN	at	819793  
821482	[1689]	:	Key	97	UP	at	819871  
827257	[5775]	:	Key	71	DOWN	at	827257  
828306	[1049]	:	Key	71	UP	at	827440  
829816	[1510]	:	Key	98	DOWN	at	829816  
830947	[1131]	:	Key	98	UP	at	829888  
832345	[1398]	:	Key	98	DOWN	at	832344  
833459	[1114]	:	Key	98	UP	at	832464  
835226	[1767]	:	Key	97	DOWN	at	835225  
836342	[1116]	:	Key	97	UP	at	835313  
838440	[2098]	:	Key	98	DOWN	at	838440  
839564	[1124]	:	Key	98	UP	at	838537  
840744	[1180]	:	Key	98	DOWN	at	840744  
841867	[1123]	:	Key	98	UP	at	840816  
842945	[1078]	:	Key	97	DOWN	at	842944  
844054	[1109]	:	Key	97	UP	at	843016  
845625	[1571]	:	Key	98	DOWN	at	845624  
846734	[1109]	:	Key	98	UP	at	845719  
849369	[2635]	:	Key	98	DOWN	at	849369  
850554	[1185]	:	Key	98	UP	at	849473  
854736	[4182]	:	Key	71	DOWN	at	854736  
855066	[330]	:	Key	71	UP	at	854905  
883001	[27935]	:	Key	97	DOWN	at	882999  
883096	[95]	:	Key	97	UP	at	883096  
929832	[46736]	:	Key	97	DOWN	at	929832  
929931	[99]	:	Key	97	UP	at	929928  
951240	[21309]	:	Key	98	DOWN	at	951240  
951319	[79]	:	Key	98	UP	at	951296  
952729	[1410]	:	Key	97	DOWN	at	952728  
952810	[81]	:	Key	97	UP	at	952809  
953193	[383]	:	Key	97	DOWN	at	953192  
953267	[74]	:	Key	97	UP	at	953256  
964729	[11462]	:	Key	97	DOWN	at	964728  
964832	[103]	:	Key	97	UP	at	964832  
983536	[18704]	:	Key	97	DOWN	at	983536  
983634	[98]	:	Key	97	UP	at	983633  
1051528	[67894]	:	Key	97	DOWN	at	1051528 
1051630	[102]	:	Key	97	UP	at	1051608 
1059401	[7771]	:	Key	97	DOWN	at	1059400 
1059488	[87]	:	Key	97	UP	at	1059488 
1074889	[15401]	:	Key	97	DOWN	at	1074889 
1074987	[98]	:	Key	97	UP	at	1074986 
1094377	[19390]	:	Key	97	DOWN	at	1094377 
1094469	[92]	:	Key	97	UP	at	1094432 
1096824	[2355]	:	Key	98	DOWN	at	1096824 
1096913	[89]	:	Key	98	UP	at	1096913 
1110441	[13528]	:	Key	97	DOWN	at	1110440 
1110530	[89]	:	Key	97	UP	at	1110529 
1122249	[11719]	:	Key	97	DOWN	at	1122248 
1122361	[112]	:	Key	97	UP	at	1122360 
1138121	[15760]	:	Key	97	DOWN	at	1138121 
1138226	[105]	:	Key	97	UP	at	1138225 
1159866	[21640]	:	Key	97	DOWN	at	1159865 
1159962	[96]	:	Key	97	UP	at	1159961 
1180201	[20239]	:	Key	97	DOWN	at	1180200 
1180281	[80]	:	Key	97	UP	at	1180281 
1190745	[10464]	:	Key	97	DOWN	at	1190745 
1190824	[79]	:	Key	97	UP	at	1190769 
1212176	[21352]	:	Key	97	DOWN	at	1212176 
1212290	[114]	:	Key	97	UP	at	1212289 
1252217	[39927]	:	Key	97	DOWN	at	1252217 
1252313	[96]	:	Key	97	UP	at	1252289 
1269505	[17192]	:	Key	97	DOWN	at	1269505 
1269599	[94]	:	Key	97	UP	at	1269552 
1284897	[15298]	:	Key	97	DOWN	at	1284897 
1284993	[96]	:	Key	97	UP	at	1284992 
1299289	[14296]	:	Key	97	DOWN	at	1299288 
1299363	[74]	:	Key	97	UP	at	1299361 
1359282	[59919]	:	Key	98	DOWN	at	1359281 
1359417	[135]	:	Key	98	UP	at	1359417 
1359832	[415]	:	Key	97	DOWN	at	1359832 
1359919	[87]	:	Key	97	UP	at	1359896 
1360082	[163]	:	Key	97	DOWN	at	1360081 
1361082	[1000]	:	Key	97	UP	at	1360169 
1380209	[19127]	:	Key	71	DOWN	at	1380209 
1380508	[299]	:	Key	71	UP	at	1380353 
1382561	[2053]	:	Key	71	DOWN	at	1382561 
1486467	[103906]	:	Key	71	DOWN	at	1486466 
1486563	[96]	:	Key	71	UP	at	1486545 
1488538	[1975]	:	Key	71	DOWN	at	1488537 
2089257	[600719]	:	Key	97	DOWN	at	2089257 
2090257	[1000]	:	Key	97	UP	at	2089338 
2092347	[2090]	:	Key	71	DOWN	at	2092346 
2715907	[623560]	:	Key	97	DOWN	at	2715907 
2716908	[1001]	:	Key	97	UP	at	2715963 
2719306	[2398]	:	Key	71	DOWN	at	2719306 
3284626	[565320]	:	Key	97	DOWN	at	3284626 
3285626	[1000]	:	Key	97	UP	at	3284739 
3287355	[1729]	:	Key	71	DOWN	at	3287355 
3860605	[573250]	:	Key	97	DOWN	at	3860604 
3861604	[999]	:	Key	97	UP	at	3860717 
3865108	[3504]	:	Key	71	DOWN	at	3865107 
5217318	[1352210]	:	Key	71	DOWN	at	5217318 
5217367	[49]	:	COGENT STOP
