Cog2000 log file Fri Jan 08 23:44:52 2021
gprim v1.33 Compiled:Aug 12 2015 (GLib DirectDraw v7 DX12.0 Compiled:Aug 12 2015)
Display:1024x768x32 59.99Hz
Attaching C:\Sahar Rajabi\Final MBMF+Drug Task\Cogent2000v1.33\Toolbox\CogInput.mexw64
CogInput v1.05 Compiled: May 20 2010
2	[2]	:	COGENT START
154860	[154858]	:	Key	97	DOWN	at	154859  
154956	[96]	:	Key	97	UP	at	154955  
156018	[1062]	:	Key	97	DOWN	at	156018  
156124	[106]	:	Key	97	UP	at	156123  
158523	[2399]	:	Key	98	DOWN	at	158523  
158642	[119]	:	Key	98	UP	at	158642  
170586	[11944]	:	Key	97	DOWN	at	170586  
170662	[76]	:	Key	97	UP	at	170658  
220884	[50222]	:	Key	97	DOWN	at	220883  
221884	[1000]	:	Key	97	UP	at	220955  
234852	[12968]	:	Key	71	DOWN	at	234851  
234987	[135]	:	Key	71	UP	at	234987  
238324	[3337]	:	Key	71	DOWN	at	238323  
241720	[3396]	:	Key	71	UP	at	238474  
246699	[4979]	:	Key	71	DOWN	at	246699  
250026	[3327]	:	Key	71	UP	at	246867  
253515	[3489]	:	Key	71	DOWN	at	253514  
256838	[3323]	:	Key	71	UP	at	253683  
258485	[1647]	:	Key	71	DOWN	at	258483  
261791	[3306]	:	Key	71	UP	at	258634  
263979	[2188]	:	Key	71	DOWN	at	263979  
267288	[3309]	:	Key	71	UP	at	264138  
269402	[2114]	:	Key	71	DOWN	at	269402  
272710	[3308]	:	Key	71	UP	at	269555  
274947	[2237]	:	Key	71	DOWN	at	274947  
278255	[3308]	:	Key	71	UP	at	275140  
280978	[2723]	:	Key	71	DOWN	at	280978  
284289	[3311]	:	Key	71	UP	at	281091  
286868	[2579]	:	Key	71	DOWN	at	286867  
290174	[3306]	:	Key	71	UP	at	287026  
293370	[3196]	:	Key	71	DOWN	at	293370  
296676	[3306]	:	Key	71	UP	at	293547  
298900	[2224]	:	Key	71	DOWN	at	298899  
302208	[3308]	:	Key	71	UP	at	299059  
303387	[1179]	:	Key	71	DOWN	at	303386  
306693	[3306]	:	Key	71	UP	at	303595  
309291	[2598]	:	Key	71	DOWN	at	309290  
312599	[3308]	:	Key	71	UP	at	309483  
333388	[20789]	:	Key	71	DOWN	at	333387  
336700	[3312]	:	Key	71	UP	at	333523  
349482	[12782]	:	Key	71	DOWN	at	349482  
352789	[3307]	:	Key	71	UP	at	349652  
355691	[2902]	:	Key	71	DOWN	at	355691  
359002	[3311]	:	Key	71	UP	at	355842  
371083	[12081]	:	Key	71	DOWN	at	371083  
374391	[3308]	:	Key	71	UP	at	371203  
379083	[4692]	:	Key	71	DOWN	at	379083  
382387	[3304]	:	Key	71	UP	at	379211  
387339	[4952]	:	Key	71	DOWN	at	387339  
390647	[3308]	:	Key	71	UP	at	387442  
405579	[14932]	:	Key	71	DOWN	at	405578  
408886	[3307]	:	Key	71	UP	at	405722  
463227	[54341]	:	Key	71	DOWN	at	463227  
466534	[3307]	:	Key	71	UP	at	463426  
467691	[1157]	:	Key	71	DOWN	at	467689  
471000	[3309]	:	Key	71	UP	at	467875  
472939	[1939]	:	Key	71	DOWN	at	472939  
476249	[3310]	:	Key	71	UP	at	473083  
480482	[4233]	:	Key	71	DOWN	at	480482  
483790	[3308]	:	Key	71	UP	at	480594  
486171	[2381]	:	Key	71	DOWN	at	486170  
489478	[3307]	:	Key	71	UP	at	486259  
492034	[2556]	:	Key	71	DOWN	at	492034  
495344	[3310]	:	Key	71	UP	at	492115  
499146	[3802]	:	Key	71	DOWN	at	499146  
502454	[3308]	:	Key	71	UP	at	499250  
509635	[7181]	:	Key	71	DOWN	at	509635  
512942	[3307]	:	Key	71	UP	at	509739  
515075	[2133]	:	Key	71	DOWN	at	515073  
518381	[3306]	:	Key	71	UP	at	515227  
522530	[4149]	:	Key	71	DOWN	at	522530  
525837	[3307]	:	Key	71	UP	at	522595  
528905	[3068]	:	Key	71	DOWN	at	528905  
532215	[3310]	:	Key	71	UP	at	528954  
548258	[16043]	:	Key	71	DOWN	at	548258  
551565	[3307]	:	Key	71	UP	at	548371  
556531	[4966]	:	Key	71	DOWN	at	556530  
559840	[3309]	:	Key	71	UP	at	556651  
561132	[1292]	:	Key	71	DOWN	at	561131  
564438	[3306]	:	Key	71	UP	at	561282  
567042	[2604]	:	Key	71	DOWN	at	567042  
570353	[3311]	:	Key	71	UP	at	567179  
572611	[2258]	:	Key	71	DOWN	at	572611  
575923	[3312]	:	Key	71	UP	at	572715  
576836	[913]	:	Key	71	DOWN	at	576835  
580144	[3308]	:	Key	71	UP	at	577034  
581779	[1635]	:	Key	71	DOWN	at	581778  
585091	[3312]	:	Key	71	UP	at	581955  
588988	[3897]	:	Key	71	DOWN	at	588987  
592301	[3313]	:	Key	71	UP	at	589074  
646889	[54588]	:	Key	71	DOWN	at	646889  
650199	[3310]	:	Key	71	UP	at	646970  
710923	[60724]	:	Key	71	DOWN	at	710923  
714234	[3311]	:	Key	71	UP	at	710986  
715298	[1064]	:	Key	71	DOWN	at	715298  
718606	[3308]	:	Key	71	UP	at	715362  
720587	[1981]	:	Key	71	DOWN	at	720586  
723895	[3308]	:	Key	71	UP	at	720649  
725235	[1340]	:	Key	71	DOWN	at	725234  
728542	[3307]	:	Key	71	UP	at	725314  
730579	[2037]	:	Key	71	DOWN	at	730578  
733888	[3309]	:	Key	71	UP	at	730682  
734673	[785]	:	Key	71	DOWN	at	734673  
737981	[3308]	:	Key	71	UP	at	734794  
740266	[2285]	:	Key	71	DOWN	at	740266  
743573	[3307]	:	Key	71	UP	at	740315  
744867	[1294]	:	Key	71	DOWN	at	744867  
748812	[3945]	:	Key	71	UP	at	744922  
766498	[17686]	:	Key	71	DOWN	at	766498  
767546	[1048]	:	Key	71	UP	at	766658  
768555	[1009]	:	Key	98	DOWN	at	768555  
769667	[1112]	:	Key	98	UP	at	768627  
770723	[1056]	:	Key	97	DOWN	at	770722  
771835	[1112]	:	Key	97	UP	at	770802  
772515	[680]	:	Key	97	DOWN	at	772514  
773628	[1113]	:	Key	97	UP	at	772578  
774828	[1200]	:	Key	97	DOWN	at	774827  
775937	[1109]	:	Key	97	UP	at	774906  
777051	[1114]	:	Key	97	DOWN	at	777050  
778158	[1107]	:	Key	97	UP	at	777107  
779378	[1220]	:	Key	97	DOWN	at	779378  
780492	[1114]	:	Key	97	UP	at	779450  
781274	[782]	:	Key	97	DOWN	at	781274  
782385	[1111]	:	Key	97	UP	at	781347  
783483	[1098]	:	Key	97	DOWN	at	783482  
785142	[1659]	:	Key	97	UP	at	783563  
792555	[7413]	:	Key	71	DOWN	at	792555  
793607	[1052]	:	Key	71	UP	at	792675  
794747	[1140]	:	Key	97	DOWN	at	794746  
795856	[1109]	:	Key	97	UP	at	794827  
797066	[1210]	:	Key	98	DOWN	at	797066  
798175	[1109]	:	Key	98	UP	at	797161  
799546	[1371]	:	Key	98	DOWN	at	799546  
800661	[1115]	:	Key	98	UP	at	799626  
803195	[2534]	:	Key	98	DOWN	at	803194  
804316	[1121]	:	Key	98	UP	at	803289  
805668	[1352]	:	Key	97	DOWN	at	805667  
806776	[1108]	:	Key	97	UP	at	805737  
807963	[1187]	:	Key	97	DOWN	at	807961  
809070	[1107]	:	Key	97	UP	at	808050  
809922	[852]	:	Key	97	DOWN	at	809921  
811033	[1111]	:	Key	97	UP	at	810026  
812347	[1314]	:	Key	98	DOWN	at	812347  
813519	[1172]	:	Key	98	UP	at	812442  
826018	[12499]	:	Key	71	DOWN	at	826018  
826340	[322]	:	Key	71	UP	at	826138  
827978	[1638]	:	Key	71	DOWN	at	827977  
828226	[248]	:	Key	71	UP	at	828226  
832787	[4561]	:	Key	71	DOWN	at	832786  
836096	[3309]	:	Key	71	UP	at	832890  
862347	[26251]	:	Key	71	DOWN	at	862346  
865654	[3307]	:	Key	71	UP	at	862378  
866986	[1332]	:	Key	71	DOWN	at	866986  
870296	[3310]	:	Key	71	UP	at	867146  
871730	[1434]	:	Key	71	DOWN	at	871730  
875040	[3310]	:	Key	71	UP	at	871874  
878025	[2985]	:	Key	71	DOWN	at	878025  
881334	[3309]	:	Key	71	UP	at	878194  
882314	[980]	:	Key	71	DOWN	at	882314  
885621	[3307]	:	Key	71	UP	at	882473  
888082	[2461]	:	Key	71	DOWN	at	888082  
891389	[3307]	:	Key	71	UP	at	888226  
893883	[2494]	:	Key	71	DOWN	at	893883  
897193	[3310]	:	Key	71	UP	at	894058  
899883	[2690]	:	Key	71	DOWN	at	899882  
903190	[3307]	:	Key	71	UP	at	900074  
904481	[1291]	:	Key	71	DOWN	at	904481  
907788	[3307]	:	Key	71	UP	at	904594  
909818	[2030]	:	Key	71	DOWN	at	909818  
913129	[3311]	:	Key	71	UP	at	909978  
916187	[3058]	:	Key	71	DOWN	at	916186  
919492	[3305]	:	Key	71	UP	at	916330  
920996	[1504]	:	Key	71	DOWN	at	920995  
924300	[3304]	:	Key	71	UP	at	921161  
925345	[1045]	:	Key	71	DOWN	at	925345  
928657	[3312]	:	Key	71	UP	at	925570  
930106	[1449]	:	Key	71	DOWN	at	930106  
933413	[3307]	:	Key	71	UP	at	930274  
935970	[2557]	:	Key	71	DOWN	at	935970  
939876	[3906]	:	Key	71	UP	at	936114  
942066	[2190]	:	Key	71	DOWN	at	942066  
943106	[1040]	:	Key	71	UP	at	942194  
944386	[1280]	:	Key	98	DOWN	at	944385  
945504	[1118]	:	Key	98	UP	at	944458  
946297	[793]	:	Key	97	DOWN	at	946297  
947403	[1106]	:	Key	97	UP	at	946361  
948331	[928]	:	Key	98	DOWN	at	948330  
949457	[1126]	:	Key	98	UP	at	948386  
950242	[785]	:	Key	97	DOWN	at	950242  
951347	[1105]	:	Key	97	UP	at	950315  
952379	[1032]	:	Key	97	DOWN	at	952378  
953488	[1109]	:	Key	97	UP	at	952434  
954371	[883]	:	Key	97	DOWN	at	954371  
955490	[1119]	:	Key	97	UP	at	954434  
956674	[1184]	:	Key	97	DOWN	at	956674  
957791	[1117]	:	Key	97	UP	at	956730  
958578	[787]	:	Key	97	DOWN	at	958578  
960230	[1652]	:	Key	97	UP	at	958641  
962811	[2581]	:	Key	71	DOWN	at	962810  
963859	[1048]	:	Key	71	UP	at	963034  
965059	[1200]	:	Key	97	DOWN	at	965058  
966168	[1109]	:	Key	97	UP	at	965106  
967060	[892]	:	Key	98	DOWN	at	967059  
968173	[1113]	:	Key	98	UP	at	967130  
969387	[1214]	:	Key	98	DOWN	at	969386  
970496	[1109]	:	Key	98	UP	at	969465  
971594	[1098]	:	Key	98	DOWN	at	971594  
972712	[1118]	:	Key	98	UP	at	971665  
973706	[994]	:	Key	98	DOWN	at	973706  
974820	[1114]	:	Key	98	UP	at	973793  
975898	[1078]	:	Key	98	DOWN	at	975898  
977027	[1129]	:	Key	98	UP	at	975986  
978259	[1232]	:	Key	98	DOWN	at	978258  
979366	[1107]	:	Key	98	UP	at	978322  
980602	[1236]	:	Key	98	DOWN	at	980602  
981764	[1162]	:	Key	98	UP	at	980689  
985618	[3854]	:	Key	71	DOWN	at	985618  
985940	[322]	:	Key	71	UP	at	985666  
988307	[2367]	:	Key	71	DOWN	at	988307  
988497	[190]	:	Key	71	UP	at	988497  
991955	[3458]	:	Key	97	DOWN	at	991954  
992037	[82]	:	Key	97	UP	at	992025  
1002913	[10876]	:	Key	97	DOWN	at	1002913 
1003082	[169]	:	Key	97	UP	at	1003082 
1016786	[13704]	:	Key	97	DOWN	at	1016786 
1016871	[85]	:	Key	97	UP	at	1016826 
1031499	[14628]	:	Key	97	DOWN	at	1031498 
1031570	[71]	:	Key	97	UP	at	1031561 
1054985	[23415]	:	Key	97	DOWN	at	1054985 
1055081	[96]	:	Key	97	UP	at	1055081 
1074674	[19593]	:	Key	97	DOWN	at	1074674 
1074810	[136]	:	Key	97	UP	at	1074809 
1082305	[7495]	:	Key	97	DOWN	at	1082305 
1082466	[161]	:	Key	97	UP	at	1082466 
1098017	[15551]	:	Key	97	DOWN	at	1098017 
1098098	[81]	:	Key	97	UP	at	1098097 
1113355	[15257]	:	Key	97	DOWN	at	1113354 
1113499	[144]	:	Key	97	UP	at	1113498 
1125810	[12311]	:	Key	97	DOWN	at	1125810 
1125886	[76]	:	Key	97	UP	at	1125882 
1165955	[40069]	:	Key	97	DOWN	at	1165954 
1166051	[96]	:	Key	97	UP	at	1166050 
1177321	[11270]	:	Key	97	DOWN	at	1177321 
1177418	[97]	:	Key	97	UP	at	1177417 
1209515	[32097]	:	Key	97	DOWN	at	1209514 
1209643	[128]	:	Key	97	UP	at	1209642 
1216786	[7143]	:	Key	97	DOWN	at	1216785 
1216874	[88]	:	Key	97	UP	at	1216873 
1230986	[14112]	:	Key	97	DOWN	at	1230985 
1231074	[88]	:	Key	97	UP	at	1231074 
1256946	[25872]	:	Key	97	DOWN	at	1256945 
1257033	[87]	:	Key	97	UP	at	1257033 
1270474	[13441]	:	Key	97	DOWN	at	1270474 
1270587	[113]	:	Key	97	UP	at	1270586 
1278787	[8200]	:	Key	97	DOWN	at	1278786 
1278859	[72]	:	Key	97	UP	at	1278834 
1296475	[17616]	:	Key	97	DOWN	at	1296474 
1296552	[77]	:	Key	97	UP	at	1296528 
1325242	[28690]	:	Key	97	DOWN	at	1325242 
1326243	[1001]	:	Key	97	UP	at	1325370 
1326538	[295]	:	Key	71	DOWN	at	1326537 
1326798	[260]	:	Key	71	UP	at	1326625 
1328618	[1820]	:	Key	98	DOWN	at	1328617 
1328747	[129]	:	Key	98	UP	at	1328746 
1330146	[1399]	:	Key	71	DOWN	at	1330146 
1425658	[95512]	:	Key	71	DOWN	at	1425658 
1425750	[92]	:	Key	71	UP	at	1425745 
1434953	[9203]	:	Key	71	DOWN	at	1434953 
1978945	[543992]	:	Key	97	DOWN	at	1978944 
1979945	[1000]	:	Key	97	UP	at	1979025 
1982441	[2496]	:	Key	71	DOWN	at	1982440 
2550177	[567736]	:	Key	97	DOWN	at	2550176 
2551177	[1000]	:	Key	97	UP	at	2550248 
2556481	[5304]	:	Key	71	DOWN	at	2556481 
3074216	[517735]	:	Key	97	DOWN	at	3074216 
3075216	[1000]	:	Key	97	UP	at	3074368 
3078529	[3313]	:	Key	71	DOWN	at	3078528 
3599720	[521191]	:	Key	97	DOWN	at	3599719 
3600721	[1001]	:	Key	97	UP	at	3599815 
3602712	[1991]	:	Key	71	DOWN	at	3602711 
4692814	[1090102]	:	Key	71	DOWN	at	4692814 
4692857	[43]	:	COGENT STOP
